[2024-09-18T20:42:20.437+0000] {processor.py:153} INFO - Started process (PID=298) to work on /home/airflow/.local/lib/python3.7/site-packages/airflow/example_dags/example_task_group_decorator.py
[2024-09-18T20:42:20.438+0000] {processor.py:640} INFO - Processing file /home/airflow/.local/lib/python3.7/site-packages/airflow/example_dags/example_task_group_decorator.py for tasks to queue
[2024-09-18T20:42:20.438+0000] {logging_mixin.py:115} INFO - [2024-09-18T20:42:20.438+0000] {dagbag.py:508} INFO - Filling up the DagBag from /home/airflow/.local/lib/python3.7/site-packages/airflow/example_dags/example_task_group_decorator.py
[2024-09-18T20:42:20.449+0000] {processor.py:650} INFO - DAG(s) dict_keys(['example_task_group_decorator']) retrieved from /home/airflow/.local/lib/python3.7/site-packages/airflow/example_dags/example_task_group_decorator.py
[2024-09-18T20:42:20.489+0000] {logging_mixin.py:115} INFO - [2024-09-18T20:42:20.489+0000] {manager.py:508} INFO - Created Permission View: can edit on DAG:example_task_group_decorator
[2024-09-18T20:42:20.499+0000] {logging_mixin.py:115} INFO - [2024-09-18T20:42:20.499+0000] {manager.py:508} INFO - Created Permission View: can read on DAG:example_task_group_decorator
[2024-09-18T20:42:20.502+0000] {logging_mixin.py:115} INFO - [2024-09-18T20:42:20.502+0000] {manager.py:508} INFO - Created Permission View: can delete on DAG:example_task_group_decorator
[2024-09-18T20:42:20.503+0000] {logging_mixin.py:115} INFO - [2024-09-18T20:42:20.503+0000] {dag.py:2429} INFO - Sync 1 DAGs
[2024-09-18T20:42:20.507+0000] {logging_mixin.py:115} INFO - [2024-09-18T20:42:20.507+0000] {dag.py:2448} INFO - Creating ORM DAG for example_task_group_decorator
[2024-09-18T20:42:20.512+0000] {logging_mixin.py:115} INFO - [2024-09-18T20:42:20.512+0000] {dag.py:2981} INFO - Setting next_dagrun for example_task_group_decorator to 2024-09-17T20:42:20.512115+00:00, run_after=2024-09-18T20:42:20.512115+00:00
[2024-09-18T20:42:20.522+0000] {processor.py:161} INFO - Processing /home/airflow/.local/lib/python3.7/site-packages/airflow/example_dags/example_task_group_decorator.py took 0.086 seconds
[2024-09-18T20:42:50.803+0000] {processor.py:153} INFO - Started process (PID=494) to work on /home/airflow/.local/lib/python3.7/site-packages/airflow/example_dags/example_task_group_decorator.py
[2024-09-18T20:42:50.804+0000] {processor.py:640} INFO - Processing file /home/airflow/.local/lib/python3.7/site-packages/airflow/example_dags/example_task_group_decorator.py for tasks to queue
[2024-09-18T20:42:50.805+0000] {logging_mixin.py:115} INFO - [2024-09-18T20:42:50.805+0000] {dagbag.py:508} INFO - Filling up the DagBag from /home/airflow/.local/lib/python3.7/site-packages/airflow/example_dags/example_task_group_decorator.py
[2024-09-18T20:42:50.817+0000] {processor.py:650} INFO - DAG(s) dict_keys(['example_task_group_decorator']) retrieved from /home/airflow/.local/lib/python3.7/site-packages/airflow/example_dags/example_task_group_decorator.py
[2024-09-18T20:42:50.848+0000] {logging_mixin.py:115} INFO - [2024-09-18T20:42:50.848+0000] {dag.py:2429} INFO - Sync 1 DAGs
[2024-09-18T20:42:50.855+0000] {logging_mixin.py:115} INFO - [2024-09-18T20:42:50.855+0000] {dag.py:2981} INFO - Setting next_dagrun for example_task_group_decorator to 2024-09-17T20:42:50.855827+00:00, run_after=2024-09-18T20:42:50.855827+00:00
[2024-09-18T20:42:50.861+0000] {processor.py:161} INFO - Processing /home/airflow/.local/lib/python3.7/site-packages/airflow/example_dags/example_task_group_decorator.py took 0.059 seconds
[2024-09-18T20:43:20.983+0000] {processor.py:153} INFO - Started process (PID=691) to work on /home/airflow/.local/lib/python3.7/site-packages/airflow/example_dags/example_task_group_decorator.py
[2024-09-18T20:43:20.986+0000] {processor.py:640} INFO - Processing file /home/airflow/.local/lib/python3.7/site-packages/airflow/example_dags/example_task_group_decorator.py for tasks to queue
[2024-09-18T20:43:20.986+0000] {logging_mixin.py:115} INFO - [2024-09-18T20:43:20.986+0000] {dagbag.py:508} INFO - Filling up the DagBag from /home/airflow/.local/lib/python3.7/site-packages/airflow/example_dags/example_task_group_decorator.py
[2024-09-18T20:43:20.997+0000] {processor.py:650} INFO - DAG(s) dict_keys(['example_task_group_decorator']) retrieved from /home/airflow/.local/lib/python3.7/site-packages/airflow/example_dags/example_task_group_decorator.py
[2024-09-18T20:43:21.031+0000] {logging_mixin.py:115} INFO - [2024-09-18T20:43:21.031+0000] {dag.py:2429} INFO - Sync 1 DAGs
[2024-09-18T20:43:21.038+0000] {logging_mixin.py:115} INFO - [2024-09-18T20:43:21.038+0000] {dag.py:2981} INFO - Setting next_dagrun for example_task_group_decorator to 2024-09-17T20:43:21.038515+00:00, run_after=2024-09-18T20:43:21.038515+00:00
[2024-09-18T20:43:21.045+0000] {processor.py:161} INFO - Processing /home/airflow/.local/lib/python3.7/site-packages/airflow/example_dags/example_task_group_decorator.py took 0.063 seconds
[2024-09-18T20:43:51.263+0000] {processor.py:153} INFO - Started process (PID=883) to work on /home/airflow/.local/lib/python3.7/site-packages/airflow/example_dags/example_task_group_decorator.py
[2024-09-18T20:43:51.263+0000] {processor.py:640} INFO - Processing file /home/airflow/.local/lib/python3.7/site-packages/airflow/example_dags/example_task_group_decorator.py for tasks to queue
[2024-09-18T20:43:51.263+0000] {logging_mixin.py:115} INFO - [2024-09-18T20:43:51.263+0000] {dagbag.py:508} INFO - Filling up the DagBag from /home/airflow/.local/lib/python3.7/site-packages/airflow/example_dags/example_task_group_decorator.py
[2024-09-18T20:43:51.274+0000] {processor.py:650} INFO - DAG(s) dict_keys(['example_task_group_decorator']) retrieved from /home/airflow/.local/lib/python3.7/site-packages/airflow/example_dags/example_task_group_decorator.py
[2024-09-18T20:43:51.305+0000] {logging_mixin.py:115} INFO - [2024-09-18T20:43:51.305+0000] {dag.py:2429} INFO - Sync 1 DAGs
[2024-09-18T20:43:51.315+0000] {logging_mixin.py:115} INFO - [2024-09-18T20:43:51.315+0000] {dag.py:2981} INFO - Setting next_dagrun for example_task_group_decorator to 2024-09-17T20:43:51.315450+00:00, run_after=2024-09-18T20:43:51.315450+00:00
[2024-09-18T20:43:51.320+0000] {processor.py:161} INFO - Processing /home/airflow/.local/lib/python3.7/site-packages/airflow/example_dags/example_task_group_decorator.py took 0.059 seconds
[2024-09-18T20:44:21.447+0000] {processor.py:153} INFO - Started process (PID=1089) to work on /home/airflow/.local/lib/python3.7/site-packages/airflow/example_dags/example_task_group_decorator.py
[2024-09-18T20:44:21.448+0000] {processor.py:640} INFO - Processing file /home/airflow/.local/lib/python3.7/site-packages/airflow/example_dags/example_task_group_decorator.py for tasks to queue
[2024-09-18T20:44:21.449+0000] {logging_mixin.py:115} INFO - [2024-09-18T20:44:21.449+0000] {dagbag.py:508} INFO - Filling up the DagBag from /home/airflow/.local/lib/python3.7/site-packages/airflow/example_dags/example_task_group_decorator.py
[2024-09-18T20:44:21.461+0000] {processor.py:650} INFO - DAG(s) dict_keys(['example_task_group_decorator']) retrieved from /home/airflow/.local/lib/python3.7/site-packages/airflow/example_dags/example_task_group_decorator.py
[2024-09-18T20:44:21.492+0000] {logging_mixin.py:115} INFO - [2024-09-18T20:44:21.492+0000] {dag.py:2429} INFO - Sync 1 DAGs
[2024-09-18T20:44:21.500+0000] {logging_mixin.py:115} INFO - [2024-09-18T20:44:21.500+0000] {dag.py:2981} INFO - Setting next_dagrun for example_task_group_decorator to 2024-09-17T20:44:21.500206+00:00, run_after=2024-09-18T20:44:21.500206+00:00
[2024-09-18T20:44:21.505+0000] {processor.py:161} INFO - Processing /home/airflow/.local/lib/python3.7/site-packages/airflow/example_dags/example_task_group_decorator.py took 0.060 seconds
[2024-09-18T20:44:51.617+0000] {processor.py:153} INFO - Started process (PID=1286) to work on /home/airflow/.local/lib/python3.7/site-packages/airflow/example_dags/example_task_group_decorator.py
[2024-09-18T20:44:51.618+0000] {processor.py:640} INFO - Processing file /home/airflow/.local/lib/python3.7/site-packages/airflow/example_dags/example_task_group_decorator.py for tasks to queue
[2024-09-18T20:44:51.618+0000] {logging_mixin.py:115} INFO - [2024-09-18T20:44:51.618+0000] {dagbag.py:508} INFO - Filling up the DagBag from /home/airflow/.local/lib/python3.7/site-packages/airflow/example_dags/example_task_group_decorator.py
[2024-09-18T20:44:51.628+0000] {processor.py:650} INFO - DAG(s) dict_keys(['example_task_group_decorator']) retrieved from /home/airflow/.local/lib/python3.7/site-packages/airflow/example_dags/example_task_group_decorator.py
[2024-09-18T20:44:51.661+0000] {logging_mixin.py:115} INFO - [2024-09-18T20:44:51.661+0000] {dag.py:2429} INFO - Sync 1 DAGs
[2024-09-18T20:44:51.669+0000] {logging_mixin.py:115} INFO - [2024-09-18T20:44:51.669+0000] {dag.py:2981} INFO - Setting next_dagrun for example_task_group_decorator to 2024-09-17T20:44:51.669481+00:00, run_after=2024-09-18T20:44:51.669481+00:00
[2024-09-18T20:44:51.678+0000] {processor.py:161} INFO - Processing /home/airflow/.local/lib/python3.7/site-packages/airflow/example_dags/example_task_group_decorator.py took 0.062 seconds
[2024-09-18T20:45:21.856+0000] {processor.py:153} INFO - Started process (PID=1488) to work on /home/airflow/.local/lib/python3.7/site-packages/airflow/example_dags/example_task_group_decorator.py
[2024-09-18T20:45:21.857+0000] {processor.py:640} INFO - Processing file /home/airflow/.local/lib/python3.7/site-packages/airflow/example_dags/example_task_group_decorator.py for tasks to queue
[2024-09-18T20:45:21.858+0000] {logging_mixin.py:115} INFO - [2024-09-18T20:45:21.858+0000] {dagbag.py:508} INFO - Filling up the DagBag from /home/airflow/.local/lib/python3.7/site-packages/airflow/example_dags/example_task_group_decorator.py
[2024-09-18T20:45:21.869+0000] {processor.py:650} INFO - DAG(s) dict_keys(['example_task_group_decorator']) retrieved from /home/airflow/.local/lib/python3.7/site-packages/airflow/example_dags/example_task_group_decorator.py
[2024-09-18T20:45:21.911+0000] {logging_mixin.py:115} INFO - [2024-09-18T20:45:21.911+0000] {dag.py:2429} INFO - Sync 1 DAGs
[2024-09-18T20:45:21.918+0000] {logging_mixin.py:115} INFO - [2024-09-18T20:45:21.918+0000] {dag.py:2981} INFO - Setting next_dagrun for example_task_group_decorator to 2024-09-17T20:45:21.918702+00:00, run_after=2024-09-18T20:45:21.918702+00:00
[2024-09-18T20:45:21.931+0000] {processor.py:161} INFO - Processing /home/airflow/.local/lib/python3.7/site-packages/airflow/example_dags/example_task_group_decorator.py took 0.076 seconds
[2024-09-18T20:45:52.064+0000] {processor.py:153} INFO - Started process (PID=1684) to work on /home/airflow/.local/lib/python3.7/site-packages/airflow/example_dags/example_task_group_decorator.py
[2024-09-18T20:45:52.064+0000] {processor.py:640} INFO - Processing file /home/airflow/.local/lib/python3.7/site-packages/airflow/example_dags/example_task_group_decorator.py for tasks to queue
[2024-09-18T20:45:52.064+0000] {logging_mixin.py:115} INFO - [2024-09-18T20:45:52.064+0000] {dagbag.py:508} INFO - Filling up the DagBag from /home/airflow/.local/lib/python3.7/site-packages/airflow/example_dags/example_task_group_decorator.py
[2024-09-18T20:45:52.074+0000] {processor.py:650} INFO - DAG(s) dict_keys(['example_task_group_decorator']) retrieved from /home/airflow/.local/lib/python3.7/site-packages/airflow/example_dags/example_task_group_decorator.py
[2024-09-18T20:45:52.102+0000] {logging_mixin.py:115} INFO - [2024-09-18T20:45:52.102+0000] {dag.py:2429} INFO - Sync 1 DAGs
[2024-09-18T20:45:52.110+0000] {logging_mixin.py:115} INFO - [2024-09-18T20:45:52.110+0000] {dag.py:2981} INFO - Setting next_dagrun for example_task_group_decorator to 2024-09-17T20:45:52.109915+00:00, run_after=2024-09-18T20:45:52.109915+00:00
[2024-09-18T20:45:52.117+0000] {processor.py:161} INFO - Processing /home/airflow/.local/lib/python3.7/site-packages/airflow/example_dags/example_task_group_decorator.py took 0.054 seconds
[2024-09-18T20:46:22.298+0000] {processor.py:153} INFO - Started process (PID=1881) to work on /home/airflow/.local/lib/python3.7/site-packages/airflow/example_dags/example_task_group_decorator.py
[2024-09-18T20:46:22.299+0000] {processor.py:640} INFO - Processing file /home/airflow/.local/lib/python3.7/site-packages/airflow/example_dags/example_task_group_decorator.py for tasks to queue
[2024-09-18T20:46:22.299+0000] {logging_mixin.py:115} INFO - [2024-09-18T20:46:22.299+0000] {dagbag.py:508} INFO - Filling up the DagBag from /home/airflow/.local/lib/python3.7/site-packages/airflow/example_dags/example_task_group_decorator.py
[2024-09-18T20:46:22.309+0000] {processor.py:650} INFO - DAG(s) dict_keys(['example_task_group_decorator']) retrieved from /home/airflow/.local/lib/python3.7/site-packages/airflow/example_dags/example_task_group_decorator.py
[2024-09-18T20:46:22.337+0000] {logging_mixin.py:115} INFO - [2024-09-18T20:46:22.337+0000] {dag.py:2429} INFO - Sync 1 DAGs
[2024-09-18T20:46:22.347+0000] {logging_mixin.py:115} INFO - [2024-09-18T20:46:22.347+0000] {dag.py:2981} INFO - Setting next_dagrun for example_task_group_decorator to 2024-09-17T20:46:22.347020+00:00, run_after=2024-09-18T20:46:22.347020+00:00
[2024-09-18T20:46:22.355+0000] {processor.py:161} INFO - Processing /home/airflow/.local/lib/python3.7/site-packages/airflow/example_dags/example_task_group_decorator.py took 0.058 seconds
[2024-09-18T20:46:52.592+0000] {processor.py:153} INFO - Started process (PID=2078) to work on /home/airflow/.local/lib/python3.7/site-packages/airflow/example_dags/example_task_group_decorator.py
[2024-09-18T20:46:52.592+0000] {processor.py:640} INFO - Processing file /home/airflow/.local/lib/python3.7/site-packages/airflow/example_dags/example_task_group_decorator.py for tasks to queue
[2024-09-18T20:46:52.593+0000] {logging_mixin.py:115} INFO - [2024-09-18T20:46:52.593+0000] {dagbag.py:508} INFO - Filling up the DagBag from /home/airflow/.local/lib/python3.7/site-packages/airflow/example_dags/example_task_group_decorator.py
[2024-09-18T20:46:52.607+0000] {processor.py:650} INFO - DAG(s) dict_keys(['example_task_group_decorator']) retrieved from /home/airflow/.local/lib/python3.7/site-packages/airflow/example_dags/example_task_group_decorator.py
[2024-09-18T20:46:52.648+0000] {logging_mixin.py:115} INFO - [2024-09-18T20:46:52.648+0000] {dag.py:2429} INFO - Sync 1 DAGs
[2024-09-18T20:46:52.658+0000] {logging_mixin.py:115} INFO - [2024-09-18T20:46:52.658+0000] {dag.py:2981} INFO - Setting next_dagrun for example_task_group_decorator to 2024-09-17T20:46:52.658084+00:00, run_after=2024-09-18T20:46:52.658084+00:00
[2024-09-18T20:46:52.665+0000] {processor.py:161} INFO - Processing /home/airflow/.local/lib/python3.7/site-packages/airflow/example_dags/example_task_group_decorator.py took 0.075 seconds
[2024-09-18T20:47:22.766+0000] {processor.py:153} INFO - Started process (PID=2266) to work on /home/airflow/.local/lib/python3.7/site-packages/airflow/example_dags/example_task_group_decorator.py
[2024-09-18T20:47:22.766+0000] {processor.py:640} INFO - Processing file /home/airflow/.local/lib/python3.7/site-packages/airflow/example_dags/example_task_group_decorator.py for tasks to queue
[2024-09-18T20:47:22.767+0000] {logging_mixin.py:115} INFO - [2024-09-18T20:47:22.767+0000] {dagbag.py:508} INFO - Filling up the DagBag from /home/airflow/.local/lib/python3.7/site-packages/airflow/example_dags/example_task_group_decorator.py
[2024-09-18T20:47:22.777+0000] {processor.py:650} INFO - DAG(s) dict_keys(['example_task_group_decorator']) retrieved from /home/airflow/.local/lib/python3.7/site-packages/airflow/example_dags/example_task_group_decorator.py
[2024-09-18T20:47:22.804+0000] {logging_mixin.py:115} INFO - [2024-09-18T20:47:22.804+0000] {dag.py:2429} INFO - Sync 1 DAGs
[2024-09-18T20:47:22.812+0000] {logging_mixin.py:115} INFO - [2024-09-18T20:47:22.812+0000] {dag.py:2981} INFO - Setting next_dagrun for example_task_group_decorator to 2024-09-17T20:47:22.812085+00:00, run_after=2024-09-18T20:47:22.812085+00:00
[2024-09-18T20:47:22.818+0000] {processor.py:161} INFO - Processing /home/airflow/.local/lib/python3.7/site-packages/airflow/example_dags/example_task_group_decorator.py took 0.053 seconds
[2024-09-18T20:47:53.017+0000] {processor.py:153} INFO - Started process (PID=2463) to work on /home/airflow/.local/lib/python3.7/site-packages/airflow/example_dags/example_task_group_decorator.py
[2024-09-18T20:47:53.017+0000] {processor.py:640} INFO - Processing file /home/airflow/.local/lib/python3.7/site-packages/airflow/example_dags/example_task_group_decorator.py for tasks to queue
[2024-09-18T20:47:53.018+0000] {logging_mixin.py:115} INFO - [2024-09-18T20:47:53.018+0000] {dagbag.py:508} INFO - Filling up the DagBag from /home/airflow/.local/lib/python3.7/site-packages/airflow/example_dags/example_task_group_decorator.py
[2024-09-18T20:47:53.029+0000] {processor.py:650} INFO - DAG(s) dict_keys(['example_task_group_decorator']) retrieved from /home/airflow/.local/lib/python3.7/site-packages/airflow/example_dags/example_task_group_decorator.py
[2024-09-18T20:47:53.060+0000] {logging_mixin.py:115} INFO - [2024-09-18T20:47:53.060+0000] {dag.py:2429} INFO - Sync 1 DAGs
[2024-09-18T20:47:53.067+0000] {logging_mixin.py:115} INFO - [2024-09-18T20:47:53.067+0000] {dag.py:2981} INFO - Setting next_dagrun for example_task_group_decorator to 2024-09-17T20:47:53.067604+00:00, run_after=2024-09-18T20:47:53.067604+00:00
[2024-09-18T20:47:53.072+0000] {processor.py:161} INFO - Processing /home/airflow/.local/lib/python3.7/site-packages/airflow/example_dags/example_task_group_decorator.py took 0.057 seconds
[2024-09-18T20:48:23.122+0000] {processor.py:153} INFO - Started process (PID=2655) to work on /home/airflow/.local/lib/python3.7/site-packages/airflow/example_dags/example_task_group_decorator.py
[2024-09-18T20:48:23.123+0000] {processor.py:640} INFO - Processing file /home/airflow/.local/lib/python3.7/site-packages/airflow/example_dags/example_task_group_decorator.py for tasks to queue
[2024-09-18T20:48:23.124+0000] {logging_mixin.py:115} INFO - [2024-09-18T20:48:23.124+0000] {dagbag.py:508} INFO - Filling up the DagBag from /home/airflow/.local/lib/python3.7/site-packages/airflow/example_dags/example_task_group_decorator.py
[2024-09-18T20:48:23.134+0000] {processor.py:650} INFO - DAG(s) dict_keys(['example_task_group_decorator']) retrieved from /home/airflow/.local/lib/python3.7/site-packages/airflow/example_dags/example_task_group_decorator.py
[2024-09-18T20:48:23.170+0000] {logging_mixin.py:115} INFO - [2024-09-18T20:48:23.170+0000] {dag.py:2429} INFO - Sync 1 DAGs
[2024-09-18T20:48:23.179+0000] {logging_mixin.py:115} INFO - [2024-09-18T20:48:23.179+0000] {dag.py:2981} INFO - Setting next_dagrun for example_task_group_decorator to 2024-09-17T20:48:23.178897+00:00, run_after=2024-09-18T20:48:23.178897+00:00
[2024-09-18T20:48:23.186+0000] {processor.py:161} INFO - Processing /home/airflow/.local/lib/python3.7/site-packages/airflow/example_dags/example_task_group_decorator.py took 0.065 seconds
[2024-09-18T20:48:53.290+0000] {processor.py:153} INFO - Started process (PID=2852) to work on /home/airflow/.local/lib/python3.7/site-packages/airflow/example_dags/example_task_group_decorator.py
[2024-09-18T20:48:53.291+0000] {processor.py:640} INFO - Processing file /home/airflow/.local/lib/python3.7/site-packages/airflow/example_dags/example_task_group_decorator.py for tasks to queue
[2024-09-18T20:48:53.292+0000] {logging_mixin.py:115} INFO - [2024-09-18T20:48:53.292+0000] {dagbag.py:508} INFO - Filling up the DagBag from /home/airflow/.local/lib/python3.7/site-packages/airflow/example_dags/example_task_group_decorator.py
[2024-09-18T20:48:53.302+0000] {processor.py:650} INFO - DAG(s) dict_keys(['example_task_group_decorator']) retrieved from /home/airflow/.local/lib/python3.7/site-packages/airflow/example_dags/example_task_group_decorator.py
[2024-09-18T20:48:53.331+0000] {logging_mixin.py:115} INFO - [2024-09-18T20:48:53.331+0000] {dag.py:2429} INFO - Sync 1 DAGs
[2024-09-18T20:48:53.338+0000] {logging_mixin.py:115} INFO - [2024-09-18T20:48:53.338+0000] {dag.py:2981} INFO - Setting next_dagrun for example_task_group_decorator to 2024-09-17T20:48:53.338837+00:00, run_after=2024-09-18T20:48:53.338837+00:00
[2024-09-18T20:48:53.346+0000] {processor.py:161} INFO - Processing /home/airflow/.local/lib/python3.7/site-packages/airflow/example_dags/example_task_group_decorator.py took 0.057 seconds
[2024-09-18T20:49:23.518+0000] {processor.py:153} INFO - Started process (PID=3051) to work on /home/airflow/.local/lib/python3.7/site-packages/airflow/example_dags/example_task_group_decorator.py
[2024-09-18T20:49:23.519+0000] {processor.py:640} INFO - Processing file /home/airflow/.local/lib/python3.7/site-packages/airflow/example_dags/example_task_group_decorator.py for tasks to queue
[2024-09-18T20:49:23.519+0000] {logging_mixin.py:115} INFO - [2024-09-18T20:49:23.519+0000] {dagbag.py:508} INFO - Filling up the DagBag from /home/airflow/.local/lib/python3.7/site-packages/airflow/example_dags/example_task_group_decorator.py
[2024-09-18T20:49:23.529+0000] {processor.py:650} INFO - DAG(s) dict_keys(['example_task_group_decorator']) retrieved from /home/airflow/.local/lib/python3.7/site-packages/airflow/example_dags/example_task_group_decorator.py
[2024-09-18T20:49:23.559+0000] {logging_mixin.py:115} INFO - [2024-09-18T20:49:23.559+0000] {dag.py:2429} INFO - Sync 1 DAGs
[2024-09-18T20:49:23.570+0000] {logging_mixin.py:115} INFO - [2024-09-18T20:49:23.570+0000] {dag.py:2981} INFO - Setting next_dagrun for example_task_group_decorator to 2024-09-17T20:49:23.570485+00:00, run_after=2024-09-18T20:49:23.570485+00:00
[2024-09-18T20:49:23.576+0000] {processor.py:161} INFO - Processing /home/airflow/.local/lib/python3.7/site-packages/airflow/example_dags/example_task_group_decorator.py took 0.059 seconds
[2024-09-18T20:49:53.878+0000] {processor.py:153} INFO - Started process (PID=3251) to work on /home/airflow/.local/lib/python3.7/site-packages/airflow/example_dags/example_task_group_decorator.py
[2024-09-18T20:49:53.878+0000] {processor.py:640} INFO - Processing file /home/airflow/.local/lib/python3.7/site-packages/airflow/example_dags/example_task_group_decorator.py for tasks to queue
[2024-09-18T20:49:53.878+0000] {logging_mixin.py:115} INFO - [2024-09-18T20:49:53.878+0000] {dagbag.py:508} INFO - Filling up the DagBag from /home/airflow/.local/lib/python3.7/site-packages/airflow/example_dags/example_task_group_decorator.py
[2024-09-18T20:49:53.888+0000] {processor.py:650} INFO - DAG(s) dict_keys(['example_task_group_decorator']) retrieved from /home/airflow/.local/lib/python3.7/site-packages/airflow/example_dags/example_task_group_decorator.py
[2024-09-18T20:49:53.916+0000] {logging_mixin.py:115} INFO - [2024-09-18T20:49:53.916+0000] {dag.py:2429} INFO - Sync 1 DAGs
[2024-09-18T20:49:53.923+0000] {logging_mixin.py:115} INFO - [2024-09-18T20:49:53.923+0000] {dag.py:2981} INFO - Setting next_dagrun for example_task_group_decorator to 2024-09-17T20:49:53.923671+00:00, run_after=2024-09-18T20:49:53.923671+00:00
[2024-09-18T20:49:53.929+0000] {processor.py:161} INFO - Processing /home/airflow/.local/lib/python3.7/site-packages/airflow/example_dags/example_task_group_decorator.py took 0.052 seconds
[2024-09-18T20:50:24.045+0000] {processor.py:153} INFO - Started process (PID=3434) to work on /home/airflow/.local/lib/python3.7/site-packages/airflow/example_dags/example_task_group_decorator.py
[2024-09-18T20:50:24.047+0000] {processor.py:640} INFO - Processing file /home/airflow/.local/lib/python3.7/site-packages/airflow/example_dags/example_task_group_decorator.py for tasks to queue
[2024-09-18T20:50:24.048+0000] {logging_mixin.py:115} INFO - [2024-09-18T20:50:24.048+0000] {dagbag.py:508} INFO - Filling up the DagBag from /home/airflow/.local/lib/python3.7/site-packages/airflow/example_dags/example_task_group_decorator.py
[2024-09-18T20:50:24.058+0000] {processor.py:650} INFO - DAG(s) dict_keys(['example_task_group_decorator']) retrieved from /home/airflow/.local/lib/python3.7/site-packages/airflow/example_dags/example_task_group_decorator.py
[2024-09-18T20:50:24.089+0000] {logging_mixin.py:115} INFO - [2024-09-18T20:50:24.088+0000] {dag.py:2429} INFO - Sync 1 DAGs
[2024-09-18T20:50:24.098+0000] {logging_mixin.py:115} INFO - [2024-09-18T20:50:24.098+0000] {dag.py:2981} INFO - Setting next_dagrun for example_task_group_decorator to 2024-09-17T20:50:24.098470+00:00, run_after=2024-09-18T20:50:24.098470+00:00
[2024-09-18T20:50:24.106+0000] {processor.py:161} INFO - Processing /home/airflow/.local/lib/python3.7/site-packages/airflow/example_dags/example_task_group_decorator.py took 0.062 seconds
[2024-09-18T20:50:54.354+0000] {processor.py:153} INFO - Started process (PID=3637) to work on /home/airflow/.local/lib/python3.7/site-packages/airflow/example_dags/example_task_group_decorator.py
[2024-09-18T20:50:54.356+0000] {processor.py:640} INFO - Processing file /home/airflow/.local/lib/python3.7/site-packages/airflow/example_dags/example_task_group_decorator.py for tasks to queue
[2024-09-18T20:50:54.357+0000] {logging_mixin.py:115} INFO - [2024-09-18T20:50:54.356+0000] {dagbag.py:508} INFO - Filling up the DagBag from /home/airflow/.local/lib/python3.7/site-packages/airflow/example_dags/example_task_group_decorator.py
[2024-09-18T20:50:54.367+0000] {processor.py:650} INFO - DAG(s) dict_keys(['example_task_group_decorator']) retrieved from /home/airflow/.local/lib/python3.7/site-packages/airflow/example_dags/example_task_group_decorator.py
[2024-09-18T20:50:54.394+0000] {logging_mixin.py:115} INFO - [2024-09-18T20:50:54.394+0000] {dag.py:2429} INFO - Sync 1 DAGs
[2024-09-18T20:50:54.401+0000] {logging_mixin.py:115} INFO - [2024-09-18T20:50:54.401+0000] {dag.py:2981} INFO - Setting next_dagrun for example_task_group_decorator to 2024-09-17T20:50:54.401821+00:00, run_after=2024-09-18T20:50:54.401821+00:00
[2024-09-18T20:50:54.407+0000] {processor.py:161} INFO - Processing /home/airflow/.local/lib/python3.7/site-packages/airflow/example_dags/example_task_group_decorator.py took 0.054 seconds
[2024-09-18T20:51:24.437+0000] {processor.py:153} INFO - Started process (PID=3829) to work on /home/airflow/.local/lib/python3.7/site-packages/airflow/example_dags/example_task_group_decorator.py
[2024-09-18T20:51:24.437+0000] {processor.py:640} INFO - Processing file /home/airflow/.local/lib/python3.7/site-packages/airflow/example_dags/example_task_group_decorator.py for tasks to queue
[2024-09-18T20:51:24.437+0000] {logging_mixin.py:115} INFO - [2024-09-18T20:51:24.437+0000] {dagbag.py:508} INFO - Filling up the DagBag from /home/airflow/.local/lib/python3.7/site-packages/airflow/example_dags/example_task_group_decorator.py
[2024-09-18T20:51:24.447+0000] {processor.py:650} INFO - DAG(s) dict_keys(['example_task_group_decorator']) retrieved from /home/airflow/.local/lib/python3.7/site-packages/airflow/example_dags/example_task_group_decorator.py
[2024-09-18T20:51:24.473+0000] {logging_mixin.py:115} INFO - [2024-09-18T20:51:24.473+0000] {dag.py:2429} INFO - Sync 1 DAGs
[2024-09-18T20:51:24.480+0000] {logging_mixin.py:115} INFO - [2024-09-18T20:51:24.480+0000] {dag.py:2981} INFO - Setting next_dagrun for example_task_group_decorator to 2024-09-17T20:51:24.480841+00:00, run_after=2024-09-18T20:51:24.480841+00:00
[2024-09-18T20:51:24.486+0000] {processor.py:161} INFO - Processing /home/airflow/.local/lib/python3.7/site-packages/airflow/example_dags/example_task_group_decorator.py took 0.050 seconds
[2024-09-18T20:51:54.628+0000] {processor.py:153} INFO - Started process (PID=4026) to work on /home/airflow/.local/lib/python3.7/site-packages/airflow/example_dags/example_task_group_decorator.py
[2024-09-18T20:51:54.628+0000] {processor.py:640} INFO - Processing file /home/airflow/.local/lib/python3.7/site-packages/airflow/example_dags/example_task_group_decorator.py for tasks to queue
[2024-09-18T20:51:54.629+0000] {logging_mixin.py:115} INFO - [2024-09-18T20:51:54.629+0000] {dagbag.py:508} INFO - Filling up the DagBag from /home/airflow/.local/lib/python3.7/site-packages/airflow/example_dags/example_task_group_decorator.py
[2024-09-18T20:51:54.639+0000] {processor.py:650} INFO - DAG(s) dict_keys(['example_task_group_decorator']) retrieved from /home/airflow/.local/lib/python3.7/site-packages/airflow/example_dags/example_task_group_decorator.py
[2024-09-18T20:51:54.671+0000] {logging_mixin.py:115} INFO - [2024-09-18T20:51:54.671+0000] {dag.py:2429} INFO - Sync 1 DAGs
[2024-09-18T20:51:54.681+0000] {logging_mixin.py:115} INFO - [2024-09-18T20:51:54.681+0000] {dag.py:2981} INFO - Setting next_dagrun for example_task_group_decorator to 2024-09-17T20:51:54.681561+00:00, run_after=2024-09-18T20:51:54.681561+00:00
[2024-09-18T20:51:54.691+0000] {processor.py:161} INFO - Processing /home/airflow/.local/lib/python3.7/site-packages/airflow/example_dags/example_task_group_decorator.py took 0.064 seconds
[2024-09-18T20:52:24.745+0000] {processor.py:153} INFO - Started process (PID=4221) to work on /home/airflow/.local/lib/python3.7/site-packages/airflow/example_dags/example_task_group_decorator.py
[2024-09-18T20:52:24.746+0000] {processor.py:640} INFO - Processing file /home/airflow/.local/lib/python3.7/site-packages/airflow/example_dags/example_task_group_decorator.py for tasks to queue
[2024-09-18T20:52:24.746+0000] {logging_mixin.py:115} INFO - [2024-09-18T20:52:24.746+0000] {dagbag.py:508} INFO - Filling up the DagBag from /home/airflow/.local/lib/python3.7/site-packages/airflow/example_dags/example_task_group_decorator.py
[2024-09-18T20:52:24.756+0000] {processor.py:650} INFO - DAG(s) dict_keys(['example_task_group_decorator']) retrieved from /home/airflow/.local/lib/python3.7/site-packages/airflow/example_dags/example_task_group_decorator.py
[2024-09-18T20:52:24.786+0000] {logging_mixin.py:115} INFO - [2024-09-18T20:52:24.786+0000] {dag.py:2429} INFO - Sync 1 DAGs
[2024-09-18T20:52:24.794+0000] {logging_mixin.py:115} INFO - [2024-09-18T20:52:24.794+0000] {dag.py:2981} INFO - Setting next_dagrun for example_task_group_decorator to 2024-09-17T20:52:24.794187+00:00, run_after=2024-09-18T20:52:24.794187+00:00
[2024-09-18T20:52:24.799+0000] {processor.py:161} INFO - Processing /home/airflow/.local/lib/python3.7/site-packages/airflow/example_dags/example_task_group_decorator.py took 0.056 seconds
[2024-09-18T20:52:54.915+0000] {processor.py:153} INFO - Started process (PID=4418) to work on /home/airflow/.local/lib/python3.7/site-packages/airflow/example_dags/example_task_group_decorator.py
[2024-09-18T20:52:54.916+0000] {processor.py:640} INFO - Processing file /home/airflow/.local/lib/python3.7/site-packages/airflow/example_dags/example_task_group_decorator.py for tasks to queue
[2024-09-18T20:52:54.916+0000] {logging_mixin.py:115} INFO - [2024-09-18T20:52:54.916+0000] {dagbag.py:508} INFO - Filling up the DagBag from /home/airflow/.local/lib/python3.7/site-packages/airflow/example_dags/example_task_group_decorator.py
[2024-09-18T20:52:54.929+0000] {processor.py:650} INFO - DAG(s) dict_keys(['example_task_group_decorator']) retrieved from /home/airflow/.local/lib/python3.7/site-packages/airflow/example_dags/example_task_group_decorator.py
[2024-09-18T20:52:54.943+0000] {logging_mixin.py:115} INFO - [2024-09-18T20:52:54.943+0000] {dag.py:2429} INFO - Sync 1 DAGs
[2024-09-18T20:52:54.952+0000] {logging_mixin.py:115} INFO - [2024-09-18T20:52:54.952+0000] {dag.py:2981} INFO - Setting next_dagrun for example_task_group_decorator to 2024-09-17T20:52:54.952294+00:00, run_after=2024-09-18T20:52:54.952294+00:00
[2024-09-18T20:52:54.956+0000] {processor.py:161} INFO - Processing /home/airflow/.local/lib/python3.7/site-packages/airflow/example_dags/example_task_group_decorator.py took 0.043 seconds
[2024-09-18T20:53:24.990+0000] {processor.py:153} INFO - Started process (PID=4606) to work on /home/airflow/.local/lib/python3.7/site-packages/airflow/example_dags/example_task_group_decorator.py
[2024-09-18T20:53:24.991+0000] {processor.py:640} INFO - Processing file /home/airflow/.local/lib/python3.7/site-packages/airflow/example_dags/example_task_group_decorator.py for tasks to queue
[2024-09-18T20:53:24.991+0000] {logging_mixin.py:115} INFO - [2024-09-18T20:53:24.991+0000] {dagbag.py:508} INFO - Filling up the DagBag from /home/airflow/.local/lib/python3.7/site-packages/airflow/example_dags/example_task_group_decorator.py
[2024-09-18T20:53:25.001+0000] {processor.py:650} INFO - DAG(s) dict_keys(['example_task_group_decorator']) retrieved from /home/airflow/.local/lib/python3.7/site-packages/airflow/example_dags/example_task_group_decorator.py
[2024-09-18T20:53:25.032+0000] {logging_mixin.py:115} INFO - [2024-09-18T20:53:25.031+0000] {dag.py:2429} INFO - Sync 1 DAGs
[2024-09-18T20:53:25.040+0000] {logging_mixin.py:115} INFO - [2024-09-18T20:53:25.040+0000] {dag.py:2981} INFO - Setting next_dagrun for example_task_group_decorator to 2024-09-17T20:53:25.039975+00:00, run_after=2024-09-18T20:53:25.039975+00:00
[2024-09-18T20:53:25.045+0000] {processor.py:161} INFO - Processing /home/airflow/.local/lib/python3.7/site-packages/airflow/example_dags/example_task_group_decorator.py took 0.056 seconds
[2024-09-18T20:53:55.122+0000] {processor.py:153} INFO - Started process (PID=4803) to work on /home/airflow/.local/lib/python3.7/site-packages/airflow/example_dags/example_task_group_decorator.py
[2024-09-18T20:53:55.123+0000] {processor.py:640} INFO - Processing file /home/airflow/.local/lib/python3.7/site-packages/airflow/example_dags/example_task_group_decorator.py for tasks to queue
[2024-09-18T20:53:55.123+0000] {logging_mixin.py:115} INFO - [2024-09-18T20:53:55.123+0000] {dagbag.py:508} INFO - Filling up the DagBag from /home/airflow/.local/lib/python3.7/site-packages/airflow/example_dags/example_task_group_decorator.py
[2024-09-18T20:53:55.133+0000] {processor.py:650} INFO - DAG(s) dict_keys(['example_task_group_decorator']) retrieved from /home/airflow/.local/lib/python3.7/site-packages/airflow/example_dags/example_task_group_decorator.py
[2024-09-18T20:53:55.146+0000] {logging_mixin.py:115} INFO - [2024-09-18T20:53:55.146+0000] {dag.py:2429} INFO - Sync 1 DAGs
[2024-09-18T20:53:55.155+0000] {logging_mixin.py:115} INFO - [2024-09-18T20:53:55.155+0000] {dag.py:2981} INFO - Setting next_dagrun for example_task_group_decorator to 2024-09-17T20:53:55.155135+00:00, run_after=2024-09-18T20:53:55.155135+00:00
[2024-09-18T20:53:55.161+0000] {processor.py:161} INFO - Processing /home/airflow/.local/lib/python3.7/site-packages/airflow/example_dags/example_task_group_decorator.py took 0.040 seconds
[2024-09-18T20:54:25.246+0000] {processor.py:153} INFO - Started process (PID=5000) to work on /home/airflow/.local/lib/python3.7/site-packages/airflow/example_dags/example_task_group_decorator.py
[2024-09-18T20:54:25.247+0000] {processor.py:640} INFO - Processing file /home/airflow/.local/lib/python3.7/site-packages/airflow/example_dags/example_task_group_decorator.py for tasks to queue
[2024-09-18T20:54:25.247+0000] {logging_mixin.py:115} INFO - [2024-09-18T20:54:25.247+0000] {dagbag.py:508} INFO - Filling up the DagBag from /home/airflow/.local/lib/python3.7/site-packages/airflow/example_dags/example_task_group_decorator.py
[2024-09-18T20:54:25.258+0000] {processor.py:650} INFO - DAG(s) dict_keys(['example_task_group_decorator']) retrieved from /home/airflow/.local/lib/python3.7/site-packages/airflow/example_dags/example_task_group_decorator.py
[2024-09-18T20:54:25.272+0000] {logging_mixin.py:115} INFO - [2024-09-18T20:54:25.272+0000] {dag.py:2429} INFO - Sync 1 DAGs
[2024-09-18T20:54:25.281+0000] {logging_mixin.py:115} INFO - [2024-09-18T20:54:25.281+0000] {dag.py:2981} INFO - Setting next_dagrun for example_task_group_decorator to 2024-09-17T20:54:25.280940+00:00, run_after=2024-09-18T20:54:25.280940+00:00
[2024-09-18T20:54:25.285+0000] {processor.py:161} INFO - Processing /home/airflow/.local/lib/python3.7/site-packages/airflow/example_dags/example_task_group_decorator.py took 0.040 seconds
[2024-09-18T20:54:55.597+0000] {processor.py:153} INFO - Started process (PID=5196) to work on /home/airflow/.local/lib/python3.7/site-packages/airflow/example_dags/example_task_group_decorator.py
[2024-09-18T20:54:55.597+0000] {processor.py:640} INFO - Processing file /home/airflow/.local/lib/python3.7/site-packages/airflow/example_dags/example_task_group_decorator.py for tasks to queue
[2024-09-18T20:54:55.598+0000] {logging_mixin.py:115} INFO - [2024-09-18T20:54:55.598+0000] {dagbag.py:508} INFO - Filling up the DagBag from /home/airflow/.local/lib/python3.7/site-packages/airflow/example_dags/example_task_group_decorator.py
[2024-09-18T20:54:55.609+0000] {processor.py:650} INFO - DAG(s) dict_keys(['example_task_group_decorator']) retrieved from /home/airflow/.local/lib/python3.7/site-packages/airflow/example_dags/example_task_group_decorator.py
[2024-09-18T20:54:55.626+0000] {logging_mixin.py:115} INFO - [2024-09-18T20:54:55.626+0000] {dag.py:2429} INFO - Sync 1 DAGs
[2024-09-18T20:54:55.637+0000] {logging_mixin.py:115} INFO - [2024-09-18T20:54:55.637+0000] {dag.py:2981} INFO - Setting next_dagrun for example_task_group_decorator to 2024-09-17T20:54:55.637691+00:00, run_after=2024-09-18T20:54:55.637691+00:00
[2024-09-18T20:54:55.642+0000] {processor.py:161} INFO - Processing /home/airflow/.local/lib/python3.7/site-packages/airflow/example_dags/example_task_group_decorator.py took 0.047 seconds
[2024-09-18T20:55:25.716+0000] {processor.py:153} INFO - Started process (PID=5394) to work on /home/airflow/.local/lib/python3.7/site-packages/airflow/example_dags/example_task_group_decorator.py
[2024-09-18T20:55:25.716+0000] {processor.py:640} INFO - Processing file /home/airflow/.local/lib/python3.7/site-packages/airflow/example_dags/example_task_group_decorator.py for tasks to queue
[2024-09-18T20:55:25.717+0000] {logging_mixin.py:115} INFO - [2024-09-18T20:55:25.717+0000] {dagbag.py:508} INFO - Filling up the DagBag from /home/airflow/.local/lib/python3.7/site-packages/airflow/example_dags/example_task_group_decorator.py
[2024-09-18T20:55:25.727+0000] {processor.py:650} INFO - DAG(s) dict_keys(['example_task_group_decorator']) retrieved from /home/airflow/.local/lib/python3.7/site-packages/airflow/example_dags/example_task_group_decorator.py
[2024-09-18T20:55:25.739+0000] {logging_mixin.py:115} INFO - [2024-09-18T20:55:25.739+0000] {dag.py:2429} INFO - Sync 1 DAGs
[2024-09-18T20:55:25.747+0000] {logging_mixin.py:115} INFO - [2024-09-18T20:55:25.746+0000] {dag.py:2981} INFO - Setting next_dagrun for example_task_group_decorator to 2024-09-17T20:55:25.746817+00:00, run_after=2024-09-18T20:55:25.746817+00:00
[2024-09-18T20:55:25.751+0000] {processor.py:161} INFO - Processing /home/airflow/.local/lib/python3.7/site-packages/airflow/example_dags/example_task_group_decorator.py took 0.036 seconds
[2024-09-18T20:55:55.899+0000] {processor.py:153} INFO - Started process (PID=5589) to work on /home/airflow/.local/lib/python3.7/site-packages/airflow/example_dags/example_task_group_decorator.py
[2024-09-18T20:55:55.900+0000] {processor.py:640} INFO - Processing file /home/airflow/.local/lib/python3.7/site-packages/airflow/example_dags/example_task_group_decorator.py for tasks to queue
[2024-09-18T20:55:55.900+0000] {logging_mixin.py:115} INFO - [2024-09-18T20:55:55.900+0000] {dagbag.py:508} INFO - Filling up the DagBag from /home/airflow/.local/lib/python3.7/site-packages/airflow/example_dags/example_task_group_decorator.py
[2024-09-18T20:55:55.911+0000] {processor.py:650} INFO - DAG(s) dict_keys(['example_task_group_decorator']) retrieved from /home/airflow/.local/lib/python3.7/site-packages/airflow/example_dags/example_task_group_decorator.py
[2024-09-18T20:55:55.924+0000] {logging_mixin.py:115} INFO - [2024-09-18T20:55:55.924+0000] {dag.py:2429} INFO - Sync 1 DAGs
[2024-09-18T20:55:55.933+0000] {logging_mixin.py:115} INFO - [2024-09-18T20:55:55.933+0000] {dag.py:2981} INFO - Setting next_dagrun for example_task_group_decorator to 2024-09-17T20:55:55.933004+00:00, run_after=2024-09-18T20:55:55.933004+00:00
[2024-09-18T20:55:55.937+0000] {processor.py:161} INFO - Processing /home/airflow/.local/lib/python3.7/site-packages/airflow/example_dags/example_task_group_decorator.py took 0.040 seconds
[2024-09-18T20:56:25.992+0000] {processor.py:153} INFO - Started process (PID=5777) to work on /home/airflow/.local/lib/python3.7/site-packages/airflow/example_dags/example_task_group_decorator.py
[2024-09-18T20:56:25.992+0000] {processor.py:640} INFO - Processing file /home/airflow/.local/lib/python3.7/site-packages/airflow/example_dags/example_task_group_decorator.py for tasks to queue
[2024-09-18T20:56:25.993+0000] {logging_mixin.py:115} INFO - [2024-09-18T20:56:25.993+0000] {dagbag.py:508} INFO - Filling up the DagBag from /home/airflow/.local/lib/python3.7/site-packages/airflow/example_dags/example_task_group_decorator.py
[2024-09-18T20:56:26.004+0000] {processor.py:650} INFO - DAG(s) dict_keys(['example_task_group_decorator']) retrieved from /home/airflow/.local/lib/python3.7/site-packages/airflow/example_dags/example_task_group_decorator.py
[2024-09-18T20:56:26.035+0000] {logging_mixin.py:115} INFO - [2024-09-18T20:56:26.035+0000] {dag.py:2429} INFO - Sync 1 DAGs
[2024-09-18T20:56:26.043+0000] {logging_mixin.py:115} INFO - [2024-09-18T20:56:26.043+0000] {dag.py:2981} INFO - Setting next_dagrun for example_task_group_decorator to 2024-09-17T20:56:26.043707+00:00, run_after=2024-09-18T20:56:26.043707+00:00
[2024-09-18T20:56:26.050+0000] {processor.py:161} INFO - Processing /home/airflow/.local/lib/python3.7/site-packages/airflow/example_dags/example_task_group_decorator.py took 0.059 seconds
[2024-09-18T20:56:56.089+0000] {processor.py:153} INFO - Started process (PID=5974) to work on /home/airflow/.local/lib/python3.7/site-packages/airflow/example_dags/example_task_group_decorator.py
[2024-09-18T20:56:56.089+0000] {processor.py:640} INFO - Processing file /home/airflow/.local/lib/python3.7/site-packages/airflow/example_dags/example_task_group_decorator.py for tasks to queue
[2024-09-18T20:56:56.089+0000] {logging_mixin.py:115} INFO - [2024-09-18T20:56:56.089+0000] {dagbag.py:508} INFO - Filling up the DagBag from /home/airflow/.local/lib/python3.7/site-packages/airflow/example_dags/example_task_group_decorator.py
[2024-09-18T20:56:56.099+0000] {processor.py:650} INFO - DAG(s) dict_keys(['example_task_group_decorator']) retrieved from /home/airflow/.local/lib/python3.7/site-packages/airflow/example_dags/example_task_group_decorator.py
[2024-09-18T20:56:56.128+0000] {logging_mixin.py:115} INFO - [2024-09-18T20:56:56.128+0000] {dag.py:2429} INFO - Sync 1 DAGs
[2024-09-18T20:56:56.139+0000] {logging_mixin.py:115} INFO - [2024-09-18T20:56:56.139+0000] {dag.py:2981} INFO - Setting next_dagrun for example_task_group_decorator to 2024-09-17T20:56:56.139396+00:00, run_after=2024-09-18T20:56:56.139396+00:00
[2024-09-18T20:56:56.145+0000] {processor.py:161} INFO - Processing /home/airflow/.local/lib/python3.7/site-packages/airflow/example_dags/example_task_group_decorator.py took 0.057 seconds
[2024-09-18T20:57:26.189+0000] {processor.py:153} INFO - Started process (PID=6171) to work on /home/airflow/.local/lib/python3.7/site-packages/airflow/example_dags/example_task_group_decorator.py
[2024-09-18T20:57:26.189+0000] {processor.py:640} INFO - Processing file /home/airflow/.local/lib/python3.7/site-packages/airflow/example_dags/example_task_group_decorator.py for tasks to queue
[2024-09-18T20:57:26.190+0000] {logging_mixin.py:115} INFO - [2024-09-18T20:57:26.190+0000] {dagbag.py:508} INFO - Filling up the DagBag from /home/airflow/.local/lib/python3.7/site-packages/airflow/example_dags/example_task_group_decorator.py
[2024-09-18T20:57:26.201+0000] {processor.py:650} INFO - DAG(s) dict_keys(['example_task_group_decorator']) retrieved from /home/airflow/.local/lib/python3.7/site-packages/airflow/example_dags/example_task_group_decorator.py
[2024-09-18T20:57:26.230+0000] {logging_mixin.py:115} INFO - [2024-09-18T20:57:26.230+0000] {dag.py:2429} INFO - Sync 1 DAGs
[2024-09-18T20:57:26.239+0000] {logging_mixin.py:115} INFO - [2024-09-18T20:57:26.238+0000] {dag.py:2981} INFO - Setting next_dagrun for example_task_group_decorator to 2024-09-17T20:57:26.238875+00:00, run_after=2024-09-18T20:57:26.238875+00:00
[2024-09-18T20:57:26.244+0000] {processor.py:161} INFO - Processing /home/airflow/.local/lib/python3.7/site-packages/airflow/example_dags/example_task_group_decorator.py took 0.056 seconds
[2024-09-18T20:57:56.401+0000] {processor.py:153} INFO - Started process (PID=6368) to work on /home/airflow/.local/lib/python3.7/site-packages/airflow/example_dags/example_task_group_decorator.py
[2024-09-18T20:57:56.402+0000] {processor.py:640} INFO - Processing file /home/airflow/.local/lib/python3.7/site-packages/airflow/example_dags/example_task_group_decorator.py for tasks to queue
[2024-09-18T20:57:56.402+0000] {logging_mixin.py:115} INFO - [2024-09-18T20:57:56.402+0000] {dagbag.py:508} INFO - Filling up the DagBag from /home/airflow/.local/lib/python3.7/site-packages/airflow/example_dags/example_task_group_decorator.py
[2024-09-18T20:57:56.414+0000] {processor.py:650} INFO - DAG(s) dict_keys(['example_task_group_decorator']) retrieved from /home/airflow/.local/lib/python3.7/site-packages/airflow/example_dags/example_task_group_decorator.py
[2024-09-18T20:57:56.446+0000] {logging_mixin.py:115} INFO - [2024-09-18T20:57:56.446+0000] {dag.py:2429} INFO - Sync 1 DAGs
[2024-09-18T20:57:56.455+0000] {logging_mixin.py:115} INFO - [2024-09-18T20:57:56.455+0000] {dag.py:2981} INFO - Setting next_dagrun for example_task_group_decorator to 2024-09-17T20:57:56.455815+00:00, run_after=2024-09-18T20:57:56.455815+00:00
[2024-09-18T20:57:56.464+0000] {processor.py:161} INFO - Processing /home/airflow/.local/lib/python3.7/site-packages/airflow/example_dags/example_task_group_decorator.py took 0.064 seconds
[2024-09-18T20:58:26.594+0000] {processor.py:153} INFO - Started process (PID=6564) to work on /home/airflow/.local/lib/python3.7/site-packages/airflow/example_dags/example_task_group_decorator.py
[2024-09-18T20:58:26.596+0000] {processor.py:640} INFO - Processing file /home/airflow/.local/lib/python3.7/site-packages/airflow/example_dags/example_task_group_decorator.py for tasks to queue
[2024-09-18T20:58:26.596+0000] {logging_mixin.py:115} INFO - [2024-09-18T20:58:26.596+0000] {dagbag.py:508} INFO - Filling up the DagBag from /home/airflow/.local/lib/python3.7/site-packages/airflow/example_dags/example_task_group_decorator.py
[2024-09-18T20:58:26.607+0000] {processor.py:650} INFO - DAG(s) dict_keys(['example_task_group_decorator']) retrieved from /home/airflow/.local/lib/python3.7/site-packages/airflow/example_dags/example_task_group_decorator.py
[2024-09-18T20:58:26.636+0000] {logging_mixin.py:115} INFO - [2024-09-18T20:58:26.636+0000] {dag.py:2429} INFO - Sync 1 DAGs
[2024-09-18T20:58:26.645+0000] {logging_mixin.py:115} INFO - [2024-09-18T20:58:26.645+0000] {dag.py:2981} INFO - Setting next_dagrun for example_task_group_decorator to 2024-09-17T20:58:26.645187+00:00, run_after=2024-09-18T20:58:26.645187+00:00
[2024-09-18T20:58:26.651+0000] {processor.py:161} INFO - Processing /home/airflow/.local/lib/python3.7/site-packages/airflow/example_dags/example_task_group_decorator.py took 0.059 seconds
[2024-09-18T20:58:56.825+0000] {processor.py:153} INFO - Started process (PID=6761) to work on /home/airflow/.local/lib/python3.7/site-packages/airflow/example_dags/example_task_group_decorator.py
[2024-09-18T20:58:56.826+0000] {processor.py:640} INFO - Processing file /home/airflow/.local/lib/python3.7/site-packages/airflow/example_dags/example_task_group_decorator.py for tasks to queue
[2024-09-18T20:58:56.826+0000] {logging_mixin.py:115} INFO - [2024-09-18T20:58:56.826+0000] {dagbag.py:508} INFO - Filling up the DagBag from /home/airflow/.local/lib/python3.7/site-packages/airflow/example_dags/example_task_group_decorator.py
[2024-09-18T20:58:56.839+0000] {processor.py:650} INFO - DAG(s) dict_keys(['example_task_group_decorator']) retrieved from /home/airflow/.local/lib/python3.7/site-packages/airflow/example_dags/example_task_group_decorator.py
[2024-09-18T20:58:56.883+0000] {logging_mixin.py:115} INFO - [2024-09-18T20:58:56.883+0000] {dag.py:2429} INFO - Sync 1 DAGs
[2024-09-18T20:58:56.893+0000] {logging_mixin.py:115} INFO - [2024-09-18T20:58:56.893+0000] {dag.py:2981} INFO - Setting next_dagrun for example_task_group_decorator to 2024-09-17T20:58:56.893233+00:00, run_after=2024-09-18T20:58:56.893233+00:00
[2024-09-18T20:58:56.899+0000] {processor.py:161} INFO - Processing /home/airflow/.local/lib/python3.7/site-packages/airflow/example_dags/example_task_group_decorator.py took 0.075 seconds
[2024-09-18T20:59:27.046+0000] {processor.py:153} INFO - Started process (PID=6949) to work on /home/airflow/.local/lib/python3.7/site-packages/airflow/example_dags/example_task_group_decorator.py
[2024-09-18T20:59:27.048+0000] {processor.py:640} INFO - Processing file /home/airflow/.local/lib/python3.7/site-packages/airflow/example_dags/example_task_group_decorator.py for tasks to queue
[2024-09-18T20:59:27.048+0000] {logging_mixin.py:115} INFO - [2024-09-18T20:59:27.048+0000] {dagbag.py:508} INFO - Filling up the DagBag from /home/airflow/.local/lib/python3.7/site-packages/airflow/example_dags/example_task_group_decorator.py
[2024-09-18T20:59:27.058+0000] {processor.py:650} INFO - DAG(s) dict_keys(['example_task_group_decorator']) retrieved from /home/airflow/.local/lib/python3.7/site-packages/airflow/example_dags/example_task_group_decorator.py
[2024-09-18T20:59:27.087+0000] {logging_mixin.py:115} INFO - [2024-09-18T20:59:27.087+0000] {dag.py:2429} INFO - Sync 1 DAGs
[2024-09-18T20:59:27.096+0000] {logging_mixin.py:115} INFO - [2024-09-18T20:59:27.096+0000] {dag.py:2981} INFO - Setting next_dagrun for example_task_group_decorator to 2024-09-17T20:59:27.095932+00:00, run_after=2024-09-18T20:59:27.095932+00:00
[2024-09-18T20:59:27.103+0000] {processor.py:161} INFO - Processing /home/airflow/.local/lib/python3.7/site-packages/airflow/example_dags/example_task_group_decorator.py took 0.058 seconds
[2024-09-18T20:59:57.283+0000] {processor.py:153} INFO - Started process (PID=7146) to work on /home/airflow/.local/lib/python3.7/site-packages/airflow/example_dags/example_task_group_decorator.py
[2024-09-18T20:59:57.284+0000] {processor.py:640} INFO - Processing file /home/airflow/.local/lib/python3.7/site-packages/airflow/example_dags/example_task_group_decorator.py for tasks to queue
[2024-09-18T20:59:57.286+0000] {logging_mixin.py:115} INFO - [2024-09-18T20:59:57.286+0000] {dagbag.py:508} INFO - Filling up the DagBag from /home/airflow/.local/lib/python3.7/site-packages/airflow/example_dags/example_task_group_decorator.py
[2024-09-18T20:59:57.298+0000] {processor.py:650} INFO - DAG(s) dict_keys(['example_task_group_decorator']) retrieved from /home/airflow/.local/lib/python3.7/site-packages/airflow/example_dags/example_task_group_decorator.py
[2024-09-18T20:59:57.311+0000] {logging_mixin.py:115} INFO - [2024-09-18T20:59:57.311+0000] {dag.py:2429} INFO - Sync 1 DAGs
[2024-09-18T20:59:57.320+0000] {logging_mixin.py:115} INFO - [2024-09-18T20:59:57.320+0000] {dag.py:2981} INFO - Setting next_dagrun for example_task_group_decorator to 2024-09-17T20:59:57.320511+00:00, run_after=2024-09-18T20:59:57.320511+00:00
[2024-09-18T20:59:57.326+0000] {processor.py:161} INFO - Processing /home/airflow/.local/lib/python3.7/site-packages/airflow/example_dags/example_task_group_decorator.py took 0.044 seconds
[2024-09-18T21:00:27.538+0000] {processor.py:153} INFO - Started process (PID=7343) to work on /home/airflow/.local/lib/python3.7/site-packages/airflow/example_dags/example_task_group_decorator.py
[2024-09-18T21:00:27.539+0000] {processor.py:640} INFO - Processing file /home/airflow/.local/lib/python3.7/site-packages/airflow/example_dags/example_task_group_decorator.py for tasks to queue
[2024-09-18T21:00:27.539+0000] {logging_mixin.py:115} INFO - [2024-09-18T21:00:27.539+0000] {dagbag.py:508} INFO - Filling up the DagBag from /home/airflow/.local/lib/python3.7/site-packages/airflow/example_dags/example_task_group_decorator.py
[2024-09-18T21:00:27.549+0000] {processor.py:650} INFO - DAG(s) dict_keys(['example_task_group_decorator']) retrieved from /home/airflow/.local/lib/python3.7/site-packages/airflow/example_dags/example_task_group_decorator.py
[2024-09-18T21:00:27.564+0000] {logging_mixin.py:115} INFO - [2024-09-18T21:00:27.564+0000] {dag.py:2429} INFO - Sync 1 DAGs
[2024-09-18T21:00:27.575+0000] {logging_mixin.py:115} INFO - [2024-09-18T21:00:27.575+0000] {dag.py:2981} INFO - Setting next_dagrun for example_task_group_decorator to 2024-09-17T21:00:27.575542+00:00, run_after=2024-09-18T21:00:27.575542+00:00
[2024-09-18T21:00:27.582+0000] {processor.py:161} INFO - Processing /home/airflow/.local/lib/python3.7/site-packages/airflow/example_dags/example_task_group_decorator.py took 0.045 seconds
