[2024-09-18T20:42:19.358+0000] {processor.py:153} INFO - Started process (PID=193) to work on /home/airflow/.local/lib/python3.7/site-packages/airflow/example_dags/example_branch_labels.py
[2024-09-18T20:42:19.359+0000] {processor.py:640} INFO - Processing file /home/airflow/.local/lib/python3.7/site-packages/airflow/example_dags/example_branch_labels.py for tasks to queue
[2024-09-18T20:42:19.359+0000] {logging_mixin.py:115} INFO - [2024-09-18T20:42:19.359+0000] {dagbag.py:508} INFO - Filling up the DagBag from /home/airflow/.local/lib/python3.7/site-packages/airflow/example_dags/example_branch_labels.py
[2024-09-18T20:42:19.362+0000] {processor.py:650} INFO - DAG(s) dict_keys(['example_branch_labels']) retrieved from /home/airflow/.local/lib/python3.7/site-packages/airflow/example_dags/example_branch_labels.py
[2024-09-18T20:42:19.403+0000] {logging_mixin.py:115} INFO - [2024-09-18T20:42:19.403+0000] {manager.py:508} INFO - Created Permission View: can edit on DAG:example_branch_labels
[2024-09-18T20:42:19.410+0000] {logging_mixin.py:115} INFO - [2024-09-18T20:42:19.410+0000] {manager.py:508} INFO - Created Permission View: can read on DAG:example_branch_labels
[2024-09-18T20:42:19.414+0000] {logging_mixin.py:115} INFO - [2024-09-18T20:42:19.414+0000] {manager.py:508} INFO - Created Permission View: can delete on DAG:example_branch_labels
[2024-09-18T20:42:19.414+0000] {logging_mixin.py:115} INFO - [2024-09-18T20:42:19.414+0000] {dag.py:2429} INFO - Sync 1 DAGs
[2024-09-18T20:42:19.420+0000] {logging_mixin.py:115} INFO - [2024-09-18T20:42:19.420+0000] {dag.py:2448} INFO - Creating ORM DAG for example_branch_labels
[2024-09-18T20:42:19.427+0000] {logging_mixin.py:115} INFO - [2024-09-18T20:42:19.427+0000] {dag.py:2981} INFO - Setting next_dagrun for example_branch_labels to 2024-09-17T00:00:00+00:00, run_after=2024-09-18T00:00:00+00:00
[2024-09-18T20:42:19.433+0000] {processor.py:161} INFO - Processing /home/airflow/.local/lib/python3.7/site-packages/airflow/example_dags/example_branch_labels.py took 0.081 seconds
[2024-09-18T20:42:50.255+0000] {processor.py:153} INFO - Started process (PID=389) to work on /home/airflow/.local/lib/python3.7/site-packages/airflow/example_dags/example_branch_labels.py
[2024-09-18T20:42:50.255+0000] {processor.py:640} INFO - Processing file /home/airflow/.local/lib/python3.7/site-packages/airflow/example_dags/example_branch_labels.py for tasks to queue
[2024-09-18T20:42:50.256+0000] {logging_mixin.py:115} INFO - [2024-09-18T20:42:50.256+0000] {dagbag.py:508} INFO - Filling up the DagBag from /home/airflow/.local/lib/python3.7/site-packages/airflow/example_dags/example_branch_labels.py
[2024-09-18T20:42:50.258+0000] {processor.py:650} INFO - DAG(s) dict_keys(['example_branch_labels']) retrieved from /home/airflow/.local/lib/python3.7/site-packages/airflow/example_dags/example_branch_labels.py
[2024-09-18T20:42:50.273+0000] {logging_mixin.py:115} INFO - [2024-09-18T20:42:50.273+0000] {dag.py:2429} INFO - Sync 1 DAGs
[2024-09-18T20:42:50.287+0000] {logging_mixin.py:115} INFO - [2024-09-18T20:42:50.287+0000] {dag.py:2981} INFO - Setting next_dagrun for example_branch_labels to 2024-09-17T00:00:00+00:00, run_after=2024-09-18T00:00:00+00:00
[2024-09-18T20:42:50.290+0000] {processor.py:161} INFO - Processing /home/airflow/.local/lib/python3.7/site-packages/airflow/example_dags/example_branch_labels.py took 0.037 seconds
[2024-09-18T20:43:20.453+0000] {processor.py:153} INFO - Started process (PID=586) to work on /home/airflow/.local/lib/python3.7/site-packages/airflow/example_dags/example_branch_labels.py
[2024-09-18T20:43:20.453+0000] {processor.py:640} INFO - Processing file /home/airflow/.local/lib/python3.7/site-packages/airflow/example_dags/example_branch_labels.py for tasks to queue
[2024-09-18T20:43:20.454+0000] {logging_mixin.py:115} INFO - [2024-09-18T20:43:20.453+0000] {dagbag.py:508} INFO - Filling up the DagBag from /home/airflow/.local/lib/python3.7/site-packages/airflow/example_dags/example_branch_labels.py
[2024-09-18T20:43:20.456+0000] {processor.py:650} INFO - DAG(s) dict_keys(['example_branch_labels']) retrieved from /home/airflow/.local/lib/python3.7/site-packages/airflow/example_dags/example_branch_labels.py
[2024-09-18T20:43:20.470+0000] {logging_mixin.py:115} INFO - [2024-09-18T20:43:20.470+0000] {dag.py:2429} INFO - Sync 1 DAGs
[2024-09-18T20:43:20.482+0000] {logging_mixin.py:115} INFO - [2024-09-18T20:43:20.482+0000] {dag.py:2981} INFO - Setting next_dagrun for example_branch_labels to 2024-09-17T00:00:00+00:00, run_after=2024-09-18T00:00:00+00:00
[2024-09-18T20:43:20.489+0000] {processor.py:161} INFO - Processing /home/airflow/.local/lib/python3.7/site-packages/airflow/example_dags/example_branch_labels.py took 0.037 seconds
[2024-09-18T20:43:50.663+0000] {processor.py:153} INFO - Started process (PID=785) to work on /home/airflow/.local/lib/python3.7/site-packages/airflow/example_dags/example_branch_labels.py
[2024-09-18T20:43:50.663+0000] {processor.py:640} INFO - Processing file /home/airflow/.local/lib/python3.7/site-packages/airflow/example_dags/example_branch_labels.py for tasks to queue
[2024-09-18T20:43:50.663+0000] {logging_mixin.py:115} INFO - [2024-09-18T20:43:50.663+0000] {dagbag.py:508} INFO - Filling up the DagBag from /home/airflow/.local/lib/python3.7/site-packages/airflow/example_dags/example_branch_labels.py
[2024-09-18T20:43:50.666+0000] {processor.py:650} INFO - DAG(s) dict_keys(['example_branch_labels']) retrieved from /home/airflow/.local/lib/python3.7/site-packages/airflow/example_dags/example_branch_labels.py
[2024-09-18T20:43:50.681+0000] {logging_mixin.py:115} INFO - [2024-09-18T20:43:50.681+0000] {dag.py:2429} INFO - Sync 1 DAGs
[2024-09-18T20:43:50.693+0000] {logging_mixin.py:115} INFO - [2024-09-18T20:43:50.693+0000] {dag.py:2981} INFO - Setting next_dagrun for example_branch_labels to 2024-09-17T00:00:00+00:00, run_after=2024-09-18T00:00:00+00:00
[2024-09-18T20:43:50.700+0000] {processor.py:161} INFO - Processing /home/airflow/.local/lib/python3.7/site-packages/airflow/example_dags/example_branch_labels.py took 0.038 seconds
[2024-09-18T20:44:20.854+0000] {processor.py:153} INFO - Started process (PID=991) to work on /home/airflow/.local/lib/python3.7/site-packages/airflow/example_dags/example_branch_labels.py
[2024-09-18T20:44:20.854+0000] {processor.py:640} INFO - Processing file /home/airflow/.local/lib/python3.7/site-packages/airflow/example_dags/example_branch_labels.py for tasks to queue
[2024-09-18T20:44:20.855+0000] {logging_mixin.py:115} INFO - [2024-09-18T20:44:20.855+0000] {dagbag.py:508} INFO - Filling up the DagBag from /home/airflow/.local/lib/python3.7/site-packages/airflow/example_dags/example_branch_labels.py
[2024-09-18T20:44:20.857+0000] {processor.py:650} INFO - DAG(s) dict_keys(['example_branch_labels']) retrieved from /home/airflow/.local/lib/python3.7/site-packages/airflow/example_dags/example_branch_labels.py
[2024-09-18T20:44:20.869+0000] {logging_mixin.py:115} INFO - [2024-09-18T20:44:20.869+0000] {dag.py:2429} INFO - Sync 1 DAGs
[2024-09-18T20:44:20.883+0000] {logging_mixin.py:115} INFO - [2024-09-18T20:44:20.883+0000] {dag.py:2981} INFO - Setting next_dagrun for example_branch_labels to 2024-09-17T00:00:00+00:00, run_after=2024-09-18T00:00:00+00:00
[2024-09-18T20:44:20.886+0000] {processor.py:161} INFO - Processing /home/airflow/.local/lib/python3.7/site-packages/airflow/example_dags/example_branch_labels.py took 0.034 seconds
[2024-09-18T20:44:51.065+0000] {processor.py:153} INFO - Started process (PID=1186) to work on /home/airflow/.local/lib/python3.7/site-packages/airflow/example_dags/example_branch_labels.py
[2024-09-18T20:44:51.069+0000] {processor.py:640} INFO - Processing file /home/airflow/.local/lib/python3.7/site-packages/airflow/example_dags/example_branch_labels.py for tasks to queue
[2024-09-18T20:44:51.069+0000] {logging_mixin.py:115} INFO - [2024-09-18T20:44:51.069+0000] {dagbag.py:508} INFO - Filling up the DagBag from /home/airflow/.local/lib/python3.7/site-packages/airflow/example_dags/example_branch_labels.py
[2024-09-18T20:44:51.072+0000] {processor.py:650} INFO - DAG(s) dict_keys(['example_branch_labels']) retrieved from /home/airflow/.local/lib/python3.7/site-packages/airflow/example_dags/example_branch_labels.py
[2024-09-18T20:44:51.085+0000] {logging_mixin.py:115} INFO - [2024-09-18T20:44:51.085+0000] {dag.py:2429} INFO - Sync 1 DAGs
[2024-09-18T20:44:51.098+0000] {logging_mixin.py:115} INFO - [2024-09-18T20:44:51.098+0000] {dag.py:2981} INFO - Setting next_dagrun for example_branch_labels to 2024-09-17T00:00:00+00:00, run_after=2024-09-18T00:00:00+00:00
[2024-09-18T20:44:51.105+0000] {processor.py:161} INFO - Processing /home/airflow/.local/lib/python3.7/site-packages/airflow/example_dags/example_branch_labels.py took 0.042 seconds
[2024-09-18T20:45:21.285+0000] {processor.py:153} INFO - Started process (PID=1383) to work on /home/airflow/.local/lib/python3.7/site-packages/airflow/example_dags/example_branch_labels.py
[2024-09-18T20:45:21.285+0000] {processor.py:640} INFO - Processing file /home/airflow/.local/lib/python3.7/site-packages/airflow/example_dags/example_branch_labels.py for tasks to queue
[2024-09-18T20:45:21.285+0000] {logging_mixin.py:115} INFO - [2024-09-18T20:45:21.285+0000] {dagbag.py:508} INFO - Filling up the DagBag from /home/airflow/.local/lib/python3.7/site-packages/airflow/example_dags/example_branch_labels.py
[2024-09-18T20:45:21.288+0000] {processor.py:650} INFO - DAG(s) dict_keys(['example_branch_labels']) retrieved from /home/airflow/.local/lib/python3.7/site-packages/airflow/example_dags/example_branch_labels.py
[2024-09-18T20:45:21.301+0000] {logging_mixin.py:115} INFO - [2024-09-18T20:45:21.300+0000] {dag.py:2429} INFO - Sync 1 DAGs
[2024-09-18T20:45:21.311+0000] {logging_mixin.py:115} INFO - [2024-09-18T20:45:21.311+0000] {dag.py:2981} INFO - Setting next_dagrun for example_branch_labels to 2024-09-17T00:00:00+00:00, run_after=2024-09-18T00:00:00+00:00
[2024-09-18T20:45:21.316+0000] {processor.py:161} INFO - Processing /home/airflow/.local/lib/python3.7/site-packages/airflow/example_dags/example_branch_labels.py took 0.033 seconds
[2024-09-18T20:45:51.462+0000] {processor.py:153} INFO - Started process (PID=1579) to work on /home/airflow/.local/lib/python3.7/site-packages/airflow/example_dags/example_branch_labels.py
[2024-09-18T20:45:51.464+0000] {processor.py:640} INFO - Processing file /home/airflow/.local/lib/python3.7/site-packages/airflow/example_dags/example_branch_labels.py for tasks to queue
[2024-09-18T20:45:51.465+0000] {logging_mixin.py:115} INFO - [2024-09-18T20:45:51.464+0000] {dagbag.py:508} INFO - Filling up the DagBag from /home/airflow/.local/lib/python3.7/site-packages/airflow/example_dags/example_branch_labels.py
[2024-09-18T20:45:51.467+0000] {processor.py:650} INFO - DAG(s) dict_keys(['example_branch_labels']) retrieved from /home/airflow/.local/lib/python3.7/site-packages/airflow/example_dags/example_branch_labels.py
[2024-09-18T20:45:51.479+0000] {logging_mixin.py:115} INFO - [2024-09-18T20:45:51.479+0000] {dag.py:2429} INFO - Sync 1 DAGs
[2024-09-18T20:45:51.491+0000] {logging_mixin.py:115} INFO - [2024-09-18T20:45:51.491+0000] {dag.py:2981} INFO - Setting next_dagrun for example_branch_labels to 2024-09-17T00:00:00+00:00, run_after=2024-09-18T00:00:00+00:00
[2024-09-18T20:45:51.497+0000] {processor.py:161} INFO - Processing /home/airflow/.local/lib/python3.7/site-packages/airflow/example_dags/example_branch_labels.py took 0.036 seconds
[2024-09-18T20:46:21.705+0000] {processor.py:153} INFO - Started process (PID=1778) to work on /home/airflow/.local/lib/python3.7/site-packages/airflow/example_dags/example_branch_labels.py
[2024-09-18T20:46:21.705+0000] {processor.py:640} INFO - Processing file /home/airflow/.local/lib/python3.7/site-packages/airflow/example_dags/example_branch_labels.py for tasks to queue
[2024-09-18T20:46:21.706+0000] {logging_mixin.py:115} INFO - [2024-09-18T20:46:21.706+0000] {dagbag.py:508} INFO - Filling up the DagBag from /home/airflow/.local/lib/python3.7/site-packages/airflow/example_dags/example_branch_labels.py
[2024-09-18T20:46:21.708+0000] {processor.py:650} INFO - DAG(s) dict_keys(['example_branch_labels']) retrieved from /home/airflow/.local/lib/python3.7/site-packages/airflow/example_dags/example_branch_labels.py
[2024-09-18T20:46:21.718+0000] {logging_mixin.py:115} INFO - [2024-09-18T20:46:21.718+0000] {dag.py:2429} INFO - Sync 1 DAGs
[2024-09-18T20:46:21.728+0000] {logging_mixin.py:115} INFO - [2024-09-18T20:46:21.728+0000] {dag.py:2981} INFO - Setting next_dagrun for example_branch_labels to 2024-09-17T00:00:00+00:00, run_after=2024-09-18T00:00:00+00:00
[2024-09-18T20:46:21.732+0000] {processor.py:161} INFO - Processing /home/airflow/.local/lib/python3.7/site-packages/airflow/example_dags/example_branch_labels.py took 0.028 seconds
[2024-09-18T20:46:51.933+0000] {processor.py:153} INFO - Started process (PID=1966) to work on /home/airflow/.local/lib/python3.7/site-packages/airflow/example_dags/example_branch_labels.py
[2024-09-18T20:46:51.934+0000] {processor.py:640} INFO - Processing file /home/airflow/.local/lib/python3.7/site-packages/airflow/example_dags/example_branch_labels.py for tasks to queue
[2024-09-18T20:46:51.934+0000] {logging_mixin.py:115} INFO - [2024-09-18T20:46:51.934+0000] {dagbag.py:508} INFO - Filling up the DagBag from /home/airflow/.local/lib/python3.7/site-packages/airflow/example_dags/example_branch_labels.py
[2024-09-18T20:46:51.936+0000] {processor.py:650} INFO - DAG(s) dict_keys(['example_branch_labels']) retrieved from /home/airflow/.local/lib/python3.7/site-packages/airflow/example_dags/example_branch_labels.py
[2024-09-18T20:46:51.946+0000] {logging_mixin.py:115} INFO - [2024-09-18T20:46:51.946+0000] {dag.py:2429} INFO - Sync 1 DAGs
[2024-09-18T20:46:51.956+0000] {logging_mixin.py:115} INFO - [2024-09-18T20:46:51.956+0000] {dag.py:2981} INFO - Setting next_dagrun for example_branch_labels to 2024-09-17T00:00:00+00:00, run_after=2024-09-18T00:00:00+00:00
[2024-09-18T20:46:51.960+0000] {processor.py:161} INFO - Processing /home/airflow/.local/lib/python3.7/site-packages/airflow/example_dags/example_branch_labels.py took 0.028 seconds
[2024-09-18T20:47:22.261+0000] {processor.py:153} INFO - Started process (PID=2161) to work on /home/airflow/.local/lib/python3.7/site-packages/airflow/example_dags/example_branch_labels.py
[2024-09-18T20:47:22.261+0000] {processor.py:640} INFO - Processing file /home/airflow/.local/lib/python3.7/site-packages/airflow/example_dags/example_branch_labels.py for tasks to queue
[2024-09-18T20:47:22.262+0000] {logging_mixin.py:115} INFO - [2024-09-18T20:47:22.261+0000] {dagbag.py:508} INFO - Filling up the DagBag from /home/airflow/.local/lib/python3.7/site-packages/airflow/example_dags/example_branch_labels.py
[2024-09-18T20:47:22.265+0000] {processor.py:650} INFO - DAG(s) dict_keys(['example_branch_labels']) retrieved from /home/airflow/.local/lib/python3.7/site-packages/airflow/example_dags/example_branch_labels.py
[2024-09-18T20:47:22.276+0000] {logging_mixin.py:115} INFO - [2024-09-18T20:47:22.276+0000] {dag.py:2429} INFO - Sync 1 DAGs
[2024-09-18T20:47:22.287+0000] {logging_mixin.py:115} INFO - [2024-09-18T20:47:22.287+0000] {dag.py:2981} INFO - Setting next_dagrun for example_branch_labels to 2024-09-17T00:00:00+00:00, run_after=2024-09-18T00:00:00+00:00
[2024-09-18T20:47:22.291+0000] {processor.py:161} INFO - Processing /home/airflow/.local/lib/python3.7/site-packages/airflow/example_dags/example_branch_labels.py took 0.031 seconds
[2024-09-18T20:47:52.378+0000] {processor.py:153} INFO - Started process (PID=2358) to work on /home/airflow/.local/lib/python3.7/site-packages/airflow/example_dags/example_branch_labels.py
[2024-09-18T20:47:52.378+0000] {processor.py:640} INFO - Processing file /home/airflow/.local/lib/python3.7/site-packages/airflow/example_dags/example_branch_labels.py for tasks to queue
[2024-09-18T20:47:52.379+0000] {logging_mixin.py:115} INFO - [2024-09-18T20:47:52.379+0000] {dagbag.py:508} INFO - Filling up the DagBag from /home/airflow/.local/lib/python3.7/site-packages/airflow/example_dags/example_branch_labels.py
[2024-09-18T20:47:52.383+0000] {processor.py:650} INFO - DAG(s) dict_keys(['example_branch_labels']) retrieved from /home/airflow/.local/lib/python3.7/site-packages/airflow/example_dags/example_branch_labels.py
[2024-09-18T20:47:52.397+0000] {logging_mixin.py:115} INFO - [2024-09-18T20:47:52.397+0000] {dag.py:2429} INFO - Sync 1 DAGs
[2024-09-18T20:47:52.411+0000] {logging_mixin.py:115} INFO - [2024-09-18T20:47:52.411+0000] {dag.py:2981} INFO - Setting next_dagrun for example_branch_labels to 2024-09-17T00:00:00+00:00, run_after=2024-09-18T00:00:00+00:00
[2024-09-18T20:47:52.416+0000] {processor.py:161} INFO - Processing /home/airflow/.local/lib/python3.7/site-packages/airflow/example_dags/example_branch_labels.py took 0.040 seconds
[2024-09-18T20:48:22.606+0000] {processor.py:153} INFO - Started process (PID=2555) to work on /home/airflow/.local/lib/python3.7/site-packages/airflow/example_dags/example_branch_labels.py
[2024-09-18T20:48:22.607+0000] {processor.py:640} INFO - Processing file /home/airflow/.local/lib/python3.7/site-packages/airflow/example_dags/example_branch_labels.py for tasks to queue
[2024-09-18T20:48:22.608+0000] {logging_mixin.py:115} INFO - [2024-09-18T20:48:22.608+0000] {dagbag.py:508} INFO - Filling up the DagBag from /home/airflow/.local/lib/python3.7/site-packages/airflow/example_dags/example_branch_labels.py
[2024-09-18T20:48:22.611+0000] {processor.py:650} INFO - DAG(s) dict_keys(['example_branch_labels']) retrieved from /home/airflow/.local/lib/python3.7/site-packages/airflow/example_dags/example_branch_labels.py
[2024-09-18T20:48:22.624+0000] {logging_mixin.py:115} INFO - [2024-09-18T20:48:22.624+0000] {dag.py:2429} INFO - Sync 1 DAGs
[2024-09-18T20:48:22.640+0000] {logging_mixin.py:115} INFO - [2024-09-18T20:48:22.640+0000] {dag.py:2981} INFO - Setting next_dagrun for example_branch_labels to 2024-09-17T00:00:00+00:00, run_after=2024-09-18T00:00:00+00:00
[2024-09-18T20:48:22.644+0000] {processor.py:161} INFO - Processing /home/airflow/.local/lib/python3.7/site-packages/airflow/example_dags/example_branch_labels.py took 0.039 seconds
[2024-09-18T20:48:52.759+0000] {processor.py:153} INFO - Started process (PID=2752) to work on /home/airflow/.local/lib/python3.7/site-packages/airflow/example_dags/example_branch_labels.py
[2024-09-18T20:48:52.759+0000] {processor.py:640} INFO - Processing file /home/airflow/.local/lib/python3.7/site-packages/airflow/example_dags/example_branch_labels.py for tasks to queue
[2024-09-18T20:48:52.760+0000] {logging_mixin.py:115} INFO - [2024-09-18T20:48:52.760+0000] {dagbag.py:508} INFO - Filling up the DagBag from /home/airflow/.local/lib/python3.7/site-packages/airflow/example_dags/example_branch_labels.py
[2024-09-18T20:48:52.764+0000] {processor.py:650} INFO - DAG(s) dict_keys(['example_branch_labels']) retrieved from /home/airflow/.local/lib/python3.7/site-packages/airflow/example_dags/example_branch_labels.py
[2024-09-18T20:48:52.776+0000] {logging_mixin.py:115} INFO - [2024-09-18T20:48:52.776+0000] {dag.py:2429} INFO - Sync 1 DAGs
[2024-09-18T20:48:52.787+0000] {logging_mixin.py:115} INFO - [2024-09-18T20:48:52.787+0000] {dag.py:2981} INFO - Setting next_dagrun for example_branch_labels to 2024-09-17T00:00:00+00:00, run_after=2024-09-18T00:00:00+00:00
[2024-09-18T20:48:52.793+0000] {processor.py:161} INFO - Processing /home/airflow/.local/lib/python3.7/site-packages/airflow/example_dags/example_branch_labels.py took 0.035 seconds
[2024-09-18T20:49:23.003+0000] {processor.py:153} INFO - Started process (PID=2951) to work on /home/airflow/.local/lib/python3.7/site-packages/airflow/example_dags/example_branch_labels.py
[2024-09-18T20:49:23.003+0000] {processor.py:640} INFO - Processing file /home/airflow/.local/lib/python3.7/site-packages/airflow/example_dags/example_branch_labels.py for tasks to queue
[2024-09-18T20:49:23.003+0000] {logging_mixin.py:115} INFO - [2024-09-18T20:49:23.003+0000] {dagbag.py:508} INFO - Filling up the DagBag from /home/airflow/.local/lib/python3.7/site-packages/airflow/example_dags/example_branch_labels.py
[2024-09-18T20:49:23.006+0000] {processor.py:650} INFO - DAG(s) dict_keys(['example_branch_labels']) retrieved from /home/airflow/.local/lib/python3.7/site-packages/airflow/example_dags/example_branch_labels.py
[2024-09-18T20:49:23.020+0000] {logging_mixin.py:115} INFO - [2024-09-18T20:49:23.019+0000] {dag.py:2429} INFO - Sync 1 DAGs
[2024-09-18T20:49:23.034+0000] {logging_mixin.py:115} INFO - [2024-09-18T20:49:23.034+0000] {dag.py:2981} INFO - Setting next_dagrun for example_branch_labels to 2024-09-17T00:00:00+00:00, run_after=2024-09-18T00:00:00+00:00
[2024-09-18T20:49:23.040+0000] {processor.py:161} INFO - Processing /home/airflow/.local/lib/python3.7/site-packages/airflow/example_dags/example_branch_labels.py took 0.039 seconds
[2024-09-18T20:49:53.169+0000] {processor.py:153} INFO - Started process (PID=3144) to work on /home/airflow/.local/lib/python3.7/site-packages/airflow/example_dags/example_branch_labels.py
[2024-09-18T20:49:53.170+0000] {processor.py:640} INFO - Processing file /home/airflow/.local/lib/python3.7/site-packages/airflow/example_dags/example_branch_labels.py for tasks to queue
[2024-09-18T20:49:53.171+0000] {logging_mixin.py:115} INFO - [2024-09-18T20:49:53.171+0000] {dagbag.py:508} INFO - Filling up the DagBag from /home/airflow/.local/lib/python3.7/site-packages/airflow/example_dags/example_branch_labels.py
[2024-09-18T20:49:53.177+0000] {processor.py:650} INFO - DAG(s) dict_keys(['example_branch_labels']) retrieved from /home/airflow/.local/lib/python3.7/site-packages/airflow/example_dags/example_branch_labels.py
[2024-09-18T20:49:53.189+0000] {logging_mixin.py:115} INFO - [2024-09-18T20:49:53.189+0000] {dag.py:2429} INFO - Sync 1 DAGs
[2024-09-18T20:49:53.202+0000] {logging_mixin.py:115} INFO - [2024-09-18T20:49:53.202+0000] {dag.py:2981} INFO - Setting next_dagrun for example_branch_labels to 2024-09-17T00:00:00+00:00, run_after=2024-09-18T00:00:00+00:00
[2024-09-18T20:49:53.207+0000] {processor.py:161} INFO - Processing /home/airflow/.local/lib/python3.7/site-packages/airflow/example_dags/example_branch_labels.py took 0.041 seconds
[2024-09-18T20:50:23.489+0000] {processor.py:153} INFO - Started process (PID=3335) to work on /home/airflow/.local/lib/python3.7/site-packages/airflow/example_dags/example_branch_labels.py
[2024-09-18T20:50:23.491+0000] {processor.py:640} INFO - Processing file /home/airflow/.local/lib/python3.7/site-packages/airflow/example_dags/example_branch_labels.py for tasks to queue
[2024-09-18T20:50:23.492+0000] {logging_mixin.py:115} INFO - [2024-09-18T20:50:23.492+0000] {dagbag.py:508} INFO - Filling up the DagBag from /home/airflow/.local/lib/python3.7/site-packages/airflow/example_dags/example_branch_labels.py
[2024-09-18T20:50:23.495+0000] {processor.py:650} INFO - DAG(s) dict_keys(['example_branch_labels']) retrieved from /home/airflow/.local/lib/python3.7/site-packages/airflow/example_dags/example_branch_labels.py
[2024-09-18T20:50:23.509+0000] {logging_mixin.py:115} INFO - [2024-09-18T20:50:23.509+0000] {dag.py:2429} INFO - Sync 1 DAGs
[2024-09-18T20:50:23.522+0000] {logging_mixin.py:115} INFO - [2024-09-18T20:50:23.522+0000] {dag.py:2981} INFO - Setting next_dagrun for example_branch_labels to 2024-09-17T00:00:00+00:00, run_after=2024-09-18T00:00:00+00:00
[2024-09-18T20:50:23.528+0000] {processor.py:161} INFO - Processing /home/airflow/.local/lib/python3.7/site-packages/airflow/example_dags/example_branch_labels.py took 0.041 seconds
[2024-09-18T20:50:53.729+0000] {processor.py:153} INFO - Started process (PID=3532) to work on /home/airflow/.local/lib/python3.7/site-packages/airflow/example_dags/example_branch_labels.py
[2024-09-18T20:50:53.731+0000] {processor.py:640} INFO - Processing file /home/airflow/.local/lib/python3.7/site-packages/airflow/example_dags/example_branch_labels.py for tasks to queue
[2024-09-18T20:50:53.731+0000] {logging_mixin.py:115} INFO - [2024-09-18T20:50:53.731+0000] {dagbag.py:508} INFO - Filling up the DagBag from /home/airflow/.local/lib/python3.7/site-packages/airflow/example_dags/example_branch_labels.py
[2024-09-18T20:50:53.734+0000] {processor.py:650} INFO - DAG(s) dict_keys(['example_branch_labels']) retrieved from /home/airflow/.local/lib/python3.7/site-packages/airflow/example_dags/example_branch_labels.py
[2024-09-18T20:50:53.747+0000] {logging_mixin.py:115} INFO - [2024-09-18T20:50:53.747+0000] {dag.py:2429} INFO - Sync 1 DAGs
[2024-09-18T20:50:53.761+0000] {logging_mixin.py:115} INFO - [2024-09-18T20:50:53.761+0000] {dag.py:2981} INFO - Setting next_dagrun for example_branch_labels to 2024-09-17T00:00:00+00:00, run_after=2024-09-18T00:00:00+00:00
[2024-09-18T20:50:53.766+0000] {processor.py:161} INFO - Processing /home/airflow/.local/lib/python3.7/site-packages/airflow/example_dags/example_branch_labels.py took 0.039 seconds
[2024-09-18T20:51:23.951+0000] {processor.py:153} INFO - Started process (PID=3731) to work on /home/airflow/.local/lib/python3.7/site-packages/airflow/example_dags/example_branch_labels.py
[2024-09-18T20:51:23.951+0000] {processor.py:640} INFO - Processing file /home/airflow/.local/lib/python3.7/site-packages/airflow/example_dags/example_branch_labels.py for tasks to queue
[2024-09-18T20:51:23.952+0000] {logging_mixin.py:115} INFO - [2024-09-18T20:51:23.952+0000] {dagbag.py:508} INFO - Filling up the DagBag from /home/airflow/.local/lib/python3.7/site-packages/airflow/example_dags/example_branch_labels.py
[2024-09-18T20:51:23.954+0000] {processor.py:650} INFO - DAG(s) dict_keys(['example_branch_labels']) retrieved from /home/airflow/.local/lib/python3.7/site-packages/airflow/example_dags/example_branch_labels.py
[2024-09-18T20:51:23.964+0000] {logging_mixin.py:115} INFO - [2024-09-18T20:51:23.964+0000] {dag.py:2429} INFO - Sync 1 DAGs
[2024-09-18T20:51:23.974+0000] {logging_mixin.py:115} INFO - [2024-09-18T20:51:23.974+0000] {dag.py:2981} INFO - Setting next_dagrun for example_branch_labels to 2024-09-17T00:00:00+00:00, run_after=2024-09-18T00:00:00+00:00
[2024-09-18T20:51:23.978+0000] {processor.py:161} INFO - Processing /home/airflow/.local/lib/python3.7/site-packages/airflow/example_dags/example_branch_labels.py took 0.028 seconds
[2024-09-18T20:51:54.085+0000] {processor.py:153} INFO - Started process (PID=3926) to work on /home/airflow/.local/lib/python3.7/site-packages/airflow/example_dags/example_branch_labels.py
[2024-09-18T20:51:54.086+0000] {processor.py:640} INFO - Processing file /home/airflow/.local/lib/python3.7/site-packages/airflow/example_dags/example_branch_labels.py for tasks to queue
[2024-09-18T20:51:54.087+0000] {logging_mixin.py:115} INFO - [2024-09-18T20:51:54.087+0000] {dagbag.py:508} INFO - Filling up the DagBag from /home/airflow/.local/lib/python3.7/site-packages/airflow/example_dags/example_branch_labels.py
[2024-09-18T20:51:54.090+0000] {processor.py:650} INFO - DAG(s) dict_keys(['example_branch_labels']) retrieved from /home/airflow/.local/lib/python3.7/site-packages/airflow/example_dags/example_branch_labels.py
[2024-09-18T20:51:54.101+0000] {logging_mixin.py:115} INFO - [2024-09-18T20:51:54.101+0000] {dag.py:2429} INFO - Sync 1 DAGs
[2024-09-18T20:51:54.114+0000] {logging_mixin.py:115} INFO - [2024-09-18T20:51:54.114+0000] {dag.py:2981} INFO - Setting next_dagrun for example_branch_labels to 2024-09-17T00:00:00+00:00, run_after=2024-09-18T00:00:00+00:00
[2024-09-18T20:51:54.119+0000] {processor.py:161} INFO - Processing /home/airflow/.local/lib/python3.7/site-packages/airflow/example_dags/example_branch_labels.py took 0.036 seconds
[2024-09-18T20:52:24.255+0000] {processor.py:153} INFO - Started process (PID=4121) to work on /home/airflow/.local/lib/python3.7/site-packages/airflow/example_dags/example_branch_labels.py
[2024-09-18T20:52:24.257+0000] {processor.py:640} INFO - Processing file /home/airflow/.local/lib/python3.7/site-packages/airflow/example_dags/example_branch_labels.py for tasks to queue
[2024-09-18T20:52:24.258+0000] {logging_mixin.py:115} INFO - [2024-09-18T20:52:24.257+0000] {dagbag.py:508} INFO - Filling up the DagBag from /home/airflow/.local/lib/python3.7/site-packages/airflow/example_dags/example_branch_labels.py
[2024-09-18T20:52:24.260+0000] {processor.py:650} INFO - DAG(s) dict_keys(['example_branch_labels']) retrieved from /home/airflow/.local/lib/python3.7/site-packages/airflow/example_dags/example_branch_labels.py
[2024-09-18T20:52:24.271+0000] {logging_mixin.py:115} INFO - [2024-09-18T20:52:24.271+0000] {dag.py:2429} INFO - Sync 1 DAGs
[2024-09-18T20:52:24.284+0000] {logging_mixin.py:115} INFO - [2024-09-18T20:52:24.284+0000] {dag.py:2981} INFO - Setting next_dagrun for example_branch_labels to 2024-09-17T00:00:00+00:00, run_after=2024-09-18T00:00:00+00:00
[2024-09-18T20:52:24.288+0000] {processor.py:161} INFO - Processing /home/airflow/.local/lib/python3.7/site-packages/airflow/example_dags/example_branch_labels.py took 0.035 seconds
[2024-09-18T20:52:54.327+0000] {processor.py:153} INFO - Started process (PID=4318) to work on /home/airflow/.local/lib/python3.7/site-packages/airflow/example_dags/example_branch_labels.py
[2024-09-18T20:52:54.328+0000] {processor.py:640} INFO - Processing file /home/airflow/.local/lib/python3.7/site-packages/airflow/example_dags/example_branch_labels.py for tasks to queue
[2024-09-18T20:52:54.328+0000] {logging_mixin.py:115} INFO - [2024-09-18T20:52:54.328+0000] {dagbag.py:508} INFO - Filling up the DagBag from /home/airflow/.local/lib/python3.7/site-packages/airflow/example_dags/example_branch_labels.py
[2024-09-18T20:52:54.331+0000] {processor.py:650} INFO - DAG(s) dict_keys(['example_branch_labels']) retrieved from /home/airflow/.local/lib/python3.7/site-packages/airflow/example_dags/example_branch_labels.py
[2024-09-18T20:52:54.344+0000] {logging_mixin.py:115} INFO - [2024-09-18T20:52:54.344+0000] {dag.py:2429} INFO - Sync 1 DAGs
[2024-09-18T20:52:54.355+0000] {logging_mixin.py:115} INFO - [2024-09-18T20:52:54.355+0000] {dag.py:2981} INFO - Setting next_dagrun for example_branch_labels to 2024-09-17T00:00:00+00:00, run_after=2024-09-18T00:00:00+00:00
[2024-09-18T20:52:54.360+0000] {processor.py:161} INFO - Processing /home/airflow/.local/lib/python3.7/site-packages/airflow/example_dags/example_branch_labels.py took 0.034 seconds
[2024-09-18T20:53:24.534+0000] {processor.py:153} INFO - Started process (PID=4506) to work on /home/airflow/.local/lib/python3.7/site-packages/airflow/example_dags/example_branch_labels.py
[2024-09-18T20:53:24.535+0000] {processor.py:640} INFO - Processing file /home/airflow/.local/lib/python3.7/site-packages/airflow/example_dags/example_branch_labels.py for tasks to queue
[2024-09-18T20:53:24.535+0000] {logging_mixin.py:115} INFO - [2024-09-18T20:53:24.535+0000] {dagbag.py:508} INFO - Filling up the DagBag from /home/airflow/.local/lib/python3.7/site-packages/airflow/example_dags/example_branch_labels.py
[2024-09-18T20:53:24.537+0000] {processor.py:650} INFO - DAG(s) dict_keys(['example_branch_labels']) retrieved from /home/airflow/.local/lib/python3.7/site-packages/airflow/example_dags/example_branch_labels.py
[2024-09-18T20:53:24.550+0000] {logging_mixin.py:115} INFO - [2024-09-18T20:53:24.550+0000] {dag.py:2429} INFO - Sync 1 DAGs
[2024-09-18T20:53:24.561+0000] {logging_mixin.py:115} INFO - [2024-09-18T20:53:24.561+0000] {dag.py:2981} INFO - Setting next_dagrun for example_branch_labels to 2024-09-17T00:00:00+00:00, run_after=2024-09-18T00:00:00+00:00
[2024-09-18T20:53:24.565+0000] {processor.py:161} INFO - Processing /home/airflow/.local/lib/python3.7/site-packages/airflow/example_dags/example_branch_labels.py took 0.032 seconds
[2024-09-18T20:53:54.603+0000] {processor.py:153} INFO - Started process (PID=4703) to work on /home/airflow/.local/lib/python3.7/site-packages/airflow/example_dags/example_branch_labels.py
[2024-09-18T20:53:54.606+0000] {processor.py:640} INFO - Processing file /home/airflow/.local/lib/python3.7/site-packages/airflow/example_dags/example_branch_labels.py for tasks to queue
[2024-09-18T20:53:54.607+0000] {logging_mixin.py:115} INFO - [2024-09-18T20:53:54.607+0000] {dagbag.py:508} INFO - Filling up the DagBag from /home/airflow/.local/lib/python3.7/site-packages/airflow/example_dags/example_branch_labels.py
[2024-09-18T20:53:54.609+0000] {processor.py:650} INFO - DAG(s) dict_keys(['example_branch_labels']) retrieved from /home/airflow/.local/lib/python3.7/site-packages/airflow/example_dags/example_branch_labels.py
[2024-09-18T20:53:54.620+0000] {logging_mixin.py:115} INFO - [2024-09-18T20:53:54.620+0000] {dag.py:2429} INFO - Sync 1 DAGs
[2024-09-18T20:53:54.634+0000] {logging_mixin.py:115} INFO - [2024-09-18T20:53:54.634+0000] {dag.py:2981} INFO - Setting next_dagrun for example_branch_labels to 2024-09-17T00:00:00+00:00, run_after=2024-09-18T00:00:00+00:00
[2024-09-18T20:53:54.637+0000] {processor.py:161} INFO - Processing /home/airflow/.local/lib/python3.7/site-packages/airflow/example_dags/example_branch_labels.py took 0.035 seconds
[2024-09-18T20:54:24.737+0000] {processor.py:153} INFO - Started process (PID=4899) to work on /home/airflow/.local/lib/python3.7/site-packages/airflow/example_dags/example_branch_labels.py
[2024-09-18T20:54:24.741+0000] {processor.py:640} INFO - Processing file /home/airflow/.local/lib/python3.7/site-packages/airflow/example_dags/example_branch_labels.py for tasks to queue
[2024-09-18T20:54:24.741+0000] {logging_mixin.py:115} INFO - [2024-09-18T20:54:24.741+0000] {dagbag.py:508} INFO - Filling up the DagBag from /home/airflow/.local/lib/python3.7/site-packages/airflow/example_dags/example_branch_labels.py
[2024-09-18T20:54:24.744+0000] {processor.py:650} INFO - DAG(s) dict_keys(['example_branch_labels']) retrieved from /home/airflow/.local/lib/python3.7/site-packages/airflow/example_dags/example_branch_labels.py
[2024-09-18T20:54:24.755+0000] {logging_mixin.py:115} INFO - [2024-09-18T20:54:24.755+0000] {dag.py:2429} INFO - Sync 1 DAGs
[2024-09-18T20:54:24.769+0000] {logging_mixin.py:115} INFO - [2024-09-18T20:54:24.769+0000] {dag.py:2981} INFO - Setting next_dagrun for example_branch_labels to 2024-09-17T00:00:00+00:00, run_after=2024-09-18T00:00:00+00:00
[2024-09-18T20:54:24.774+0000] {processor.py:161} INFO - Processing /home/airflow/.local/lib/python3.7/site-packages/airflow/example_dags/example_branch_labels.py took 0.038 seconds
[2024-09-18T20:54:54.904+0000] {processor.py:153} INFO - Started process (PID=5096) to work on /home/airflow/.local/lib/python3.7/site-packages/airflow/example_dags/example_branch_labels.py
[2024-09-18T20:54:54.907+0000] {processor.py:640} INFO - Processing file /home/airflow/.local/lib/python3.7/site-packages/airflow/example_dags/example_branch_labels.py for tasks to queue
[2024-09-18T20:54:54.908+0000] {logging_mixin.py:115} INFO - [2024-09-18T20:54:54.908+0000] {dagbag.py:508} INFO - Filling up the DagBag from /home/airflow/.local/lib/python3.7/site-packages/airflow/example_dags/example_branch_labels.py
[2024-09-18T20:54:54.912+0000] {processor.py:650} INFO - DAG(s) dict_keys(['example_branch_labels']) retrieved from /home/airflow/.local/lib/python3.7/site-packages/airflow/example_dags/example_branch_labels.py
[2024-09-18T20:54:54.924+0000] {logging_mixin.py:115} INFO - [2024-09-18T20:54:54.924+0000] {dag.py:2429} INFO - Sync 1 DAGs
[2024-09-18T20:54:54.939+0000] {logging_mixin.py:115} INFO - [2024-09-18T20:54:54.939+0000] {dag.py:2981} INFO - Setting next_dagrun for example_branch_labels to 2024-09-17T00:00:00+00:00, run_after=2024-09-18T00:00:00+00:00
[2024-09-18T20:54:54.944+0000] {processor.py:161} INFO - Processing /home/airflow/.local/lib/python3.7/site-packages/airflow/example_dags/example_branch_labels.py took 0.041 seconds
[2024-09-18T20:55:25.221+0000] {processor.py:153} INFO - Started process (PID=5292) to work on /home/airflow/.local/lib/python3.7/site-packages/airflow/example_dags/example_branch_labels.py
[2024-09-18T20:55:25.221+0000] {processor.py:640} INFO - Processing file /home/airflow/.local/lib/python3.7/site-packages/airflow/example_dags/example_branch_labels.py for tasks to queue
[2024-09-18T20:55:25.221+0000] {logging_mixin.py:115} INFO - [2024-09-18T20:55:25.221+0000] {dagbag.py:508} INFO - Filling up the DagBag from /home/airflow/.local/lib/python3.7/site-packages/airflow/example_dags/example_branch_labels.py
[2024-09-18T20:55:25.224+0000] {processor.py:650} INFO - DAG(s) dict_keys(['example_branch_labels']) retrieved from /home/airflow/.local/lib/python3.7/site-packages/airflow/example_dags/example_branch_labels.py
[2024-09-18T20:55:25.236+0000] {logging_mixin.py:115} INFO - [2024-09-18T20:55:25.236+0000] {dag.py:2429} INFO - Sync 1 DAGs
[2024-09-18T20:55:25.248+0000] {logging_mixin.py:115} INFO - [2024-09-18T20:55:25.248+0000] {dag.py:2981} INFO - Setting next_dagrun for example_branch_labels to 2024-09-17T00:00:00+00:00, run_after=2024-09-18T00:00:00+00:00
[2024-09-18T20:55:25.254+0000] {processor.py:161} INFO - Processing /home/airflow/.local/lib/python3.7/site-packages/airflow/example_dags/example_branch_labels.py took 0.034 seconds
[2024-09-18T20:55:55.315+0000] {processor.py:153} INFO - Started process (PID=5489) to work on /home/airflow/.local/lib/python3.7/site-packages/airflow/example_dags/example_branch_labels.py
[2024-09-18T20:55:55.318+0000] {processor.py:640} INFO - Processing file /home/airflow/.local/lib/python3.7/site-packages/airflow/example_dags/example_branch_labels.py for tasks to queue
[2024-09-18T20:55:55.319+0000] {logging_mixin.py:115} INFO - [2024-09-18T20:55:55.319+0000] {dagbag.py:508} INFO - Filling up the DagBag from /home/airflow/.local/lib/python3.7/site-packages/airflow/example_dags/example_branch_labels.py
[2024-09-18T20:55:55.322+0000] {processor.py:650} INFO - DAG(s) dict_keys(['example_branch_labels']) retrieved from /home/airflow/.local/lib/python3.7/site-packages/airflow/example_dags/example_branch_labels.py
[2024-09-18T20:55:55.333+0000] {logging_mixin.py:115} INFO - [2024-09-18T20:55:55.333+0000] {dag.py:2429} INFO - Sync 1 DAGs
[2024-09-18T20:55:55.348+0000] {logging_mixin.py:115} INFO - [2024-09-18T20:55:55.348+0000] {dag.py:2981} INFO - Setting next_dagrun for example_branch_labels to 2024-09-17T00:00:00+00:00, run_after=2024-09-18T00:00:00+00:00
[2024-09-18T20:55:55.353+0000] {processor.py:161} INFO - Processing /home/airflow/.local/lib/python3.7/site-packages/airflow/example_dags/example_branch_labels.py took 0.039 seconds
[2024-09-18T20:56:25.514+0000] {processor.py:153} INFO - Started process (PID=5679) to work on /home/airflow/.local/lib/python3.7/site-packages/airflow/example_dags/example_branch_labels.py
[2024-09-18T20:56:25.514+0000] {processor.py:640} INFO - Processing file /home/airflow/.local/lib/python3.7/site-packages/airflow/example_dags/example_branch_labels.py for tasks to queue
[2024-09-18T20:56:25.514+0000] {logging_mixin.py:115} INFO - [2024-09-18T20:56:25.514+0000] {dagbag.py:508} INFO - Filling up the DagBag from /home/airflow/.local/lib/python3.7/site-packages/airflow/example_dags/example_branch_labels.py
[2024-09-18T20:56:25.518+0000] {processor.py:650} INFO - DAG(s) dict_keys(['example_branch_labels']) retrieved from /home/airflow/.local/lib/python3.7/site-packages/airflow/example_dags/example_branch_labels.py
[2024-09-18T20:56:25.530+0000] {logging_mixin.py:115} INFO - [2024-09-18T20:56:25.530+0000] {dag.py:2429} INFO - Sync 1 DAGs
[2024-09-18T20:56:25.543+0000] {logging_mixin.py:115} INFO - [2024-09-18T20:56:25.543+0000] {dag.py:2981} INFO - Setting next_dagrun for example_branch_labels to 2024-09-17T00:00:00+00:00, run_after=2024-09-18T00:00:00+00:00
[2024-09-18T20:56:25.548+0000] {processor.py:161} INFO - Processing /home/airflow/.local/lib/python3.7/site-packages/airflow/example_dags/example_branch_labels.py took 0.036 seconds
[2024-09-18T20:56:55.589+0000] {processor.py:153} INFO - Started process (PID=5876) to work on /home/airflow/.local/lib/python3.7/site-packages/airflow/example_dags/example_branch_labels.py
[2024-09-18T20:56:55.589+0000] {processor.py:640} INFO - Processing file /home/airflow/.local/lib/python3.7/site-packages/airflow/example_dags/example_branch_labels.py for tasks to queue
[2024-09-18T20:56:55.589+0000] {logging_mixin.py:115} INFO - [2024-09-18T20:56:55.589+0000] {dagbag.py:508} INFO - Filling up the DagBag from /home/airflow/.local/lib/python3.7/site-packages/airflow/example_dags/example_branch_labels.py
[2024-09-18T20:56:55.592+0000] {processor.py:650} INFO - DAG(s) dict_keys(['example_branch_labels']) retrieved from /home/airflow/.local/lib/python3.7/site-packages/airflow/example_dags/example_branch_labels.py
[2024-09-18T20:56:55.603+0000] {logging_mixin.py:115} INFO - [2024-09-18T20:56:55.603+0000] {dag.py:2429} INFO - Sync 1 DAGs
[2024-09-18T20:56:55.613+0000] {logging_mixin.py:115} INFO - [2024-09-18T20:56:55.613+0000] {dag.py:2981} INFO - Setting next_dagrun for example_branch_labels to 2024-09-17T00:00:00+00:00, run_after=2024-09-18T00:00:00+00:00
[2024-09-18T20:56:55.618+0000] {processor.py:161} INFO - Processing /home/airflow/.local/lib/python3.7/site-packages/airflow/example_dags/example_branch_labels.py took 0.030 seconds
[2024-09-18T20:57:25.691+0000] {processor.py:153} INFO - Started process (PID=6071) to work on /home/airflow/.local/lib/python3.7/site-packages/airflow/example_dags/example_branch_labels.py
[2024-09-18T20:57:25.693+0000] {processor.py:640} INFO - Processing file /home/airflow/.local/lib/python3.7/site-packages/airflow/example_dags/example_branch_labels.py for tasks to queue
[2024-09-18T20:57:25.693+0000] {logging_mixin.py:115} INFO - [2024-09-18T20:57:25.693+0000] {dagbag.py:508} INFO - Filling up the DagBag from /home/airflow/.local/lib/python3.7/site-packages/airflow/example_dags/example_branch_labels.py
[2024-09-18T20:57:25.698+0000] {processor.py:650} INFO - DAG(s) dict_keys(['example_branch_labels']) retrieved from /home/airflow/.local/lib/python3.7/site-packages/airflow/example_dags/example_branch_labels.py
[2024-09-18T20:57:25.708+0000] {logging_mixin.py:115} INFO - [2024-09-18T20:57:25.708+0000] {dag.py:2429} INFO - Sync 1 DAGs
[2024-09-18T20:57:25.719+0000] {logging_mixin.py:115} INFO - [2024-09-18T20:57:25.719+0000] {dag.py:2981} INFO - Setting next_dagrun for example_branch_labels to 2024-09-17T00:00:00+00:00, run_after=2024-09-18T00:00:00+00:00
[2024-09-18T20:57:25.723+0000] {processor.py:161} INFO - Processing /home/airflow/.local/lib/python3.7/site-packages/airflow/example_dags/example_branch_labels.py took 0.034 seconds
[2024-09-18T20:57:55.890+0000] {processor.py:153} INFO - Started process (PID=6270) to work on /home/airflow/.local/lib/python3.7/site-packages/airflow/example_dags/example_branch_labels.py
[2024-09-18T20:57:55.890+0000] {processor.py:640} INFO - Processing file /home/airflow/.local/lib/python3.7/site-packages/airflow/example_dags/example_branch_labels.py for tasks to queue
[2024-09-18T20:57:55.890+0000] {logging_mixin.py:115} INFO - [2024-09-18T20:57:55.890+0000] {dagbag.py:508} INFO - Filling up the DagBag from /home/airflow/.local/lib/python3.7/site-packages/airflow/example_dags/example_branch_labels.py
[2024-09-18T20:57:55.893+0000] {processor.py:650} INFO - DAG(s) dict_keys(['example_branch_labels']) retrieved from /home/airflow/.local/lib/python3.7/site-packages/airflow/example_dags/example_branch_labels.py
[2024-09-18T20:57:55.903+0000] {logging_mixin.py:115} INFO - [2024-09-18T20:57:55.903+0000] {dag.py:2429} INFO - Sync 1 DAGs
[2024-09-18T20:57:55.912+0000] {logging_mixin.py:115} INFO - [2024-09-18T20:57:55.912+0000] {dag.py:2981} INFO - Setting next_dagrun for example_branch_labels to 2024-09-17T00:00:00+00:00, run_after=2024-09-18T00:00:00+00:00
[2024-09-18T20:57:55.916+0000] {processor.py:161} INFO - Processing /home/airflow/.local/lib/python3.7/site-packages/airflow/example_dags/example_branch_labels.py took 0.028 seconds
[2024-09-18T20:58:26.040+0000] {processor.py:153} INFO - Started process (PID=6464) to work on /home/airflow/.local/lib/python3.7/site-packages/airflow/example_dags/example_branch_labels.py
[2024-09-18T20:58:26.040+0000] {processor.py:640} INFO - Processing file /home/airflow/.local/lib/python3.7/site-packages/airflow/example_dags/example_branch_labels.py for tasks to queue
[2024-09-18T20:58:26.041+0000] {logging_mixin.py:115} INFO - [2024-09-18T20:58:26.041+0000] {dagbag.py:508} INFO - Filling up the DagBag from /home/airflow/.local/lib/python3.7/site-packages/airflow/example_dags/example_branch_labels.py
[2024-09-18T20:58:26.044+0000] {processor.py:650} INFO - DAG(s) dict_keys(['example_branch_labels']) retrieved from /home/airflow/.local/lib/python3.7/site-packages/airflow/example_dags/example_branch_labels.py
[2024-09-18T20:58:26.058+0000] {logging_mixin.py:115} INFO - [2024-09-18T20:58:26.058+0000] {dag.py:2429} INFO - Sync 1 DAGs
[2024-09-18T20:58:26.070+0000] {logging_mixin.py:115} INFO - [2024-09-18T20:58:26.070+0000] {dag.py:2981} INFO - Setting next_dagrun for example_branch_labels to 2024-09-17T00:00:00+00:00, run_after=2024-09-18T00:00:00+00:00
[2024-09-18T20:58:26.076+0000] {processor.py:161} INFO - Processing /home/airflow/.local/lib/python3.7/site-packages/airflow/example_dags/example_branch_labels.py took 0.038 seconds
[2024-09-18T20:58:56.211+0000] {processor.py:153} INFO - Started process (PID=6658) to work on /home/airflow/.local/lib/python3.7/site-packages/airflow/example_dags/example_branch_labels.py
[2024-09-18T20:58:56.214+0000] {processor.py:640} INFO - Processing file /home/airflow/.local/lib/python3.7/site-packages/airflow/example_dags/example_branch_labels.py for tasks to queue
[2024-09-18T20:58:56.214+0000] {logging_mixin.py:115} INFO - [2024-09-18T20:58:56.214+0000] {dagbag.py:508} INFO - Filling up the DagBag from /home/airflow/.local/lib/python3.7/site-packages/airflow/example_dags/example_branch_labels.py
[2024-09-18T20:58:56.217+0000] {processor.py:650} INFO - DAG(s) dict_keys(['example_branch_labels']) retrieved from /home/airflow/.local/lib/python3.7/site-packages/airflow/example_dags/example_branch_labels.py
[2024-09-18T20:58:56.231+0000] {logging_mixin.py:115} INFO - [2024-09-18T20:58:56.231+0000] {dag.py:2429} INFO - Sync 1 DAGs
[2024-09-18T20:58:56.243+0000] {logging_mixin.py:115} INFO - [2024-09-18T20:58:56.243+0000] {dag.py:2981} INFO - Setting next_dagrun for example_branch_labels to 2024-09-17T00:00:00+00:00, run_after=2024-09-18T00:00:00+00:00
[2024-09-18T20:58:56.248+0000] {processor.py:161} INFO - Processing /home/airflow/.local/lib/python3.7/site-packages/airflow/example_dags/example_branch_labels.py took 0.039 seconds
[2024-09-18T20:59:26.523+0000] {processor.py:153} INFO - Started process (PID=6849) to work on /home/airflow/.local/lib/python3.7/site-packages/airflow/example_dags/example_branch_labels.py
[2024-09-18T20:59:26.523+0000] {processor.py:640} INFO - Processing file /home/airflow/.local/lib/python3.7/site-packages/airflow/example_dags/example_branch_labels.py for tasks to queue
[2024-09-18T20:59:26.524+0000] {logging_mixin.py:115} INFO - [2024-09-18T20:59:26.524+0000] {dagbag.py:508} INFO - Filling up the DagBag from /home/airflow/.local/lib/python3.7/site-packages/airflow/example_dags/example_branch_labels.py
[2024-09-18T20:59:26.528+0000] {processor.py:650} INFO - DAG(s) dict_keys(['example_branch_labels']) retrieved from /home/airflow/.local/lib/python3.7/site-packages/airflow/example_dags/example_branch_labels.py
[2024-09-18T20:59:26.540+0000] {logging_mixin.py:115} INFO - [2024-09-18T20:59:26.540+0000] {dag.py:2429} INFO - Sync 1 DAGs
[2024-09-18T20:59:26.551+0000] {logging_mixin.py:115} INFO - [2024-09-18T20:59:26.551+0000] {dag.py:2981} INFO - Setting next_dagrun for example_branch_labels to 2024-09-17T00:00:00+00:00, run_after=2024-09-18T00:00:00+00:00
[2024-09-18T20:59:26.557+0000] {processor.py:161} INFO - Processing /home/airflow/.local/lib/python3.7/site-packages/airflow/example_dags/example_branch_labels.py took 0.035 seconds
[2024-09-18T20:59:56.781+0000] {processor.py:153} INFO - Started process (PID=7048) to work on /home/airflow/.local/lib/python3.7/site-packages/airflow/example_dags/example_branch_labels.py
[2024-09-18T20:59:56.781+0000] {processor.py:640} INFO - Processing file /home/airflow/.local/lib/python3.7/site-packages/airflow/example_dags/example_branch_labels.py for tasks to queue
[2024-09-18T20:59:56.781+0000] {logging_mixin.py:115} INFO - [2024-09-18T20:59:56.781+0000] {dagbag.py:508} INFO - Filling up the DagBag from /home/airflow/.local/lib/python3.7/site-packages/airflow/example_dags/example_branch_labels.py
[2024-09-18T20:59:56.784+0000] {processor.py:650} INFO - DAG(s) dict_keys(['example_branch_labels']) retrieved from /home/airflow/.local/lib/python3.7/site-packages/airflow/example_dags/example_branch_labels.py
[2024-09-18T20:59:56.798+0000] {logging_mixin.py:115} INFO - [2024-09-18T20:59:56.798+0000] {dag.py:2429} INFO - Sync 1 DAGs
[2024-09-18T20:59:56.808+0000] {logging_mixin.py:115} INFO - [2024-09-18T20:59:56.808+0000] {dag.py:2981} INFO - Setting next_dagrun for example_branch_labels to 2024-09-17T00:00:00+00:00, run_after=2024-09-18T00:00:00+00:00
[2024-09-18T20:59:56.813+0000] {processor.py:161} INFO - Processing /home/airflow/.local/lib/python3.7/site-packages/airflow/example_dags/example_branch_labels.py took 0.034 seconds
[2024-09-18T21:00:26.988+0000] {processor.py:153} INFO - Started process (PID=7243) to work on /home/airflow/.local/lib/python3.7/site-packages/airflow/example_dags/example_branch_labels.py
[2024-09-18T21:00:26.988+0000] {processor.py:640} INFO - Processing file /home/airflow/.local/lib/python3.7/site-packages/airflow/example_dags/example_branch_labels.py for tasks to queue
[2024-09-18T21:00:26.990+0000] {logging_mixin.py:115} INFO - [2024-09-18T21:00:26.990+0000] {dagbag.py:508} INFO - Filling up the DagBag from /home/airflow/.local/lib/python3.7/site-packages/airflow/example_dags/example_branch_labels.py
[2024-09-18T21:00:26.992+0000] {processor.py:650} INFO - DAG(s) dict_keys(['example_branch_labels']) retrieved from /home/airflow/.local/lib/python3.7/site-packages/airflow/example_dags/example_branch_labels.py
[2024-09-18T21:00:27.005+0000] {logging_mixin.py:115} INFO - [2024-09-18T21:00:27.005+0000] {dag.py:2429} INFO - Sync 1 DAGs
[2024-09-18T21:00:27.019+0000] {logging_mixin.py:115} INFO - [2024-09-18T21:00:27.019+0000] {dag.py:2981} INFO - Setting next_dagrun for example_branch_labels to 2024-09-17T00:00:00+00:00, run_after=2024-09-18T00:00:00+00:00
[2024-09-18T21:00:27.025+0000] {processor.py:161} INFO - Processing /home/airflow/.local/lib/python3.7/site-packages/airflow/example_dags/example_branch_labels.py took 0.038 seconds
