[2024-09-18T20:42:19.849+0000] {processor.py:153} INFO - Started process (PID=243) to work on /home/airflow/.local/lib/python3.7/site-packages/airflow/example_dags/example_xcom.py
[2024-09-18T20:42:19.850+0000] {processor.py:640} INFO - Processing file /home/airflow/.local/lib/python3.7/site-packages/airflow/example_dags/example_xcom.py for tasks to queue
[2024-09-18T20:42:19.851+0000] {logging_mixin.py:115} INFO - [2024-09-18T20:42:19.851+0000] {dagbag.py:508} INFO - Filling up the DagBag from /home/airflow/.local/lib/python3.7/site-packages/airflow/example_dags/example_xcom.py
[2024-09-18T20:42:19.859+0000] {processor.py:650} INFO - DAG(s) dict_keys(['example_xcom']) retrieved from /home/airflow/.local/lib/python3.7/site-packages/airflow/example_dags/example_xcom.py
[2024-09-18T20:42:19.909+0000] {logging_mixin.py:115} INFO - [2024-09-18T20:42:19.909+0000] {manager.py:508} INFO - Created Permission View: can edit on DAG:example_xcom
[2024-09-18T20:42:19.916+0000] {logging_mixin.py:115} INFO - [2024-09-18T20:42:19.916+0000] {manager.py:508} INFO - Created Permission View: can read on DAG:example_xcom
[2024-09-18T20:42:19.923+0000] {logging_mixin.py:115} INFO - [2024-09-18T20:42:19.923+0000] {manager.py:508} INFO - Created Permission View: can delete on DAG:example_xcom
[2024-09-18T20:42:19.924+0000] {logging_mixin.py:115} INFO - [2024-09-18T20:42:19.923+0000] {dag.py:2429} INFO - Sync 1 DAGs
[2024-09-18T20:42:19.928+0000] {logging_mixin.py:115} INFO - [2024-09-18T20:42:19.928+0000] {dag.py:2448} INFO - Creating ORM DAG for example_xcom
[2024-09-18T20:42:19.946+0000] {logging_mixin.py:115} INFO - [2024-09-18T20:42:19.946+0000] {dag.py:2981} INFO - Setting next_dagrun for example_xcom to 2021-01-01T00:00:00+00:00, run_after=2021-01-01T00:00:00+00:00
[2024-09-18T20:42:19.965+0000] {processor.py:161} INFO - Processing /home/airflow/.local/lib/python3.7/site-packages/airflow/example_dags/example_xcom.py took 0.118 seconds
[2024-09-18T20:42:50.511+0000] {processor.py:153} INFO - Started process (PID=441) to work on /home/airflow/.local/lib/python3.7/site-packages/airflow/example_dags/example_xcom.py
[2024-09-18T20:42:50.511+0000] {processor.py:640} INFO - Processing file /home/airflow/.local/lib/python3.7/site-packages/airflow/example_dags/example_xcom.py for tasks to queue
[2024-09-18T20:42:50.511+0000] {logging_mixin.py:115} INFO - [2024-09-18T20:42:50.511+0000] {dagbag.py:508} INFO - Filling up the DagBag from /home/airflow/.local/lib/python3.7/site-packages/airflow/example_dags/example_xcom.py
[2024-09-18T20:42:50.519+0000] {processor.py:650} INFO - DAG(s) dict_keys(['example_xcom']) retrieved from /home/airflow/.local/lib/python3.7/site-packages/airflow/example_dags/example_xcom.py
[2024-09-18T20:42:50.551+0000] {logging_mixin.py:115} INFO - [2024-09-18T20:42:50.551+0000] {dag.py:2429} INFO - Sync 1 DAGs
[2024-09-18T20:42:50.560+0000] {logging_mixin.py:115} INFO - [2024-09-18T20:42:50.560+0000] {dag.py:2981} INFO - Setting next_dagrun for example_xcom to 2021-01-01T00:00:00+00:00, run_after=2021-01-01T00:00:00+00:00
[2024-09-18T20:42:50.570+0000] {processor.py:161} INFO - Processing /home/airflow/.local/lib/python3.7/site-packages/airflow/example_dags/example_xcom.py took 0.060 seconds
[2024-09-18T20:43:20.715+0000] {processor.py:153} INFO - Started process (PID=638) to work on /home/airflow/.local/lib/python3.7/site-packages/airflow/example_dags/example_xcom.py
[2024-09-18T20:43:20.716+0000] {processor.py:640} INFO - Processing file /home/airflow/.local/lib/python3.7/site-packages/airflow/example_dags/example_xcom.py for tasks to queue
[2024-09-18T20:43:20.716+0000] {logging_mixin.py:115} INFO - [2024-09-18T20:43:20.716+0000] {dagbag.py:508} INFO - Filling up the DagBag from /home/airflow/.local/lib/python3.7/site-packages/airflow/example_dags/example_xcom.py
[2024-09-18T20:43:20.727+0000] {processor.py:650} INFO - DAG(s) dict_keys(['example_xcom']) retrieved from /home/airflow/.local/lib/python3.7/site-packages/airflow/example_dags/example_xcom.py
[2024-09-18T20:43:20.761+0000] {logging_mixin.py:115} INFO - [2024-09-18T20:43:20.760+0000] {dag.py:2429} INFO - Sync 1 DAGs
[2024-09-18T20:43:20.771+0000] {logging_mixin.py:115} INFO - [2024-09-18T20:43:20.771+0000] {dag.py:2981} INFO - Setting next_dagrun for example_xcom to 2021-01-01T00:00:00+00:00, run_after=2021-01-01T00:00:00+00:00
[2024-09-18T20:43:20.777+0000] {processor.py:161} INFO - Processing /home/airflow/.local/lib/python3.7/site-packages/airflow/example_dags/example_xcom.py took 0.064 seconds
[2024-09-18T20:43:50.935+0000] {processor.py:153} INFO - Started process (PID=833) to work on /home/airflow/.local/lib/python3.7/site-packages/airflow/example_dags/example_xcom.py
[2024-09-18T20:43:50.937+0000] {processor.py:640} INFO - Processing file /home/airflow/.local/lib/python3.7/site-packages/airflow/example_dags/example_xcom.py for tasks to queue
[2024-09-18T20:43:50.937+0000] {logging_mixin.py:115} INFO - [2024-09-18T20:43:50.937+0000] {dagbag.py:508} INFO - Filling up the DagBag from /home/airflow/.local/lib/python3.7/site-packages/airflow/example_dags/example_xcom.py
[2024-09-18T20:43:50.945+0000] {processor.py:650} INFO - DAG(s) dict_keys(['example_xcom']) retrieved from /home/airflow/.local/lib/python3.7/site-packages/airflow/example_dags/example_xcom.py
[2024-09-18T20:43:50.976+0000] {logging_mixin.py:115} INFO - [2024-09-18T20:43:50.976+0000] {dag.py:2429} INFO - Sync 1 DAGs
[2024-09-18T20:43:50.986+0000] {logging_mixin.py:115} INFO - [2024-09-18T20:43:50.986+0000] {dag.py:2981} INFO - Setting next_dagrun for example_xcom to 2021-01-01T00:00:00+00:00, run_after=2021-01-01T00:00:00+00:00
[2024-09-18T20:43:50.991+0000] {processor.py:161} INFO - Processing /home/airflow/.local/lib/python3.7/site-packages/airflow/example_dags/example_xcom.py took 0.058 seconds
[2024-09-18T20:44:21.135+0000] {processor.py:153} INFO - Started process (PID=1041) to work on /home/airflow/.local/lib/python3.7/site-packages/airflow/example_dags/example_xcom.py
[2024-09-18T20:44:21.135+0000] {processor.py:640} INFO - Processing file /home/airflow/.local/lib/python3.7/site-packages/airflow/example_dags/example_xcom.py for tasks to queue
[2024-09-18T20:44:21.136+0000] {logging_mixin.py:115} INFO - [2024-09-18T20:44:21.135+0000] {dagbag.py:508} INFO - Filling up the DagBag from /home/airflow/.local/lib/python3.7/site-packages/airflow/example_dags/example_xcom.py
[2024-09-18T20:44:21.144+0000] {processor.py:650} INFO - DAG(s) dict_keys(['example_xcom']) retrieved from /home/airflow/.local/lib/python3.7/site-packages/airflow/example_dags/example_xcom.py
[2024-09-18T20:44:21.174+0000] {logging_mixin.py:115} INFO - [2024-09-18T20:44:21.174+0000] {dag.py:2429} INFO - Sync 1 DAGs
[2024-09-18T20:44:21.187+0000] {logging_mixin.py:115} INFO - [2024-09-18T20:44:21.187+0000] {dag.py:2981} INFO - Setting next_dagrun for example_xcom to 2021-01-01T00:00:00+00:00, run_after=2021-01-01T00:00:00+00:00
[2024-09-18T20:44:21.203+0000] {processor.py:161} INFO - Processing /home/airflow/.local/lib/python3.7/site-packages/airflow/example_dags/example_xcom.py took 0.070 seconds
[2024-09-18T20:44:51.363+0000] {processor.py:153} INFO - Started process (PID=1236) to work on /home/airflow/.local/lib/python3.7/site-packages/airflow/example_dags/example_xcom.py
[2024-09-18T20:44:51.364+0000] {processor.py:640} INFO - Processing file /home/airflow/.local/lib/python3.7/site-packages/airflow/example_dags/example_xcom.py for tasks to queue
[2024-09-18T20:44:51.365+0000] {logging_mixin.py:115} INFO - [2024-09-18T20:44:51.365+0000] {dagbag.py:508} INFO - Filling up the DagBag from /home/airflow/.local/lib/python3.7/site-packages/airflow/example_dags/example_xcom.py
[2024-09-18T20:44:51.372+0000] {processor.py:650} INFO - DAG(s) dict_keys(['example_xcom']) retrieved from /home/airflow/.local/lib/python3.7/site-packages/airflow/example_dags/example_xcom.py
[2024-09-18T20:44:51.402+0000] {logging_mixin.py:115} INFO - [2024-09-18T20:44:51.402+0000] {dag.py:2429} INFO - Sync 1 DAGs
[2024-09-18T20:44:51.411+0000] {logging_mixin.py:115} INFO - [2024-09-18T20:44:51.411+0000] {dag.py:2981} INFO - Setting next_dagrun for example_xcom to 2021-01-01T00:00:00+00:00, run_after=2021-01-01T00:00:00+00:00
[2024-09-18T20:44:51.417+0000] {processor.py:161} INFO - Processing /home/airflow/.local/lib/python3.7/site-packages/airflow/example_dags/example_xcom.py took 0.055 seconds
[2024-09-18T20:45:21.539+0000] {processor.py:153} INFO - Started process (PID=1435) to work on /home/airflow/.local/lib/python3.7/site-packages/airflow/example_dags/example_xcom.py
[2024-09-18T20:45:21.539+0000] {processor.py:640} INFO - Processing file /home/airflow/.local/lib/python3.7/site-packages/airflow/example_dags/example_xcom.py for tasks to queue
[2024-09-18T20:45:21.540+0000] {logging_mixin.py:115} INFO - [2024-09-18T20:45:21.540+0000] {dagbag.py:508} INFO - Filling up the DagBag from /home/airflow/.local/lib/python3.7/site-packages/airflow/example_dags/example_xcom.py
[2024-09-18T20:45:21.546+0000] {processor.py:650} INFO - DAG(s) dict_keys(['example_xcom']) retrieved from /home/airflow/.local/lib/python3.7/site-packages/airflow/example_dags/example_xcom.py
[2024-09-18T20:45:21.572+0000] {logging_mixin.py:115} INFO - [2024-09-18T20:45:21.572+0000] {dag.py:2429} INFO - Sync 1 DAGs
[2024-09-18T20:45:21.579+0000] {logging_mixin.py:115} INFO - [2024-09-18T20:45:21.579+0000] {dag.py:2981} INFO - Setting next_dagrun for example_xcom to 2021-01-01T00:00:00+00:00, run_after=2021-01-01T00:00:00+00:00
[2024-09-18T20:45:21.583+0000] {processor.py:161} INFO - Processing /home/airflow/.local/lib/python3.7/site-packages/airflow/example_dags/example_xcom.py took 0.046 seconds
[2024-09-18T20:45:51.736+0000] {processor.py:153} INFO - Started process (PID=1629) to work on /home/airflow/.local/lib/python3.7/site-packages/airflow/example_dags/example_xcom.py
[2024-09-18T20:45:51.737+0000] {processor.py:640} INFO - Processing file /home/airflow/.local/lib/python3.7/site-packages/airflow/example_dags/example_xcom.py for tasks to queue
[2024-09-18T20:45:51.738+0000] {logging_mixin.py:115} INFO - [2024-09-18T20:45:51.738+0000] {dagbag.py:508} INFO - Filling up the DagBag from /home/airflow/.local/lib/python3.7/site-packages/airflow/example_dags/example_xcom.py
[2024-09-18T20:45:51.746+0000] {processor.py:650} INFO - DAG(s) dict_keys(['example_xcom']) retrieved from /home/airflow/.local/lib/python3.7/site-packages/airflow/example_dags/example_xcom.py
[2024-09-18T20:45:51.781+0000] {logging_mixin.py:115} INFO - [2024-09-18T20:45:51.780+0000] {dag.py:2429} INFO - Sync 1 DAGs
[2024-09-18T20:45:51.790+0000] {logging_mixin.py:115} INFO - [2024-09-18T20:45:51.790+0000] {dag.py:2981} INFO - Setting next_dagrun for example_xcom to 2021-01-01T00:00:00+00:00, run_after=2021-01-01T00:00:00+00:00
[2024-09-18T20:45:51.797+0000] {processor.py:161} INFO - Processing /home/airflow/.local/lib/python3.7/site-packages/airflow/example_dags/example_xcom.py took 0.062 seconds
[2024-09-18T20:46:21.981+0000] {processor.py:153} INFO - Started process (PID=1827) to work on /home/airflow/.local/lib/python3.7/site-packages/airflow/example_dags/example_xcom.py
[2024-09-18T20:46:21.981+0000] {processor.py:640} INFO - Processing file /home/airflow/.local/lib/python3.7/site-packages/airflow/example_dags/example_xcom.py for tasks to queue
[2024-09-18T20:46:21.982+0000] {logging_mixin.py:115} INFO - [2024-09-18T20:46:21.982+0000] {dagbag.py:508} INFO - Filling up the DagBag from /home/airflow/.local/lib/python3.7/site-packages/airflow/example_dags/example_xcom.py
[2024-09-18T20:46:21.989+0000] {processor.py:650} INFO - DAG(s) dict_keys(['example_xcom']) retrieved from /home/airflow/.local/lib/python3.7/site-packages/airflow/example_dags/example_xcom.py
[2024-09-18T20:46:22.018+0000] {logging_mixin.py:115} INFO - [2024-09-18T20:46:22.018+0000] {dag.py:2429} INFO - Sync 1 DAGs
[2024-09-18T20:46:22.027+0000] {logging_mixin.py:115} INFO - [2024-09-18T20:46:22.027+0000] {dag.py:2981} INFO - Setting next_dagrun for example_xcom to 2021-01-01T00:00:00+00:00, run_after=2021-01-01T00:00:00+00:00
[2024-09-18T20:46:22.034+0000] {processor.py:161} INFO - Processing /home/airflow/.local/lib/python3.7/site-packages/airflow/example_dags/example_xcom.py took 0.054 seconds
[2024-09-18T20:46:52.229+0000] {processor.py:153} INFO - Started process (PID=2025) to work on /home/airflow/.local/lib/python3.7/site-packages/airflow/example_dags/example_xcom.py
[2024-09-18T20:46:52.229+0000] {processor.py:640} INFO - Processing file /home/airflow/.local/lib/python3.7/site-packages/airflow/example_dags/example_xcom.py for tasks to queue
[2024-09-18T20:46:52.229+0000] {logging_mixin.py:115} INFO - [2024-09-18T20:46:52.229+0000] {dagbag.py:508} INFO - Filling up the DagBag from /home/airflow/.local/lib/python3.7/site-packages/airflow/example_dags/example_xcom.py
[2024-09-18T20:46:52.237+0000] {processor.py:650} INFO - DAG(s) dict_keys(['example_xcom']) retrieved from /home/airflow/.local/lib/python3.7/site-packages/airflow/example_dags/example_xcom.py
[2024-09-18T20:46:52.265+0000] {logging_mixin.py:115} INFO - [2024-09-18T20:46:52.265+0000] {dag.py:2429} INFO - Sync 1 DAGs
[2024-09-18T20:46:52.273+0000] {logging_mixin.py:115} INFO - [2024-09-18T20:46:52.273+0000] {dag.py:2981} INFO - Setting next_dagrun for example_xcom to 2021-01-01T00:00:00+00:00, run_after=2021-01-01T00:00:00+00:00
[2024-09-18T20:46:52.278+0000] {processor.py:161} INFO - Processing /home/airflow/.local/lib/python3.7/site-packages/airflow/example_dags/example_xcom.py took 0.051 seconds
[2024-09-18T20:47:22.494+0000] {processor.py:153} INFO - Started process (PID=2213) to work on /home/airflow/.local/lib/python3.7/site-packages/airflow/example_dags/example_xcom.py
[2024-09-18T20:47:22.494+0000] {processor.py:640} INFO - Processing file /home/airflow/.local/lib/python3.7/site-packages/airflow/example_dags/example_xcom.py for tasks to queue
[2024-09-18T20:47:22.494+0000] {logging_mixin.py:115} INFO - [2024-09-18T20:47:22.494+0000] {dagbag.py:508} INFO - Filling up the DagBag from /home/airflow/.local/lib/python3.7/site-packages/airflow/example_dags/example_xcom.py
[2024-09-18T20:47:22.502+0000] {processor.py:650} INFO - DAG(s) dict_keys(['example_xcom']) retrieved from /home/airflow/.local/lib/python3.7/site-packages/airflow/example_dags/example_xcom.py
[2024-09-18T20:47:22.529+0000] {logging_mixin.py:115} INFO - [2024-09-18T20:47:22.529+0000] {dag.py:2429} INFO - Sync 1 DAGs
[2024-09-18T20:47:22.538+0000] {logging_mixin.py:115} INFO - [2024-09-18T20:47:22.538+0000] {dag.py:2981} INFO - Setting next_dagrun for example_xcom to 2021-01-01T00:00:00+00:00, run_after=2021-01-01T00:00:00+00:00
[2024-09-18T20:47:22.543+0000] {processor.py:161} INFO - Processing /home/airflow/.local/lib/python3.7/site-packages/airflow/example_dags/example_xcom.py took 0.050 seconds
[2024-09-18T20:47:52.694+0000] {processor.py:153} INFO - Started process (PID=2408) to work on /home/airflow/.local/lib/python3.7/site-packages/airflow/example_dags/example_xcom.py
[2024-09-18T20:47:52.696+0000] {processor.py:640} INFO - Processing file /home/airflow/.local/lib/python3.7/site-packages/airflow/example_dags/example_xcom.py for tasks to queue
[2024-09-18T20:47:52.696+0000] {logging_mixin.py:115} INFO - [2024-09-18T20:47:52.696+0000] {dagbag.py:508} INFO - Filling up the DagBag from /home/airflow/.local/lib/python3.7/site-packages/airflow/example_dags/example_xcom.py
[2024-09-18T20:47:52.710+0000] {processor.py:650} INFO - DAG(s) dict_keys(['example_xcom']) retrieved from /home/airflow/.local/lib/python3.7/site-packages/airflow/example_dags/example_xcom.py
[2024-09-18T20:47:52.761+0000] {logging_mixin.py:115} INFO - [2024-09-18T20:47:52.761+0000] {dag.py:2429} INFO - Sync 1 DAGs
[2024-09-18T20:47:52.777+0000] {logging_mixin.py:115} INFO - [2024-09-18T20:47:52.777+0000] {dag.py:2981} INFO - Setting next_dagrun for example_xcom to 2021-01-01T00:00:00+00:00, run_after=2021-01-01T00:00:00+00:00
[2024-09-18T20:47:52.784+0000] {processor.py:161} INFO - Processing /home/airflow/.local/lib/python3.7/site-packages/airflow/example_dags/example_xcom.py took 0.091 seconds
[2024-09-18T20:48:22.864+0000] {processor.py:153} INFO - Started process (PID=2605) to work on /home/airflow/.local/lib/python3.7/site-packages/airflow/example_dags/example_xcom.py
[2024-09-18T20:48:22.864+0000] {processor.py:640} INFO - Processing file /home/airflow/.local/lib/python3.7/site-packages/airflow/example_dags/example_xcom.py for tasks to queue
[2024-09-18T20:48:22.864+0000] {logging_mixin.py:115} INFO - [2024-09-18T20:48:22.864+0000] {dagbag.py:508} INFO - Filling up the DagBag from /home/airflow/.local/lib/python3.7/site-packages/airflow/example_dags/example_xcom.py
[2024-09-18T20:48:22.872+0000] {processor.py:650} INFO - DAG(s) dict_keys(['example_xcom']) retrieved from /home/airflow/.local/lib/python3.7/site-packages/airflow/example_dags/example_xcom.py
[2024-09-18T20:48:22.885+0000] {logging_mixin.py:115} INFO - [2024-09-18T20:48:22.885+0000] {dag.py:2429} INFO - Sync 1 DAGs
[2024-09-18T20:48:22.895+0000] {logging_mixin.py:115} INFO - [2024-09-18T20:48:22.895+0000] {dag.py:2981} INFO - Setting next_dagrun for example_xcom to 2021-01-01T00:00:00+00:00, run_after=2021-01-01T00:00:00+00:00
[2024-09-18T20:48:22.899+0000] {processor.py:161} INFO - Processing /home/airflow/.local/lib/python3.7/site-packages/airflow/example_dags/example_xcom.py took 0.037 seconds
[2024-09-18T20:48:53.015+0000] {processor.py:153} INFO - Started process (PID=2802) to work on /home/airflow/.local/lib/python3.7/site-packages/airflow/example_dags/example_xcom.py
[2024-09-18T20:48:53.017+0000] {processor.py:640} INFO - Processing file /home/airflow/.local/lib/python3.7/site-packages/airflow/example_dags/example_xcom.py for tasks to queue
[2024-09-18T20:48:53.018+0000] {logging_mixin.py:115} INFO - [2024-09-18T20:48:53.018+0000] {dagbag.py:508} INFO - Filling up the DagBag from /home/airflow/.local/lib/python3.7/site-packages/airflow/example_dags/example_xcom.py
[2024-09-18T20:48:53.026+0000] {processor.py:650} INFO - DAG(s) dict_keys(['example_xcom']) retrieved from /home/airflow/.local/lib/python3.7/site-packages/airflow/example_dags/example_xcom.py
[2024-09-18T20:48:53.039+0000] {logging_mixin.py:115} INFO - [2024-09-18T20:48:53.039+0000] {dag.py:2429} INFO - Sync 1 DAGs
[2024-09-18T20:48:53.051+0000] {logging_mixin.py:115} INFO - [2024-09-18T20:48:53.051+0000] {dag.py:2981} INFO - Setting next_dagrun for example_xcom to 2021-01-01T00:00:00+00:00, run_after=2021-01-01T00:00:00+00:00
[2024-09-18T20:48:53.059+0000] {processor.py:161} INFO - Processing /home/airflow/.local/lib/python3.7/site-packages/airflow/example_dags/example_xcom.py took 0.045 seconds
[2024-09-18T20:49:23.253+0000] {processor.py:153} INFO - Started process (PID=2999) to work on /home/airflow/.local/lib/python3.7/site-packages/airflow/example_dags/example_xcom.py
[2024-09-18T20:49:23.253+0000] {processor.py:640} INFO - Processing file /home/airflow/.local/lib/python3.7/site-packages/airflow/example_dags/example_xcom.py for tasks to queue
[2024-09-18T20:49:23.255+0000] {logging_mixin.py:115} INFO - [2024-09-18T20:49:23.255+0000] {dagbag.py:508} INFO - Filling up the DagBag from /home/airflow/.local/lib/python3.7/site-packages/airflow/example_dags/example_xcom.py
[2024-09-18T20:49:23.263+0000] {processor.py:650} INFO - DAG(s) dict_keys(['example_xcom']) retrieved from /home/airflow/.local/lib/python3.7/site-packages/airflow/example_dags/example_xcom.py
[2024-09-18T20:49:23.297+0000] {logging_mixin.py:115} INFO - [2024-09-18T20:49:23.297+0000] {dag.py:2429} INFO - Sync 1 DAGs
[2024-09-18T20:49:23.305+0000] {logging_mixin.py:115} INFO - [2024-09-18T20:49:23.305+0000] {dag.py:2981} INFO - Setting next_dagrun for example_xcom to 2021-01-01T00:00:00+00:00, run_after=2021-01-01T00:00:00+00:00
[2024-09-18T20:49:23.312+0000] {processor.py:161} INFO - Processing /home/airflow/.local/lib/python3.7/site-packages/airflow/example_dags/example_xcom.py took 0.060 seconds
[2024-09-18T20:49:53.514+0000] {processor.py:153} INFO - Started process (PID=3196) to work on /home/airflow/.local/lib/python3.7/site-packages/airflow/example_dags/example_xcom.py
[2024-09-18T20:49:53.515+0000] {processor.py:640} INFO - Processing file /home/airflow/.local/lib/python3.7/site-packages/airflow/example_dags/example_xcom.py for tasks to queue
[2024-09-18T20:49:53.515+0000] {logging_mixin.py:115} INFO - [2024-09-18T20:49:53.515+0000] {dagbag.py:508} INFO - Filling up the DagBag from /home/airflow/.local/lib/python3.7/site-packages/airflow/example_dags/example_xcom.py
[2024-09-18T20:49:53.525+0000] {processor.py:650} INFO - DAG(s) dict_keys(['example_xcom']) retrieved from /home/airflow/.local/lib/python3.7/site-packages/airflow/example_dags/example_xcom.py
[2024-09-18T20:49:53.558+0000] {logging_mixin.py:115} INFO - [2024-09-18T20:49:53.557+0000] {dag.py:2429} INFO - Sync 1 DAGs
[2024-09-18T20:49:53.569+0000] {logging_mixin.py:115} INFO - [2024-09-18T20:49:53.569+0000] {dag.py:2981} INFO - Setting next_dagrun for example_xcom to 2021-01-01T00:00:00+00:00, run_after=2021-01-01T00:00:00+00:00
[2024-09-18T20:49:53.576+0000] {processor.py:161} INFO - Processing /home/airflow/.local/lib/python3.7/site-packages/airflow/example_dags/example_xcom.py took 0.063 seconds
[2024-09-18T20:50:23.786+0000] {processor.py:153} INFO - Started process (PID=3390) to work on /home/airflow/.local/lib/python3.7/site-packages/airflow/example_dags/example_xcom.py
[2024-09-18T20:50:23.787+0000] {processor.py:640} INFO - Processing file /home/airflow/.local/lib/python3.7/site-packages/airflow/example_dags/example_xcom.py for tasks to queue
[2024-09-18T20:50:23.787+0000] {logging_mixin.py:115} INFO - [2024-09-18T20:50:23.787+0000] {dagbag.py:508} INFO - Filling up the DagBag from /home/airflow/.local/lib/python3.7/site-packages/airflow/example_dags/example_xcom.py
[2024-09-18T20:50:23.794+0000] {processor.py:650} INFO - DAG(s) dict_keys(['example_xcom']) retrieved from /home/airflow/.local/lib/python3.7/site-packages/airflow/example_dags/example_xcom.py
[2024-09-18T20:50:23.823+0000] {logging_mixin.py:115} INFO - [2024-09-18T20:50:23.823+0000] {dag.py:2429} INFO - Sync 1 DAGs
[2024-09-18T20:50:23.832+0000] {logging_mixin.py:115} INFO - [2024-09-18T20:50:23.832+0000] {dag.py:2981} INFO - Setting next_dagrun for example_xcom to 2021-01-01T00:00:00+00:00, run_after=2021-01-01T00:00:00+00:00
[2024-09-18T20:50:23.841+0000] {processor.py:161} INFO - Processing /home/airflow/.local/lib/python3.7/site-packages/airflow/example_dags/example_xcom.py took 0.057 seconds
[2024-09-18T20:50:54.082+0000] {processor.py:153} INFO - Started process (PID=3589) to work on /home/airflow/.local/lib/python3.7/site-packages/airflow/example_dags/example_xcom.py
[2024-09-18T20:50:54.082+0000] {processor.py:640} INFO - Processing file /home/airflow/.local/lib/python3.7/site-packages/airflow/example_dags/example_xcom.py for tasks to queue
[2024-09-18T20:50:54.082+0000] {logging_mixin.py:115} INFO - [2024-09-18T20:50:54.082+0000] {dagbag.py:508} INFO - Filling up the DagBag from /home/airflow/.local/lib/python3.7/site-packages/airflow/example_dags/example_xcom.py
[2024-09-18T20:50:54.089+0000] {processor.py:650} INFO - DAG(s) dict_keys(['example_xcom']) retrieved from /home/airflow/.local/lib/python3.7/site-packages/airflow/example_dags/example_xcom.py
[2024-09-18T20:50:54.120+0000] {logging_mixin.py:115} INFO - [2024-09-18T20:50:54.120+0000] {dag.py:2429} INFO - Sync 1 DAGs
[2024-09-18T20:50:54.127+0000] {logging_mixin.py:115} INFO - [2024-09-18T20:50:54.127+0000] {dag.py:2981} INFO - Setting next_dagrun for example_xcom to 2021-01-01T00:00:00+00:00, run_after=2021-01-01T00:00:00+00:00
[2024-09-18T20:50:54.136+0000] {processor.py:161} INFO - Processing /home/airflow/.local/lib/python3.7/site-packages/airflow/example_dags/example_xcom.py took 0.056 seconds
[2024-09-18T20:51:24.210+0000] {processor.py:153} INFO - Started process (PID=3784) to work on /home/airflow/.local/lib/python3.7/site-packages/airflow/example_dags/example_xcom.py
[2024-09-18T20:51:24.210+0000] {processor.py:640} INFO - Processing file /home/airflow/.local/lib/python3.7/site-packages/airflow/example_dags/example_xcom.py for tasks to queue
[2024-09-18T20:51:24.211+0000] {logging_mixin.py:115} INFO - [2024-09-18T20:51:24.211+0000] {dagbag.py:508} INFO - Filling up the DagBag from /home/airflow/.local/lib/python3.7/site-packages/airflow/example_dags/example_xcom.py
[2024-09-18T20:51:24.218+0000] {processor.py:650} INFO - DAG(s) dict_keys(['example_xcom']) retrieved from /home/airflow/.local/lib/python3.7/site-packages/airflow/example_dags/example_xcom.py
[2024-09-18T20:51:24.229+0000] {logging_mixin.py:115} INFO - [2024-09-18T20:51:24.229+0000] {dag.py:2429} INFO - Sync 1 DAGs
[2024-09-18T20:51:24.241+0000] {logging_mixin.py:115} INFO - [2024-09-18T20:51:24.241+0000] {dag.py:2981} INFO - Setting next_dagrun for example_xcom to 2021-01-01T00:00:00+00:00, run_after=2021-01-01T00:00:00+00:00
[2024-09-18T20:51:24.247+0000] {processor.py:161} INFO - Processing /home/airflow/.local/lib/python3.7/site-packages/airflow/example_dags/example_xcom.py took 0.038 seconds
[2024-09-18T20:51:54.389+0000] {processor.py:153} INFO - Started process (PID=3978) to work on /home/airflow/.local/lib/python3.7/site-packages/airflow/example_dags/example_xcom.py
[2024-09-18T20:51:54.389+0000] {processor.py:640} INFO - Processing file /home/airflow/.local/lib/python3.7/site-packages/airflow/example_dags/example_xcom.py for tasks to queue
[2024-09-18T20:51:54.389+0000] {logging_mixin.py:115} INFO - [2024-09-18T20:51:54.389+0000] {dagbag.py:508} INFO - Filling up the DagBag from /home/airflow/.local/lib/python3.7/site-packages/airflow/example_dags/example_xcom.py
[2024-09-18T20:51:54.396+0000] {processor.py:650} INFO - DAG(s) dict_keys(['example_xcom']) retrieved from /home/airflow/.local/lib/python3.7/site-packages/airflow/example_dags/example_xcom.py
[2024-09-18T20:51:54.425+0000] {logging_mixin.py:115} INFO - [2024-09-18T20:51:54.425+0000] {dag.py:2429} INFO - Sync 1 DAGs
[2024-09-18T20:51:54.435+0000] {logging_mixin.py:115} INFO - [2024-09-18T20:51:54.435+0000] {dag.py:2981} INFO - Setting next_dagrun for example_xcom to 2021-01-01T00:00:00+00:00, run_after=2021-01-01T00:00:00+00:00
[2024-09-18T20:51:54.441+0000] {processor.py:161} INFO - Processing /home/airflow/.local/lib/python3.7/site-packages/airflow/example_dags/example_xcom.py took 0.053 seconds
[2024-09-18T20:52:24.502+0000] {processor.py:153} INFO - Started process (PID=4171) to work on /home/airflow/.local/lib/python3.7/site-packages/airflow/example_dags/example_xcom.py
[2024-09-18T20:52:24.502+0000] {processor.py:640} INFO - Processing file /home/airflow/.local/lib/python3.7/site-packages/airflow/example_dags/example_xcom.py for tasks to queue
[2024-09-18T20:52:24.503+0000] {logging_mixin.py:115} INFO - [2024-09-18T20:52:24.503+0000] {dagbag.py:508} INFO - Filling up the DagBag from /home/airflow/.local/lib/python3.7/site-packages/airflow/example_dags/example_xcom.py
[2024-09-18T20:52:24.510+0000] {processor.py:650} INFO - DAG(s) dict_keys(['example_xcom']) retrieved from /home/airflow/.local/lib/python3.7/site-packages/airflow/example_dags/example_xcom.py
[2024-09-18T20:52:24.539+0000] {logging_mixin.py:115} INFO - [2024-09-18T20:52:24.539+0000] {dag.py:2429} INFO - Sync 1 DAGs
[2024-09-18T20:52:24.547+0000] {logging_mixin.py:115} INFO - [2024-09-18T20:52:24.547+0000] {dag.py:2981} INFO - Setting next_dagrun for example_xcom to 2021-01-01T00:00:00+00:00, run_after=2021-01-01T00:00:00+00:00
[2024-09-18T20:52:24.551+0000] {processor.py:161} INFO - Processing /home/airflow/.local/lib/python3.7/site-packages/airflow/example_dags/example_xcom.py took 0.051 seconds
[2024-09-18T20:52:54.619+0000] {processor.py:153} INFO - Started process (PID=4368) to work on /home/airflow/.local/lib/python3.7/site-packages/airflow/example_dags/example_xcom.py
[2024-09-18T20:52:54.619+0000] {processor.py:640} INFO - Processing file /home/airflow/.local/lib/python3.7/site-packages/airflow/example_dags/example_xcom.py for tasks to queue
[2024-09-18T20:52:54.619+0000] {logging_mixin.py:115} INFO - [2024-09-18T20:52:54.619+0000] {dagbag.py:508} INFO - Filling up the DagBag from /home/airflow/.local/lib/python3.7/site-packages/airflow/example_dags/example_xcom.py
[2024-09-18T20:52:54.627+0000] {processor.py:650} INFO - DAG(s) dict_keys(['example_xcom']) retrieved from /home/airflow/.local/lib/python3.7/site-packages/airflow/example_dags/example_xcom.py
[2024-09-18T20:52:54.658+0000] {logging_mixin.py:115} INFO - [2024-09-18T20:52:54.658+0000] {dag.py:2429} INFO - Sync 1 DAGs
[2024-09-18T20:52:54.667+0000] {logging_mixin.py:115} INFO - [2024-09-18T20:52:54.667+0000] {dag.py:2981} INFO - Setting next_dagrun for example_xcom to 2021-01-01T00:00:00+00:00, run_after=2021-01-01T00:00:00+00:00
[2024-09-18T20:52:54.673+0000] {processor.py:161} INFO - Processing /home/airflow/.local/lib/python3.7/site-packages/airflow/example_dags/example_xcom.py took 0.056 seconds
[2024-09-18T20:53:24.767+0000] {processor.py:153} INFO - Started process (PID=4556) to work on /home/airflow/.local/lib/python3.7/site-packages/airflow/example_dags/example_xcom.py
[2024-09-18T20:53:24.767+0000] {processor.py:640} INFO - Processing file /home/airflow/.local/lib/python3.7/site-packages/airflow/example_dags/example_xcom.py for tasks to queue
[2024-09-18T20:53:24.767+0000] {logging_mixin.py:115} INFO - [2024-09-18T20:53:24.767+0000] {dagbag.py:508} INFO - Filling up the DagBag from /home/airflow/.local/lib/python3.7/site-packages/airflow/example_dags/example_xcom.py
[2024-09-18T20:53:24.775+0000] {processor.py:650} INFO - DAG(s) dict_keys(['example_xcom']) retrieved from /home/airflow/.local/lib/python3.7/site-packages/airflow/example_dags/example_xcom.py
[2024-09-18T20:53:24.787+0000] {logging_mixin.py:115} INFO - [2024-09-18T20:53:24.787+0000] {dag.py:2429} INFO - Sync 1 DAGs
[2024-09-18T20:53:24.796+0000] {logging_mixin.py:115} INFO - [2024-09-18T20:53:24.796+0000] {dag.py:2981} INFO - Setting next_dagrun for example_xcom to 2021-01-01T00:00:00+00:00, run_after=2021-01-01T00:00:00+00:00
[2024-09-18T20:53:24.800+0000] {processor.py:161} INFO - Processing /home/airflow/.local/lib/python3.7/site-packages/airflow/example_dags/example_xcom.py took 0.035 seconds
[2024-09-18T20:53:54.865+0000] {processor.py:153} INFO - Started process (PID=4753) to work on /home/airflow/.local/lib/python3.7/site-packages/airflow/example_dags/example_xcom.py
[2024-09-18T20:53:54.866+0000] {processor.py:640} INFO - Processing file /home/airflow/.local/lib/python3.7/site-packages/airflow/example_dags/example_xcom.py for tasks to queue
[2024-09-18T20:53:54.866+0000] {logging_mixin.py:115} INFO - [2024-09-18T20:53:54.866+0000] {dagbag.py:508} INFO - Filling up the DagBag from /home/airflow/.local/lib/python3.7/site-packages/airflow/example_dags/example_xcom.py
[2024-09-18T20:53:54.873+0000] {processor.py:650} INFO - DAG(s) dict_keys(['example_xcom']) retrieved from /home/airflow/.local/lib/python3.7/site-packages/airflow/example_dags/example_xcom.py
[2024-09-18T20:53:54.901+0000] {logging_mixin.py:115} INFO - [2024-09-18T20:53:54.901+0000] {dag.py:2429} INFO - Sync 1 DAGs
[2024-09-18T20:53:54.909+0000] {logging_mixin.py:115} INFO - [2024-09-18T20:53:54.908+0000] {dag.py:2981} INFO - Setting next_dagrun for example_xcom to 2021-01-01T00:00:00+00:00, run_after=2021-01-01T00:00:00+00:00
[2024-09-18T20:53:54.914+0000] {processor.py:161} INFO - Processing /home/airflow/.local/lib/python3.7/site-packages/airflow/example_dags/example_xcom.py took 0.049 seconds
[2024-09-18T20:54:24.994+0000] {processor.py:153} INFO - Started process (PID=4950) to work on /home/airflow/.local/lib/python3.7/site-packages/airflow/example_dags/example_xcom.py
[2024-09-18T20:54:24.994+0000] {processor.py:640} INFO - Processing file /home/airflow/.local/lib/python3.7/site-packages/airflow/example_dags/example_xcom.py for tasks to queue
[2024-09-18T20:54:24.995+0000] {logging_mixin.py:115} INFO - [2024-09-18T20:54:24.995+0000] {dagbag.py:508} INFO - Filling up the DagBag from /home/airflow/.local/lib/python3.7/site-packages/airflow/example_dags/example_xcom.py
[2024-09-18T20:54:25.002+0000] {processor.py:650} INFO - DAG(s) dict_keys(['example_xcom']) retrieved from /home/airflow/.local/lib/python3.7/site-packages/airflow/example_dags/example_xcom.py
[2024-09-18T20:54:25.031+0000] {logging_mixin.py:115} INFO - [2024-09-18T20:54:25.031+0000] {dag.py:2429} INFO - Sync 1 DAGs
[2024-09-18T20:54:25.038+0000] {logging_mixin.py:115} INFO - [2024-09-18T20:54:25.038+0000] {dag.py:2981} INFO - Setting next_dagrun for example_xcom to 2021-01-01T00:00:00+00:00, run_after=2021-01-01T00:00:00+00:00
[2024-09-18T20:54:25.043+0000] {processor.py:161} INFO - Processing /home/airflow/.local/lib/python3.7/site-packages/airflow/example_dags/example_xcom.py took 0.051 seconds
[2024-09-18T20:54:55.291+0000] {processor.py:153} INFO - Started process (PID=5145) to work on /home/airflow/.local/lib/python3.7/site-packages/airflow/example_dags/example_xcom.py
[2024-09-18T20:54:55.292+0000] {processor.py:640} INFO - Processing file /home/airflow/.local/lib/python3.7/site-packages/airflow/example_dags/example_xcom.py for tasks to queue
[2024-09-18T20:54:55.293+0000] {logging_mixin.py:115} INFO - [2024-09-18T20:54:55.293+0000] {dagbag.py:508} INFO - Filling up the DagBag from /home/airflow/.local/lib/python3.7/site-packages/airflow/example_dags/example_xcom.py
[2024-09-18T20:54:55.303+0000] {processor.py:650} INFO - DAG(s) dict_keys(['example_xcom']) retrieved from /home/airflow/.local/lib/python3.7/site-packages/airflow/example_dags/example_xcom.py
[2024-09-18T20:54:55.338+0000] {logging_mixin.py:115} INFO - [2024-09-18T20:54:55.338+0000] {dag.py:2429} INFO - Sync 1 DAGs
[2024-09-18T20:54:55.350+0000] {logging_mixin.py:115} INFO - [2024-09-18T20:54:55.350+0000] {dag.py:2981} INFO - Setting next_dagrun for example_xcom to 2021-01-01T00:00:00+00:00, run_after=2021-01-01T00:00:00+00:00
[2024-09-18T20:54:55.355+0000] {processor.py:161} INFO - Processing /home/airflow/.local/lib/python3.7/site-packages/airflow/example_dags/example_xcom.py took 0.066 seconds
[2024-09-18T20:55:25.485+0000] {processor.py:153} INFO - Started process (PID=5342) to work on /home/airflow/.local/lib/python3.7/site-packages/airflow/example_dags/example_xcom.py
[2024-09-18T20:55:25.487+0000] {processor.py:640} INFO - Processing file /home/airflow/.local/lib/python3.7/site-packages/airflow/example_dags/example_xcom.py for tasks to queue
[2024-09-18T20:55:25.488+0000] {logging_mixin.py:115} INFO - [2024-09-18T20:55:25.488+0000] {dagbag.py:508} INFO - Filling up the DagBag from /home/airflow/.local/lib/python3.7/site-packages/airflow/example_dags/example_xcom.py
[2024-09-18T20:55:25.496+0000] {processor.py:650} INFO - DAG(s) dict_keys(['example_xcom']) retrieved from /home/airflow/.local/lib/python3.7/site-packages/airflow/example_dags/example_xcom.py
[2024-09-18T20:55:25.508+0000] {logging_mixin.py:115} INFO - [2024-09-18T20:55:25.508+0000] {dag.py:2429} INFO - Sync 1 DAGs
[2024-09-18T20:55:25.516+0000] {logging_mixin.py:115} INFO - [2024-09-18T20:55:25.516+0000] {dag.py:2981} INFO - Setting next_dagrun for example_xcom to 2021-01-01T00:00:00+00:00, run_after=2021-01-01T00:00:00+00:00
[2024-09-18T20:55:25.520+0000] {processor.py:161} INFO - Processing /home/airflow/.local/lib/python3.7/site-packages/airflow/example_dags/example_xcom.py took 0.037 seconds
[2024-09-18T20:55:55.602+0000] {processor.py:153} INFO - Started process (PID=5539) to work on /home/airflow/.local/lib/python3.7/site-packages/airflow/example_dags/example_xcom.py
[2024-09-18T20:55:55.602+0000] {processor.py:640} INFO - Processing file /home/airflow/.local/lib/python3.7/site-packages/airflow/example_dags/example_xcom.py for tasks to queue
[2024-09-18T20:55:55.603+0000] {logging_mixin.py:115} INFO - [2024-09-18T20:55:55.603+0000] {dagbag.py:508} INFO - Filling up the DagBag from /home/airflow/.local/lib/python3.7/site-packages/airflow/example_dags/example_xcom.py
[2024-09-18T20:55:55.612+0000] {processor.py:650} INFO - DAG(s) dict_keys(['example_xcom']) retrieved from /home/airflow/.local/lib/python3.7/site-packages/airflow/example_dags/example_xcom.py
[2024-09-18T20:55:55.629+0000] {logging_mixin.py:115} INFO - [2024-09-18T20:55:55.629+0000] {dag.py:2429} INFO - Sync 1 DAGs
[2024-09-18T20:55:55.641+0000] {logging_mixin.py:115} INFO - [2024-09-18T20:55:55.641+0000] {dag.py:2981} INFO - Setting next_dagrun for example_xcom to 2021-01-01T00:00:00+00:00, run_after=2021-01-01T00:00:00+00:00
[2024-09-18T20:55:55.646+0000] {processor.py:161} INFO - Processing /home/airflow/.local/lib/python3.7/site-packages/airflow/example_dags/example_xcom.py took 0.046 seconds
[2024-09-18T20:56:25.754+0000] {processor.py:153} INFO - Started process (PID=5727) to work on /home/airflow/.local/lib/python3.7/site-packages/airflow/example_dags/example_xcom.py
[2024-09-18T20:56:25.754+0000] {processor.py:640} INFO - Processing file /home/airflow/.local/lib/python3.7/site-packages/airflow/example_dags/example_xcom.py for tasks to queue
[2024-09-18T20:56:25.754+0000] {logging_mixin.py:115} INFO - [2024-09-18T20:56:25.754+0000] {dagbag.py:508} INFO - Filling up the DagBag from /home/airflow/.local/lib/python3.7/site-packages/airflow/example_dags/example_xcom.py
[2024-09-18T20:56:25.762+0000] {processor.py:650} INFO - DAG(s) dict_keys(['example_xcom']) retrieved from /home/airflow/.local/lib/python3.7/site-packages/airflow/example_dags/example_xcom.py
[2024-09-18T20:56:25.792+0000] {logging_mixin.py:115} INFO - [2024-09-18T20:56:25.792+0000] {dag.py:2429} INFO - Sync 1 DAGs
[2024-09-18T20:56:25.800+0000] {logging_mixin.py:115} INFO - [2024-09-18T20:56:25.800+0000] {dag.py:2981} INFO - Setting next_dagrun for example_xcom to 2021-01-01T00:00:00+00:00, run_after=2021-01-01T00:00:00+00:00
[2024-09-18T20:56:25.805+0000] {processor.py:161} INFO - Processing /home/airflow/.local/lib/python3.7/site-packages/airflow/example_dags/example_xcom.py took 0.053 seconds
[2024-09-18T20:56:55.866+0000] {processor.py:153} INFO - Started process (PID=5926) to work on /home/airflow/.local/lib/python3.7/site-packages/airflow/example_dags/example_xcom.py
[2024-09-18T20:56:55.867+0000] {processor.py:640} INFO - Processing file /home/airflow/.local/lib/python3.7/site-packages/airflow/example_dags/example_xcom.py for tasks to queue
[2024-09-18T20:56:55.867+0000] {logging_mixin.py:115} INFO - [2024-09-18T20:56:55.867+0000] {dagbag.py:508} INFO - Filling up the DagBag from /home/airflow/.local/lib/python3.7/site-packages/airflow/example_dags/example_xcom.py
[2024-09-18T20:56:55.874+0000] {processor.py:650} INFO - DAG(s) dict_keys(['example_xcom']) retrieved from /home/airflow/.local/lib/python3.7/site-packages/airflow/example_dags/example_xcom.py
[2024-09-18T20:56:55.901+0000] {logging_mixin.py:115} INFO - [2024-09-18T20:56:55.900+0000] {dag.py:2429} INFO - Sync 1 DAGs
[2024-09-18T20:56:55.909+0000] {logging_mixin.py:115} INFO - [2024-09-18T20:56:55.909+0000] {dag.py:2981} INFO - Setting next_dagrun for example_xcom to 2021-01-01T00:00:00+00:00, run_after=2021-01-01T00:00:00+00:00
[2024-09-18T20:56:55.913+0000] {processor.py:161} INFO - Processing /home/airflow/.local/lib/python3.7/site-packages/airflow/example_dags/example_xcom.py took 0.049 seconds
[2024-09-18T20:57:25.943+0000] {processor.py:153} INFO - Started process (PID=6123) to work on /home/airflow/.local/lib/python3.7/site-packages/airflow/example_dags/example_xcom.py
[2024-09-18T20:57:25.944+0000] {processor.py:640} INFO - Processing file /home/airflow/.local/lib/python3.7/site-packages/airflow/example_dags/example_xcom.py for tasks to queue
[2024-09-18T20:57:25.944+0000] {logging_mixin.py:115} INFO - [2024-09-18T20:57:25.944+0000] {dagbag.py:508} INFO - Filling up the DagBag from /home/airflow/.local/lib/python3.7/site-packages/airflow/example_dags/example_xcom.py
[2024-09-18T20:57:25.951+0000] {processor.py:650} INFO - DAG(s) dict_keys(['example_xcom']) retrieved from /home/airflow/.local/lib/python3.7/site-packages/airflow/example_dags/example_xcom.py
[2024-09-18T20:57:25.978+0000] {logging_mixin.py:115} INFO - [2024-09-18T20:57:25.978+0000] {dag.py:2429} INFO - Sync 1 DAGs
[2024-09-18T20:57:25.987+0000] {logging_mixin.py:115} INFO - [2024-09-18T20:57:25.987+0000] {dag.py:2981} INFO - Setting next_dagrun for example_xcom to 2021-01-01T00:00:00+00:00, run_after=2021-01-01T00:00:00+00:00
[2024-09-18T20:57:25.992+0000] {processor.py:161} INFO - Processing /home/airflow/.local/lib/python3.7/site-packages/airflow/example_dags/example_xcom.py took 0.051 seconds
[2024-09-18T20:57:56.130+0000] {processor.py:153} INFO - Started process (PID=6318) to work on /home/airflow/.local/lib/python3.7/site-packages/airflow/example_dags/example_xcom.py
[2024-09-18T20:57:56.130+0000] {processor.py:640} INFO - Processing file /home/airflow/.local/lib/python3.7/site-packages/airflow/example_dags/example_xcom.py for tasks to queue
[2024-09-18T20:57:56.130+0000] {logging_mixin.py:115} INFO - [2024-09-18T20:57:56.130+0000] {dagbag.py:508} INFO - Filling up the DagBag from /home/airflow/.local/lib/python3.7/site-packages/airflow/example_dags/example_xcom.py
[2024-09-18T20:57:56.137+0000] {processor.py:650} INFO - DAG(s) dict_keys(['example_xcom']) retrieved from /home/airflow/.local/lib/python3.7/site-packages/airflow/example_dags/example_xcom.py
[2024-09-18T20:57:56.169+0000] {logging_mixin.py:115} INFO - [2024-09-18T20:57:56.169+0000] {dag.py:2429} INFO - Sync 1 DAGs
[2024-09-18T20:57:56.177+0000] {logging_mixin.py:115} INFO - [2024-09-18T20:57:56.177+0000] {dag.py:2981} INFO - Setting next_dagrun for example_xcom to 2021-01-01T00:00:00+00:00, run_after=2021-01-01T00:00:00+00:00
[2024-09-18T20:57:56.186+0000] {processor.py:161} INFO - Processing /home/airflow/.local/lib/python3.7/site-packages/airflow/example_dags/example_xcom.py took 0.058 seconds
[2024-09-18T20:58:26.332+0000] {processor.py:153} INFO - Started process (PID=6515) to work on /home/airflow/.local/lib/python3.7/site-packages/airflow/example_dags/example_xcom.py
[2024-09-18T20:58:26.332+0000] {processor.py:640} INFO - Processing file /home/airflow/.local/lib/python3.7/site-packages/airflow/example_dags/example_xcom.py for tasks to queue
[2024-09-18T20:58:26.332+0000] {logging_mixin.py:115} INFO - [2024-09-18T20:58:26.332+0000] {dagbag.py:508} INFO - Filling up the DagBag from /home/airflow/.local/lib/python3.7/site-packages/airflow/example_dags/example_xcom.py
[2024-09-18T20:58:26.340+0000] {processor.py:650} INFO - DAG(s) dict_keys(['example_xcom']) retrieved from /home/airflow/.local/lib/python3.7/site-packages/airflow/example_dags/example_xcom.py
[2024-09-18T20:58:26.352+0000] {logging_mixin.py:115} INFO - [2024-09-18T20:58:26.352+0000] {dag.py:2429} INFO - Sync 1 DAGs
[2024-09-18T20:58:26.361+0000] {logging_mixin.py:115} INFO - [2024-09-18T20:58:26.361+0000] {dag.py:2981} INFO - Setting next_dagrun for example_xcom to 2021-01-01T00:00:00+00:00, run_after=2021-01-01T00:00:00+00:00
[2024-09-18T20:58:26.367+0000] {processor.py:161} INFO - Processing /home/airflow/.local/lib/python3.7/site-packages/airflow/example_dags/example_xcom.py took 0.036 seconds
[2024-09-18T20:58:56.543+0000] {processor.py:153} INFO - Started process (PID=6713) to work on /home/airflow/.local/lib/python3.7/site-packages/airflow/example_dags/example_xcom.py
[2024-09-18T20:58:56.543+0000] {processor.py:640} INFO - Processing file /home/airflow/.local/lib/python3.7/site-packages/airflow/example_dags/example_xcom.py for tasks to queue
[2024-09-18T20:58:56.543+0000] {logging_mixin.py:115} INFO - [2024-09-18T20:58:56.543+0000] {dagbag.py:508} INFO - Filling up the DagBag from /home/airflow/.local/lib/python3.7/site-packages/airflow/example_dags/example_xcom.py
[2024-09-18T20:58:56.552+0000] {processor.py:650} INFO - DAG(s) dict_keys(['example_xcom']) retrieved from /home/airflow/.local/lib/python3.7/site-packages/airflow/example_dags/example_xcom.py
[2024-09-18T20:58:56.585+0000] {logging_mixin.py:115} INFO - [2024-09-18T20:58:56.584+0000] {dag.py:2429} INFO - Sync 1 DAGs
[2024-09-18T20:58:56.594+0000] {logging_mixin.py:115} INFO - [2024-09-18T20:58:56.593+0000] {dag.py:2981} INFO - Setting next_dagrun for example_xcom to 2021-01-01T00:00:00+00:00, run_after=2021-01-01T00:00:00+00:00
[2024-09-18T20:58:56.603+0000] {processor.py:161} INFO - Processing /home/airflow/.local/lib/python3.7/site-packages/airflow/example_dags/example_xcom.py took 0.062 seconds
[2024-09-18T20:59:26.798+0000] {processor.py:153} INFO - Started process (PID=6901) to work on /home/airflow/.local/lib/python3.7/site-packages/airflow/example_dags/example_xcom.py
[2024-09-18T20:59:26.798+0000] {processor.py:640} INFO - Processing file /home/airflow/.local/lib/python3.7/site-packages/airflow/example_dags/example_xcom.py for tasks to queue
[2024-09-18T20:59:26.798+0000] {logging_mixin.py:115} INFO - [2024-09-18T20:59:26.798+0000] {dagbag.py:508} INFO - Filling up the DagBag from /home/airflow/.local/lib/python3.7/site-packages/airflow/example_dags/example_xcom.py
[2024-09-18T20:59:26.805+0000] {processor.py:650} INFO - DAG(s) dict_keys(['example_xcom']) retrieved from /home/airflow/.local/lib/python3.7/site-packages/airflow/example_dags/example_xcom.py
[2024-09-18T20:59:26.830+0000] {logging_mixin.py:115} INFO - [2024-09-18T20:59:26.830+0000] {dag.py:2429} INFO - Sync 1 DAGs
[2024-09-18T20:59:26.837+0000] {logging_mixin.py:115} INFO - [2024-09-18T20:59:26.837+0000] {dag.py:2981} INFO - Setting next_dagrun for example_xcom to 2021-01-01T00:00:00+00:00, run_after=2021-01-01T00:00:00+00:00
[2024-09-18T20:59:26.842+0000] {processor.py:161} INFO - Processing /home/airflow/.local/lib/python3.7/site-packages/airflow/example_dags/example_xcom.py took 0.045 seconds
[2024-09-18T20:59:57.029+0000] {processor.py:153} INFO - Started process (PID=7096) to work on /home/airflow/.local/lib/python3.7/site-packages/airflow/example_dags/example_xcom.py
[2024-09-18T20:59:57.030+0000] {processor.py:640} INFO - Processing file /home/airflow/.local/lib/python3.7/site-packages/airflow/example_dags/example_xcom.py for tasks to queue
[2024-09-18T20:59:57.031+0000] {logging_mixin.py:115} INFO - [2024-09-18T20:59:57.031+0000] {dagbag.py:508} INFO - Filling up the DagBag from /home/airflow/.local/lib/python3.7/site-packages/airflow/example_dags/example_xcom.py
[2024-09-18T20:59:57.038+0000] {processor.py:650} INFO - DAG(s) dict_keys(['example_xcom']) retrieved from /home/airflow/.local/lib/python3.7/site-packages/airflow/example_dags/example_xcom.py
[2024-09-18T20:59:57.068+0000] {logging_mixin.py:115} INFO - [2024-09-18T20:59:57.068+0000] {dag.py:2429} INFO - Sync 1 DAGs
[2024-09-18T20:59:57.077+0000] {logging_mixin.py:115} INFO - [2024-09-18T20:59:57.077+0000] {dag.py:2981} INFO - Setting next_dagrun for example_xcom to 2021-01-01T00:00:00+00:00, run_after=2021-01-01T00:00:00+00:00
[2024-09-18T20:59:57.083+0000] {processor.py:161} INFO - Processing /home/airflow/.local/lib/python3.7/site-packages/airflow/example_dags/example_xcom.py took 0.056 seconds
[2024-09-18T21:00:27.280+0000] {processor.py:153} INFO - Started process (PID=7293) to work on /home/airflow/.local/lib/python3.7/site-packages/airflow/example_dags/example_xcom.py
[2024-09-18T21:00:27.281+0000] {processor.py:640} INFO - Processing file /home/airflow/.local/lib/python3.7/site-packages/airflow/example_dags/example_xcom.py for tasks to queue
[2024-09-18T21:00:27.282+0000] {logging_mixin.py:115} INFO - [2024-09-18T21:00:27.282+0000] {dagbag.py:508} INFO - Filling up the DagBag from /home/airflow/.local/lib/python3.7/site-packages/airflow/example_dags/example_xcom.py
[2024-09-18T21:00:27.289+0000] {processor.py:650} INFO - DAG(s) dict_keys(['example_xcom']) retrieved from /home/airflow/.local/lib/python3.7/site-packages/airflow/example_dags/example_xcom.py
[2024-09-18T21:00:27.301+0000] {logging_mixin.py:115} INFO - [2024-09-18T21:00:27.301+0000] {dag.py:2429} INFO - Sync 1 DAGs
[2024-09-18T21:00:27.311+0000] {logging_mixin.py:115} INFO - [2024-09-18T21:00:27.311+0000] {dag.py:2981} INFO - Setting next_dagrun for example_xcom to 2021-01-01T00:00:00+00:00, run_after=2021-01-01T00:00:00+00:00
[2024-09-18T21:00:27.316+0000] {processor.py:161} INFO - Processing /home/airflow/.local/lib/python3.7/site-packages/airflow/example_dags/example_xcom.py took 0.038 seconds
