[2024-09-18T20:42:19.139+0000] {processor.py:153} INFO - Started process (PID=169) to work on /home/airflow/.local/lib/python3.7/site-packages/airflow/example_dags/example_branch_operator.py
[2024-09-18T20:42:19.140+0000] {processor.py:640} INFO - Processing file /home/airflow/.local/lib/python3.7/site-packages/airflow/example_dags/example_branch_operator.py for tasks to queue
[2024-09-18T20:42:19.140+0000] {logging_mixin.py:115} INFO - [2024-09-18T20:42:19.140+0000] {dagbag.py:508} INFO - Filling up the DagBag from /home/airflow/.local/lib/python3.7/site-packages/airflow/example_dags/example_branch_operator.py
[2024-09-18T20:42:19.155+0000] {processor.py:650} INFO - DAG(s) dict_keys(['example_branch_operator']) retrieved from /home/airflow/.local/lib/python3.7/site-packages/airflow/example_dags/example_branch_operator.py
[2024-09-18T20:42:19.217+0000] {logging_mixin.py:115} INFO - [2024-09-18T20:42:19.216+0000] {manager.py:508} INFO - Created Permission View: can edit on DAG:example_branch_operator
[2024-09-18T20:42:19.222+0000] {logging_mixin.py:115} INFO - [2024-09-18T20:42:19.222+0000] {manager.py:508} INFO - Created Permission View: can read on DAG:example_branch_operator
[2024-09-18T20:42:19.225+0000] {logging_mixin.py:115} INFO - [2024-09-18T20:42:19.225+0000] {manager.py:508} INFO - Created Permission View: can delete on DAG:example_branch_operator
[2024-09-18T20:42:19.225+0000] {logging_mixin.py:115} INFO - [2024-09-18T20:42:19.225+0000] {dag.py:2429} INFO - Sync 1 DAGs
[2024-09-18T20:42:19.230+0000] {logging_mixin.py:115} INFO - [2024-09-18T20:42:19.230+0000] {dag.py:2448} INFO - Creating ORM DAG for example_branch_operator
[2024-09-18T20:42:19.237+0000] {logging_mixin.py:115} INFO - [2024-09-18T20:42:19.237+0000] {dag.py:2981} INFO - Setting next_dagrun for example_branch_operator to 2024-09-17T00:00:00+00:00, run_after=2024-09-18T00:00:00+00:00
[2024-09-18T20:42:19.244+0000] {processor.py:161} INFO - Processing /home/airflow/.local/lib/python3.7/site-packages/airflow/example_dags/example_branch_operator.py took 0.109 seconds
[2024-09-18T20:42:50.116+0000] {processor.py:153} INFO - Started process (PID=366) to work on /home/airflow/.local/lib/python3.7/site-packages/airflow/example_dags/example_branch_operator.py
[2024-09-18T20:42:50.117+0000] {processor.py:640} INFO - Processing file /home/airflow/.local/lib/python3.7/site-packages/airflow/example_dags/example_branch_operator.py for tasks to queue
[2024-09-18T20:42:50.117+0000] {logging_mixin.py:115} INFO - [2024-09-18T20:42:50.117+0000] {dagbag.py:508} INFO - Filling up the DagBag from /home/airflow/.local/lib/python3.7/site-packages/airflow/example_dags/example_branch_operator.py
[2024-09-18T20:42:50.126+0000] {processor.py:650} INFO - DAG(s) dict_keys(['example_branch_operator']) retrieved from /home/airflow/.local/lib/python3.7/site-packages/airflow/example_dags/example_branch_operator.py
[2024-09-18T20:42:50.144+0000] {logging_mixin.py:115} INFO - [2024-09-18T20:42:50.144+0000] {dag.py:2429} INFO - Sync 1 DAGs
[2024-09-18T20:42:50.157+0000] {logging_mixin.py:115} INFO - [2024-09-18T20:42:50.157+0000] {dag.py:2981} INFO - Setting next_dagrun for example_branch_operator to 2024-09-17T00:00:00+00:00, run_after=2024-09-18T00:00:00+00:00
[2024-09-18T20:42:50.165+0000] {processor.py:161} INFO - Processing /home/airflow/.local/lib/python3.7/site-packages/airflow/example_dags/example_branch_operator.py took 0.052 seconds
[2024-09-18T20:43:20.310+0000] {processor.py:153} INFO - Started process (PID=563) to work on /home/airflow/.local/lib/python3.7/site-packages/airflow/example_dags/example_branch_operator.py
[2024-09-18T20:43:20.312+0000] {processor.py:640} INFO - Processing file /home/airflow/.local/lib/python3.7/site-packages/airflow/example_dags/example_branch_operator.py for tasks to queue
[2024-09-18T20:43:20.313+0000] {logging_mixin.py:115} INFO - [2024-09-18T20:43:20.313+0000] {dagbag.py:508} INFO - Filling up the DagBag from /home/airflow/.local/lib/python3.7/site-packages/airflow/example_dags/example_branch_operator.py
[2024-09-18T20:43:20.320+0000] {processor.py:650} INFO - DAG(s) dict_keys(['example_branch_operator']) retrieved from /home/airflow/.local/lib/python3.7/site-packages/airflow/example_dags/example_branch_operator.py
[2024-09-18T20:43:20.335+0000] {logging_mixin.py:115} INFO - [2024-09-18T20:43:20.335+0000] {dag.py:2429} INFO - Sync 1 DAGs
[2024-09-18T20:43:20.350+0000] {logging_mixin.py:115} INFO - [2024-09-18T20:43:20.350+0000] {dag.py:2981} INFO - Setting next_dagrun for example_branch_operator to 2024-09-17T00:00:00+00:00, run_after=2024-09-18T00:00:00+00:00
[2024-09-18T20:43:20.356+0000] {processor.py:161} INFO - Processing /home/airflow/.local/lib/python3.7/site-packages/airflow/example_dags/example_branch_operator.py took 0.049 seconds
[2024-09-18T20:43:50.503+0000] {processor.py:153} INFO - Started process (PID=751) to work on /home/airflow/.local/lib/python3.7/site-packages/airflow/example_dags/example_branch_operator.py
[2024-09-18T20:43:50.505+0000] {processor.py:640} INFO - Processing file /home/airflow/.local/lib/python3.7/site-packages/airflow/example_dags/example_branch_operator.py for tasks to queue
[2024-09-18T20:43:50.505+0000] {logging_mixin.py:115} INFO - [2024-09-18T20:43:50.505+0000] {dagbag.py:508} INFO - Filling up the DagBag from /home/airflow/.local/lib/python3.7/site-packages/airflow/example_dags/example_branch_operator.py
[2024-09-18T20:43:50.515+0000] {processor.py:650} INFO - DAG(s) dict_keys(['example_branch_operator']) retrieved from /home/airflow/.local/lib/python3.7/site-packages/airflow/example_dags/example_branch_operator.py
[2024-09-18T20:43:50.533+0000] {logging_mixin.py:115} INFO - [2024-09-18T20:43:50.533+0000] {dag.py:2429} INFO - Sync 1 DAGs
[2024-09-18T20:43:50.547+0000] {logging_mixin.py:115} INFO - [2024-09-18T20:43:50.547+0000] {dag.py:2981} INFO - Setting next_dagrun for example_branch_operator to 2024-09-17T00:00:00+00:00, run_after=2024-09-18T00:00:00+00:00
[2024-09-18T20:43:50.555+0000] {processor.py:161} INFO - Processing /home/airflow/.local/lib/python3.7/site-packages/airflow/example_dags/example_branch_operator.py took 0.055 seconds
[2024-09-18T20:44:20.710+0000] {processor.py:153} INFO - Started process (PID=966) to work on /home/airflow/.local/lib/python3.7/site-packages/airflow/example_dags/example_branch_operator.py
[2024-09-18T20:44:20.711+0000] {processor.py:640} INFO - Processing file /home/airflow/.local/lib/python3.7/site-packages/airflow/example_dags/example_branch_operator.py for tasks to queue
[2024-09-18T20:44:20.711+0000] {logging_mixin.py:115} INFO - [2024-09-18T20:44:20.711+0000] {dagbag.py:508} INFO - Filling up the DagBag from /home/airflow/.local/lib/python3.7/site-packages/airflow/example_dags/example_branch_operator.py
[2024-09-18T20:44:20.719+0000] {processor.py:650} INFO - DAG(s) dict_keys(['example_branch_operator']) retrieved from /home/airflow/.local/lib/python3.7/site-packages/airflow/example_dags/example_branch_operator.py
[2024-09-18T20:44:20.737+0000] {logging_mixin.py:115} INFO - [2024-09-18T20:44:20.737+0000] {dag.py:2429} INFO - Sync 1 DAGs
[2024-09-18T20:44:20.751+0000] {logging_mixin.py:115} INFO - [2024-09-18T20:44:20.751+0000] {dag.py:2981} INFO - Setting next_dagrun for example_branch_operator to 2024-09-17T00:00:00+00:00, run_after=2024-09-18T00:00:00+00:00
[2024-09-18T20:44:20.758+0000] {processor.py:161} INFO - Processing /home/airflow/.local/lib/python3.7/site-packages/airflow/example_dags/example_branch_operator.py took 0.051 seconds
[2024-09-18T20:44:50.964+0000] {processor.py:153} INFO - Started process (PID=1163) to work on /home/airflow/.local/lib/python3.7/site-packages/airflow/example_dags/example_branch_operator.py
[2024-09-18T20:44:50.964+0000] {processor.py:640} INFO - Processing file /home/airflow/.local/lib/python3.7/site-packages/airflow/example_dags/example_branch_operator.py for tasks to queue
[2024-09-18T20:44:50.964+0000] {logging_mixin.py:115} INFO - [2024-09-18T20:44:50.964+0000] {dagbag.py:508} INFO - Filling up the DagBag from /home/airflow/.local/lib/python3.7/site-packages/airflow/example_dags/example_branch_operator.py
[2024-09-18T20:44:50.971+0000] {processor.py:650} INFO - DAG(s) dict_keys(['example_branch_operator']) retrieved from /home/airflow/.local/lib/python3.7/site-packages/airflow/example_dags/example_branch_operator.py
[2024-09-18T20:44:50.987+0000] {logging_mixin.py:115} INFO - [2024-09-18T20:44:50.987+0000] {dag.py:2429} INFO - Sync 1 DAGs
[2024-09-18T20:44:51.000+0000] {logging_mixin.py:115} INFO - [2024-09-18T20:44:51.000+0000] {dag.py:2981} INFO - Setting next_dagrun for example_branch_operator to 2024-09-17T00:00:00+00:00, run_after=2024-09-18T00:00:00+00:00
[2024-09-18T20:44:51.008+0000] {processor.py:161} INFO - Processing /home/airflow/.local/lib/python3.7/site-packages/airflow/example_dags/example_branch_operator.py took 0.047 seconds
[2024-09-18T20:45:21.148+0000] {processor.py:153} INFO - Started process (PID=1360) to work on /home/airflow/.local/lib/python3.7/site-packages/airflow/example_dags/example_branch_operator.py
[2024-09-18T20:45:21.148+0000] {processor.py:640} INFO - Processing file /home/airflow/.local/lib/python3.7/site-packages/airflow/example_dags/example_branch_operator.py for tasks to queue
[2024-09-18T20:45:21.149+0000] {logging_mixin.py:115} INFO - [2024-09-18T20:45:21.149+0000] {dagbag.py:508} INFO - Filling up the DagBag from /home/airflow/.local/lib/python3.7/site-packages/airflow/example_dags/example_branch_operator.py
[2024-09-18T20:45:21.160+0000] {processor.py:650} INFO - DAG(s) dict_keys(['example_branch_operator']) retrieved from /home/airflow/.local/lib/python3.7/site-packages/airflow/example_dags/example_branch_operator.py
[2024-09-18T20:45:21.175+0000] {logging_mixin.py:115} INFO - [2024-09-18T20:45:21.175+0000] {dag.py:2429} INFO - Sync 1 DAGs
[2024-09-18T20:45:21.188+0000] {logging_mixin.py:115} INFO - [2024-09-18T20:45:21.188+0000] {dag.py:2981} INFO - Setting next_dagrun for example_branch_operator to 2024-09-17T00:00:00+00:00, run_after=2024-09-18T00:00:00+00:00
[2024-09-18T20:45:21.196+0000] {processor.py:161} INFO - Processing /home/airflow/.local/lib/python3.7/site-packages/airflow/example_dags/example_branch_operator.py took 0.052 seconds
[2024-09-18T20:45:51.356+0000] {processor.py:153} INFO - Started process (PID=1556) to work on /home/airflow/.local/lib/python3.7/site-packages/airflow/example_dags/example_branch_operator.py
[2024-09-18T20:45:51.357+0000] {processor.py:640} INFO - Processing file /home/airflow/.local/lib/python3.7/site-packages/airflow/example_dags/example_branch_operator.py for tasks to queue
[2024-09-18T20:45:51.357+0000] {logging_mixin.py:115} INFO - [2024-09-18T20:45:51.357+0000] {dagbag.py:508} INFO - Filling up the DagBag from /home/airflow/.local/lib/python3.7/site-packages/airflow/example_dags/example_branch_operator.py
[2024-09-18T20:45:51.368+0000] {processor.py:650} INFO - DAG(s) dict_keys(['example_branch_operator']) retrieved from /home/airflow/.local/lib/python3.7/site-packages/airflow/example_dags/example_branch_operator.py
[2024-09-18T20:45:51.385+0000] {logging_mixin.py:115} INFO - [2024-09-18T20:45:51.385+0000] {dag.py:2429} INFO - Sync 1 DAGs
[2024-09-18T20:45:51.399+0000] {logging_mixin.py:115} INFO - [2024-09-18T20:45:51.399+0000] {dag.py:2981} INFO - Setting next_dagrun for example_branch_operator to 2024-09-17T00:00:00+00:00, run_after=2024-09-18T00:00:00+00:00
[2024-09-18T20:45:51.407+0000] {processor.py:161} INFO - Processing /home/airflow/.local/lib/python3.7/site-packages/airflow/example_dags/example_branch_operator.py took 0.055 seconds
[2024-09-18T20:46:21.558+0000] {processor.py:153} INFO - Started process (PID=1753) to work on /home/airflow/.local/lib/python3.7/site-packages/airflow/example_dags/example_branch_operator.py
[2024-09-18T20:46:21.558+0000] {processor.py:640} INFO - Processing file /home/airflow/.local/lib/python3.7/site-packages/airflow/example_dags/example_branch_operator.py for tasks to queue
[2024-09-18T20:46:21.559+0000] {logging_mixin.py:115} INFO - [2024-09-18T20:46:21.559+0000] {dagbag.py:508} INFO - Filling up the DagBag from /home/airflow/.local/lib/python3.7/site-packages/airflow/example_dags/example_branch_operator.py
[2024-09-18T20:46:21.567+0000] {processor.py:650} INFO - DAG(s) dict_keys(['example_branch_operator']) retrieved from /home/airflow/.local/lib/python3.7/site-packages/airflow/example_dags/example_branch_operator.py
[2024-09-18T20:46:21.587+0000] {logging_mixin.py:115} INFO - [2024-09-18T20:46:21.587+0000] {dag.py:2429} INFO - Sync 1 DAGs
[2024-09-18T20:46:21.602+0000] {logging_mixin.py:115} INFO - [2024-09-18T20:46:21.602+0000] {dag.py:2981} INFO - Setting next_dagrun for example_branch_operator to 2024-09-17T00:00:00+00:00, run_after=2024-09-18T00:00:00+00:00
[2024-09-18T20:46:21.609+0000] {processor.py:161} INFO - Processing /home/airflow/.local/lib/python3.7/site-packages/airflow/example_dags/example_branch_operator.py took 0.054 seconds
[2024-09-18T20:46:51.789+0000] {processor.py:153} INFO - Started process (PID=1941) to work on /home/airflow/.local/lib/python3.7/site-packages/airflow/example_dags/example_branch_operator.py
[2024-09-18T20:46:51.790+0000] {processor.py:640} INFO - Processing file /home/airflow/.local/lib/python3.7/site-packages/airflow/example_dags/example_branch_operator.py for tasks to queue
[2024-09-18T20:46:51.790+0000] {logging_mixin.py:115} INFO - [2024-09-18T20:46:51.790+0000] {dagbag.py:508} INFO - Filling up the DagBag from /home/airflow/.local/lib/python3.7/site-packages/airflow/example_dags/example_branch_operator.py
[2024-09-18T20:46:51.800+0000] {processor.py:650} INFO - DAG(s) dict_keys(['example_branch_operator']) retrieved from /home/airflow/.local/lib/python3.7/site-packages/airflow/example_dags/example_branch_operator.py
[2024-09-18T20:46:51.817+0000] {logging_mixin.py:115} INFO - [2024-09-18T20:46:51.817+0000] {dag.py:2429} INFO - Sync 1 DAGs
[2024-09-18T20:46:51.829+0000] {logging_mixin.py:115} INFO - [2024-09-18T20:46:51.829+0000] {dag.py:2981} INFO - Setting next_dagrun for example_branch_operator to 2024-09-17T00:00:00+00:00, run_after=2024-09-18T00:00:00+00:00
[2024-09-18T20:46:51.836+0000] {processor.py:161} INFO - Processing /home/airflow/.local/lib/python3.7/site-packages/airflow/example_dags/example_branch_operator.py took 0.050 seconds
[2024-09-18T20:47:22.144+0000] {processor.py:153} INFO - Started process (PID=2138) to work on /home/airflow/.local/lib/python3.7/site-packages/airflow/example_dags/example_branch_operator.py
[2024-09-18T20:47:22.144+0000] {processor.py:640} INFO - Processing file /home/airflow/.local/lib/python3.7/site-packages/airflow/example_dags/example_branch_operator.py for tasks to queue
[2024-09-18T20:47:22.144+0000] {logging_mixin.py:115} INFO - [2024-09-18T20:47:22.144+0000] {dagbag.py:508} INFO - Filling up the DagBag from /home/airflow/.local/lib/python3.7/site-packages/airflow/example_dags/example_branch_operator.py
[2024-09-18T20:47:22.150+0000] {processor.py:650} INFO - DAG(s) dict_keys(['example_branch_operator']) retrieved from /home/airflow/.local/lib/python3.7/site-packages/airflow/example_dags/example_branch_operator.py
[2024-09-18T20:47:22.163+0000] {logging_mixin.py:115} INFO - [2024-09-18T20:47:22.163+0000] {dag.py:2429} INFO - Sync 1 DAGs
[2024-09-18T20:47:22.175+0000] {logging_mixin.py:115} INFO - [2024-09-18T20:47:22.175+0000] {dag.py:2981} INFO - Setting next_dagrun for example_branch_operator to 2024-09-17T00:00:00+00:00, run_after=2024-09-18T00:00:00+00:00
[2024-09-18T20:47:22.179+0000] {processor.py:161} INFO - Processing /home/airflow/.local/lib/python3.7/site-packages/airflow/example_dags/example_branch_operator.py took 0.038 seconds
[2024-09-18T20:47:52.260+0000] {processor.py:153} INFO - Started process (PID=2335) to work on /home/airflow/.local/lib/python3.7/site-packages/airflow/example_dags/example_branch_operator.py
[2024-09-18T20:47:52.261+0000] {processor.py:640} INFO - Processing file /home/airflow/.local/lib/python3.7/site-packages/airflow/example_dags/example_branch_operator.py for tasks to queue
[2024-09-18T20:47:52.262+0000] {logging_mixin.py:115} INFO - [2024-09-18T20:47:52.261+0000] {dagbag.py:508} INFO - Filling up the DagBag from /home/airflow/.local/lib/python3.7/site-packages/airflow/example_dags/example_branch_operator.py
[2024-09-18T20:47:52.273+0000] {processor.py:650} INFO - DAG(s) dict_keys(['example_branch_operator']) retrieved from /home/airflow/.local/lib/python3.7/site-packages/airflow/example_dags/example_branch_operator.py
[2024-09-18T20:47:52.293+0000] {logging_mixin.py:115} INFO - [2024-09-18T20:47:52.293+0000] {dag.py:2429} INFO - Sync 1 DAGs
[2024-09-18T20:47:52.307+0000] {logging_mixin.py:115} INFO - [2024-09-18T20:47:52.307+0000] {dag.py:2981} INFO - Setting next_dagrun for example_branch_operator to 2024-09-17T00:00:00+00:00, run_after=2024-09-18T00:00:00+00:00
[2024-09-18T20:47:52.315+0000] {processor.py:161} INFO - Processing /home/airflow/.local/lib/python3.7/site-packages/airflow/example_dags/example_branch_operator.py took 0.058 seconds
[2024-09-18T20:48:22.495+0000] {processor.py:153} INFO - Started process (PID=2532) to work on /home/airflow/.local/lib/python3.7/site-packages/airflow/example_dags/example_branch_operator.py
[2024-09-18T20:48:22.495+0000] {processor.py:640} INFO - Processing file /home/airflow/.local/lib/python3.7/site-packages/airflow/example_dags/example_branch_operator.py for tasks to queue
[2024-09-18T20:48:22.497+0000] {logging_mixin.py:115} INFO - [2024-09-18T20:48:22.496+0000] {dagbag.py:508} INFO - Filling up the DagBag from /home/airflow/.local/lib/python3.7/site-packages/airflow/example_dags/example_branch_operator.py
[2024-09-18T20:48:22.504+0000] {processor.py:650} INFO - DAG(s) dict_keys(['example_branch_operator']) retrieved from /home/airflow/.local/lib/python3.7/site-packages/airflow/example_dags/example_branch_operator.py
[2024-09-18T20:48:22.523+0000] {logging_mixin.py:115} INFO - [2024-09-18T20:48:22.523+0000] {dag.py:2429} INFO - Sync 1 DAGs
[2024-09-18T20:48:22.537+0000] {logging_mixin.py:115} INFO - [2024-09-18T20:48:22.537+0000] {dag.py:2981} INFO - Setting next_dagrun for example_branch_operator to 2024-09-17T00:00:00+00:00, run_after=2024-09-18T00:00:00+00:00
[2024-09-18T20:48:22.543+0000] {processor.py:161} INFO - Processing /home/airflow/.local/lib/python3.7/site-packages/airflow/example_dags/example_branch_operator.py took 0.052 seconds
[2024-09-18T20:48:52.647+0000] {processor.py:153} INFO - Started process (PID=2729) to work on /home/airflow/.local/lib/python3.7/site-packages/airflow/example_dags/example_branch_operator.py
[2024-09-18T20:48:52.648+0000] {processor.py:640} INFO - Processing file /home/airflow/.local/lib/python3.7/site-packages/airflow/example_dags/example_branch_operator.py for tasks to queue
[2024-09-18T20:48:52.649+0000] {logging_mixin.py:115} INFO - [2024-09-18T20:48:52.649+0000] {dagbag.py:508} INFO - Filling up the DagBag from /home/airflow/.local/lib/python3.7/site-packages/airflow/example_dags/example_branch_operator.py
[2024-09-18T20:48:52.658+0000] {processor.py:650} INFO - DAG(s) dict_keys(['example_branch_operator']) retrieved from /home/airflow/.local/lib/python3.7/site-packages/airflow/example_dags/example_branch_operator.py
[2024-09-18T20:48:52.676+0000] {logging_mixin.py:115} INFO - [2024-09-18T20:48:52.676+0000] {dag.py:2429} INFO - Sync 1 DAGs
[2024-09-18T20:48:52.689+0000] {logging_mixin.py:115} INFO - [2024-09-18T20:48:52.689+0000] {dag.py:2981} INFO - Setting next_dagrun for example_branch_operator to 2024-09-17T00:00:00+00:00, run_after=2024-09-18T00:00:00+00:00
[2024-09-18T20:48:52.697+0000] {processor.py:161} INFO - Processing /home/airflow/.local/lib/python3.7/site-packages/airflow/example_dags/example_branch_operator.py took 0.054 seconds
[2024-09-18T20:49:22.861+0000] {processor.py:153} INFO - Started process (PID=2926) to work on /home/airflow/.local/lib/python3.7/site-packages/airflow/example_dags/example_branch_operator.py
[2024-09-18T20:49:22.862+0000] {processor.py:640} INFO - Processing file /home/airflow/.local/lib/python3.7/site-packages/airflow/example_dags/example_branch_operator.py for tasks to queue
[2024-09-18T20:49:22.862+0000] {logging_mixin.py:115} INFO - [2024-09-18T20:49:22.862+0000] {dagbag.py:508} INFO - Filling up the DagBag from /home/airflow/.local/lib/python3.7/site-packages/airflow/example_dags/example_branch_operator.py
[2024-09-18T20:49:22.871+0000] {processor.py:650} INFO - DAG(s) dict_keys(['example_branch_operator']) retrieved from /home/airflow/.local/lib/python3.7/site-packages/airflow/example_dags/example_branch_operator.py
[2024-09-18T20:49:22.888+0000] {logging_mixin.py:115} INFO - [2024-09-18T20:49:22.888+0000] {dag.py:2429} INFO - Sync 1 DAGs
[2024-09-18T20:49:22.903+0000] {logging_mixin.py:115} INFO - [2024-09-18T20:49:22.903+0000] {dag.py:2981} INFO - Setting next_dagrun for example_branch_operator to 2024-09-17T00:00:00+00:00, run_after=2024-09-18T00:00:00+00:00
[2024-09-18T20:49:22.910+0000] {processor.py:161} INFO - Processing /home/airflow/.local/lib/python3.7/site-packages/airflow/example_dags/example_branch_operator.py took 0.052 seconds
[2024-09-18T20:49:53.002+0000] {processor.py:153} INFO - Started process (PID=3114) to work on /home/airflow/.local/lib/python3.7/site-packages/airflow/example_dags/example_branch_operator.py
[2024-09-18T20:49:53.003+0000] {processor.py:640} INFO - Processing file /home/airflow/.local/lib/python3.7/site-packages/airflow/example_dags/example_branch_operator.py for tasks to queue
[2024-09-18T20:49:53.003+0000] {logging_mixin.py:115} INFO - [2024-09-18T20:49:53.003+0000] {dagbag.py:508} INFO - Filling up the DagBag from /home/airflow/.local/lib/python3.7/site-packages/airflow/example_dags/example_branch_operator.py
[2024-09-18T20:49:53.010+0000] {processor.py:650} INFO - DAG(s) dict_keys(['example_branch_operator']) retrieved from /home/airflow/.local/lib/python3.7/site-packages/airflow/example_dags/example_branch_operator.py
[2024-09-18T20:49:53.060+0000] {logging_mixin.py:115} INFO - [2024-09-18T20:49:53.060+0000] {dag.py:2429} INFO - Sync 1 DAGs
[2024-09-18T20:49:53.081+0000] {logging_mixin.py:115} INFO - [2024-09-18T20:49:53.081+0000] {dag.py:2981} INFO - Setting next_dagrun for example_branch_operator to 2024-09-17T00:00:00+00:00, run_after=2024-09-18T00:00:00+00:00
[2024-09-18T20:49:53.088+0000] {processor.py:161} INFO - Processing /home/airflow/.local/lib/python3.7/site-packages/airflow/example_dags/example_branch_operator.py took 0.090 seconds
[2024-09-18T20:50:23.371+0000] {processor.py:153} INFO - Started process (PID=3312) to work on /home/airflow/.local/lib/python3.7/site-packages/airflow/example_dags/example_branch_operator.py
[2024-09-18T20:50:23.372+0000] {processor.py:640} INFO - Processing file /home/airflow/.local/lib/python3.7/site-packages/airflow/example_dags/example_branch_operator.py for tasks to queue
[2024-09-18T20:50:23.373+0000] {logging_mixin.py:115} INFO - [2024-09-18T20:50:23.373+0000] {dagbag.py:508} INFO - Filling up the DagBag from /home/airflow/.local/lib/python3.7/site-packages/airflow/example_dags/example_branch_operator.py
[2024-09-18T20:50:23.383+0000] {processor.py:650} INFO - DAG(s) dict_keys(['example_branch_operator']) retrieved from /home/airflow/.local/lib/python3.7/site-packages/airflow/example_dags/example_branch_operator.py
[2024-09-18T20:50:23.402+0000] {logging_mixin.py:115} INFO - [2024-09-18T20:50:23.402+0000] {dag.py:2429} INFO - Sync 1 DAGs
[2024-09-18T20:50:23.420+0000] {logging_mixin.py:115} INFO - [2024-09-18T20:50:23.420+0000] {dag.py:2981} INFO - Setting next_dagrun for example_branch_operator to 2024-09-17T00:00:00+00:00, run_after=2024-09-18T00:00:00+00:00
[2024-09-18T20:50:23.427+0000] {processor.py:161} INFO - Processing /home/airflow/.local/lib/python3.7/site-packages/airflow/example_dags/example_branch_operator.py took 0.060 seconds
[2024-09-18T20:50:53.611+0000] {processor.py:153} INFO - Started process (PID=3509) to work on /home/airflow/.local/lib/python3.7/site-packages/airflow/example_dags/example_branch_operator.py
[2024-09-18T20:50:53.612+0000] {processor.py:640} INFO - Processing file /home/airflow/.local/lib/python3.7/site-packages/airflow/example_dags/example_branch_operator.py for tasks to queue
[2024-09-18T20:50:53.613+0000] {logging_mixin.py:115} INFO - [2024-09-18T20:50:53.613+0000] {dagbag.py:508} INFO - Filling up the DagBag from /home/airflow/.local/lib/python3.7/site-packages/airflow/example_dags/example_branch_operator.py
[2024-09-18T20:50:53.624+0000] {processor.py:650} INFO - DAG(s) dict_keys(['example_branch_operator']) retrieved from /home/airflow/.local/lib/python3.7/site-packages/airflow/example_dags/example_branch_operator.py
[2024-09-18T20:50:53.644+0000] {logging_mixin.py:115} INFO - [2024-09-18T20:50:53.644+0000] {dag.py:2429} INFO - Sync 1 DAGs
[2024-09-18T20:50:53.660+0000] {logging_mixin.py:115} INFO - [2024-09-18T20:50:53.660+0000] {dag.py:2981} INFO - Setting next_dagrun for example_branch_operator to 2024-09-17T00:00:00+00:00, run_after=2024-09-18T00:00:00+00:00
[2024-09-18T20:50:53.669+0000] {processor.py:161} INFO - Processing /home/airflow/.local/lib/python3.7/site-packages/airflow/example_dags/example_branch_operator.py took 0.063 seconds
[2024-09-18T20:51:23.815+0000] {processor.py:153} INFO - Started process (PID=3706) to work on /home/airflow/.local/lib/python3.7/site-packages/airflow/example_dags/example_branch_operator.py
[2024-09-18T20:51:23.815+0000] {processor.py:640} INFO - Processing file /home/airflow/.local/lib/python3.7/site-packages/airflow/example_dags/example_branch_operator.py for tasks to queue
[2024-09-18T20:51:23.816+0000] {logging_mixin.py:115} INFO - [2024-09-18T20:51:23.816+0000] {dagbag.py:508} INFO - Filling up the DagBag from /home/airflow/.local/lib/python3.7/site-packages/airflow/example_dags/example_branch_operator.py
[2024-09-18T20:51:23.824+0000] {processor.py:650} INFO - DAG(s) dict_keys(['example_branch_operator']) retrieved from /home/airflow/.local/lib/python3.7/site-packages/airflow/example_dags/example_branch_operator.py
[2024-09-18T20:51:23.840+0000] {logging_mixin.py:115} INFO - [2024-09-18T20:51:23.840+0000] {dag.py:2429} INFO - Sync 1 DAGs
[2024-09-18T20:51:23.853+0000] {logging_mixin.py:115} INFO - [2024-09-18T20:51:23.853+0000] {dag.py:2981} INFO - Setting next_dagrun for example_branch_operator to 2024-09-17T00:00:00+00:00, run_after=2024-09-18T00:00:00+00:00
[2024-09-18T20:51:23.860+0000] {processor.py:161} INFO - Processing /home/airflow/.local/lib/python3.7/site-packages/airflow/example_dags/example_branch_operator.py took 0.048 seconds
[2024-09-18T20:51:53.978+0000] {processor.py:153} INFO - Started process (PID=3903) to work on /home/airflow/.local/lib/python3.7/site-packages/airflow/example_dags/example_branch_operator.py
[2024-09-18T20:51:53.979+0000] {processor.py:640} INFO - Processing file /home/airflow/.local/lib/python3.7/site-packages/airflow/example_dags/example_branch_operator.py for tasks to queue
[2024-09-18T20:51:53.979+0000] {logging_mixin.py:115} INFO - [2024-09-18T20:51:53.979+0000] {dagbag.py:508} INFO - Filling up the DagBag from /home/airflow/.local/lib/python3.7/site-packages/airflow/example_dags/example_branch_operator.py
[2024-09-18T20:51:53.991+0000] {processor.py:650} INFO - DAG(s) dict_keys(['example_branch_operator']) retrieved from /home/airflow/.local/lib/python3.7/site-packages/airflow/example_dags/example_branch_operator.py
[2024-09-18T20:51:54.007+0000] {logging_mixin.py:115} INFO - [2024-09-18T20:51:54.007+0000] {dag.py:2429} INFO - Sync 1 DAGs
[2024-09-18T20:51:54.023+0000] {logging_mixin.py:115} INFO - [2024-09-18T20:51:54.023+0000] {dag.py:2981} INFO - Setting next_dagrun for example_branch_operator to 2024-09-17T00:00:00+00:00, run_after=2024-09-18T00:00:00+00:00
[2024-09-18T20:51:54.029+0000] {processor.py:161} INFO - Processing /home/airflow/.local/lib/python3.7/site-packages/airflow/example_dags/example_branch_operator.py took 0.055 seconds
[2024-09-18T20:52:24.165+0000] {processor.py:153} INFO - Started process (PID=4098) to work on /home/airflow/.local/lib/python3.7/site-packages/airflow/example_dags/example_branch_operator.py
[2024-09-18T20:52:24.166+0000] {processor.py:640} INFO - Processing file /home/airflow/.local/lib/python3.7/site-packages/airflow/example_dags/example_branch_operator.py for tasks to queue
[2024-09-18T20:52:24.166+0000] {logging_mixin.py:115} INFO - [2024-09-18T20:52:24.166+0000] {dagbag.py:508} INFO - Filling up the DagBag from /home/airflow/.local/lib/python3.7/site-packages/airflow/example_dags/example_branch_operator.py
[2024-09-18T20:52:24.175+0000] {processor.py:650} INFO - DAG(s) dict_keys(['example_branch_operator']) retrieved from /home/airflow/.local/lib/python3.7/site-packages/airflow/example_dags/example_branch_operator.py
[2024-09-18T20:52:24.188+0000] {logging_mixin.py:115} INFO - [2024-09-18T20:52:24.188+0000] {dag.py:2429} INFO - Sync 1 DAGs
[2024-09-18T20:52:24.201+0000] {logging_mixin.py:115} INFO - [2024-09-18T20:52:24.201+0000] {dag.py:2981} INFO - Setting next_dagrun for example_branch_operator to 2024-09-17T00:00:00+00:00, run_after=2024-09-18T00:00:00+00:00
[2024-09-18T20:52:24.207+0000] {processor.py:161} INFO - Processing /home/airflow/.local/lib/python3.7/site-packages/airflow/example_dags/example_branch_operator.py took 0.044 seconds
[2024-09-18T20:52:54.222+0000] {processor.py:153} INFO - Started process (PID=4293) to work on /home/airflow/.local/lib/python3.7/site-packages/airflow/example_dags/example_branch_operator.py
[2024-09-18T20:52:54.223+0000] {processor.py:640} INFO - Processing file /home/airflow/.local/lib/python3.7/site-packages/airflow/example_dags/example_branch_operator.py for tasks to queue
[2024-09-18T20:52:54.223+0000] {logging_mixin.py:115} INFO - [2024-09-18T20:52:54.223+0000] {dagbag.py:508} INFO - Filling up the DagBag from /home/airflow/.local/lib/python3.7/site-packages/airflow/example_dags/example_branch_operator.py
[2024-09-18T20:52:54.228+0000] {processor.py:650} INFO - DAG(s) dict_keys(['example_branch_operator']) retrieved from /home/airflow/.local/lib/python3.7/site-packages/airflow/example_dags/example_branch_operator.py
[2024-09-18T20:52:54.241+0000] {logging_mixin.py:115} INFO - [2024-09-18T20:52:54.241+0000] {dag.py:2429} INFO - Sync 1 DAGs
[2024-09-18T20:52:54.252+0000] {logging_mixin.py:115} INFO - [2024-09-18T20:52:54.252+0000] {dag.py:2981} INFO - Setting next_dagrun for example_branch_operator to 2024-09-17T00:00:00+00:00, run_after=2024-09-18T00:00:00+00:00
[2024-09-18T20:52:54.257+0000] {processor.py:161} INFO - Processing /home/airflow/.local/lib/python3.7/site-packages/airflow/example_dags/example_branch_operator.py took 0.037 seconds
[2024-09-18T20:53:24.407+0000] {processor.py:153} INFO - Started process (PID=4483) to work on /home/airflow/.local/lib/python3.7/site-packages/airflow/example_dags/example_branch_operator.py
[2024-09-18T20:53:24.407+0000] {processor.py:640} INFO - Processing file /home/airflow/.local/lib/python3.7/site-packages/airflow/example_dags/example_branch_operator.py for tasks to queue
[2024-09-18T20:53:24.408+0000] {logging_mixin.py:115} INFO - [2024-09-18T20:53:24.408+0000] {dagbag.py:508} INFO - Filling up the DagBag from /home/airflow/.local/lib/python3.7/site-packages/airflow/example_dags/example_branch_operator.py
[2024-09-18T20:53:24.417+0000] {processor.py:650} INFO - DAG(s) dict_keys(['example_branch_operator']) retrieved from /home/airflow/.local/lib/python3.7/site-packages/airflow/example_dags/example_branch_operator.py
[2024-09-18T20:53:24.433+0000] {logging_mixin.py:115} INFO - [2024-09-18T20:53:24.433+0000] {dag.py:2429} INFO - Sync 1 DAGs
[2024-09-18T20:53:24.445+0000] {logging_mixin.py:115} INFO - [2024-09-18T20:53:24.445+0000] {dag.py:2981} INFO - Setting next_dagrun for example_branch_operator to 2024-09-17T00:00:00+00:00, run_after=2024-09-18T00:00:00+00:00
[2024-09-18T20:53:24.451+0000] {processor.py:161} INFO - Processing /home/airflow/.local/lib/python3.7/site-packages/airflow/example_dags/example_branch_operator.py took 0.048 seconds
[2024-09-18T20:53:54.514+0000] {processor.py:153} INFO - Started process (PID=4680) to work on /home/airflow/.local/lib/python3.7/site-packages/airflow/example_dags/example_branch_operator.py
[2024-09-18T20:53:54.515+0000] {processor.py:640} INFO - Processing file /home/airflow/.local/lib/python3.7/site-packages/airflow/example_dags/example_branch_operator.py for tasks to queue
[2024-09-18T20:53:54.515+0000] {logging_mixin.py:115} INFO - [2024-09-18T20:53:54.515+0000] {dagbag.py:508} INFO - Filling up the DagBag from /home/airflow/.local/lib/python3.7/site-packages/airflow/example_dags/example_branch_operator.py
[2024-09-18T20:53:54.525+0000] {processor.py:650} INFO - DAG(s) dict_keys(['example_branch_operator']) retrieved from /home/airflow/.local/lib/python3.7/site-packages/airflow/example_dags/example_branch_operator.py
[2024-09-18T20:53:54.538+0000] {logging_mixin.py:115} INFO - [2024-09-18T20:53:54.538+0000] {dag.py:2429} INFO - Sync 1 DAGs
[2024-09-18T20:53:54.550+0000] {logging_mixin.py:115} INFO - [2024-09-18T20:53:54.550+0000] {dag.py:2981} INFO - Setting next_dagrun for example_branch_operator to 2024-09-17T00:00:00+00:00, run_after=2024-09-18T00:00:00+00:00
[2024-09-18T20:53:54.555+0000] {processor.py:161} INFO - Processing /home/airflow/.local/lib/python3.7/site-packages/airflow/example_dags/example_branch_operator.py took 0.043 seconds
[2024-09-18T20:54:24.635+0000] {processor.py:153} INFO - Started process (PID=4877) to work on /home/airflow/.local/lib/python3.7/site-packages/airflow/example_dags/example_branch_operator.py
[2024-09-18T20:54:24.635+0000] {processor.py:640} INFO - Processing file /home/airflow/.local/lib/python3.7/site-packages/airflow/example_dags/example_branch_operator.py for tasks to queue
[2024-09-18T20:54:24.636+0000] {logging_mixin.py:115} INFO - [2024-09-18T20:54:24.636+0000] {dagbag.py:508} INFO - Filling up the DagBag from /home/airflow/.local/lib/python3.7/site-packages/airflow/example_dags/example_branch_operator.py
[2024-09-18T20:54:24.643+0000] {processor.py:650} INFO - DAG(s) dict_keys(['example_branch_operator']) retrieved from /home/airflow/.local/lib/python3.7/site-packages/airflow/example_dags/example_branch_operator.py
[2024-09-18T20:54:24.658+0000] {logging_mixin.py:115} INFO - [2024-09-18T20:54:24.658+0000] {dag.py:2429} INFO - Sync 1 DAGs
[2024-09-18T20:54:24.671+0000] {logging_mixin.py:115} INFO - [2024-09-18T20:54:24.671+0000] {dag.py:2981} INFO - Setting next_dagrun for example_branch_operator to 2024-09-17T00:00:00+00:00, run_after=2024-09-18T00:00:00+00:00
[2024-09-18T20:54:24.676+0000] {processor.py:161} INFO - Processing /home/airflow/.local/lib/python3.7/site-packages/airflow/example_dags/example_branch_operator.py took 0.045 seconds
[2024-09-18T20:54:54.732+0000] {processor.py:153} INFO - Started process (PID=5073) to work on /home/airflow/.local/lib/python3.7/site-packages/airflow/example_dags/example_branch_operator.py
[2024-09-18T20:54:54.734+0000] {processor.py:640} INFO - Processing file /home/airflow/.local/lib/python3.7/site-packages/airflow/example_dags/example_branch_operator.py for tasks to queue
[2024-09-18T20:54:54.735+0000] {logging_mixin.py:115} INFO - [2024-09-18T20:54:54.735+0000] {dagbag.py:508} INFO - Filling up the DagBag from /home/airflow/.local/lib/python3.7/site-packages/airflow/example_dags/example_branch_operator.py
[2024-09-18T20:54:54.745+0000] {processor.py:650} INFO - DAG(s) dict_keys(['example_branch_operator']) retrieved from /home/airflow/.local/lib/python3.7/site-packages/airflow/example_dags/example_branch_operator.py
[2024-09-18T20:54:54.763+0000] {logging_mixin.py:115} INFO - [2024-09-18T20:54:54.763+0000] {dag.py:2429} INFO - Sync 1 DAGs
[2024-09-18T20:54:54.815+0000] {logging_mixin.py:115} INFO - [2024-09-18T20:54:54.815+0000] {dag.py:2981} INFO - Setting next_dagrun for example_branch_operator to 2024-09-17T00:00:00+00:00, run_after=2024-09-18T00:00:00+00:00
[2024-09-18T20:54:54.836+0000] {processor.py:161} INFO - Processing /home/airflow/.local/lib/python3.7/site-packages/airflow/example_dags/example_branch_operator.py took 0.106 seconds
[2024-09-18T20:55:25.119+0000] {processor.py:153} INFO - Started process (PID=5269) to work on /home/airflow/.local/lib/python3.7/site-packages/airflow/example_dags/example_branch_operator.py
[2024-09-18T20:55:25.119+0000] {processor.py:640} INFO - Processing file /home/airflow/.local/lib/python3.7/site-packages/airflow/example_dags/example_branch_operator.py for tasks to queue
[2024-09-18T20:55:25.120+0000] {logging_mixin.py:115} INFO - [2024-09-18T20:55:25.120+0000] {dagbag.py:508} INFO - Filling up the DagBag from /home/airflow/.local/lib/python3.7/site-packages/airflow/example_dags/example_branch_operator.py
[2024-09-18T20:55:25.133+0000] {processor.py:650} INFO - DAG(s) dict_keys(['example_branch_operator']) retrieved from /home/airflow/.local/lib/python3.7/site-packages/airflow/example_dags/example_branch_operator.py
[2024-09-18T20:55:25.147+0000] {logging_mixin.py:115} INFO - [2024-09-18T20:55:25.147+0000] {dag.py:2429} INFO - Sync 1 DAGs
[2024-09-18T20:55:25.161+0000] {logging_mixin.py:115} INFO - [2024-09-18T20:55:25.161+0000] {dag.py:2981} INFO - Setting next_dagrun for example_branch_operator to 2024-09-17T00:00:00+00:00, run_after=2024-09-18T00:00:00+00:00
[2024-09-18T20:55:25.167+0000] {processor.py:161} INFO - Processing /home/airflow/.local/lib/python3.7/site-packages/airflow/example_dags/example_branch_operator.py took 0.052 seconds
[2024-09-18T20:55:55.222+0000] {processor.py:153} INFO - Started process (PID=5464) to work on /home/airflow/.local/lib/python3.7/site-packages/airflow/example_dags/example_branch_operator.py
[2024-09-18T20:55:55.223+0000] {processor.py:640} INFO - Processing file /home/airflow/.local/lib/python3.7/site-packages/airflow/example_dags/example_branch_operator.py for tasks to queue
[2024-09-18T20:55:55.223+0000] {logging_mixin.py:115} INFO - [2024-09-18T20:55:55.223+0000] {dagbag.py:508} INFO - Filling up the DagBag from /home/airflow/.local/lib/python3.7/site-packages/airflow/example_dags/example_branch_operator.py
[2024-09-18T20:55:55.228+0000] {processor.py:650} INFO - DAG(s) dict_keys(['example_branch_operator']) retrieved from /home/airflow/.local/lib/python3.7/site-packages/airflow/example_dags/example_branch_operator.py
[2024-09-18T20:55:55.241+0000] {logging_mixin.py:115} INFO - [2024-09-18T20:55:55.241+0000] {dag.py:2429} INFO - Sync 1 DAGs
[2024-09-18T20:55:55.252+0000] {logging_mixin.py:115} INFO - [2024-09-18T20:55:55.252+0000] {dag.py:2981} INFO - Setting next_dagrun for example_branch_operator to 2024-09-17T00:00:00+00:00, run_after=2024-09-18T00:00:00+00:00
[2024-09-18T20:55:55.257+0000] {processor.py:161} INFO - Processing /home/airflow/.local/lib/python3.7/site-packages/airflow/example_dags/example_branch_operator.py took 0.037 seconds
[2024-09-18T20:56:25.362+0000] {processor.py:153} INFO - Started process (PID=5654) to work on /home/airflow/.local/lib/python3.7/site-packages/airflow/example_dags/example_branch_operator.py
[2024-09-18T20:56:25.363+0000] {processor.py:640} INFO - Processing file /home/airflow/.local/lib/python3.7/site-packages/airflow/example_dags/example_branch_operator.py for tasks to queue
[2024-09-18T20:56:25.364+0000] {logging_mixin.py:115} INFO - [2024-09-18T20:56:25.364+0000] {dagbag.py:508} INFO - Filling up the DagBag from /home/airflow/.local/lib/python3.7/site-packages/airflow/example_dags/example_branch_operator.py
[2024-09-18T20:56:25.374+0000] {processor.py:650} INFO - DAG(s) dict_keys(['example_branch_operator']) retrieved from /home/airflow/.local/lib/python3.7/site-packages/airflow/example_dags/example_branch_operator.py
[2024-09-18T20:56:25.393+0000] {logging_mixin.py:115} INFO - [2024-09-18T20:56:25.392+0000] {dag.py:2429} INFO - Sync 1 DAGs
[2024-09-18T20:56:25.408+0000] {logging_mixin.py:115} INFO - [2024-09-18T20:56:25.408+0000] {dag.py:2981} INFO - Setting next_dagrun for example_branch_operator to 2024-09-17T00:00:00+00:00, run_after=2024-09-18T00:00:00+00:00
[2024-09-18T20:56:25.414+0000] {processor.py:161} INFO - Processing /home/airflow/.local/lib/python3.7/site-packages/airflow/example_dags/example_branch_operator.py took 0.056 seconds
[2024-09-18T20:56:55.460+0000] {processor.py:153} INFO - Started process (PID=5851) to work on /home/airflow/.local/lib/python3.7/site-packages/airflow/example_dags/example_branch_operator.py
[2024-09-18T20:56:55.461+0000] {processor.py:640} INFO - Processing file /home/airflow/.local/lib/python3.7/site-packages/airflow/example_dags/example_branch_operator.py for tasks to queue
[2024-09-18T20:56:55.461+0000] {logging_mixin.py:115} INFO - [2024-09-18T20:56:55.461+0000] {dagbag.py:508} INFO - Filling up the DagBag from /home/airflow/.local/lib/python3.7/site-packages/airflow/example_dags/example_branch_operator.py
[2024-09-18T20:56:55.471+0000] {processor.py:650} INFO - DAG(s) dict_keys(['example_branch_operator']) retrieved from /home/airflow/.local/lib/python3.7/site-packages/airflow/example_dags/example_branch_operator.py
[2024-09-18T20:56:55.484+0000] {logging_mixin.py:115} INFO - [2024-09-18T20:56:55.484+0000] {dag.py:2429} INFO - Sync 1 DAGs
[2024-09-18T20:56:55.497+0000] {logging_mixin.py:115} INFO - [2024-09-18T20:56:55.497+0000] {dag.py:2981} INFO - Setting next_dagrun for example_branch_operator to 2024-09-17T00:00:00+00:00, run_after=2024-09-18T00:00:00+00:00
[2024-09-18T20:56:55.503+0000] {processor.py:161} INFO - Processing /home/airflow/.local/lib/python3.7/site-packages/airflow/example_dags/example_branch_operator.py took 0.045 seconds
[2024-09-18T20:57:25.565+0000] {processor.py:153} INFO - Started process (PID=6048) to work on /home/airflow/.local/lib/python3.7/site-packages/airflow/example_dags/example_branch_operator.py
[2024-09-18T20:57:25.566+0000] {processor.py:640} INFO - Processing file /home/airflow/.local/lib/python3.7/site-packages/airflow/example_dags/example_branch_operator.py for tasks to queue
[2024-09-18T20:57:25.567+0000] {logging_mixin.py:115} INFO - [2024-09-18T20:57:25.566+0000] {dagbag.py:508} INFO - Filling up the DagBag from /home/airflow/.local/lib/python3.7/site-packages/airflow/example_dags/example_branch_operator.py
[2024-09-18T20:57:25.574+0000] {processor.py:650} INFO - DAG(s) dict_keys(['example_branch_operator']) retrieved from /home/airflow/.local/lib/python3.7/site-packages/airflow/example_dags/example_branch_operator.py
[2024-09-18T20:57:25.589+0000] {logging_mixin.py:115} INFO - [2024-09-18T20:57:25.589+0000] {dag.py:2429} INFO - Sync 1 DAGs
[2024-09-18T20:57:25.601+0000] {logging_mixin.py:115} INFO - [2024-09-18T20:57:25.601+0000] {dag.py:2981} INFO - Setting next_dagrun for example_branch_operator to 2024-09-17T00:00:00+00:00, run_after=2024-09-18T00:00:00+00:00
[2024-09-18T20:57:25.607+0000] {processor.py:161} INFO - Processing /home/airflow/.local/lib/python3.7/site-packages/airflow/example_dags/example_branch_operator.py took 0.044 seconds
[2024-09-18T20:57:55.747+0000] {processor.py:153} INFO - Started process (PID=6245) to work on /home/airflow/.local/lib/python3.7/site-packages/airflow/example_dags/example_branch_operator.py
[2024-09-18T20:57:55.748+0000] {processor.py:640} INFO - Processing file /home/airflow/.local/lib/python3.7/site-packages/airflow/example_dags/example_branch_operator.py for tasks to queue
[2024-09-18T20:57:55.749+0000] {logging_mixin.py:115} INFO - [2024-09-18T20:57:55.749+0000] {dagbag.py:508} INFO - Filling up the DagBag from /home/airflow/.local/lib/python3.7/site-packages/airflow/example_dags/example_branch_operator.py
[2024-09-18T20:57:55.760+0000] {processor.py:650} INFO - DAG(s) dict_keys(['example_branch_operator']) retrieved from /home/airflow/.local/lib/python3.7/site-packages/airflow/example_dags/example_branch_operator.py
[2024-09-18T20:57:55.777+0000] {logging_mixin.py:115} INFO - [2024-09-18T20:57:55.777+0000] {dag.py:2429} INFO - Sync 1 DAGs
[2024-09-18T20:57:55.791+0000] {logging_mixin.py:115} INFO - [2024-09-18T20:57:55.791+0000] {dag.py:2981} INFO - Setting next_dagrun for example_branch_operator to 2024-09-17T00:00:00+00:00, run_after=2024-09-18T00:00:00+00:00
[2024-09-18T20:57:55.799+0000] {processor.py:161} INFO - Processing /home/airflow/.local/lib/python3.7/site-packages/airflow/example_dags/example_branch_operator.py took 0.055 seconds
[2024-09-18T20:58:25.931+0000] {processor.py:153} INFO - Started process (PID=6441) to work on /home/airflow/.local/lib/python3.7/site-packages/airflow/example_dags/example_branch_operator.py
[2024-09-18T20:58:25.932+0000] {processor.py:640} INFO - Processing file /home/airflow/.local/lib/python3.7/site-packages/airflow/example_dags/example_branch_operator.py for tasks to queue
[2024-09-18T20:58:25.933+0000] {logging_mixin.py:115} INFO - [2024-09-18T20:58:25.933+0000] {dagbag.py:508} INFO - Filling up the DagBag from /home/airflow/.local/lib/python3.7/site-packages/airflow/example_dags/example_branch_operator.py
[2024-09-18T20:58:25.941+0000] {processor.py:650} INFO - DAG(s) dict_keys(['example_branch_operator']) retrieved from /home/airflow/.local/lib/python3.7/site-packages/airflow/example_dags/example_branch_operator.py
[2024-09-18T20:58:25.958+0000] {logging_mixin.py:115} INFO - [2024-09-18T20:58:25.958+0000] {dag.py:2429} INFO - Sync 1 DAGs
[2024-09-18T20:58:25.972+0000] {logging_mixin.py:115} INFO - [2024-09-18T20:58:25.972+0000] {dag.py:2981} INFO - Setting next_dagrun for example_branch_operator to 2024-09-17T00:00:00+00:00, run_after=2024-09-18T00:00:00+00:00
[2024-09-18T20:58:25.980+0000] {processor.py:161} INFO - Processing /home/airflow/.local/lib/python3.7/site-packages/airflow/example_dags/example_branch_operator.py took 0.052 seconds
[2024-09-18T20:58:56.076+0000] {processor.py:153} INFO - Started process (PID=6629) to work on /home/airflow/.local/lib/python3.7/site-packages/airflow/example_dags/example_branch_operator.py
[2024-09-18T20:58:56.077+0000] {processor.py:640} INFO - Processing file /home/airflow/.local/lib/python3.7/site-packages/airflow/example_dags/example_branch_operator.py for tasks to queue
[2024-09-18T20:58:56.077+0000] {logging_mixin.py:115} INFO - [2024-09-18T20:58:56.077+0000] {dagbag.py:508} INFO - Filling up the DagBag from /home/airflow/.local/lib/python3.7/site-packages/airflow/example_dags/example_branch_operator.py
[2024-09-18T20:58:56.086+0000] {processor.py:650} INFO - DAG(s) dict_keys(['example_branch_operator']) retrieved from /home/airflow/.local/lib/python3.7/site-packages/airflow/example_dags/example_branch_operator.py
[2024-09-18T20:58:56.102+0000] {logging_mixin.py:115} INFO - [2024-09-18T20:58:56.101+0000] {dag.py:2429} INFO - Sync 1 DAGs
[2024-09-18T20:58:56.115+0000] {logging_mixin.py:115} INFO - [2024-09-18T20:58:56.115+0000] {dag.py:2981} INFO - Setting next_dagrun for example_branch_operator to 2024-09-17T00:00:00+00:00, run_after=2024-09-18T00:00:00+00:00
[2024-09-18T20:58:56.123+0000] {processor.py:161} INFO - Processing /home/airflow/.local/lib/python3.7/site-packages/airflow/example_dags/example_branch_operator.py took 0.051 seconds
[2024-09-18T20:59:26.396+0000] {processor.py:153} INFO - Started process (PID=6826) to work on /home/airflow/.local/lib/python3.7/site-packages/airflow/example_dags/example_branch_operator.py
[2024-09-18T20:59:26.398+0000] {processor.py:640} INFO - Processing file /home/airflow/.local/lib/python3.7/site-packages/airflow/example_dags/example_branch_operator.py for tasks to queue
[2024-09-18T20:59:26.399+0000] {logging_mixin.py:115} INFO - [2024-09-18T20:59:26.399+0000] {dagbag.py:508} INFO - Filling up the DagBag from /home/airflow/.local/lib/python3.7/site-packages/airflow/example_dags/example_branch_operator.py
[2024-09-18T20:59:26.408+0000] {processor.py:650} INFO - DAG(s) dict_keys(['example_branch_operator']) retrieved from /home/airflow/.local/lib/python3.7/site-packages/airflow/example_dags/example_branch_operator.py
[2024-09-18T20:59:26.426+0000] {logging_mixin.py:115} INFO - [2024-09-18T20:59:26.426+0000] {dag.py:2429} INFO - Sync 1 DAGs
[2024-09-18T20:59:26.451+0000] {logging_mixin.py:115} INFO - [2024-09-18T20:59:26.451+0000] {dag.py:2981} INFO - Setting next_dagrun for example_branch_operator to 2024-09-17T00:00:00+00:00, run_after=2024-09-18T00:00:00+00:00
[2024-09-18T20:59:26.458+0000] {processor.py:161} INFO - Processing /home/airflow/.local/lib/python3.7/site-packages/airflow/example_dags/example_branch_operator.py took 0.065 seconds
[2024-09-18T20:59:56.649+0000] {processor.py:153} INFO - Started process (PID=7023) to work on /home/airflow/.local/lib/python3.7/site-packages/airflow/example_dags/example_branch_operator.py
[2024-09-18T20:59:56.649+0000] {processor.py:640} INFO - Processing file /home/airflow/.local/lib/python3.7/site-packages/airflow/example_dags/example_branch_operator.py for tasks to queue
[2024-09-18T20:59:56.650+0000] {logging_mixin.py:115} INFO - [2024-09-18T20:59:56.650+0000] {dagbag.py:508} INFO - Filling up the DagBag from /home/airflow/.local/lib/python3.7/site-packages/airflow/example_dags/example_branch_operator.py
[2024-09-18T20:59:56.658+0000] {processor.py:650} INFO - DAG(s) dict_keys(['example_branch_operator']) retrieved from /home/airflow/.local/lib/python3.7/site-packages/airflow/example_dags/example_branch_operator.py
[2024-09-18T20:59:56.672+0000] {logging_mixin.py:115} INFO - [2024-09-18T20:59:56.672+0000] {dag.py:2429} INFO - Sync 1 DAGs
[2024-09-18T20:59:56.684+0000] {logging_mixin.py:115} INFO - [2024-09-18T20:59:56.684+0000] {dag.py:2981} INFO - Setting next_dagrun for example_branch_operator to 2024-09-17T00:00:00+00:00, run_after=2024-09-18T00:00:00+00:00
[2024-09-18T20:59:56.690+0000] {processor.py:161} INFO - Processing /home/airflow/.local/lib/python3.7/site-packages/airflow/example_dags/example_branch_operator.py took 0.044 seconds
[2024-09-18T21:00:26.865+0000] {processor.py:153} INFO - Started process (PID=7220) to work on /home/airflow/.local/lib/python3.7/site-packages/airflow/example_dags/example_branch_operator.py
[2024-09-18T21:00:26.866+0000] {processor.py:640} INFO - Processing file /home/airflow/.local/lib/python3.7/site-packages/airflow/example_dags/example_branch_operator.py for tasks to queue
[2024-09-18T21:00:26.867+0000] {logging_mixin.py:115} INFO - [2024-09-18T21:00:26.867+0000] {dagbag.py:508} INFO - Filling up the DagBag from /home/airflow/.local/lib/python3.7/site-packages/airflow/example_dags/example_branch_operator.py
[2024-09-18T21:00:26.877+0000] {processor.py:650} INFO - DAG(s) dict_keys(['example_branch_operator']) retrieved from /home/airflow/.local/lib/python3.7/site-packages/airflow/example_dags/example_branch_operator.py
[2024-09-18T21:00:26.896+0000] {logging_mixin.py:115} INFO - [2024-09-18T21:00:26.896+0000] {dag.py:2429} INFO - Sync 1 DAGs
[2024-09-18T21:00:26.912+0000] {logging_mixin.py:115} INFO - [2024-09-18T21:00:26.912+0000] {dag.py:2981} INFO - Setting next_dagrun for example_branch_operator to 2024-09-17T00:00:00+00:00, run_after=2024-09-18T00:00:00+00:00
[2024-09-18T21:00:26.921+0000] {processor.py:161} INFO - Processing /home/airflow/.local/lib/python3.7/site-packages/airflow/example_dags/example_branch_operator.py took 0.060 seconds
