[2024-09-18T20:42:20.785+0000] {processor.py:153} INFO - Started process (PID=323) to work on /home/airflow/.local/lib/python3.7/site-packages/airflow/example_dags/example_bash_operator.py
[2024-09-18T20:42:20.785+0000] {processor.py:640} INFO - Processing file /home/airflow/.local/lib/python3.7/site-packages/airflow/example_dags/example_bash_operator.py for tasks to queue
[2024-09-18T20:42:20.786+0000] {logging_mixin.py:115} INFO - [2024-09-18T20:42:20.786+0000] {dagbag.py:508} INFO - Filling up the DagBag from /home/airflow/.local/lib/python3.7/site-packages/airflow/example_dags/example_bash_operator.py
[2024-09-18T20:42:20.791+0000] {processor.py:650} INFO - DAG(s) dict_keys(['example_bash_operator']) retrieved from /home/airflow/.local/lib/python3.7/site-packages/airflow/example_dags/example_bash_operator.py
[2024-09-18T20:42:20.832+0000] {logging_mixin.py:115} INFO - [2024-09-18T20:42:20.832+0000] {manager.py:508} INFO - Created Permission View: can edit on DAG:example_bash_operator
[2024-09-18T20:42:20.837+0000] {logging_mixin.py:115} INFO - [2024-09-18T20:42:20.837+0000] {manager.py:508} INFO - Created Permission View: can read on DAG:example_bash_operator
[2024-09-18T20:42:20.840+0000] {logging_mixin.py:115} INFO - [2024-09-18T20:42:20.840+0000] {manager.py:508} INFO - Created Permission View: can delete on DAG:example_bash_operator
[2024-09-18T20:42:20.840+0000] {logging_mixin.py:115} INFO - [2024-09-18T20:42:20.840+0000] {dag.py:2429} INFO - Sync 1 DAGs
[2024-09-18T20:42:20.843+0000] {logging_mixin.py:115} INFO - [2024-09-18T20:42:20.843+0000] {dag.py:2448} INFO - Creating ORM DAG for example_bash_operator
[2024-09-18T20:42:20.849+0000] {logging_mixin.py:115} INFO - [2024-09-18T20:42:20.849+0000] {dag.py:2981} INFO - Setting next_dagrun for example_bash_operator to 2024-09-17T00:00:00+00:00, run_after=2024-09-18T00:00:00+00:00
[2024-09-18T20:42:20.860+0000] {processor.py:161} INFO - Processing /home/airflow/.local/lib/python3.7/site-packages/airflow/example_dags/example_bash_operator.py took 0.076 seconds
[2024-09-18T20:42:51.010+0000] {processor.py:153} INFO - Started process (PID=519) to work on /home/airflow/.local/lib/python3.7/site-packages/airflow/example_dags/example_bash_operator.py
[2024-09-18T20:42:51.011+0000] {processor.py:640} INFO - Processing file /home/airflow/.local/lib/python3.7/site-packages/airflow/example_dags/example_bash_operator.py for tasks to queue
[2024-09-18T20:42:51.011+0000] {logging_mixin.py:115} INFO - [2024-09-18T20:42:51.011+0000] {dagbag.py:508} INFO - Filling up the DagBag from /home/airflow/.local/lib/python3.7/site-packages/airflow/example_dags/example_bash_operator.py
[2024-09-18T20:42:51.016+0000] {processor.py:650} INFO - DAG(s) dict_keys(['example_bash_operator']) retrieved from /home/airflow/.local/lib/python3.7/site-packages/airflow/example_dags/example_bash_operator.py
[2024-09-18T20:42:51.030+0000] {logging_mixin.py:115} INFO - [2024-09-18T20:42:51.029+0000] {dag.py:2429} INFO - Sync 1 DAGs
[2024-09-18T20:42:51.040+0000] {logging_mixin.py:115} INFO - [2024-09-18T20:42:51.040+0000] {dag.py:2981} INFO - Setting next_dagrun for example_bash_operator to 2024-09-17T00:00:00+00:00, run_after=2024-09-18T00:00:00+00:00
[2024-09-18T20:42:51.046+0000] {processor.py:161} INFO - Processing /home/airflow/.local/lib/python3.7/site-packages/airflow/example_dags/example_bash_operator.py took 0.037 seconds
[2024-09-18T20:43:21.194+0000] {processor.py:153} INFO - Started process (PID=716) to work on /home/airflow/.local/lib/python3.7/site-packages/airflow/example_dags/example_bash_operator.py
[2024-09-18T20:43:21.196+0000] {processor.py:640} INFO - Processing file /home/airflow/.local/lib/python3.7/site-packages/airflow/example_dags/example_bash_operator.py for tasks to queue
[2024-09-18T20:43:21.197+0000] {logging_mixin.py:115} INFO - [2024-09-18T20:43:21.197+0000] {dagbag.py:508} INFO - Filling up the DagBag from /home/airflow/.local/lib/python3.7/site-packages/airflow/example_dags/example_bash_operator.py
[2024-09-18T20:43:21.202+0000] {processor.py:650} INFO - DAG(s) dict_keys(['example_bash_operator']) retrieved from /home/airflow/.local/lib/python3.7/site-packages/airflow/example_dags/example_bash_operator.py
[2024-09-18T20:43:21.216+0000] {logging_mixin.py:115} INFO - [2024-09-18T20:43:21.216+0000] {dag.py:2429} INFO - Sync 1 DAGs
[2024-09-18T20:43:21.226+0000] {logging_mixin.py:115} INFO - [2024-09-18T20:43:21.226+0000] {dag.py:2981} INFO - Setting next_dagrun for example_bash_operator to 2024-09-17T00:00:00+00:00, run_after=2024-09-18T00:00:00+00:00
[2024-09-18T20:43:21.233+0000] {processor.py:161} INFO - Processing /home/airflow/.local/lib/python3.7/site-packages/airflow/example_dags/example_bash_operator.py took 0.040 seconds
[2024-09-18T20:43:51.479+0000] {processor.py:153} INFO - Started process (PID=913) to work on /home/airflow/.local/lib/python3.7/site-packages/airflow/example_dags/example_bash_operator.py
[2024-09-18T20:43:51.480+0000] {processor.py:640} INFO - Processing file /home/airflow/.local/lib/python3.7/site-packages/airflow/example_dags/example_bash_operator.py for tasks to queue
[2024-09-18T20:43:51.480+0000] {logging_mixin.py:115} INFO - [2024-09-18T20:43:51.480+0000] {dagbag.py:508} INFO - Filling up the DagBag from /home/airflow/.local/lib/python3.7/site-packages/airflow/example_dags/example_bash_operator.py
[2024-09-18T20:43:51.485+0000] {processor.py:650} INFO - DAG(s) dict_keys(['example_bash_operator']) retrieved from /home/airflow/.local/lib/python3.7/site-packages/airflow/example_dags/example_bash_operator.py
[2024-09-18T20:43:51.498+0000] {logging_mixin.py:115} INFO - [2024-09-18T20:43:51.498+0000] {dag.py:2429} INFO - Sync 1 DAGs
[2024-09-18T20:43:51.508+0000] {logging_mixin.py:115} INFO - [2024-09-18T20:43:51.508+0000] {dag.py:2981} INFO - Setting next_dagrun for example_bash_operator to 2024-09-17T00:00:00+00:00, run_after=2024-09-18T00:00:00+00:00
[2024-09-18T20:43:51.513+0000] {processor.py:161} INFO - Processing /home/airflow/.local/lib/python3.7/site-packages/airflow/example_dags/example_bash_operator.py took 0.035 seconds
[2024-09-18T20:44:21.676+0000] {processor.py:153} INFO - Started process (PID=1119) to work on /home/airflow/.local/lib/python3.7/site-packages/airflow/example_dags/example_bash_operator.py
[2024-09-18T20:44:21.676+0000] {processor.py:640} INFO - Processing file /home/airflow/.local/lib/python3.7/site-packages/airflow/example_dags/example_bash_operator.py for tasks to queue
[2024-09-18T20:44:21.677+0000] {logging_mixin.py:115} INFO - [2024-09-18T20:44:21.677+0000] {dagbag.py:508} INFO - Filling up the DagBag from /home/airflow/.local/lib/python3.7/site-packages/airflow/example_dags/example_bash_operator.py
[2024-09-18T20:44:21.681+0000] {processor.py:650} INFO - DAG(s) dict_keys(['example_bash_operator']) retrieved from /home/airflow/.local/lib/python3.7/site-packages/airflow/example_dags/example_bash_operator.py
[2024-09-18T20:44:21.695+0000] {logging_mixin.py:115} INFO - [2024-09-18T20:44:21.695+0000] {dag.py:2429} INFO - Sync 1 DAGs
[2024-09-18T20:44:21.705+0000] {logging_mixin.py:115} INFO - [2024-09-18T20:44:21.705+0000] {dag.py:2981} INFO - Setting next_dagrun for example_bash_operator to 2024-09-18T00:00:00+00:00, run_after=2024-09-19T00:00:00+00:00
[2024-09-18T20:44:21.710+0000] {processor.py:161} INFO - Processing /home/airflow/.local/lib/python3.7/site-packages/airflow/example_dags/example_bash_operator.py took 0.036 seconds
[2024-09-18T20:44:51.833+0000] {processor.py:153} INFO - Started process (PID=1316) to work on /home/airflow/.local/lib/python3.7/site-packages/airflow/example_dags/example_bash_operator.py
[2024-09-18T20:44:51.834+0000] {processor.py:640} INFO - Processing file /home/airflow/.local/lib/python3.7/site-packages/airflow/example_dags/example_bash_operator.py for tasks to queue
[2024-09-18T20:44:51.835+0000] {logging_mixin.py:115} INFO - [2024-09-18T20:44:51.835+0000] {dagbag.py:508} INFO - Filling up the DagBag from /home/airflow/.local/lib/python3.7/site-packages/airflow/example_dags/example_bash_operator.py
[2024-09-18T20:44:51.840+0000] {processor.py:650} INFO - DAG(s) dict_keys(['example_bash_operator']) retrieved from /home/airflow/.local/lib/python3.7/site-packages/airflow/example_dags/example_bash_operator.py
[2024-09-18T20:44:51.854+0000] {logging_mixin.py:115} INFO - [2024-09-18T20:44:51.854+0000] {dag.py:2429} INFO - Sync 1 DAGs
[2024-09-18T20:44:51.864+0000] {logging_mixin.py:115} INFO - [2024-09-18T20:44:51.864+0000] {dag.py:2981} INFO - Setting next_dagrun for example_bash_operator to 2024-09-18T00:00:00+00:00, run_after=2024-09-19T00:00:00+00:00
[2024-09-18T20:44:51.870+0000] {processor.py:161} INFO - Processing /home/airflow/.local/lib/python3.7/site-packages/airflow/example_dags/example_bash_operator.py took 0.038 seconds
[2024-09-18T20:45:22.059+0000] {processor.py:153} INFO - Started process (PID=1513) to work on /home/airflow/.local/lib/python3.7/site-packages/airflow/example_dags/example_bash_operator.py
[2024-09-18T20:45:22.060+0000] {processor.py:640} INFO - Processing file /home/airflow/.local/lib/python3.7/site-packages/airflow/example_dags/example_bash_operator.py for tasks to queue
[2024-09-18T20:45:22.062+0000] {logging_mixin.py:115} INFO - [2024-09-18T20:45:22.062+0000] {dagbag.py:508} INFO - Filling up the DagBag from /home/airflow/.local/lib/python3.7/site-packages/airflow/example_dags/example_bash_operator.py
[2024-09-18T20:45:22.066+0000] {processor.py:650} INFO - DAG(s) dict_keys(['example_bash_operator']) retrieved from /home/airflow/.local/lib/python3.7/site-packages/airflow/example_dags/example_bash_operator.py
[2024-09-18T20:45:22.080+0000] {logging_mixin.py:115} INFO - [2024-09-18T20:45:22.080+0000] {dag.py:2429} INFO - Sync 1 DAGs
[2024-09-18T20:45:22.093+0000] {logging_mixin.py:115} INFO - [2024-09-18T20:45:22.093+0000] {dag.py:2981} INFO - Setting next_dagrun for example_bash_operator to 2024-09-18T00:00:00+00:00, run_after=2024-09-19T00:00:00+00:00
[2024-09-18T20:45:22.101+0000] {processor.py:161} INFO - Processing /home/airflow/.local/lib/python3.7/site-packages/airflow/example_dags/example_bash_operator.py took 0.044 seconds
[2024-09-18T20:45:52.241+0000] {processor.py:153} INFO - Started process (PID=1709) to work on /home/airflow/.local/lib/python3.7/site-packages/airflow/example_dags/example_bash_operator.py
[2024-09-18T20:45:52.243+0000] {processor.py:640} INFO - Processing file /home/airflow/.local/lib/python3.7/site-packages/airflow/example_dags/example_bash_operator.py for tasks to queue
[2024-09-18T20:45:52.243+0000] {logging_mixin.py:115} INFO - [2024-09-18T20:45:52.243+0000] {dagbag.py:508} INFO - Filling up the DagBag from /home/airflow/.local/lib/python3.7/site-packages/airflow/example_dags/example_bash_operator.py
[2024-09-18T20:45:52.248+0000] {processor.py:650} INFO - DAG(s) dict_keys(['example_bash_operator']) retrieved from /home/airflow/.local/lib/python3.7/site-packages/airflow/example_dags/example_bash_operator.py
[2024-09-18T20:45:52.268+0000] {logging_mixin.py:115} INFO - [2024-09-18T20:45:52.268+0000] {dag.py:2429} INFO - Sync 1 DAGs
[2024-09-18T20:45:52.283+0000] {logging_mixin.py:115} INFO - [2024-09-18T20:45:52.283+0000] {dag.py:2981} INFO - Setting next_dagrun for example_bash_operator to 2024-09-18T00:00:00+00:00, run_after=2024-09-19T00:00:00+00:00
[2024-09-18T20:45:52.289+0000] {processor.py:161} INFO - Processing /home/airflow/.local/lib/python3.7/site-packages/airflow/example_dags/example_bash_operator.py took 0.049 seconds
[2024-09-18T20:46:22.486+0000] {processor.py:153} INFO - Started process (PID=1906) to work on /home/airflow/.local/lib/python3.7/site-packages/airflow/example_dags/example_bash_operator.py
[2024-09-18T20:46:22.487+0000] {processor.py:640} INFO - Processing file /home/airflow/.local/lib/python3.7/site-packages/airflow/example_dags/example_bash_operator.py for tasks to queue
[2024-09-18T20:46:22.488+0000] {logging_mixin.py:115} INFO - [2024-09-18T20:46:22.488+0000] {dagbag.py:508} INFO - Filling up the DagBag from /home/airflow/.local/lib/python3.7/site-packages/airflow/example_dags/example_bash_operator.py
[2024-09-18T20:46:22.495+0000] {processor.py:650} INFO - DAG(s) dict_keys(['example_bash_operator']) retrieved from /home/airflow/.local/lib/python3.7/site-packages/airflow/example_dags/example_bash_operator.py
[2024-09-18T20:46:22.515+0000] {logging_mixin.py:115} INFO - [2024-09-18T20:46:22.515+0000] {dag.py:2429} INFO - Sync 1 DAGs
[2024-09-18T20:46:22.525+0000] {logging_mixin.py:115} INFO - [2024-09-18T20:46:22.525+0000] {dag.py:2981} INFO - Setting next_dagrun for example_bash_operator to 2024-09-18T00:00:00+00:00, run_after=2024-09-19T00:00:00+00:00
[2024-09-18T20:46:22.532+0000] {processor.py:161} INFO - Processing /home/airflow/.local/lib/python3.7/site-packages/airflow/example_dags/example_bash_operator.py took 0.047 seconds
[2024-09-18T20:46:52.808+0000] {processor.py:153} INFO - Started process (PID=2103) to work on /home/airflow/.local/lib/python3.7/site-packages/airflow/example_dags/example_bash_operator.py
[2024-09-18T20:46:52.808+0000] {processor.py:640} INFO - Processing file /home/airflow/.local/lib/python3.7/site-packages/airflow/example_dags/example_bash_operator.py for tasks to queue
[2024-09-18T20:46:52.811+0000] {logging_mixin.py:115} INFO - [2024-09-18T20:46:52.811+0000] {dagbag.py:508} INFO - Filling up the DagBag from /home/airflow/.local/lib/python3.7/site-packages/airflow/example_dags/example_bash_operator.py
[2024-09-18T20:46:52.817+0000] {processor.py:650} INFO - DAG(s) dict_keys(['example_bash_operator']) retrieved from /home/airflow/.local/lib/python3.7/site-packages/airflow/example_dags/example_bash_operator.py
[2024-09-18T20:46:52.833+0000] {logging_mixin.py:115} INFO - [2024-09-18T20:46:52.833+0000] {dag.py:2429} INFO - Sync 1 DAGs
[2024-09-18T20:46:52.843+0000] {logging_mixin.py:115} INFO - [2024-09-18T20:46:52.843+0000] {dag.py:2981} INFO - Setting next_dagrun for example_bash_operator to 2024-09-18T00:00:00+00:00, run_after=2024-09-19T00:00:00+00:00
[2024-09-18T20:46:52.851+0000] {processor.py:161} INFO - Processing /home/airflow/.local/lib/python3.7/site-packages/airflow/example_dags/example_bash_operator.py took 0.045 seconds
[2024-09-18T20:47:22.968+0000] {processor.py:153} INFO - Started process (PID=2291) to work on /home/airflow/.local/lib/python3.7/site-packages/airflow/example_dags/example_bash_operator.py
[2024-09-18T20:47:22.971+0000] {processor.py:640} INFO - Processing file /home/airflow/.local/lib/python3.7/site-packages/airflow/example_dags/example_bash_operator.py for tasks to queue
[2024-09-18T20:47:22.971+0000] {logging_mixin.py:115} INFO - [2024-09-18T20:47:22.971+0000] {dagbag.py:508} INFO - Filling up the DagBag from /home/airflow/.local/lib/python3.7/site-packages/airflow/example_dags/example_bash_operator.py
[2024-09-18T20:47:22.976+0000] {processor.py:650} INFO - DAG(s) dict_keys(['example_bash_operator']) retrieved from /home/airflow/.local/lib/python3.7/site-packages/airflow/example_dags/example_bash_operator.py
[2024-09-18T20:47:22.989+0000] {logging_mixin.py:115} INFO - [2024-09-18T20:47:22.989+0000] {dag.py:2429} INFO - Sync 1 DAGs
[2024-09-18T20:47:23.000+0000] {logging_mixin.py:115} INFO - [2024-09-18T20:47:23.000+0000] {dag.py:2981} INFO - Setting next_dagrun for example_bash_operator to 2024-09-18T00:00:00+00:00, run_after=2024-09-19T00:00:00+00:00
[2024-09-18T20:47:23.004+0000] {processor.py:161} INFO - Processing /home/airflow/.local/lib/python3.7/site-packages/airflow/example_dags/example_bash_operator.py took 0.037 seconds
[2024-09-18T20:47:53.227+0000] {processor.py:153} INFO - Started process (PID=2488) to work on /home/airflow/.local/lib/python3.7/site-packages/airflow/example_dags/example_bash_operator.py
[2024-09-18T20:47:53.228+0000] {processor.py:640} INFO - Processing file /home/airflow/.local/lib/python3.7/site-packages/airflow/example_dags/example_bash_operator.py for tasks to queue
[2024-09-18T20:47:53.228+0000] {logging_mixin.py:115} INFO - [2024-09-18T20:47:53.228+0000] {dagbag.py:508} INFO - Filling up the DagBag from /home/airflow/.local/lib/python3.7/site-packages/airflow/example_dags/example_bash_operator.py
[2024-09-18T20:47:53.234+0000] {processor.py:650} INFO - DAG(s) dict_keys(['example_bash_operator']) retrieved from /home/airflow/.local/lib/python3.7/site-packages/airflow/example_dags/example_bash_operator.py
[2024-09-18T20:47:53.248+0000] {logging_mixin.py:115} INFO - [2024-09-18T20:47:53.247+0000] {dag.py:2429} INFO - Sync 1 DAGs
[2024-09-18T20:47:53.260+0000] {logging_mixin.py:115} INFO - [2024-09-18T20:47:53.260+0000] {dag.py:2981} INFO - Setting next_dagrun for example_bash_operator to 2024-09-18T00:00:00+00:00, run_after=2024-09-19T00:00:00+00:00
[2024-09-18T20:47:53.265+0000] {processor.py:161} INFO - Processing /home/airflow/.local/lib/python3.7/site-packages/airflow/example_dags/example_bash_operator.py took 0.039 seconds
[2024-09-18T20:48:23.367+0000] {processor.py:153} INFO - Started process (PID=2685) to work on /home/airflow/.local/lib/python3.7/site-packages/airflow/example_dags/example_bash_operator.py
[2024-09-18T20:48:23.370+0000] {processor.py:640} INFO - Processing file /home/airflow/.local/lib/python3.7/site-packages/airflow/example_dags/example_bash_operator.py for tasks to queue
[2024-09-18T20:48:23.370+0000] {logging_mixin.py:115} INFO - [2024-09-18T20:48:23.370+0000] {dagbag.py:508} INFO - Filling up the DagBag from /home/airflow/.local/lib/python3.7/site-packages/airflow/example_dags/example_bash_operator.py
[2024-09-18T20:48:23.375+0000] {processor.py:650} INFO - DAG(s) dict_keys(['example_bash_operator']) retrieved from /home/airflow/.local/lib/python3.7/site-packages/airflow/example_dags/example_bash_operator.py
[2024-09-18T20:48:23.390+0000] {logging_mixin.py:115} INFO - [2024-09-18T20:48:23.390+0000] {dag.py:2429} INFO - Sync 1 DAGs
[2024-09-18T20:48:23.403+0000] {logging_mixin.py:115} INFO - [2024-09-18T20:48:23.403+0000] {dag.py:2981} INFO - Setting next_dagrun for example_bash_operator to 2024-09-18T00:00:00+00:00, run_after=2024-09-19T00:00:00+00:00
[2024-09-18T20:48:23.408+0000] {processor.py:161} INFO - Processing /home/airflow/.local/lib/python3.7/site-packages/airflow/example_dags/example_bash_operator.py took 0.043 seconds
[2024-09-18T20:48:53.519+0000] {processor.py:153} INFO - Started process (PID=2882) to work on /home/airflow/.local/lib/python3.7/site-packages/airflow/example_dags/example_bash_operator.py
[2024-09-18T20:48:53.520+0000] {processor.py:640} INFO - Processing file /home/airflow/.local/lib/python3.7/site-packages/airflow/example_dags/example_bash_operator.py for tasks to queue
[2024-09-18T20:48:53.520+0000] {logging_mixin.py:115} INFO - [2024-09-18T20:48:53.520+0000] {dagbag.py:508} INFO - Filling up the DagBag from /home/airflow/.local/lib/python3.7/site-packages/airflow/example_dags/example_bash_operator.py
[2024-09-18T20:48:53.525+0000] {processor.py:650} INFO - DAG(s) dict_keys(['example_bash_operator']) retrieved from /home/airflow/.local/lib/python3.7/site-packages/airflow/example_dags/example_bash_operator.py
[2024-09-18T20:48:53.539+0000] {logging_mixin.py:115} INFO - [2024-09-18T20:48:53.539+0000] {dag.py:2429} INFO - Sync 1 DAGs
[2024-09-18T20:48:53.549+0000] {logging_mixin.py:115} INFO - [2024-09-18T20:48:53.549+0000] {dag.py:2981} INFO - Setting next_dagrun for example_bash_operator to 2024-09-18T00:00:00+00:00, run_after=2024-09-19T00:00:00+00:00
[2024-09-18T20:48:53.554+0000] {processor.py:161} INFO - Processing /home/airflow/.local/lib/python3.7/site-packages/airflow/example_dags/example_bash_operator.py took 0.037 seconds
[2024-09-18T20:49:23.737+0000] {processor.py:153} INFO - Started process (PID=3079) to work on /home/airflow/.local/lib/python3.7/site-packages/airflow/example_dags/example_bash_operator.py
[2024-09-18T20:49:23.738+0000] {processor.py:640} INFO - Processing file /home/airflow/.local/lib/python3.7/site-packages/airflow/example_dags/example_bash_operator.py for tasks to queue
[2024-09-18T20:49:23.738+0000] {logging_mixin.py:115} INFO - [2024-09-18T20:49:23.738+0000] {dagbag.py:508} INFO - Filling up the DagBag from /home/airflow/.local/lib/python3.7/site-packages/airflow/example_dags/example_bash_operator.py
[2024-09-18T20:49:23.746+0000] {processor.py:650} INFO - DAG(s) dict_keys(['example_bash_operator']) retrieved from /home/airflow/.local/lib/python3.7/site-packages/airflow/example_dags/example_bash_operator.py
[2024-09-18T20:49:23.760+0000] {logging_mixin.py:115} INFO - [2024-09-18T20:49:23.759+0000] {dag.py:2429} INFO - Sync 1 DAGs
[2024-09-18T20:49:23.771+0000] {logging_mixin.py:115} INFO - [2024-09-18T20:49:23.770+0000] {dag.py:2981} INFO - Setting next_dagrun for example_bash_operator to 2024-09-18T00:00:00+00:00, run_after=2024-09-19T00:00:00+00:00
[2024-09-18T20:49:23.778+0000] {processor.py:161} INFO - Processing /home/airflow/.local/lib/python3.7/site-packages/airflow/example_dags/example_bash_operator.py took 0.042 seconds
[2024-09-18T20:49:54.087+0000] {processor.py:153} INFO - Started process (PID=3276) to work on /home/airflow/.local/lib/python3.7/site-packages/airflow/example_dags/example_bash_operator.py
[2024-09-18T20:49:54.088+0000] {processor.py:640} INFO - Processing file /home/airflow/.local/lib/python3.7/site-packages/airflow/example_dags/example_bash_operator.py for tasks to queue
[2024-09-18T20:49:54.089+0000] {logging_mixin.py:115} INFO - [2024-09-18T20:49:54.089+0000] {dagbag.py:508} INFO - Filling up the DagBag from /home/airflow/.local/lib/python3.7/site-packages/airflow/example_dags/example_bash_operator.py
[2024-09-18T20:49:54.095+0000] {processor.py:650} INFO - DAG(s) dict_keys(['example_bash_operator']) retrieved from /home/airflow/.local/lib/python3.7/site-packages/airflow/example_dags/example_bash_operator.py
[2024-09-18T20:49:54.109+0000] {logging_mixin.py:115} INFO - [2024-09-18T20:49:54.109+0000] {dag.py:2429} INFO - Sync 1 DAGs
[2024-09-18T20:49:54.122+0000] {logging_mixin.py:115} INFO - [2024-09-18T20:49:54.121+0000] {dag.py:2981} INFO - Setting next_dagrun for example_bash_operator to 2024-09-18T00:00:00+00:00, run_after=2024-09-19T00:00:00+00:00
[2024-09-18T20:49:54.126+0000] {processor.py:161} INFO - Processing /home/airflow/.local/lib/python3.7/site-packages/airflow/example_dags/example_bash_operator.py took 0.041 seconds
[2024-09-18T20:50:24.309+0000] {processor.py:153} INFO - Started process (PID=3464) to work on /home/airflow/.local/lib/python3.7/site-packages/airflow/example_dags/example_bash_operator.py
[2024-09-18T20:50:24.314+0000] {processor.py:640} INFO - Processing file /home/airflow/.local/lib/python3.7/site-packages/airflow/example_dags/example_bash_operator.py for tasks to queue
[2024-09-18T20:50:24.314+0000] {logging_mixin.py:115} INFO - [2024-09-18T20:50:24.314+0000] {dagbag.py:508} INFO - Filling up the DagBag from /home/airflow/.local/lib/python3.7/site-packages/airflow/example_dags/example_bash_operator.py
[2024-09-18T20:50:24.319+0000] {processor.py:650} INFO - DAG(s) dict_keys(['example_bash_operator']) retrieved from /home/airflow/.local/lib/python3.7/site-packages/airflow/example_dags/example_bash_operator.py
[2024-09-18T20:50:24.332+0000] {logging_mixin.py:115} INFO - [2024-09-18T20:50:24.332+0000] {dag.py:2429} INFO - Sync 1 DAGs
[2024-09-18T20:50:24.347+0000] {logging_mixin.py:115} INFO - [2024-09-18T20:50:24.347+0000] {dag.py:2981} INFO - Setting next_dagrun for example_bash_operator to 2024-09-18T00:00:00+00:00, run_after=2024-09-19T00:00:00+00:00
[2024-09-18T20:50:24.354+0000] {processor.py:161} INFO - Processing /home/airflow/.local/lib/python3.7/site-packages/airflow/example_dags/example_bash_operator.py took 0.046 seconds
[2024-09-18T20:50:54.554+0000] {processor.py:153} INFO - Started process (PID=3662) to work on /home/airflow/.local/lib/python3.7/site-packages/airflow/example_dags/example_bash_operator.py
[2024-09-18T20:50:54.554+0000] {processor.py:640} INFO - Processing file /home/airflow/.local/lib/python3.7/site-packages/airflow/example_dags/example_bash_operator.py for tasks to queue
[2024-09-18T20:50:54.555+0000] {logging_mixin.py:115} INFO - [2024-09-18T20:50:54.555+0000] {dagbag.py:508} INFO - Filling up the DagBag from /home/airflow/.local/lib/python3.7/site-packages/airflow/example_dags/example_bash_operator.py
[2024-09-18T20:50:54.561+0000] {processor.py:650} INFO - DAG(s) dict_keys(['example_bash_operator']) retrieved from /home/airflow/.local/lib/python3.7/site-packages/airflow/example_dags/example_bash_operator.py
[2024-09-18T20:50:54.574+0000] {logging_mixin.py:115} INFO - [2024-09-18T20:50:54.574+0000] {dag.py:2429} INFO - Sync 1 DAGs
[2024-09-18T20:50:54.586+0000] {logging_mixin.py:115} INFO - [2024-09-18T20:50:54.586+0000] {dag.py:2981} INFO - Setting next_dagrun for example_bash_operator to 2024-09-18T00:00:00+00:00, run_after=2024-09-19T00:00:00+00:00
[2024-09-18T20:50:54.591+0000] {processor.py:161} INFO - Processing /home/airflow/.local/lib/python3.7/site-packages/airflow/example_dags/example_bash_operator.py took 0.039 seconds
[2024-09-18T20:51:24.695+0000] {processor.py:153} INFO - Started process (PID=3859) to work on /home/airflow/.local/lib/python3.7/site-packages/airflow/example_dags/example_bash_operator.py
[2024-09-18T20:51:24.697+0000] {processor.py:640} INFO - Processing file /home/airflow/.local/lib/python3.7/site-packages/airflow/example_dags/example_bash_operator.py for tasks to queue
[2024-09-18T20:51:24.697+0000] {logging_mixin.py:115} INFO - [2024-09-18T20:51:24.697+0000] {dagbag.py:508} INFO - Filling up the DagBag from /home/airflow/.local/lib/python3.7/site-packages/airflow/example_dags/example_bash_operator.py
[2024-09-18T20:51:24.703+0000] {processor.py:650} INFO - DAG(s) dict_keys(['example_bash_operator']) retrieved from /home/airflow/.local/lib/python3.7/site-packages/airflow/example_dags/example_bash_operator.py
[2024-09-18T20:51:24.716+0000] {logging_mixin.py:115} INFO - [2024-09-18T20:51:24.716+0000] {dag.py:2429} INFO - Sync 1 DAGs
[2024-09-18T20:51:24.733+0000] {logging_mixin.py:115} INFO - [2024-09-18T20:51:24.733+0000] {dag.py:2981} INFO - Setting next_dagrun for example_bash_operator to 2024-09-18T00:00:00+00:00, run_after=2024-09-19T00:00:00+00:00
[2024-09-18T20:51:24.737+0000] {processor.py:161} INFO - Processing /home/airflow/.local/lib/python3.7/site-packages/airflow/example_dags/example_bash_operator.py took 0.043 seconds
[2024-09-18T20:51:54.847+0000] {processor.py:153} INFO - Started process (PID=4056) to work on /home/airflow/.local/lib/python3.7/site-packages/airflow/example_dags/example_bash_operator.py
[2024-09-18T20:51:54.847+0000] {processor.py:640} INFO - Processing file /home/airflow/.local/lib/python3.7/site-packages/airflow/example_dags/example_bash_operator.py for tasks to queue
[2024-09-18T20:51:54.848+0000] {logging_mixin.py:115} INFO - [2024-09-18T20:51:54.848+0000] {dagbag.py:508} INFO - Filling up the DagBag from /home/airflow/.local/lib/python3.7/site-packages/airflow/example_dags/example_bash_operator.py
[2024-09-18T20:51:54.852+0000] {processor.py:650} INFO - DAG(s) dict_keys(['example_bash_operator']) retrieved from /home/airflow/.local/lib/python3.7/site-packages/airflow/example_dags/example_bash_operator.py
[2024-09-18T20:51:54.867+0000] {logging_mixin.py:115} INFO - [2024-09-18T20:51:54.867+0000] {dag.py:2429} INFO - Sync 1 DAGs
[2024-09-18T20:51:54.877+0000] {logging_mixin.py:115} INFO - [2024-09-18T20:51:54.877+0000] {dag.py:2981} INFO - Setting next_dagrun for example_bash_operator to 2024-09-18T00:00:00+00:00, run_after=2024-09-19T00:00:00+00:00
[2024-09-18T20:51:54.881+0000] {processor.py:161} INFO - Processing /home/airflow/.local/lib/python3.7/site-packages/airflow/example_dags/example_bash_operator.py took 0.035 seconds
[2024-09-18T20:52:24.957+0000] {processor.py:153} INFO - Started process (PID=4251) to work on /home/airflow/.local/lib/python3.7/site-packages/airflow/example_dags/example_bash_operator.py
[2024-09-18T20:52:24.957+0000] {processor.py:640} INFO - Processing file /home/airflow/.local/lib/python3.7/site-packages/airflow/example_dags/example_bash_operator.py for tasks to queue
[2024-09-18T20:52:24.958+0000] {logging_mixin.py:115} INFO - [2024-09-18T20:52:24.957+0000] {dagbag.py:508} INFO - Filling up the DagBag from /home/airflow/.local/lib/python3.7/site-packages/airflow/example_dags/example_bash_operator.py
[2024-09-18T20:52:24.963+0000] {processor.py:650} INFO - DAG(s) dict_keys(['example_bash_operator']) retrieved from /home/airflow/.local/lib/python3.7/site-packages/airflow/example_dags/example_bash_operator.py
[2024-09-18T20:52:24.977+0000] {logging_mixin.py:115} INFO - [2024-09-18T20:52:24.977+0000] {dag.py:2429} INFO - Sync 1 DAGs
[2024-09-18T20:52:24.988+0000] {logging_mixin.py:115} INFO - [2024-09-18T20:52:24.988+0000] {dag.py:2981} INFO - Setting next_dagrun for example_bash_operator to 2024-09-18T00:00:00+00:00, run_after=2024-09-19T00:00:00+00:00
[2024-09-18T20:52:24.992+0000] {processor.py:161} INFO - Processing /home/airflow/.local/lib/python3.7/site-packages/airflow/example_dags/example_bash_operator.py took 0.037 seconds
[2024-09-18T20:52:55.104+0000] {processor.py:153} INFO - Started process (PID=4448) to work on /home/airflow/.local/lib/python3.7/site-packages/airflow/example_dags/example_bash_operator.py
[2024-09-18T20:52:55.105+0000] {processor.py:640} INFO - Processing file /home/airflow/.local/lib/python3.7/site-packages/airflow/example_dags/example_bash_operator.py for tasks to queue
[2024-09-18T20:52:55.105+0000] {logging_mixin.py:115} INFO - [2024-09-18T20:52:55.105+0000] {dagbag.py:508} INFO - Filling up the DagBag from /home/airflow/.local/lib/python3.7/site-packages/airflow/example_dags/example_bash_operator.py
[2024-09-18T20:52:55.110+0000] {processor.py:650} INFO - DAG(s) dict_keys(['example_bash_operator']) retrieved from /home/airflow/.local/lib/python3.7/site-packages/airflow/example_dags/example_bash_operator.py
[2024-09-18T20:52:55.123+0000] {logging_mixin.py:115} INFO - [2024-09-18T20:52:55.123+0000] {dag.py:2429} INFO - Sync 1 DAGs
[2024-09-18T20:52:55.136+0000] {logging_mixin.py:115} INFO - [2024-09-18T20:52:55.136+0000] {dag.py:2981} INFO - Setting next_dagrun for example_bash_operator to 2024-09-18T00:00:00+00:00, run_after=2024-09-19T00:00:00+00:00
[2024-09-18T20:52:55.141+0000] {processor.py:161} INFO - Processing /home/airflow/.local/lib/python3.7/site-packages/airflow/example_dags/example_bash_operator.py took 0.038 seconds
[2024-09-18T20:53:25.229+0000] {processor.py:153} INFO - Started process (PID=4636) to work on /home/airflow/.local/lib/python3.7/site-packages/airflow/example_dags/example_bash_operator.py
[2024-09-18T20:53:25.229+0000] {processor.py:640} INFO - Processing file /home/airflow/.local/lib/python3.7/site-packages/airflow/example_dags/example_bash_operator.py for tasks to queue
[2024-09-18T20:53:25.230+0000] {logging_mixin.py:115} INFO - [2024-09-18T20:53:25.230+0000] {dagbag.py:508} INFO - Filling up the DagBag from /home/airflow/.local/lib/python3.7/site-packages/airflow/example_dags/example_bash_operator.py
[2024-09-18T20:53:25.234+0000] {processor.py:650} INFO - DAG(s) dict_keys(['example_bash_operator']) retrieved from /home/airflow/.local/lib/python3.7/site-packages/airflow/example_dags/example_bash_operator.py
[2024-09-18T20:53:25.247+0000] {logging_mixin.py:115} INFO - [2024-09-18T20:53:25.247+0000] {dag.py:2429} INFO - Sync 1 DAGs
[2024-09-18T20:53:25.258+0000] {logging_mixin.py:115} INFO - [2024-09-18T20:53:25.258+0000] {dag.py:2981} INFO - Setting next_dagrun for example_bash_operator to 2024-09-18T00:00:00+00:00, run_after=2024-09-19T00:00:00+00:00
[2024-09-18T20:53:25.262+0000] {processor.py:161} INFO - Processing /home/airflow/.local/lib/python3.7/site-packages/airflow/example_dags/example_bash_operator.py took 0.034 seconds
[2024-09-18T20:53:55.362+0000] {processor.py:153} INFO - Started process (PID=4833) to work on /home/airflow/.local/lib/python3.7/site-packages/airflow/example_dags/example_bash_operator.py
[2024-09-18T20:53:55.363+0000] {processor.py:640} INFO - Processing file /home/airflow/.local/lib/python3.7/site-packages/airflow/example_dags/example_bash_operator.py for tasks to queue
[2024-09-18T20:53:55.363+0000] {logging_mixin.py:115} INFO - [2024-09-18T20:53:55.363+0000] {dagbag.py:508} INFO - Filling up the DagBag from /home/airflow/.local/lib/python3.7/site-packages/airflow/example_dags/example_bash_operator.py
[2024-09-18T20:53:55.367+0000] {processor.py:650} INFO - DAG(s) dict_keys(['example_bash_operator']) retrieved from /home/airflow/.local/lib/python3.7/site-packages/airflow/example_dags/example_bash_operator.py
[2024-09-18T20:53:55.381+0000] {logging_mixin.py:115} INFO - [2024-09-18T20:53:55.381+0000] {dag.py:2429} INFO - Sync 1 DAGs
[2024-09-18T20:53:55.391+0000] {logging_mixin.py:115} INFO - [2024-09-18T20:53:55.391+0000] {dag.py:2981} INFO - Setting next_dagrun for example_bash_operator to 2024-09-18T00:00:00+00:00, run_after=2024-09-19T00:00:00+00:00
[2024-09-18T20:53:55.395+0000] {processor.py:161} INFO - Processing /home/airflow/.local/lib/python3.7/site-packages/airflow/example_dags/example_bash_operator.py took 0.035 seconds
[2024-09-18T20:54:25.493+0000] {processor.py:153} INFO - Started process (PID=5030) to work on /home/airflow/.local/lib/python3.7/site-packages/airflow/example_dags/example_bash_operator.py
[2024-09-18T20:54:25.495+0000] {processor.py:640} INFO - Processing file /home/airflow/.local/lib/python3.7/site-packages/airflow/example_dags/example_bash_operator.py for tasks to queue
[2024-09-18T20:54:25.496+0000] {logging_mixin.py:115} INFO - [2024-09-18T20:54:25.496+0000] {dagbag.py:508} INFO - Filling up the DagBag from /home/airflow/.local/lib/python3.7/site-packages/airflow/example_dags/example_bash_operator.py
[2024-09-18T20:54:25.501+0000] {processor.py:650} INFO - DAG(s) dict_keys(['example_bash_operator']) retrieved from /home/airflow/.local/lib/python3.7/site-packages/airflow/example_dags/example_bash_operator.py
[2024-09-18T20:54:25.514+0000] {logging_mixin.py:115} INFO - [2024-09-18T20:54:25.514+0000] {dag.py:2429} INFO - Sync 1 DAGs
[2024-09-18T20:54:25.525+0000] {logging_mixin.py:115} INFO - [2024-09-18T20:54:25.524+0000] {dag.py:2981} INFO - Setting next_dagrun for example_bash_operator to 2024-09-18T00:00:00+00:00, run_after=2024-09-19T00:00:00+00:00
[2024-09-18T20:54:25.529+0000] {processor.py:161} INFO - Processing /home/airflow/.local/lib/python3.7/site-packages/airflow/example_dags/example_bash_operator.py took 0.037 seconds
[2024-09-18T20:54:55.817+0000] {processor.py:153} INFO - Started process (PID=5225) to work on /home/airflow/.local/lib/python3.7/site-packages/airflow/example_dags/example_bash_operator.py
[2024-09-18T20:54:55.817+0000] {processor.py:640} INFO - Processing file /home/airflow/.local/lib/python3.7/site-packages/airflow/example_dags/example_bash_operator.py for tasks to queue
[2024-09-18T20:54:55.817+0000] {logging_mixin.py:115} INFO - [2024-09-18T20:54:55.817+0000] {dagbag.py:508} INFO - Filling up the DagBag from /home/airflow/.local/lib/python3.7/site-packages/airflow/example_dags/example_bash_operator.py
[2024-09-18T20:54:55.823+0000] {processor.py:650} INFO - DAG(s) dict_keys(['example_bash_operator']) retrieved from /home/airflow/.local/lib/python3.7/site-packages/airflow/example_dags/example_bash_operator.py
[2024-09-18T20:54:55.839+0000] {logging_mixin.py:115} INFO - [2024-09-18T20:54:55.839+0000] {dag.py:2429} INFO - Sync 1 DAGs
[2024-09-18T20:54:55.853+0000] {logging_mixin.py:115} INFO - [2024-09-18T20:54:55.853+0000] {dag.py:2981} INFO - Setting next_dagrun for example_bash_operator to 2024-09-18T00:00:00+00:00, run_after=2024-09-19T00:00:00+00:00
[2024-09-18T20:54:55.859+0000] {processor.py:161} INFO - Processing /home/airflow/.local/lib/python3.7/site-packages/airflow/example_dags/example_bash_operator.py took 0.044 seconds
[2024-09-18T20:55:25.916+0000] {processor.py:153} INFO - Started process (PID=5422) to work on /home/airflow/.local/lib/python3.7/site-packages/airflow/example_dags/example_bash_operator.py
[2024-09-18T20:55:25.919+0000] {processor.py:640} INFO - Processing file /home/airflow/.local/lib/python3.7/site-packages/airflow/example_dags/example_bash_operator.py for tasks to queue
[2024-09-18T20:55:25.919+0000] {logging_mixin.py:115} INFO - [2024-09-18T20:55:25.919+0000] {dagbag.py:508} INFO - Filling up the DagBag from /home/airflow/.local/lib/python3.7/site-packages/airflow/example_dags/example_bash_operator.py
[2024-09-18T20:55:25.924+0000] {processor.py:650} INFO - DAG(s) dict_keys(['example_bash_operator']) retrieved from /home/airflow/.local/lib/python3.7/site-packages/airflow/example_dags/example_bash_operator.py
[2024-09-18T20:55:25.937+0000] {logging_mixin.py:115} INFO - [2024-09-18T20:55:25.937+0000] {dag.py:2429} INFO - Sync 1 DAGs
[2024-09-18T20:55:25.950+0000] {logging_mixin.py:115} INFO - [2024-09-18T20:55:25.949+0000] {dag.py:2981} INFO - Setting next_dagrun for example_bash_operator to 2024-09-18T00:00:00+00:00, run_after=2024-09-19T00:00:00+00:00
[2024-09-18T20:55:25.954+0000] {processor.py:161} INFO - Processing /home/airflow/.local/lib/python3.7/site-packages/airflow/example_dags/example_bash_operator.py took 0.039 seconds
[2024-09-18T20:55:56.072+0000] {processor.py:153} INFO - Started process (PID=5614) to work on /home/airflow/.local/lib/python3.7/site-packages/airflow/example_dags/example_bash_operator.py
[2024-09-18T20:55:56.074+0000] {processor.py:640} INFO - Processing file /home/airflow/.local/lib/python3.7/site-packages/airflow/example_dags/example_bash_operator.py for tasks to queue
[2024-09-18T20:55:56.074+0000] {logging_mixin.py:115} INFO - [2024-09-18T20:55:56.074+0000] {dagbag.py:508} INFO - Filling up the DagBag from /home/airflow/.local/lib/python3.7/site-packages/airflow/example_dags/example_bash_operator.py
[2024-09-18T20:55:56.081+0000] {processor.py:650} INFO - DAG(s) dict_keys(['example_bash_operator']) retrieved from /home/airflow/.local/lib/python3.7/site-packages/airflow/example_dags/example_bash_operator.py
[2024-09-18T20:55:56.094+0000] {logging_mixin.py:115} INFO - [2024-09-18T20:55:56.094+0000] {dag.py:2429} INFO - Sync 1 DAGs
[2024-09-18T20:55:56.104+0000] {logging_mixin.py:115} INFO - [2024-09-18T20:55:56.104+0000] {dag.py:2981} INFO - Setting next_dagrun for example_bash_operator to 2024-09-18T00:00:00+00:00, run_after=2024-09-19T00:00:00+00:00
[2024-09-18T20:55:56.109+0000] {processor.py:161} INFO - Processing /home/airflow/.local/lib/python3.7/site-packages/airflow/example_dags/example_bash_operator.py took 0.039 seconds
[2024-09-18T20:56:26.212+0000] {processor.py:153} INFO - Started process (PID=5807) to work on /home/airflow/.local/lib/python3.7/site-packages/airflow/example_dags/example_bash_operator.py
[2024-09-18T20:56:26.213+0000] {processor.py:640} INFO - Processing file /home/airflow/.local/lib/python3.7/site-packages/airflow/example_dags/example_bash_operator.py for tasks to queue
[2024-09-18T20:56:26.213+0000] {logging_mixin.py:115} INFO - [2024-09-18T20:56:26.213+0000] {dagbag.py:508} INFO - Filling up the DagBag from /home/airflow/.local/lib/python3.7/site-packages/airflow/example_dags/example_bash_operator.py
[2024-09-18T20:56:26.219+0000] {processor.py:650} INFO - DAG(s) dict_keys(['example_bash_operator']) retrieved from /home/airflow/.local/lib/python3.7/site-packages/airflow/example_dags/example_bash_operator.py
[2024-09-18T20:56:26.234+0000] {logging_mixin.py:115} INFO - [2024-09-18T20:56:26.234+0000] {dag.py:2429} INFO - Sync 1 DAGs
[2024-09-18T20:56:26.246+0000] {logging_mixin.py:115} INFO - [2024-09-18T20:56:26.246+0000] {dag.py:2981} INFO - Setting next_dagrun for example_bash_operator to 2024-09-18T00:00:00+00:00, run_after=2024-09-19T00:00:00+00:00
[2024-09-18T20:56:26.251+0000] {processor.py:161} INFO - Processing /home/airflow/.local/lib/python3.7/site-packages/airflow/example_dags/example_bash_operator.py took 0.040 seconds
[2024-09-18T20:56:57.293+0000] {processor.py:153} INFO - Started process (PID=6004) to work on /home/airflow/.local/lib/python3.7/site-packages/airflow/example_dags/example_bash_operator.py
[2024-09-18T20:56:57.293+0000] {processor.py:640} INFO - Processing file /home/airflow/.local/lib/python3.7/site-packages/airflow/example_dags/example_bash_operator.py for tasks to queue
[2024-09-18T20:56:57.294+0000] {logging_mixin.py:115} INFO - [2024-09-18T20:56:57.293+0000] {dagbag.py:508} INFO - Filling up the DagBag from /home/airflow/.local/lib/python3.7/site-packages/airflow/example_dags/example_bash_operator.py
[2024-09-18T20:56:57.298+0000] {processor.py:650} INFO - DAG(s) dict_keys(['example_bash_operator']) retrieved from /home/airflow/.local/lib/python3.7/site-packages/airflow/example_dags/example_bash_operator.py
[2024-09-18T20:56:57.312+0000] {logging_mixin.py:115} INFO - [2024-09-18T20:56:57.312+0000] {dag.py:2429} INFO - Sync 1 DAGs
[2024-09-18T20:56:57.323+0000] {logging_mixin.py:115} INFO - [2024-09-18T20:56:57.323+0000] {dag.py:2981} INFO - Setting next_dagrun for example_bash_operator to 2024-09-18T00:00:00+00:00, run_after=2024-09-19T00:00:00+00:00
[2024-09-18T20:56:57.327+0000] {processor.py:161} INFO - Processing /home/airflow/.local/lib/python3.7/site-packages/airflow/example_dags/example_bash_operator.py took 0.036 seconds
[2024-09-18T20:57:27.435+0000] {processor.py:153} INFO - Started process (PID=6201) to work on /home/airflow/.local/lib/python3.7/site-packages/airflow/example_dags/example_bash_operator.py
[2024-09-18T20:57:27.436+0000] {processor.py:640} INFO - Processing file /home/airflow/.local/lib/python3.7/site-packages/airflow/example_dags/example_bash_operator.py for tasks to queue
[2024-09-18T20:57:27.436+0000] {logging_mixin.py:115} INFO - [2024-09-18T20:57:27.436+0000] {dagbag.py:508} INFO - Filling up the DagBag from /home/airflow/.local/lib/python3.7/site-packages/airflow/example_dags/example_bash_operator.py
[2024-09-18T20:57:27.442+0000] {processor.py:650} INFO - DAG(s) dict_keys(['example_bash_operator']) retrieved from /home/airflow/.local/lib/python3.7/site-packages/airflow/example_dags/example_bash_operator.py
[2024-09-18T20:57:27.456+0000] {logging_mixin.py:115} INFO - [2024-09-18T20:57:27.456+0000] {dag.py:2429} INFO - Sync 1 DAGs
[2024-09-18T20:57:27.472+0000] {logging_mixin.py:115} INFO - [2024-09-18T20:57:27.471+0000] {dag.py:2981} INFO - Setting next_dagrun for example_bash_operator to 2024-09-18T00:00:00+00:00, run_after=2024-09-19T00:00:00+00:00
[2024-09-18T20:57:27.477+0000] {processor.py:161} INFO - Processing /home/airflow/.local/lib/python3.7/site-packages/airflow/example_dags/example_bash_operator.py took 0.043 seconds
[2024-09-18T20:57:57.655+0000] {processor.py:153} INFO - Started process (PID=6398) to work on /home/airflow/.local/lib/python3.7/site-packages/airflow/example_dags/example_bash_operator.py
[2024-09-18T20:57:57.655+0000] {processor.py:640} INFO - Processing file /home/airflow/.local/lib/python3.7/site-packages/airflow/example_dags/example_bash_operator.py for tasks to queue
[2024-09-18T20:57:57.655+0000] {logging_mixin.py:115} INFO - [2024-09-18T20:57:57.655+0000] {dagbag.py:508} INFO - Filling up the DagBag from /home/airflow/.local/lib/python3.7/site-packages/airflow/example_dags/example_bash_operator.py
[2024-09-18T20:57:57.661+0000] {processor.py:650} INFO - DAG(s) dict_keys(['example_bash_operator']) retrieved from /home/airflow/.local/lib/python3.7/site-packages/airflow/example_dags/example_bash_operator.py
[2024-09-18T20:57:57.674+0000] {logging_mixin.py:115} INFO - [2024-09-18T20:57:57.674+0000] {dag.py:2429} INFO - Sync 1 DAGs
[2024-09-18T20:57:57.685+0000] {logging_mixin.py:115} INFO - [2024-09-18T20:57:57.685+0000] {dag.py:2981} INFO - Setting next_dagrun for example_bash_operator to 2024-09-18T00:00:00+00:00, run_after=2024-09-19T00:00:00+00:00
[2024-09-18T20:57:57.691+0000] {processor.py:161} INFO - Processing /home/airflow/.local/lib/python3.7/site-packages/airflow/example_dags/example_bash_operator.py took 0.038 seconds
[2024-09-18T20:58:27.791+0000] {processor.py:153} INFO - Started process (PID=6594) to work on /home/airflow/.local/lib/python3.7/site-packages/airflow/example_dags/example_bash_operator.py
[2024-09-18T20:58:27.792+0000] {processor.py:640} INFO - Processing file /home/airflow/.local/lib/python3.7/site-packages/airflow/example_dags/example_bash_operator.py for tasks to queue
[2024-09-18T20:58:27.793+0000] {logging_mixin.py:115} INFO - [2024-09-18T20:58:27.793+0000] {dagbag.py:508} INFO - Filling up the DagBag from /home/airflow/.local/lib/python3.7/site-packages/airflow/example_dags/example_bash_operator.py
[2024-09-18T20:58:27.799+0000] {processor.py:650} INFO - DAG(s) dict_keys(['example_bash_operator']) retrieved from /home/airflow/.local/lib/python3.7/site-packages/airflow/example_dags/example_bash_operator.py
[2024-09-18T20:58:27.812+0000] {logging_mixin.py:115} INFO - [2024-09-18T20:58:27.812+0000] {dag.py:2429} INFO - Sync 1 DAGs
[2024-09-18T20:58:27.827+0000] {logging_mixin.py:115} INFO - [2024-09-18T20:58:27.827+0000] {dag.py:2981} INFO - Setting next_dagrun for example_bash_operator to 2024-09-18T00:00:00+00:00, run_after=2024-09-19T00:00:00+00:00
[2024-09-18T20:58:27.834+0000] {processor.py:161} INFO - Processing /home/airflow/.local/lib/python3.7/site-packages/airflow/example_dags/example_bash_operator.py took 0.044 seconds
[2024-09-18T20:58:58.082+0000] {processor.py:153} INFO - Started process (PID=6791) to work on /home/airflow/.local/lib/python3.7/site-packages/airflow/example_dags/example_bash_operator.py
[2024-09-18T20:58:58.083+0000] {processor.py:640} INFO - Processing file /home/airflow/.local/lib/python3.7/site-packages/airflow/example_dags/example_bash_operator.py for tasks to queue
[2024-09-18T20:58:58.084+0000] {logging_mixin.py:115} INFO - [2024-09-18T20:58:58.084+0000] {dagbag.py:508} INFO - Filling up the DagBag from /home/airflow/.local/lib/python3.7/site-packages/airflow/example_dags/example_bash_operator.py
[2024-09-18T20:58:58.088+0000] {processor.py:650} INFO - DAG(s) dict_keys(['example_bash_operator']) retrieved from /home/airflow/.local/lib/python3.7/site-packages/airflow/example_dags/example_bash_operator.py
[2024-09-18T20:58:58.102+0000] {logging_mixin.py:115} INFO - [2024-09-18T20:58:58.102+0000] {dag.py:2429} INFO - Sync 1 DAGs
[2024-09-18T20:58:58.114+0000] {logging_mixin.py:115} INFO - [2024-09-18T20:58:58.114+0000] {dag.py:2981} INFO - Setting next_dagrun for example_bash_operator to 2024-09-18T00:00:00+00:00, run_after=2024-09-19T00:00:00+00:00
[2024-09-18T20:58:58.120+0000] {processor.py:161} INFO - Processing /home/airflow/.local/lib/python3.7/site-packages/airflow/example_dags/example_bash_operator.py took 0.039 seconds
[2024-09-18T20:59:28.364+0000] {processor.py:153} INFO - Started process (PID=6988) to work on /home/airflow/.local/lib/python3.7/site-packages/airflow/example_dags/example_bash_operator.py
[2024-09-18T20:59:28.364+0000] {processor.py:640} INFO - Processing file /home/airflow/.local/lib/python3.7/site-packages/airflow/example_dags/example_bash_operator.py for tasks to queue
[2024-09-18T20:59:28.365+0000] {logging_mixin.py:115} INFO - [2024-09-18T20:59:28.365+0000] {dagbag.py:508} INFO - Filling up the DagBag from /home/airflow/.local/lib/python3.7/site-packages/airflow/example_dags/example_bash_operator.py
[2024-09-18T20:59:28.370+0000] {processor.py:650} INFO - DAG(s) dict_keys(['example_bash_operator']) retrieved from /home/airflow/.local/lib/python3.7/site-packages/airflow/example_dags/example_bash_operator.py
[2024-09-18T20:59:28.395+0000] {logging_mixin.py:115} INFO - [2024-09-18T20:59:28.395+0000] {dag.py:2429} INFO - Sync 1 DAGs
[2024-09-18T20:59:28.409+0000] {logging_mixin.py:115} INFO - [2024-09-18T20:59:28.409+0000] {dag.py:2981} INFO - Setting next_dagrun for example_bash_operator to 2024-09-18T00:00:00+00:00, run_after=2024-09-19T00:00:00+00:00
[2024-09-18T20:59:28.417+0000] {processor.py:161} INFO - Processing /home/airflow/.local/lib/python3.7/site-packages/airflow/example_dags/example_bash_operator.py took 0.055 seconds
[2024-09-18T20:59:58.587+0000] {processor.py:153} INFO - Started process (PID=7178) to work on /home/airflow/.local/lib/python3.7/site-packages/airflow/example_dags/example_bash_operator.py
[2024-09-18T20:59:58.587+0000] {processor.py:640} INFO - Processing file /home/airflow/.local/lib/python3.7/site-packages/airflow/example_dags/example_bash_operator.py for tasks to queue
[2024-09-18T20:59:58.587+0000] {logging_mixin.py:115} INFO - [2024-09-18T20:59:58.587+0000] {dagbag.py:508} INFO - Filling up the DagBag from /home/airflow/.local/lib/python3.7/site-packages/airflow/example_dags/example_bash_operator.py
[2024-09-18T20:59:58.592+0000] {processor.py:650} INFO - DAG(s) dict_keys(['example_bash_operator']) retrieved from /home/airflow/.local/lib/python3.7/site-packages/airflow/example_dags/example_bash_operator.py
[2024-09-18T20:59:58.609+0000] {logging_mixin.py:115} INFO - [2024-09-18T20:59:58.609+0000] {dag.py:2429} INFO - Sync 1 DAGs
[2024-09-18T20:59:58.622+0000] {logging_mixin.py:115} INFO - [2024-09-18T20:59:58.622+0000] {dag.py:2981} INFO - Setting next_dagrun for example_bash_operator to 2024-09-18T00:00:00+00:00, run_after=2024-09-19T00:00:00+00:00
[2024-09-18T20:59:58.626+0000] {processor.py:161} INFO - Processing /home/airflow/.local/lib/python3.7/site-packages/airflow/example_dags/example_bash_operator.py took 0.041 seconds
[2024-09-18T21:00:28.785+0000] {processor.py:153} INFO - Started process (PID=7373) to work on /home/airflow/.local/lib/python3.7/site-packages/airflow/example_dags/example_bash_operator.py
[2024-09-18T21:00:28.786+0000] {processor.py:640} INFO - Processing file /home/airflow/.local/lib/python3.7/site-packages/airflow/example_dags/example_bash_operator.py for tasks to queue
[2024-09-18T21:00:28.787+0000] {logging_mixin.py:115} INFO - [2024-09-18T21:00:28.787+0000] {dagbag.py:508} INFO - Filling up the DagBag from /home/airflow/.local/lib/python3.7/site-packages/airflow/example_dags/example_bash_operator.py
[2024-09-18T21:00:28.792+0000] {processor.py:650} INFO - DAG(s) dict_keys(['example_bash_operator']) retrieved from /home/airflow/.local/lib/python3.7/site-packages/airflow/example_dags/example_bash_operator.py
[2024-09-18T21:00:28.811+0000] {logging_mixin.py:115} INFO - [2024-09-18T21:00:28.811+0000] {dag.py:2429} INFO - Sync 1 DAGs
[2024-09-18T21:00:28.824+0000] {logging_mixin.py:115} INFO - [2024-09-18T21:00:28.824+0000] {dag.py:2981} INFO - Setting next_dagrun for example_bash_operator to 2024-09-18T00:00:00+00:00, run_after=2024-09-19T00:00:00+00:00
[2024-09-18T21:00:28.831+0000] {processor.py:161} INFO - Processing /home/airflow/.local/lib/python3.7/site-packages/airflow/example_dags/example_bash_operator.py took 0.048 seconds
