[2024-09-18T20:42:19.978+0000] {processor.py:153} INFO - Started process (PID=250) to work on /home/airflow/.local/lib/python3.7/site-packages/airflow/example_dags/example_latest_only.py
[2024-09-18T20:42:19.978+0000] {processor.py:640} INFO - Processing file /home/airflow/.local/lib/python3.7/site-packages/airflow/example_dags/example_latest_only.py for tasks to queue
[2024-09-18T20:42:19.978+0000] {logging_mixin.py:115} INFO - [2024-09-18T20:42:19.978+0000] {dagbag.py:508} INFO - Filling up the DagBag from /home/airflow/.local/lib/python3.7/site-packages/airflow/example_dags/example_latest_only.py
[2024-09-18T20:42:19.981+0000] {processor.py:650} INFO - DAG(s) dict_keys(['latest_only']) retrieved from /home/airflow/.local/lib/python3.7/site-packages/airflow/example_dags/example_latest_only.py
[2024-09-18T20:42:20.026+0000] {logging_mixin.py:115} INFO - [2024-09-18T20:42:20.026+0000] {manager.py:508} INFO - Created Permission View: can edit on DAG:latest_only
[2024-09-18T20:42:20.032+0000] {logging_mixin.py:115} INFO - [2024-09-18T20:42:20.032+0000] {manager.py:508} INFO - Created Permission View: can read on DAG:latest_only
[2024-09-18T20:42:20.035+0000] {logging_mixin.py:115} INFO - [2024-09-18T20:42:20.035+0000] {manager.py:508} INFO - Created Permission View: can delete on DAG:latest_only
[2024-09-18T20:42:20.035+0000] {logging_mixin.py:115} INFO - [2024-09-18T20:42:20.035+0000] {dag.py:2429} INFO - Sync 1 DAGs
[2024-09-18T20:42:20.039+0000] {logging_mixin.py:115} INFO - [2024-09-18T20:42:20.038+0000] {dag.py:2448} INFO - Creating ORM DAG for latest_only
[2024-09-18T20:42:20.044+0000] {logging_mixin.py:115} INFO - [2024-09-18T20:42:20.043+0000] {dag.py:2981} INFO - Setting next_dagrun for latest_only to 2024-09-18T16:42:20.043851+00:00, run_after=2024-09-18T20:42:20.043851+00:00
[2024-09-18T20:42:20.054+0000] {processor.py:161} INFO - Processing /home/airflow/.local/lib/python3.7/site-packages/airflow/example_dags/example_latest_only.py took 0.078 seconds
[2024-09-18T20:42:50.517+0000] {processor.py:153} INFO - Started process (PID=444) to work on /home/airflow/.local/lib/python3.7/site-packages/airflow/example_dags/example_latest_only.py
[2024-09-18T20:42:50.517+0000] {processor.py:640} INFO - Processing file /home/airflow/.local/lib/python3.7/site-packages/airflow/example_dags/example_latest_only.py for tasks to queue
[2024-09-18T20:42:50.518+0000] {logging_mixin.py:115} INFO - [2024-09-18T20:42:50.518+0000] {dagbag.py:508} INFO - Filling up the DagBag from /home/airflow/.local/lib/python3.7/site-packages/airflow/example_dags/example_latest_only.py
[2024-09-18T20:42:50.521+0000] {processor.py:650} INFO - DAG(s) dict_keys(['latest_only']) retrieved from /home/airflow/.local/lib/python3.7/site-packages/airflow/example_dags/example_latest_only.py
[2024-09-18T20:42:50.535+0000] {logging_mixin.py:115} INFO - [2024-09-18T20:42:50.535+0000] {dag.py:2429} INFO - Sync 1 DAGs
[2024-09-18T20:42:50.546+0000] {logging_mixin.py:115} INFO - [2024-09-18T20:42:50.546+0000] {dag.py:2981} INFO - Setting next_dagrun for latest_only to 2024-09-18T16:42:50.546535+00:00, run_after=2024-09-18T20:42:50.546535+00:00
[2024-09-18T20:42:50.551+0000] {processor.py:161} INFO - Processing /home/airflow/.local/lib/python3.7/site-packages/airflow/example_dags/example_latest_only.py took 0.035 seconds
[2024-09-18T20:43:20.716+0000] {processor.py:153} INFO - Started process (PID=641) to work on /home/airflow/.local/lib/python3.7/site-packages/airflow/example_dags/example_latest_only.py
[2024-09-18T20:43:20.716+0000] {processor.py:640} INFO - Processing file /home/airflow/.local/lib/python3.7/site-packages/airflow/example_dags/example_latest_only.py for tasks to queue
[2024-09-18T20:43:20.716+0000] {logging_mixin.py:115} INFO - [2024-09-18T20:43:20.716+0000] {dagbag.py:508} INFO - Filling up the DagBag from /home/airflow/.local/lib/python3.7/site-packages/airflow/example_dags/example_latest_only.py
[2024-09-18T20:43:20.718+0000] {processor.py:650} INFO - DAG(s) dict_keys(['latest_only']) retrieved from /home/airflow/.local/lib/python3.7/site-packages/airflow/example_dags/example_latest_only.py
[2024-09-18T20:43:20.730+0000] {logging_mixin.py:115} INFO - [2024-09-18T20:43:20.730+0000] {dag.py:2429} INFO - Sync 1 DAGs
[2024-09-18T20:43:20.742+0000] {logging_mixin.py:115} INFO - [2024-09-18T20:43:20.742+0000] {dag.py:2981} INFO - Setting next_dagrun for latest_only to 2024-09-18T16:43:20.742241+00:00, run_after=2024-09-18T20:43:20.742241+00:00
[2024-09-18T20:43:20.747+0000] {processor.py:161} INFO - Processing /home/airflow/.local/lib/python3.7/site-packages/airflow/example_dags/example_latest_only.py took 0.032 seconds
[2024-09-18T20:43:50.973+0000] {processor.py:153} INFO - Started process (PID=838) to work on /home/airflow/.local/lib/python3.7/site-packages/airflow/example_dags/example_latest_only.py
[2024-09-18T20:43:50.973+0000] {processor.py:640} INFO - Processing file /home/airflow/.local/lib/python3.7/site-packages/airflow/example_dags/example_latest_only.py for tasks to queue
[2024-09-18T20:43:50.974+0000] {logging_mixin.py:115} INFO - [2024-09-18T20:43:50.974+0000] {dagbag.py:508} INFO - Filling up the DagBag from /home/airflow/.local/lib/python3.7/site-packages/airflow/example_dags/example_latest_only.py
[2024-09-18T20:43:50.976+0000] {processor.py:650} INFO - DAG(s) dict_keys(['latest_only']) retrieved from /home/airflow/.local/lib/python3.7/site-packages/airflow/example_dags/example_latest_only.py
[2024-09-18T20:43:50.992+0000] {logging_mixin.py:115} INFO - [2024-09-18T20:43:50.992+0000] {dag.py:2429} INFO - Sync 1 DAGs
[2024-09-18T20:43:51.004+0000] {logging_mixin.py:115} INFO - [2024-09-18T20:43:51.004+0000] {dag.py:2981} INFO - Setting next_dagrun for latest_only to 2024-09-18T16:43:51.004202+00:00, run_after=2024-09-18T20:43:51.004202+00:00
[2024-09-18T20:43:51.009+0000] {processor.py:161} INFO - Processing /home/airflow/.local/lib/python3.7/site-packages/airflow/example_dags/example_latest_only.py took 0.038 seconds
[2024-09-18T20:44:21.136+0000] {processor.py:153} INFO - Started process (PID=1043) to work on /home/airflow/.local/lib/python3.7/site-packages/airflow/example_dags/example_latest_only.py
[2024-09-18T20:44:21.139+0000] {processor.py:640} INFO - Processing file /home/airflow/.local/lib/python3.7/site-packages/airflow/example_dags/example_latest_only.py for tasks to queue
[2024-09-18T20:44:21.139+0000] {logging_mixin.py:115} INFO - [2024-09-18T20:44:21.139+0000] {dagbag.py:508} INFO - Filling up the DagBag from /home/airflow/.local/lib/python3.7/site-packages/airflow/example_dags/example_latest_only.py
[2024-09-18T20:44:21.142+0000] {processor.py:650} INFO - DAG(s) dict_keys(['latest_only']) retrieved from /home/airflow/.local/lib/python3.7/site-packages/airflow/example_dags/example_latest_only.py
[2024-09-18T20:44:21.155+0000] {logging_mixin.py:115} INFO - [2024-09-18T20:44:21.155+0000] {dag.py:2429} INFO - Sync 1 DAGs
[2024-09-18T20:44:21.166+0000] {logging_mixin.py:115} INFO - [2024-09-18T20:44:21.166+0000] {dag.py:2981} INFO - Setting next_dagrun for latest_only to 2024-09-18T16:44:21.166221+00:00, run_after=2024-09-18T20:44:21.166221+00:00
[2024-09-18T20:44:21.171+0000] {processor.py:161} INFO - Processing /home/airflow/.local/lib/python3.7/site-packages/airflow/example_dags/example_latest_only.py took 0.036 seconds
[2024-09-18T20:44:51.382+0000] {processor.py:153} INFO - Started process (PID=1241) to work on /home/airflow/.local/lib/python3.7/site-packages/airflow/example_dags/example_latest_only.py
[2024-09-18T20:44:51.382+0000] {processor.py:640} INFO - Processing file /home/airflow/.local/lib/python3.7/site-packages/airflow/example_dags/example_latest_only.py for tasks to queue
[2024-09-18T20:44:51.384+0000] {logging_mixin.py:115} INFO - [2024-09-18T20:44:51.383+0000] {dagbag.py:508} INFO - Filling up the DagBag from /home/airflow/.local/lib/python3.7/site-packages/airflow/example_dags/example_latest_only.py
[2024-09-18T20:44:51.386+0000] {processor.py:650} INFO - DAG(s) dict_keys(['latest_only']) retrieved from /home/airflow/.local/lib/python3.7/site-packages/airflow/example_dags/example_latest_only.py
[2024-09-18T20:44:51.396+0000] {logging_mixin.py:115} INFO - [2024-09-18T20:44:51.396+0000] {dag.py:2429} INFO - Sync 1 DAGs
[2024-09-18T20:44:51.406+0000] {logging_mixin.py:115} INFO - [2024-09-18T20:44:51.406+0000] {dag.py:2981} INFO - Setting next_dagrun for latest_only to 2024-09-18T16:44:51.406810+00:00, run_after=2024-09-18T20:44:51.406810+00:00
[2024-09-18T20:44:51.412+0000] {processor.py:161} INFO - Processing /home/airflow/.local/lib/python3.7/site-packages/airflow/example_dags/example_latest_only.py took 0.032 seconds
[2024-09-18T20:45:21.591+0000] {processor.py:153} INFO - Started process (PID=1440) to work on /home/airflow/.local/lib/python3.7/site-packages/airflow/example_dags/example_latest_only.py
[2024-09-18T20:45:21.591+0000] {processor.py:640} INFO - Processing file /home/airflow/.local/lib/python3.7/site-packages/airflow/example_dags/example_latest_only.py for tasks to queue
[2024-09-18T20:45:21.591+0000] {logging_mixin.py:115} INFO - [2024-09-18T20:45:21.591+0000] {dagbag.py:508} INFO - Filling up the DagBag from /home/airflow/.local/lib/python3.7/site-packages/airflow/example_dags/example_latest_only.py
[2024-09-18T20:45:21.593+0000] {processor.py:650} INFO - DAG(s) dict_keys(['latest_only']) retrieved from /home/airflow/.local/lib/python3.7/site-packages/airflow/example_dags/example_latest_only.py
[2024-09-18T20:45:21.603+0000] {logging_mixin.py:115} INFO - [2024-09-18T20:45:21.603+0000] {dag.py:2429} INFO - Sync 1 DAGs
[2024-09-18T20:45:21.612+0000] {logging_mixin.py:115} INFO - [2024-09-18T20:45:21.612+0000] {dag.py:2981} INFO - Setting next_dagrun for latest_only to 2024-09-18T16:45:21.612805+00:00, run_after=2024-09-18T20:45:21.612805+00:00
[2024-09-18T20:45:21.616+0000] {processor.py:161} INFO - Processing /home/airflow/.local/lib/python3.7/site-packages/airflow/example_dags/example_latest_only.py took 0.027 seconds
[2024-09-18T20:45:51.775+0000] {processor.py:153} INFO - Started process (PID=1634) to work on /home/airflow/.local/lib/python3.7/site-packages/airflow/example_dags/example_latest_only.py
[2024-09-18T20:45:51.776+0000] {processor.py:640} INFO - Processing file /home/airflow/.local/lib/python3.7/site-packages/airflow/example_dags/example_latest_only.py for tasks to queue
[2024-09-18T20:45:51.776+0000] {logging_mixin.py:115} INFO - [2024-09-18T20:45:51.776+0000] {dagbag.py:508} INFO - Filling up the DagBag from /home/airflow/.local/lib/python3.7/site-packages/airflow/example_dags/example_latest_only.py
[2024-09-18T20:45:51.778+0000] {processor.py:650} INFO - DAG(s) dict_keys(['latest_only']) retrieved from /home/airflow/.local/lib/python3.7/site-packages/airflow/example_dags/example_latest_only.py
[2024-09-18T20:45:51.791+0000] {logging_mixin.py:115} INFO - [2024-09-18T20:45:51.791+0000] {dag.py:2429} INFO - Sync 1 DAGs
[2024-09-18T20:45:51.803+0000] {logging_mixin.py:115} INFO - [2024-09-18T20:45:51.803+0000] {dag.py:2981} INFO - Setting next_dagrun for latest_only to 2024-09-18T16:45:51.803767+00:00, run_after=2024-09-18T20:45:51.803767+00:00
[2024-09-18T20:45:51.808+0000] {processor.py:161} INFO - Processing /home/airflow/.local/lib/python3.7/site-packages/airflow/example_dags/example_latest_only.py took 0.035 seconds
[2024-09-18T20:46:21.987+0000] {processor.py:153} INFO - Started process (PID=1831) to work on /home/airflow/.local/lib/python3.7/site-packages/airflow/example_dags/example_latest_only.py
[2024-09-18T20:46:21.989+0000] {processor.py:640} INFO - Processing file /home/airflow/.local/lib/python3.7/site-packages/airflow/example_dags/example_latest_only.py for tasks to queue
[2024-09-18T20:46:21.989+0000] {logging_mixin.py:115} INFO - [2024-09-18T20:46:21.989+0000] {dagbag.py:508} INFO - Filling up the DagBag from /home/airflow/.local/lib/python3.7/site-packages/airflow/example_dags/example_latest_only.py
[2024-09-18T20:46:21.991+0000] {processor.py:650} INFO - DAG(s) dict_keys(['latest_only']) retrieved from /home/airflow/.local/lib/python3.7/site-packages/airflow/example_dags/example_latest_only.py
[2024-09-18T20:46:22.004+0000] {logging_mixin.py:115} INFO - [2024-09-18T20:46:22.004+0000] {dag.py:2429} INFO - Sync 1 DAGs
[2024-09-18T20:46:22.018+0000] {logging_mixin.py:115} INFO - [2024-09-18T20:46:22.018+0000] {dag.py:2981} INFO - Setting next_dagrun for latest_only to 2024-09-18T16:46:22.018678+00:00, run_after=2024-09-18T20:46:22.018678+00:00
[2024-09-18T20:46:22.026+0000] {processor.py:161} INFO - Processing /home/airflow/.local/lib/python3.7/site-packages/airflow/example_dags/example_latest_only.py took 0.040 seconds
[2024-09-18T20:46:52.289+0000] {processor.py:153} INFO - Started process (PID=2030) to work on /home/airflow/.local/lib/python3.7/site-packages/airflow/example_dags/example_latest_only.py
[2024-09-18T20:46:52.289+0000] {processor.py:640} INFO - Processing file /home/airflow/.local/lib/python3.7/site-packages/airflow/example_dags/example_latest_only.py for tasks to queue
[2024-09-18T20:46:52.290+0000] {logging_mixin.py:115} INFO - [2024-09-18T20:46:52.290+0000] {dagbag.py:508} INFO - Filling up the DagBag from /home/airflow/.local/lib/python3.7/site-packages/airflow/example_dags/example_latest_only.py
[2024-09-18T20:46:52.292+0000] {processor.py:650} INFO - DAG(s) dict_keys(['latest_only']) retrieved from /home/airflow/.local/lib/python3.7/site-packages/airflow/example_dags/example_latest_only.py
[2024-09-18T20:46:52.311+0000] {logging_mixin.py:115} INFO - [2024-09-18T20:46:52.311+0000] {dag.py:2429} INFO - Sync 1 DAGs
[2024-09-18T20:46:52.326+0000] {logging_mixin.py:115} INFO - [2024-09-18T20:46:52.326+0000] {dag.py:2981} INFO - Setting next_dagrun for latest_only to 2024-09-18T16:46:52.326677+00:00, run_after=2024-09-18T20:46:52.326677+00:00
[2024-09-18T20:46:52.331+0000] {processor.py:161} INFO - Processing /home/airflow/.local/lib/python3.7/site-packages/airflow/example_dags/example_latest_only.py took 0.044 seconds
[2024-09-18T20:47:22.495+0000] {processor.py:153} INFO - Started process (PID=2215) to work on /home/airflow/.local/lib/python3.7/site-packages/airflow/example_dags/example_latest_only.py
[2024-09-18T20:47:22.498+0000] {processor.py:640} INFO - Processing file /home/airflow/.local/lib/python3.7/site-packages/airflow/example_dags/example_latest_only.py for tasks to queue
[2024-09-18T20:47:22.498+0000] {logging_mixin.py:115} INFO - [2024-09-18T20:47:22.498+0000] {dagbag.py:508} INFO - Filling up the DagBag from /home/airflow/.local/lib/python3.7/site-packages/airflow/example_dags/example_latest_only.py
[2024-09-18T20:47:22.500+0000] {processor.py:650} INFO - DAG(s) dict_keys(['latest_only']) retrieved from /home/airflow/.local/lib/python3.7/site-packages/airflow/example_dags/example_latest_only.py
[2024-09-18T20:47:22.511+0000] {logging_mixin.py:115} INFO - [2024-09-18T20:47:22.511+0000] {dag.py:2429} INFO - Sync 1 DAGs
[2024-09-18T20:47:22.521+0000] {logging_mixin.py:115} INFO - [2024-09-18T20:47:22.521+0000] {dag.py:2981} INFO - Setting next_dagrun for latest_only to 2024-09-18T16:47:22.521351+00:00, run_after=2024-09-18T20:47:22.521351+00:00
[2024-09-18T20:47:22.526+0000] {processor.py:161} INFO - Processing /home/airflow/.local/lib/python3.7/site-packages/airflow/example_dags/example_latest_only.py took 0.032 seconds
[2024-09-18T20:47:52.730+0000] {processor.py:153} INFO - Started process (PID=2413) to work on /home/airflow/.local/lib/python3.7/site-packages/airflow/example_dags/example_latest_only.py
[2024-09-18T20:47:52.731+0000] {processor.py:640} INFO - Processing file /home/airflow/.local/lib/python3.7/site-packages/airflow/example_dags/example_latest_only.py for tasks to queue
[2024-09-18T20:47:52.733+0000] {logging_mixin.py:115} INFO - [2024-09-18T20:47:52.732+0000] {dagbag.py:508} INFO - Filling up the DagBag from /home/airflow/.local/lib/python3.7/site-packages/airflow/example_dags/example_latest_only.py
[2024-09-18T20:47:52.736+0000] {processor.py:650} INFO - DAG(s) dict_keys(['latest_only']) retrieved from /home/airflow/.local/lib/python3.7/site-packages/airflow/example_dags/example_latest_only.py
[2024-09-18T20:47:52.751+0000] {logging_mixin.py:115} INFO - [2024-09-18T20:47:52.751+0000] {dag.py:2429} INFO - Sync 1 DAGs
[2024-09-18T20:47:52.767+0000] {logging_mixin.py:115} INFO - [2024-09-18T20:47:52.767+0000] {dag.py:2981} INFO - Setting next_dagrun for latest_only to 2024-09-18T16:47:52.767347+00:00, run_after=2024-09-18T20:47:52.767347+00:00
[2024-09-18T20:47:52.774+0000] {processor.py:161} INFO - Processing /home/airflow/.local/lib/python3.7/site-packages/airflow/example_dags/example_latest_only.py took 0.047 seconds
[2024-09-18T20:48:22.901+0000] {processor.py:153} INFO - Started process (PID=2610) to work on /home/airflow/.local/lib/python3.7/site-packages/airflow/example_dags/example_latest_only.py
[2024-09-18T20:48:22.902+0000] {processor.py:640} INFO - Processing file /home/airflow/.local/lib/python3.7/site-packages/airflow/example_dags/example_latest_only.py for tasks to queue
[2024-09-18T20:48:22.903+0000] {logging_mixin.py:115} INFO - [2024-09-18T20:48:22.903+0000] {dagbag.py:508} INFO - Filling up the DagBag from /home/airflow/.local/lib/python3.7/site-packages/airflow/example_dags/example_latest_only.py
[2024-09-18T20:48:22.905+0000] {processor.py:650} INFO - DAG(s) dict_keys(['latest_only']) retrieved from /home/airflow/.local/lib/python3.7/site-packages/airflow/example_dags/example_latest_only.py
[2024-09-18T20:48:22.915+0000] {logging_mixin.py:115} INFO - [2024-09-18T20:48:22.915+0000] {dag.py:2429} INFO - Sync 1 DAGs
[2024-09-18T20:48:22.931+0000] {logging_mixin.py:115} INFO - [2024-09-18T20:48:22.931+0000] {dag.py:2981} INFO - Setting next_dagrun for latest_only to 2024-09-18T16:48:22.931177+00:00, run_after=2024-09-18T20:48:22.931177+00:00
[2024-09-18T20:48:22.935+0000] {processor.py:161} INFO - Processing /home/airflow/.local/lib/python3.7/site-packages/airflow/example_dags/example_latest_only.py took 0.036 seconds
[2024-09-18T20:48:53.046+0000] {processor.py:153} INFO - Started process (PID=2807) to work on /home/airflow/.local/lib/python3.7/site-packages/airflow/example_dags/example_latest_only.py
[2024-09-18T20:48:53.047+0000] {processor.py:640} INFO - Processing file /home/airflow/.local/lib/python3.7/site-packages/airflow/example_dags/example_latest_only.py for tasks to queue
[2024-09-18T20:48:53.047+0000] {logging_mixin.py:115} INFO - [2024-09-18T20:48:53.047+0000] {dagbag.py:508} INFO - Filling up the DagBag from /home/airflow/.local/lib/python3.7/site-packages/airflow/example_dags/example_latest_only.py
[2024-09-18T20:48:53.050+0000] {processor.py:650} INFO - DAG(s) dict_keys(['latest_only']) retrieved from /home/airflow/.local/lib/python3.7/site-packages/airflow/example_dags/example_latest_only.py
[2024-09-18T20:48:53.064+0000] {logging_mixin.py:115} INFO - [2024-09-18T20:48:53.064+0000] {dag.py:2429} INFO - Sync 1 DAGs
[2024-09-18T20:48:53.074+0000] {logging_mixin.py:115} INFO - [2024-09-18T20:48:53.074+0000] {dag.py:2981} INFO - Setting next_dagrun for latest_only to 2024-09-18T16:48:53.074746+00:00, run_after=2024-09-18T20:48:53.074746+00:00
[2024-09-18T20:48:53.084+0000] {processor.py:161} INFO - Processing /home/airflow/.local/lib/python3.7/site-packages/airflow/example_dags/example_latest_only.py took 0.039 seconds
[2024-09-18T20:49:23.283+0000] {processor.py:153} INFO - Started process (PID=3004) to work on /home/airflow/.local/lib/python3.7/site-packages/airflow/example_dags/example_latest_only.py
[2024-09-18T20:49:23.284+0000] {processor.py:640} INFO - Processing file /home/airflow/.local/lib/python3.7/site-packages/airflow/example_dags/example_latest_only.py for tasks to queue
[2024-09-18T20:49:23.285+0000] {logging_mixin.py:115} INFO - [2024-09-18T20:49:23.285+0000] {dagbag.py:508} INFO - Filling up the DagBag from /home/airflow/.local/lib/python3.7/site-packages/airflow/example_dags/example_latest_only.py
[2024-09-18T20:49:23.287+0000] {processor.py:650} INFO - DAG(s) dict_keys(['latest_only']) retrieved from /home/airflow/.local/lib/python3.7/site-packages/airflow/example_dags/example_latest_only.py
[2024-09-18T20:49:23.298+0000] {logging_mixin.py:115} INFO - [2024-09-18T20:49:23.298+0000] {dag.py:2429} INFO - Sync 1 DAGs
[2024-09-18T20:49:23.308+0000] {logging_mixin.py:115} INFO - [2024-09-18T20:49:23.308+0000] {dag.py:2981} INFO - Setting next_dagrun for latest_only to 2024-09-18T16:49:23.308742+00:00, run_after=2024-09-18T20:49:23.308742+00:00
[2024-09-18T20:49:23.314+0000] {processor.py:161} INFO - Processing /home/airflow/.local/lib/python3.7/site-packages/airflow/example_dags/example_latest_only.py took 0.033 seconds
[2024-09-18T20:49:53.530+0000] {processor.py:153} INFO - Started process (PID=3201) to work on /home/airflow/.local/lib/python3.7/site-packages/airflow/example_dags/example_latest_only.py
[2024-09-18T20:49:53.531+0000] {processor.py:640} INFO - Processing file /home/airflow/.local/lib/python3.7/site-packages/airflow/example_dags/example_latest_only.py for tasks to queue
[2024-09-18T20:49:53.531+0000] {logging_mixin.py:115} INFO - [2024-09-18T20:49:53.531+0000] {dagbag.py:508} INFO - Filling up the DagBag from /home/airflow/.local/lib/python3.7/site-packages/airflow/example_dags/example_latest_only.py
[2024-09-18T20:49:53.534+0000] {processor.py:650} INFO - DAG(s) dict_keys(['latest_only']) retrieved from /home/airflow/.local/lib/python3.7/site-packages/airflow/example_dags/example_latest_only.py
[2024-09-18T20:49:53.546+0000] {logging_mixin.py:115} INFO - [2024-09-18T20:49:53.546+0000] {dag.py:2429} INFO - Sync 1 DAGs
[2024-09-18T20:49:53.557+0000] {logging_mixin.py:115} INFO - [2024-09-18T20:49:53.557+0000] {dag.py:2981} INFO - Setting next_dagrun for latest_only to 2024-09-18T16:49:53.557608+00:00, run_after=2024-09-18T20:49:53.557608+00:00
[2024-09-18T20:49:53.566+0000] {processor.py:161} INFO - Processing /home/airflow/.local/lib/python3.7/site-packages/airflow/example_dags/example_latest_only.py took 0.038 seconds
[2024-09-18T20:50:23.772+0000] {processor.py:153} INFO - Started process (PID=3385) to work on /home/airflow/.local/lib/python3.7/site-packages/airflow/example_dags/example_latest_only.py
[2024-09-18T20:50:23.773+0000] {processor.py:640} INFO - Processing file /home/airflow/.local/lib/python3.7/site-packages/airflow/example_dags/example_latest_only.py for tasks to queue
[2024-09-18T20:50:23.773+0000] {logging_mixin.py:115} INFO - [2024-09-18T20:50:23.773+0000] {dagbag.py:508} INFO - Filling up the DagBag from /home/airflow/.local/lib/python3.7/site-packages/airflow/example_dags/example_latest_only.py
[2024-09-18T20:50:23.776+0000] {processor.py:650} INFO - DAG(s) dict_keys(['latest_only']) retrieved from /home/airflow/.local/lib/python3.7/site-packages/airflow/example_dags/example_latest_only.py
[2024-09-18T20:50:23.787+0000] {logging_mixin.py:115} INFO - [2024-09-18T20:50:23.787+0000] {dag.py:2429} INFO - Sync 1 DAGs
[2024-09-18T20:50:23.802+0000] {logging_mixin.py:115} INFO - [2024-09-18T20:50:23.802+0000] {dag.py:2981} INFO - Setting next_dagrun for latest_only to 2024-09-18T16:50:23.802749+00:00, run_after=2024-09-18T20:50:23.802749+00:00
[2024-09-18T20:50:23.808+0000] {processor.py:161} INFO - Processing /home/airflow/.local/lib/python3.7/site-packages/airflow/example_dags/example_latest_only.py took 0.037 seconds
[2024-09-18T20:50:54.043+0000] {processor.py:153} INFO - Started process (PID=3582) to work on /home/airflow/.local/lib/python3.7/site-packages/airflow/example_dags/example_latest_only.py
[2024-09-18T20:50:54.044+0000] {processor.py:640} INFO - Processing file /home/airflow/.local/lib/python3.7/site-packages/airflow/example_dags/example_latest_only.py for tasks to queue
[2024-09-18T20:50:54.044+0000] {logging_mixin.py:115} INFO - [2024-09-18T20:50:54.044+0000] {dagbag.py:508} INFO - Filling up the DagBag from /home/airflow/.local/lib/python3.7/site-packages/airflow/example_dags/example_latest_only.py
[2024-09-18T20:50:54.046+0000] {processor.py:650} INFO - DAG(s) dict_keys(['latest_only']) retrieved from /home/airflow/.local/lib/python3.7/site-packages/airflow/example_dags/example_latest_only.py
[2024-09-18T20:50:54.059+0000] {logging_mixin.py:115} INFO - [2024-09-18T20:50:54.059+0000] {dag.py:2429} INFO - Sync 1 DAGs
[2024-09-18T20:50:54.070+0000] {logging_mixin.py:115} INFO - [2024-09-18T20:50:54.070+0000] {dag.py:2981} INFO - Setting next_dagrun for latest_only to 2024-09-18T16:50:54.070041+00:00, run_after=2024-09-18T20:50:54.070041+00:00
[2024-09-18T20:50:54.077+0000] {processor.py:161} INFO - Processing /home/airflow/.local/lib/python3.7/site-packages/airflow/example_dags/example_latest_only.py took 0.035 seconds
[2024-09-18T20:51:24.204+0000] {processor.py:153} INFO - Started process (PID=3779) to work on /home/airflow/.local/lib/python3.7/site-packages/airflow/example_dags/example_latest_only.py
[2024-09-18T20:51:24.204+0000] {processor.py:640} INFO - Processing file /home/airflow/.local/lib/python3.7/site-packages/airflow/example_dags/example_latest_only.py for tasks to queue
[2024-09-18T20:51:24.204+0000] {logging_mixin.py:115} INFO - [2024-09-18T20:51:24.204+0000] {dagbag.py:508} INFO - Filling up the DagBag from /home/airflow/.local/lib/python3.7/site-packages/airflow/example_dags/example_latest_only.py
[2024-09-18T20:51:24.207+0000] {processor.py:650} INFO - DAG(s) dict_keys(['latest_only']) retrieved from /home/airflow/.local/lib/python3.7/site-packages/airflow/example_dags/example_latest_only.py
[2024-09-18T20:51:24.217+0000] {logging_mixin.py:115} INFO - [2024-09-18T20:51:24.217+0000] {dag.py:2429} INFO - Sync 1 DAGs
[2024-09-18T20:51:24.227+0000] {logging_mixin.py:115} INFO - [2024-09-18T20:51:24.227+0000] {dag.py:2981} INFO - Setting next_dagrun for latest_only to 2024-09-18T16:51:24.227725+00:00, run_after=2024-09-18T20:51:24.227725+00:00
[2024-09-18T20:51:24.234+0000] {processor.py:161} INFO - Processing /home/airflow/.local/lib/python3.7/site-packages/airflow/example_dags/example_latest_only.py took 0.031 seconds
[2024-09-18T20:51:54.391+0000] {processor.py:153} INFO - Started process (PID=3981) to work on /home/airflow/.local/lib/python3.7/site-packages/airflow/example_dags/example_latest_only.py
[2024-09-18T20:51:54.395+0000] {processor.py:640} INFO - Processing file /home/airflow/.local/lib/python3.7/site-packages/airflow/example_dags/example_latest_only.py for tasks to queue
[2024-09-18T20:51:54.395+0000] {logging_mixin.py:115} INFO - [2024-09-18T20:51:54.395+0000] {dagbag.py:508} INFO - Filling up the DagBag from /home/airflow/.local/lib/python3.7/site-packages/airflow/example_dags/example_latest_only.py
[2024-09-18T20:51:54.397+0000] {processor.py:650} INFO - DAG(s) dict_keys(['latest_only']) retrieved from /home/airflow/.local/lib/python3.7/site-packages/airflow/example_dags/example_latest_only.py
[2024-09-18T20:51:54.408+0000] {logging_mixin.py:115} INFO - [2024-09-18T20:51:54.408+0000] {dag.py:2429} INFO - Sync 1 DAGs
[2024-09-18T20:51:54.418+0000] {logging_mixin.py:115} INFO - [2024-09-18T20:51:54.418+0000] {dag.py:2981} INFO - Setting next_dagrun for latest_only to 2024-09-18T16:51:54.418686+00:00, run_after=2024-09-18T20:51:54.418686+00:00
[2024-09-18T20:51:54.424+0000] {processor.py:161} INFO - Processing /home/airflow/.local/lib/python3.7/site-packages/airflow/example_dags/example_latest_only.py took 0.035 seconds
[2024-09-18T20:52:24.521+0000] {processor.py:153} INFO - Started process (PID=4176) to work on /home/airflow/.local/lib/python3.7/site-packages/airflow/example_dags/example_latest_only.py
[2024-09-18T20:52:24.521+0000] {processor.py:640} INFO - Processing file /home/airflow/.local/lib/python3.7/site-packages/airflow/example_dags/example_latest_only.py for tasks to queue
[2024-09-18T20:52:24.522+0000] {logging_mixin.py:115} INFO - [2024-09-18T20:52:24.522+0000] {dagbag.py:508} INFO - Filling up the DagBag from /home/airflow/.local/lib/python3.7/site-packages/airflow/example_dags/example_latest_only.py
[2024-09-18T20:52:24.524+0000] {processor.py:650} INFO - DAG(s) dict_keys(['latest_only']) retrieved from /home/airflow/.local/lib/python3.7/site-packages/airflow/example_dags/example_latest_only.py
[2024-09-18T20:52:24.534+0000] {logging_mixin.py:115} INFO - [2024-09-18T20:52:24.534+0000] {dag.py:2429} INFO - Sync 1 DAGs
[2024-09-18T20:52:24.544+0000] {logging_mixin.py:115} INFO - [2024-09-18T20:52:24.544+0000] {dag.py:2981} INFO - Setting next_dagrun for latest_only to 2024-09-18T16:52:24.544497+00:00, run_after=2024-09-18T20:52:24.544497+00:00
[2024-09-18T20:52:24.549+0000] {processor.py:161} INFO - Processing /home/airflow/.local/lib/python3.7/site-packages/airflow/example_dags/example_latest_only.py took 0.030 seconds
[2024-09-18T20:52:54.644+0000] {processor.py:153} INFO - Started process (PID=4373) to work on /home/airflow/.local/lib/python3.7/site-packages/airflow/example_dags/example_latest_only.py
[2024-09-18T20:52:54.644+0000] {processor.py:640} INFO - Processing file /home/airflow/.local/lib/python3.7/site-packages/airflow/example_dags/example_latest_only.py for tasks to queue
[2024-09-18T20:52:54.645+0000] {logging_mixin.py:115} INFO - [2024-09-18T20:52:54.645+0000] {dagbag.py:508} INFO - Filling up the DagBag from /home/airflow/.local/lib/python3.7/site-packages/airflow/example_dags/example_latest_only.py
[2024-09-18T20:52:54.647+0000] {processor.py:650} INFO - DAG(s) dict_keys(['latest_only']) retrieved from /home/airflow/.local/lib/python3.7/site-packages/airflow/example_dags/example_latest_only.py
[2024-09-18T20:52:54.659+0000] {logging_mixin.py:115} INFO - [2024-09-18T20:52:54.659+0000] {dag.py:2429} INFO - Sync 1 DAGs
[2024-09-18T20:52:54.670+0000] {logging_mixin.py:115} INFO - [2024-09-18T20:52:54.670+0000] {dag.py:2981} INFO - Setting next_dagrun for latest_only to 2024-09-18T16:52:54.669905+00:00, run_after=2024-09-18T20:52:54.669905+00:00
[2024-09-18T20:52:54.675+0000] {processor.py:161} INFO - Processing /home/airflow/.local/lib/python3.7/site-packages/airflow/example_dags/example_latest_only.py took 0.032 seconds
[2024-09-18T20:53:24.779+0000] {processor.py:153} INFO - Started process (PID=4561) to work on /home/airflow/.local/lib/python3.7/site-packages/airflow/example_dags/example_latest_only.py
[2024-09-18T20:53:24.779+0000] {processor.py:640} INFO - Processing file /home/airflow/.local/lib/python3.7/site-packages/airflow/example_dags/example_latest_only.py for tasks to queue
[2024-09-18T20:53:24.781+0000] {logging_mixin.py:115} INFO - [2024-09-18T20:53:24.781+0000] {dagbag.py:508} INFO - Filling up the DagBag from /home/airflow/.local/lib/python3.7/site-packages/airflow/example_dags/example_latest_only.py
[2024-09-18T20:53:24.783+0000] {processor.py:650} INFO - DAG(s) dict_keys(['latest_only']) retrieved from /home/airflow/.local/lib/python3.7/site-packages/airflow/example_dags/example_latest_only.py
[2024-09-18T20:53:24.793+0000] {logging_mixin.py:115} INFO - [2024-09-18T20:53:24.792+0000] {dag.py:2429} INFO - Sync 1 DAGs
[2024-09-18T20:53:24.802+0000] {logging_mixin.py:115} INFO - [2024-09-18T20:53:24.802+0000] {dag.py:2981} INFO - Setting next_dagrun for latest_only to 2024-09-18T16:53:24.802720+00:00, run_after=2024-09-18T20:53:24.802720+00:00
[2024-09-18T20:53:24.808+0000] {processor.py:161} INFO - Processing /home/airflow/.local/lib/python3.7/site-packages/airflow/example_dags/example_latest_only.py took 0.030 seconds
[2024-09-18T20:53:54.884+0000] {processor.py:153} INFO - Started process (PID=4758) to work on /home/airflow/.local/lib/python3.7/site-packages/airflow/example_dags/example_latest_only.py
[2024-09-18T20:53:54.885+0000] {processor.py:640} INFO - Processing file /home/airflow/.local/lib/python3.7/site-packages/airflow/example_dags/example_latest_only.py for tasks to queue
[2024-09-18T20:53:54.885+0000] {logging_mixin.py:115} INFO - [2024-09-18T20:53:54.885+0000] {dagbag.py:508} INFO - Filling up the DagBag from /home/airflow/.local/lib/python3.7/site-packages/airflow/example_dags/example_latest_only.py
[2024-09-18T20:53:54.887+0000] {processor.py:650} INFO - DAG(s) dict_keys(['latest_only']) retrieved from /home/airflow/.local/lib/python3.7/site-packages/airflow/example_dags/example_latest_only.py
[2024-09-18T20:53:54.897+0000] {logging_mixin.py:115} INFO - [2024-09-18T20:53:54.897+0000] {dag.py:2429} INFO - Sync 1 DAGs
[2024-09-18T20:53:54.907+0000] {logging_mixin.py:115} INFO - [2024-09-18T20:53:54.906+0000] {dag.py:2981} INFO - Setting next_dagrun for latest_only to 2024-09-18T16:53:54.906904+00:00, run_after=2024-09-18T20:53:54.906904+00:00
[2024-09-18T20:53:54.911+0000] {processor.py:161} INFO - Processing /home/airflow/.local/lib/python3.7/site-packages/airflow/example_dags/example_latest_only.py took 0.028 seconds
[2024-09-18T20:54:25.009+0000] {processor.py:153} INFO - Started process (PID=4955) to work on /home/airflow/.local/lib/python3.7/site-packages/airflow/example_dags/example_latest_only.py
[2024-09-18T20:54:25.009+0000] {processor.py:640} INFO - Processing file /home/airflow/.local/lib/python3.7/site-packages/airflow/example_dags/example_latest_only.py for tasks to queue
[2024-09-18T20:54:25.009+0000] {logging_mixin.py:115} INFO - [2024-09-18T20:54:25.009+0000] {dagbag.py:508} INFO - Filling up the DagBag from /home/airflow/.local/lib/python3.7/site-packages/airflow/example_dags/example_latest_only.py
[2024-09-18T20:54:25.011+0000] {processor.py:650} INFO - DAG(s) dict_keys(['latest_only']) retrieved from /home/airflow/.local/lib/python3.7/site-packages/airflow/example_dags/example_latest_only.py
[2024-09-18T20:54:25.021+0000] {logging_mixin.py:115} INFO - [2024-09-18T20:54:25.021+0000] {dag.py:2429} INFO - Sync 1 DAGs
[2024-09-18T20:54:25.031+0000] {logging_mixin.py:115} INFO - [2024-09-18T20:54:25.031+0000] {dag.py:2981} INFO - Setting next_dagrun for latest_only to 2024-09-18T16:54:25.031203+00:00, run_after=2024-09-18T20:54:25.031203+00:00
[2024-09-18T20:54:25.035+0000] {processor.py:161} INFO - Processing /home/airflow/.local/lib/python3.7/site-packages/airflow/example_dags/example_latest_only.py took 0.028 seconds
[2024-09-18T20:54:55.336+0000] {processor.py:153} INFO - Started process (PID=5151) to work on /home/airflow/.local/lib/python3.7/site-packages/airflow/example_dags/example_latest_only.py
[2024-09-18T20:54:55.337+0000] {processor.py:640} INFO - Processing file /home/airflow/.local/lib/python3.7/site-packages/airflow/example_dags/example_latest_only.py for tasks to queue
[2024-09-18T20:54:55.337+0000] {logging_mixin.py:115} INFO - [2024-09-18T20:54:55.337+0000] {dagbag.py:508} INFO - Filling up the DagBag from /home/airflow/.local/lib/python3.7/site-packages/airflow/example_dags/example_latest_only.py
[2024-09-18T20:54:55.339+0000] {processor.py:650} INFO - DAG(s) dict_keys(['latest_only']) retrieved from /home/airflow/.local/lib/python3.7/site-packages/airflow/example_dags/example_latest_only.py
[2024-09-18T20:54:55.353+0000] {logging_mixin.py:115} INFO - [2024-09-18T20:54:55.353+0000] {dag.py:2429} INFO - Sync 1 DAGs
[2024-09-18T20:54:55.368+0000] {logging_mixin.py:115} INFO - [2024-09-18T20:54:55.368+0000] {dag.py:2981} INFO - Setting next_dagrun for latest_only to 2024-09-18T16:54:55.368005+00:00, run_after=2024-09-18T20:54:55.368005+00:00
[2024-09-18T20:54:55.373+0000] {processor.py:161} INFO - Processing /home/airflow/.local/lib/python3.7/site-packages/airflow/example_dags/example_latest_only.py took 0.038 seconds
[2024-09-18T20:55:25.492+0000] {processor.py:153} INFO - Started process (PID=5347) to work on /home/airflow/.local/lib/python3.7/site-packages/airflow/example_dags/example_latest_only.py
[2024-09-18T20:55:25.493+0000] {processor.py:640} INFO - Processing file /home/airflow/.local/lib/python3.7/site-packages/airflow/example_dags/example_latest_only.py for tasks to queue
[2024-09-18T20:55:25.493+0000] {logging_mixin.py:115} INFO - [2024-09-18T20:55:25.493+0000] {dagbag.py:508} INFO - Filling up the DagBag from /home/airflow/.local/lib/python3.7/site-packages/airflow/example_dags/example_latest_only.py
[2024-09-18T20:55:25.495+0000] {processor.py:650} INFO - DAG(s) dict_keys(['latest_only']) retrieved from /home/airflow/.local/lib/python3.7/site-packages/airflow/example_dags/example_latest_only.py
[2024-09-18T20:55:25.505+0000] {logging_mixin.py:115} INFO - [2024-09-18T20:55:25.505+0000] {dag.py:2429} INFO - Sync 1 DAGs
[2024-09-18T20:55:25.517+0000] {logging_mixin.py:115} INFO - [2024-09-18T20:55:25.517+0000] {dag.py:2981} INFO - Setting next_dagrun for latest_only to 2024-09-18T16:55:25.517562+00:00, run_after=2024-09-18T20:55:25.517562+00:00
[2024-09-18T20:55:25.522+0000] {processor.py:161} INFO - Processing /home/airflow/.local/lib/python3.7/site-packages/airflow/example_dags/example_latest_only.py took 0.031 seconds
[2024-09-18T20:55:55.616+0000] {processor.py:153} INFO - Started process (PID=5544) to work on /home/airflow/.local/lib/python3.7/site-packages/airflow/example_dags/example_latest_only.py
[2024-09-18T20:55:55.617+0000] {processor.py:640} INFO - Processing file /home/airflow/.local/lib/python3.7/site-packages/airflow/example_dags/example_latest_only.py for tasks to queue
[2024-09-18T20:55:55.618+0000] {logging_mixin.py:115} INFO - [2024-09-18T20:55:55.618+0000] {dagbag.py:508} INFO - Filling up the DagBag from /home/airflow/.local/lib/python3.7/site-packages/airflow/example_dags/example_latest_only.py
[2024-09-18T20:55:55.620+0000] {processor.py:650} INFO - DAG(s) dict_keys(['latest_only']) retrieved from /home/airflow/.local/lib/python3.7/site-packages/airflow/example_dags/example_latest_only.py
[2024-09-18T20:55:55.640+0000] {logging_mixin.py:115} INFO - [2024-09-18T20:55:55.640+0000] {dag.py:2429} INFO - Sync 1 DAGs
[2024-09-18T20:55:55.652+0000] {logging_mixin.py:115} INFO - [2024-09-18T20:55:55.652+0000] {dag.py:2981} INFO - Setting next_dagrun for latest_only to 2024-09-18T16:55:55.652605+00:00, run_after=2024-09-18T20:55:55.652605+00:00
[2024-09-18T20:55:55.658+0000] {processor.py:161} INFO - Processing /home/airflow/.local/lib/python3.7/site-packages/airflow/example_dags/example_latest_only.py took 0.044 seconds
[2024-09-18T20:56:25.769+0000] {processor.py:153} INFO - Started process (PID=5732) to work on /home/airflow/.local/lib/python3.7/site-packages/airflow/example_dags/example_latest_only.py
[2024-09-18T20:56:25.770+0000] {processor.py:640} INFO - Processing file /home/airflow/.local/lib/python3.7/site-packages/airflow/example_dags/example_latest_only.py for tasks to queue
[2024-09-18T20:56:25.770+0000] {logging_mixin.py:115} INFO - [2024-09-18T20:56:25.770+0000] {dagbag.py:508} INFO - Filling up the DagBag from /home/airflow/.local/lib/python3.7/site-packages/airflow/example_dags/example_latest_only.py
[2024-09-18T20:56:25.772+0000] {processor.py:650} INFO - DAG(s) dict_keys(['latest_only']) retrieved from /home/airflow/.local/lib/python3.7/site-packages/airflow/example_dags/example_latest_only.py
[2024-09-18T20:56:25.782+0000] {logging_mixin.py:115} INFO - [2024-09-18T20:56:25.782+0000] {dag.py:2429} INFO - Sync 1 DAGs
[2024-09-18T20:56:25.792+0000] {logging_mixin.py:115} INFO - [2024-09-18T20:56:25.792+0000] {dag.py:2981} INFO - Setting next_dagrun for latest_only to 2024-09-18T16:56:25.792338+00:00, run_after=2024-09-18T20:56:25.792338+00:00
[2024-09-18T20:56:25.797+0000] {processor.py:161} INFO - Processing /home/airflow/.local/lib/python3.7/site-packages/airflow/example_dags/example_latest_only.py took 0.029 seconds
[2024-09-18T20:56:55.867+0000] {processor.py:153} INFO - Started process (PID=5928) to work on /home/airflow/.local/lib/python3.7/site-packages/airflow/example_dags/example_latest_only.py
[2024-09-18T20:56:55.870+0000] {processor.py:640} INFO - Processing file /home/airflow/.local/lib/python3.7/site-packages/airflow/example_dags/example_latest_only.py for tasks to queue
[2024-09-18T20:56:55.870+0000] {logging_mixin.py:115} INFO - [2024-09-18T20:56:55.870+0000] {dagbag.py:508} INFO - Filling up the DagBag from /home/airflow/.local/lib/python3.7/site-packages/airflow/example_dags/example_latest_only.py
[2024-09-18T20:56:55.872+0000] {processor.py:650} INFO - DAG(s) dict_keys(['latest_only']) retrieved from /home/airflow/.local/lib/python3.7/site-packages/airflow/example_dags/example_latest_only.py
[2024-09-18T20:56:55.883+0000] {logging_mixin.py:115} INFO - [2024-09-18T20:56:55.883+0000] {dag.py:2429} INFO - Sync 1 DAGs
[2024-09-18T20:56:55.894+0000] {logging_mixin.py:115} INFO - [2024-09-18T20:56:55.894+0000] {dag.py:2981} INFO - Setting next_dagrun for latest_only to 2024-09-18T16:56:55.894554+00:00, run_after=2024-09-18T20:56:55.894554+00:00
[2024-09-18T20:56:55.901+0000] {processor.py:161} INFO - Processing /home/airflow/.local/lib/python3.7/site-packages/airflow/example_dags/example_latest_only.py took 0.035 seconds
[2024-09-18T20:57:25.945+0000] {processor.py:153} INFO - Started process (PID=6126) to work on /home/airflow/.local/lib/python3.7/site-packages/airflow/example_dags/example_latest_only.py
[2024-09-18T20:57:25.947+0000] {processor.py:640} INFO - Processing file /home/airflow/.local/lib/python3.7/site-packages/airflow/example_dags/example_latest_only.py for tasks to queue
[2024-09-18T20:57:25.948+0000] {logging_mixin.py:115} INFO - [2024-09-18T20:57:25.948+0000] {dagbag.py:508} INFO - Filling up the DagBag from /home/airflow/.local/lib/python3.7/site-packages/airflow/example_dags/example_latest_only.py
[2024-09-18T20:57:25.950+0000] {processor.py:650} INFO - DAG(s) dict_keys(['latest_only']) retrieved from /home/airflow/.local/lib/python3.7/site-packages/airflow/example_dags/example_latest_only.py
[2024-09-18T20:57:25.961+0000] {logging_mixin.py:115} INFO - [2024-09-18T20:57:25.961+0000] {dag.py:2429} INFO - Sync 1 DAGs
[2024-09-18T20:57:25.971+0000] {logging_mixin.py:115} INFO - [2024-09-18T20:57:25.971+0000] {dag.py:2981} INFO - Setting next_dagrun for latest_only to 2024-09-18T16:57:25.971542+00:00, run_after=2024-09-18T20:57:25.971542+00:00
[2024-09-18T20:57:25.976+0000] {processor.py:161} INFO - Processing /home/airflow/.local/lib/python3.7/site-packages/airflow/example_dags/example_latest_only.py took 0.032 seconds
[2024-09-18T20:57:56.160+0000] {processor.py:153} INFO - Started process (PID=6323) to work on /home/airflow/.local/lib/python3.7/site-packages/airflow/example_dags/example_latest_only.py
[2024-09-18T20:57:56.160+0000] {processor.py:640} INFO - Processing file /home/airflow/.local/lib/python3.7/site-packages/airflow/example_dags/example_latest_only.py for tasks to queue
[2024-09-18T20:57:56.160+0000] {logging_mixin.py:115} INFO - [2024-09-18T20:57:56.160+0000] {dagbag.py:508} INFO - Filling up the DagBag from /home/airflow/.local/lib/python3.7/site-packages/airflow/example_dags/example_latest_only.py
[2024-09-18T20:57:56.162+0000] {processor.py:650} INFO - DAG(s) dict_keys(['latest_only']) retrieved from /home/airflow/.local/lib/python3.7/site-packages/airflow/example_dags/example_latest_only.py
[2024-09-18T20:57:56.173+0000] {logging_mixin.py:115} INFO - [2024-09-18T20:57:56.173+0000] {dag.py:2429} INFO - Sync 1 DAGs
[2024-09-18T20:57:56.182+0000] {logging_mixin.py:115} INFO - [2024-09-18T20:57:56.182+0000] {dag.py:2981} INFO - Setting next_dagrun for latest_only to 2024-09-18T16:57:56.182673+00:00, run_after=2024-09-18T20:57:56.182673+00:00
[2024-09-18T20:57:56.187+0000] {processor.py:161} INFO - Processing /home/airflow/.local/lib/python3.7/site-packages/airflow/example_dags/example_latest_only.py took 0.029 seconds
[2024-09-18T20:58:26.337+0000] {processor.py:153} INFO - Started process (PID=6519) to work on /home/airflow/.local/lib/python3.7/site-packages/airflow/example_dags/example_latest_only.py
[2024-09-18T20:58:26.338+0000] {processor.py:640} INFO - Processing file /home/airflow/.local/lib/python3.7/site-packages/airflow/example_dags/example_latest_only.py for tasks to queue
[2024-09-18T20:58:26.339+0000] {logging_mixin.py:115} INFO - [2024-09-18T20:58:26.339+0000] {dagbag.py:508} INFO - Filling up the DagBag from /home/airflow/.local/lib/python3.7/site-packages/airflow/example_dags/example_latest_only.py
[2024-09-18T20:58:26.342+0000] {processor.py:650} INFO - DAG(s) dict_keys(['latest_only']) retrieved from /home/airflow/.local/lib/python3.7/site-packages/airflow/example_dags/example_latest_only.py
[2024-09-18T20:58:26.353+0000] {logging_mixin.py:115} INFO - [2024-09-18T20:58:26.353+0000] {dag.py:2429} INFO - Sync 1 DAGs
[2024-09-18T20:58:26.366+0000] {logging_mixin.py:115} INFO - [2024-09-18T20:58:26.366+0000] {dag.py:2981} INFO - Setting next_dagrun for latest_only to 2024-09-18T16:58:26.366476+00:00, run_after=2024-09-18T20:58:26.366476+00:00
[2024-09-18T20:58:26.370+0000] {processor.py:161} INFO - Processing /home/airflow/.local/lib/python3.7/site-packages/airflow/example_dags/example_latest_only.py took 0.035 seconds
[2024-09-18T20:58:56.545+0000] {processor.py:153} INFO - Started process (PID=6716) to work on /home/airflow/.local/lib/python3.7/site-packages/airflow/example_dags/example_latest_only.py
[2024-09-18T20:58:56.548+0000] {processor.py:640} INFO - Processing file /home/airflow/.local/lib/python3.7/site-packages/airflow/example_dags/example_latest_only.py for tasks to queue
[2024-09-18T20:58:56.548+0000] {logging_mixin.py:115} INFO - [2024-09-18T20:58:56.548+0000] {dagbag.py:508} INFO - Filling up the DagBag from /home/airflow/.local/lib/python3.7/site-packages/airflow/example_dags/example_latest_only.py
[2024-09-18T20:58:56.552+0000] {processor.py:650} INFO - DAG(s) dict_keys(['latest_only']) retrieved from /home/airflow/.local/lib/python3.7/site-packages/airflow/example_dags/example_latest_only.py
[2024-09-18T20:58:56.565+0000] {logging_mixin.py:115} INFO - [2024-09-18T20:58:56.564+0000] {dag.py:2429} INFO - Sync 1 DAGs
[2024-09-18T20:58:56.576+0000] {logging_mixin.py:115} INFO - [2024-09-18T20:58:56.575+0000] {dag.py:2981} INFO - Setting next_dagrun for latest_only to 2024-09-18T16:58:56.575882+00:00, run_after=2024-09-18T20:58:56.575882+00:00
[2024-09-18T20:58:56.580+0000] {processor.py:161} INFO - Processing /home/airflow/.local/lib/python3.7/site-packages/airflow/example_dags/example_latest_only.py took 0.037 seconds
[2024-09-18T20:59:26.850+0000] {processor.py:153} INFO - Started process (PID=6906) to work on /home/airflow/.local/lib/python3.7/site-packages/airflow/example_dags/example_latest_only.py
[2024-09-18T20:59:26.850+0000] {processor.py:640} INFO - Processing file /home/airflow/.local/lib/python3.7/site-packages/airflow/example_dags/example_latest_only.py for tasks to queue
[2024-09-18T20:59:26.850+0000] {logging_mixin.py:115} INFO - [2024-09-18T20:59:26.850+0000] {dagbag.py:508} INFO - Filling up the DagBag from /home/airflow/.local/lib/python3.7/site-packages/airflow/example_dags/example_latest_only.py
[2024-09-18T20:59:26.852+0000] {processor.py:650} INFO - DAG(s) dict_keys(['latest_only']) retrieved from /home/airflow/.local/lib/python3.7/site-packages/airflow/example_dags/example_latest_only.py
[2024-09-18T20:59:26.864+0000] {logging_mixin.py:115} INFO - [2024-09-18T20:59:26.864+0000] {dag.py:2429} INFO - Sync 1 DAGs
[2024-09-18T20:59:26.875+0000] {logging_mixin.py:115} INFO - [2024-09-18T20:59:26.875+0000] {dag.py:2981} INFO - Setting next_dagrun for latest_only to 2024-09-18T16:59:26.875812+00:00, run_after=2024-09-18T20:59:26.875812+00:00
[2024-09-18T20:59:26.881+0000] {processor.py:161} INFO - Processing /home/airflow/.local/lib/python3.7/site-packages/airflow/example_dags/example_latest_only.py took 0.033 seconds
[2024-09-18T20:59:57.062+0000] {processor.py:153} INFO - Started process (PID=7101) to work on /home/airflow/.local/lib/python3.7/site-packages/airflow/example_dags/example_latest_only.py
[2024-09-18T20:59:57.064+0000] {processor.py:640} INFO - Processing file /home/airflow/.local/lib/python3.7/site-packages/airflow/example_dags/example_latest_only.py for tasks to queue
[2024-09-18T20:59:57.064+0000] {logging_mixin.py:115} INFO - [2024-09-18T20:59:57.064+0000] {dagbag.py:508} INFO - Filling up the DagBag from /home/airflow/.local/lib/python3.7/site-packages/airflow/example_dags/example_latest_only.py
[2024-09-18T20:59:57.066+0000] {processor.py:650} INFO - DAG(s) dict_keys(['latest_only']) retrieved from /home/airflow/.local/lib/python3.7/site-packages/airflow/example_dags/example_latest_only.py
[2024-09-18T20:59:57.078+0000] {logging_mixin.py:115} INFO - [2024-09-18T20:59:57.077+0000] {dag.py:2429} INFO - Sync 1 DAGs
[2024-09-18T20:59:57.088+0000] {logging_mixin.py:115} INFO - [2024-09-18T20:59:57.088+0000] {dag.py:2981} INFO - Setting next_dagrun for latest_only to 2024-09-18T16:59:57.088176+00:00, run_after=2024-09-18T20:59:57.088176+00:00
[2024-09-18T20:59:57.092+0000] {processor.py:161} INFO - Processing /home/airflow/.local/lib/python3.7/site-packages/airflow/example_dags/example_latest_only.py took 0.031 seconds
[2024-09-18T21:00:27.290+0000] {processor.py:153} INFO - Started process (PID=7298) to work on /home/airflow/.local/lib/python3.7/site-packages/airflow/example_dags/example_latest_only.py
[2024-09-18T21:00:27.291+0000] {processor.py:640} INFO - Processing file /home/airflow/.local/lib/python3.7/site-packages/airflow/example_dags/example_latest_only.py for tasks to queue
[2024-09-18T21:00:27.291+0000] {logging_mixin.py:115} INFO - [2024-09-18T21:00:27.291+0000] {dagbag.py:508} INFO - Filling up the DagBag from /home/airflow/.local/lib/python3.7/site-packages/airflow/example_dags/example_latest_only.py
[2024-09-18T21:00:27.293+0000] {processor.py:650} INFO - DAG(s) dict_keys(['latest_only']) retrieved from /home/airflow/.local/lib/python3.7/site-packages/airflow/example_dags/example_latest_only.py
[2024-09-18T21:00:27.303+0000] {logging_mixin.py:115} INFO - [2024-09-18T21:00:27.303+0000] {dag.py:2429} INFO - Sync 1 DAGs
[2024-09-18T21:00:27.316+0000] {logging_mixin.py:115} INFO - [2024-09-18T21:00:27.316+0000] {dag.py:2981} INFO - Setting next_dagrun for latest_only to 2024-09-18T17:00:27.316572+00:00, run_after=2024-09-18T21:00:27.316572+00:00
[2024-09-18T21:00:27.322+0000] {processor.py:161} INFO - Processing /home/airflow/.local/lib/python3.7/site-packages/airflow/example_dags/example_latest_only.py took 0.033 seconds
