[2024-09-18T20:42:19.435+0000] {processor.py:153} INFO - Started process (PID=198) to work on /home/airflow/.local/lib/python3.7/site-packages/airflow/example_dags/example_time_delta_sensor_async.py
[2024-09-18T20:42:19.437+0000] {processor.py:640} INFO - Processing file /home/airflow/.local/lib/python3.7/site-packages/airflow/example_dags/example_time_delta_sensor_async.py for tasks to queue
[2024-09-18T20:42:19.437+0000] {logging_mixin.py:115} INFO - [2024-09-18T20:42:19.437+0000] {dagbag.py:508} INFO - Filling up the DagBag from /home/airflow/.local/lib/python3.7/site-packages/airflow/example_dags/example_time_delta_sensor_async.py
[2024-09-18T20:42:19.440+0000] {processor.py:650} INFO - DAG(s) dict_keys(['example_time_delta_sensor_async']) retrieved from /home/airflow/.local/lib/python3.7/site-packages/airflow/example_dags/example_time_delta_sensor_async.py
[2024-09-18T20:42:19.541+0000] {logging_mixin.py:115} INFO - [2024-09-18T20:42:19.541+0000] {manager.py:508} INFO - Created Permission View: can edit on DAG:example_time_delta_sensor_async
[2024-09-18T20:42:19.548+0000] {logging_mixin.py:115} INFO - [2024-09-18T20:42:19.548+0000] {manager.py:508} INFO - Created Permission View: can read on DAG:example_time_delta_sensor_async
[2024-09-18T20:42:19.552+0000] {logging_mixin.py:115} INFO - [2024-09-18T20:42:19.552+0000] {manager.py:508} INFO - Created Permission View: can delete on DAG:example_time_delta_sensor_async
[2024-09-18T20:42:19.552+0000] {logging_mixin.py:115} INFO - [2024-09-18T20:42:19.552+0000] {dag.py:2429} INFO - Sync 1 DAGs
[2024-09-18T20:42:19.557+0000] {logging_mixin.py:115} INFO - [2024-09-18T20:42:19.557+0000] {dag.py:2448} INFO - Creating ORM DAG for example_time_delta_sensor_async
[2024-09-18T20:42:19.563+0000] {logging_mixin.py:115} INFO - [2024-09-18T20:42:19.563+0000] {dag.py:2981} INFO - Setting next_dagrun for example_time_delta_sensor_async to None, run_after=None
[2024-09-18T20:42:19.573+0000] {processor.py:161} INFO - Processing /home/airflow/.local/lib/python3.7/site-packages/airflow/example_dags/example_time_delta_sensor_async.py took 0.140 seconds
[2024-09-18T20:42:50.260+0000] {processor.py:153} INFO - Started process (PID=394) to work on /home/airflow/.local/lib/python3.7/site-packages/airflow/example_dags/example_time_delta_sensor_async.py
[2024-09-18T20:42:50.261+0000] {processor.py:640} INFO - Processing file /home/airflow/.local/lib/python3.7/site-packages/airflow/example_dags/example_time_delta_sensor_async.py for tasks to queue
[2024-09-18T20:42:50.261+0000] {logging_mixin.py:115} INFO - [2024-09-18T20:42:50.261+0000] {dagbag.py:508} INFO - Filling up the DagBag from /home/airflow/.local/lib/python3.7/site-packages/airflow/example_dags/example_time_delta_sensor_async.py
[2024-09-18T20:42:50.263+0000] {processor.py:650} INFO - DAG(s) dict_keys(['example_time_delta_sensor_async']) retrieved from /home/airflow/.local/lib/python3.7/site-packages/airflow/example_dags/example_time_delta_sensor_async.py
[2024-09-18T20:42:50.343+0000] {logging_mixin.py:115} INFO - [2024-09-18T20:42:50.343+0000] {dag.py:2429} INFO - Sync 1 DAGs
[2024-09-18T20:42:50.353+0000] {logging_mixin.py:115} INFO - [2024-09-18T20:42:50.352+0000] {dag.py:2981} INFO - Setting next_dagrun for example_time_delta_sensor_async to None, run_after=None
[2024-09-18T20:42:50.358+0000] {processor.py:161} INFO - Processing /home/airflow/.local/lib/python3.7/site-packages/airflow/example_dags/example_time_delta_sensor_async.py took 0.099 seconds
[2024-09-18T20:43:20.460+0000] {processor.py:153} INFO - Started process (PID=591) to work on /home/airflow/.local/lib/python3.7/site-packages/airflow/example_dags/example_time_delta_sensor_async.py
[2024-09-18T20:43:20.460+0000] {processor.py:640} INFO - Processing file /home/airflow/.local/lib/python3.7/site-packages/airflow/example_dags/example_time_delta_sensor_async.py for tasks to queue
[2024-09-18T20:43:20.461+0000] {logging_mixin.py:115} INFO - [2024-09-18T20:43:20.461+0000] {dagbag.py:508} INFO - Filling up the DagBag from /home/airflow/.local/lib/python3.7/site-packages/airflow/example_dags/example_time_delta_sensor_async.py
[2024-09-18T20:43:20.463+0000] {processor.py:650} INFO - DAG(s) dict_keys(['example_time_delta_sensor_async']) retrieved from /home/airflow/.local/lib/python3.7/site-packages/airflow/example_dags/example_time_delta_sensor_async.py
[2024-09-18T20:43:20.545+0000] {logging_mixin.py:115} INFO - [2024-09-18T20:43:20.545+0000] {dag.py:2429} INFO - Sync 1 DAGs
[2024-09-18T20:43:20.554+0000] {logging_mixin.py:115} INFO - [2024-09-18T20:43:20.554+0000] {dag.py:2981} INFO - Setting next_dagrun for example_time_delta_sensor_async to None, run_after=None
[2024-09-18T20:43:20.560+0000] {processor.py:161} INFO - Processing /home/airflow/.local/lib/python3.7/site-packages/airflow/example_dags/example_time_delta_sensor_async.py took 0.101 seconds
[2024-09-18T20:43:50.663+0000] {processor.py:153} INFO - Started process (PID=787) to work on /home/airflow/.local/lib/python3.7/site-packages/airflow/example_dags/example_time_delta_sensor_async.py
[2024-09-18T20:43:50.666+0000] {processor.py:640} INFO - Processing file /home/airflow/.local/lib/python3.7/site-packages/airflow/example_dags/example_time_delta_sensor_async.py for tasks to queue
[2024-09-18T20:43:50.668+0000] {logging_mixin.py:115} INFO - [2024-09-18T20:43:50.668+0000] {dagbag.py:508} INFO - Filling up the DagBag from /home/airflow/.local/lib/python3.7/site-packages/airflow/example_dags/example_time_delta_sensor_async.py
[2024-09-18T20:43:50.670+0000] {processor.py:650} INFO - DAG(s) dict_keys(['example_time_delta_sensor_async']) retrieved from /home/airflow/.local/lib/python3.7/site-packages/airflow/example_dags/example_time_delta_sensor_async.py
[2024-09-18T20:43:50.749+0000] {logging_mixin.py:115} INFO - [2024-09-18T20:43:50.749+0000] {dag.py:2429} INFO - Sync 1 DAGs
[2024-09-18T20:43:50.758+0000] {logging_mixin.py:115} INFO - [2024-09-18T20:43:50.758+0000] {dag.py:2981} INFO - Setting next_dagrun for example_time_delta_sensor_async to None, run_after=None
[2024-09-18T20:43:50.766+0000] {processor.py:161} INFO - Processing /home/airflow/.local/lib/python3.7/site-packages/airflow/example_dags/example_time_delta_sensor_async.py took 0.104 seconds
[2024-09-18T20:44:20.855+0000] {processor.py:153} INFO - Started process (PID=994) to work on /home/airflow/.local/lib/python3.7/site-packages/airflow/example_dags/example_time_delta_sensor_async.py
[2024-09-18T20:44:20.858+0000] {processor.py:640} INFO - Processing file /home/airflow/.local/lib/python3.7/site-packages/airflow/example_dags/example_time_delta_sensor_async.py for tasks to queue
[2024-09-18T20:44:20.859+0000] {logging_mixin.py:115} INFO - [2024-09-18T20:44:20.859+0000] {dagbag.py:508} INFO - Filling up the DagBag from /home/airflow/.local/lib/python3.7/site-packages/airflow/example_dags/example_time_delta_sensor_async.py
[2024-09-18T20:44:20.861+0000] {processor.py:650} INFO - DAG(s) dict_keys(['example_time_delta_sensor_async']) retrieved from /home/airflow/.local/lib/python3.7/site-packages/airflow/example_dags/example_time_delta_sensor_async.py
[2024-09-18T20:44:20.937+0000] {logging_mixin.py:115} INFO - [2024-09-18T20:44:20.937+0000] {dag.py:2429} INFO - Sync 1 DAGs
[2024-09-18T20:44:20.947+0000] {logging_mixin.py:115} INFO - [2024-09-18T20:44:20.947+0000] {dag.py:2981} INFO - Setting next_dagrun for example_time_delta_sensor_async to None, run_after=None
[2024-09-18T20:44:20.952+0000] {processor.py:161} INFO - Processing /home/airflow/.local/lib/python3.7/site-packages/airflow/example_dags/example_time_delta_sensor_async.py took 0.098 seconds
[2024-09-18T20:44:51.150+0000] {processor.py:153} INFO - Started process (PID=1198) to work on /home/airflow/.local/lib/python3.7/site-packages/airflow/example_dags/example_time_delta_sensor_async.py
[2024-09-18T20:44:51.150+0000] {processor.py:640} INFO - Processing file /home/airflow/.local/lib/python3.7/site-packages/airflow/example_dags/example_time_delta_sensor_async.py for tasks to queue
[2024-09-18T20:44:51.151+0000] {logging_mixin.py:115} INFO - [2024-09-18T20:44:51.151+0000] {dagbag.py:508} INFO - Filling up the DagBag from /home/airflow/.local/lib/python3.7/site-packages/airflow/example_dags/example_time_delta_sensor_async.py
[2024-09-18T20:44:51.153+0000] {processor.py:650} INFO - DAG(s) dict_keys(['example_time_delta_sensor_async']) retrieved from /home/airflow/.local/lib/python3.7/site-packages/airflow/example_dags/example_time_delta_sensor_async.py
[2024-09-18T20:44:51.234+0000] {logging_mixin.py:115} INFO - [2024-09-18T20:44:51.234+0000] {dag.py:2429} INFO - Sync 1 DAGs
[2024-09-18T20:44:51.242+0000] {logging_mixin.py:115} INFO - [2024-09-18T20:44:51.242+0000] {dag.py:2981} INFO - Setting next_dagrun for example_time_delta_sensor_async to None, run_after=None
[2024-09-18T20:44:51.248+0000] {processor.py:161} INFO - Processing /home/airflow/.local/lib/python3.7/site-packages/airflow/example_dags/example_time_delta_sensor_async.py took 0.100 seconds
[2024-09-18T20:45:21.300+0000] {processor.py:153} INFO - Started process (PID=1388) to work on /home/airflow/.local/lib/python3.7/site-packages/airflow/example_dags/example_time_delta_sensor_async.py
[2024-09-18T20:45:21.304+0000] {processor.py:640} INFO - Processing file /home/airflow/.local/lib/python3.7/site-packages/airflow/example_dags/example_time_delta_sensor_async.py for tasks to queue
[2024-09-18T20:45:21.306+0000] {logging_mixin.py:115} INFO - [2024-09-18T20:45:21.306+0000] {dagbag.py:508} INFO - Filling up the DagBag from /home/airflow/.local/lib/python3.7/site-packages/airflow/example_dags/example_time_delta_sensor_async.py
[2024-09-18T20:45:21.309+0000] {processor.py:650} INFO - DAG(s) dict_keys(['example_time_delta_sensor_async']) retrieved from /home/airflow/.local/lib/python3.7/site-packages/airflow/example_dags/example_time_delta_sensor_async.py
[2024-09-18T20:45:21.382+0000] {logging_mixin.py:115} INFO - [2024-09-18T20:45:21.382+0000] {dag.py:2429} INFO - Sync 1 DAGs
[2024-09-18T20:45:21.391+0000] {logging_mixin.py:115} INFO - [2024-09-18T20:45:21.391+0000] {dag.py:2981} INFO - Setting next_dagrun for example_time_delta_sensor_async to None, run_after=None
[2024-09-18T20:45:21.395+0000] {processor.py:161} INFO - Processing /home/airflow/.local/lib/python3.7/site-packages/airflow/example_dags/example_time_delta_sensor_async.py took 0.096 seconds
[2024-09-18T20:45:51.506+0000] {processor.py:153} INFO - Started process (PID=1586) to work on /home/airflow/.local/lib/python3.7/site-packages/airflow/example_dags/example_time_delta_sensor_async.py
[2024-09-18T20:45:51.507+0000] {processor.py:640} INFO - Processing file /home/airflow/.local/lib/python3.7/site-packages/airflow/example_dags/example_time_delta_sensor_async.py for tasks to queue
[2024-09-18T20:45:51.508+0000] {logging_mixin.py:115} INFO - [2024-09-18T20:45:51.508+0000] {dagbag.py:508} INFO - Filling up the DagBag from /home/airflow/.local/lib/python3.7/site-packages/airflow/example_dags/example_time_delta_sensor_async.py
[2024-09-18T20:45:51.512+0000] {processor.py:650} INFO - DAG(s) dict_keys(['example_time_delta_sensor_async']) retrieved from /home/airflow/.local/lib/python3.7/site-packages/airflow/example_dags/example_time_delta_sensor_async.py
[2024-09-18T20:45:51.590+0000] {logging_mixin.py:115} INFO - [2024-09-18T20:45:51.590+0000] {dag.py:2429} INFO - Sync 1 DAGs
[2024-09-18T20:45:51.598+0000] {logging_mixin.py:115} INFO - [2024-09-18T20:45:51.598+0000] {dag.py:2981} INFO - Setting next_dagrun for example_time_delta_sensor_async to None, run_after=None
[2024-09-18T20:45:51.605+0000] {processor.py:161} INFO - Processing /home/airflow/.local/lib/python3.7/site-packages/airflow/example_dags/example_time_delta_sensor_async.py took 0.100 seconds
[2024-09-18T20:46:21.740+0000] {processor.py:153} INFO - Started process (PID=1783) to work on /home/airflow/.local/lib/python3.7/site-packages/airflow/example_dags/example_time_delta_sensor_async.py
[2024-09-18T20:46:21.740+0000] {processor.py:640} INFO - Processing file /home/airflow/.local/lib/python3.7/site-packages/airflow/example_dags/example_time_delta_sensor_async.py for tasks to queue
[2024-09-18T20:46:21.740+0000] {logging_mixin.py:115} INFO - [2024-09-18T20:46:21.740+0000] {dagbag.py:508} INFO - Filling up the DagBag from /home/airflow/.local/lib/python3.7/site-packages/airflow/example_dags/example_time_delta_sensor_async.py
[2024-09-18T20:46:21.742+0000] {processor.py:650} INFO - DAG(s) dict_keys(['example_time_delta_sensor_async']) retrieved from /home/airflow/.local/lib/python3.7/site-packages/airflow/example_dags/example_time_delta_sensor_async.py
[2024-09-18T20:46:21.815+0000] {logging_mixin.py:115} INFO - [2024-09-18T20:46:21.815+0000] {dag.py:2429} INFO - Sync 1 DAGs
[2024-09-18T20:46:21.825+0000] {logging_mixin.py:115} INFO - [2024-09-18T20:46:21.825+0000] {dag.py:2981} INFO - Setting next_dagrun for example_time_delta_sensor_async to None, run_after=None
[2024-09-18T20:46:21.833+0000] {processor.py:161} INFO - Processing /home/airflow/.local/lib/python3.7/site-packages/airflow/example_dags/example_time_delta_sensor_async.py took 0.095 seconds
[2024-09-18T20:46:51.968+0000] {processor.py:153} INFO - Started process (PID=1971) to work on /home/airflow/.local/lib/python3.7/site-packages/airflow/example_dags/example_time_delta_sensor_async.py
[2024-09-18T20:46:51.968+0000] {processor.py:640} INFO - Processing file /home/airflow/.local/lib/python3.7/site-packages/airflow/example_dags/example_time_delta_sensor_async.py for tasks to queue
[2024-09-18T20:46:51.969+0000] {logging_mixin.py:115} INFO - [2024-09-18T20:46:51.969+0000] {dagbag.py:508} INFO - Filling up the DagBag from /home/airflow/.local/lib/python3.7/site-packages/airflow/example_dags/example_time_delta_sensor_async.py
[2024-09-18T20:46:51.971+0000] {processor.py:650} INFO - DAG(s) dict_keys(['example_time_delta_sensor_async']) retrieved from /home/airflow/.local/lib/python3.7/site-packages/airflow/example_dags/example_time_delta_sensor_async.py
[2024-09-18T20:46:52.049+0000] {logging_mixin.py:115} INFO - [2024-09-18T20:46:52.049+0000] {dag.py:2429} INFO - Sync 1 DAGs
[2024-09-18T20:46:52.058+0000] {logging_mixin.py:115} INFO - [2024-09-18T20:46:52.058+0000] {dag.py:2981} INFO - Setting next_dagrun for example_time_delta_sensor_async to None, run_after=None
[2024-09-18T20:46:52.064+0000] {processor.py:161} INFO - Processing /home/airflow/.local/lib/python3.7/site-packages/airflow/example_dags/example_time_delta_sensor_async.py took 0.097 seconds
[2024-09-18T20:47:22.269+0000] {processor.py:153} INFO - Started process (PID=2166) to work on /home/airflow/.local/lib/python3.7/site-packages/airflow/example_dags/example_time_delta_sensor_async.py
[2024-09-18T20:47:22.270+0000] {processor.py:640} INFO - Processing file /home/airflow/.local/lib/python3.7/site-packages/airflow/example_dags/example_time_delta_sensor_async.py for tasks to queue
[2024-09-18T20:47:22.271+0000] {logging_mixin.py:115} INFO - [2024-09-18T20:47:22.271+0000] {dagbag.py:508} INFO - Filling up the DagBag from /home/airflow/.local/lib/python3.7/site-packages/airflow/example_dags/example_time_delta_sensor_async.py
[2024-09-18T20:47:22.273+0000] {processor.py:650} INFO - DAG(s) dict_keys(['example_time_delta_sensor_async']) retrieved from /home/airflow/.local/lib/python3.7/site-packages/airflow/example_dags/example_time_delta_sensor_async.py
[2024-09-18T20:47:22.344+0000] {logging_mixin.py:115} INFO - [2024-09-18T20:47:22.344+0000] {dag.py:2429} INFO - Sync 1 DAGs
[2024-09-18T20:47:22.353+0000] {logging_mixin.py:115} INFO - [2024-09-18T20:47:22.353+0000] {dag.py:2981} INFO - Setting next_dagrun for example_time_delta_sensor_async to None, run_after=None
[2024-09-18T20:47:22.360+0000] {processor.py:161} INFO - Processing /home/airflow/.local/lib/python3.7/site-packages/airflow/example_dags/example_time_delta_sensor_async.py took 0.092 seconds
[2024-09-18T20:47:52.426+0000] {processor.py:153} INFO - Started process (PID=2365) to work on /home/airflow/.local/lib/python3.7/site-packages/airflow/example_dags/example_time_delta_sensor_async.py
[2024-09-18T20:47:52.427+0000] {processor.py:640} INFO - Processing file /home/airflow/.local/lib/python3.7/site-packages/airflow/example_dags/example_time_delta_sensor_async.py for tasks to queue
[2024-09-18T20:47:52.427+0000] {logging_mixin.py:115} INFO - [2024-09-18T20:47:52.427+0000] {dagbag.py:508} INFO - Filling up the DagBag from /home/airflow/.local/lib/python3.7/site-packages/airflow/example_dags/example_time_delta_sensor_async.py
[2024-09-18T20:47:52.429+0000] {processor.py:650} INFO - DAG(s) dict_keys(['example_time_delta_sensor_async']) retrieved from /home/airflow/.local/lib/python3.7/site-packages/airflow/example_dags/example_time_delta_sensor_async.py
[2024-09-18T20:47:52.492+0000] {logging_mixin.py:115} INFO - [2024-09-18T20:47:52.492+0000] {dag.py:2429} INFO - Sync 1 DAGs
[2024-09-18T20:47:52.500+0000] {logging_mixin.py:115} INFO - [2024-09-18T20:47:52.500+0000] {dag.py:2981} INFO - Setting next_dagrun for example_time_delta_sensor_async to None, run_after=None
[2024-09-18T20:47:52.504+0000] {processor.py:161} INFO - Processing /home/airflow/.local/lib/python3.7/site-packages/airflow/example_dags/example_time_delta_sensor_async.py took 0.079 seconds
[2024-09-18T20:48:22.644+0000] {processor.py:153} INFO - Started process (PID=2560) to work on /home/airflow/.local/lib/python3.7/site-packages/airflow/example_dags/example_time_delta_sensor_async.py
[2024-09-18T20:48:22.647+0000] {processor.py:640} INFO - Processing file /home/airflow/.local/lib/python3.7/site-packages/airflow/example_dags/example_time_delta_sensor_async.py for tasks to queue
[2024-09-18T20:48:22.647+0000] {logging_mixin.py:115} INFO - [2024-09-18T20:48:22.647+0000] {dagbag.py:508} INFO - Filling up the DagBag from /home/airflow/.local/lib/python3.7/site-packages/airflow/example_dags/example_time_delta_sensor_async.py
[2024-09-18T20:48:22.649+0000] {processor.py:650} INFO - DAG(s) dict_keys(['example_time_delta_sensor_async']) retrieved from /home/airflow/.local/lib/python3.7/site-packages/airflow/example_dags/example_time_delta_sensor_async.py
[2024-09-18T20:48:22.724+0000] {logging_mixin.py:115} INFO - [2024-09-18T20:48:22.723+0000] {dag.py:2429} INFO - Sync 1 DAGs
[2024-09-18T20:48:22.733+0000] {logging_mixin.py:115} INFO - [2024-09-18T20:48:22.733+0000] {dag.py:2981} INFO - Setting next_dagrun for example_time_delta_sensor_async to None, run_after=None
[2024-09-18T20:48:22.741+0000] {processor.py:161} INFO - Processing /home/airflow/.local/lib/python3.7/site-packages/airflow/example_dags/example_time_delta_sensor_async.py took 0.098 seconds
[2024-09-18T20:48:52.842+0000] {processor.py:153} INFO - Started process (PID=2767) to work on /home/airflow/.local/lib/python3.7/site-packages/airflow/example_dags/example_time_delta_sensor_async.py
[2024-09-18T20:48:52.843+0000] {processor.py:640} INFO - Processing file /home/airflow/.local/lib/python3.7/site-packages/airflow/example_dags/example_time_delta_sensor_async.py for tasks to queue
[2024-09-18T20:48:52.843+0000] {logging_mixin.py:115} INFO - [2024-09-18T20:48:52.843+0000] {dagbag.py:508} INFO - Filling up the DagBag from /home/airflow/.local/lib/python3.7/site-packages/airflow/example_dags/example_time_delta_sensor_async.py
[2024-09-18T20:48:52.846+0000] {processor.py:650} INFO - DAG(s) dict_keys(['example_time_delta_sensor_async']) retrieved from /home/airflow/.local/lib/python3.7/site-packages/airflow/example_dags/example_time_delta_sensor_async.py
[2024-09-18T20:48:52.917+0000] {logging_mixin.py:115} INFO - [2024-09-18T20:48:52.917+0000] {dag.py:2429} INFO - Sync 1 DAGs
[2024-09-18T20:48:52.926+0000] {logging_mixin.py:115} INFO - [2024-09-18T20:48:52.926+0000] {dag.py:2981} INFO - Setting next_dagrun for example_time_delta_sensor_async to None, run_after=None
[2024-09-18T20:48:52.935+0000] {processor.py:161} INFO - Processing /home/airflow/.local/lib/python3.7/site-packages/airflow/example_dags/example_time_delta_sensor_async.py took 0.095 seconds
[2024-09-18T20:49:23.050+0000] {processor.py:153} INFO - Started process (PID=2964) to work on /home/airflow/.local/lib/python3.7/site-packages/airflow/example_dags/example_time_delta_sensor_async.py
[2024-09-18T20:49:23.051+0000] {processor.py:640} INFO - Processing file /home/airflow/.local/lib/python3.7/site-packages/airflow/example_dags/example_time_delta_sensor_async.py for tasks to queue
[2024-09-18T20:49:23.052+0000] {logging_mixin.py:115} INFO - [2024-09-18T20:49:23.052+0000] {dagbag.py:508} INFO - Filling up the DagBag from /home/airflow/.local/lib/python3.7/site-packages/airflow/example_dags/example_time_delta_sensor_async.py
[2024-09-18T20:49:23.057+0000] {processor.py:650} INFO - DAG(s) dict_keys(['example_time_delta_sensor_async']) retrieved from /home/airflow/.local/lib/python3.7/site-packages/airflow/example_dags/example_time_delta_sensor_async.py
[2024-09-18T20:49:23.131+0000] {logging_mixin.py:115} INFO - [2024-09-18T20:49:23.131+0000] {dag.py:2429} INFO - Sync 1 DAGs
[2024-09-18T20:49:23.140+0000] {logging_mixin.py:115} INFO - [2024-09-18T20:49:23.139+0000] {dag.py:2981} INFO - Setting next_dagrun for example_time_delta_sensor_async to None, run_after=None
[2024-09-18T20:49:23.148+0000] {processor.py:161} INFO - Processing /home/airflow/.local/lib/python3.7/site-packages/airflow/example_dags/example_time_delta_sensor_async.py took 0.099 seconds
[2024-09-18T20:49:53.301+0000] {processor.py:153} INFO - Started process (PID=3163) to work on /home/airflow/.local/lib/python3.7/site-packages/airflow/example_dags/example_time_delta_sensor_async.py
[2024-09-18T20:49:53.301+0000] {processor.py:640} INFO - Processing file /home/airflow/.local/lib/python3.7/site-packages/airflow/example_dags/example_time_delta_sensor_async.py for tasks to queue
[2024-09-18T20:49:53.302+0000] {logging_mixin.py:115} INFO - [2024-09-18T20:49:53.302+0000] {dagbag.py:508} INFO - Filling up the DagBag from /home/airflow/.local/lib/python3.7/site-packages/airflow/example_dags/example_time_delta_sensor_async.py
[2024-09-18T20:49:53.304+0000] {processor.py:650} INFO - DAG(s) dict_keys(['example_time_delta_sensor_async']) retrieved from /home/airflow/.local/lib/python3.7/site-packages/airflow/example_dags/example_time_delta_sensor_async.py
[2024-09-18T20:49:53.391+0000] {logging_mixin.py:115} INFO - [2024-09-18T20:49:53.391+0000] {dag.py:2429} INFO - Sync 1 DAGs
[2024-09-18T20:49:53.402+0000] {logging_mixin.py:115} INFO - [2024-09-18T20:49:53.402+0000] {dag.py:2981} INFO - Setting next_dagrun for example_time_delta_sensor_async to None, run_after=None
[2024-09-18T20:49:53.408+0000] {processor.py:161} INFO - Processing /home/airflow/.local/lib/python3.7/site-packages/airflow/example_dags/example_time_delta_sensor_async.py took 0.109 seconds
[2024-09-18T20:50:23.577+0000] {processor.py:153} INFO - Started process (PID=3352) to work on /home/airflow/.local/lib/python3.7/site-packages/airflow/example_dags/example_time_delta_sensor_async.py
[2024-09-18T20:50:23.578+0000] {processor.py:640} INFO - Processing file /home/airflow/.local/lib/python3.7/site-packages/airflow/example_dags/example_time_delta_sensor_async.py for tasks to queue
[2024-09-18T20:50:23.578+0000] {logging_mixin.py:115} INFO - [2024-09-18T20:50:23.578+0000] {dagbag.py:508} INFO - Filling up the DagBag from /home/airflow/.local/lib/python3.7/site-packages/airflow/example_dags/example_time_delta_sensor_async.py
[2024-09-18T20:50:23.580+0000] {processor.py:650} INFO - DAG(s) dict_keys(['example_time_delta_sensor_async']) retrieved from /home/airflow/.local/lib/python3.7/site-packages/airflow/example_dags/example_time_delta_sensor_async.py
[2024-09-18T20:50:23.666+0000] {logging_mixin.py:115} INFO - [2024-09-18T20:50:23.666+0000] {dag.py:2429} INFO - Sync 1 DAGs
[2024-09-18T20:50:23.675+0000] {logging_mixin.py:115} INFO - [2024-09-18T20:50:23.675+0000] {dag.py:2981} INFO - Setting next_dagrun for example_time_delta_sensor_async to None, run_after=None
[2024-09-18T20:50:23.680+0000] {processor.py:161} INFO - Processing /home/airflow/.local/lib/python3.7/site-packages/airflow/example_dags/example_time_delta_sensor_async.py took 0.104 seconds
[2024-09-18T20:50:53.821+0000] {processor.py:153} INFO - Started process (PID=3549) to work on /home/airflow/.local/lib/python3.7/site-packages/airflow/example_dags/example_time_delta_sensor_async.py
[2024-09-18T20:50:53.822+0000] {processor.py:640} INFO - Processing file /home/airflow/.local/lib/python3.7/site-packages/airflow/example_dags/example_time_delta_sensor_async.py for tasks to queue
[2024-09-18T20:50:53.822+0000] {logging_mixin.py:115} INFO - [2024-09-18T20:50:53.822+0000] {dagbag.py:508} INFO - Filling up the DagBag from /home/airflow/.local/lib/python3.7/site-packages/airflow/example_dags/example_time_delta_sensor_async.py
[2024-09-18T20:50:53.824+0000] {processor.py:650} INFO - DAG(s) dict_keys(['example_time_delta_sensor_async']) retrieved from /home/airflow/.local/lib/python3.7/site-packages/airflow/example_dags/example_time_delta_sensor_async.py
[2024-09-18T20:50:53.888+0000] {logging_mixin.py:115} INFO - [2024-09-18T20:50:53.888+0000] {dag.py:2429} INFO - Sync 1 DAGs
[2024-09-18T20:50:53.896+0000] {logging_mixin.py:115} INFO - [2024-09-18T20:50:53.896+0000] {dag.py:2981} INFO - Setting next_dagrun for example_time_delta_sensor_async to None, run_after=None
[2024-09-18T20:50:53.900+0000] {processor.py:161} INFO - Processing /home/airflow/.local/lib/python3.7/site-packages/airflow/example_dags/example_time_delta_sensor_async.py took 0.080 seconds
[2024-09-18T20:51:23.986+0000] {processor.py:153} INFO - Started process (PID=3736) to work on /home/airflow/.local/lib/python3.7/site-packages/airflow/example_dags/example_time_delta_sensor_async.py
[2024-09-18T20:51:23.986+0000] {processor.py:640} INFO - Processing file /home/airflow/.local/lib/python3.7/site-packages/airflow/example_dags/example_time_delta_sensor_async.py for tasks to queue
[2024-09-18T20:51:23.986+0000] {logging_mixin.py:115} INFO - [2024-09-18T20:51:23.986+0000] {dagbag.py:508} INFO - Filling up the DagBag from /home/airflow/.local/lib/python3.7/site-packages/airflow/example_dags/example_time_delta_sensor_async.py
[2024-09-18T20:51:23.988+0000] {processor.py:650} INFO - DAG(s) dict_keys(['example_time_delta_sensor_async']) retrieved from /home/airflow/.local/lib/python3.7/site-packages/airflow/example_dags/example_time_delta_sensor_async.py
[2024-09-18T20:51:24.063+0000] {logging_mixin.py:115} INFO - [2024-09-18T20:51:24.063+0000] {dag.py:2429} INFO - Sync 1 DAGs
[2024-09-18T20:51:24.072+0000] {logging_mixin.py:115} INFO - [2024-09-18T20:51:24.072+0000] {dag.py:2981} INFO - Setting next_dagrun for example_time_delta_sensor_async to None, run_after=None
[2024-09-18T20:51:24.076+0000] {processor.py:161} INFO - Processing /home/airflow/.local/lib/python3.7/site-packages/airflow/example_dags/example_time_delta_sensor_async.py took 0.092 seconds
[2024-09-18T20:51:54.128+0000] {processor.py:153} INFO - Started process (PID=3933) to work on /home/airflow/.local/lib/python3.7/site-packages/airflow/example_dags/example_time_delta_sensor_async.py
[2024-09-18T20:51:54.128+0000] {processor.py:640} INFO - Processing file /home/airflow/.local/lib/python3.7/site-packages/airflow/example_dags/example_time_delta_sensor_async.py for tasks to queue
[2024-09-18T20:51:54.128+0000] {logging_mixin.py:115} INFO - [2024-09-18T20:51:54.128+0000] {dagbag.py:508} INFO - Filling up the DagBag from /home/airflow/.local/lib/python3.7/site-packages/airflow/example_dags/example_time_delta_sensor_async.py
[2024-09-18T20:51:54.130+0000] {processor.py:650} INFO - DAG(s) dict_keys(['example_time_delta_sensor_async']) retrieved from /home/airflow/.local/lib/python3.7/site-packages/airflow/example_dags/example_time_delta_sensor_async.py
[2024-09-18T20:51:54.193+0000] {logging_mixin.py:115} INFO - [2024-09-18T20:51:54.193+0000] {dag.py:2429} INFO - Sync 1 DAGs
[2024-09-18T20:51:54.200+0000] {logging_mixin.py:115} INFO - [2024-09-18T20:51:54.200+0000] {dag.py:2981} INFO - Setting next_dagrun for example_time_delta_sensor_async to None, run_after=None
[2024-09-18T20:51:54.205+0000] {processor.py:161} INFO - Processing /home/airflow/.local/lib/python3.7/site-packages/airflow/example_dags/example_time_delta_sensor_async.py took 0.078 seconds
[2024-09-18T20:52:24.294+0000] {processor.py:153} INFO - Started process (PID=4128) to work on /home/airflow/.local/lib/python3.7/site-packages/airflow/example_dags/example_time_delta_sensor_async.py
[2024-09-18T20:52:24.295+0000] {processor.py:640} INFO - Processing file /home/airflow/.local/lib/python3.7/site-packages/airflow/example_dags/example_time_delta_sensor_async.py for tasks to queue
[2024-09-18T20:52:24.295+0000] {logging_mixin.py:115} INFO - [2024-09-18T20:52:24.295+0000] {dagbag.py:508} INFO - Filling up the DagBag from /home/airflow/.local/lib/python3.7/site-packages/airflow/example_dags/example_time_delta_sensor_async.py
[2024-09-18T20:52:24.297+0000] {processor.py:650} INFO - DAG(s) dict_keys(['example_time_delta_sensor_async']) retrieved from /home/airflow/.local/lib/python3.7/site-packages/airflow/example_dags/example_time_delta_sensor_async.py
[2024-09-18T20:52:24.368+0000] {logging_mixin.py:115} INFO - [2024-09-18T20:52:24.368+0000] {dag.py:2429} INFO - Sync 1 DAGs
[2024-09-18T20:52:24.376+0000] {logging_mixin.py:115} INFO - [2024-09-18T20:52:24.376+0000] {dag.py:2981} INFO - Setting next_dagrun for example_time_delta_sensor_async to None, run_after=None
[2024-09-18T20:52:24.380+0000] {processor.py:161} INFO - Processing /home/airflow/.local/lib/python3.7/site-packages/airflow/example_dags/example_time_delta_sensor_async.py took 0.087 seconds
[2024-09-18T20:52:54.405+0000] {processor.py:153} INFO - Started process (PID=4330) to work on /home/airflow/.local/lib/python3.7/site-packages/airflow/example_dags/example_time_delta_sensor_async.py
[2024-09-18T20:52:54.405+0000] {processor.py:640} INFO - Processing file /home/airflow/.local/lib/python3.7/site-packages/airflow/example_dags/example_time_delta_sensor_async.py for tasks to queue
[2024-09-18T20:52:54.405+0000] {logging_mixin.py:115} INFO - [2024-09-18T20:52:54.405+0000] {dagbag.py:508} INFO - Filling up the DagBag from /home/airflow/.local/lib/python3.7/site-packages/airflow/example_dags/example_time_delta_sensor_async.py
[2024-09-18T20:52:54.408+0000] {processor.py:650} INFO - DAG(s) dict_keys(['example_time_delta_sensor_async']) retrieved from /home/airflow/.local/lib/python3.7/site-packages/airflow/example_dags/example_time_delta_sensor_async.py
[2024-09-18T20:52:54.488+0000] {logging_mixin.py:115} INFO - [2024-09-18T20:52:54.488+0000] {dag.py:2429} INFO - Sync 1 DAGs
[2024-09-18T20:52:54.498+0000] {logging_mixin.py:115} INFO - [2024-09-18T20:52:54.498+0000] {dag.py:2981} INFO - Setting next_dagrun for example_time_delta_sensor_async to None, run_after=None
[2024-09-18T20:52:54.503+0000] {processor.py:161} INFO - Processing /home/airflow/.local/lib/python3.7/site-packages/airflow/example_dags/example_time_delta_sensor_async.py took 0.099 seconds
[2024-09-18T20:53:24.546+0000] {processor.py:153} INFO - Started process (PID=4511) to work on /home/airflow/.local/lib/python3.7/site-packages/airflow/example_dags/example_time_delta_sensor_async.py
[2024-09-18T20:53:24.546+0000] {processor.py:640} INFO - Processing file /home/airflow/.local/lib/python3.7/site-packages/airflow/example_dags/example_time_delta_sensor_async.py for tasks to queue
[2024-09-18T20:53:24.548+0000] {logging_mixin.py:115} INFO - [2024-09-18T20:53:24.548+0000] {dagbag.py:508} INFO - Filling up the DagBag from /home/airflow/.local/lib/python3.7/site-packages/airflow/example_dags/example_time_delta_sensor_async.py
[2024-09-18T20:53:24.550+0000] {processor.py:650} INFO - DAG(s) dict_keys(['example_time_delta_sensor_async']) retrieved from /home/airflow/.local/lib/python3.7/site-packages/airflow/example_dags/example_time_delta_sensor_async.py
[2024-09-18T20:53:24.623+0000] {logging_mixin.py:115} INFO - [2024-09-18T20:53:24.623+0000] {dag.py:2429} INFO - Sync 1 DAGs
[2024-09-18T20:53:24.633+0000] {logging_mixin.py:115} INFO - [2024-09-18T20:53:24.633+0000] {dag.py:2981} INFO - Setting next_dagrun for example_time_delta_sensor_async to None, run_after=None
[2024-09-18T20:53:24.638+0000] {processor.py:161} INFO - Processing /home/airflow/.local/lib/python3.7/site-packages/airflow/example_dags/example_time_delta_sensor_async.py took 0.094 seconds
[2024-09-18T20:53:54.681+0000] {processor.py:153} INFO - Started process (PID=4720) to work on /home/airflow/.local/lib/python3.7/site-packages/airflow/example_dags/example_time_delta_sensor_async.py
[2024-09-18T20:53:54.682+0000] {processor.py:640} INFO - Processing file /home/airflow/.local/lib/python3.7/site-packages/airflow/example_dags/example_time_delta_sensor_async.py for tasks to queue
[2024-09-18T20:53:54.683+0000] {logging_mixin.py:115} INFO - [2024-09-18T20:53:54.683+0000] {dagbag.py:508} INFO - Filling up the DagBag from /home/airflow/.local/lib/python3.7/site-packages/airflow/example_dags/example_time_delta_sensor_async.py
[2024-09-18T20:53:54.685+0000] {processor.py:650} INFO - DAG(s) dict_keys(['example_time_delta_sensor_async']) retrieved from /home/airflow/.local/lib/python3.7/site-packages/airflow/example_dags/example_time_delta_sensor_async.py
[2024-09-18T20:53:54.767+0000] {logging_mixin.py:115} INFO - [2024-09-18T20:53:54.767+0000] {dag.py:2429} INFO - Sync 1 DAGs
[2024-09-18T20:53:54.776+0000] {logging_mixin.py:115} INFO - [2024-09-18T20:53:54.776+0000] {dag.py:2981} INFO - Setting next_dagrun for example_time_delta_sensor_async to None, run_after=None
[2024-09-18T20:53:54.780+0000] {processor.py:161} INFO - Processing /home/airflow/.local/lib/python3.7/site-packages/airflow/example_dags/example_time_delta_sensor_async.py took 0.101 seconds
[2024-09-18T20:54:24.818+0000] {processor.py:153} INFO - Started process (PID=4917) to work on /home/airflow/.local/lib/python3.7/site-packages/airflow/example_dags/example_time_delta_sensor_async.py
[2024-09-18T20:54:24.818+0000] {processor.py:640} INFO - Processing file /home/airflow/.local/lib/python3.7/site-packages/airflow/example_dags/example_time_delta_sensor_async.py for tasks to queue
[2024-09-18T20:54:24.818+0000] {logging_mixin.py:115} INFO - [2024-09-18T20:54:24.818+0000] {dagbag.py:508} INFO - Filling up the DagBag from /home/airflow/.local/lib/python3.7/site-packages/airflow/example_dags/example_time_delta_sensor_async.py
[2024-09-18T20:54:24.820+0000] {processor.py:650} INFO - DAG(s) dict_keys(['example_time_delta_sensor_async']) retrieved from /home/airflow/.local/lib/python3.7/site-packages/airflow/example_dags/example_time_delta_sensor_async.py
[2024-09-18T20:54:24.894+0000] {logging_mixin.py:115} INFO - [2024-09-18T20:54:24.894+0000] {dag.py:2429} INFO - Sync 1 DAGs
[2024-09-18T20:54:24.903+0000] {logging_mixin.py:115} INFO - [2024-09-18T20:54:24.903+0000] {dag.py:2981} INFO - Setting next_dagrun for example_time_delta_sensor_async to None, run_after=None
[2024-09-18T20:54:24.909+0000] {processor.py:161} INFO - Processing /home/airflow/.local/lib/python3.7/site-packages/airflow/example_dags/example_time_delta_sensor_async.py took 0.093 seconds
[2024-09-18T20:54:55.087+0000] {processor.py:153} INFO - Started process (PID=5121) to work on /home/airflow/.local/lib/python3.7/site-packages/airflow/example_dags/example_time_delta_sensor_async.py
[2024-09-18T20:54:55.089+0000] {processor.py:640} INFO - Processing file /home/airflow/.local/lib/python3.7/site-packages/airflow/example_dags/example_time_delta_sensor_async.py for tasks to queue
[2024-09-18T20:54:55.092+0000] {logging_mixin.py:115} INFO - [2024-09-18T20:54:55.092+0000] {dagbag.py:508} INFO - Filling up the DagBag from /home/airflow/.local/lib/python3.7/site-packages/airflow/example_dags/example_time_delta_sensor_async.py
[2024-09-18T20:54:55.094+0000] {processor.py:650} INFO - DAG(s) dict_keys(['example_time_delta_sensor_async']) retrieved from /home/airflow/.local/lib/python3.7/site-packages/airflow/example_dags/example_time_delta_sensor_async.py
[2024-09-18T20:54:55.213+0000] {logging_mixin.py:115} INFO - [2024-09-18T20:54:55.212+0000] {dag.py:2429} INFO - Sync 1 DAGs
[2024-09-18T20:54:55.223+0000] {logging_mixin.py:115} INFO - [2024-09-18T20:54:55.223+0000] {dag.py:2981} INFO - Setting next_dagrun for example_time_delta_sensor_async to None, run_after=None
[2024-09-18T20:54:55.229+0000] {processor.py:161} INFO - Processing /home/airflow/.local/lib/python3.7/site-packages/airflow/example_dags/example_time_delta_sensor_async.py took 0.144 seconds
[2024-09-18T20:55:25.336+0000] {processor.py:153} INFO - Started process (PID=5317) to work on /home/airflow/.local/lib/python3.7/site-packages/airflow/example_dags/example_time_delta_sensor_async.py
[2024-09-18T20:55:25.338+0000] {processor.py:640} INFO - Processing file /home/airflow/.local/lib/python3.7/site-packages/airflow/example_dags/example_time_delta_sensor_async.py for tasks to queue
[2024-09-18T20:55:25.338+0000] {logging_mixin.py:115} INFO - [2024-09-18T20:55:25.338+0000] {dagbag.py:508} INFO - Filling up the DagBag from /home/airflow/.local/lib/python3.7/site-packages/airflow/example_dags/example_time_delta_sensor_async.py
[2024-09-18T20:55:25.340+0000] {processor.py:650} INFO - DAG(s) dict_keys(['example_time_delta_sensor_async']) retrieved from /home/airflow/.local/lib/python3.7/site-packages/airflow/example_dags/example_time_delta_sensor_async.py
[2024-09-18T20:55:25.410+0000] {logging_mixin.py:115} INFO - [2024-09-18T20:55:25.410+0000] {dag.py:2429} INFO - Sync 1 DAGs
[2024-09-18T20:55:25.422+0000] {logging_mixin.py:115} INFO - [2024-09-18T20:55:25.422+0000] {dag.py:2981} INFO - Setting next_dagrun for example_time_delta_sensor_async to None, run_after=None
[2024-09-18T20:55:25.427+0000] {processor.py:161} INFO - Processing /home/airflow/.local/lib/python3.7/site-packages/airflow/example_dags/example_time_delta_sensor_async.py took 0.092 seconds
[2024-09-18T20:55:55.458+0000] {processor.py:153} INFO - Started process (PID=5519) to work on /home/airflow/.local/lib/python3.7/site-packages/airflow/example_dags/example_time_delta_sensor_async.py
[2024-09-18T20:55:55.459+0000] {processor.py:640} INFO - Processing file /home/airflow/.local/lib/python3.7/site-packages/airflow/example_dags/example_time_delta_sensor_async.py for tasks to queue
[2024-09-18T20:55:55.460+0000] {logging_mixin.py:115} INFO - [2024-09-18T20:55:55.460+0000] {dagbag.py:508} INFO - Filling up the DagBag from /home/airflow/.local/lib/python3.7/site-packages/airflow/example_dags/example_time_delta_sensor_async.py
[2024-09-18T20:55:55.462+0000] {processor.py:650} INFO - DAG(s) dict_keys(['example_time_delta_sensor_async']) retrieved from /home/airflow/.local/lib/python3.7/site-packages/airflow/example_dags/example_time_delta_sensor_async.py
[2024-09-18T20:55:55.536+0000] {logging_mixin.py:115} INFO - [2024-09-18T20:55:55.536+0000] {dag.py:2429} INFO - Sync 1 DAGs
[2024-09-18T20:55:55.546+0000] {logging_mixin.py:115} INFO - [2024-09-18T20:55:55.546+0000] {dag.py:2981} INFO - Setting next_dagrun for example_time_delta_sensor_async to None, run_after=None
[2024-09-18T20:55:55.551+0000] {processor.py:161} INFO - Processing /home/airflow/.local/lib/python3.7/site-packages/airflow/example_dags/example_time_delta_sensor_async.py took 0.094 seconds
[2024-09-18T20:56:25.600+0000] {processor.py:153} INFO - Started process (PID=5702) to work on /home/airflow/.local/lib/python3.7/site-packages/airflow/example_dags/example_time_delta_sensor_async.py
[2024-09-18T20:56:25.601+0000] {processor.py:640} INFO - Processing file /home/airflow/.local/lib/python3.7/site-packages/airflow/example_dags/example_time_delta_sensor_async.py for tasks to queue
[2024-09-18T20:56:25.602+0000] {logging_mixin.py:115} INFO - [2024-09-18T20:56:25.602+0000] {dagbag.py:508} INFO - Filling up the DagBag from /home/airflow/.local/lib/python3.7/site-packages/airflow/example_dags/example_time_delta_sensor_async.py
[2024-09-18T20:56:25.604+0000] {processor.py:650} INFO - DAG(s) dict_keys(['example_time_delta_sensor_async']) retrieved from /home/airflow/.local/lib/python3.7/site-packages/airflow/example_dags/example_time_delta_sensor_async.py
[2024-09-18T20:56:25.676+0000] {logging_mixin.py:115} INFO - [2024-09-18T20:56:25.676+0000] {dag.py:2429} INFO - Sync 1 DAGs
[2024-09-18T20:56:25.685+0000] {logging_mixin.py:115} INFO - [2024-09-18T20:56:25.685+0000] {dag.py:2981} INFO - Setting next_dagrun for example_time_delta_sensor_async to None, run_after=None
[2024-09-18T20:56:25.690+0000] {processor.py:161} INFO - Processing /home/airflow/.local/lib/python3.7/site-packages/airflow/example_dags/example_time_delta_sensor_async.py took 0.092 seconds
[2024-09-18T20:56:55.733+0000] {processor.py:153} INFO - Started process (PID=5906) to work on /home/airflow/.local/lib/python3.7/site-packages/airflow/example_dags/example_time_delta_sensor_async.py
[2024-09-18T20:56:55.733+0000] {processor.py:640} INFO - Processing file /home/airflow/.local/lib/python3.7/site-packages/airflow/example_dags/example_time_delta_sensor_async.py for tasks to queue
[2024-09-18T20:56:55.734+0000] {logging_mixin.py:115} INFO - [2024-09-18T20:56:55.734+0000] {dagbag.py:508} INFO - Filling up the DagBag from /home/airflow/.local/lib/python3.7/site-packages/airflow/example_dags/example_time_delta_sensor_async.py
[2024-09-18T20:56:55.736+0000] {processor.py:650} INFO - DAG(s) dict_keys(['example_time_delta_sensor_async']) retrieved from /home/airflow/.local/lib/python3.7/site-packages/airflow/example_dags/example_time_delta_sensor_async.py
[2024-09-18T20:56:55.810+0000] {logging_mixin.py:115} INFO - [2024-09-18T20:56:55.810+0000] {dag.py:2429} INFO - Sync 1 DAGs
[2024-09-18T20:56:55.818+0000] {logging_mixin.py:115} INFO - [2024-09-18T20:56:55.818+0000] {dag.py:2981} INFO - Setting next_dagrun for example_time_delta_sensor_async to None, run_after=None
[2024-09-18T20:56:55.823+0000] {processor.py:161} INFO - Processing /home/airflow/.local/lib/python3.7/site-packages/airflow/example_dags/example_time_delta_sensor_async.py took 0.091 seconds
[2024-09-18T20:57:25.853+0000] {processor.py:153} INFO - Started process (PID=6108) to work on /home/airflow/.local/lib/python3.7/site-packages/airflow/example_dags/example_time_delta_sensor_async.py
[2024-09-18T20:57:25.854+0000] {processor.py:640} INFO - Processing file /home/airflow/.local/lib/python3.7/site-packages/airflow/example_dags/example_time_delta_sensor_async.py for tasks to queue
[2024-09-18T20:57:25.854+0000] {logging_mixin.py:115} INFO - [2024-09-18T20:57:25.854+0000] {dagbag.py:508} INFO - Filling up the DagBag from /home/airflow/.local/lib/python3.7/site-packages/airflow/example_dags/example_time_delta_sensor_async.py
[2024-09-18T20:57:25.856+0000] {processor.py:650} INFO - DAG(s) dict_keys(['example_time_delta_sensor_async']) retrieved from /home/airflow/.local/lib/python3.7/site-packages/airflow/example_dags/example_time_delta_sensor_async.py
[2024-09-18T20:57:25.924+0000] {logging_mixin.py:115} INFO - [2024-09-18T20:57:25.924+0000] {dag.py:2429} INFO - Sync 1 DAGs
[2024-09-18T20:57:25.932+0000] {logging_mixin.py:115} INFO - [2024-09-18T20:57:25.932+0000] {dag.py:2981} INFO - Setting next_dagrun for example_time_delta_sensor_async to None, run_after=None
[2024-09-18T20:57:25.936+0000] {processor.py:161} INFO - Processing /home/airflow/.local/lib/python3.7/site-packages/airflow/example_dags/example_time_delta_sensor_async.py took 0.084 seconds
[2024-09-18T20:57:56.064+0000] {processor.py:153} INFO - Started process (PID=6308) to work on /home/airflow/.local/lib/python3.7/site-packages/airflow/example_dags/example_time_delta_sensor_async.py
[2024-09-18T20:57:56.065+0000] {processor.py:640} INFO - Processing file /home/airflow/.local/lib/python3.7/site-packages/airflow/example_dags/example_time_delta_sensor_async.py for tasks to queue
[2024-09-18T20:57:56.065+0000] {logging_mixin.py:115} INFO - [2024-09-18T20:57:56.065+0000] {dagbag.py:508} INFO - Filling up the DagBag from /home/airflow/.local/lib/python3.7/site-packages/airflow/example_dags/example_time_delta_sensor_async.py
[2024-09-18T20:57:56.067+0000] {processor.py:650} INFO - DAG(s) dict_keys(['example_time_delta_sensor_async']) retrieved from /home/airflow/.local/lib/python3.7/site-packages/airflow/example_dags/example_time_delta_sensor_async.py
[2024-09-18T20:57:56.136+0000] {logging_mixin.py:115} INFO - [2024-09-18T20:57:56.136+0000] {dag.py:2429} INFO - Sync 1 DAGs
[2024-09-18T20:57:56.146+0000] {logging_mixin.py:115} INFO - [2024-09-18T20:57:56.146+0000] {dag.py:2981} INFO - Setting next_dagrun for example_time_delta_sensor_async to None, run_after=None
[2024-09-18T20:57:56.151+0000] {processor.py:161} INFO - Processing /home/airflow/.local/lib/python3.7/site-packages/airflow/example_dags/example_time_delta_sensor_async.py took 0.088 seconds
[2024-09-18T20:58:26.193+0000] {processor.py:153} INFO - Started process (PID=6491) to work on /home/airflow/.local/lib/python3.7/site-packages/airflow/example_dags/example_time_delta_sensor_async.py
[2024-09-18T20:58:26.194+0000] {processor.py:640} INFO - Processing file /home/airflow/.local/lib/python3.7/site-packages/airflow/example_dags/example_time_delta_sensor_async.py for tasks to queue
[2024-09-18T20:58:26.194+0000] {logging_mixin.py:115} INFO - [2024-09-18T20:58:26.194+0000] {dagbag.py:508} INFO - Filling up the DagBag from /home/airflow/.local/lib/python3.7/site-packages/airflow/example_dags/example_time_delta_sensor_async.py
[2024-09-18T20:58:26.196+0000] {processor.py:650} INFO - DAG(s) dict_keys(['example_time_delta_sensor_async']) retrieved from /home/airflow/.local/lib/python3.7/site-packages/airflow/example_dags/example_time_delta_sensor_async.py
[2024-09-18T20:58:26.268+0000] {logging_mixin.py:115} INFO - [2024-09-18T20:58:26.268+0000] {dag.py:2429} INFO - Sync 1 DAGs
[2024-09-18T20:58:26.278+0000] {logging_mixin.py:115} INFO - [2024-09-18T20:58:26.278+0000] {dag.py:2981} INFO - Setting next_dagrun for example_time_delta_sensor_async to None, run_after=None
[2024-09-18T20:58:26.283+0000] {processor.py:161} INFO - Processing /home/airflow/.local/lib/python3.7/site-packages/airflow/example_dags/example_time_delta_sensor_async.py took 0.091 seconds
[2024-09-18T20:58:56.356+0000] {processor.py:153} INFO - Started process (PID=6686) to work on /home/airflow/.local/lib/python3.7/site-packages/airflow/example_dags/example_time_delta_sensor_async.py
[2024-09-18T20:58:56.356+0000] {processor.py:640} INFO - Processing file /home/airflow/.local/lib/python3.7/site-packages/airflow/example_dags/example_time_delta_sensor_async.py for tasks to queue
[2024-09-18T20:58:56.356+0000] {logging_mixin.py:115} INFO - [2024-09-18T20:58:56.356+0000] {dagbag.py:508} INFO - Filling up the DagBag from /home/airflow/.local/lib/python3.7/site-packages/airflow/example_dags/example_time_delta_sensor_async.py
[2024-09-18T20:58:56.359+0000] {processor.py:650} INFO - DAG(s) dict_keys(['example_time_delta_sensor_async']) retrieved from /home/airflow/.local/lib/python3.7/site-packages/airflow/example_dags/example_time_delta_sensor_async.py
[2024-09-18T20:58:56.461+0000] {logging_mixin.py:115} INFO - [2024-09-18T20:58:56.461+0000] {dag.py:2429} INFO - Sync 1 DAGs
[2024-09-18T20:58:56.472+0000] {logging_mixin.py:115} INFO - [2024-09-18T20:58:56.472+0000] {dag.py:2981} INFO - Setting next_dagrun for example_time_delta_sensor_async to None, run_after=None
[2024-09-18T20:58:56.479+0000] {processor.py:161} INFO - Processing /home/airflow/.local/lib/python3.7/site-packages/airflow/example_dags/example_time_delta_sensor_async.py took 0.124 seconds
[2024-09-18T20:59:26.651+0000] {processor.py:153} INFO - Started process (PID=6876) to work on /home/airflow/.local/lib/python3.7/site-packages/airflow/example_dags/example_time_delta_sensor_async.py
[2024-09-18T20:59:26.652+0000] {processor.py:640} INFO - Processing file /home/airflow/.local/lib/python3.7/site-packages/airflow/example_dags/example_time_delta_sensor_async.py for tasks to queue
[2024-09-18T20:59:26.652+0000] {logging_mixin.py:115} INFO - [2024-09-18T20:59:26.652+0000] {dagbag.py:508} INFO - Filling up the DagBag from /home/airflow/.local/lib/python3.7/site-packages/airflow/example_dags/example_time_delta_sensor_async.py
[2024-09-18T20:59:26.654+0000] {processor.py:650} INFO - DAG(s) dict_keys(['example_time_delta_sensor_async']) retrieved from /home/airflow/.local/lib/python3.7/site-packages/airflow/example_dags/example_time_delta_sensor_async.py
[2024-09-18T20:59:26.730+0000] {logging_mixin.py:115} INFO - [2024-09-18T20:59:26.730+0000] {dag.py:2429} INFO - Sync 1 DAGs
[2024-09-18T20:59:26.738+0000] {logging_mixin.py:115} INFO - [2024-09-18T20:59:26.738+0000] {dag.py:2981} INFO - Setting next_dagrun for example_time_delta_sensor_async to None, run_after=None
[2024-09-18T20:59:26.744+0000] {processor.py:161} INFO - Processing /home/airflow/.local/lib/python3.7/site-packages/airflow/example_dags/example_time_delta_sensor_async.py took 0.094 seconds
[2024-09-18T20:59:56.859+0000] {processor.py:153} INFO - Started process (PID=7063) to work on /home/airflow/.local/lib/python3.7/site-packages/airflow/example_dags/example_time_delta_sensor_async.py
[2024-09-18T20:59:56.859+0000] {processor.py:640} INFO - Processing file /home/airflow/.local/lib/python3.7/site-packages/airflow/example_dags/example_time_delta_sensor_async.py for tasks to queue
[2024-09-18T20:59:56.859+0000] {logging_mixin.py:115} INFO - [2024-09-18T20:59:56.859+0000] {dagbag.py:508} INFO - Filling up the DagBag from /home/airflow/.local/lib/python3.7/site-packages/airflow/example_dags/example_time_delta_sensor_async.py
[2024-09-18T20:59:56.861+0000] {processor.py:650} INFO - DAG(s) dict_keys(['example_time_delta_sensor_async']) retrieved from /home/airflow/.local/lib/python3.7/site-packages/airflow/example_dags/example_time_delta_sensor_async.py
[2024-09-18T20:59:56.934+0000] {logging_mixin.py:115} INFO - [2024-09-18T20:59:56.934+0000] {dag.py:2429} INFO - Sync 1 DAGs
[2024-09-18T20:59:56.942+0000] {logging_mixin.py:115} INFO - [2024-09-18T20:59:56.942+0000] {dag.py:2981} INFO - Setting next_dagrun for example_time_delta_sensor_async to None, run_after=None
[2024-09-18T20:59:56.949+0000] {processor.py:161} INFO - Processing /home/airflow/.local/lib/python3.7/site-packages/airflow/example_dags/example_time_delta_sensor_async.py took 0.092 seconds
[2024-09-18T21:00:27.035+0000] {processor.py:153} INFO - Started process (PID=7253) to work on /home/airflow/.local/lib/python3.7/site-packages/airflow/example_dags/example_time_delta_sensor_async.py
[2024-09-18T21:00:27.036+0000] {processor.py:640} INFO - Processing file /home/airflow/.local/lib/python3.7/site-packages/airflow/example_dags/example_time_delta_sensor_async.py for tasks to queue
[2024-09-18T21:00:27.037+0000] {logging_mixin.py:115} INFO - [2024-09-18T21:00:27.037+0000] {dagbag.py:508} INFO - Filling up the DagBag from /home/airflow/.local/lib/python3.7/site-packages/airflow/example_dags/example_time_delta_sensor_async.py
[2024-09-18T21:00:27.039+0000] {processor.py:650} INFO - DAG(s) dict_keys(['example_time_delta_sensor_async']) retrieved from /home/airflow/.local/lib/python3.7/site-packages/airflow/example_dags/example_time_delta_sensor_async.py
[2024-09-18T21:00:27.114+0000] {logging_mixin.py:115} INFO - [2024-09-18T21:00:27.114+0000] {dag.py:2429} INFO - Sync 1 DAGs
[2024-09-18T21:00:27.124+0000] {logging_mixin.py:115} INFO - [2024-09-18T21:00:27.124+0000] {dag.py:2981} INFO - Setting next_dagrun for example_time_delta_sensor_async to None, run_after=None
[2024-09-18T21:00:27.131+0000] {processor.py:161} INFO - Processing /home/airflow/.local/lib/python3.7/site-packages/airflow/example_dags/example_time_delta_sensor_async.py took 0.097 seconds
