[2024-09-18T20:42:19.595+0000] {processor.py:153} INFO - Started process (PID=218) to work on /home/airflow/.local/lib/python3.7/site-packages/airflow/example_dags/example_skip_dag.py
[2024-09-18T20:42:19.595+0000] {processor.py:640} INFO - Processing file /home/airflow/.local/lib/python3.7/site-packages/airflow/example_dags/example_skip_dag.py for tasks to queue
[2024-09-18T20:42:19.595+0000] {logging_mixin.py:115} INFO - [2024-09-18T20:42:19.595+0000] {dagbag.py:508} INFO - Filling up the DagBag from /home/airflow/.local/lib/python3.7/site-packages/airflow/example_dags/example_skip_dag.py
[2024-09-18T20:42:19.598+0000] {processor.py:650} INFO - DAG(s) dict_keys(['example_skip_dag']) retrieved from /home/airflow/.local/lib/python3.7/site-packages/airflow/example_dags/example_skip_dag.py
[2024-09-18T20:42:19.640+0000] {logging_mixin.py:115} INFO - [2024-09-18T20:42:19.640+0000] {manager.py:508} INFO - Created Permission View: can edit on DAG:example_skip_dag
[2024-09-18T20:42:19.645+0000] {logging_mixin.py:115} INFO - [2024-09-18T20:42:19.645+0000] {manager.py:508} INFO - Created Permission View: can read on DAG:example_skip_dag
[2024-09-18T20:42:19.649+0000] {logging_mixin.py:115} INFO - [2024-09-18T20:42:19.649+0000] {manager.py:508} INFO - Created Permission View: can delete on DAG:example_skip_dag
[2024-09-18T20:42:19.649+0000] {logging_mixin.py:115} INFO - [2024-09-18T20:42:19.649+0000] {dag.py:2429} INFO - Sync 1 DAGs
[2024-09-18T20:42:19.655+0000] {logging_mixin.py:115} INFO - [2024-09-18T20:42:19.655+0000] {dag.py:2448} INFO - Creating ORM DAG for example_skip_dag
[2024-09-18T20:42:19.660+0000] {logging_mixin.py:115} INFO - [2024-09-18T20:42:19.660+0000] {dag.py:2981} INFO - Setting next_dagrun for example_skip_dag to 2024-09-17T20:42:19.660786+00:00, run_after=2024-09-18T20:42:19.660786+00:00
[2024-09-18T20:42:19.668+0000] {processor.py:161} INFO - Processing /home/airflow/.local/lib/python3.7/site-packages/airflow/example_dags/example_skip_dag.py took 0.074 seconds
[2024-09-18T20:42:50.380+0000] {processor.py:153} INFO - Started process (PID=414) to work on /home/airflow/.local/lib/python3.7/site-packages/airflow/example_dags/example_skip_dag.py
[2024-09-18T20:42:50.381+0000] {processor.py:640} INFO - Processing file /home/airflow/.local/lib/python3.7/site-packages/airflow/example_dags/example_skip_dag.py for tasks to queue
[2024-09-18T20:42:50.381+0000] {logging_mixin.py:115} INFO - [2024-09-18T20:42:50.381+0000] {dagbag.py:508} INFO - Filling up the DagBag from /home/airflow/.local/lib/python3.7/site-packages/airflow/example_dags/example_skip_dag.py
[2024-09-18T20:42:50.383+0000] {processor.py:650} INFO - DAG(s) dict_keys(['example_skip_dag']) retrieved from /home/airflow/.local/lib/python3.7/site-packages/airflow/example_dags/example_skip_dag.py
[2024-09-18T20:42:50.394+0000] {logging_mixin.py:115} INFO - [2024-09-18T20:42:50.394+0000] {dag.py:2429} INFO - Sync 1 DAGs
[2024-09-18T20:42:50.407+0000] {logging_mixin.py:115} INFO - [2024-09-18T20:42:50.407+0000] {dag.py:2981} INFO - Setting next_dagrun for example_skip_dag to 2024-09-17T20:42:50.407464+00:00, run_after=2024-09-18T20:42:50.407464+00:00
[2024-09-18T20:42:50.414+0000] {processor.py:161} INFO - Processing /home/airflow/.local/lib/python3.7/site-packages/airflow/example_dags/example_skip_dag.py took 0.035 seconds
[2024-09-18T20:43:20.580+0000] {processor.py:153} INFO - Started process (PID=611) to work on /home/airflow/.local/lib/python3.7/site-packages/airflow/example_dags/example_skip_dag.py
[2024-09-18T20:43:20.581+0000] {processor.py:640} INFO - Processing file /home/airflow/.local/lib/python3.7/site-packages/airflow/example_dags/example_skip_dag.py for tasks to queue
[2024-09-18T20:43:20.581+0000] {logging_mixin.py:115} INFO - [2024-09-18T20:43:20.581+0000] {dagbag.py:508} INFO - Filling up the DagBag from /home/airflow/.local/lib/python3.7/site-packages/airflow/example_dags/example_skip_dag.py
[2024-09-18T20:43:20.583+0000] {processor.py:650} INFO - DAG(s) dict_keys(['example_skip_dag']) retrieved from /home/airflow/.local/lib/python3.7/site-packages/airflow/example_dags/example_skip_dag.py
[2024-09-18T20:43:20.593+0000] {logging_mixin.py:115} INFO - [2024-09-18T20:43:20.593+0000] {dag.py:2429} INFO - Sync 1 DAGs
[2024-09-18T20:43:20.605+0000] {logging_mixin.py:115} INFO - [2024-09-18T20:43:20.605+0000] {dag.py:2981} INFO - Setting next_dagrun for example_skip_dag to 2024-09-17T20:43:20.605245+00:00, run_after=2024-09-18T20:43:20.605245+00:00
[2024-09-18T20:43:20.611+0000] {processor.py:161} INFO - Processing /home/airflow/.local/lib/python3.7/site-packages/airflow/example_dags/example_skip_dag.py took 0.032 seconds
[2024-09-18T20:43:50.817+0000] {processor.py:153} INFO - Started process (PID=808) to work on /home/airflow/.local/lib/python3.7/site-packages/airflow/example_dags/example_skip_dag.py
[2024-09-18T20:43:50.817+0000] {processor.py:640} INFO - Processing file /home/airflow/.local/lib/python3.7/site-packages/airflow/example_dags/example_skip_dag.py for tasks to queue
[2024-09-18T20:43:50.818+0000] {logging_mixin.py:115} INFO - [2024-09-18T20:43:50.818+0000] {dagbag.py:508} INFO - Filling up the DagBag from /home/airflow/.local/lib/python3.7/site-packages/airflow/example_dags/example_skip_dag.py
[2024-09-18T20:43:50.820+0000] {processor.py:650} INFO - DAG(s) dict_keys(['example_skip_dag']) retrieved from /home/airflow/.local/lib/python3.7/site-packages/airflow/example_dags/example_skip_dag.py
[2024-09-18T20:43:50.838+0000] {logging_mixin.py:115} INFO - [2024-09-18T20:43:50.838+0000] {dag.py:2429} INFO - Sync 1 DAGs
[2024-09-18T20:43:50.851+0000] {logging_mixin.py:115} INFO - [2024-09-18T20:43:50.851+0000] {dag.py:2981} INFO - Setting next_dagrun for example_skip_dag to 2024-09-17T20:43:50.851483+00:00, run_after=2024-09-18T20:43:50.851483+00:00
[2024-09-18T20:43:50.858+0000] {processor.py:161} INFO - Processing /home/airflow/.local/lib/python3.7/site-packages/airflow/example_dags/example_skip_dag.py took 0.043 seconds
[2024-09-18T20:44:20.972+0000] {processor.py:153} INFO - Started process (PID=1014) to work on /home/airflow/.local/lib/python3.7/site-packages/airflow/example_dags/example_skip_dag.py
[2024-09-18T20:44:20.972+0000] {processor.py:640} INFO - Processing file /home/airflow/.local/lib/python3.7/site-packages/airflow/example_dags/example_skip_dag.py for tasks to queue
[2024-09-18T20:44:20.973+0000] {logging_mixin.py:115} INFO - [2024-09-18T20:44:20.973+0000] {dagbag.py:508} INFO - Filling up the DagBag from /home/airflow/.local/lib/python3.7/site-packages/airflow/example_dags/example_skip_dag.py
[2024-09-18T20:44:20.975+0000] {processor.py:650} INFO - DAG(s) dict_keys(['example_skip_dag']) retrieved from /home/airflow/.local/lib/python3.7/site-packages/airflow/example_dags/example_skip_dag.py
[2024-09-18T20:44:20.984+0000] {logging_mixin.py:115} INFO - [2024-09-18T20:44:20.984+0000] {dag.py:2429} INFO - Sync 1 DAGs
[2024-09-18T20:44:20.995+0000] {logging_mixin.py:115} INFO - [2024-09-18T20:44:20.995+0000] {dag.py:2981} INFO - Setting next_dagrun for example_skip_dag to 2024-09-17T20:44:20.995058+00:00, run_after=2024-09-18T20:44:20.995058+00:00
[2024-09-18T20:44:21.001+0000] {processor.py:161} INFO - Processing /home/airflow/.local/lib/python3.7/site-packages/airflow/example_dags/example_skip_dag.py took 0.030 seconds
[2024-09-18T20:44:51.241+0000] {processor.py:153} INFO - Started process (PID=1211) to work on /home/airflow/.local/lib/python3.7/site-packages/airflow/example_dags/example_skip_dag.py
[2024-09-18T20:44:51.242+0000] {processor.py:640} INFO - Processing file /home/airflow/.local/lib/python3.7/site-packages/airflow/example_dags/example_skip_dag.py for tasks to queue
[2024-09-18T20:44:51.242+0000] {logging_mixin.py:115} INFO - [2024-09-18T20:44:51.242+0000] {dagbag.py:508} INFO - Filling up the DagBag from /home/airflow/.local/lib/python3.7/site-packages/airflow/example_dags/example_skip_dag.py
[2024-09-18T20:44:51.245+0000] {processor.py:650} INFO - DAG(s) dict_keys(['example_skip_dag']) retrieved from /home/airflow/.local/lib/python3.7/site-packages/airflow/example_dags/example_skip_dag.py
[2024-09-18T20:44:51.258+0000] {logging_mixin.py:115} INFO - [2024-09-18T20:44:51.258+0000] {dag.py:2429} INFO - Sync 1 DAGs
[2024-09-18T20:44:51.269+0000] {logging_mixin.py:115} INFO - [2024-09-18T20:44:51.268+0000] {dag.py:2981} INFO - Setting next_dagrun for example_skip_dag to 2024-09-17T20:44:51.268841+00:00, run_after=2024-09-18T20:44:51.268841+00:00
[2024-09-18T20:44:51.273+0000] {processor.py:161} INFO - Processing /home/airflow/.local/lib/python3.7/site-packages/airflow/example_dags/example_skip_dag.py took 0.033 seconds
[2024-09-18T20:45:21.405+0000] {processor.py:153} INFO - Started process (PID=1408) to work on /home/airflow/.local/lib/python3.7/site-packages/airflow/example_dags/example_skip_dag.py
[2024-09-18T20:45:21.405+0000] {processor.py:640} INFO - Processing file /home/airflow/.local/lib/python3.7/site-packages/airflow/example_dags/example_skip_dag.py for tasks to queue
[2024-09-18T20:45:21.405+0000] {logging_mixin.py:115} INFO - [2024-09-18T20:45:21.405+0000] {dagbag.py:508} INFO - Filling up the DagBag from /home/airflow/.local/lib/python3.7/site-packages/airflow/example_dags/example_skip_dag.py
[2024-09-18T20:45:21.407+0000] {processor.py:650} INFO - DAG(s) dict_keys(['example_skip_dag']) retrieved from /home/airflow/.local/lib/python3.7/site-packages/airflow/example_dags/example_skip_dag.py
[2024-09-18T20:45:21.418+0000] {logging_mixin.py:115} INFO - [2024-09-18T20:45:21.418+0000] {dag.py:2429} INFO - Sync 1 DAGs
[2024-09-18T20:45:21.430+0000] {logging_mixin.py:115} INFO - [2024-09-18T20:45:21.430+0000] {dag.py:2981} INFO - Setting next_dagrun for example_skip_dag to 2024-09-17T20:45:21.430143+00:00, run_after=2024-09-18T20:45:21.430143+00:00
[2024-09-18T20:45:21.436+0000] {processor.py:161} INFO - Processing /home/airflow/.local/lib/python3.7/site-packages/airflow/example_dags/example_skip_dag.py took 0.033 seconds
[2024-09-18T20:45:51.620+0000] {processor.py:153} INFO - Started process (PID=1604) to work on /home/airflow/.local/lib/python3.7/site-packages/airflow/example_dags/example_skip_dag.py
[2024-09-18T20:45:51.621+0000] {processor.py:640} INFO - Processing file /home/airflow/.local/lib/python3.7/site-packages/airflow/example_dags/example_skip_dag.py for tasks to queue
[2024-09-18T20:45:51.622+0000] {logging_mixin.py:115} INFO - [2024-09-18T20:45:51.622+0000] {dagbag.py:508} INFO - Filling up the DagBag from /home/airflow/.local/lib/python3.7/site-packages/airflow/example_dags/example_skip_dag.py
[2024-09-18T20:45:51.624+0000] {processor.py:650} INFO - DAG(s) dict_keys(['example_skip_dag']) retrieved from /home/airflow/.local/lib/python3.7/site-packages/airflow/example_dags/example_skip_dag.py
[2024-09-18T20:45:51.638+0000] {logging_mixin.py:115} INFO - [2024-09-18T20:45:51.638+0000] {dag.py:2429} INFO - Sync 1 DAGs
[2024-09-18T20:45:51.648+0000] {logging_mixin.py:115} INFO - [2024-09-18T20:45:51.648+0000] {dag.py:2981} INFO - Setting next_dagrun for example_skip_dag to 2024-09-17T20:45:51.648701+00:00, run_after=2024-09-18T20:45:51.648701+00:00
[2024-09-18T20:45:51.653+0000] {processor.py:161} INFO - Processing /home/airflow/.local/lib/python3.7/site-packages/airflow/example_dags/example_skip_dag.py took 0.034 seconds
[2024-09-18T20:46:21.841+0000] {processor.py:153} INFO - Started process (PID=1801) to work on /home/airflow/.local/lib/python3.7/site-packages/airflow/example_dags/example_skip_dag.py
[2024-09-18T20:46:21.843+0000] {processor.py:640} INFO - Processing file /home/airflow/.local/lib/python3.7/site-packages/airflow/example_dags/example_skip_dag.py for tasks to queue
[2024-09-18T20:46:21.843+0000] {logging_mixin.py:115} INFO - [2024-09-18T20:46:21.843+0000] {dagbag.py:508} INFO - Filling up the DagBag from /home/airflow/.local/lib/python3.7/site-packages/airflow/example_dags/example_skip_dag.py
[2024-09-18T20:46:21.847+0000] {processor.py:650} INFO - DAG(s) dict_keys(['example_skip_dag']) retrieved from /home/airflow/.local/lib/python3.7/site-packages/airflow/example_dags/example_skip_dag.py
[2024-09-18T20:46:21.861+0000] {logging_mixin.py:115} INFO - [2024-09-18T20:46:21.861+0000] {dag.py:2429} INFO - Sync 1 DAGs
[2024-09-18T20:46:21.871+0000] {logging_mixin.py:115} INFO - [2024-09-18T20:46:21.871+0000] {dag.py:2981} INFO - Setting next_dagrun for example_skip_dag to 2024-09-17T20:46:21.871261+00:00, run_after=2024-09-18T20:46:21.871261+00:00
[2024-09-18T20:46:21.877+0000] {processor.py:161} INFO - Processing /home/airflow/.local/lib/python3.7/site-packages/airflow/example_dags/example_skip_dag.py took 0.037 seconds
[2024-09-18T20:46:52.075+0000] {processor.py:153} INFO - Started process (PID=1996) to work on /home/airflow/.local/lib/python3.7/site-packages/airflow/example_dags/example_skip_dag.py
[2024-09-18T20:46:52.076+0000] {processor.py:640} INFO - Processing file /home/airflow/.local/lib/python3.7/site-packages/airflow/example_dags/example_skip_dag.py for tasks to queue
[2024-09-18T20:46:52.076+0000] {logging_mixin.py:115} INFO - [2024-09-18T20:46:52.076+0000] {dagbag.py:508} INFO - Filling up the DagBag from /home/airflow/.local/lib/python3.7/site-packages/airflow/example_dags/example_skip_dag.py
[2024-09-18T20:46:52.078+0000] {processor.py:650} INFO - DAG(s) dict_keys(['example_skip_dag']) retrieved from /home/airflow/.local/lib/python3.7/site-packages/airflow/example_dags/example_skip_dag.py
[2024-09-18T20:46:52.090+0000] {logging_mixin.py:115} INFO - [2024-09-18T20:46:52.090+0000] {dag.py:2429} INFO - Sync 1 DAGs
[2024-09-18T20:46:52.103+0000] {logging_mixin.py:115} INFO - [2024-09-18T20:46:52.103+0000] {dag.py:2981} INFO - Setting next_dagrun for example_skip_dag to 2024-09-17T20:46:52.103291+00:00, run_after=2024-09-18T20:46:52.103291+00:00
[2024-09-18T20:46:52.110+0000] {processor.py:161} INFO - Processing /home/airflow/.local/lib/python3.7/site-packages/airflow/example_dags/example_skip_dag.py took 0.036 seconds
[2024-09-18T20:47:22.375+0000] {processor.py:153} INFO - Started process (PID=2186) to work on /home/airflow/.local/lib/python3.7/site-packages/airflow/example_dags/example_skip_dag.py
[2024-09-18T20:47:22.376+0000] {processor.py:640} INFO - Processing file /home/airflow/.local/lib/python3.7/site-packages/airflow/example_dags/example_skip_dag.py for tasks to queue
[2024-09-18T20:47:22.376+0000] {logging_mixin.py:115} INFO - [2024-09-18T20:47:22.376+0000] {dagbag.py:508} INFO - Filling up the DagBag from /home/airflow/.local/lib/python3.7/site-packages/airflow/example_dags/example_skip_dag.py
[2024-09-18T20:47:22.378+0000] {processor.py:650} INFO - DAG(s) dict_keys(['example_skip_dag']) retrieved from /home/airflow/.local/lib/python3.7/site-packages/airflow/example_dags/example_skip_dag.py
[2024-09-18T20:47:22.389+0000] {logging_mixin.py:115} INFO - [2024-09-18T20:47:22.389+0000] {dag.py:2429} INFO - Sync 1 DAGs
[2024-09-18T20:47:22.400+0000] {logging_mixin.py:115} INFO - [2024-09-18T20:47:22.400+0000] {dag.py:2981} INFO - Setting next_dagrun for example_skip_dag to 2024-09-17T20:47:22.400731+00:00, run_after=2024-09-18T20:47:22.400731+00:00
[2024-09-18T20:47:22.406+0000] {processor.py:161} INFO - Processing /home/airflow/.local/lib/python3.7/site-packages/airflow/example_dags/example_skip_dag.py took 0.032 seconds
[2024-09-18T20:47:52.562+0000] {processor.py:153} INFO - Started process (PID=2383) to work on /home/airflow/.local/lib/python3.7/site-packages/airflow/example_dags/example_skip_dag.py
[2024-09-18T20:47:52.562+0000] {processor.py:640} INFO - Processing file /home/airflow/.local/lib/python3.7/site-packages/airflow/example_dags/example_skip_dag.py for tasks to queue
[2024-09-18T20:47:52.563+0000] {logging_mixin.py:115} INFO - [2024-09-18T20:47:52.562+0000] {dagbag.py:508} INFO - Filling up the DagBag from /home/airflow/.local/lib/python3.7/site-packages/airflow/example_dags/example_skip_dag.py
[2024-09-18T20:47:52.565+0000] {processor.py:650} INFO - DAG(s) dict_keys(['example_skip_dag']) retrieved from /home/airflow/.local/lib/python3.7/site-packages/airflow/example_dags/example_skip_dag.py
[2024-09-18T20:47:52.575+0000] {logging_mixin.py:115} INFO - [2024-09-18T20:47:52.575+0000] {dag.py:2429} INFO - Sync 1 DAGs
[2024-09-18T20:47:52.585+0000] {logging_mixin.py:115} INFO - [2024-09-18T20:47:52.585+0000] {dag.py:2981} INFO - Setting next_dagrun for example_skip_dag to 2024-09-17T20:47:52.585460+00:00, run_after=2024-09-18T20:47:52.585460+00:00
[2024-09-18T20:47:52.591+0000] {processor.py:161} INFO - Processing /home/airflow/.local/lib/python3.7/site-packages/airflow/example_dags/example_skip_dag.py took 0.031 seconds
[2024-09-18T20:48:22.756+0000] {processor.py:153} INFO - Started process (PID=2580) to work on /home/airflow/.local/lib/python3.7/site-packages/airflow/example_dags/example_skip_dag.py
[2024-09-18T20:48:22.757+0000] {processor.py:640} INFO - Processing file /home/airflow/.local/lib/python3.7/site-packages/airflow/example_dags/example_skip_dag.py for tasks to queue
[2024-09-18T20:48:22.757+0000] {logging_mixin.py:115} INFO - [2024-09-18T20:48:22.757+0000] {dagbag.py:508} INFO - Filling up the DagBag from /home/airflow/.local/lib/python3.7/site-packages/airflow/example_dags/example_skip_dag.py
[2024-09-18T20:48:22.759+0000] {processor.py:650} INFO - DAG(s) dict_keys(['example_skip_dag']) retrieved from /home/airflow/.local/lib/python3.7/site-packages/airflow/example_dags/example_skip_dag.py
[2024-09-18T20:48:22.774+0000] {logging_mixin.py:115} INFO - [2024-09-18T20:48:22.774+0000] {dag.py:2429} INFO - Sync 1 DAGs
[2024-09-18T20:48:22.785+0000] {logging_mixin.py:115} INFO - [2024-09-18T20:48:22.784+0000] {dag.py:2981} INFO - Setting next_dagrun for example_skip_dag to 2024-09-17T20:48:22.784833+00:00, run_after=2024-09-18T20:48:22.784833+00:00
[2024-09-18T20:48:22.792+0000] {processor.py:161} INFO - Processing /home/airflow/.local/lib/python3.7/site-packages/airflow/example_dags/example_skip_dag.py took 0.037 seconds
[2024-09-18T20:48:52.886+0000] {processor.py:153} INFO - Started process (PID=2777) to work on /home/airflow/.local/lib/python3.7/site-packages/airflow/example_dags/example_skip_dag.py
[2024-09-18T20:48:52.886+0000] {processor.py:640} INFO - Processing file /home/airflow/.local/lib/python3.7/site-packages/airflow/example_dags/example_skip_dag.py for tasks to queue
[2024-09-18T20:48:52.886+0000] {logging_mixin.py:115} INFO - [2024-09-18T20:48:52.886+0000] {dagbag.py:508} INFO - Filling up the DagBag from /home/airflow/.local/lib/python3.7/site-packages/airflow/example_dags/example_skip_dag.py
[2024-09-18T20:48:52.889+0000] {processor.py:650} INFO - DAG(s) dict_keys(['example_skip_dag']) retrieved from /home/airflow/.local/lib/python3.7/site-packages/airflow/example_dags/example_skip_dag.py
[2024-09-18T20:48:52.900+0000] {logging_mixin.py:115} INFO - [2024-09-18T20:48:52.900+0000] {dag.py:2429} INFO - Sync 1 DAGs
[2024-09-18T20:48:52.910+0000] {logging_mixin.py:115} INFO - [2024-09-18T20:48:52.910+0000] {dag.py:2981} INFO - Setting next_dagrun for example_skip_dag to 2024-09-17T20:48:52.910243+00:00, run_after=2024-09-18T20:48:52.910243+00:00
[2024-09-18T20:48:52.914+0000] {processor.py:161} INFO - Processing /home/airflow/.local/lib/python3.7/site-packages/airflow/example_dags/example_skip_dag.py took 0.030 seconds
[2024-09-18T20:49:23.136+0000] {processor.py:153} INFO - Started process (PID=2974) to work on /home/airflow/.local/lib/python3.7/site-packages/airflow/example_dags/example_skip_dag.py
[2024-09-18T20:49:23.138+0000] {processor.py:640} INFO - Processing file /home/airflow/.local/lib/python3.7/site-packages/airflow/example_dags/example_skip_dag.py for tasks to queue
[2024-09-18T20:49:23.138+0000] {logging_mixin.py:115} INFO - [2024-09-18T20:49:23.138+0000] {dagbag.py:508} INFO - Filling up the DagBag from /home/airflow/.local/lib/python3.7/site-packages/airflow/example_dags/example_skip_dag.py
[2024-09-18T20:49:23.140+0000] {processor.py:650} INFO - DAG(s) dict_keys(['example_skip_dag']) retrieved from /home/airflow/.local/lib/python3.7/site-packages/airflow/example_dags/example_skip_dag.py
[2024-09-18T20:49:23.152+0000] {logging_mixin.py:115} INFO - [2024-09-18T20:49:23.152+0000] {dag.py:2429} INFO - Sync 1 DAGs
[2024-09-18T20:49:23.164+0000] {logging_mixin.py:115} INFO - [2024-09-18T20:49:23.164+0000] {dag.py:2981} INFO - Setting next_dagrun for example_skip_dag to 2024-09-17T20:49:23.164417+00:00, run_after=2024-09-18T20:49:23.164417+00:00
[2024-09-18T20:49:23.171+0000] {processor.py:161} INFO - Processing /home/airflow/.local/lib/python3.7/site-packages/airflow/example_dags/example_skip_dag.py took 0.036 seconds
[2024-09-18T20:49:53.357+0000] {processor.py:153} INFO - Started process (PID=3171) to work on /home/airflow/.local/lib/python3.7/site-packages/airflow/example_dags/example_skip_dag.py
[2024-09-18T20:49:53.360+0000] {processor.py:640} INFO - Processing file /home/airflow/.local/lib/python3.7/site-packages/airflow/example_dags/example_skip_dag.py for tasks to queue
[2024-09-18T20:49:53.362+0000] {logging_mixin.py:115} INFO - [2024-09-18T20:49:53.362+0000] {dagbag.py:508} INFO - Filling up the DagBag from /home/airflow/.local/lib/python3.7/site-packages/airflow/example_dags/example_skip_dag.py
[2024-09-18T20:49:53.365+0000] {processor.py:650} INFO - DAG(s) dict_keys(['example_skip_dag']) retrieved from /home/airflow/.local/lib/python3.7/site-packages/airflow/example_dags/example_skip_dag.py
[2024-09-18T20:49:53.377+0000] {logging_mixin.py:115} INFO - [2024-09-18T20:49:53.377+0000] {dag.py:2429} INFO - Sync 1 DAGs
[2024-09-18T20:49:53.388+0000] {logging_mixin.py:115} INFO - [2024-09-18T20:49:53.388+0000] {dag.py:2981} INFO - Setting next_dagrun for example_skip_dag to 2024-09-17T20:49:53.388577+00:00, run_after=2024-09-18T20:49:53.388577+00:00
[2024-09-18T20:49:53.398+0000] {processor.py:161} INFO - Processing /home/airflow/.local/lib/python3.7/site-packages/airflow/example_dags/example_skip_dag.py took 0.043 seconds
[2024-09-18T20:50:23.628+0000] {processor.py:153} INFO - Started process (PID=3360) to work on /home/airflow/.local/lib/python3.7/site-packages/airflow/example_dags/example_skip_dag.py
[2024-09-18T20:50:23.629+0000] {processor.py:640} INFO - Processing file /home/airflow/.local/lib/python3.7/site-packages/airflow/example_dags/example_skip_dag.py for tasks to queue
[2024-09-18T20:50:23.629+0000] {logging_mixin.py:115} INFO - [2024-09-18T20:50:23.629+0000] {dagbag.py:508} INFO - Filling up the DagBag from /home/airflow/.local/lib/python3.7/site-packages/airflow/example_dags/example_skip_dag.py
[2024-09-18T20:50:23.632+0000] {processor.py:650} INFO - DAG(s) dict_keys(['example_skip_dag']) retrieved from /home/airflow/.local/lib/python3.7/site-packages/airflow/example_dags/example_skip_dag.py
[2024-09-18T20:50:23.646+0000] {logging_mixin.py:115} INFO - [2024-09-18T20:50:23.646+0000] {dag.py:2429} INFO - Sync 1 DAGs
[2024-09-18T20:50:23.657+0000] {logging_mixin.py:115} INFO - [2024-09-18T20:50:23.657+0000] {dag.py:2981} INFO - Setting next_dagrun for example_skip_dag to 2024-09-17T20:50:23.656898+00:00, run_after=2024-09-18T20:50:23.656898+00:00
[2024-09-18T20:50:23.661+0000] {processor.py:161} INFO - Processing /home/airflow/.local/lib/python3.7/site-packages/airflow/example_dags/example_skip_dag.py took 0.034 seconds
[2024-09-18T20:50:53.910+0000] {processor.py:153} INFO - Started process (PID=3557) to work on /home/airflow/.local/lib/python3.7/site-packages/airflow/example_dags/example_skip_dag.py
[2024-09-18T20:50:53.912+0000] {processor.py:640} INFO - Processing file /home/airflow/.local/lib/python3.7/site-packages/airflow/example_dags/example_skip_dag.py for tasks to queue
[2024-09-18T20:50:53.913+0000] {logging_mixin.py:115} INFO - [2024-09-18T20:50:53.913+0000] {dagbag.py:508} INFO - Filling up the DagBag from /home/airflow/.local/lib/python3.7/site-packages/airflow/example_dags/example_skip_dag.py
[2024-09-18T20:50:53.916+0000] {processor.py:650} INFO - DAG(s) dict_keys(['example_skip_dag']) retrieved from /home/airflow/.local/lib/python3.7/site-packages/airflow/example_dags/example_skip_dag.py
[2024-09-18T20:50:53.930+0000] {logging_mixin.py:115} INFO - [2024-09-18T20:50:53.930+0000] {dag.py:2429} INFO - Sync 1 DAGs
[2024-09-18T20:50:53.941+0000] {logging_mixin.py:115} INFO - [2024-09-18T20:50:53.941+0000] {dag.py:2981} INFO - Setting next_dagrun for example_skip_dag to 2024-09-17T20:50:53.941744+00:00, run_after=2024-09-18T20:50:53.941744+00:00
[2024-09-18T20:50:53.947+0000] {processor.py:161} INFO - Processing /home/airflow/.local/lib/python3.7/site-packages/airflow/example_dags/example_skip_dag.py took 0.039 seconds
[2024-09-18T20:51:24.086+0000] {processor.py:153} INFO - Started process (PID=3754) to work on /home/airflow/.local/lib/python3.7/site-packages/airflow/example_dags/example_skip_dag.py
[2024-09-18T20:51:24.086+0000] {processor.py:640} INFO - Processing file /home/airflow/.local/lib/python3.7/site-packages/airflow/example_dags/example_skip_dag.py for tasks to queue
[2024-09-18T20:51:24.086+0000] {logging_mixin.py:115} INFO - [2024-09-18T20:51:24.086+0000] {dagbag.py:508} INFO - Filling up the DagBag from /home/airflow/.local/lib/python3.7/site-packages/airflow/example_dags/example_skip_dag.py
[2024-09-18T20:51:24.088+0000] {processor.py:650} INFO - DAG(s) dict_keys(['example_skip_dag']) retrieved from /home/airflow/.local/lib/python3.7/site-packages/airflow/example_dags/example_skip_dag.py
[2024-09-18T20:51:24.098+0000] {logging_mixin.py:115} INFO - [2024-09-18T20:51:24.098+0000] {dag.py:2429} INFO - Sync 1 DAGs
[2024-09-18T20:51:24.109+0000] {logging_mixin.py:115} INFO - [2024-09-18T20:51:24.109+0000] {dag.py:2981} INFO - Setting next_dagrun for example_skip_dag to 2024-09-17T20:51:24.109588+00:00, run_after=2024-09-18T20:51:24.109588+00:00
[2024-09-18T20:51:24.115+0000] {processor.py:161} INFO - Processing /home/airflow/.local/lib/python3.7/site-packages/airflow/example_dags/example_skip_dag.py took 0.030 seconds
[2024-09-18T20:51:54.258+0000] {processor.py:153} INFO - Started process (PID=3951) to work on /home/airflow/.local/lib/python3.7/site-packages/airflow/example_dags/example_skip_dag.py
[2024-09-18T20:51:54.259+0000] {processor.py:640} INFO - Processing file /home/airflow/.local/lib/python3.7/site-packages/airflow/example_dags/example_skip_dag.py for tasks to queue
[2024-09-18T20:51:54.261+0000] {logging_mixin.py:115} INFO - [2024-09-18T20:51:54.261+0000] {dagbag.py:508} INFO - Filling up the DagBag from /home/airflow/.local/lib/python3.7/site-packages/airflow/example_dags/example_skip_dag.py
[2024-09-18T20:51:54.263+0000] {processor.py:650} INFO - DAG(s) dict_keys(['example_skip_dag']) retrieved from /home/airflow/.local/lib/python3.7/site-packages/airflow/example_dags/example_skip_dag.py
[2024-09-18T20:51:54.275+0000] {logging_mixin.py:115} INFO - [2024-09-18T20:51:54.275+0000] {dag.py:2429} INFO - Sync 1 DAGs
[2024-09-18T20:51:54.289+0000] {logging_mixin.py:115} INFO - [2024-09-18T20:51:54.288+0000] {dag.py:2981} INFO - Setting next_dagrun for example_skip_dag to 2024-09-17T20:51:54.288848+00:00, run_after=2024-09-18T20:51:54.288848+00:00
[2024-09-18T20:51:54.293+0000] {processor.py:161} INFO - Processing /home/airflow/.local/lib/python3.7/site-packages/airflow/example_dags/example_skip_dag.py took 0.036 seconds
[2024-09-18T20:52:24.389+0000] {processor.py:153} INFO - Started process (PID=4146) to work on /home/airflow/.local/lib/python3.7/site-packages/airflow/example_dags/example_skip_dag.py
[2024-09-18T20:52:24.390+0000] {processor.py:640} INFO - Processing file /home/airflow/.local/lib/python3.7/site-packages/airflow/example_dags/example_skip_dag.py for tasks to queue
[2024-09-18T20:52:24.390+0000] {logging_mixin.py:115} INFO - [2024-09-18T20:52:24.390+0000] {dagbag.py:508} INFO - Filling up the DagBag from /home/airflow/.local/lib/python3.7/site-packages/airflow/example_dags/example_skip_dag.py
[2024-09-18T20:52:24.392+0000] {processor.py:650} INFO - DAG(s) dict_keys(['example_skip_dag']) retrieved from /home/airflow/.local/lib/python3.7/site-packages/airflow/example_dags/example_skip_dag.py
[2024-09-18T20:52:24.402+0000] {logging_mixin.py:115} INFO - [2024-09-18T20:52:24.402+0000] {dag.py:2429} INFO - Sync 1 DAGs
[2024-09-18T20:52:24.413+0000] {logging_mixin.py:115} INFO - [2024-09-18T20:52:24.413+0000] {dag.py:2981} INFO - Setting next_dagrun for example_skip_dag to 2024-09-17T20:52:24.412996+00:00, run_after=2024-09-18T20:52:24.412996+00:00
[2024-09-18T20:52:24.417+0000] {processor.py:161} INFO - Processing /home/airflow/.local/lib/python3.7/site-packages/airflow/example_dags/example_skip_dag.py took 0.029 seconds
[2024-09-18T20:52:54.498+0000] {processor.py:153} INFO - Started process (PID=4343) to work on /home/airflow/.local/lib/python3.7/site-packages/airflow/example_dags/example_skip_dag.py
[2024-09-18T20:52:54.499+0000] {processor.py:640} INFO - Processing file /home/airflow/.local/lib/python3.7/site-packages/airflow/example_dags/example_skip_dag.py for tasks to queue
[2024-09-18T20:52:54.500+0000] {logging_mixin.py:115} INFO - [2024-09-18T20:52:54.500+0000] {dagbag.py:508} INFO - Filling up the DagBag from /home/airflow/.local/lib/python3.7/site-packages/airflow/example_dags/example_skip_dag.py
[2024-09-18T20:52:54.502+0000] {processor.py:650} INFO - DAG(s) dict_keys(['example_skip_dag']) retrieved from /home/airflow/.local/lib/python3.7/site-packages/airflow/example_dags/example_skip_dag.py
[2024-09-18T20:52:54.517+0000] {logging_mixin.py:115} INFO - [2024-09-18T20:52:54.517+0000] {dag.py:2429} INFO - Sync 1 DAGs
[2024-09-18T20:52:54.529+0000] {logging_mixin.py:115} INFO - [2024-09-18T20:52:54.528+0000] {dag.py:2981} INFO - Setting next_dagrun for example_skip_dag to 2024-09-17T20:52:54.528861+00:00, run_after=2024-09-18T20:52:54.528861+00:00
[2024-09-18T20:52:54.536+0000] {processor.py:161} INFO - Processing /home/airflow/.local/lib/python3.7/site-packages/airflow/example_dags/example_skip_dag.py took 0.040 seconds
[2024-09-18T20:53:24.647+0000] {processor.py:153} INFO - Started process (PID=4531) to work on /home/airflow/.local/lib/python3.7/site-packages/airflow/example_dags/example_skip_dag.py
[2024-09-18T20:53:24.649+0000] {processor.py:640} INFO - Processing file /home/airflow/.local/lib/python3.7/site-packages/airflow/example_dags/example_skip_dag.py for tasks to queue
[2024-09-18T20:53:24.649+0000] {logging_mixin.py:115} INFO - [2024-09-18T20:53:24.649+0000] {dagbag.py:508} INFO - Filling up the DagBag from /home/airflow/.local/lib/python3.7/site-packages/airflow/example_dags/example_skip_dag.py
[2024-09-18T20:53:24.651+0000] {processor.py:650} INFO - DAG(s) dict_keys(['example_skip_dag']) retrieved from /home/airflow/.local/lib/python3.7/site-packages/airflow/example_dags/example_skip_dag.py
[2024-09-18T20:53:24.661+0000] {logging_mixin.py:115} INFO - [2024-09-18T20:53:24.661+0000] {dag.py:2429} INFO - Sync 1 DAGs
[2024-09-18T20:53:24.672+0000] {logging_mixin.py:115} INFO - [2024-09-18T20:53:24.672+0000] {dag.py:2981} INFO - Setting next_dagrun for example_skip_dag to 2024-09-17T20:53:24.672090+00:00, run_after=2024-09-18T20:53:24.672090+00:00
[2024-09-18T20:53:24.676+0000] {processor.py:161} INFO - Processing /home/airflow/.local/lib/python3.7/site-packages/airflow/example_dags/example_skip_dag.py took 0.030 seconds
[2024-09-18T20:53:54.742+0000] {processor.py:153} INFO - Started process (PID=4728) to work on /home/airflow/.local/lib/python3.7/site-packages/airflow/example_dags/example_skip_dag.py
[2024-09-18T20:53:54.742+0000] {processor.py:640} INFO - Processing file /home/airflow/.local/lib/python3.7/site-packages/airflow/example_dags/example_skip_dag.py for tasks to queue
[2024-09-18T20:53:54.742+0000] {logging_mixin.py:115} INFO - [2024-09-18T20:53:54.742+0000] {dagbag.py:508} INFO - Filling up the DagBag from /home/airflow/.local/lib/python3.7/site-packages/airflow/example_dags/example_skip_dag.py
[2024-09-18T20:53:54.745+0000] {processor.py:650} INFO - DAG(s) dict_keys(['example_skip_dag']) retrieved from /home/airflow/.local/lib/python3.7/site-packages/airflow/example_dags/example_skip_dag.py
[2024-09-18T20:53:54.757+0000] {logging_mixin.py:115} INFO - [2024-09-18T20:53:54.757+0000] {dag.py:2429} INFO - Sync 1 DAGs
[2024-09-18T20:53:54.767+0000] {logging_mixin.py:115} INFO - [2024-09-18T20:53:54.767+0000] {dag.py:2981} INFO - Setting next_dagrun for example_skip_dag to 2024-09-17T20:53:54.766936+00:00, run_after=2024-09-18T20:53:54.766936+00:00
[2024-09-18T20:53:54.771+0000] {processor.py:161} INFO - Processing /home/airflow/.local/lib/python3.7/site-packages/airflow/example_dags/example_skip_dag.py took 0.031 seconds
[2024-09-18T20:54:24.861+0000] {processor.py:153} INFO - Started process (PID=4925) to work on /home/airflow/.local/lib/python3.7/site-packages/airflow/example_dags/example_skip_dag.py
[2024-09-18T20:54:24.862+0000] {processor.py:640} INFO - Processing file /home/airflow/.local/lib/python3.7/site-packages/airflow/example_dags/example_skip_dag.py for tasks to queue
[2024-09-18T20:54:24.862+0000] {logging_mixin.py:115} INFO - [2024-09-18T20:54:24.862+0000] {dagbag.py:508} INFO - Filling up the DagBag from /home/airflow/.local/lib/python3.7/site-packages/airflow/example_dags/example_skip_dag.py
[2024-09-18T20:54:24.864+0000] {processor.py:650} INFO - DAG(s) dict_keys(['example_skip_dag']) retrieved from /home/airflow/.local/lib/python3.7/site-packages/airflow/example_dags/example_skip_dag.py
[2024-09-18T20:54:24.875+0000] {logging_mixin.py:115} INFO - [2024-09-18T20:54:24.875+0000] {dag.py:2429} INFO - Sync 1 DAGs
[2024-09-18T20:54:24.884+0000] {logging_mixin.py:115} INFO - [2024-09-18T20:54:24.884+0000] {dag.py:2981} INFO - Setting next_dagrun for example_skip_dag to 2024-09-17T20:54:24.884586+00:00, run_after=2024-09-18T20:54:24.884586+00:00
[2024-09-18T20:54:24.889+0000] {processor.py:161} INFO - Processing /home/airflow/.local/lib/python3.7/site-packages/airflow/example_dags/example_skip_dag.py took 0.029 seconds
[2024-09-18T20:54:55.044+0000] {processor.py:153} INFO - Started process (PID=5116) to work on /home/airflow/.local/lib/python3.7/site-packages/airflow/example_dags/example_skip_dag.py
[2024-09-18T20:54:55.044+0000] {processor.py:640} INFO - Processing file /home/airflow/.local/lib/python3.7/site-packages/airflow/example_dags/example_skip_dag.py for tasks to queue
[2024-09-18T20:54:55.045+0000] {logging_mixin.py:115} INFO - [2024-09-18T20:54:55.045+0000] {dagbag.py:508} INFO - Filling up the DagBag from /home/airflow/.local/lib/python3.7/site-packages/airflow/example_dags/example_skip_dag.py
[2024-09-18T20:54:55.050+0000] {processor.py:650} INFO - DAG(s) dict_keys(['example_skip_dag']) retrieved from /home/airflow/.local/lib/python3.7/site-packages/airflow/example_dags/example_skip_dag.py
[2024-09-18T20:54:55.066+0000] {logging_mixin.py:115} INFO - [2024-09-18T20:54:55.066+0000] {dag.py:2429} INFO - Sync 1 DAGs
[2024-09-18T20:54:55.080+0000] {logging_mixin.py:115} INFO - [2024-09-18T20:54:55.080+0000] {dag.py:2981} INFO - Setting next_dagrun for example_skip_dag to 2024-09-17T20:54:55.080258+00:00, run_after=2024-09-18T20:54:55.080258+00:00
[2024-09-18T20:54:55.085+0000] {processor.py:161} INFO - Processing /home/airflow/.local/lib/python3.7/site-packages/airflow/example_dags/example_skip_dag.py took 0.043 seconds
[2024-09-18T20:55:25.335+0000] {processor.py:153} INFO - Started process (PID=5314) to work on /home/airflow/.local/lib/python3.7/site-packages/airflow/example_dags/example_skip_dag.py
[2024-09-18T20:55:25.335+0000] {processor.py:640} INFO - Processing file /home/airflow/.local/lib/python3.7/site-packages/airflow/example_dags/example_skip_dag.py for tasks to queue
[2024-09-18T20:55:25.335+0000] {logging_mixin.py:115} INFO - [2024-09-18T20:55:25.335+0000] {dagbag.py:508} INFO - Filling up the DagBag from /home/airflow/.local/lib/python3.7/site-packages/airflow/example_dags/example_skip_dag.py
[2024-09-18T20:55:25.338+0000] {processor.py:650} INFO - DAG(s) dict_keys(['example_skip_dag']) retrieved from /home/airflow/.local/lib/python3.7/site-packages/airflow/example_dags/example_skip_dag.py
[2024-09-18T20:55:25.349+0000] {logging_mixin.py:115} INFO - [2024-09-18T20:55:25.349+0000] {dag.py:2429} INFO - Sync 1 DAGs
[2024-09-18T20:55:25.359+0000] {logging_mixin.py:115} INFO - [2024-09-18T20:55:25.359+0000] {dag.py:2981} INFO - Setting next_dagrun for example_skip_dag to 2024-09-17T20:55:25.359106+00:00, run_after=2024-09-18T20:55:25.359106+00:00
[2024-09-18T20:55:25.363+0000] {processor.py:161} INFO - Processing /home/airflow/.local/lib/python3.7/site-packages/airflow/example_dags/example_skip_dag.py took 0.030 seconds
[2024-09-18T20:55:55.413+0000] {processor.py:153} INFO - Started process (PID=5509) to work on /home/airflow/.local/lib/python3.7/site-packages/airflow/example_dags/example_skip_dag.py
[2024-09-18T20:55:55.413+0000] {processor.py:640} INFO - Processing file /home/airflow/.local/lib/python3.7/site-packages/airflow/example_dags/example_skip_dag.py for tasks to queue
[2024-09-18T20:55:55.414+0000] {logging_mixin.py:115} INFO - [2024-09-18T20:55:55.414+0000] {dagbag.py:508} INFO - Filling up the DagBag from /home/airflow/.local/lib/python3.7/site-packages/airflow/example_dags/example_skip_dag.py
[2024-09-18T20:55:55.416+0000] {processor.py:650} INFO - DAG(s) dict_keys(['example_skip_dag']) retrieved from /home/airflow/.local/lib/python3.7/site-packages/airflow/example_dags/example_skip_dag.py
[2024-09-18T20:55:55.428+0000] {logging_mixin.py:115} INFO - [2024-09-18T20:55:55.428+0000] {dag.py:2429} INFO - Sync 1 DAGs
[2024-09-18T20:55:55.441+0000] {logging_mixin.py:115} INFO - [2024-09-18T20:55:55.441+0000] {dag.py:2981} INFO - Setting next_dagrun for example_skip_dag to 2024-09-17T20:55:55.441197+00:00, run_after=2024-09-18T20:55:55.441197+00:00
[2024-09-18T20:55:55.446+0000] {processor.py:161} INFO - Processing /home/airflow/.local/lib/python3.7/site-packages/airflow/example_dags/example_skip_dag.py took 0.034 seconds
[2024-09-18T20:56:25.598+0000] {processor.py:153} INFO - Started process (PID=5699) to work on /home/airflow/.local/lib/python3.7/site-packages/airflow/example_dags/example_skip_dag.py
[2024-09-18T20:56:25.598+0000] {processor.py:640} INFO - Processing file /home/airflow/.local/lib/python3.7/site-packages/airflow/example_dags/example_skip_dag.py for tasks to queue
[2024-09-18T20:56:25.599+0000] {logging_mixin.py:115} INFO - [2024-09-18T20:56:25.599+0000] {dagbag.py:508} INFO - Filling up the DagBag from /home/airflow/.local/lib/python3.7/site-packages/airflow/example_dags/example_skip_dag.py
[2024-09-18T20:56:25.601+0000] {processor.py:650} INFO - DAG(s) dict_keys(['example_skip_dag']) retrieved from /home/airflow/.local/lib/python3.7/site-packages/airflow/example_dags/example_skip_dag.py
[2024-09-18T20:56:25.614+0000] {logging_mixin.py:115} INFO - [2024-09-18T20:56:25.614+0000] {dag.py:2429} INFO - Sync 1 DAGs
[2024-09-18T20:56:25.624+0000] {logging_mixin.py:115} INFO - [2024-09-18T20:56:25.624+0000] {dag.py:2981} INFO - Setting next_dagrun for example_skip_dag to 2024-09-17T20:56:25.624723+00:00, run_after=2024-09-18T20:56:25.624723+00:00
[2024-09-18T20:56:25.629+0000] {processor.py:161} INFO - Processing /home/airflow/.local/lib/python3.7/site-packages/airflow/example_dags/example_skip_dag.py took 0.033 seconds
[2024-09-18T20:56:55.664+0000] {processor.py:153} INFO - Started process (PID=5896) to work on /home/airflow/.local/lib/python3.7/site-packages/airflow/example_dags/example_skip_dag.py
[2024-09-18T20:56:55.664+0000] {processor.py:640} INFO - Processing file /home/airflow/.local/lib/python3.7/site-packages/airflow/example_dags/example_skip_dag.py for tasks to queue
[2024-09-18T20:56:55.664+0000] {logging_mixin.py:115} INFO - [2024-09-18T20:56:55.664+0000] {dagbag.py:508} INFO - Filling up the DagBag from /home/airflow/.local/lib/python3.7/site-packages/airflow/example_dags/example_skip_dag.py
[2024-09-18T20:56:55.666+0000] {processor.py:650} INFO - DAG(s) dict_keys(['example_skip_dag']) retrieved from /home/airflow/.local/lib/python3.7/site-packages/airflow/example_dags/example_skip_dag.py
[2024-09-18T20:56:55.677+0000] {logging_mixin.py:115} INFO - [2024-09-18T20:56:55.677+0000] {dag.py:2429} INFO - Sync 1 DAGs
[2024-09-18T20:56:55.686+0000] {logging_mixin.py:115} INFO - [2024-09-18T20:56:55.686+0000] {dag.py:2981} INFO - Setting next_dagrun for example_skip_dag to 2024-09-17T20:56:55.686347+00:00, run_after=2024-09-18T20:56:55.686347+00:00
[2024-09-18T20:56:55.690+0000] {processor.py:161} INFO - Processing /home/airflow/.local/lib/python3.7/site-packages/airflow/example_dags/example_skip_dag.py took 0.027 seconds
[2024-09-18T20:57:25.773+0000] {processor.py:153} INFO - Started process (PID=6093) to work on /home/airflow/.local/lib/python3.7/site-packages/airflow/example_dags/example_skip_dag.py
[2024-09-18T20:57:25.773+0000] {processor.py:640} INFO - Processing file /home/airflow/.local/lib/python3.7/site-packages/airflow/example_dags/example_skip_dag.py for tasks to queue
[2024-09-18T20:57:25.774+0000] {logging_mixin.py:115} INFO - [2024-09-18T20:57:25.774+0000] {dagbag.py:508} INFO - Filling up the DagBag from /home/airflow/.local/lib/python3.7/site-packages/airflow/example_dags/example_skip_dag.py
[2024-09-18T20:57:25.776+0000] {processor.py:650} INFO - DAG(s) dict_keys(['example_skip_dag']) retrieved from /home/airflow/.local/lib/python3.7/site-packages/airflow/example_dags/example_skip_dag.py
[2024-09-18T20:57:25.787+0000] {logging_mixin.py:115} INFO - [2024-09-18T20:57:25.787+0000] {dag.py:2429} INFO - Sync 1 DAGs
[2024-09-18T20:57:25.797+0000] {logging_mixin.py:115} INFO - [2024-09-18T20:57:25.797+0000] {dag.py:2981} INFO - Setting next_dagrun for example_skip_dag to 2024-09-17T20:57:25.797085+00:00, run_after=2024-09-18T20:57:25.797085+00:00
[2024-09-18T20:57:25.801+0000] {processor.py:161} INFO - Processing /home/airflow/.local/lib/python3.7/site-packages/airflow/example_dags/example_skip_dag.py took 0.030 seconds
[2024-09-18T20:57:55.971+0000] {processor.py:153} INFO - Started process (PID=6288) to work on /home/airflow/.local/lib/python3.7/site-packages/airflow/example_dags/example_skip_dag.py
[2024-09-18T20:57:55.972+0000] {processor.py:640} INFO - Processing file /home/airflow/.local/lib/python3.7/site-packages/airflow/example_dags/example_skip_dag.py for tasks to queue
[2024-09-18T20:57:55.972+0000] {logging_mixin.py:115} INFO - [2024-09-18T20:57:55.972+0000] {dagbag.py:508} INFO - Filling up the DagBag from /home/airflow/.local/lib/python3.7/site-packages/airflow/example_dags/example_skip_dag.py
[2024-09-18T20:57:55.975+0000] {processor.py:650} INFO - DAG(s) dict_keys(['example_skip_dag']) retrieved from /home/airflow/.local/lib/python3.7/site-packages/airflow/example_dags/example_skip_dag.py
[2024-09-18T20:57:55.985+0000] {logging_mixin.py:115} INFO - [2024-09-18T20:57:55.985+0000] {dag.py:2429} INFO - Sync 1 DAGs
[2024-09-18T20:57:55.996+0000] {logging_mixin.py:115} INFO - [2024-09-18T20:57:55.996+0000] {dag.py:2981} INFO - Setting next_dagrun for example_skip_dag to 2024-09-17T20:57:55.996380+00:00, run_after=2024-09-18T20:57:55.996380+00:00
[2024-09-18T20:57:56.001+0000] {processor.py:161} INFO - Processing /home/airflow/.local/lib/python3.7/site-packages/airflow/example_dags/example_skip_dag.py took 0.032 seconds
[2024-09-18T20:58:26.159+0000] {processor.py:153} INFO - Started process (PID=6486) to work on /home/airflow/.local/lib/python3.7/site-packages/airflow/example_dags/example_skip_dag.py
[2024-09-18T20:58:26.159+0000] {processor.py:640} INFO - Processing file /home/airflow/.local/lib/python3.7/site-packages/airflow/example_dags/example_skip_dag.py for tasks to queue
[2024-09-18T20:58:26.160+0000] {logging_mixin.py:115} INFO - [2024-09-18T20:58:26.160+0000] {dagbag.py:508} INFO - Filling up the DagBag from /home/airflow/.local/lib/python3.7/site-packages/airflow/example_dags/example_skip_dag.py
[2024-09-18T20:58:26.162+0000] {processor.py:650} INFO - DAG(s) dict_keys(['example_skip_dag']) retrieved from /home/airflow/.local/lib/python3.7/site-packages/airflow/example_dags/example_skip_dag.py
[2024-09-18T20:58:26.172+0000] {logging_mixin.py:115} INFO - [2024-09-18T20:58:26.172+0000] {dag.py:2429} INFO - Sync 1 DAGs
[2024-09-18T20:58:26.181+0000] {logging_mixin.py:115} INFO - [2024-09-18T20:58:26.181+0000] {dag.py:2981} INFO - Setting next_dagrun for example_skip_dag to 2024-09-17T20:58:26.181146+00:00, run_after=2024-09-18T20:58:26.181146+00:00
[2024-09-18T20:58:26.185+0000] {processor.py:161} INFO - Processing /home/airflow/.local/lib/python3.7/site-packages/airflow/example_dags/example_skip_dag.py took 0.027 seconds
[2024-09-18T20:58:56.313+0000] {processor.py:153} INFO - Started process (PID=6679) to work on /home/airflow/.local/lib/python3.7/site-packages/airflow/example_dags/example_skip_dag.py
[2024-09-18T20:58:56.313+0000] {processor.py:640} INFO - Processing file /home/airflow/.local/lib/python3.7/site-packages/airflow/example_dags/example_skip_dag.py for tasks to queue
[2024-09-18T20:58:56.314+0000] {logging_mixin.py:115} INFO - [2024-09-18T20:58:56.314+0000] {dagbag.py:508} INFO - Filling up the DagBag from /home/airflow/.local/lib/python3.7/site-packages/airflow/example_dags/example_skip_dag.py
[2024-09-18T20:58:56.316+0000] {processor.py:650} INFO - DAG(s) dict_keys(['example_skip_dag']) retrieved from /home/airflow/.local/lib/python3.7/site-packages/airflow/example_dags/example_skip_dag.py
[2024-09-18T20:58:56.328+0000] {logging_mixin.py:115} INFO - [2024-09-18T20:58:56.328+0000] {dag.py:2429} INFO - Sync 1 DAGs
[2024-09-18T20:58:56.341+0000] {logging_mixin.py:115} INFO - [2024-09-18T20:58:56.341+0000] {dag.py:2981} INFO - Setting next_dagrun for example_skip_dag to 2024-09-17T20:58:56.341543+00:00, run_after=2024-09-18T20:58:56.341543+00:00
[2024-09-18T20:58:56.348+0000] {processor.py:161} INFO - Processing /home/airflow/.local/lib/python3.7/site-packages/airflow/example_dags/example_skip_dag.py took 0.036 seconds
[2024-09-18T20:59:26.611+0000] {processor.py:153} INFO - Started process (PID=6869) to work on /home/airflow/.local/lib/python3.7/site-packages/airflow/example_dags/example_skip_dag.py
[2024-09-18T20:59:26.611+0000] {processor.py:640} INFO - Processing file /home/airflow/.local/lib/python3.7/site-packages/airflow/example_dags/example_skip_dag.py for tasks to queue
[2024-09-18T20:59:26.611+0000] {logging_mixin.py:115} INFO - [2024-09-18T20:59:26.611+0000] {dagbag.py:508} INFO - Filling up the DagBag from /home/airflow/.local/lib/python3.7/site-packages/airflow/example_dags/example_skip_dag.py
[2024-09-18T20:59:26.613+0000] {processor.py:650} INFO - DAG(s) dict_keys(['example_skip_dag']) retrieved from /home/airflow/.local/lib/python3.7/site-packages/airflow/example_dags/example_skip_dag.py
[2024-09-18T20:59:26.627+0000] {logging_mixin.py:115} INFO - [2024-09-18T20:59:26.627+0000] {dag.py:2429} INFO - Sync 1 DAGs
[2024-09-18T20:59:26.638+0000] {logging_mixin.py:115} INFO - [2024-09-18T20:59:26.638+0000] {dag.py:2981} INFO - Setting next_dagrun for example_skip_dag to 2024-09-17T20:59:26.638562+00:00, run_after=2024-09-18T20:59:26.638562+00:00
[2024-09-18T20:59:26.646+0000] {processor.py:161} INFO - Processing /home/airflow/.local/lib/python3.7/site-packages/airflow/example_dags/example_skip_dag.py took 0.036 seconds
[2024-09-18T20:59:56.902+0000] {processor.py:153} INFO - Started process (PID=7071) to work on /home/airflow/.local/lib/python3.7/site-packages/airflow/example_dags/example_skip_dag.py
[2024-09-18T20:59:56.902+0000] {processor.py:640} INFO - Processing file /home/airflow/.local/lib/python3.7/site-packages/airflow/example_dags/example_skip_dag.py for tasks to queue
[2024-09-18T20:59:56.902+0000] {logging_mixin.py:115} INFO - [2024-09-18T20:59:56.902+0000] {dagbag.py:508} INFO - Filling up the DagBag from /home/airflow/.local/lib/python3.7/site-packages/airflow/example_dags/example_skip_dag.py
[2024-09-18T20:59:56.904+0000] {processor.py:650} INFO - DAG(s) dict_keys(['example_skip_dag']) retrieved from /home/airflow/.local/lib/python3.7/site-packages/airflow/example_dags/example_skip_dag.py
[2024-09-18T20:59:56.915+0000] {logging_mixin.py:115} INFO - [2024-09-18T20:59:56.915+0000] {dag.py:2429} INFO - Sync 1 DAGs
[2024-09-18T20:59:56.925+0000] {logging_mixin.py:115} INFO - [2024-09-18T20:59:56.924+0000] {dag.py:2981} INFO - Setting next_dagrun for example_skip_dag to 2024-09-17T20:59:56.924891+00:00, run_after=2024-09-18T20:59:56.924891+00:00
[2024-09-18T20:59:56.929+0000] {processor.py:161} INFO - Processing /home/airflow/.local/lib/python3.7/site-packages/airflow/example_dags/example_skip_dag.py took 0.029 seconds
[2024-09-18T21:00:27.140+0000] {processor.py:153} INFO - Started process (PID=7268) to work on /home/airflow/.local/lib/python3.7/site-packages/airflow/example_dags/example_skip_dag.py
[2024-09-18T21:00:27.142+0000] {processor.py:640} INFO - Processing file /home/airflow/.local/lib/python3.7/site-packages/airflow/example_dags/example_skip_dag.py for tasks to queue
[2024-09-18T21:00:27.144+0000] {logging_mixin.py:115} INFO - [2024-09-18T21:00:27.144+0000] {dagbag.py:508} INFO - Filling up the DagBag from /home/airflow/.local/lib/python3.7/site-packages/airflow/example_dags/example_skip_dag.py
[2024-09-18T21:00:27.145+0000] {processor.py:650} INFO - DAG(s) dict_keys(['example_skip_dag']) retrieved from /home/airflow/.local/lib/python3.7/site-packages/airflow/example_dags/example_skip_dag.py
[2024-09-18T21:00:27.162+0000] {logging_mixin.py:115} INFO - [2024-09-18T21:00:27.161+0000] {dag.py:2429} INFO - Sync 1 DAGs
[2024-09-18T21:00:27.173+0000] {logging_mixin.py:115} INFO - [2024-09-18T21:00:27.173+0000] {dag.py:2981} INFO - Setting next_dagrun for example_skip_dag to 2024-09-17T21:00:27.173027+00:00, run_after=2024-09-18T21:00:27.173027+00:00
[2024-09-18T21:00:27.179+0000] {processor.py:161} INFO - Processing /home/airflow/.local/lib/python3.7/site-packages/airflow/example_dags/example_skip_dag.py took 0.040 seconds
