[2024-09-18T20:42:20.255+0000] {processor.py:153} INFO - Started process (PID=278) to work on /home/airflow/.local/lib/python3.7/site-packages/airflow/example_dags/example_branch_python_dop_operator_3.py
[2024-09-18T20:42:20.256+0000] {processor.py:640} INFO - Processing file /home/airflow/.local/lib/python3.7/site-packages/airflow/example_dags/example_branch_python_dop_operator_3.py for tasks to queue
[2024-09-18T20:42:20.257+0000] {logging_mixin.py:115} INFO - [2024-09-18T20:42:20.257+0000] {dagbag.py:508} INFO - Filling up the DagBag from /home/airflow/.local/lib/python3.7/site-packages/airflow/example_dags/example_branch_python_dop_operator_3.py
[2024-09-18T20:42:20.262+0000] {processor.py:650} INFO - DAG(s) dict_keys(['example_branch_dop_operator_v3']) retrieved from /home/airflow/.local/lib/python3.7/site-packages/airflow/example_dags/example_branch_python_dop_operator_3.py
[2024-09-18T20:42:20.302+0000] {logging_mixin.py:115} INFO - [2024-09-18T20:42:20.302+0000] {manager.py:508} INFO - Created Permission View: can edit on DAG:example_branch_dop_operator_v3
[2024-09-18T20:42:20.311+0000] {logging_mixin.py:115} INFO - [2024-09-18T20:42:20.311+0000] {manager.py:508} INFO - Created Permission View: can read on DAG:example_branch_dop_operator_v3
[2024-09-18T20:42:20.313+0000] {logging_mixin.py:115} INFO - [2024-09-18T20:42:20.313+0000] {manager.py:508} INFO - Created Permission View: can delete on DAG:example_branch_dop_operator_v3
[2024-09-18T20:42:20.313+0000] {logging_mixin.py:115} INFO - [2024-09-18T20:42:20.313+0000] {dag.py:2429} INFO - Sync 1 DAGs
[2024-09-18T20:42:20.318+0000] {logging_mixin.py:115} INFO - [2024-09-18T20:42:20.318+0000] {dag.py:2448} INFO - Creating ORM DAG for example_branch_dop_operator_v3
[2024-09-18T20:42:20.327+0000] {logging_mixin.py:115} INFO - [2024-09-18T20:42:20.327+0000] {dag.py:2981} INFO - Setting next_dagrun for example_branch_dop_operator_v3 to 2024-09-18T20:41:00+00:00, run_after=2024-09-18T20:42:00+00:00
[2024-09-18T20:42:20.335+0000] {processor.py:161} INFO - Processing /home/airflow/.local/lib/python3.7/site-packages/airflow/example_dags/example_branch_python_dop_operator_3.py took 0.081 seconds
[2024-09-18T20:42:50.686+0000] {processor.py:153} INFO - Started process (PID=474) to work on /home/airflow/.local/lib/python3.7/site-packages/airflow/example_dags/example_branch_python_dop_operator_3.py
[2024-09-18T20:42:50.686+0000] {processor.py:640} INFO - Processing file /home/airflow/.local/lib/python3.7/site-packages/airflow/example_dags/example_branch_python_dop_operator_3.py for tasks to queue
[2024-09-18T20:42:50.687+0000] {logging_mixin.py:115} INFO - [2024-09-18T20:42:50.687+0000] {dagbag.py:508} INFO - Filling up the DagBag from /home/airflow/.local/lib/python3.7/site-packages/airflow/example_dags/example_branch_python_dop_operator_3.py
[2024-09-18T20:42:50.692+0000] {processor.py:650} INFO - DAG(s) dict_keys(['example_branch_dop_operator_v3']) retrieved from /home/airflow/.local/lib/python3.7/site-packages/airflow/example_dags/example_branch_python_dop_operator_3.py
[2024-09-18T20:42:50.706+0000] {logging_mixin.py:115} INFO - [2024-09-18T20:42:50.706+0000] {dag.py:2429} INFO - Sync 1 DAGs
[2024-09-18T20:42:50.719+0000] {logging_mixin.py:115} INFO - [2024-09-18T20:42:50.719+0000] {dag.py:2981} INFO - Setting next_dagrun for example_branch_dop_operator_v3 to 2024-09-18T20:41:00+00:00, run_after=2024-09-18T20:42:00+00:00
[2024-09-18T20:42:50.725+0000] {processor.py:161} INFO - Processing /home/airflow/.local/lib/python3.7/site-packages/airflow/example_dags/example_branch_python_dop_operator_3.py took 0.041 seconds
[2024-09-18T20:43:20.878+0000] {processor.py:153} INFO - Started process (PID=671) to work on /home/airflow/.local/lib/python3.7/site-packages/airflow/example_dags/example_branch_python_dop_operator_3.py
[2024-09-18T20:43:20.879+0000] {processor.py:640} INFO - Processing file /home/airflow/.local/lib/python3.7/site-packages/airflow/example_dags/example_branch_python_dop_operator_3.py for tasks to queue
[2024-09-18T20:43:20.879+0000] {logging_mixin.py:115} INFO - [2024-09-18T20:43:20.879+0000] {dagbag.py:508} INFO - Filling up the DagBag from /home/airflow/.local/lib/python3.7/site-packages/airflow/example_dags/example_branch_python_dop_operator_3.py
[2024-09-18T20:43:20.884+0000] {processor.py:650} INFO - DAG(s) dict_keys(['example_branch_dop_operator_v3']) retrieved from /home/airflow/.local/lib/python3.7/site-packages/airflow/example_dags/example_branch_python_dop_operator_3.py
[2024-09-18T20:43:20.893+0000] {logging_mixin.py:115} INFO - [2024-09-18T20:43:20.893+0000] {dag.py:2429} INFO - Sync 1 DAGs
[2024-09-18T20:43:20.908+0000] {logging_mixin.py:115} INFO - [2024-09-18T20:43:20.908+0000] {dag.py:2981} INFO - Setting next_dagrun for example_branch_dop_operator_v3 to 2024-09-18T20:42:00+00:00, run_after=2024-09-18T20:43:00+00:00
[2024-09-18T20:43:20.912+0000] {processor.py:161} INFO - Processing /home/airflow/.local/lib/python3.7/site-packages/airflow/example_dags/example_branch_python_dop_operator_3.py took 0.036 seconds
[2024-09-18T20:43:51.145+0000] {processor.py:153} INFO - Started process (PID=868) to work on /home/airflow/.local/lib/python3.7/site-packages/airflow/example_dags/example_branch_python_dop_operator_3.py
[2024-09-18T20:43:51.147+0000] {processor.py:640} INFO - Processing file /home/airflow/.local/lib/python3.7/site-packages/airflow/example_dags/example_branch_python_dop_operator_3.py for tasks to queue
[2024-09-18T20:43:51.148+0000] {logging_mixin.py:115} INFO - [2024-09-18T20:43:51.148+0000] {dagbag.py:508} INFO - Filling up the DagBag from /home/airflow/.local/lib/python3.7/site-packages/airflow/example_dags/example_branch_python_dop_operator_3.py
[2024-09-18T20:43:51.158+0000] {processor.py:650} INFO - DAG(s) dict_keys(['example_branch_dop_operator_v3']) retrieved from /home/airflow/.local/lib/python3.7/site-packages/airflow/example_dags/example_branch_python_dop_operator_3.py
[2024-09-18T20:43:51.173+0000] {logging_mixin.py:115} INFO - [2024-09-18T20:43:51.173+0000] {dag.py:2429} INFO - Sync 1 DAGs
[2024-09-18T20:43:51.193+0000] {logging_mixin.py:115} INFO - [2024-09-18T20:43:51.193+0000] {dag.py:2981} INFO - Setting next_dagrun for example_branch_dop_operator_v3 to 2024-09-18T20:42:00+00:00, run_after=2024-09-18T20:43:00+00:00
[2024-09-18T20:43:51.202+0000] {processor.py:161} INFO - Processing /home/airflow/.local/lib/python3.7/site-packages/airflow/example_dags/example_branch_python_dop_operator_3.py took 0.059 seconds
[2024-09-18T20:44:21.385+0000] {processor.py:153} INFO - Started process (PID=1074) to work on /home/airflow/.local/lib/python3.7/site-packages/airflow/example_dags/example_branch_python_dop_operator_3.py
[2024-09-18T20:44:21.386+0000] {processor.py:640} INFO - Processing file /home/airflow/.local/lib/python3.7/site-packages/airflow/example_dags/example_branch_python_dop_operator_3.py for tasks to queue
[2024-09-18T20:44:21.386+0000] {logging_mixin.py:115} INFO - [2024-09-18T20:44:21.386+0000] {dagbag.py:508} INFO - Filling up the DagBag from /home/airflow/.local/lib/python3.7/site-packages/airflow/example_dags/example_branch_python_dop_operator_3.py
[2024-09-18T20:44:21.391+0000] {processor.py:650} INFO - DAG(s) dict_keys(['example_branch_dop_operator_v3']) retrieved from /home/airflow/.local/lib/python3.7/site-packages/airflow/example_dags/example_branch_python_dop_operator_3.py
[2024-09-18T20:44:21.405+0000] {logging_mixin.py:115} INFO - [2024-09-18T20:44:21.404+0000] {dag.py:2429} INFO - Sync 1 DAGs
[2024-09-18T20:44:21.418+0000] {logging_mixin.py:115} INFO - [2024-09-18T20:44:21.418+0000] {dag.py:2981} INFO - Setting next_dagrun for example_branch_dop_operator_v3 to 2024-09-18T20:43:00+00:00, run_after=2024-09-18T20:44:00+00:00
[2024-09-18T20:44:21.428+0000] {processor.py:161} INFO - Processing /home/airflow/.local/lib/python3.7/site-packages/airflow/example_dags/example_branch_python_dop_operator_3.py took 0.046 seconds
[2024-09-18T20:44:51.537+0000] {processor.py:153} INFO - Started process (PID=1271) to work on /home/airflow/.local/lib/python3.7/site-packages/airflow/example_dags/example_branch_python_dop_operator_3.py
[2024-09-18T20:44:51.538+0000] {processor.py:640} INFO - Processing file /home/airflow/.local/lib/python3.7/site-packages/airflow/example_dags/example_branch_python_dop_operator_3.py for tasks to queue
[2024-09-18T20:44:51.538+0000] {logging_mixin.py:115} INFO - [2024-09-18T20:44:51.538+0000] {dagbag.py:508} INFO - Filling up the DagBag from /home/airflow/.local/lib/python3.7/site-packages/airflow/example_dags/example_branch_python_dop_operator_3.py
[2024-09-18T20:44:51.542+0000] {processor.py:650} INFO - DAG(s) dict_keys(['example_branch_dop_operator_v3']) retrieved from /home/airflow/.local/lib/python3.7/site-packages/airflow/example_dags/example_branch_python_dop_operator_3.py
[2024-09-18T20:44:51.552+0000] {logging_mixin.py:115} INFO - [2024-09-18T20:44:51.552+0000] {dag.py:2429} INFO - Sync 1 DAGs
[2024-09-18T20:44:51.564+0000] {logging_mixin.py:115} INFO - [2024-09-18T20:44:51.564+0000] {dag.py:2981} INFO - Setting next_dagrun for example_branch_dop_operator_v3 to 2024-09-18T20:43:00+00:00, run_after=2024-09-18T20:44:00+00:00
[2024-09-18T20:44:51.569+0000] {processor.py:161} INFO - Processing /home/airflow/.local/lib/python3.7/site-packages/airflow/example_dags/example_branch_python_dop_operator_3.py took 0.033 seconds
[2024-09-18T20:45:21.734+0000] {processor.py:153} INFO - Started process (PID=1468) to work on /home/airflow/.local/lib/python3.7/site-packages/airflow/example_dags/example_branch_python_dop_operator_3.py
[2024-09-18T20:45:21.734+0000] {processor.py:640} INFO - Processing file /home/airflow/.local/lib/python3.7/site-packages/airflow/example_dags/example_branch_python_dop_operator_3.py for tasks to queue
[2024-09-18T20:45:21.735+0000] {logging_mixin.py:115} INFO - [2024-09-18T20:45:21.735+0000] {dagbag.py:508} INFO - Filling up the DagBag from /home/airflow/.local/lib/python3.7/site-packages/airflow/example_dags/example_branch_python_dop_operator_3.py
[2024-09-18T20:45:21.740+0000] {processor.py:650} INFO - DAG(s) dict_keys(['example_branch_dop_operator_v3']) retrieved from /home/airflow/.local/lib/python3.7/site-packages/airflow/example_dags/example_branch_python_dop_operator_3.py
[2024-09-18T20:45:21.754+0000] {logging_mixin.py:115} INFO - [2024-09-18T20:45:21.754+0000] {dag.py:2429} INFO - Sync 1 DAGs
[2024-09-18T20:45:21.769+0000] {logging_mixin.py:115} INFO - [2024-09-18T20:45:21.769+0000] {dag.py:2981} INFO - Setting next_dagrun for example_branch_dop_operator_v3 to 2024-09-18T20:44:00+00:00, run_after=2024-09-18T20:45:00+00:00
[2024-09-18T20:45:21.776+0000] {processor.py:161} INFO - Processing /home/airflow/.local/lib/python3.7/site-packages/airflow/example_dags/example_branch_python_dop_operator_3.py took 0.044 seconds
[2024-09-18T20:45:51.946+0000] {processor.py:153} INFO - Started process (PID=1664) to work on /home/airflow/.local/lib/python3.7/site-packages/airflow/example_dags/example_branch_python_dop_operator_3.py
[2024-09-18T20:45:51.947+0000] {processor.py:640} INFO - Processing file /home/airflow/.local/lib/python3.7/site-packages/airflow/example_dags/example_branch_python_dop_operator_3.py for tasks to queue
[2024-09-18T20:45:51.948+0000] {logging_mixin.py:115} INFO - [2024-09-18T20:45:51.948+0000] {dagbag.py:508} INFO - Filling up the DagBag from /home/airflow/.local/lib/python3.7/site-packages/airflow/example_dags/example_branch_python_dop_operator_3.py
[2024-09-18T20:45:51.954+0000] {processor.py:650} INFO - DAG(s) dict_keys(['example_branch_dop_operator_v3']) retrieved from /home/airflow/.local/lib/python3.7/site-packages/airflow/example_dags/example_branch_python_dop_operator_3.py
[2024-09-18T20:45:51.967+0000] {logging_mixin.py:115} INFO - [2024-09-18T20:45:51.966+0000] {dag.py:2429} INFO - Sync 1 DAGs
[2024-09-18T20:45:51.979+0000] {logging_mixin.py:115} INFO - [2024-09-18T20:45:51.979+0000] {dag.py:2981} INFO - Setting next_dagrun for example_branch_dop_operator_v3 to 2024-09-18T20:44:00+00:00, run_after=2024-09-18T20:45:00+00:00
[2024-09-18T20:45:51.986+0000] {processor.py:161} INFO - Processing /home/airflow/.local/lib/python3.7/site-packages/airflow/example_dags/example_branch_python_dop_operator_3.py took 0.042 seconds
[2024-09-18T20:46:22.177+0000] {processor.py:153} INFO - Started process (PID=1861) to work on /home/airflow/.local/lib/python3.7/site-packages/airflow/example_dags/example_branch_python_dop_operator_3.py
[2024-09-18T20:46:22.178+0000] {processor.py:640} INFO - Processing file /home/airflow/.local/lib/python3.7/site-packages/airflow/example_dags/example_branch_python_dop_operator_3.py for tasks to queue
[2024-09-18T20:46:22.179+0000] {logging_mixin.py:115} INFO - [2024-09-18T20:46:22.179+0000] {dagbag.py:508} INFO - Filling up the DagBag from /home/airflow/.local/lib/python3.7/site-packages/airflow/example_dags/example_branch_python_dop_operator_3.py
[2024-09-18T20:46:22.183+0000] {processor.py:650} INFO - DAG(s) dict_keys(['example_branch_dop_operator_v3']) retrieved from /home/airflow/.local/lib/python3.7/site-packages/airflow/example_dags/example_branch_python_dop_operator_3.py
[2024-09-18T20:46:22.196+0000] {logging_mixin.py:115} INFO - [2024-09-18T20:46:22.196+0000] {dag.py:2429} INFO - Sync 1 DAGs
[2024-09-18T20:46:22.214+0000] {logging_mixin.py:115} INFO - [2024-09-18T20:46:22.214+0000] {dag.py:2981} INFO - Setting next_dagrun for example_branch_dop_operator_v3 to 2024-09-18T20:45:00+00:00, run_after=2024-09-18T20:46:00+00:00
[2024-09-18T20:46:22.223+0000] {processor.py:161} INFO - Processing /home/airflow/.local/lib/python3.7/site-packages/airflow/example_dags/example_branch_python_dop_operator_3.py took 0.048 seconds
[2024-09-18T20:46:52.459+0000] {processor.py:153} INFO - Started process (PID=2058) to work on /home/airflow/.local/lib/python3.7/site-packages/airflow/example_dags/example_branch_python_dop_operator_3.py
[2024-09-18T20:46:52.460+0000] {processor.py:640} INFO - Processing file /home/airflow/.local/lib/python3.7/site-packages/airflow/example_dags/example_branch_python_dop_operator_3.py for tasks to queue
[2024-09-18T20:46:52.460+0000] {logging_mixin.py:115} INFO - [2024-09-18T20:46:52.460+0000] {dagbag.py:508} INFO - Filling up the DagBag from /home/airflow/.local/lib/python3.7/site-packages/airflow/example_dags/example_branch_python_dop_operator_3.py
[2024-09-18T20:46:52.464+0000] {processor.py:650} INFO - DAG(s) dict_keys(['example_branch_dop_operator_v3']) retrieved from /home/airflow/.local/lib/python3.7/site-packages/airflow/example_dags/example_branch_python_dop_operator_3.py
[2024-09-18T20:46:52.476+0000] {logging_mixin.py:115} INFO - [2024-09-18T20:46:52.476+0000] {dag.py:2429} INFO - Sync 1 DAGs
[2024-09-18T20:46:52.493+0000] {logging_mixin.py:115} INFO - [2024-09-18T20:46:52.493+0000] {dag.py:2981} INFO - Setting next_dagrun for example_branch_dop_operator_v3 to 2024-09-18T20:45:00+00:00, run_after=2024-09-18T20:46:00+00:00
[2024-09-18T20:46:52.500+0000] {processor.py:161} INFO - Processing /home/airflow/.local/lib/python3.7/site-packages/airflow/example_dags/example_branch_python_dop_operator_3.py took 0.042 seconds
[2024-09-18T20:47:22.645+0000] {processor.py:153} INFO - Started process (PID=2246) to work on /home/airflow/.local/lib/python3.7/site-packages/airflow/example_dags/example_branch_python_dop_operator_3.py
[2024-09-18T20:47:22.646+0000] {processor.py:640} INFO - Processing file /home/airflow/.local/lib/python3.7/site-packages/airflow/example_dags/example_branch_python_dop_operator_3.py for tasks to queue
[2024-09-18T20:47:22.647+0000] {logging_mixin.py:115} INFO - [2024-09-18T20:47:22.647+0000] {dagbag.py:508} INFO - Filling up the DagBag from /home/airflow/.local/lib/python3.7/site-packages/airflow/example_dags/example_branch_python_dop_operator_3.py
[2024-09-18T20:47:22.651+0000] {processor.py:650} INFO - DAG(s) dict_keys(['example_branch_dop_operator_v3']) retrieved from /home/airflow/.local/lib/python3.7/site-packages/airflow/example_dags/example_branch_python_dop_operator_3.py
[2024-09-18T20:47:22.667+0000] {logging_mixin.py:115} INFO - [2024-09-18T20:47:22.667+0000] {dag.py:2429} INFO - Sync 1 DAGs
[2024-09-18T20:47:22.681+0000] {logging_mixin.py:115} INFO - [2024-09-18T20:47:22.680+0000] {dag.py:2981} INFO - Setting next_dagrun for example_branch_dop_operator_v3 to 2024-09-18T20:46:00+00:00, run_after=2024-09-18T20:47:00+00:00
[2024-09-18T20:47:22.687+0000] {processor.py:161} INFO - Processing /home/airflow/.local/lib/python3.7/site-packages/airflow/example_dags/example_branch_python_dop_operator_3.py took 0.043 seconds
[2024-09-18T20:47:52.905+0000] {processor.py:153} INFO - Started process (PID=2443) to work on /home/airflow/.local/lib/python3.7/site-packages/airflow/example_dags/example_branch_python_dop_operator_3.py
[2024-09-18T20:47:52.905+0000] {processor.py:640} INFO - Processing file /home/airflow/.local/lib/python3.7/site-packages/airflow/example_dags/example_branch_python_dop_operator_3.py for tasks to queue
[2024-09-18T20:47:52.906+0000] {logging_mixin.py:115} INFO - [2024-09-18T20:47:52.906+0000] {dagbag.py:508} INFO - Filling up the DagBag from /home/airflow/.local/lib/python3.7/site-packages/airflow/example_dags/example_branch_python_dop_operator_3.py
[2024-09-18T20:47:52.910+0000] {processor.py:650} INFO - DAG(s) dict_keys(['example_branch_dop_operator_v3']) retrieved from /home/airflow/.local/lib/python3.7/site-packages/airflow/example_dags/example_branch_python_dop_operator_3.py
[2024-09-18T20:47:52.920+0000] {logging_mixin.py:115} INFO - [2024-09-18T20:47:52.920+0000] {dag.py:2429} INFO - Sync 1 DAGs
[2024-09-18T20:47:52.934+0000] {logging_mixin.py:115} INFO - [2024-09-18T20:47:52.934+0000] {dag.py:2981} INFO - Setting next_dagrun for example_branch_dop_operator_v3 to 2024-09-18T20:46:00+00:00, run_after=2024-09-18T20:47:00+00:00
[2024-09-18T20:47:52.940+0000] {processor.py:161} INFO - Processing /home/airflow/.local/lib/python3.7/site-packages/airflow/example_dags/example_branch_python_dop_operator_3.py took 0.037 seconds
[2024-09-18T20:48:23.046+0000] {processor.py:153} INFO - Started process (PID=2640) to work on /home/airflow/.local/lib/python3.7/site-packages/airflow/example_dags/example_branch_python_dop_operator_3.py
[2024-09-18T20:48:23.046+0000] {processor.py:640} INFO - Processing file /home/airflow/.local/lib/python3.7/site-packages/airflow/example_dags/example_branch_python_dop_operator_3.py for tasks to queue
[2024-09-18T20:48:23.046+0000] {logging_mixin.py:115} INFO - [2024-09-18T20:48:23.046+0000] {dagbag.py:508} INFO - Filling up the DagBag from /home/airflow/.local/lib/python3.7/site-packages/airflow/example_dags/example_branch_python_dop_operator_3.py
[2024-09-18T20:48:23.051+0000] {processor.py:650} INFO - DAG(s) dict_keys(['example_branch_dop_operator_v3']) retrieved from /home/airflow/.local/lib/python3.7/site-packages/airflow/example_dags/example_branch_python_dop_operator_3.py
[2024-09-18T20:48:23.063+0000] {logging_mixin.py:115} INFO - [2024-09-18T20:48:23.063+0000] {dag.py:2429} INFO - Sync 1 DAGs
[2024-09-18T20:48:23.076+0000] {logging_mixin.py:115} INFO - [2024-09-18T20:48:23.076+0000] {dag.py:2981} INFO - Setting next_dagrun for example_branch_dop_operator_v3 to 2024-09-18T20:47:00+00:00, run_after=2024-09-18T20:48:00+00:00
[2024-09-18T20:48:23.080+0000] {processor.py:161} INFO - Processing /home/airflow/.local/lib/python3.7/site-packages/airflow/example_dags/example_branch_python_dop_operator_3.py took 0.036 seconds
[2024-09-18T20:48:53.227+0000] {processor.py:153} INFO - Started process (PID=2837) to work on /home/airflow/.local/lib/python3.7/site-packages/airflow/example_dags/example_branch_python_dop_operator_3.py
[2024-09-18T20:48:53.228+0000] {processor.py:640} INFO - Processing file /home/airflow/.local/lib/python3.7/site-packages/airflow/example_dags/example_branch_python_dop_operator_3.py for tasks to queue
[2024-09-18T20:48:53.229+0000] {logging_mixin.py:115} INFO - [2024-09-18T20:48:53.228+0000] {dagbag.py:508} INFO - Filling up the DagBag from /home/airflow/.local/lib/python3.7/site-packages/airflow/example_dags/example_branch_python_dop_operator_3.py
[2024-09-18T20:48:53.233+0000] {processor.py:650} INFO - DAG(s) dict_keys(['example_branch_dop_operator_v3']) retrieved from /home/airflow/.local/lib/python3.7/site-packages/airflow/example_dags/example_branch_python_dop_operator_3.py
[2024-09-18T20:48:53.244+0000] {logging_mixin.py:115} INFO - [2024-09-18T20:48:53.244+0000] {dag.py:2429} INFO - Sync 1 DAGs
[2024-09-18T20:48:53.257+0000] {logging_mixin.py:115} INFO - [2024-09-18T20:48:53.257+0000] {dag.py:2981} INFO - Setting next_dagrun for example_branch_dop_operator_v3 to 2024-09-18T20:47:00+00:00, run_after=2024-09-18T20:48:00+00:00
[2024-09-18T20:48:53.263+0000] {processor.py:161} INFO - Processing /home/airflow/.local/lib/python3.7/site-packages/airflow/example_dags/example_branch_python_dop_operator_3.py took 0.038 seconds
[2024-09-18T20:49:23.431+0000] {processor.py:153} INFO - Started process (PID=3034) to work on /home/airflow/.local/lib/python3.7/site-packages/airflow/example_dags/example_branch_python_dop_operator_3.py
[2024-09-18T20:49:23.432+0000] {processor.py:640} INFO - Processing file /home/airflow/.local/lib/python3.7/site-packages/airflow/example_dags/example_branch_python_dop_operator_3.py for tasks to queue
[2024-09-18T20:49:23.432+0000] {logging_mixin.py:115} INFO - [2024-09-18T20:49:23.432+0000] {dagbag.py:508} INFO - Filling up the DagBag from /home/airflow/.local/lib/python3.7/site-packages/airflow/example_dags/example_branch_python_dop_operator_3.py
[2024-09-18T20:49:23.436+0000] {processor.py:650} INFO - DAG(s) dict_keys(['example_branch_dop_operator_v3']) retrieved from /home/airflow/.local/lib/python3.7/site-packages/airflow/example_dags/example_branch_python_dop_operator_3.py
[2024-09-18T20:49:23.446+0000] {logging_mixin.py:115} INFO - [2024-09-18T20:49:23.446+0000] {dag.py:2429} INFO - Sync 1 DAGs
[2024-09-18T20:49:23.461+0000] {logging_mixin.py:115} INFO - [2024-09-18T20:49:23.461+0000] {dag.py:2981} INFO - Setting next_dagrun for example_branch_dop_operator_v3 to 2024-09-18T20:48:00+00:00, run_after=2024-09-18T20:49:00+00:00
[2024-09-18T20:49:23.466+0000] {processor.py:161} INFO - Processing /home/airflow/.local/lib/python3.7/site-packages/airflow/example_dags/example_branch_python_dop_operator_3.py took 0.036 seconds
[2024-09-18T20:49:53.739+0000] {processor.py:153} INFO - Started process (PID=3231) to work on /home/airflow/.local/lib/python3.7/site-packages/airflow/example_dags/example_branch_python_dop_operator_3.py
[2024-09-18T20:49:53.740+0000] {processor.py:640} INFO - Processing file /home/airflow/.local/lib/python3.7/site-packages/airflow/example_dags/example_branch_python_dop_operator_3.py for tasks to queue
[2024-09-18T20:49:53.741+0000] {logging_mixin.py:115} INFO - [2024-09-18T20:49:53.741+0000] {dagbag.py:508} INFO - Filling up the DagBag from /home/airflow/.local/lib/python3.7/site-packages/airflow/example_dags/example_branch_python_dop_operator_3.py
[2024-09-18T20:49:53.750+0000] {processor.py:650} INFO - DAG(s) dict_keys(['example_branch_dop_operator_v3']) retrieved from /home/airflow/.local/lib/python3.7/site-packages/airflow/example_dags/example_branch_python_dop_operator_3.py
[2024-09-18T20:49:53.769+0000] {logging_mixin.py:115} INFO - [2024-09-18T20:49:53.769+0000] {dag.py:2429} INFO - Sync 1 DAGs
[2024-09-18T20:49:53.787+0000] {logging_mixin.py:115} INFO - [2024-09-18T20:49:53.787+0000] {dag.py:2981} INFO - Setting next_dagrun for example_branch_dop_operator_v3 to 2024-09-18T20:48:00+00:00, run_after=2024-09-18T20:49:00+00:00
[2024-09-18T20:49:53.795+0000] {processor.py:161} INFO - Processing /home/airflow/.local/lib/python3.7/site-packages/airflow/example_dags/example_branch_python_dop_operator_3.py took 0.058 seconds
[2024-09-18T20:50:23.949+0000] {processor.py:153} INFO - Started process (PID=3420) to work on /home/airflow/.local/lib/python3.7/site-packages/airflow/example_dags/example_branch_python_dop_operator_3.py
[2024-09-18T20:50:23.951+0000] {processor.py:640} INFO - Processing file /home/airflow/.local/lib/python3.7/site-packages/airflow/example_dags/example_branch_python_dop_operator_3.py for tasks to queue
[2024-09-18T20:50:23.952+0000] {logging_mixin.py:115} INFO - [2024-09-18T20:50:23.952+0000] {dagbag.py:508} INFO - Filling up the DagBag from /home/airflow/.local/lib/python3.7/site-packages/airflow/example_dags/example_branch_python_dop_operator_3.py
[2024-09-18T20:50:23.958+0000] {processor.py:650} INFO - DAG(s) dict_keys(['example_branch_dop_operator_v3']) retrieved from /home/airflow/.local/lib/python3.7/site-packages/airflow/example_dags/example_branch_python_dop_operator_3.py
[2024-09-18T20:50:23.971+0000] {logging_mixin.py:115} INFO - [2024-09-18T20:50:23.970+0000] {dag.py:2429} INFO - Sync 1 DAGs
[2024-09-18T20:50:23.985+0000] {logging_mixin.py:115} INFO - [2024-09-18T20:50:23.985+0000] {dag.py:2981} INFO - Setting next_dagrun for example_branch_dop_operator_v3 to 2024-09-18T20:49:00+00:00, run_after=2024-09-18T20:50:00+00:00
[2024-09-18T20:50:23.990+0000] {processor.py:161} INFO - Processing /home/airflow/.local/lib/python3.7/site-packages/airflow/example_dags/example_branch_python_dop_operator_3.py took 0.042 seconds
[2024-09-18T20:50:54.236+0000] {processor.py:153} INFO - Started process (PID=3616) to work on /home/airflow/.local/lib/python3.7/site-packages/airflow/example_dags/example_branch_python_dop_operator_3.py
[2024-09-18T20:50:54.240+0000] {processor.py:640} INFO - Processing file /home/airflow/.local/lib/python3.7/site-packages/airflow/example_dags/example_branch_python_dop_operator_3.py for tasks to queue
[2024-09-18T20:50:54.241+0000] {logging_mixin.py:115} INFO - [2024-09-18T20:50:54.241+0000] {dagbag.py:508} INFO - Filling up the DagBag from /home/airflow/.local/lib/python3.7/site-packages/airflow/example_dags/example_branch_python_dop_operator_3.py
[2024-09-18T20:50:54.246+0000] {processor.py:650} INFO - DAG(s) dict_keys(['example_branch_dop_operator_v3']) retrieved from /home/airflow/.local/lib/python3.7/site-packages/airflow/example_dags/example_branch_python_dop_operator_3.py
[2024-09-18T20:50:54.256+0000] {logging_mixin.py:115} INFO - [2024-09-18T20:50:54.256+0000] {dag.py:2429} INFO - Sync 1 DAGs
[2024-09-18T20:50:54.272+0000] {logging_mixin.py:115} INFO - [2024-09-18T20:50:54.272+0000] {dag.py:2981} INFO - Setting next_dagrun for example_branch_dop_operator_v3 to 2024-09-18T20:49:00+00:00, run_after=2024-09-18T20:50:00+00:00
[2024-09-18T20:50:54.278+0000] {processor.py:161} INFO - Processing /home/airflow/.local/lib/python3.7/site-packages/airflow/example_dags/example_branch_python_dop_operator_3.py took 0.043 seconds
[2024-09-18T20:51:24.347+0000] {processor.py:153} INFO - Started process (PID=3814) to work on /home/airflow/.local/lib/python3.7/site-packages/airflow/example_dags/example_branch_python_dop_operator_3.py
[2024-09-18T20:51:24.348+0000] {processor.py:640} INFO - Processing file /home/airflow/.local/lib/python3.7/site-packages/airflow/example_dags/example_branch_python_dop_operator_3.py for tasks to queue
[2024-09-18T20:51:24.349+0000] {logging_mixin.py:115} INFO - [2024-09-18T20:51:24.348+0000] {dagbag.py:508} INFO - Filling up the DagBag from /home/airflow/.local/lib/python3.7/site-packages/airflow/example_dags/example_branch_python_dop_operator_3.py
[2024-09-18T20:51:24.353+0000] {processor.py:650} INFO - DAG(s) dict_keys(['example_branch_dop_operator_v3']) retrieved from /home/airflow/.local/lib/python3.7/site-packages/airflow/example_dags/example_branch_python_dop_operator_3.py
[2024-09-18T20:51:24.364+0000] {logging_mixin.py:115} INFO - [2024-09-18T20:51:24.364+0000] {dag.py:2429} INFO - Sync 1 DAGs
[2024-09-18T20:51:24.377+0000] {logging_mixin.py:115} INFO - [2024-09-18T20:51:24.377+0000] {dag.py:2981} INFO - Setting next_dagrun for example_branch_dop_operator_v3 to 2024-09-18T20:50:00+00:00, run_after=2024-09-18T20:51:00+00:00
[2024-09-18T20:51:24.383+0000] {processor.py:161} INFO - Processing /home/airflow/.local/lib/python3.7/site-packages/airflow/example_dags/example_branch_python_dop_operator_3.py took 0.037 seconds
[2024-09-18T20:51:54.548+0000] {processor.py:153} INFO - Started process (PID=4011) to work on /home/airflow/.local/lib/python3.7/site-packages/airflow/example_dags/example_branch_python_dop_operator_3.py
[2024-09-18T20:51:54.549+0000] {processor.py:640} INFO - Processing file /home/airflow/.local/lib/python3.7/site-packages/airflow/example_dags/example_branch_python_dop_operator_3.py for tasks to queue
[2024-09-18T20:51:54.549+0000] {logging_mixin.py:115} INFO - [2024-09-18T20:51:54.549+0000] {dagbag.py:508} INFO - Filling up the DagBag from /home/airflow/.local/lib/python3.7/site-packages/airflow/example_dags/example_branch_python_dop_operator_3.py
[2024-09-18T20:51:54.553+0000] {processor.py:650} INFO - DAG(s) dict_keys(['example_branch_dop_operator_v3']) retrieved from /home/airflow/.local/lib/python3.7/site-packages/airflow/example_dags/example_branch_python_dop_operator_3.py
[2024-09-18T20:51:54.564+0000] {logging_mixin.py:115} INFO - [2024-09-18T20:51:54.564+0000] {dag.py:2429} INFO - Sync 1 DAGs
[2024-09-18T20:51:54.578+0000] {logging_mixin.py:115} INFO - [2024-09-18T20:51:54.578+0000] {dag.py:2981} INFO - Setting next_dagrun for example_branch_dop_operator_v3 to 2024-09-18T20:50:00+00:00, run_after=2024-09-18T20:51:00+00:00
[2024-09-18T20:51:54.584+0000] {processor.py:161} INFO - Processing /home/airflow/.local/lib/python3.7/site-packages/airflow/example_dags/example_branch_python_dop_operator_3.py took 0.038 seconds
[2024-09-18T20:52:24.661+0000] {processor.py:153} INFO - Started process (PID=4206) to work on /home/airflow/.local/lib/python3.7/site-packages/airflow/example_dags/example_branch_python_dop_operator_3.py
[2024-09-18T20:52:24.661+0000] {processor.py:640} INFO - Processing file /home/airflow/.local/lib/python3.7/site-packages/airflow/example_dags/example_branch_python_dop_operator_3.py for tasks to queue
[2024-09-18T20:52:24.661+0000] {logging_mixin.py:115} INFO - [2024-09-18T20:52:24.661+0000] {dagbag.py:508} INFO - Filling up the DagBag from /home/airflow/.local/lib/python3.7/site-packages/airflow/example_dags/example_branch_python_dop_operator_3.py
[2024-09-18T20:52:24.665+0000] {processor.py:650} INFO - DAG(s) dict_keys(['example_branch_dop_operator_v3']) retrieved from /home/airflow/.local/lib/python3.7/site-packages/airflow/example_dags/example_branch_python_dop_operator_3.py
[2024-09-18T20:52:24.676+0000] {logging_mixin.py:115} INFO - [2024-09-18T20:52:24.676+0000] {dag.py:2429} INFO - Sync 1 DAGs
[2024-09-18T20:52:24.688+0000] {logging_mixin.py:115} INFO - [2024-09-18T20:52:24.688+0000] {dag.py:2981} INFO - Setting next_dagrun for example_branch_dop_operator_v3 to 2024-09-18T20:51:00+00:00, run_after=2024-09-18T20:52:00+00:00
[2024-09-18T20:52:24.693+0000] {processor.py:161} INFO - Processing /home/airflow/.local/lib/python3.7/site-packages/airflow/example_dags/example_branch_python_dop_operator_3.py took 0.033 seconds
[2024-09-18T20:52:54.823+0000] {processor.py:153} INFO - Started process (PID=4403) to work on /home/airflow/.local/lib/python3.7/site-packages/airflow/example_dags/example_branch_python_dop_operator_3.py
[2024-09-18T20:52:54.824+0000] {processor.py:640} INFO - Processing file /home/airflow/.local/lib/python3.7/site-packages/airflow/example_dags/example_branch_python_dop_operator_3.py for tasks to queue
[2024-09-18T20:52:54.825+0000] {logging_mixin.py:115} INFO - [2024-09-18T20:52:54.825+0000] {dagbag.py:508} INFO - Filling up the DagBag from /home/airflow/.local/lib/python3.7/site-packages/airflow/example_dags/example_branch_python_dop_operator_3.py
[2024-09-18T20:52:54.830+0000] {processor.py:650} INFO - DAG(s) dict_keys(['example_branch_dop_operator_v3']) retrieved from /home/airflow/.local/lib/python3.7/site-packages/airflow/example_dags/example_branch_python_dop_operator_3.py
[2024-09-18T20:52:54.844+0000] {logging_mixin.py:115} INFO - [2024-09-18T20:52:54.844+0000] {dag.py:2429} INFO - Sync 1 DAGs
[2024-09-18T20:52:54.862+0000] {logging_mixin.py:115} INFO - [2024-09-18T20:52:54.862+0000] {dag.py:2981} INFO - Setting next_dagrun for example_branch_dop_operator_v3 to 2024-09-18T20:51:00+00:00, run_after=2024-09-18T20:52:00+00:00
[2024-09-18T20:52:54.868+0000] {processor.py:161} INFO - Processing /home/airflow/.local/lib/python3.7/site-packages/airflow/example_dags/example_branch_python_dop_operator_3.py took 0.050 seconds
[2024-09-18T20:53:24.921+0000] {processor.py:153} INFO - Started process (PID=4591) to work on /home/airflow/.local/lib/python3.7/site-packages/airflow/example_dags/example_branch_python_dop_operator_3.py
[2024-09-18T20:53:24.922+0000] {processor.py:640} INFO - Processing file /home/airflow/.local/lib/python3.7/site-packages/airflow/example_dags/example_branch_python_dop_operator_3.py for tasks to queue
[2024-09-18T20:53:24.922+0000] {logging_mixin.py:115} INFO - [2024-09-18T20:53:24.922+0000] {dagbag.py:508} INFO - Filling up the DagBag from /home/airflow/.local/lib/python3.7/site-packages/airflow/example_dags/example_branch_python_dop_operator_3.py
[2024-09-18T20:53:24.926+0000] {processor.py:650} INFO - DAG(s) dict_keys(['example_branch_dop_operator_v3']) retrieved from /home/airflow/.local/lib/python3.7/site-packages/airflow/example_dags/example_branch_python_dop_operator_3.py
[2024-09-18T20:53:24.937+0000] {logging_mixin.py:115} INFO - [2024-09-18T20:53:24.937+0000] {dag.py:2429} INFO - Sync 1 DAGs
[2024-09-18T20:53:24.949+0000] {logging_mixin.py:115} INFO - [2024-09-18T20:53:24.949+0000] {dag.py:2981} INFO - Setting next_dagrun for example_branch_dop_operator_v3 to 2024-09-18T20:52:00+00:00, run_after=2024-09-18T20:53:00+00:00
[2024-09-18T20:53:24.957+0000] {processor.py:161} INFO - Processing /home/airflow/.local/lib/python3.7/site-packages/airflow/example_dags/example_branch_python_dop_operator_3.py took 0.037 seconds
[2024-09-18T20:53:55.052+0000] {processor.py:153} INFO - Started process (PID=4788) to work on /home/airflow/.local/lib/python3.7/site-packages/airflow/example_dags/example_branch_python_dop_operator_3.py
[2024-09-18T20:53:55.053+0000] {processor.py:640} INFO - Processing file /home/airflow/.local/lib/python3.7/site-packages/airflow/example_dags/example_branch_python_dop_operator_3.py for tasks to queue
[2024-09-18T20:53:55.053+0000] {logging_mixin.py:115} INFO - [2024-09-18T20:53:55.053+0000] {dagbag.py:508} INFO - Filling up the DagBag from /home/airflow/.local/lib/python3.7/site-packages/airflow/example_dags/example_branch_python_dop_operator_3.py
[2024-09-18T20:53:55.057+0000] {processor.py:650} INFO - DAG(s) dict_keys(['example_branch_dop_operator_v3']) retrieved from /home/airflow/.local/lib/python3.7/site-packages/airflow/example_dags/example_branch_python_dop_operator_3.py
[2024-09-18T20:53:55.067+0000] {logging_mixin.py:115} INFO - [2024-09-18T20:53:55.067+0000] {dag.py:2429} INFO - Sync 1 DAGs
[2024-09-18T20:53:55.079+0000] {logging_mixin.py:115} INFO - [2024-09-18T20:53:55.079+0000] {dag.py:2981} INFO - Setting next_dagrun for example_branch_dop_operator_v3 to 2024-09-18T20:52:00+00:00, run_after=2024-09-18T20:53:00+00:00
[2024-09-18T20:53:55.083+0000] {processor.py:161} INFO - Processing /home/airflow/.local/lib/python3.7/site-packages/airflow/example_dags/example_branch_python_dop_operator_3.py took 0.032 seconds
[2024-09-18T20:54:25.159+0000] {processor.py:153} INFO - Started process (PID=4984) to work on /home/airflow/.local/lib/python3.7/site-packages/airflow/example_dags/example_branch_python_dop_operator_3.py
[2024-09-18T20:54:25.163+0000] {processor.py:640} INFO - Processing file /home/airflow/.local/lib/python3.7/site-packages/airflow/example_dags/example_branch_python_dop_operator_3.py for tasks to queue
[2024-09-18T20:54:25.163+0000] {logging_mixin.py:115} INFO - [2024-09-18T20:54:25.163+0000] {dagbag.py:508} INFO - Filling up the DagBag from /home/airflow/.local/lib/python3.7/site-packages/airflow/example_dags/example_branch_python_dop_operator_3.py
[2024-09-18T20:54:25.167+0000] {processor.py:650} INFO - DAG(s) dict_keys(['example_branch_dop_operator_v3']) retrieved from /home/airflow/.local/lib/python3.7/site-packages/airflow/example_dags/example_branch_python_dop_operator_3.py
[2024-09-18T20:54:25.178+0000] {logging_mixin.py:115} INFO - [2024-09-18T20:54:25.178+0000] {dag.py:2429} INFO - Sync 1 DAGs
[2024-09-18T20:54:25.191+0000] {logging_mixin.py:115} INFO - [2024-09-18T20:54:25.190+0000] {dag.py:2981} INFO - Setting next_dagrun for example_branch_dop_operator_v3 to 2024-09-18T20:53:00+00:00, run_after=2024-09-18T20:54:00+00:00
[2024-09-18T20:54:25.195+0000] {processor.py:161} INFO - Processing /home/airflow/.local/lib/python3.7/site-packages/airflow/example_dags/example_branch_python_dop_operator_3.py took 0.037 seconds
[2024-09-18T20:54:55.507+0000] {processor.py:153} INFO - Started process (PID=5181) to work on /home/airflow/.local/lib/python3.7/site-packages/airflow/example_dags/example_branch_python_dop_operator_3.py
[2024-09-18T20:54:55.507+0000] {processor.py:640} INFO - Processing file /home/airflow/.local/lib/python3.7/site-packages/airflow/example_dags/example_branch_python_dop_operator_3.py for tasks to queue
[2024-09-18T20:54:55.507+0000] {logging_mixin.py:115} INFO - [2024-09-18T20:54:55.507+0000] {dagbag.py:508} INFO - Filling up the DagBag from /home/airflow/.local/lib/python3.7/site-packages/airflow/example_dags/example_branch_python_dop_operator_3.py
[2024-09-18T20:54:55.514+0000] {processor.py:650} INFO - DAG(s) dict_keys(['example_branch_dop_operator_v3']) retrieved from /home/airflow/.local/lib/python3.7/site-packages/airflow/example_dags/example_branch_python_dop_operator_3.py
[2024-09-18T20:54:55.527+0000] {logging_mixin.py:115} INFO - [2024-09-18T20:54:55.526+0000] {dag.py:2429} INFO - Sync 1 DAGs
[2024-09-18T20:54:55.544+0000] {logging_mixin.py:115} INFO - [2024-09-18T20:54:55.544+0000] {dag.py:2981} INFO - Setting next_dagrun for example_branch_dop_operator_v3 to 2024-09-18T20:53:00+00:00, run_after=2024-09-18T20:54:00+00:00
[2024-09-18T20:54:55.551+0000] {processor.py:161} INFO - Processing /home/airflow/.local/lib/python3.7/site-packages/airflow/example_dags/example_branch_python_dop_operator_3.py took 0.046 seconds
[2024-09-18T20:55:25.636+0000] {processor.py:153} INFO - Started process (PID=5377) to work on /home/airflow/.local/lib/python3.7/site-packages/airflow/example_dags/example_branch_python_dop_operator_3.py
[2024-09-18T20:55:25.637+0000] {processor.py:640} INFO - Processing file /home/airflow/.local/lib/python3.7/site-packages/airflow/example_dags/example_branch_python_dop_operator_3.py for tasks to queue
[2024-09-18T20:55:25.637+0000] {logging_mixin.py:115} INFO - [2024-09-18T20:55:25.637+0000] {dagbag.py:508} INFO - Filling up the DagBag from /home/airflow/.local/lib/python3.7/site-packages/airflow/example_dags/example_branch_python_dop_operator_3.py
[2024-09-18T20:55:25.641+0000] {processor.py:650} INFO - DAG(s) dict_keys(['example_branch_dop_operator_v3']) retrieved from /home/airflow/.local/lib/python3.7/site-packages/airflow/example_dags/example_branch_python_dop_operator_3.py
[2024-09-18T20:55:25.651+0000] {logging_mixin.py:115} INFO - [2024-09-18T20:55:25.651+0000] {dag.py:2429} INFO - Sync 1 DAGs
[2024-09-18T20:55:25.663+0000] {logging_mixin.py:115} INFO - [2024-09-18T20:55:25.663+0000] {dag.py:2981} INFO - Setting next_dagrun for example_branch_dop_operator_v3 to 2024-09-18T20:54:00+00:00, run_after=2024-09-18T20:55:00+00:00
[2024-09-18T20:55:25.670+0000] {processor.py:161} INFO - Processing /home/airflow/.local/lib/python3.7/site-packages/airflow/example_dags/example_branch_python_dop_operator_3.py took 0.035 seconds
[2024-09-18T20:55:55.784+0000] {processor.py:153} INFO - Started process (PID=5574) to work on /home/airflow/.local/lib/python3.7/site-packages/airflow/example_dags/example_branch_python_dop_operator_3.py
[2024-09-18T20:55:55.785+0000] {processor.py:640} INFO - Processing file /home/airflow/.local/lib/python3.7/site-packages/airflow/example_dags/example_branch_python_dop_operator_3.py for tasks to queue
[2024-09-18T20:55:55.785+0000] {logging_mixin.py:115} INFO - [2024-09-18T20:55:55.785+0000] {dagbag.py:508} INFO - Filling up the DagBag from /home/airflow/.local/lib/python3.7/site-packages/airflow/example_dags/example_branch_python_dop_operator_3.py
[2024-09-18T20:55:55.791+0000] {processor.py:650} INFO - DAG(s) dict_keys(['example_branch_dop_operator_v3']) retrieved from /home/airflow/.local/lib/python3.7/site-packages/airflow/example_dags/example_branch_python_dop_operator_3.py
[2024-09-18T20:55:55.810+0000] {logging_mixin.py:115} INFO - [2024-09-18T20:55:55.810+0000] {dag.py:2429} INFO - Sync 1 DAGs
[2024-09-18T20:55:55.826+0000] {logging_mixin.py:115} INFO - [2024-09-18T20:55:55.826+0000] {dag.py:2981} INFO - Setting next_dagrun for example_branch_dop_operator_v3 to 2024-09-18T20:54:00+00:00, run_after=2024-09-18T20:55:00+00:00
[2024-09-18T20:55:55.833+0000] {processor.py:161} INFO - Processing /home/airflow/.local/lib/python3.7/site-packages/airflow/example_dags/example_branch_python_dop_operator_3.py took 0.051 seconds
[2024-09-18T20:56:25.916+0000] {processor.py:153} INFO - Started process (PID=5762) to work on /home/airflow/.local/lib/python3.7/site-packages/airflow/example_dags/example_branch_python_dop_operator_3.py
[2024-09-18T20:56:25.916+0000] {processor.py:640} INFO - Processing file /home/airflow/.local/lib/python3.7/site-packages/airflow/example_dags/example_branch_python_dop_operator_3.py for tasks to queue
[2024-09-18T20:56:25.917+0000] {logging_mixin.py:115} INFO - [2024-09-18T20:56:25.917+0000] {dagbag.py:508} INFO - Filling up the DagBag from /home/airflow/.local/lib/python3.7/site-packages/airflow/example_dags/example_branch_python_dop_operator_3.py
[2024-09-18T20:56:25.921+0000] {processor.py:650} INFO - DAG(s) dict_keys(['example_branch_dop_operator_v3']) retrieved from /home/airflow/.local/lib/python3.7/site-packages/airflow/example_dags/example_branch_python_dop_operator_3.py
[2024-09-18T20:56:25.931+0000] {logging_mixin.py:115} INFO - [2024-09-18T20:56:25.931+0000] {dag.py:2429} INFO - Sync 1 DAGs
[2024-09-18T20:56:25.944+0000] {logging_mixin.py:115} INFO - [2024-09-18T20:56:25.944+0000] {dag.py:2981} INFO - Setting next_dagrun for example_branch_dop_operator_v3 to 2024-09-18T20:55:00+00:00, run_after=2024-09-18T20:56:00+00:00
[2024-09-18T20:56:25.948+0000] {processor.py:161} INFO - Processing /home/airflow/.local/lib/python3.7/site-packages/airflow/example_dags/example_branch_python_dop_operator_3.py took 0.033 seconds
[2024-09-18T20:56:56.025+0000] {processor.py:153} INFO - Started process (PID=5959) to work on /home/airflow/.local/lib/python3.7/site-packages/airflow/example_dags/example_branch_python_dop_operator_3.py
[2024-09-18T20:56:56.025+0000] {processor.py:640} INFO - Processing file /home/airflow/.local/lib/python3.7/site-packages/airflow/example_dags/example_branch_python_dop_operator_3.py for tasks to queue
[2024-09-18T20:56:56.025+0000] {logging_mixin.py:115} INFO - [2024-09-18T20:56:56.025+0000] {dagbag.py:508} INFO - Filling up the DagBag from /home/airflow/.local/lib/python3.7/site-packages/airflow/example_dags/example_branch_python_dop_operator_3.py
[2024-09-18T20:56:56.030+0000] {processor.py:650} INFO - DAG(s) dict_keys(['example_branch_dop_operator_v3']) retrieved from /home/airflow/.local/lib/python3.7/site-packages/airflow/example_dags/example_branch_python_dop_operator_3.py
[2024-09-18T20:56:56.040+0000] {logging_mixin.py:115} INFO - [2024-09-18T20:56:56.040+0000] {dag.py:2429} INFO - Sync 1 DAGs
[2024-09-18T20:56:56.053+0000] {logging_mixin.py:115} INFO - [2024-09-18T20:56:56.053+0000] {dag.py:2981} INFO - Setting next_dagrun for example_branch_dop_operator_v3 to 2024-09-18T20:55:00+00:00, run_after=2024-09-18T20:56:00+00:00
[2024-09-18T20:56:56.057+0000] {processor.py:161} INFO - Processing /home/airflow/.local/lib/python3.7/site-packages/airflow/example_dags/example_branch_python_dop_operator_3.py took 0.034 seconds
[2024-09-18T20:57:26.095+0000] {processor.py:153} INFO - Started process (PID=6156) to work on /home/airflow/.local/lib/python3.7/site-packages/airflow/example_dags/example_branch_python_dop_operator_3.py
[2024-09-18T20:57:26.097+0000] {processor.py:640} INFO - Processing file /home/airflow/.local/lib/python3.7/site-packages/airflow/example_dags/example_branch_python_dop_operator_3.py for tasks to queue
[2024-09-18T20:57:26.097+0000] {logging_mixin.py:115} INFO - [2024-09-18T20:57:26.097+0000] {dagbag.py:508} INFO - Filling up the DagBag from /home/airflow/.local/lib/python3.7/site-packages/airflow/example_dags/example_branch_python_dop_operator_3.py
[2024-09-18T20:57:26.101+0000] {processor.py:650} INFO - DAG(s) dict_keys(['example_branch_dop_operator_v3']) retrieved from /home/airflow/.local/lib/python3.7/site-packages/airflow/example_dags/example_branch_python_dop_operator_3.py
[2024-09-18T20:57:26.111+0000] {logging_mixin.py:115} INFO - [2024-09-18T20:57:26.111+0000] {dag.py:2429} INFO - Sync 1 DAGs
[2024-09-18T20:57:26.123+0000] {logging_mixin.py:115} INFO - [2024-09-18T20:57:26.123+0000] {dag.py:2981} INFO - Setting next_dagrun for example_branch_dop_operator_v3 to 2024-09-18T20:56:00+00:00, run_after=2024-09-18T20:57:00+00:00
[2024-09-18T20:57:26.129+0000] {processor.py:161} INFO - Processing /home/airflow/.local/lib/python3.7/site-packages/airflow/example_dags/example_branch_python_dop_operator_3.py took 0.036 seconds
[2024-09-18T20:57:56.298+0000] {processor.py:153} INFO - Started process (PID=6353) to work on /home/airflow/.local/lib/python3.7/site-packages/airflow/example_dags/example_branch_python_dop_operator_3.py
[2024-09-18T20:57:56.298+0000] {processor.py:640} INFO - Processing file /home/airflow/.local/lib/python3.7/site-packages/airflow/example_dags/example_branch_python_dop_operator_3.py for tasks to queue
[2024-09-18T20:57:56.299+0000] {logging_mixin.py:115} INFO - [2024-09-18T20:57:56.299+0000] {dagbag.py:508} INFO - Filling up the DagBag from /home/airflow/.local/lib/python3.7/site-packages/airflow/example_dags/example_branch_python_dop_operator_3.py
[2024-09-18T20:57:56.304+0000] {processor.py:650} INFO - DAG(s) dict_keys(['example_branch_dop_operator_v3']) retrieved from /home/airflow/.local/lib/python3.7/site-packages/airflow/example_dags/example_branch_python_dop_operator_3.py
[2024-09-18T20:57:56.315+0000] {logging_mixin.py:115} INFO - [2024-09-18T20:57:56.315+0000] {dag.py:2429} INFO - Sync 1 DAGs
[2024-09-18T20:57:56.328+0000] {logging_mixin.py:115} INFO - [2024-09-18T20:57:56.328+0000] {dag.py:2981} INFO - Setting next_dagrun for example_branch_dop_operator_v3 to 2024-09-18T20:56:00+00:00, run_after=2024-09-18T20:57:00+00:00
[2024-09-18T20:57:56.334+0000] {processor.py:161} INFO - Processing /home/airflow/.local/lib/python3.7/site-packages/airflow/example_dags/example_branch_python_dop_operator_3.py took 0.038 seconds
[2024-09-18T20:58:26.514+0000] {processor.py:153} INFO - Started process (PID=6549) to work on /home/airflow/.local/lib/python3.7/site-packages/airflow/example_dags/example_branch_python_dop_operator_3.py
[2024-09-18T20:58:26.515+0000] {processor.py:640} INFO - Processing file /home/airflow/.local/lib/python3.7/site-packages/airflow/example_dags/example_branch_python_dop_operator_3.py for tasks to queue
[2024-09-18T20:58:26.515+0000] {logging_mixin.py:115} INFO - [2024-09-18T20:58:26.515+0000] {dagbag.py:508} INFO - Filling up the DagBag from /home/airflow/.local/lib/python3.7/site-packages/airflow/example_dags/example_branch_python_dop_operator_3.py
[2024-09-18T20:58:26.520+0000] {processor.py:650} INFO - DAG(s) dict_keys(['example_branch_dop_operator_v3']) retrieved from /home/airflow/.local/lib/python3.7/site-packages/airflow/example_dags/example_branch_python_dop_operator_3.py
[2024-09-18T20:58:26.532+0000] {logging_mixin.py:115} INFO - [2024-09-18T20:58:26.532+0000] {dag.py:2429} INFO - Sync 1 DAGs
[2024-09-18T20:58:26.544+0000] {logging_mixin.py:115} INFO - [2024-09-18T20:58:26.544+0000] {dag.py:2981} INFO - Setting next_dagrun for example_branch_dop_operator_v3 to 2024-09-18T20:57:00+00:00, run_after=2024-09-18T20:58:00+00:00
[2024-09-18T20:58:26.548+0000] {processor.py:161} INFO - Processing /home/airflow/.local/lib/python3.7/site-packages/airflow/example_dags/example_branch_python_dop_operator_3.py took 0.035 seconds
[2024-09-18T20:58:56.724+0000] {processor.py:153} INFO - Started process (PID=6746) to work on /home/airflow/.local/lib/python3.7/site-packages/airflow/example_dags/example_branch_python_dop_operator_3.py
[2024-09-18T20:58:56.728+0000] {processor.py:640} INFO - Processing file /home/airflow/.local/lib/python3.7/site-packages/airflow/example_dags/example_branch_python_dop_operator_3.py for tasks to queue
[2024-09-18T20:58:56.729+0000] {logging_mixin.py:115} INFO - [2024-09-18T20:58:56.729+0000] {dagbag.py:508} INFO - Filling up the DagBag from /home/airflow/.local/lib/python3.7/site-packages/airflow/example_dags/example_branch_python_dop_operator_3.py
[2024-09-18T20:58:56.735+0000] {processor.py:650} INFO - DAG(s) dict_keys(['example_branch_dop_operator_v3']) retrieved from /home/airflow/.local/lib/python3.7/site-packages/airflow/example_dags/example_branch_python_dop_operator_3.py
[2024-09-18T20:58:56.750+0000] {logging_mixin.py:115} INFO - [2024-09-18T20:58:56.750+0000] {dag.py:2429} INFO - Sync 1 DAGs
[2024-09-18T20:58:56.763+0000] {logging_mixin.py:115} INFO - [2024-09-18T20:58:56.763+0000] {dag.py:2981} INFO - Setting next_dagrun for example_branch_dop_operator_v3 to 2024-09-18T20:57:00+00:00, run_after=2024-09-18T20:58:00+00:00
[2024-09-18T20:58:56.769+0000] {processor.py:161} INFO - Processing /home/airflow/.local/lib/python3.7/site-packages/airflow/example_dags/example_branch_python_dop_operator_3.py took 0.047 seconds
[2024-09-18T20:59:26.993+0000] {processor.py:153} INFO - Started process (PID=6934) to work on /home/airflow/.local/lib/python3.7/site-packages/airflow/example_dags/example_branch_python_dop_operator_3.py
[2024-09-18T20:59:26.994+0000] {processor.py:640} INFO - Processing file /home/airflow/.local/lib/python3.7/site-packages/airflow/example_dags/example_branch_python_dop_operator_3.py for tasks to queue
[2024-09-18T20:59:26.995+0000] {logging_mixin.py:115} INFO - [2024-09-18T20:59:26.995+0000] {dagbag.py:508} INFO - Filling up the DagBag from /home/airflow/.local/lib/python3.7/site-packages/airflow/example_dags/example_branch_python_dop_operator_3.py
[2024-09-18T20:59:26.999+0000] {processor.py:650} INFO - DAG(s) dict_keys(['example_branch_dop_operator_v3']) retrieved from /home/airflow/.local/lib/python3.7/site-packages/airflow/example_dags/example_branch_python_dop_operator_3.py
[2024-09-18T20:59:27.010+0000] {logging_mixin.py:115} INFO - [2024-09-18T20:59:27.010+0000] {dag.py:2429} INFO - Sync 1 DAGs
[2024-09-18T20:59:27.023+0000] {logging_mixin.py:115} INFO - [2024-09-18T20:59:27.023+0000] {dag.py:2981} INFO - Setting next_dagrun for example_branch_dop_operator_v3 to 2024-09-18T20:58:00+00:00, run_after=2024-09-18T20:59:00+00:00
[2024-09-18T20:59:27.028+0000] {processor.py:161} INFO - Processing /home/airflow/.local/lib/python3.7/site-packages/airflow/example_dags/example_branch_python_dop_operator_3.py took 0.036 seconds
[2024-09-18T20:59:57.214+0000] {processor.py:153} INFO - Started process (PID=7131) to work on /home/airflow/.local/lib/python3.7/site-packages/airflow/example_dags/example_branch_python_dop_operator_3.py
[2024-09-18T20:59:57.217+0000] {processor.py:640} INFO - Processing file /home/airflow/.local/lib/python3.7/site-packages/airflow/example_dags/example_branch_python_dop_operator_3.py for tasks to queue
[2024-09-18T20:59:57.217+0000] {logging_mixin.py:115} INFO - [2024-09-18T20:59:57.217+0000] {dagbag.py:508} INFO - Filling up the DagBag from /home/airflow/.local/lib/python3.7/site-packages/airflow/example_dags/example_branch_python_dop_operator_3.py
[2024-09-18T20:59:57.221+0000] {processor.py:650} INFO - DAG(s) dict_keys(['example_branch_dop_operator_v3']) retrieved from /home/airflow/.local/lib/python3.7/site-packages/airflow/example_dags/example_branch_python_dop_operator_3.py
[2024-09-18T20:59:57.232+0000] {logging_mixin.py:115} INFO - [2024-09-18T20:59:57.232+0000] {dag.py:2429} INFO - Sync 1 DAGs
[2024-09-18T20:59:57.246+0000] {logging_mixin.py:115} INFO - [2024-09-18T20:59:57.246+0000] {dag.py:2981} INFO - Setting next_dagrun for example_branch_dop_operator_v3 to 2024-09-18T20:58:00+00:00, run_after=2024-09-18T20:59:00+00:00
[2024-09-18T20:59:57.252+0000] {processor.py:161} INFO - Processing /home/airflow/.local/lib/python3.7/site-packages/airflow/example_dags/example_branch_python_dop_operator_3.py took 0.040 seconds
[2024-09-18T21:00:27.455+0000] {processor.py:153} INFO - Started process (PID=7328) to work on /home/airflow/.local/lib/python3.7/site-packages/airflow/example_dags/example_branch_python_dop_operator_3.py
[2024-09-18T21:00:27.456+0000] {processor.py:640} INFO - Processing file /home/airflow/.local/lib/python3.7/site-packages/airflow/example_dags/example_branch_python_dop_operator_3.py for tasks to queue
[2024-09-18T21:00:27.456+0000] {logging_mixin.py:115} INFO - [2024-09-18T21:00:27.456+0000] {dagbag.py:508} INFO - Filling up the DagBag from /home/airflow/.local/lib/python3.7/site-packages/airflow/example_dags/example_branch_python_dop_operator_3.py
[2024-09-18T21:00:27.465+0000] {processor.py:650} INFO - DAG(s) dict_keys(['example_branch_dop_operator_v3']) retrieved from /home/airflow/.local/lib/python3.7/site-packages/airflow/example_dags/example_branch_python_dop_operator_3.py
[2024-09-18T21:00:27.479+0000] {logging_mixin.py:115} INFO - [2024-09-18T21:00:27.479+0000] {dag.py:2429} INFO - Sync 1 DAGs
[2024-09-18T21:00:27.496+0000] {logging_mixin.py:115} INFO - [2024-09-18T21:00:27.496+0000] {dag.py:2981} INFO - Setting next_dagrun for example_branch_dop_operator_v3 to 2024-09-18T20:59:00+00:00, run_after=2024-09-18T21:00:00+00:00
[2024-09-18T21:00:27.502+0000] {processor.py:161} INFO - Processing /home/airflow/.local/lib/python3.7/site-packages/airflow/example_dags/example_branch_python_dop_operator_3.py took 0.049 seconds
