[2024-09-18T20:42:20.382+0000] {processor.py:153} INFO - Started process (PID=293) to work on /home/airflow/.local/lib/python3.7/site-packages/airflow/example_dags/example_subdag_operator.py
[2024-09-18T20:42:20.382+0000] {processor.py:640} INFO - Processing file /home/airflow/.local/lib/python3.7/site-packages/airflow/example_dags/example_subdag_operator.py for tasks to queue
[2024-09-18T20:42:20.382+0000] {logging_mixin.py:115} INFO - [2024-09-18T20:42:20.382+0000] {dagbag.py:508} INFO - Filling up the DagBag from /home/airflow/.local/lib/python3.7/site-packages/airflow/example_dags/example_subdag_operator.py
[2024-09-18T20:42:20.396+0000] {processor.py:650} INFO - DAG(s) dict_keys(['example_subdag_operator.section-1', 'example_subdag_operator.section-2', 'example_subdag_operator']) retrieved from /home/airflow/.local/lib/python3.7/site-packages/airflow/example_dags/example_subdag_operator.py
[2024-09-18T20:42:20.506+0000] {logging_mixin.py:115} INFO - [2024-09-18T20:42:20.506+0000] {manager.py:508} INFO - Created Permission View: can edit on DAG:example_subdag_operator
[2024-09-18T20:42:20.513+0000] {logging_mixin.py:115} INFO - [2024-09-18T20:42:20.513+0000] {manager.py:508} INFO - Created Permission View: can read on DAG:example_subdag_operator
[2024-09-18T20:42:20.517+0000] {logging_mixin.py:115} INFO - [2024-09-18T20:42:20.517+0000] {manager.py:508} INFO - Created Permission View: can delete on DAG:example_subdag_operator
[2024-09-18T20:42:20.517+0000] {logging_mixin.py:115} INFO - [2024-09-18T20:42:20.517+0000] {dag.py:2429} INFO - Sync 3 DAGs
[2024-09-18T20:42:20.522+0000] {logging_mixin.py:115} INFO - [2024-09-18T20:42:20.521+0000] {dag.py:2448} INFO - Creating ORM DAG for example_subdag_operator.section-1
[2024-09-18T20:42:20.522+0000] {logging_mixin.py:115} INFO - [2024-09-18T20:42:20.522+0000] {dag.py:2448} INFO - Creating ORM DAG for example_subdag_operator.section-2
[2024-09-18T20:42:20.522+0000] {logging_mixin.py:115} INFO - [2024-09-18T20:42:20.522+0000] {dag.py:2448} INFO - Creating ORM DAG for example_subdag_operator
[2024-09-18T20:42:20.529+0000] {logging_mixin.py:115} INFO - [2024-09-18T20:42:20.529+0000] {dag.py:2981} INFO - Setting next_dagrun for example_subdag_operator to 2022-01-01T00:00:00+00:00, run_after=2022-01-01T00:00:00+00:00
[2024-09-18T20:42:20.529+0000] {logging_mixin.py:115} INFO - [2024-09-18T20:42:20.529+0000] {dag.py:2981} INFO - Setting next_dagrun for example_subdag_operator.section-1 to None, run_after=None
[2024-09-18T20:42:20.529+0000] {logging_mixin.py:115} INFO - [2024-09-18T20:42:20.529+0000] {dag.py:2981} INFO - Setting next_dagrun for example_subdag_operator.section-2 to None, run_after=None
[2024-09-18T20:42:20.534+0000] {logging_mixin.py:115} INFO - [2024-09-18T20:42:20.534+0000] {dag.py:2429} INFO - Sync 2 DAGs
[2024-09-18T20:42:20.537+0000] {logging_mixin.py:115} INFO - [2024-09-18T20:42:20.537+0000] {dag.py:2981} INFO - Setting next_dagrun for example_subdag_operator.section-1 to None, run_after=None
[2024-09-18T20:42:20.538+0000] {logging_mixin.py:115} INFO - [2024-09-18T20:42:20.538+0000] {dag.py:2981} INFO - Setting next_dagrun for example_subdag_operator.section-2 to None, run_after=None
[2024-09-18T20:42:20.543+0000] {processor.py:161} INFO - Processing /home/airflow/.local/lib/python3.7/site-packages/airflow/example_dags/example_subdag_operator.py took 0.162 seconds
[2024-09-18T20:42:50.788+0000] {processor.py:153} INFO - Started process (PID=489) to work on /home/airflow/.local/lib/python3.7/site-packages/airflow/example_dags/example_subdag_operator.py
[2024-09-18T20:42:50.789+0000] {processor.py:640} INFO - Processing file /home/airflow/.local/lib/python3.7/site-packages/airflow/example_dags/example_subdag_operator.py for tasks to queue
[2024-09-18T20:42:50.789+0000] {logging_mixin.py:115} INFO - [2024-09-18T20:42:50.789+0000] {dagbag.py:508} INFO - Filling up the DagBag from /home/airflow/.local/lib/python3.7/site-packages/airflow/example_dags/example_subdag_operator.py
[2024-09-18T20:42:50.800+0000] {processor.py:650} INFO - DAG(s) dict_keys(['example_subdag_operator.section-1', 'example_subdag_operator.section-2', 'example_subdag_operator']) retrieved from /home/airflow/.local/lib/python3.7/site-packages/airflow/example_dags/example_subdag_operator.py
[2024-09-18T20:42:50.871+0000] {logging_mixin.py:115} INFO - [2024-09-18T20:42:50.871+0000] {dag.py:2429} INFO - Sync 3 DAGs
[2024-09-18T20:42:50.880+0000] {logging_mixin.py:115} INFO - [2024-09-18T20:42:50.880+0000] {dag.py:2981} INFO - Setting next_dagrun for example_subdag_operator to 2022-01-01T00:00:00+00:00, run_after=2022-01-01T00:00:00+00:00
[2024-09-18T20:42:50.880+0000] {logging_mixin.py:115} INFO - [2024-09-18T20:42:50.880+0000] {dag.py:2981} INFO - Setting next_dagrun for example_subdag_operator.section-1 to None, run_after=None
[2024-09-18T20:42:50.880+0000] {logging_mixin.py:115} INFO - [2024-09-18T20:42:50.880+0000] {dag.py:2981} INFO - Setting next_dagrun for example_subdag_operator.section-2 to None, run_after=None
[2024-09-18T20:42:50.884+0000] {logging_mixin.py:115} INFO - [2024-09-18T20:42:50.884+0000] {dag.py:2429} INFO - Sync 2 DAGs
[2024-09-18T20:42:50.890+0000] {logging_mixin.py:115} INFO - [2024-09-18T20:42:50.890+0000] {dag.py:2981} INFO - Setting next_dagrun for example_subdag_operator.section-1 to None, run_after=None
[2024-09-18T20:42:50.890+0000] {logging_mixin.py:115} INFO - [2024-09-18T20:42:50.890+0000] {dag.py:2981} INFO - Setting next_dagrun for example_subdag_operator.section-2 to None, run_after=None
[2024-09-18T20:42:50.895+0000] {processor.py:161} INFO - Processing /home/airflow/.local/lib/python3.7/site-packages/airflow/example_dags/example_subdag_operator.py took 0.108 seconds
[2024-09-18T20:43:20.970+0000] {processor.py:153} INFO - Started process (PID=686) to work on /home/airflow/.local/lib/python3.7/site-packages/airflow/example_dags/example_subdag_operator.py
[2024-09-18T20:43:20.970+0000] {processor.py:640} INFO - Processing file /home/airflow/.local/lib/python3.7/site-packages/airflow/example_dags/example_subdag_operator.py for tasks to queue
[2024-09-18T20:43:20.971+0000] {logging_mixin.py:115} INFO - [2024-09-18T20:43:20.970+0000] {dagbag.py:508} INFO - Filling up the DagBag from /home/airflow/.local/lib/python3.7/site-packages/airflow/example_dags/example_subdag_operator.py
[2024-09-18T20:43:20.981+0000] {processor.py:650} INFO - DAG(s) dict_keys(['example_subdag_operator.section-1', 'example_subdag_operator.section-2', 'example_subdag_operator']) retrieved from /home/airflow/.local/lib/python3.7/site-packages/airflow/example_dags/example_subdag_operator.py
[2024-09-18T20:43:21.054+0000] {logging_mixin.py:115} INFO - [2024-09-18T20:43:21.054+0000] {dag.py:2429} INFO - Sync 3 DAGs
[2024-09-18T20:43:21.063+0000] {logging_mixin.py:115} INFO - [2024-09-18T20:43:21.063+0000] {dag.py:2981} INFO - Setting next_dagrun for example_subdag_operator to 2022-01-01T00:00:00+00:00, run_after=2022-01-01T00:00:00+00:00
[2024-09-18T20:43:21.063+0000] {logging_mixin.py:115} INFO - [2024-09-18T20:43:21.063+0000] {dag.py:2981} INFO - Setting next_dagrun for example_subdag_operator.section-1 to None, run_after=None
[2024-09-18T20:43:21.063+0000] {logging_mixin.py:115} INFO - [2024-09-18T20:43:21.063+0000] {dag.py:2981} INFO - Setting next_dagrun for example_subdag_operator.section-2 to None, run_after=None
[2024-09-18T20:43:21.068+0000] {logging_mixin.py:115} INFO - [2024-09-18T20:43:21.067+0000] {dag.py:2429} INFO - Sync 2 DAGs
[2024-09-18T20:43:21.073+0000] {logging_mixin.py:115} INFO - [2024-09-18T20:43:21.073+0000] {dag.py:2981} INFO - Setting next_dagrun for example_subdag_operator.section-1 to None, run_after=None
[2024-09-18T20:43:21.073+0000] {logging_mixin.py:115} INFO - [2024-09-18T20:43:21.073+0000] {dag.py:2981} INFO - Setting next_dagrun for example_subdag_operator.section-2 to None, run_after=None
[2024-09-18T20:43:21.079+0000] {processor.py:161} INFO - Processing /home/airflow/.local/lib/python3.7/site-packages/airflow/example_dags/example_subdag_operator.py took 0.111 seconds
[2024-09-18T20:43:51.277+0000] {processor.py:153} INFO - Started process (PID=888) to work on /home/airflow/.local/lib/python3.7/site-packages/airflow/example_dags/example_subdag_operator.py
[2024-09-18T20:43:51.279+0000] {processor.py:640} INFO - Processing file /home/airflow/.local/lib/python3.7/site-packages/airflow/example_dags/example_subdag_operator.py for tasks to queue
[2024-09-18T20:43:51.279+0000] {logging_mixin.py:115} INFO - [2024-09-18T20:43:51.279+0000] {dagbag.py:508} INFO - Filling up the DagBag from /home/airflow/.local/lib/python3.7/site-packages/airflow/example_dags/example_subdag_operator.py
[2024-09-18T20:43:51.295+0000] {processor.py:650} INFO - DAG(s) dict_keys(['example_subdag_operator.section-1', 'example_subdag_operator.section-2', 'example_subdag_operator']) retrieved from /home/airflow/.local/lib/python3.7/site-packages/airflow/example_dags/example_subdag_operator.py
[2024-09-18T20:43:51.374+0000] {logging_mixin.py:115} INFO - [2024-09-18T20:43:51.374+0000] {dag.py:2429} INFO - Sync 3 DAGs
[2024-09-18T20:43:51.382+0000] {logging_mixin.py:115} INFO - [2024-09-18T20:43:51.382+0000] {dag.py:2981} INFO - Setting next_dagrun for example_subdag_operator to 2022-01-01T00:00:00+00:00, run_after=2022-01-01T00:00:00+00:00
[2024-09-18T20:43:51.382+0000] {logging_mixin.py:115} INFO - [2024-09-18T20:43:51.382+0000] {dag.py:2981} INFO - Setting next_dagrun for example_subdag_operator.section-1 to None, run_after=None
[2024-09-18T20:43:51.383+0000] {logging_mixin.py:115} INFO - [2024-09-18T20:43:51.383+0000] {dag.py:2981} INFO - Setting next_dagrun for example_subdag_operator.section-2 to None, run_after=None
[2024-09-18T20:43:51.385+0000] {logging_mixin.py:115} INFO - [2024-09-18T20:43:51.385+0000] {dag.py:2429} INFO - Sync 2 DAGs
[2024-09-18T20:43:51.387+0000] {logging_mixin.py:115} INFO - [2024-09-18T20:43:51.387+0000] {dag.py:2981} INFO - Setting next_dagrun for example_subdag_operator.section-1 to None, run_after=None
[2024-09-18T20:43:51.387+0000] {logging_mixin.py:115} INFO - [2024-09-18T20:43:51.387+0000] {dag.py:2981} INFO - Setting next_dagrun for example_subdag_operator.section-2 to None, run_after=None
[2024-09-18T20:43:51.390+0000] {processor.py:161} INFO - Processing /home/airflow/.local/lib/python3.7/site-packages/airflow/example_dags/example_subdag_operator.py took 0.114 seconds
[2024-09-18T20:44:21.506+0000] {processor.py:153} INFO - Started process (PID=1094) to work on /home/airflow/.local/lib/python3.7/site-packages/airflow/example_dags/example_subdag_operator.py
[2024-09-18T20:44:21.508+0000] {processor.py:640} INFO - Processing file /home/airflow/.local/lib/python3.7/site-packages/airflow/example_dags/example_subdag_operator.py for tasks to queue
[2024-09-18T20:44:21.508+0000] {logging_mixin.py:115} INFO - [2024-09-18T20:44:21.508+0000] {dagbag.py:508} INFO - Filling up the DagBag from /home/airflow/.local/lib/python3.7/site-packages/airflow/example_dags/example_subdag_operator.py
[2024-09-18T20:44:21.519+0000] {processor.py:650} INFO - DAG(s) dict_keys(['example_subdag_operator.section-1', 'example_subdag_operator.section-2', 'example_subdag_operator']) retrieved from /home/airflow/.local/lib/python3.7/site-packages/airflow/example_dags/example_subdag_operator.py
[2024-09-18T20:44:21.583+0000] {logging_mixin.py:115} INFO - [2024-09-18T20:44:21.583+0000] {dag.py:2429} INFO - Sync 3 DAGs
[2024-09-18T20:44:21.591+0000] {logging_mixin.py:115} INFO - [2024-09-18T20:44:21.591+0000] {dag.py:2981} INFO - Setting next_dagrun for example_subdag_operator to 2022-01-01T00:00:00+00:00, run_after=2022-01-01T00:00:00+00:00
[2024-09-18T20:44:21.592+0000] {logging_mixin.py:115} INFO - [2024-09-18T20:44:21.592+0000] {dag.py:2981} INFO - Setting next_dagrun for example_subdag_operator.section-1 to None, run_after=None
[2024-09-18T20:44:21.592+0000] {logging_mixin.py:115} INFO - [2024-09-18T20:44:21.592+0000] {dag.py:2981} INFO - Setting next_dagrun for example_subdag_operator.section-2 to None, run_after=None
[2024-09-18T20:44:21.595+0000] {logging_mixin.py:115} INFO - [2024-09-18T20:44:21.595+0000] {dag.py:2429} INFO - Sync 2 DAGs
[2024-09-18T20:44:21.597+0000] {logging_mixin.py:115} INFO - [2024-09-18T20:44:21.597+0000] {dag.py:2981} INFO - Setting next_dagrun for example_subdag_operator.section-1 to None, run_after=None
[2024-09-18T20:44:21.597+0000] {logging_mixin.py:115} INFO - [2024-09-18T20:44:21.597+0000] {dag.py:2981} INFO - Setting next_dagrun for example_subdag_operator.section-2 to None, run_after=None
[2024-09-18T20:44:21.602+0000] {processor.py:161} INFO - Processing /home/airflow/.local/lib/python3.7/site-packages/airflow/example_dags/example_subdag_operator.py took 0.097 seconds
[2024-09-18T20:44:51.649+0000] {processor.py:153} INFO - Started process (PID=1291) to work on /home/airflow/.local/lib/python3.7/site-packages/airflow/example_dags/example_subdag_operator.py
[2024-09-18T20:44:51.650+0000] {processor.py:640} INFO - Processing file /home/airflow/.local/lib/python3.7/site-packages/airflow/example_dags/example_subdag_operator.py for tasks to queue
[2024-09-18T20:44:51.652+0000] {logging_mixin.py:115} INFO - [2024-09-18T20:44:51.651+0000] {dagbag.py:508} INFO - Filling up the DagBag from /home/airflow/.local/lib/python3.7/site-packages/airflow/example_dags/example_subdag_operator.py
[2024-09-18T20:44:51.664+0000] {processor.py:650} INFO - DAG(s) dict_keys(['example_subdag_operator.section-1', 'example_subdag_operator.section-2', 'example_subdag_operator']) retrieved from /home/airflow/.local/lib/python3.7/site-packages/airflow/example_dags/example_subdag_operator.py
[2024-09-18T20:44:51.738+0000] {logging_mixin.py:115} INFO - [2024-09-18T20:44:51.738+0000] {dag.py:2429} INFO - Sync 3 DAGs
[2024-09-18T20:44:51.746+0000] {logging_mixin.py:115} INFO - [2024-09-18T20:44:51.746+0000] {dag.py:2981} INFO - Setting next_dagrun for example_subdag_operator to 2022-01-01T00:00:00+00:00, run_after=2022-01-01T00:00:00+00:00
[2024-09-18T20:44:51.747+0000] {logging_mixin.py:115} INFO - [2024-09-18T20:44:51.747+0000] {dag.py:2981} INFO - Setting next_dagrun for example_subdag_operator.section-1 to None, run_after=None
[2024-09-18T20:44:51.747+0000] {logging_mixin.py:115} INFO - [2024-09-18T20:44:51.747+0000] {dag.py:2981} INFO - Setting next_dagrun for example_subdag_operator.section-2 to None, run_after=None
[2024-09-18T20:44:51.749+0000] {logging_mixin.py:115} INFO - [2024-09-18T20:44:51.749+0000] {dag.py:2429} INFO - Sync 2 DAGs
[2024-09-18T20:44:51.751+0000] {logging_mixin.py:115} INFO - [2024-09-18T20:44:51.751+0000] {dag.py:2981} INFO - Setting next_dagrun for example_subdag_operator.section-1 to None, run_after=None
[2024-09-18T20:44:51.751+0000] {logging_mixin.py:115} INFO - [2024-09-18T20:44:51.751+0000] {dag.py:2981} INFO - Setting next_dagrun for example_subdag_operator.section-2 to None, run_after=None
[2024-09-18T20:44:51.754+0000] {processor.py:161} INFO - Processing /home/airflow/.local/lib/python3.7/site-packages/airflow/example_dags/example_subdag_operator.py took 0.107 seconds
[2024-09-18T20:45:21.842+0000] {processor.py:153} INFO - Started process (PID=1483) to work on /home/airflow/.local/lib/python3.7/site-packages/airflow/example_dags/example_subdag_operator.py
[2024-09-18T20:45:21.843+0000] {processor.py:640} INFO - Processing file /home/airflow/.local/lib/python3.7/site-packages/airflow/example_dags/example_subdag_operator.py for tasks to queue
[2024-09-18T20:45:21.843+0000] {logging_mixin.py:115} INFO - [2024-09-18T20:45:21.843+0000] {dagbag.py:508} INFO - Filling up the DagBag from /home/airflow/.local/lib/python3.7/site-packages/airflow/example_dags/example_subdag_operator.py
[2024-09-18T20:45:21.854+0000] {processor.py:650} INFO - DAG(s) dict_keys(['example_subdag_operator.section-1', 'example_subdag_operator.section-2', 'example_subdag_operator']) retrieved from /home/airflow/.local/lib/python3.7/site-packages/airflow/example_dags/example_subdag_operator.py
[2024-09-18T20:45:21.922+0000] {logging_mixin.py:115} INFO - [2024-09-18T20:45:21.922+0000] {dag.py:2429} INFO - Sync 3 DAGs
[2024-09-18T20:45:21.936+0000] {logging_mixin.py:115} INFO - [2024-09-18T20:45:21.936+0000] {dag.py:2981} INFO - Setting next_dagrun for example_subdag_operator to 2022-01-01T00:00:00+00:00, run_after=2022-01-01T00:00:00+00:00
[2024-09-18T20:45:21.936+0000] {logging_mixin.py:115} INFO - [2024-09-18T20:45:21.936+0000] {dag.py:2981} INFO - Setting next_dagrun for example_subdag_operator.section-1 to None, run_after=None
[2024-09-18T20:45:21.937+0000] {logging_mixin.py:115} INFO - [2024-09-18T20:45:21.937+0000] {dag.py:2981} INFO - Setting next_dagrun for example_subdag_operator.section-2 to None, run_after=None
[2024-09-18T20:45:21.940+0000] {logging_mixin.py:115} INFO - [2024-09-18T20:45:21.940+0000] {dag.py:2429} INFO - Sync 2 DAGs
[2024-09-18T20:45:21.942+0000] {logging_mixin.py:115} INFO - [2024-09-18T20:45:21.942+0000] {dag.py:2981} INFO - Setting next_dagrun for example_subdag_operator.section-1 to None, run_after=None
[2024-09-18T20:45:21.942+0000] {logging_mixin.py:115} INFO - [2024-09-18T20:45:21.942+0000] {dag.py:2981} INFO - Setting next_dagrun for example_subdag_operator.section-2 to None, run_after=None
[2024-09-18T20:45:21.946+0000] {processor.py:161} INFO - Processing /home/airflow/.local/lib/python3.7/site-packages/airflow/example_dags/example_subdag_operator.py took 0.106 seconds
[2024-09-18T20:45:52.030+0000] {processor.py:153} INFO - Started process (PID=1679) to work on /home/airflow/.local/lib/python3.7/site-packages/airflow/example_dags/example_subdag_operator.py
[2024-09-18T20:45:52.032+0000] {processor.py:640} INFO - Processing file /home/airflow/.local/lib/python3.7/site-packages/airflow/example_dags/example_subdag_operator.py for tasks to queue
[2024-09-18T20:45:52.036+0000] {logging_mixin.py:115} INFO - [2024-09-18T20:45:52.036+0000] {dagbag.py:508} INFO - Filling up the DagBag from /home/airflow/.local/lib/python3.7/site-packages/airflow/example_dags/example_subdag_operator.py
[2024-09-18T20:45:52.047+0000] {processor.py:650} INFO - DAG(s) dict_keys(['example_subdag_operator.section-1', 'example_subdag_operator.section-2', 'example_subdag_operator']) retrieved from /home/airflow/.local/lib/python3.7/site-packages/airflow/example_dags/example_subdag_operator.py
[2024-09-18T20:45:52.115+0000] {logging_mixin.py:115} INFO - [2024-09-18T20:45:52.115+0000] {dag.py:2429} INFO - Sync 3 DAGs
[2024-09-18T20:45:52.125+0000] {logging_mixin.py:115} INFO - [2024-09-18T20:45:52.125+0000] {dag.py:2981} INFO - Setting next_dagrun for example_subdag_operator to 2022-01-01T00:00:00+00:00, run_after=2022-01-01T00:00:00+00:00
[2024-09-18T20:45:52.125+0000] {logging_mixin.py:115} INFO - [2024-09-18T20:45:52.125+0000] {dag.py:2981} INFO - Setting next_dagrun for example_subdag_operator.section-1 to None, run_after=None
[2024-09-18T20:45:52.126+0000] {logging_mixin.py:115} INFO - [2024-09-18T20:45:52.125+0000] {dag.py:2981} INFO - Setting next_dagrun for example_subdag_operator.section-2 to None, run_after=None
[2024-09-18T20:45:52.128+0000] {logging_mixin.py:115} INFO - [2024-09-18T20:45:52.128+0000] {dag.py:2429} INFO - Sync 2 DAGs
[2024-09-18T20:45:52.130+0000] {logging_mixin.py:115} INFO - [2024-09-18T20:45:52.130+0000] {dag.py:2981} INFO - Setting next_dagrun for example_subdag_operator.section-1 to None, run_after=None
[2024-09-18T20:45:52.130+0000] {logging_mixin.py:115} INFO - [2024-09-18T20:45:52.130+0000] {dag.py:2981} INFO - Setting next_dagrun for example_subdag_operator.section-2 to None, run_after=None
[2024-09-18T20:45:52.136+0000] {processor.py:161} INFO - Processing /home/airflow/.local/lib/python3.7/site-packages/airflow/example_dags/example_subdag_operator.py took 0.107 seconds
[2024-09-18T20:46:22.250+0000] {processor.py:153} INFO - Started process (PID=1876) to work on /home/airflow/.local/lib/python3.7/site-packages/airflow/example_dags/example_subdag_operator.py
[2024-09-18T20:46:22.250+0000] {processor.py:640} INFO - Processing file /home/airflow/.local/lib/python3.7/site-packages/airflow/example_dags/example_subdag_operator.py for tasks to queue
[2024-09-18T20:46:22.250+0000] {logging_mixin.py:115} INFO - [2024-09-18T20:46:22.250+0000] {dagbag.py:508} INFO - Filling up the DagBag from /home/airflow/.local/lib/python3.7/site-packages/airflow/example_dags/example_subdag_operator.py
[2024-09-18T20:46:22.260+0000] {processor.py:650} INFO - DAG(s) dict_keys(['example_subdag_operator.section-1', 'example_subdag_operator.section-2', 'example_subdag_operator']) retrieved from /home/airflow/.local/lib/python3.7/site-packages/airflow/example_dags/example_subdag_operator.py
[2024-09-18T20:46:22.332+0000] {logging_mixin.py:115} INFO - [2024-09-18T20:46:22.332+0000] {dag.py:2429} INFO - Sync 3 DAGs
[2024-09-18T20:46:22.345+0000] {logging_mixin.py:115} INFO - [2024-09-18T20:46:22.345+0000] {dag.py:2981} INFO - Setting next_dagrun for example_subdag_operator to 2022-01-01T00:00:00+00:00, run_after=2022-01-01T00:00:00+00:00
[2024-09-18T20:46:22.345+0000] {logging_mixin.py:115} INFO - [2024-09-18T20:46:22.345+0000] {dag.py:2981} INFO - Setting next_dagrun for example_subdag_operator.section-1 to None, run_after=None
[2024-09-18T20:46:22.346+0000] {logging_mixin.py:115} INFO - [2024-09-18T20:46:22.346+0000] {dag.py:2981} INFO - Setting next_dagrun for example_subdag_operator.section-2 to None, run_after=None
[2024-09-18T20:46:22.350+0000] {logging_mixin.py:115} INFO - [2024-09-18T20:46:22.350+0000] {dag.py:2429} INFO - Sync 2 DAGs
[2024-09-18T20:46:22.353+0000] {logging_mixin.py:115} INFO - [2024-09-18T20:46:22.353+0000] {dag.py:2981} INFO - Setting next_dagrun for example_subdag_operator.section-1 to None, run_after=None
[2024-09-18T20:46:22.353+0000] {logging_mixin.py:115} INFO - [2024-09-18T20:46:22.353+0000] {dag.py:2981} INFO - Setting next_dagrun for example_subdag_operator.section-2 to None, run_after=None
[2024-09-18T20:46:22.357+0000] {processor.py:161} INFO - Processing /home/airflow/.local/lib/python3.7/site-packages/airflow/example_dags/example_subdag_operator.py took 0.108 seconds
[2024-09-18T20:46:52.578+0000] {processor.py:153} INFO - Started process (PID=2073) to work on /home/airflow/.local/lib/python3.7/site-packages/airflow/example_dags/example_subdag_operator.py
[2024-09-18T20:46:52.578+0000] {processor.py:640} INFO - Processing file /home/airflow/.local/lib/python3.7/site-packages/airflow/example_dags/example_subdag_operator.py for tasks to queue
[2024-09-18T20:46:52.579+0000] {logging_mixin.py:115} INFO - [2024-09-18T20:46:52.579+0000] {dagbag.py:508} INFO - Filling up the DagBag from /home/airflow/.local/lib/python3.7/site-packages/airflow/example_dags/example_subdag_operator.py
[2024-09-18T20:46:52.592+0000] {processor.py:650} INFO - DAG(s) dict_keys(['example_subdag_operator.section-1', 'example_subdag_operator.section-2', 'example_subdag_operator']) retrieved from /home/airflow/.local/lib/python3.7/site-packages/airflow/example_dags/example_subdag_operator.py
[2024-09-18T20:46:52.669+0000] {logging_mixin.py:115} INFO - [2024-09-18T20:46:52.669+0000] {dag.py:2429} INFO - Sync 3 DAGs
[2024-09-18T20:46:52.683+0000] {logging_mixin.py:115} INFO - [2024-09-18T20:46:52.682+0000] {dag.py:2981} INFO - Setting next_dagrun for example_subdag_operator to 2022-01-01T00:00:00+00:00, run_after=2022-01-01T00:00:00+00:00
[2024-09-18T20:46:52.683+0000] {logging_mixin.py:115} INFO - [2024-09-18T20:46:52.683+0000] {dag.py:2981} INFO - Setting next_dagrun for example_subdag_operator.section-1 to None, run_after=None
[2024-09-18T20:46:52.685+0000] {logging_mixin.py:115} INFO - [2024-09-18T20:46:52.685+0000] {dag.py:2981} INFO - Setting next_dagrun for example_subdag_operator.section-2 to None, run_after=None
[2024-09-18T20:46:52.689+0000] {logging_mixin.py:115} INFO - [2024-09-18T20:46:52.689+0000] {dag.py:2429} INFO - Sync 2 DAGs
[2024-09-18T20:46:52.693+0000] {logging_mixin.py:115} INFO - [2024-09-18T20:46:52.693+0000] {dag.py:2981} INFO - Setting next_dagrun for example_subdag_operator.section-1 to None, run_after=None
[2024-09-18T20:46:52.693+0000] {logging_mixin.py:115} INFO - [2024-09-18T20:46:52.693+0000] {dag.py:2981} INFO - Setting next_dagrun for example_subdag_operator.section-2 to None, run_after=None
[2024-09-18T20:46:52.697+0000] {processor.py:161} INFO - Processing /home/airflow/.local/lib/python3.7/site-packages/airflow/example_dags/example_subdag_operator.py took 0.121 seconds
[2024-09-18T20:47:22.743+0000] {processor.py:153} INFO - Started process (PID=2261) to work on /home/airflow/.local/lib/python3.7/site-packages/airflow/example_dags/example_subdag_operator.py
[2024-09-18T20:47:22.744+0000] {processor.py:640} INFO - Processing file /home/airflow/.local/lib/python3.7/site-packages/airflow/example_dags/example_subdag_operator.py for tasks to queue
[2024-09-18T20:47:22.744+0000] {logging_mixin.py:115} INFO - [2024-09-18T20:47:22.744+0000] {dagbag.py:508} INFO - Filling up the DagBag from /home/airflow/.local/lib/python3.7/site-packages/airflow/example_dags/example_subdag_operator.py
[2024-09-18T20:47:22.755+0000] {processor.py:650} INFO - DAG(s) dict_keys(['example_subdag_operator.section-1', 'example_subdag_operator.section-2', 'example_subdag_operator']) retrieved from /home/airflow/.local/lib/python3.7/site-packages/airflow/example_dags/example_subdag_operator.py
[2024-09-18T20:47:22.821+0000] {logging_mixin.py:115} INFO - [2024-09-18T20:47:22.821+0000] {dag.py:2429} INFO - Sync 3 DAGs
[2024-09-18T20:47:22.829+0000] {logging_mixin.py:115} INFO - [2024-09-18T20:47:22.829+0000] {dag.py:2981} INFO - Setting next_dagrun for example_subdag_operator to 2022-01-01T00:00:00+00:00, run_after=2022-01-01T00:00:00+00:00
[2024-09-18T20:47:22.830+0000] {logging_mixin.py:115} INFO - [2024-09-18T20:47:22.830+0000] {dag.py:2981} INFO - Setting next_dagrun for example_subdag_operator.section-1 to None, run_after=None
[2024-09-18T20:47:22.830+0000] {logging_mixin.py:115} INFO - [2024-09-18T20:47:22.830+0000] {dag.py:2981} INFO - Setting next_dagrun for example_subdag_operator.section-2 to None, run_after=None
[2024-09-18T20:47:22.832+0000] {logging_mixin.py:115} INFO - [2024-09-18T20:47:22.832+0000] {dag.py:2429} INFO - Sync 2 DAGs
[2024-09-18T20:47:22.837+0000] {logging_mixin.py:115} INFO - [2024-09-18T20:47:22.837+0000] {dag.py:2981} INFO - Setting next_dagrun for example_subdag_operator.section-1 to None, run_after=None
[2024-09-18T20:47:22.837+0000] {logging_mixin.py:115} INFO - [2024-09-18T20:47:22.837+0000] {dag.py:2981} INFO - Setting next_dagrun for example_subdag_operator.section-2 to None, run_after=None
[2024-09-18T20:47:22.841+0000] {processor.py:161} INFO - Processing /home/airflow/.local/lib/python3.7/site-packages/airflow/example_dags/example_subdag_operator.py took 0.100 seconds
[2024-09-18T20:47:53.010+0000] {processor.py:153} INFO - Started process (PID=2458) to work on /home/airflow/.local/lib/python3.7/site-packages/airflow/example_dags/example_subdag_operator.py
[2024-09-18T20:47:53.012+0000] {processor.py:640} INFO - Processing file /home/airflow/.local/lib/python3.7/site-packages/airflow/example_dags/example_subdag_operator.py for tasks to queue
[2024-09-18T20:47:53.012+0000] {logging_mixin.py:115} INFO - [2024-09-18T20:47:53.012+0000] {dagbag.py:508} INFO - Filling up the DagBag from /home/airflow/.local/lib/python3.7/site-packages/airflow/example_dags/example_subdag_operator.py
[2024-09-18T20:47:53.024+0000] {processor.py:650} INFO - DAG(s) dict_keys(['example_subdag_operator.section-1', 'example_subdag_operator.section-2', 'example_subdag_operator']) retrieved from /home/airflow/.local/lib/python3.7/site-packages/airflow/example_dags/example_subdag_operator.py
[2024-09-18T20:47:53.098+0000] {logging_mixin.py:115} INFO - [2024-09-18T20:47:53.098+0000] {dag.py:2429} INFO - Sync 3 DAGs
[2024-09-18T20:47:53.107+0000] {logging_mixin.py:115} INFO - [2024-09-18T20:47:53.107+0000] {dag.py:2981} INFO - Setting next_dagrun for example_subdag_operator to 2022-01-01T00:00:00+00:00, run_after=2022-01-01T00:00:00+00:00
[2024-09-18T20:47:53.112+0000] {logging_mixin.py:115} INFO - [2024-09-18T20:47:53.112+0000] {dag.py:2981} INFO - Setting next_dagrun for example_subdag_operator.section-1 to None, run_after=None
[2024-09-18T20:47:53.114+0000] {logging_mixin.py:115} INFO - [2024-09-18T20:47:53.114+0000] {dag.py:2981} INFO - Setting next_dagrun for example_subdag_operator.section-2 to None, run_after=None
[2024-09-18T20:47:53.117+0000] {logging_mixin.py:115} INFO - [2024-09-18T20:47:53.117+0000] {dag.py:2429} INFO - Sync 2 DAGs
[2024-09-18T20:47:53.121+0000] {logging_mixin.py:115} INFO - [2024-09-18T20:47:53.121+0000] {dag.py:2981} INFO - Setting next_dagrun for example_subdag_operator.section-1 to None, run_after=None
[2024-09-18T20:47:53.121+0000] {logging_mixin.py:115} INFO - [2024-09-18T20:47:53.121+0000] {dag.py:2981} INFO - Setting next_dagrun for example_subdag_operator.section-2 to None, run_after=None
[2024-09-18T20:47:53.124+0000] {processor.py:161} INFO - Processing /home/airflow/.local/lib/python3.7/site-packages/airflow/example_dags/example_subdag_operator.py took 0.115 seconds
[2024-09-18T20:48:23.161+0000] {processor.py:153} INFO - Started process (PID=2660) to work on /home/airflow/.local/lib/python3.7/site-packages/airflow/example_dags/example_subdag_operator.py
[2024-09-18T20:48:23.164+0000] {processor.py:640} INFO - Processing file /home/airflow/.local/lib/python3.7/site-packages/airflow/example_dags/example_subdag_operator.py for tasks to queue
[2024-09-18T20:48:23.164+0000] {logging_mixin.py:115} INFO - [2024-09-18T20:48:23.164+0000] {dagbag.py:508} INFO - Filling up the DagBag from /home/airflow/.local/lib/python3.7/site-packages/airflow/example_dags/example_subdag_operator.py
[2024-09-18T20:48:23.178+0000] {processor.py:650} INFO - DAG(s) dict_keys(['example_subdag_operator.section-1', 'example_subdag_operator.section-2', 'example_subdag_operator']) retrieved from /home/airflow/.local/lib/python3.7/site-packages/airflow/example_dags/example_subdag_operator.py
[2024-09-18T20:48:23.249+0000] {logging_mixin.py:115} INFO - [2024-09-18T20:48:23.249+0000] {dag.py:2429} INFO - Sync 3 DAGs
[2024-09-18T20:48:23.257+0000] {logging_mixin.py:115} INFO - [2024-09-18T20:48:23.257+0000] {dag.py:2981} INFO - Setting next_dagrun for example_subdag_operator to 2022-01-01T00:00:00+00:00, run_after=2022-01-01T00:00:00+00:00
[2024-09-18T20:48:23.258+0000] {logging_mixin.py:115} INFO - [2024-09-18T20:48:23.257+0000] {dag.py:2981} INFO - Setting next_dagrun for example_subdag_operator.section-1 to None, run_after=None
[2024-09-18T20:48:23.258+0000] {logging_mixin.py:115} INFO - [2024-09-18T20:48:23.258+0000] {dag.py:2981} INFO - Setting next_dagrun for example_subdag_operator.section-2 to None, run_after=None
[2024-09-18T20:48:23.260+0000] {logging_mixin.py:115} INFO - [2024-09-18T20:48:23.260+0000] {dag.py:2429} INFO - Sync 2 DAGs
[2024-09-18T20:48:23.262+0000] {logging_mixin.py:115} INFO - [2024-09-18T20:48:23.262+0000] {dag.py:2981} INFO - Setting next_dagrun for example_subdag_operator.section-1 to None, run_after=None
[2024-09-18T20:48:23.262+0000] {logging_mixin.py:115} INFO - [2024-09-18T20:48:23.262+0000] {dag.py:2981} INFO - Setting next_dagrun for example_subdag_operator.section-2 to None, run_after=None
[2024-09-18T20:48:23.265+0000] {processor.py:161} INFO - Processing /home/airflow/.local/lib/python3.7/site-packages/airflow/example_dags/example_subdag_operator.py took 0.105 seconds
[2024-09-18T20:48:53.338+0000] {processor.py:153} INFO - Started process (PID=2857) to work on /home/airflow/.local/lib/python3.7/site-packages/airflow/example_dags/example_subdag_operator.py
[2024-09-18T20:48:53.339+0000] {processor.py:640} INFO - Processing file /home/airflow/.local/lib/python3.7/site-packages/airflow/example_dags/example_subdag_operator.py for tasks to queue
[2024-09-18T20:48:53.340+0000] {logging_mixin.py:115} INFO - [2024-09-18T20:48:53.339+0000] {dagbag.py:508} INFO - Filling up the DagBag from /home/airflow/.local/lib/python3.7/site-packages/airflow/example_dags/example_subdag_operator.py
[2024-09-18T20:48:53.351+0000] {processor.py:650} INFO - DAG(s) dict_keys(['example_subdag_operator.section-1', 'example_subdag_operator.section-2', 'example_subdag_operator']) retrieved from /home/airflow/.local/lib/python3.7/site-packages/airflow/example_dags/example_subdag_operator.py
[2024-09-18T20:48:53.422+0000] {logging_mixin.py:115} INFO - [2024-09-18T20:48:53.422+0000] {dag.py:2429} INFO - Sync 3 DAGs
[2024-09-18T20:48:53.431+0000] {logging_mixin.py:115} INFO - [2024-09-18T20:48:53.431+0000] {dag.py:2981} INFO - Setting next_dagrun for example_subdag_operator to 2022-01-01T00:00:00+00:00, run_after=2022-01-01T00:00:00+00:00
[2024-09-18T20:48:53.434+0000] {logging_mixin.py:115} INFO - [2024-09-18T20:48:53.434+0000] {dag.py:2981} INFO - Setting next_dagrun for example_subdag_operator.section-1 to None, run_after=None
[2024-09-18T20:48:53.434+0000] {logging_mixin.py:115} INFO - [2024-09-18T20:48:53.434+0000] {dag.py:2981} INFO - Setting next_dagrun for example_subdag_operator.section-2 to None, run_after=None
[2024-09-18T20:48:53.438+0000] {logging_mixin.py:115} INFO - [2024-09-18T20:48:53.438+0000] {dag.py:2429} INFO - Sync 2 DAGs
[2024-09-18T20:48:53.441+0000] {logging_mixin.py:115} INFO - [2024-09-18T20:48:53.441+0000] {dag.py:2981} INFO - Setting next_dagrun for example_subdag_operator.section-1 to None, run_after=None
[2024-09-18T20:48:53.441+0000] {logging_mixin.py:115} INFO - [2024-09-18T20:48:53.441+0000] {dag.py:2981} INFO - Setting next_dagrun for example_subdag_operator.section-2 to None, run_after=None
[2024-09-18T20:48:53.445+0000] {processor.py:161} INFO - Processing /home/airflow/.local/lib/python3.7/site-packages/airflow/example_dags/example_subdag_operator.py took 0.108 seconds
[2024-09-18T20:49:23.524+0000] {processor.py:153} INFO - Started process (PID=3054) to work on /home/airflow/.local/lib/python3.7/site-packages/airflow/example_dags/example_subdag_operator.py
[2024-09-18T20:49:23.526+0000] {processor.py:640} INFO - Processing file /home/airflow/.local/lib/python3.7/site-packages/airflow/example_dags/example_subdag_operator.py for tasks to queue
[2024-09-18T20:49:23.528+0000] {logging_mixin.py:115} INFO - [2024-09-18T20:49:23.528+0000] {dagbag.py:508} INFO - Filling up the DagBag from /home/airflow/.local/lib/python3.7/site-packages/airflow/example_dags/example_subdag_operator.py
[2024-09-18T20:49:23.543+0000] {processor.py:650} INFO - DAG(s) dict_keys(['example_subdag_operator.section-1', 'example_subdag_operator.section-2', 'example_subdag_operator']) retrieved from /home/airflow/.local/lib/python3.7/site-packages/airflow/example_dags/example_subdag_operator.py
[2024-09-18T20:49:23.615+0000] {logging_mixin.py:115} INFO - [2024-09-18T20:49:23.615+0000] {dag.py:2429} INFO - Sync 3 DAGs
[2024-09-18T20:49:23.627+0000] {logging_mixin.py:115} INFO - [2024-09-18T20:49:23.627+0000] {dag.py:2981} INFO - Setting next_dagrun for example_subdag_operator to 2022-01-01T00:00:00+00:00, run_after=2022-01-01T00:00:00+00:00
[2024-09-18T20:49:23.627+0000] {logging_mixin.py:115} INFO - [2024-09-18T20:49:23.627+0000] {dag.py:2981} INFO - Setting next_dagrun for example_subdag_operator.section-1 to None, run_after=None
[2024-09-18T20:49:23.627+0000] {logging_mixin.py:115} INFO - [2024-09-18T20:49:23.627+0000] {dag.py:2981} INFO - Setting next_dagrun for example_subdag_operator.section-2 to None, run_after=None
[2024-09-18T20:49:23.631+0000] {logging_mixin.py:115} INFO - [2024-09-18T20:49:23.631+0000] {dag.py:2429} INFO - Sync 2 DAGs
[2024-09-18T20:49:23.633+0000] {logging_mixin.py:115} INFO - [2024-09-18T20:49:23.633+0000] {dag.py:2981} INFO - Setting next_dagrun for example_subdag_operator.section-1 to None, run_after=None
[2024-09-18T20:49:23.633+0000] {logging_mixin.py:115} INFO - [2024-09-18T20:49:23.633+0000] {dag.py:2981} INFO - Setting next_dagrun for example_subdag_operator.section-2 to None, run_after=None
[2024-09-18T20:49:23.636+0000] {processor.py:161} INFO - Processing /home/airflow/.local/lib/python3.7/site-packages/airflow/example_dags/example_subdag_operator.py took 0.113 seconds
[2024-09-18T20:49:53.859+0000] {processor.py:153} INFO - Started process (PID=3246) to work on /home/airflow/.local/lib/python3.7/site-packages/airflow/example_dags/example_subdag_operator.py
[2024-09-18T20:49:53.860+0000] {processor.py:640} INFO - Processing file /home/airflow/.local/lib/python3.7/site-packages/airflow/example_dags/example_subdag_operator.py for tasks to queue
[2024-09-18T20:49:53.860+0000] {logging_mixin.py:115} INFO - [2024-09-18T20:49:53.860+0000] {dagbag.py:508} INFO - Filling up the DagBag from /home/airflow/.local/lib/python3.7/site-packages/airflow/example_dags/example_subdag_operator.py
[2024-09-18T20:49:53.871+0000] {processor.py:650} INFO - DAG(s) dict_keys(['example_subdag_operator.section-1', 'example_subdag_operator.section-2', 'example_subdag_operator']) retrieved from /home/airflow/.local/lib/python3.7/site-packages/airflow/example_dags/example_subdag_operator.py
[2024-09-18T20:49:53.943+0000] {logging_mixin.py:115} INFO - [2024-09-18T20:49:53.943+0000] {dag.py:2429} INFO - Sync 3 DAGs
[2024-09-18T20:49:53.953+0000] {logging_mixin.py:115} INFO - [2024-09-18T20:49:53.952+0000] {dag.py:2981} INFO - Setting next_dagrun for example_subdag_operator to 2022-01-01T00:00:00+00:00, run_after=2022-01-01T00:00:00+00:00
[2024-09-18T20:49:53.954+0000] {logging_mixin.py:115} INFO - [2024-09-18T20:49:53.954+0000] {dag.py:2981} INFO - Setting next_dagrun for example_subdag_operator.section-1 to None, run_after=None
[2024-09-18T20:49:53.955+0000] {logging_mixin.py:115} INFO - [2024-09-18T20:49:53.955+0000] {dag.py:2981} INFO - Setting next_dagrun for example_subdag_operator.section-2 to None, run_after=None
[2024-09-18T20:49:53.958+0000] {logging_mixin.py:115} INFO - [2024-09-18T20:49:53.958+0000] {dag.py:2429} INFO - Sync 2 DAGs
[2024-09-18T20:49:53.962+0000] {logging_mixin.py:115} INFO - [2024-09-18T20:49:53.962+0000] {dag.py:2981} INFO - Setting next_dagrun for example_subdag_operator.section-1 to None, run_after=None
[2024-09-18T20:49:53.964+0000] {logging_mixin.py:115} INFO - [2024-09-18T20:49:53.964+0000] {dag.py:2981} INFO - Setting next_dagrun for example_subdag_operator.section-2 to None, run_after=None
[2024-09-18T20:49:53.968+0000] {processor.py:161} INFO - Processing /home/airflow/.local/lib/python3.7/site-packages/airflow/example_dags/example_subdag_operator.py took 0.111 seconds
[2024-09-18T20:50:24.111+0000] {processor.py:153} INFO - Started process (PID=3440) to work on /home/airflow/.local/lib/python3.7/site-packages/airflow/example_dags/example_subdag_operator.py
[2024-09-18T20:50:24.111+0000] {processor.py:640} INFO - Processing file /home/airflow/.local/lib/python3.7/site-packages/airflow/example_dags/example_subdag_operator.py for tasks to queue
[2024-09-18T20:50:24.112+0000] {logging_mixin.py:115} INFO - [2024-09-18T20:50:24.112+0000] {dagbag.py:508} INFO - Filling up the DagBag from /home/airflow/.local/lib/python3.7/site-packages/airflow/example_dags/example_subdag_operator.py
[2024-09-18T20:50:24.125+0000] {processor.py:650} INFO - DAG(s) dict_keys(['example_subdag_operator.section-1', 'example_subdag_operator.section-2', 'example_subdag_operator']) retrieved from /home/airflow/.local/lib/python3.7/site-packages/airflow/example_dags/example_subdag_operator.py
[2024-09-18T20:50:24.191+0000] {logging_mixin.py:115} INFO - [2024-09-18T20:50:24.191+0000] {dag.py:2429} INFO - Sync 3 DAGs
[2024-09-18T20:50:24.199+0000] {logging_mixin.py:115} INFO - [2024-09-18T20:50:24.199+0000] {dag.py:2981} INFO - Setting next_dagrun for example_subdag_operator to 2022-01-01T00:00:00+00:00, run_after=2022-01-01T00:00:00+00:00
[2024-09-18T20:50:24.202+0000] {logging_mixin.py:115} INFO - [2024-09-18T20:50:24.201+0000] {dag.py:2981} INFO - Setting next_dagrun for example_subdag_operator.section-1 to None, run_after=None
[2024-09-18T20:50:24.202+0000] {logging_mixin.py:115} INFO - [2024-09-18T20:50:24.202+0000] {dag.py:2981} INFO - Setting next_dagrun for example_subdag_operator.section-2 to None, run_after=None
[2024-09-18T20:50:24.204+0000] {logging_mixin.py:115} INFO - [2024-09-18T20:50:24.204+0000] {dag.py:2429} INFO - Sync 2 DAGs
[2024-09-18T20:50:24.207+0000] {logging_mixin.py:115} INFO - [2024-09-18T20:50:24.207+0000] {dag.py:2981} INFO - Setting next_dagrun for example_subdag_operator.section-1 to None, run_after=None
[2024-09-18T20:50:24.208+0000] {logging_mixin.py:115} INFO - [2024-09-18T20:50:24.208+0000] {dag.py:2981} INFO - Setting next_dagrun for example_subdag_operator.section-2 to None, run_after=None
[2024-09-18T20:50:24.211+0000] {processor.py:161} INFO - Processing /home/airflow/.local/lib/python3.7/site-packages/airflow/example_dags/example_subdag_operator.py took 0.102 seconds
[2024-09-18T20:50:54.337+0000] {processor.py:153} INFO - Started process (PID=3632) to work on /home/airflow/.local/lib/python3.7/site-packages/airflow/example_dags/example_subdag_operator.py
[2024-09-18T20:50:54.337+0000] {processor.py:640} INFO - Processing file /home/airflow/.local/lib/python3.7/site-packages/airflow/example_dags/example_subdag_operator.py for tasks to queue
[2024-09-18T20:50:54.337+0000] {logging_mixin.py:115} INFO - [2024-09-18T20:50:54.337+0000] {dagbag.py:508} INFO - Filling up the DagBag from /home/airflow/.local/lib/python3.7/site-packages/airflow/example_dags/example_subdag_operator.py
[2024-09-18T20:50:54.352+0000] {processor.py:650} INFO - DAG(s) dict_keys(['example_subdag_operator.section-1', 'example_subdag_operator.section-2', 'example_subdag_operator']) retrieved from /home/airflow/.local/lib/python3.7/site-packages/airflow/example_dags/example_subdag_operator.py
[2024-09-18T20:50:54.416+0000] {logging_mixin.py:115} INFO - [2024-09-18T20:50:54.416+0000] {dag.py:2429} INFO - Sync 3 DAGs
[2024-09-18T20:50:54.427+0000] {logging_mixin.py:115} INFO - [2024-09-18T20:50:54.427+0000] {dag.py:2981} INFO - Setting next_dagrun for example_subdag_operator to 2022-01-01T00:00:00+00:00, run_after=2022-01-01T00:00:00+00:00
[2024-09-18T20:50:54.428+0000] {logging_mixin.py:115} INFO - [2024-09-18T20:50:54.428+0000] {dag.py:2981} INFO - Setting next_dagrun for example_subdag_operator.section-1 to None, run_after=None
[2024-09-18T20:50:54.428+0000] {logging_mixin.py:115} INFO - [2024-09-18T20:50:54.428+0000] {dag.py:2981} INFO - Setting next_dagrun for example_subdag_operator.section-2 to None, run_after=None
[2024-09-18T20:50:54.431+0000] {logging_mixin.py:115} INFO - [2024-09-18T20:50:54.431+0000] {dag.py:2429} INFO - Sync 2 DAGs
[2024-09-18T20:50:54.434+0000] {logging_mixin.py:115} INFO - [2024-09-18T20:50:54.434+0000] {dag.py:2981} INFO - Setting next_dagrun for example_subdag_operator.section-1 to None, run_after=None
[2024-09-18T20:50:54.434+0000] {logging_mixin.py:115} INFO - [2024-09-18T20:50:54.434+0000] {dag.py:2981} INFO - Setting next_dagrun for example_subdag_operator.section-2 to None, run_after=None
[2024-09-18T20:50:54.437+0000] {processor.py:161} INFO - Processing /home/airflow/.local/lib/python3.7/site-packages/airflow/example_dags/example_subdag_operator.py took 0.101 seconds
[2024-09-18T20:51:24.493+0000] {processor.py:153} INFO - Started process (PID=3836) to work on /home/airflow/.local/lib/python3.7/site-packages/airflow/example_dags/example_subdag_operator.py
[2024-09-18T20:51:24.493+0000] {processor.py:640} INFO - Processing file /home/airflow/.local/lib/python3.7/site-packages/airflow/example_dags/example_subdag_operator.py for tasks to queue
[2024-09-18T20:51:24.494+0000] {logging_mixin.py:115} INFO - [2024-09-18T20:51:24.494+0000] {dagbag.py:508} INFO - Filling up the DagBag from /home/airflow/.local/lib/python3.7/site-packages/airflow/example_dags/example_subdag_operator.py
[2024-09-18T20:51:24.503+0000] {processor.py:650} INFO - DAG(s) dict_keys(['example_subdag_operator.section-1', 'example_subdag_operator.section-2', 'example_subdag_operator']) retrieved from /home/airflow/.local/lib/python3.7/site-packages/airflow/example_dags/example_subdag_operator.py
[2024-09-18T20:51:24.563+0000] {logging_mixin.py:115} INFO - [2024-09-18T20:51:24.563+0000] {dag.py:2429} INFO - Sync 3 DAGs
[2024-09-18T20:51:24.571+0000] {logging_mixin.py:115} INFO - [2024-09-18T20:51:24.571+0000] {dag.py:2981} INFO - Setting next_dagrun for example_subdag_operator to 2022-01-01T00:00:00+00:00, run_after=2022-01-01T00:00:00+00:00
[2024-09-18T20:51:24.571+0000] {logging_mixin.py:115} INFO - [2024-09-18T20:51:24.571+0000] {dag.py:2981} INFO - Setting next_dagrun for example_subdag_operator.section-1 to None, run_after=None
[2024-09-18T20:51:24.571+0000] {logging_mixin.py:115} INFO - [2024-09-18T20:51:24.571+0000] {dag.py:2981} INFO - Setting next_dagrun for example_subdag_operator.section-2 to None, run_after=None
[2024-09-18T20:51:24.573+0000] {logging_mixin.py:115} INFO - [2024-09-18T20:51:24.573+0000] {dag.py:2429} INFO - Sync 2 DAGs
[2024-09-18T20:51:24.575+0000] {logging_mixin.py:115} INFO - [2024-09-18T20:51:24.575+0000] {dag.py:2981} INFO - Setting next_dagrun for example_subdag_operator.section-1 to None, run_after=None
[2024-09-18T20:51:24.576+0000] {logging_mixin.py:115} INFO - [2024-09-18T20:51:24.575+0000] {dag.py:2981} INFO - Setting next_dagrun for example_subdag_operator.section-2 to None, run_after=None
[2024-09-18T20:51:24.578+0000] {processor.py:161} INFO - Processing /home/airflow/.local/lib/python3.7/site-packages/airflow/example_dags/example_subdag_operator.py took 0.086 seconds
[2024-09-18T20:51:54.657+0000] {processor.py:153} INFO - Started process (PID=4031) to work on /home/airflow/.local/lib/python3.7/site-packages/airflow/example_dags/example_subdag_operator.py
[2024-09-18T20:51:54.660+0000] {processor.py:640} INFO - Processing file /home/airflow/.local/lib/python3.7/site-packages/airflow/example_dags/example_subdag_operator.py for tasks to queue
[2024-09-18T20:51:54.661+0000] {logging_mixin.py:115} INFO - [2024-09-18T20:51:54.661+0000] {dagbag.py:508} INFO - Filling up the DagBag from /home/airflow/.local/lib/python3.7/site-packages/airflow/example_dags/example_subdag_operator.py
[2024-09-18T20:51:54.671+0000] {processor.py:650} INFO - DAG(s) dict_keys(['example_subdag_operator.section-1', 'example_subdag_operator.section-2', 'example_subdag_operator']) retrieved from /home/airflow/.local/lib/python3.7/site-packages/airflow/example_dags/example_subdag_operator.py
[2024-09-18T20:51:54.740+0000] {logging_mixin.py:115} INFO - [2024-09-18T20:51:54.740+0000] {dag.py:2429} INFO - Sync 3 DAGs
[2024-09-18T20:51:54.749+0000] {logging_mixin.py:115} INFO - [2024-09-18T20:51:54.749+0000] {dag.py:2981} INFO - Setting next_dagrun for example_subdag_operator to 2022-01-01T00:00:00+00:00, run_after=2022-01-01T00:00:00+00:00
[2024-09-18T20:51:54.749+0000] {logging_mixin.py:115} INFO - [2024-09-18T20:51:54.749+0000] {dag.py:2981} INFO - Setting next_dagrun for example_subdag_operator.section-1 to None, run_after=None
[2024-09-18T20:51:54.749+0000] {logging_mixin.py:115} INFO - [2024-09-18T20:51:54.749+0000] {dag.py:2981} INFO - Setting next_dagrun for example_subdag_operator.section-2 to None, run_after=None
[2024-09-18T20:51:54.754+0000] {logging_mixin.py:115} INFO - [2024-09-18T20:51:54.754+0000] {dag.py:2429} INFO - Sync 2 DAGs
[2024-09-18T20:51:54.756+0000] {logging_mixin.py:115} INFO - [2024-09-18T20:51:54.756+0000] {dag.py:2981} INFO - Setting next_dagrun for example_subdag_operator.section-1 to None, run_after=None
[2024-09-18T20:51:54.756+0000] {logging_mixin.py:115} INFO - [2024-09-18T20:51:54.756+0000] {dag.py:2981} INFO - Setting next_dagrun for example_subdag_operator.section-2 to None, run_after=None
[2024-09-18T20:51:54.761+0000] {processor.py:161} INFO - Processing /home/airflow/.local/lib/python3.7/site-packages/airflow/example_dags/example_subdag_operator.py took 0.105 seconds
[2024-09-18T20:52:24.810+0000] {processor.py:153} INFO - Started process (PID=4231) to work on /home/airflow/.local/lib/python3.7/site-packages/airflow/example_dags/example_subdag_operator.py
[2024-09-18T20:52:24.810+0000] {processor.py:640} INFO - Processing file /home/airflow/.local/lib/python3.7/site-packages/airflow/example_dags/example_subdag_operator.py for tasks to queue
[2024-09-18T20:52:24.810+0000] {logging_mixin.py:115} INFO - [2024-09-18T20:52:24.810+0000] {dagbag.py:508} INFO - Filling up the DagBag from /home/airflow/.local/lib/python3.7/site-packages/airflow/example_dags/example_subdag_operator.py
[2024-09-18T20:52:24.821+0000] {processor.py:650} INFO - DAG(s) dict_keys(['example_subdag_operator.section-1', 'example_subdag_operator.section-2', 'example_subdag_operator']) retrieved from /home/airflow/.local/lib/python3.7/site-packages/airflow/example_dags/example_subdag_operator.py
[2024-09-18T20:52:24.891+0000] {logging_mixin.py:115} INFO - [2024-09-18T20:52:24.891+0000] {dag.py:2429} INFO - Sync 3 DAGs
[2024-09-18T20:52:24.899+0000] {logging_mixin.py:115} INFO - [2024-09-18T20:52:24.899+0000] {dag.py:2981} INFO - Setting next_dagrun for example_subdag_operator to 2022-01-01T00:00:00+00:00, run_after=2022-01-01T00:00:00+00:00
[2024-09-18T20:52:24.903+0000] {logging_mixin.py:115} INFO - [2024-09-18T20:52:24.903+0000] {dag.py:2981} INFO - Setting next_dagrun for example_subdag_operator.section-1 to None, run_after=None
[2024-09-18T20:52:24.903+0000] {logging_mixin.py:115} INFO - [2024-09-18T20:52:24.903+0000] {dag.py:2981} INFO - Setting next_dagrun for example_subdag_operator.section-2 to None, run_after=None
[2024-09-18T20:52:24.906+0000] {logging_mixin.py:115} INFO - [2024-09-18T20:52:24.906+0000] {dag.py:2429} INFO - Sync 2 DAGs
[2024-09-18T20:52:24.908+0000] {logging_mixin.py:115} INFO - [2024-09-18T20:52:24.908+0000] {dag.py:2981} INFO - Setting next_dagrun for example_subdag_operator.section-1 to None, run_after=None
[2024-09-18T20:52:24.908+0000] {logging_mixin.py:115} INFO - [2024-09-18T20:52:24.908+0000] {dag.py:2981} INFO - Setting next_dagrun for example_subdag_operator.section-2 to None, run_after=None
[2024-09-18T20:52:24.911+0000] {processor.py:161} INFO - Processing /home/airflow/.local/lib/python3.7/site-packages/airflow/example_dags/example_subdag_operator.py took 0.103 seconds
[2024-09-18T20:52:54.965+0000] {processor.py:153} INFO - Started process (PID=4433) to work on /home/airflow/.local/lib/python3.7/site-packages/airflow/example_dags/example_subdag_operator.py
[2024-09-18T20:52:54.968+0000] {processor.py:640} INFO - Processing file /home/airflow/.local/lib/python3.7/site-packages/airflow/example_dags/example_subdag_operator.py for tasks to queue
[2024-09-18T20:52:54.968+0000] {logging_mixin.py:115} INFO - [2024-09-18T20:52:54.968+0000] {dagbag.py:508} INFO - Filling up the DagBag from /home/airflow/.local/lib/python3.7/site-packages/airflow/example_dags/example_subdag_operator.py
[2024-09-18T20:52:54.979+0000] {processor.py:650} INFO - DAG(s) dict_keys(['example_subdag_operator.section-1', 'example_subdag_operator.section-2', 'example_subdag_operator']) retrieved from /home/airflow/.local/lib/python3.7/site-packages/airflow/example_dags/example_subdag_operator.py
[2024-09-18T20:52:55.048+0000] {logging_mixin.py:115} INFO - [2024-09-18T20:52:55.048+0000] {dag.py:2429} INFO - Sync 3 DAGs
[2024-09-18T20:52:55.057+0000] {logging_mixin.py:115} INFO - [2024-09-18T20:52:55.057+0000] {dag.py:2981} INFO - Setting next_dagrun for example_subdag_operator to 2022-01-01T00:00:00+00:00, run_after=2022-01-01T00:00:00+00:00
[2024-09-18T20:52:55.059+0000] {logging_mixin.py:115} INFO - [2024-09-18T20:52:55.059+0000] {dag.py:2981} INFO - Setting next_dagrun for example_subdag_operator.section-1 to None, run_after=None
[2024-09-18T20:52:55.059+0000] {logging_mixin.py:115} INFO - [2024-09-18T20:52:55.059+0000] {dag.py:2981} INFO - Setting next_dagrun for example_subdag_operator.section-2 to None, run_after=None
[2024-09-18T20:52:55.062+0000] {logging_mixin.py:115} INFO - [2024-09-18T20:52:55.062+0000] {dag.py:2429} INFO - Sync 2 DAGs
[2024-09-18T20:52:55.066+0000] {logging_mixin.py:115} INFO - [2024-09-18T20:52:55.066+0000] {dag.py:2981} INFO - Setting next_dagrun for example_subdag_operator.section-1 to None, run_after=None
[2024-09-18T20:52:55.067+0000] {logging_mixin.py:115} INFO - [2024-09-18T20:52:55.067+0000] {dag.py:2981} INFO - Setting next_dagrun for example_subdag_operator.section-2 to None, run_after=None
[2024-09-18T20:52:55.070+0000] {processor.py:161} INFO - Processing /home/airflow/.local/lib/python3.7/site-packages/airflow/example_dags/example_subdag_operator.py took 0.106 seconds
[2024-09-18T20:53:25.085+0000] {processor.py:153} INFO - Started process (PID=4621) to work on /home/airflow/.local/lib/python3.7/site-packages/airflow/example_dags/example_subdag_operator.py
[2024-09-18T20:53:25.086+0000] {processor.py:640} INFO - Processing file /home/airflow/.local/lib/python3.7/site-packages/airflow/example_dags/example_subdag_operator.py for tasks to queue
[2024-09-18T20:53:25.086+0000] {logging_mixin.py:115} INFO - [2024-09-18T20:53:25.086+0000] {dagbag.py:508} INFO - Filling up the DagBag from /home/airflow/.local/lib/python3.7/site-packages/airflow/example_dags/example_subdag_operator.py
[2024-09-18T20:53:25.096+0000] {processor.py:650} INFO - DAG(s) dict_keys(['example_subdag_operator.section-1', 'example_subdag_operator.section-2', 'example_subdag_operator']) retrieved from /home/airflow/.local/lib/python3.7/site-packages/airflow/example_dags/example_subdag_operator.py
[2024-09-18T20:53:25.157+0000] {logging_mixin.py:115} INFO - [2024-09-18T20:53:25.157+0000] {dag.py:2429} INFO - Sync 3 DAGs
[2024-09-18T20:53:25.165+0000] {logging_mixin.py:115} INFO - [2024-09-18T20:53:25.165+0000] {dag.py:2981} INFO - Setting next_dagrun for example_subdag_operator to 2022-01-01T00:00:00+00:00, run_after=2022-01-01T00:00:00+00:00
[2024-09-18T20:53:25.165+0000] {logging_mixin.py:115} INFO - [2024-09-18T20:53:25.165+0000] {dag.py:2981} INFO - Setting next_dagrun for example_subdag_operator.section-1 to None, run_after=None
[2024-09-18T20:53:25.165+0000] {logging_mixin.py:115} INFO - [2024-09-18T20:53:25.165+0000] {dag.py:2981} INFO - Setting next_dagrun for example_subdag_operator.section-2 to None, run_after=None
[2024-09-18T20:53:25.167+0000] {logging_mixin.py:115} INFO - [2024-09-18T20:53:25.167+0000] {dag.py:2429} INFO - Sync 2 DAGs
[2024-09-18T20:53:25.169+0000] {logging_mixin.py:115} INFO - [2024-09-18T20:53:25.169+0000] {dag.py:2981} INFO - Setting next_dagrun for example_subdag_operator.section-1 to None, run_after=None
[2024-09-18T20:53:25.169+0000] {logging_mixin.py:115} INFO - [2024-09-18T20:53:25.169+0000] {dag.py:2981} INFO - Setting next_dagrun for example_subdag_operator.section-2 to None, run_after=None
[2024-09-18T20:53:25.172+0000] {processor.py:161} INFO - Processing /home/airflow/.local/lib/python3.7/site-packages/airflow/example_dags/example_subdag_operator.py took 0.088 seconds
[2024-09-18T20:53:55.209+0000] {processor.py:153} INFO - Started process (PID=4820) to work on /home/airflow/.local/lib/python3.7/site-packages/airflow/example_dags/example_subdag_operator.py
[2024-09-18T20:53:55.209+0000] {processor.py:640} INFO - Processing file /home/airflow/.local/lib/python3.7/site-packages/airflow/example_dags/example_subdag_operator.py for tasks to queue
[2024-09-18T20:53:55.210+0000] {logging_mixin.py:115} INFO - [2024-09-18T20:53:55.210+0000] {dagbag.py:508} INFO - Filling up the DagBag from /home/airflow/.local/lib/python3.7/site-packages/airflow/example_dags/example_subdag_operator.py
[2024-09-18T20:53:55.219+0000] {processor.py:650} INFO - DAG(s) dict_keys(['example_subdag_operator.section-1', 'example_subdag_operator.section-2', 'example_subdag_operator']) retrieved from /home/airflow/.local/lib/python3.7/site-packages/airflow/example_dags/example_subdag_operator.py
[2024-09-18T20:53:55.279+0000] {logging_mixin.py:115} INFO - [2024-09-18T20:53:55.279+0000] {dag.py:2429} INFO - Sync 3 DAGs
[2024-09-18T20:53:55.286+0000] {logging_mixin.py:115} INFO - [2024-09-18T20:53:55.286+0000] {dag.py:2981} INFO - Setting next_dagrun for example_subdag_operator to 2022-01-01T00:00:00+00:00, run_after=2022-01-01T00:00:00+00:00
[2024-09-18T20:53:55.287+0000] {logging_mixin.py:115} INFO - [2024-09-18T20:53:55.287+0000] {dag.py:2981} INFO - Setting next_dagrun for example_subdag_operator.section-1 to None, run_after=None
[2024-09-18T20:53:55.287+0000] {logging_mixin.py:115} INFO - [2024-09-18T20:53:55.287+0000] {dag.py:2981} INFO - Setting next_dagrun for example_subdag_operator.section-2 to None, run_after=None
[2024-09-18T20:53:55.289+0000] {logging_mixin.py:115} INFO - [2024-09-18T20:53:55.289+0000] {dag.py:2429} INFO - Sync 2 DAGs
[2024-09-18T20:53:55.291+0000] {logging_mixin.py:115} INFO - [2024-09-18T20:53:55.291+0000] {dag.py:2981} INFO - Setting next_dagrun for example_subdag_operator.section-1 to None, run_after=None
[2024-09-18T20:53:55.291+0000] {logging_mixin.py:115} INFO - [2024-09-18T20:53:55.291+0000] {dag.py:2981} INFO - Setting next_dagrun for example_subdag_operator.section-2 to None, run_after=None
[2024-09-18T20:53:55.294+0000] {processor.py:161} INFO - Processing /home/airflow/.local/lib/python3.7/site-packages/airflow/example_dags/example_subdag_operator.py took 0.086 seconds
[2024-09-18T20:54:25.328+0000] {processor.py:153} INFO - Started process (PID=5015) to work on /home/airflow/.local/lib/python3.7/site-packages/airflow/example_dags/example_subdag_operator.py
[2024-09-18T20:54:25.329+0000] {processor.py:640} INFO - Processing file /home/airflow/.local/lib/python3.7/site-packages/airflow/example_dags/example_subdag_operator.py for tasks to queue
[2024-09-18T20:54:25.330+0000] {logging_mixin.py:115} INFO - [2024-09-18T20:54:25.330+0000] {dagbag.py:508} INFO - Filling up the DagBag from /home/airflow/.local/lib/python3.7/site-packages/airflow/example_dags/example_subdag_operator.py
[2024-09-18T20:54:25.341+0000] {processor.py:650} INFO - DAG(s) dict_keys(['example_subdag_operator.section-1', 'example_subdag_operator.section-2', 'example_subdag_operator']) retrieved from /home/airflow/.local/lib/python3.7/site-packages/airflow/example_dags/example_subdag_operator.py
[2024-09-18T20:54:25.401+0000] {logging_mixin.py:115} INFO - [2024-09-18T20:54:25.401+0000] {dag.py:2429} INFO - Sync 3 DAGs
[2024-09-18T20:54:25.408+0000] {logging_mixin.py:115} INFO - [2024-09-18T20:54:25.408+0000] {dag.py:2981} INFO - Setting next_dagrun for example_subdag_operator to 2022-01-01T00:00:00+00:00, run_after=2022-01-01T00:00:00+00:00
[2024-09-18T20:54:25.409+0000] {logging_mixin.py:115} INFO - [2024-09-18T20:54:25.408+0000] {dag.py:2981} INFO - Setting next_dagrun for example_subdag_operator.section-1 to None, run_after=None
[2024-09-18T20:54:25.409+0000] {logging_mixin.py:115} INFO - [2024-09-18T20:54:25.409+0000] {dag.py:2981} INFO - Setting next_dagrun for example_subdag_operator.section-2 to None, run_after=None
[2024-09-18T20:54:25.411+0000] {logging_mixin.py:115} INFO - [2024-09-18T20:54:25.411+0000] {dag.py:2429} INFO - Sync 2 DAGs
[2024-09-18T20:54:25.413+0000] {logging_mixin.py:115} INFO - [2024-09-18T20:54:25.413+0000] {dag.py:2981} INFO - Setting next_dagrun for example_subdag_operator.section-1 to None, run_after=None
[2024-09-18T20:54:25.413+0000] {logging_mixin.py:115} INFO - [2024-09-18T20:54:25.413+0000] {dag.py:2981} INFO - Setting next_dagrun for example_subdag_operator.section-2 to None, run_after=None
[2024-09-18T20:54:25.416+0000] {processor.py:161} INFO - Processing /home/airflow/.local/lib/python3.7/site-packages/airflow/example_dags/example_subdag_operator.py took 0.089 seconds
[2024-09-18T20:54:55.694+0000] {processor.py:153} INFO - Started process (PID=5211) to work on /home/airflow/.local/lib/python3.7/site-packages/airflow/example_dags/example_subdag_operator.py
[2024-09-18T20:54:55.696+0000] {processor.py:640} INFO - Processing file /home/airflow/.local/lib/python3.7/site-packages/airflow/example_dags/example_subdag_operator.py for tasks to queue
[2024-09-18T20:54:55.697+0000] {logging_mixin.py:115} INFO - [2024-09-18T20:54:55.697+0000] {dagbag.py:508} INFO - Filling up the DagBag from /home/airflow/.local/lib/python3.7/site-packages/airflow/example_dags/example_subdag_operator.py
[2024-09-18T20:54:55.711+0000] {processor.py:650} INFO - DAG(s) dict_keys(['example_subdag_operator.section-1', 'example_subdag_operator.section-2', 'example_subdag_operator']) retrieved from /home/airflow/.local/lib/python3.7/site-packages/airflow/example_dags/example_subdag_operator.py
[2024-09-18T20:54:55.782+0000] {logging_mixin.py:115} INFO - [2024-09-18T20:54:55.782+0000] {dag.py:2429} INFO - Sync 3 DAGs
[2024-09-18T20:54:55.791+0000] {logging_mixin.py:115} INFO - [2024-09-18T20:54:55.791+0000] {dag.py:2981} INFO - Setting next_dagrun for example_subdag_operator to 2022-01-01T00:00:00+00:00, run_after=2022-01-01T00:00:00+00:00
[2024-09-18T20:54:55.792+0000] {logging_mixin.py:115} INFO - [2024-09-18T20:54:55.792+0000] {dag.py:2981} INFO - Setting next_dagrun for example_subdag_operator.section-1 to None, run_after=None
[2024-09-18T20:54:55.792+0000] {logging_mixin.py:115} INFO - [2024-09-18T20:54:55.792+0000] {dag.py:2981} INFO - Setting next_dagrun for example_subdag_operator.section-2 to None, run_after=None
[2024-09-18T20:54:55.795+0000] {logging_mixin.py:115} INFO - [2024-09-18T20:54:55.795+0000] {dag.py:2429} INFO - Sync 2 DAGs
[2024-09-18T20:54:55.798+0000] {logging_mixin.py:115} INFO - [2024-09-18T20:54:55.798+0000] {dag.py:2981} INFO - Setting next_dagrun for example_subdag_operator.section-1 to None, run_after=None
[2024-09-18T20:54:55.798+0000] {logging_mixin.py:115} INFO - [2024-09-18T20:54:55.798+0000] {dag.py:2981} INFO - Setting next_dagrun for example_subdag_operator.section-2 to None, run_after=None
[2024-09-18T20:54:55.804+0000] {processor.py:161} INFO - Processing /home/airflow/.local/lib/python3.7/site-packages/airflow/example_dags/example_subdag_operator.py took 0.111 seconds
[2024-09-18T20:55:25.816+0000] {processor.py:153} INFO - Started process (PID=5409) to work on /home/airflow/.local/lib/python3.7/site-packages/airflow/example_dags/example_subdag_operator.py
[2024-09-18T20:55:25.816+0000] {processor.py:640} INFO - Processing file /home/airflow/.local/lib/python3.7/site-packages/airflow/example_dags/example_subdag_operator.py for tasks to queue
[2024-09-18T20:55:25.816+0000] {logging_mixin.py:115} INFO - [2024-09-18T20:55:25.816+0000] {dagbag.py:508} INFO - Filling up the DagBag from /home/airflow/.local/lib/python3.7/site-packages/airflow/example_dags/example_subdag_operator.py
[2024-09-18T20:55:25.828+0000] {processor.py:650} INFO - DAG(s) dict_keys(['example_subdag_operator.section-1', 'example_subdag_operator.section-2', 'example_subdag_operator']) retrieved from /home/airflow/.local/lib/python3.7/site-packages/airflow/example_dags/example_subdag_operator.py
[2024-09-18T20:55:25.890+0000] {logging_mixin.py:115} INFO - [2024-09-18T20:55:25.890+0000] {dag.py:2429} INFO - Sync 3 DAGs
[2024-09-18T20:55:25.898+0000] {logging_mixin.py:115} INFO - [2024-09-18T20:55:25.898+0000] {dag.py:2981} INFO - Setting next_dagrun for example_subdag_operator to 2022-01-01T00:00:00+00:00, run_after=2022-01-01T00:00:00+00:00
[2024-09-18T20:55:25.898+0000] {logging_mixin.py:115} INFO - [2024-09-18T20:55:25.898+0000] {dag.py:2981} INFO - Setting next_dagrun for example_subdag_operator.section-1 to None, run_after=None
[2024-09-18T20:55:25.898+0000] {logging_mixin.py:115} INFO - [2024-09-18T20:55:25.898+0000] {dag.py:2981} INFO - Setting next_dagrun for example_subdag_operator.section-2 to None, run_after=None
[2024-09-18T20:55:25.901+0000] {logging_mixin.py:115} INFO - [2024-09-18T20:55:25.901+0000] {dag.py:2429} INFO - Sync 2 DAGs
[2024-09-18T20:55:25.903+0000] {logging_mixin.py:115} INFO - [2024-09-18T20:55:25.903+0000] {dag.py:2981} INFO - Setting next_dagrun for example_subdag_operator.section-1 to None, run_after=None
[2024-09-18T20:55:25.903+0000] {logging_mixin.py:115} INFO - [2024-09-18T20:55:25.903+0000] {dag.py:2981} INFO - Setting next_dagrun for example_subdag_operator.section-2 to None, run_after=None
[2024-09-18T20:55:25.906+0000] {processor.py:161} INFO - Processing /home/airflow/.local/lib/python3.7/site-packages/airflow/example_dags/example_subdag_operator.py took 0.091 seconds
[2024-09-18T20:55:55.968+0000] {processor.py:153} INFO - Started process (PID=5604) to work on /home/airflow/.local/lib/python3.7/site-packages/airflow/example_dags/example_subdag_operator.py
[2024-09-18T20:55:55.968+0000] {processor.py:640} INFO - Processing file /home/airflow/.local/lib/python3.7/site-packages/airflow/example_dags/example_subdag_operator.py for tasks to queue
[2024-09-18T20:55:55.968+0000] {logging_mixin.py:115} INFO - [2024-09-18T20:55:55.968+0000] {dagbag.py:508} INFO - Filling up the DagBag from /home/airflow/.local/lib/python3.7/site-packages/airflow/example_dags/example_subdag_operator.py
[2024-09-18T20:55:55.980+0000] {processor.py:650} INFO - DAG(s) dict_keys(['example_subdag_operator.section-1', 'example_subdag_operator.section-2', 'example_subdag_operator']) retrieved from /home/airflow/.local/lib/python3.7/site-packages/airflow/example_dags/example_subdag_operator.py
[2024-09-18T20:55:56.045+0000] {logging_mixin.py:115} INFO - [2024-09-18T20:55:56.045+0000] {dag.py:2429} INFO - Sync 3 DAGs
[2024-09-18T20:55:56.054+0000] {logging_mixin.py:115} INFO - [2024-09-18T20:55:56.054+0000] {dag.py:2981} INFO - Setting next_dagrun for example_subdag_operator to 2022-01-01T00:00:00+00:00, run_after=2022-01-01T00:00:00+00:00
[2024-09-18T20:55:56.055+0000] {logging_mixin.py:115} INFO - [2024-09-18T20:55:56.055+0000] {dag.py:2981} INFO - Setting next_dagrun for example_subdag_operator.section-1 to None, run_after=None
[2024-09-18T20:55:56.055+0000] {logging_mixin.py:115} INFO - [2024-09-18T20:55:56.055+0000] {dag.py:2981} INFO - Setting next_dagrun for example_subdag_operator.section-2 to None, run_after=None
[2024-09-18T20:55:56.058+0000] {logging_mixin.py:115} INFO - [2024-09-18T20:55:56.058+0000] {dag.py:2429} INFO - Sync 2 DAGs
[2024-09-18T20:55:56.060+0000] {logging_mixin.py:115} INFO - [2024-09-18T20:55:56.060+0000] {dag.py:2981} INFO - Setting next_dagrun for example_subdag_operator.section-1 to None, run_after=None
[2024-09-18T20:55:56.060+0000] {logging_mixin.py:115} INFO - [2024-09-18T20:55:56.060+0000] {dag.py:2981} INFO - Setting next_dagrun for example_subdag_operator.section-2 to None, run_after=None
[2024-09-18T20:55:56.063+0000] {processor.py:161} INFO - Processing /home/airflow/.local/lib/python3.7/site-packages/airflow/example_dags/example_subdag_operator.py took 0.097 seconds
[2024-09-18T20:56:26.086+0000] {processor.py:153} INFO - Started process (PID=5792) to work on /home/airflow/.local/lib/python3.7/site-packages/airflow/example_dags/example_subdag_operator.py
[2024-09-18T20:56:26.086+0000] {processor.py:640} INFO - Processing file /home/airflow/.local/lib/python3.7/site-packages/airflow/example_dags/example_subdag_operator.py for tasks to queue
[2024-09-18T20:56:26.087+0000] {logging_mixin.py:115} INFO - [2024-09-18T20:56:26.087+0000] {dagbag.py:508} INFO - Filling up the DagBag from /home/airflow/.local/lib/python3.7/site-packages/airflow/example_dags/example_subdag_operator.py
[2024-09-18T20:56:26.098+0000] {processor.py:650} INFO - DAG(s) dict_keys(['example_subdag_operator.section-1', 'example_subdag_operator.section-2', 'example_subdag_operator']) retrieved from /home/airflow/.local/lib/python3.7/site-packages/airflow/example_dags/example_subdag_operator.py
[2024-09-18T20:56:26.170+0000] {logging_mixin.py:115} INFO - [2024-09-18T20:56:26.170+0000] {dag.py:2429} INFO - Sync 3 DAGs
[2024-09-18T20:56:26.181+0000] {logging_mixin.py:115} INFO - [2024-09-18T20:56:26.181+0000] {dag.py:2981} INFO - Setting next_dagrun for example_subdag_operator to 2022-01-01T00:00:00+00:00, run_after=2022-01-01T00:00:00+00:00
[2024-09-18T20:56:26.181+0000] {logging_mixin.py:115} INFO - [2024-09-18T20:56:26.181+0000] {dag.py:2981} INFO - Setting next_dagrun for example_subdag_operator.section-1 to None, run_after=None
[2024-09-18T20:56:26.182+0000] {logging_mixin.py:115} INFO - [2024-09-18T20:56:26.182+0000] {dag.py:2981} INFO - Setting next_dagrun for example_subdag_operator.section-2 to None, run_after=None
[2024-09-18T20:56:26.185+0000] {logging_mixin.py:115} INFO - [2024-09-18T20:56:26.185+0000] {dag.py:2429} INFO - Sync 2 DAGs
[2024-09-18T20:56:26.187+0000] {logging_mixin.py:115} INFO - [2024-09-18T20:56:26.187+0000] {dag.py:2981} INFO - Setting next_dagrun for example_subdag_operator.section-1 to None, run_after=None
[2024-09-18T20:56:26.187+0000] {logging_mixin.py:115} INFO - [2024-09-18T20:56:26.187+0000] {dag.py:2981} INFO - Setting next_dagrun for example_subdag_operator.section-2 to None, run_after=None
[2024-09-18T20:56:26.190+0000] {processor.py:161} INFO - Processing /home/airflow/.local/lib/python3.7/site-packages/airflow/example_dags/example_subdag_operator.py took 0.106 seconds
[2024-09-18T20:56:57.175+0000] {processor.py:153} INFO - Started process (PID=5991) to work on /home/airflow/.local/lib/python3.7/site-packages/airflow/example_dags/example_subdag_operator.py
[2024-09-18T20:56:57.176+0000] {processor.py:640} INFO - Processing file /home/airflow/.local/lib/python3.7/site-packages/airflow/example_dags/example_subdag_operator.py for tasks to queue
[2024-09-18T20:56:57.176+0000] {logging_mixin.py:115} INFO - [2024-09-18T20:56:57.176+0000] {dagbag.py:508} INFO - Filling up the DagBag from /home/airflow/.local/lib/python3.7/site-packages/airflow/example_dags/example_subdag_operator.py
[2024-09-18T20:56:57.197+0000] {processor.py:650} INFO - DAG(s) dict_keys(['example_subdag_operator.section-1', 'example_subdag_operator.section-2', 'example_subdag_operator']) retrieved from /home/airflow/.local/lib/python3.7/site-packages/airflow/example_dags/example_subdag_operator.py
[2024-09-18T20:56:57.264+0000] {logging_mixin.py:115} INFO - [2024-09-18T20:56:57.264+0000] {dag.py:2429} INFO - Sync 3 DAGs
[2024-09-18T20:56:57.272+0000] {logging_mixin.py:115} INFO - [2024-09-18T20:56:57.272+0000] {dag.py:2981} INFO - Setting next_dagrun for example_subdag_operator to 2022-01-01T00:00:00+00:00, run_after=2022-01-01T00:00:00+00:00
[2024-09-18T20:56:57.273+0000] {logging_mixin.py:115} INFO - [2024-09-18T20:56:57.273+0000] {dag.py:2981} INFO - Setting next_dagrun for example_subdag_operator.section-1 to None, run_after=None
[2024-09-18T20:56:57.273+0000] {logging_mixin.py:115} INFO - [2024-09-18T20:56:57.273+0000] {dag.py:2981} INFO - Setting next_dagrun for example_subdag_operator.section-2 to None, run_after=None
[2024-09-18T20:56:57.276+0000] {logging_mixin.py:115} INFO - [2024-09-18T20:56:57.276+0000] {dag.py:2429} INFO - Sync 2 DAGs
[2024-09-18T20:56:57.278+0000] {logging_mixin.py:115} INFO - [2024-09-18T20:56:57.278+0000] {dag.py:2981} INFO - Setting next_dagrun for example_subdag_operator.section-1 to None, run_after=None
[2024-09-18T20:56:57.280+0000] {logging_mixin.py:115} INFO - [2024-09-18T20:56:57.280+0000] {dag.py:2981} INFO - Setting next_dagrun for example_subdag_operator.section-2 to None, run_after=None
[2024-09-18T20:56:57.283+0000] {processor.py:161} INFO - Processing /home/airflow/.local/lib/python3.7/site-packages/airflow/example_dags/example_subdag_operator.py took 0.111 seconds
[2024-09-18T20:57:27.314+0000] {processor.py:153} INFO - Started process (PID=6188) to work on /home/airflow/.local/lib/python3.7/site-packages/airflow/example_dags/example_subdag_operator.py
[2024-09-18T20:57:27.315+0000] {processor.py:640} INFO - Processing file /home/airflow/.local/lib/python3.7/site-packages/airflow/example_dags/example_subdag_operator.py for tasks to queue
[2024-09-18T20:57:27.315+0000] {logging_mixin.py:115} INFO - [2024-09-18T20:57:27.315+0000] {dagbag.py:508} INFO - Filling up the DagBag from /home/airflow/.local/lib/python3.7/site-packages/airflow/example_dags/example_subdag_operator.py
[2024-09-18T20:57:27.332+0000] {processor.py:650} INFO - DAG(s) dict_keys(['example_subdag_operator.section-1', 'example_subdag_operator.section-2', 'example_subdag_operator']) retrieved from /home/airflow/.local/lib/python3.7/site-packages/airflow/example_dags/example_subdag_operator.py
[2024-09-18T20:57:27.405+0000] {logging_mixin.py:115} INFO - [2024-09-18T20:57:27.405+0000] {dag.py:2429} INFO - Sync 3 DAGs
[2024-09-18T20:57:27.413+0000] {logging_mixin.py:115} INFO - [2024-09-18T20:57:27.413+0000] {dag.py:2981} INFO - Setting next_dagrun for example_subdag_operator to 2022-01-01T00:00:00+00:00, run_after=2022-01-01T00:00:00+00:00
[2024-09-18T20:57:27.414+0000] {logging_mixin.py:115} INFO - [2024-09-18T20:57:27.414+0000] {dag.py:2981} INFO - Setting next_dagrun for example_subdag_operator.section-1 to None, run_after=None
[2024-09-18T20:57:27.414+0000] {logging_mixin.py:115} INFO - [2024-09-18T20:57:27.414+0000] {dag.py:2981} INFO - Setting next_dagrun for example_subdag_operator.section-2 to None, run_after=None
[2024-09-18T20:57:27.417+0000] {logging_mixin.py:115} INFO - [2024-09-18T20:57:27.417+0000] {dag.py:2429} INFO - Sync 2 DAGs
[2024-09-18T20:57:27.421+0000] {logging_mixin.py:115} INFO - [2024-09-18T20:57:27.419+0000] {dag.py:2981} INFO - Setting next_dagrun for example_subdag_operator.section-1 to None, run_after=None
[2024-09-18T20:57:27.421+0000] {logging_mixin.py:115} INFO - [2024-09-18T20:57:27.421+0000] {dag.py:2981} INFO - Setting next_dagrun for example_subdag_operator.section-2 to None, run_after=None
[2024-09-18T20:57:27.424+0000] {processor.py:161} INFO - Processing /home/airflow/.local/lib/python3.7/site-packages/airflow/example_dags/example_subdag_operator.py took 0.113 seconds
[2024-09-18T20:57:57.529+0000] {processor.py:153} INFO - Started process (PID=6385) to work on /home/airflow/.local/lib/python3.7/site-packages/airflow/example_dags/example_subdag_operator.py
[2024-09-18T20:57:57.532+0000] {processor.py:640} INFO - Processing file /home/airflow/.local/lib/python3.7/site-packages/airflow/example_dags/example_subdag_operator.py for tasks to queue
[2024-09-18T20:57:57.534+0000] {logging_mixin.py:115} INFO - [2024-09-18T20:57:57.533+0000] {dagbag.py:508} INFO - Filling up the DagBag from /home/airflow/.local/lib/python3.7/site-packages/airflow/example_dags/example_subdag_operator.py
[2024-09-18T20:57:57.553+0000] {processor.py:650} INFO - DAG(s) dict_keys(['example_subdag_operator.section-1', 'example_subdag_operator.section-2', 'example_subdag_operator']) retrieved from /home/airflow/.local/lib/python3.7/site-packages/airflow/example_dags/example_subdag_operator.py
[2024-09-18T20:57:57.625+0000] {logging_mixin.py:115} INFO - [2024-09-18T20:57:57.625+0000] {dag.py:2429} INFO - Sync 3 DAGs
[2024-09-18T20:57:57.636+0000] {logging_mixin.py:115} INFO - [2024-09-18T20:57:57.636+0000] {dag.py:2981} INFO - Setting next_dagrun for example_subdag_operator to 2022-01-01T00:00:00+00:00, run_after=2022-01-01T00:00:00+00:00
[2024-09-18T20:57:57.636+0000] {logging_mixin.py:115} INFO - [2024-09-18T20:57:57.636+0000] {dag.py:2981} INFO - Setting next_dagrun for example_subdag_operator.section-1 to None, run_after=None
[2024-09-18T20:57:57.636+0000] {logging_mixin.py:115} INFO - [2024-09-18T20:57:57.636+0000] {dag.py:2981} INFO - Setting next_dagrun for example_subdag_operator.section-2 to None, run_after=None
[2024-09-18T20:57:57.639+0000] {logging_mixin.py:115} INFO - [2024-09-18T20:57:57.639+0000] {dag.py:2429} INFO - Sync 2 DAGs
[2024-09-18T20:57:57.641+0000] {logging_mixin.py:115} INFO - [2024-09-18T20:57:57.641+0000] {dag.py:2981} INFO - Setting next_dagrun for example_subdag_operator.section-1 to None, run_after=None
[2024-09-18T20:57:57.641+0000] {logging_mixin.py:115} INFO - [2024-09-18T20:57:57.641+0000] {dag.py:2981} INFO - Setting next_dagrun for example_subdag_operator.section-2 to None, run_after=None
[2024-09-18T20:57:57.644+0000] {processor.py:161} INFO - Processing /home/airflow/.local/lib/python3.7/site-packages/airflow/example_dags/example_subdag_operator.py took 0.119 seconds
[2024-09-18T20:58:27.673+0000] {processor.py:153} INFO - Started process (PID=6581) to work on /home/airflow/.local/lib/python3.7/site-packages/airflow/example_dags/example_subdag_operator.py
[2024-09-18T20:58:27.673+0000] {processor.py:640} INFO - Processing file /home/airflow/.local/lib/python3.7/site-packages/airflow/example_dags/example_subdag_operator.py for tasks to queue
[2024-09-18T20:58:27.674+0000] {logging_mixin.py:115} INFO - [2024-09-18T20:58:27.673+0000] {dagbag.py:508} INFO - Filling up the DagBag from /home/airflow/.local/lib/python3.7/site-packages/airflow/example_dags/example_subdag_operator.py
[2024-09-18T20:58:27.690+0000] {processor.py:650} INFO - DAG(s) dict_keys(['example_subdag_operator.section-1', 'example_subdag_operator.section-2', 'example_subdag_operator']) retrieved from /home/airflow/.local/lib/python3.7/site-packages/airflow/example_dags/example_subdag_operator.py
[2024-09-18T20:58:27.760+0000] {logging_mixin.py:115} INFO - [2024-09-18T20:58:27.760+0000] {dag.py:2429} INFO - Sync 3 DAGs
[2024-09-18T20:58:27.768+0000] {logging_mixin.py:115} INFO - [2024-09-18T20:58:27.768+0000] {dag.py:2981} INFO - Setting next_dagrun for example_subdag_operator to 2022-01-01T00:00:00+00:00, run_after=2022-01-01T00:00:00+00:00
[2024-09-18T20:58:27.769+0000] {logging_mixin.py:115} INFO - [2024-09-18T20:58:27.769+0000] {dag.py:2981} INFO - Setting next_dagrun for example_subdag_operator.section-1 to None, run_after=None
[2024-09-18T20:58:27.769+0000] {logging_mixin.py:115} INFO - [2024-09-18T20:58:27.769+0000] {dag.py:2981} INFO - Setting next_dagrun for example_subdag_operator.section-2 to None, run_after=None
[2024-09-18T20:58:27.774+0000] {logging_mixin.py:115} INFO - [2024-09-18T20:58:27.774+0000] {dag.py:2429} INFO - Sync 2 DAGs
[2024-09-18T20:58:27.777+0000] {logging_mixin.py:115} INFO - [2024-09-18T20:58:27.777+0000] {dag.py:2981} INFO - Setting next_dagrun for example_subdag_operator.section-1 to None, run_after=None
[2024-09-18T20:58:27.777+0000] {logging_mixin.py:115} INFO - [2024-09-18T20:58:27.777+0000] {dag.py:2981} INFO - Setting next_dagrun for example_subdag_operator.section-2 to None, run_after=None
[2024-09-18T20:58:27.780+0000] {processor.py:161} INFO - Processing /home/airflow/.local/lib/python3.7/site-packages/airflow/example_dags/example_subdag_operator.py took 0.110 seconds
[2024-09-18T20:58:57.956+0000] {processor.py:153} INFO - Started process (PID=6778) to work on /home/airflow/.local/lib/python3.7/site-packages/airflow/example_dags/example_subdag_operator.py
[2024-09-18T20:58:57.957+0000] {processor.py:640} INFO - Processing file /home/airflow/.local/lib/python3.7/site-packages/airflow/example_dags/example_subdag_operator.py for tasks to queue
[2024-09-18T20:58:57.958+0000] {logging_mixin.py:115} INFO - [2024-09-18T20:58:57.958+0000] {dagbag.py:508} INFO - Filling up the DagBag from /home/airflow/.local/lib/python3.7/site-packages/airflow/example_dags/example_subdag_operator.py
[2024-09-18T20:58:57.978+0000] {processor.py:650} INFO - DAG(s) dict_keys(['example_subdag_operator.section-1', 'example_subdag_operator.section-2', 'example_subdag_operator']) retrieved from /home/airflow/.local/lib/python3.7/site-packages/airflow/example_dags/example_subdag_operator.py
[2024-09-18T20:58:58.049+0000] {logging_mixin.py:115} INFO - [2024-09-18T20:58:58.049+0000] {dag.py:2429} INFO - Sync 3 DAGs
[2024-09-18T20:58:58.058+0000] {logging_mixin.py:115} INFO - [2024-09-18T20:58:58.058+0000] {dag.py:2981} INFO - Setting next_dagrun for example_subdag_operator to 2022-01-01T00:00:00+00:00, run_after=2022-01-01T00:00:00+00:00
[2024-09-18T20:58:58.059+0000] {logging_mixin.py:115} INFO - [2024-09-18T20:58:58.059+0000] {dag.py:2981} INFO - Setting next_dagrun for example_subdag_operator.section-1 to None, run_after=None
[2024-09-18T20:58:58.059+0000] {logging_mixin.py:115} INFO - [2024-09-18T20:58:58.059+0000] {dag.py:2981} INFO - Setting next_dagrun for example_subdag_operator.section-2 to None, run_after=None
[2024-09-18T20:58:58.062+0000] {logging_mixin.py:115} INFO - [2024-09-18T20:58:58.062+0000] {dag.py:2429} INFO - Sync 2 DAGs
[2024-09-18T20:58:58.065+0000] {logging_mixin.py:115} INFO - [2024-09-18T20:58:58.065+0000] {dag.py:2981} INFO - Setting next_dagrun for example_subdag_operator.section-1 to None, run_after=None
[2024-09-18T20:58:58.066+0000] {logging_mixin.py:115} INFO - [2024-09-18T20:58:58.066+0000] {dag.py:2981} INFO - Setting next_dagrun for example_subdag_operator.section-2 to None, run_after=None
[2024-09-18T20:58:58.069+0000] {processor.py:161} INFO - Processing /home/airflow/.local/lib/python3.7/site-packages/airflow/example_dags/example_subdag_operator.py took 0.116 seconds
[2024-09-18T20:59:28.225+0000] {processor.py:153} INFO - Started process (PID=6973) to work on /home/airflow/.local/lib/python3.7/site-packages/airflow/example_dags/example_subdag_operator.py
[2024-09-18T20:59:28.226+0000] {processor.py:640} INFO - Processing file /home/airflow/.local/lib/python3.7/site-packages/airflow/example_dags/example_subdag_operator.py for tasks to queue
[2024-09-18T20:59:28.227+0000] {logging_mixin.py:115} INFO - [2024-09-18T20:59:28.227+0000] {dagbag.py:508} INFO - Filling up the DagBag from /home/airflow/.local/lib/python3.7/site-packages/airflow/example_dags/example_subdag_operator.py
[2024-09-18T20:59:28.248+0000] {processor.py:650} INFO - DAG(s) dict_keys(['example_subdag_operator.section-1', 'example_subdag_operator.section-2', 'example_subdag_operator']) retrieved from /home/airflow/.local/lib/python3.7/site-packages/airflow/example_dags/example_subdag_operator.py
[2024-09-18T20:59:28.326+0000] {logging_mixin.py:115} INFO - [2024-09-18T20:59:28.326+0000] {dag.py:2429} INFO - Sync 3 DAGs
[2024-09-18T20:59:28.336+0000] {logging_mixin.py:115} INFO - [2024-09-18T20:59:28.336+0000] {dag.py:2981} INFO - Setting next_dagrun for example_subdag_operator to 2022-01-01T00:00:00+00:00, run_after=2022-01-01T00:00:00+00:00
[2024-09-18T20:59:28.337+0000] {logging_mixin.py:115} INFO - [2024-09-18T20:59:28.336+0000] {dag.py:2981} INFO - Setting next_dagrun for example_subdag_operator.section-1 to None, run_after=None
[2024-09-18T20:59:28.337+0000] {logging_mixin.py:115} INFO - [2024-09-18T20:59:28.337+0000] {dag.py:2981} INFO - Setting next_dagrun for example_subdag_operator.section-2 to None, run_after=None
[2024-09-18T20:59:28.341+0000] {logging_mixin.py:115} INFO - [2024-09-18T20:59:28.341+0000] {dag.py:2429} INFO - Sync 2 DAGs
[2024-09-18T20:59:28.344+0000] {logging_mixin.py:115} INFO - [2024-09-18T20:59:28.344+0000] {dag.py:2981} INFO - Setting next_dagrun for example_subdag_operator.section-1 to None, run_after=None
[2024-09-18T20:59:28.344+0000] {logging_mixin.py:115} INFO - [2024-09-18T20:59:28.344+0000] {dag.py:2981} INFO - Setting next_dagrun for example_subdag_operator.section-2 to None, run_after=None
[2024-09-18T20:59:28.349+0000] {processor.py:161} INFO - Processing /home/airflow/.local/lib/python3.7/site-packages/airflow/example_dags/example_subdag_operator.py took 0.127 seconds
[2024-09-18T20:59:58.406+0000] {processor.py:153} INFO - Started process (PID=7163) to work on /home/airflow/.local/lib/python3.7/site-packages/airflow/example_dags/example_subdag_operator.py
[2024-09-18T20:59:58.407+0000] {processor.py:640} INFO - Processing file /home/airflow/.local/lib/python3.7/site-packages/airflow/example_dags/example_subdag_operator.py for tasks to queue
[2024-09-18T20:59:58.408+0000] {logging_mixin.py:115} INFO - [2024-09-18T20:59:58.408+0000] {dagbag.py:508} INFO - Filling up the DagBag from /home/airflow/.local/lib/python3.7/site-packages/airflow/example_dags/example_subdag_operator.py
[2024-09-18T20:59:58.429+0000] {processor.py:650} INFO - DAG(s) dict_keys(['example_subdag_operator.section-1', 'example_subdag_operator.section-2', 'example_subdag_operator']) retrieved from /home/airflow/.local/lib/python3.7/site-packages/airflow/example_dags/example_subdag_operator.py
[2024-09-18T20:59:58.502+0000] {logging_mixin.py:115} INFO - [2024-09-18T20:59:58.502+0000] {dag.py:2429} INFO - Sync 3 DAGs
[2024-09-18T20:59:58.511+0000] {logging_mixin.py:115} INFO - [2024-09-18T20:59:58.511+0000] {dag.py:2981} INFO - Setting next_dagrun for example_subdag_operator to 2022-01-01T00:00:00+00:00, run_after=2022-01-01T00:00:00+00:00
[2024-09-18T20:59:58.513+0000] {logging_mixin.py:115} INFO - [2024-09-18T20:59:58.513+0000] {dag.py:2981} INFO - Setting next_dagrun for example_subdag_operator.section-1 to None, run_after=None
[2024-09-18T20:59:58.513+0000] {logging_mixin.py:115} INFO - [2024-09-18T20:59:58.513+0000] {dag.py:2981} INFO - Setting next_dagrun for example_subdag_operator.section-2 to None, run_after=None
[2024-09-18T20:59:58.516+0000] {logging_mixin.py:115} INFO - [2024-09-18T20:59:58.516+0000] {dag.py:2429} INFO - Sync 2 DAGs
[2024-09-18T20:59:58.519+0000] {logging_mixin.py:115} INFO - [2024-09-18T20:59:58.519+0000] {dag.py:2981} INFO - Setting next_dagrun for example_subdag_operator.section-1 to None, run_after=None
[2024-09-18T20:59:58.520+0000] {logging_mixin.py:115} INFO - [2024-09-18T20:59:58.520+0000] {dag.py:2981} INFO - Setting next_dagrun for example_subdag_operator.section-2 to None, run_after=None
[2024-09-18T20:59:58.523+0000] {processor.py:161} INFO - Processing /home/airflow/.local/lib/python3.7/site-packages/airflow/example_dags/example_subdag_operator.py took 0.121 seconds
[2024-09-18T21:00:28.662+0000] {processor.py:153} INFO - Started process (PID=7360) to work on /home/airflow/.local/lib/python3.7/site-packages/airflow/example_dags/example_subdag_operator.py
[2024-09-18T21:00:28.662+0000] {processor.py:640} INFO - Processing file /home/airflow/.local/lib/python3.7/site-packages/airflow/example_dags/example_subdag_operator.py for tasks to queue
[2024-09-18T21:00:28.663+0000] {logging_mixin.py:115} INFO - [2024-09-18T21:00:28.663+0000] {dagbag.py:508} INFO - Filling up the DagBag from /home/airflow/.local/lib/python3.7/site-packages/airflow/example_dags/example_subdag_operator.py
[2024-09-18T21:00:28.681+0000] {processor.py:650} INFO - DAG(s) dict_keys(['example_subdag_operator.section-1', 'example_subdag_operator.section-2', 'example_subdag_operator']) retrieved from /home/airflow/.local/lib/python3.7/site-packages/airflow/example_dags/example_subdag_operator.py
[2024-09-18T21:00:28.753+0000] {logging_mixin.py:115} INFO - [2024-09-18T21:00:28.753+0000] {dag.py:2429} INFO - Sync 3 DAGs
[2024-09-18T21:00:28.763+0000] {logging_mixin.py:115} INFO - [2024-09-18T21:00:28.763+0000] {dag.py:2981} INFO - Setting next_dagrun for example_subdag_operator to 2022-01-01T00:00:00+00:00, run_after=2022-01-01T00:00:00+00:00
[2024-09-18T21:00:28.764+0000] {logging_mixin.py:115} INFO - [2024-09-18T21:00:28.764+0000] {dag.py:2981} INFO - Setting next_dagrun for example_subdag_operator.section-1 to None, run_after=None
[2024-09-18T21:00:28.764+0000] {logging_mixin.py:115} INFO - [2024-09-18T21:00:28.764+0000] {dag.py:2981} INFO - Setting next_dagrun for example_subdag_operator.section-2 to None, run_after=None
[2024-09-18T21:00:28.767+0000] {logging_mixin.py:115} INFO - [2024-09-18T21:00:28.767+0000] {dag.py:2429} INFO - Sync 2 DAGs
[2024-09-18T21:00:28.771+0000] {logging_mixin.py:115} INFO - [2024-09-18T21:00:28.771+0000] {dag.py:2981} INFO - Setting next_dagrun for example_subdag_operator.section-1 to None, run_after=None
[2024-09-18T21:00:28.771+0000] {logging_mixin.py:115} INFO - [2024-09-18T21:00:28.771+0000] {dag.py:2981} INFO - Setting next_dagrun for example_subdag_operator.section-2 to None, run_after=None
[2024-09-18T21:00:28.774+0000] {processor.py:161} INFO - Processing /home/airflow/.local/lib/python3.7/site-packages/airflow/example_dags/example_subdag_operator.py took 0.114 seconds
