[2024-09-18T20:42:19.746+0000] {processor.py:153} INFO - Started process (PID=230) to work on /home/airflow/.local/lib/python3.7/site-packages/airflow/example_dags/example_kubernetes_executor.py
[2024-09-18T20:42:19.746+0000] {processor.py:640} INFO - Processing file /home/airflow/.local/lib/python3.7/site-packages/airflow/example_dags/example_kubernetes_executor.py for tasks to queue
[2024-09-18T20:42:19.747+0000] {logging_mixin.py:115} INFO - [2024-09-18T20:42:19.747+0000] {dagbag.py:508} INFO - Filling up the DagBag from /home/airflow/.local/lib/python3.7/site-packages/airflow/example_dags/example_kubernetes_executor.py
[2024-09-18T20:42:19.760+0000] {processor.py:650} INFO - DAG(s) dict_keys(['example_kubernetes_executor']) retrieved from /home/airflow/.local/lib/python3.7/site-packages/airflow/example_dags/example_kubernetes_executor.py
[2024-09-18T20:42:19.805+0000] {logging_mixin.py:115} INFO - [2024-09-18T20:42:19.804+0000] {manager.py:508} INFO - Created Permission View: can edit on DAG:example_kubernetes_executor
[2024-09-18T20:42:19.810+0000] {logging_mixin.py:115} INFO - [2024-09-18T20:42:19.810+0000] {manager.py:508} INFO - Created Permission View: can read on DAG:example_kubernetes_executor
[2024-09-18T20:42:19.814+0000] {logging_mixin.py:115} INFO - [2024-09-18T20:42:19.814+0000] {manager.py:508} INFO - Created Permission View: can delete on DAG:example_kubernetes_executor
[2024-09-18T20:42:19.814+0000] {logging_mixin.py:115} INFO - [2024-09-18T20:42:19.814+0000] {dag.py:2429} INFO - Sync 1 DAGs
[2024-09-18T20:42:19.818+0000] {logging_mixin.py:115} INFO - [2024-09-18T20:42:19.818+0000] {dag.py:2448} INFO - Creating ORM DAG for example_kubernetes_executor
[2024-09-18T20:42:19.824+0000] {logging_mixin.py:115} INFO - [2024-09-18T20:42:19.824+0000] {dag.py:2981} INFO - Setting next_dagrun for example_kubernetes_executor to None, run_after=None
[2024-09-18T20:42:19.835+0000] {processor.py:161} INFO - Processing /home/airflow/.local/lib/python3.7/site-packages/airflow/example_dags/example_kubernetes_executor.py took 0.091 seconds
[2024-09-18T20:42:50.422+0000] {processor.py:153} INFO - Started process (PID=424) to work on /home/airflow/.local/lib/python3.7/site-packages/airflow/example_dags/example_kubernetes_executor.py
[2024-09-18T20:42:50.423+0000] {processor.py:640} INFO - Processing file /home/airflow/.local/lib/python3.7/site-packages/airflow/example_dags/example_kubernetes_executor.py for tasks to queue
[2024-09-18T20:42:50.424+0000] {logging_mixin.py:115} INFO - [2024-09-18T20:42:50.424+0000] {dagbag.py:508} INFO - Filling up the DagBag from /home/airflow/.local/lib/python3.7/site-packages/airflow/example_dags/example_kubernetes_executor.py
[2024-09-18T20:42:50.433+0000] {processor.py:650} INFO - DAG(s) dict_keys(['example_kubernetes_executor']) retrieved from /home/airflow/.local/lib/python3.7/site-packages/airflow/example_dags/example_kubernetes_executor.py
[2024-09-18T20:42:50.448+0000] {logging_mixin.py:115} INFO - [2024-09-18T20:42:50.448+0000] {dag.py:2429} INFO - Sync 1 DAGs
[2024-09-18T20:42:50.459+0000] {logging_mixin.py:115} INFO - [2024-09-18T20:42:50.458+0000] {dag.py:2981} INFO - Setting next_dagrun for example_kubernetes_executor to None, run_after=None
[2024-09-18T20:42:50.463+0000] {processor.py:161} INFO - Processing /home/airflow/.local/lib/python3.7/site-packages/airflow/example_dags/example_kubernetes_executor.py took 0.042 seconds
[2024-09-18T20:43:20.622+0000] {processor.py:153} INFO - Started process (PID=621) to work on /home/airflow/.local/lib/python3.7/site-packages/airflow/example_dags/example_kubernetes_executor.py
[2024-09-18T20:43:20.624+0000] {processor.py:640} INFO - Processing file /home/airflow/.local/lib/python3.7/site-packages/airflow/example_dags/example_kubernetes_executor.py for tasks to queue
[2024-09-18T20:43:20.624+0000] {logging_mixin.py:115} INFO - [2024-09-18T20:43:20.624+0000] {dagbag.py:508} INFO - Filling up the DagBag from /home/airflow/.local/lib/python3.7/site-packages/airflow/example_dags/example_kubernetes_executor.py
[2024-09-18T20:43:20.634+0000] {processor.py:650} INFO - DAG(s) dict_keys(['example_kubernetes_executor']) retrieved from /home/airflow/.local/lib/python3.7/site-packages/airflow/example_dags/example_kubernetes_executor.py
[2024-09-18T20:43:20.649+0000] {logging_mixin.py:115} INFO - [2024-09-18T20:43:20.649+0000] {dag.py:2429} INFO - Sync 1 DAGs
[2024-09-18T20:43:20.660+0000] {logging_mixin.py:115} INFO - [2024-09-18T20:43:20.660+0000] {dag.py:2981} INFO - Setting next_dagrun for example_kubernetes_executor to None, run_after=None
[2024-09-18T20:43:20.665+0000] {processor.py:161} INFO - Processing /home/airflow/.local/lib/python3.7/site-packages/airflow/example_dags/example_kubernetes_executor.py took 0.044 seconds
[2024-09-18T20:43:50.872+0000] {processor.py:153} INFO - Started process (PID=818) to work on /home/airflow/.local/lib/python3.7/site-packages/airflow/example_dags/example_kubernetes_executor.py
[2024-09-18T20:43:50.872+0000] {processor.py:640} INFO - Processing file /home/airflow/.local/lib/python3.7/site-packages/airflow/example_dags/example_kubernetes_executor.py for tasks to queue
[2024-09-18T20:43:50.873+0000] {logging_mixin.py:115} INFO - [2024-09-18T20:43:50.873+0000] {dagbag.py:508} INFO - Filling up the DagBag from /home/airflow/.local/lib/python3.7/site-packages/airflow/example_dags/example_kubernetes_executor.py
[2024-09-18T20:43:50.885+0000] {processor.py:650} INFO - DAG(s) dict_keys(['example_kubernetes_executor']) retrieved from /home/airflow/.local/lib/python3.7/site-packages/airflow/example_dags/example_kubernetes_executor.py
[2024-09-18T20:43:50.897+0000] {logging_mixin.py:115} INFO - [2024-09-18T20:43:50.897+0000] {dag.py:2429} INFO - Sync 1 DAGs
[2024-09-18T20:43:50.910+0000] {logging_mixin.py:115} INFO - [2024-09-18T20:43:50.910+0000] {dag.py:2981} INFO - Setting next_dagrun for example_kubernetes_executor to None, run_after=None
[2024-09-18T20:43:50.916+0000] {processor.py:161} INFO - Processing /home/airflow/.local/lib/python3.7/site-packages/airflow/example_dags/example_kubernetes_executor.py took 0.046 seconds
[2024-09-18T20:44:21.049+0000] {processor.py:153} INFO - Started process (PID=1026) to work on /home/airflow/.local/lib/python3.7/site-packages/airflow/example_dags/example_kubernetes_executor.py
[2024-09-18T20:44:21.049+0000] {processor.py:640} INFO - Processing file /home/airflow/.local/lib/python3.7/site-packages/airflow/example_dags/example_kubernetes_executor.py for tasks to queue
[2024-09-18T20:44:21.050+0000] {logging_mixin.py:115} INFO - [2024-09-18T20:44:21.050+0000] {dagbag.py:508} INFO - Filling up the DagBag from /home/airflow/.local/lib/python3.7/site-packages/airflow/example_dags/example_kubernetes_executor.py
[2024-09-18T20:44:21.060+0000] {processor.py:650} INFO - DAG(s) dict_keys(['example_kubernetes_executor']) retrieved from /home/airflow/.local/lib/python3.7/site-packages/airflow/example_dags/example_kubernetes_executor.py
[2024-09-18T20:44:21.071+0000] {logging_mixin.py:115} INFO - [2024-09-18T20:44:21.071+0000] {dag.py:2429} INFO - Sync 1 DAGs
[2024-09-18T20:44:21.084+0000] {logging_mixin.py:115} INFO - [2024-09-18T20:44:21.084+0000] {dag.py:2981} INFO - Setting next_dagrun for example_kubernetes_executor to None, run_after=None
[2024-09-18T20:44:21.090+0000] {processor.py:161} INFO - Processing /home/airflow/.local/lib/python3.7/site-packages/airflow/example_dags/example_kubernetes_executor.py took 0.042 seconds
[2024-09-18T20:44:51.286+0000] {processor.py:153} INFO - Started process (PID=1221) to work on /home/airflow/.local/lib/python3.7/site-packages/airflow/example_dags/example_kubernetes_executor.py
[2024-09-18T20:44:51.287+0000] {processor.py:640} INFO - Processing file /home/airflow/.local/lib/python3.7/site-packages/airflow/example_dags/example_kubernetes_executor.py for tasks to queue
[2024-09-18T20:44:51.287+0000] {logging_mixin.py:115} INFO - [2024-09-18T20:44:51.287+0000] {dagbag.py:508} INFO - Filling up the DagBag from /home/airflow/.local/lib/python3.7/site-packages/airflow/example_dags/example_kubernetes_executor.py
[2024-09-18T20:44:51.300+0000] {processor.py:650} INFO - DAG(s) dict_keys(['example_kubernetes_executor']) retrieved from /home/airflow/.local/lib/python3.7/site-packages/airflow/example_dags/example_kubernetes_executor.py
[2024-09-18T20:44:51.312+0000] {logging_mixin.py:115} INFO - [2024-09-18T20:44:51.312+0000] {dag.py:2429} INFO - Sync 1 DAGs
[2024-09-18T20:44:51.323+0000] {logging_mixin.py:115} INFO - [2024-09-18T20:44:51.323+0000] {dag.py:2981} INFO - Setting next_dagrun for example_kubernetes_executor to None, run_after=None
[2024-09-18T20:44:51.329+0000] {processor.py:161} INFO - Processing /home/airflow/.local/lib/python3.7/site-packages/airflow/example_dags/example_kubernetes_executor.py took 0.045 seconds
[2024-09-18T20:45:21.447+0000] {processor.py:153} INFO - Started process (PID=1418) to work on /home/airflow/.local/lib/python3.7/site-packages/airflow/example_dags/example_kubernetes_executor.py
[2024-09-18T20:45:21.448+0000] {processor.py:640} INFO - Processing file /home/airflow/.local/lib/python3.7/site-packages/airflow/example_dags/example_kubernetes_executor.py for tasks to queue
[2024-09-18T20:45:21.448+0000] {logging_mixin.py:115} INFO - [2024-09-18T20:45:21.448+0000] {dagbag.py:508} INFO - Filling up the DagBag from /home/airflow/.local/lib/python3.7/site-packages/airflow/example_dags/example_kubernetes_executor.py
[2024-09-18T20:45:21.457+0000] {processor.py:650} INFO - DAG(s) dict_keys(['example_kubernetes_executor']) retrieved from /home/airflow/.local/lib/python3.7/site-packages/airflow/example_dags/example_kubernetes_executor.py
[2024-09-18T20:45:21.474+0000] {logging_mixin.py:115} INFO - [2024-09-18T20:45:21.474+0000] {dag.py:2429} INFO - Sync 1 DAGs
[2024-09-18T20:45:21.486+0000] {logging_mixin.py:115} INFO - [2024-09-18T20:45:21.486+0000] {dag.py:2981} INFO - Setting next_dagrun for example_kubernetes_executor to None, run_after=None
[2024-09-18T20:45:21.490+0000] {processor.py:161} INFO - Processing /home/airflow/.local/lib/python3.7/site-packages/airflow/example_dags/example_kubernetes_executor.py took 0.045 seconds
[2024-09-18T20:45:51.662+0000] {processor.py:153} INFO - Started process (PID=1614) to work on /home/airflow/.local/lib/python3.7/site-packages/airflow/example_dags/example_kubernetes_executor.py
[2024-09-18T20:45:51.664+0000] {processor.py:640} INFO - Processing file /home/airflow/.local/lib/python3.7/site-packages/airflow/example_dags/example_kubernetes_executor.py for tasks to queue
[2024-09-18T20:45:51.665+0000] {logging_mixin.py:115} INFO - [2024-09-18T20:45:51.665+0000] {dagbag.py:508} INFO - Filling up the DagBag from /home/airflow/.local/lib/python3.7/site-packages/airflow/example_dags/example_kubernetes_executor.py
[2024-09-18T20:45:51.676+0000] {processor.py:650} INFO - DAG(s) dict_keys(['example_kubernetes_executor']) retrieved from /home/airflow/.local/lib/python3.7/site-packages/airflow/example_dags/example_kubernetes_executor.py
[2024-09-18T20:45:51.688+0000] {logging_mixin.py:115} INFO - [2024-09-18T20:45:51.688+0000] {dag.py:2429} INFO - Sync 1 DAGs
[2024-09-18T20:45:51.699+0000] {logging_mixin.py:115} INFO - [2024-09-18T20:45:51.699+0000] {dag.py:2981} INFO - Setting next_dagrun for example_kubernetes_executor to None, run_after=None
[2024-09-18T20:45:51.707+0000] {processor.py:161} INFO - Processing /home/airflow/.local/lib/python3.7/site-packages/airflow/example_dags/example_kubernetes_executor.py took 0.047 seconds
[2024-09-18T20:46:21.887+0000] {processor.py:153} INFO - Started process (PID=1811) to work on /home/airflow/.local/lib/python3.7/site-packages/airflow/example_dags/example_kubernetes_executor.py
[2024-09-18T20:46:21.888+0000] {processor.py:640} INFO - Processing file /home/airflow/.local/lib/python3.7/site-packages/airflow/example_dags/example_kubernetes_executor.py for tasks to queue
[2024-09-18T20:46:21.889+0000] {logging_mixin.py:115} INFO - [2024-09-18T20:46:21.889+0000] {dagbag.py:508} INFO - Filling up the DagBag from /home/airflow/.local/lib/python3.7/site-packages/airflow/example_dags/example_kubernetes_executor.py
[2024-09-18T20:46:21.900+0000] {processor.py:650} INFO - DAG(s) dict_keys(['example_kubernetes_executor']) retrieved from /home/airflow/.local/lib/python3.7/site-packages/airflow/example_dags/example_kubernetes_executor.py
[2024-09-18T20:46:21.914+0000] {logging_mixin.py:115} INFO - [2024-09-18T20:46:21.914+0000] {dag.py:2429} INFO - Sync 1 DAGs
[2024-09-18T20:46:21.926+0000] {logging_mixin.py:115} INFO - [2024-09-18T20:46:21.926+0000] {dag.py:2981} INFO - Setting next_dagrun for example_kubernetes_executor to None, run_after=None
[2024-09-18T20:46:21.930+0000] {processor.py:161} INFO - Processing /home/airflow/.local/lib/python3.7/site-packages/airflow/example_dags/example_kubernetes_executor.py took 0.044 seconds
[2024-09-18T20:46:52.122+0000] {processor.py:153} INFO - Started process (PID=2006) to work on /home/airflow/.local/lib/python3.7/site-packages/airflow/example_dags/example_kubernetes_executor.py
[2024-09-18T20:46:52.124+0000] {processor.py:640} INFO - Processing file /home/airflow/.local/lib/python3.7/site-packages/airflow/example_dags/example_kubernetes_executor.py for tasks to queue
[2024-09-18T20:46:52.124+0000] {logging_mixin.py:115} INFO - [2024-09-18T20:46:52.124+0000] {dagbag.py:508} INFO - Filling up the DagBag from /home/airflow/.local/lib/python3.7/site-packages/airflow/example_dags/example_kubernetes_executor.py
[2024-09-18T20:46:52.137+0000] {processor.py:650} INFO - DAG(s) dict_keys(['example_kubernetes_executor']) retrieved from /home/airflow/.local/lib/python3.7/site-packages/airflow/example_dags/example_kubernetes_executor.py
[2024-09-18T20:46:52.155+0000] {logging_mixin.py:115} INFO - [2024-09-18T20:46:52.155+0000] {dag.py:2429} INFO - Sync 1 DAGs
[2024-09-18T20:46:52.168+0000] {logging_mixin.py:115} INFO - [2024-09-18T20:46:52.168+0000] {dag.py:2981} INFO - Setting next_dagrun for example_kubernetes_executor to None, run_after=None
[2024-09-18T20:46:52.173+0000] {processor.py:161} INFO - Processing /home/airflow/.local/lib/python3.7/site-packages/airflow/example_dags/example_kubernetes_executor.py took 0.053 seconds
[2024-09-18T20:47:22.413+0000] {processor.py:153} INFO - Started process (PID=2196) to work on /home/airflow/.local/lib/python3.7/site-packages/airflow/example_dags/example_kubernetes_executor.py
[2024-09-18T20:47:22.414+0000] {processor.py:640} INFO - Processing file /home/airflow/.local/lib/python3.7/site-packages/airflow/example_dags/example_kubernetes_executor.py for tasks to queue
[2024-09-18T20:47:22.414+0000] {logging_mixin.py:115} INFO - [2024-09-18T20:47:22.414+0000] {dagbag.py:508} INFO - Filling up the DagBag from /home/airflow/.local/lib/python3.7/site-packages/airflow/example_dags/example_kubernetes_executor.py
[2024-09-18T20:47:22.424+0000] {processor.py:650} INFO - DAG(s) dict_keys(['example_kubernetes_executor']) retrieved from /home/airflow/.local/lib/python3.7/site-packages/airflow/example_dags/example_kubernetes_executor.py
[2024-09-18T20:47:22.436+0000] {logging_mixin.py:115} INFO - [2024-09-18T20:47:22.436+0000] {dag.py:2429} INFO - Sync 1 DAGs
[2024-09-18T20:47:22.445+0000] {logging_mixin.py:115} INFO - [2024-09-18T20:47:22.445+0000] {dag.py:2981} INFO - Setting next_dagrun for example_kubernetes_executor to None, run_after=None
[2024-09-18T20:47:22.450+0000] {processor.py:161} INFO - Processing /home/airflow/.local/lib/python3.7/site-packages/airflow/example_dags/example_kubernetes_executor.py took 0.037 seconds
[2024-09-18T20:47:52.603+0000] {processor.py:153} INFO - Started process (PID=2393) to work on /home/airflow/.local/lib/python3.7/site-packages/airflow/example_dags/example_kubernetes_executor.py
[2024-09-18T20:47:52.603+0000] {processor.py:640} INFO - Processing file /home/airflow/.local/lib/python3.7/site-packages/airflow/example_dags/example_kubernetes_executor.py for tasks to queue
[2024-09-18T20:47:52.604+0000] {logging_mixin.py:115} INFO - [2024-09-18T20:47:52.604+0000] {dagbag.py:508} INFO - Filling up the DagBag from /home/airflow/.local/lib/python3.7/site-packages/airflow/example_dags/example_kubernetes_executor.py
[2024-09-18T20:47:52.614+0000] {processor.py:650} INFO - DAG(s) dict_keys(['example_kubernetes_executor']) retrieved from /home/airflow/.local/lib/python3.7/site-packages/airflow/example_dags/example_kubernetes_executor.py
[2024-09-18T20:47:52.629+0000] {logging_mixin.py:115} INFO - [2024-09-18T20:47:52.629+0000] {dag.py:2429} INFO - Sync 1 DAGs
[2024-09-18T20:47:52.642+0000] {logging_mixin.py:115} INFO - [2024-09-18T20:47:52.642+0000] {dag.py:2981} INFO - Setting next_dagrun for example_kubernetes_executor to None, run_after=None
[2024-09-18T20:47:52.647+0000] {processor.py:161} INFO - Processing /home/airflow/.local/lib/python3.7/site-packages/airflow/example_dags/example_kubernetes_executor.py took 0.045 seconds
[2024-09-18T20:48:22.804+0000] {processor.py:153} INFO - Started process (PID=2590) to work on /home/airflow/.local/lib/python3.7/site-packages/airflow/example_dags/example_kubernetes_executor.py
[2024-09-18T20:48:22.805+0000] {processor.py:640} INFO - Processing file /home/airflow/.local/lib/python3.7/site-packages/airflow/example_dags/example_kubernetes_executor.py for tasks to queue
[2024-09-18T20:48:22.806+0000] {logging_mixin.py:115} INFO - [2024-09-18T20:48:22.806+0000] {dagbag.py:508} INFO - Filling up the DagBag from /home/airflow/.local/lib/python3.7/site-packages/airflow/example_dags/example_kubernetes_executor.py
[2024-09-18T20:48:22.818+0000] {processor.py:650} INFO - DAG(s) dict_keys(['example_kubernetes_executor']) retrieved from /home/airflow/.local/lib/python3.7/site-packages/airflow/example_dags/example_kubernetes_executor.py
[2024-09-18T20:48:22.830+0000] {logging_mixin.py:115} INFO - [2024-09-18T20:48:22.830+0000] {dag.py:2429} INFO - Sync 1 DAGs
[2024-09-18T20:48:22.839+0000] {logging_mixin.py:115} INFO - [2024-09-18T20:48:22.839+0000] {dag.py:2981} INFO - Setting next_dagrun for example_kubernetes_executor to None, run_after=None
[2024-09-18T20:48:22.847+0000] {processor.py:161} INFO - Processing /home/airflow/.local/lib/python3.7/site-packages/airflow/example_dags/example_kubernetes_executor.py took 0.044 seconds
[2024-09-18T20:48:52.950+0000] {processor.py:153} INFO - Started process (PID=2787) to work on /home/airflow/.local/lib/python3.7/site-packages/airflow/example_dags/example_kubernetes_executor.py
[2024-09-18T20:48:52.950+0000] {processor.py:640} INFO - Processing file /home/airflow/.local/lib/python3.7/site-packages/airflow/example_dags/example_kubernetes_executor.py for tasks to queue
[2024-09-18T20:48:52.951+0000] {logging_mixin.py:115} INFO - [2024-09-18T20:48:52.951+0000] {dagbag.py:508} INFO - Filling up the DagBag from /home/airflow/.local/lib/python3.7/site-packages/airflow/example_dags/example_kubernetes_executor.py
[2024-09-18T20:48:52.961+0000] {processor.py:650} INFO - DAG(s) dict_keys(['example_kubernetes_executor']) retrieved from /home/airflow/.local/lib/python3.7/site-packages/airflow/example_dags/example_kubernetes_executor.py
[2024-09-18T20:48:52.975+0000] {logging_mixin.py:115} INFO - [2024-09-18T20:48:52.975+0000] {dag.py:2429} INFO - Sync 1 DAGs
[2024-09-18T20:48:52.985+0000] {logging_mixin.py:115} INFO - [2024-09-18T20:48:52.985+0000] {dag.py:2981} INFO - Setting next_dagrun for example_kubernetes_executor to None, run_after=None
[2024-09-18T20:48:52.993+0000] {processor.py:161} INFO - Processing /home/airflow/.local/lib/python3.7/site-packages/airflow/example_dags/example_kubernetes_executor.py took 0.044 seconds
[2024-09-18T20:49:23.181+0000] {processor.py:153} INFO - Started process (PID=2984) to work on /home/airflow/.local/lib/python3.7/site-packages/airflow/example_dags/example_kubernetes_executor.py
[2024-09-18T20:49:23.183+0000] {processor.py:640} INFO - Processing file /home/airflow/.local/lib/python3.7/site-packages/airflow/example_dags/example_kubernetes_executor.py for tasks to queue
[2024-09-18T20:49:23.183+0000] {logging_mixin.py:115} INFO - [2024-09-18T20:49:23.183+0000] {dagbag.py:508} INFO - Filling up the DagBag from /home/airflow/.local/lib/python3.7/site-packages/airflow/example_dags/example_kubernetes_executor.py
[2024-09-18T20:49:23.193+0000] {processor.py:650} INFO - DAG(s) dict_keys(['example_kubernetes_executor']) retrieved from /home/airflow/.local/lib/python3.7/site-packages/airflow/example_dags/example_kubernetes_executor.py
[2024-09-18T20:49:23.206+0000] {logging_mixin.py:115} INFO - [2024-09-18T20:49:23.206+0000] {dag.py:2429} INFO - Sync 1 DAGs
[2024-09-18T20:49:23.218+0000] {logging_mixin.py:115} INFO - [2024-09-18T20:49:23.218+0000] {dag.py:2981} INFO - Setting next_dagrun for example_kubernetes_executor to None, run_after=None
[2024-09-18T20:49:23.227+0000] {processor.py:161} INFO - Processing /home/airflow/.local/lib/python3.7/site-packages/airflow/example_dags/example_kubernetes_executor.py took 0.047 seconds
[2024-09-18T20:49:53.421+0000] {processor.py:153} INFO - Started process (PID=3181) to work on /home/airflow/.local/lib/python3.7/site-packages/airflow/example_dags/example_kubernetes_executor.py
[2024-09-18T20:49:53.422+0000] {processor.py:640} INFO - Processing file /home/airflow/.local/lib/python3.7/site-packages/airflow/example_dags/example_kubernetes_executor.py for tasks to queue
[2024-09-18T20:49:53.422+0000] {logging_mixin.py:115} INFO - [2024-09-18T20:49:53.422+0000] {dagbag.py:508} INFO - Filling up the DagBag from /home/airflow/.local/lib/python3.7/site-packages/airflow/example_dags/example_kubernetes_executor.py
[2024-09-18T20:49:53.432+0000] {processor.py:650} INFO - DAG(s) dict_keys(['example_kubernetes_executor']) retrieved from /home/airflow/.local/lib/python3.7/site-packages/airflow/example_dags/example_kubernetes_executor.py
[2024-09-18T20:49:53.449+0000] {logging_mixin.py:115} INFO - [2024-09-18T20:49:53.449+0000] {dag.py:2429} INFO - Sync 1 DAGs
[2024-09-18T20:49:53.462+0000] {logging_mixin.py:115} INFO - [2024-09-18T20:49:53.462+0000] {dag.py:2981} INFO - Setting next_dagrun for example_kubernetes_executor to None, run_after=None
[2024-09-18T20:49:53.468+0000] {processor.py:161} INFO - Processing /home/airflow/.local/lib/python3.7/site-packages/airflow/example_dags/example_kubernetes_executor.py took 0.048 seconds
