[2024-09-18T20:42:19.677+0000] {processor.py:153} INFO - Started process (PID=225) to work on /home/airflow/.local/lib/python3.7/site-packages/airflow/example_dags/example_nested_branch_dag.py
[2024-09-18T20:42:19.677+0000] {processor.py:640} INFO - Processing file /home/airflow/.local/lib/python3.7/site-packages/airflow/example_dags/example_nested_branch_dag.py for tasks to queue
[2024-09-18T20:42:19.678+0000] {logging_mixin.py:115} INFO - [2024-09-18T20:42:19.678+0000] {dagbag.py:508} INFO - Filling up the DagBag from /home/airflow/.local/lib/python3.7/site-packages/airflow/example_dags/example_nested_branch_dag.py
[2024-09-18T20:42:19.682+0000] {processor.py:650} INFO - DAG(s) dict_keys(['example_nested_branch_dag']) retrieved from /home/airflow/.local/lib/python3.7/site-packages/airflow/example_dags/example_nested_branch_dag.py
[2024-09-18T20:42:19.715+0000] {logging_mixin.py:115} INFO - [2024-09-18T20:42:19.715+0000] {manager.py:508} INFO - Created Permission View: can edit on DAG:example_nested_branch_dag
[2024-09-18T20:42:19.719+0000] {logging_mixin.py:115} INFO - [2024-09-18T20:42:19.719+0000] {manager.py:508} INFO - Created Permission View: can read on DAG:example_nested_branch_dag
[2024-09-18T20:42:19.721+0000] {logging_mixin.py:115} INFO - [2024-09-18T20:42:19.721+0000] {manager.py:508} INFO - Created Permission View: can delete on DAG:example_nested_branch_dag
[2024-09-18T20:42:19.721+0000] {logging_mixin.py:115} INFO - [2024-09-18T20:42:19.721+0000] {dag.py:2429} INFO - Sync 1 DAGs
[2024-09-18T20:42:19.725+0000] {logging_mixin.py:115} INFO - [2024-09-18T20:42:19.725+0000] {dag.py:2448} INFO - Creating ORM DAG for example_nested_branch_dag
[2024-09-18T20:42:19.730+0000] {logging_mixin.py:115} INFO - [2024-09-18T20:42:19.730+0000] {dag.py:2981} INFO - Setting next_dagrun for example_nested_branch_dag to 2024-09-17T00:00:00+00:00, run_after=2024-09-18T00:00:00+00:00
[2024-09-18T20:42:19.736+0000] {processor.py:161} INFO - Processing /home/airflow/.local/lib/python3.7/site-packages/airflow/example_dags/example_nested_branch_dag.py took 0.060 seconds
[2024-09-18T20:42:50.416+0000] {processor.py:153} INFO - Started process (PID=419) to work on /home/airflow/.local/lib/python3.7/site-packages/airflow/example_dags/example_nested_branch_dag.py
[2024-09-18T20:42:50.416+0000] {processor.py:640} INFO - Processing file /home/airflow/.local/lib/python3.7/site-packages/airflow/example_dags/example_nested_branch_dag.py for tasks to queue
[2024-09-18T20:42:50.417+0000] {logging_mixin.py:115} INFO - [2024-09-18T20:42:50.417+0000] {dagbag.py:508} INFO - Filling up the DagBag from /home/airflow/.local/lib/python3.7/site-packages/airflow/example_dags/example_nested_branch_dag.py
[2024-09-18T20:42:50.422+0000] {processor.py:650} INFO - DAG(s) dict_keys(['example_nested_branch_dag']) retrieved from /home/airflow/.local/lib/python3.7/site-packages/airflow/example_dags/example_nested_branch_dag.py
[2024-09-18T20:42:50.432+0000] {logging_mixin.py:115} INFO - [2024-09-18T20:42:50.432+0000] {dag.py:2429} INFO - Sync 1 DAGs
[2024-09-18T20:42:50.446+0000] {logging_mixin.py:115} INFO - [2024-09-18T20:42:50.446+0000] {dag.py:2981} INFO - Setting next_dagrun for example_nested_branch_dag to 2024-09-17T00:00:00+00:00, run_after=2024-09-18T00:00:00+00:00
[2024-09-18T20:42:50.452+0000] {processor.py:161} INFO - Processing /home/airflow/.local/lib/python3.7/site-packages/airflow/example_dags/example_nested_branch_dag.py took 0.038 seconds
[2024-09-18T20:43:20.615+0000] {processor.py:153} INFO - Started process (PID=616) to work on /home/airflow/.local/lib/python3.7/site-packages/airflow/example_dags/example_nested_branch_dag.py
[2024-09-18T20:43:20.616+0000] {processor.py:640} INFO - Processing file /home/airflow/.local/lib/python3.7/site-packages/airflow/example_dags/example_nested_branch_dag.py for tasks to queue
[2024-09-18T20:43:20.616+0000] {logging_mixin.py:115} INFO - [2024-09-18T20:43:20.616+0000] {dagbag.py:508} INFO - Filling up the DagBag from /home/airflow/.local/lib/python3.7/site-packages/airflow/example_dags/example_nested_branch_dag.py
[2024-09-18T20:43:20.622+0000] {processor.py:650} INFO - DAG(s) dict_keys(['example_nested_branch_dag']) retrieved from /home/airflow/.local/lib/python3.7/site-packages/airflow/example_dags/example_nested_branch_dag.py
[2024-09-18T20:43:20.638+0000] {logging_mixin.py:115} INFO - [2024-09-18T20:43:20.638+0000] {dag.py:2429} INFO - Sync 1 DAGs
[2024-09-18T20:43:20.650+0000] {logging_mixin.py:115} INFO - [2024-09-18T20:43:20.650+0000] {dag.py:2981} INFO - Setting next_dagrun for example_nested_branch_dag to 2024-09-17T00:00:00+00:00, run_after=2024-09-18T00:00:00+00:00
[2024-09-18T20:43:20.655+0000] {processor.py:161} INFO - Processing /home/airflow/.local/lib/python3.7/site-packages/airflow/example_dags/example_nested_branch_dag.py took 0.041 seconds
[2024-09-18T20:43:50.835+0000] {processor.py:153} INFO - Started process (PID=813) to work on /home/airflow/.local/lib/python3.7/site-packages/airflow/example_dags/example_nested_branch_dag.py
[2024-09-18T20:43:50.835+0000] {processor.py:640} INFO - Processing file /home/airflow/.local/lib/python3.7/site-packages/airflow/example_dags/example_nested_branch_dag.py for tasks to queue
[2024-09-18T20:43:50.836+0000] {logging_mixin.py:115} INFO - [2024-09-18T20:43:50.836+0000] {dagbag.py:508} INFO - Filling up the DagBag from /home/airflow/.local/lib/python3.7/site-packages/airflow/example_dags/example_nested_branch_dag.py
[2024-09-18T20:43:50.841+0000] {processor.py:650} INFO - DAG(s) dict_keys(['example_nested_branch_dag']) retrieved from /home/airflow/.local/lib/python3.7/site-packages/airflow/example_dags/example_nested_branch_dag.py
[2024-09-18T20:43:50.855+0000] {logging_mixin.py:115} INFO - [2024-09-18T20:43:50.855+0000] {dag.py:2429} INFO - Sync 1 DAGs
[2024-09-18T20:43:50.867+0000] {logging_mixin.py:115} INFO - [2024-09-18T20:43:50.867+0000] {dag.py:2981} INFO - Setting next_dagrun for example_nested_branch_dag to 2024-09-17T00:00:00+00:00, run_after=2024-09-18T00:00:00+00:00
[2024-09-18T20:43:50.872+0000] {processor.py:161} INFO - Processing /home/airflow/.local/lib/python3.7/site-packages/airflow/example_dags/example_nested_branch_dag.py took 0.039 seconds
[2024-09-18T20:44:21.010+0000] {processor.py:153} INFO - Started process (PID=1021) to work on /home/airflow/.local/lib/python3.7/site-packages/airflow/example_dags/example_nested_branch_dag.py
[2024-09-18T20:44:21.010+0000] {processor.py:640} INFO - Processing file /home/airflow/.local/lib/python3.7/site-packages/airflow/example_dags/example_nested_branch_dag.py for tasks to queue
[2024-09-18T20:44:21.010+0000] {logging_mixin.py:115} INFO - [2024-09-18T20:44:21.010+0000] {dagbag.py:508} INFO - Filling up the DagBag from /home/airflow/.local/lib/python3.7/site-packages/airflow/example_dags/example_nested_branch_dag.py
[2024-09-18T20:44:21.014+0000] {processor.py:650} INFO - DAG(s) dict_keys(['example_nested_branch_dag']) retrieved from /home/airflow/.local/lib/python3.7/site-packages/airflow/example_dags/example_nested_branch_dag.py
[2024-09-18T20:44:21.024+0000] {logging_mixin.py:115} INFO - [2024-09-18T20:44:21.024+0000] {dag.py:2429} INFO - Sync 1 DAGs
[2024-09-18T20:44:21.036+0000] {logging_mixin.py:115} INFO - [2024-09-18T20:44:21.036+0000] {dag.py:2981} INFO - Setting next_dagrun for example_nested_branch_dag to 2024-09-17T00:00:00+00:00, run_after=2024-09-18T00:00:00+00:00
[2024-09-18T20:44:21.040+0000] {processor.py:161} INFO - Processing /home/airflow/.local/lib/python3.7/site-packages/airflow/example_dags/example_nested_branch_dag.py took 0.031 seconds
[2024-09-18T20:44:51.258+0000] {processor.py:153} INFO - Started process (PID=1216) to work on /home/airflow/.local/lib/python3.7/site-packages/airflow/example_dags/example_nested_branch_dag.py
[2024-09-18T20:44:51.261+0000] {processor.py:640} INFO - Processing file /home/airflow/.local/lib/python3.7/site-packages/airflow/example_dags/example_nested_branch_dag.py for tasks to queue
[2024-09-18T20:44:51.261+0000] {logging_mixin.py:115} INFO - [2024-09-18T20:44:51.261+0000] {dagbag.py:508} INFO - Filling up the DagBag from /home/airflow/.local/lib/python3.7/site-packages/airflow/example_dags/example_nested_branch_dag.py
[2024-09-18T20:44:51.266+0000] {processor.py:650} INFO - DAG(s) dict_keys(['example_nested_branch_dag']) retrieved from /home/airflow/.local/lib/python3.7/site-packages/airflow/example_dags/example_nested_branch_dag.py
[2024-09-18T20:44:51.277+0000] {logging_mixin.py:115} INFO - [2024-09-18T20:44:51.277+0000] {dag.py:2429} INFO - Sync 1 DAGs
[2024-09-18T20:44:51.290+0000] {logging_mixin.py:115} INFO - [2024-09-18T20:44:51.290+0000] {dag.py:2981} INFO - Setting next_dagrun for example_nested_branch_dag to 2024-09-17T00:00:00+00:00, run_after=2024-09-18T00:00:00+00:00
[2024-09-18T20:44:51.298+0000] {processor.py:161} INFO - Processing /home/airflow/.local/lib/python3.7/site-packages/airflow/example_dags/example_nested_branch_dag.py took 0.041 seconds
[2024-09-18T20:45:21.441+0000] {processor.py:153} INFO - Started process (PID=1413) to work on /home/airflow/.local/lib/python3.7/site-packages/airflow/example_dags/example_nested_branch_dag.py
[2024-09-18T20:45:21.441+0000] {processor.py:640} INFO - Processing file /home/airflow/.local/lib/python3.7/site-packages/airflow/example_dags/example_nested_branch_dag.py for tasks to queue
[2024-09-18T20:45:21.441+0000] {logging_mixin.py:115} INFO - [2024-09-18T20:45:21.441+0000] {dagbag.py:508} INFO - Filling up the DagBag from /home/airflow/.local/lib/python3.7/site-packages/airflow/example_dags/example_nested_branch_dag.py
[2024-09-18T20:45:21.446+0000] {processor.py:650} INFO - DAG(s) dict_keys(['example_nested_branch_dag']) retrieved from /home/airflow/.local/lib/python3.7/site-packages/airflow/example_dags/example_nested_branch_dag.py
[2024-09-18T20:45:21.461+0000] {logging_mixin.py:115} INFO - [2024-09-18T20:45:21.461+0000] {dag.py:2429} INFO - Sync 1 DAGs
[2024-09-18T20:45:21.472+0000] {logging_mixin.py:115} INFO - [2024-09-18T20:45:21.472+0000] {dag.py:2981} INFO - Setting next_dagrun for example_nested_branch_dag to 2024-09-17T00:00:00+00:00, run_after=2024-09-18T00:00:00+00:00
[2024-09-18T20:45:21.477+0000] {processor.py:161} INFO - Processing /home/airflow/.local/lib/python3.7/site-packages/airflow/example_dags/example_nested_branch_dag.py took 0.038 seconds
[2024-09-18T20:45:51.639+0000] {processor.py:153} INFO - Started process (PID=1609) to work on /home/airflow/.local/lib/python3.7/site-packages/airflow/example_dags/example_nested_branch_dag.py
[2024-09-18T20:45:51.641+0000] {processor.py:640} INFO - Processing file /home/airflow/.local/lib/python3.7/site-packages/airflow/example_dags/example_nested_branch_dag.py for tasks to queue
[2024-09-18T20:45:51.641+0000] {logging_mixin.py:115} INFO - [2024-09-18T20:45:51.641+0000] {dagbag.py:508} INFO - Filling up the DagBag from /home/airflow/.local/lib/python3.7/site-packages/airflow/example_dags/example_nested_branch_dag.py
[2024-09-18T20:45:51.646+0000] {processor.py:650} INFO - DAG(s) dict_keys(['example_nested_branch_dag']) retrieved from /home/airflow/.local/lib/python3.7/site-packages/airflow/example_dags/example_nested_branch_dag.py
[2024-09-18T20:45:51.657+0000] {logging_mixin.py:115} INFO - [2024-09-18T20:45:51.657+0000] {dag.py:2429} INFO - Sync 1 DAGs
[2024-09-18T20:45:51.669+0000] {logging_mixin.py:115} INFO - [2024-09-18T20:45:51.669+0000] {dag.py:2981} INFO - Setting next_dagrun for example_nested_branch_dag to 2024-09-17T00:00:00+00:00, run_after=2024-09-18T00:00:00+00:00
[2024-09-18T20:45:51.678+0000] {processor.py:161} INFO - Processing /home/airflow/.local/lib/python3.7/site-packages/airflow/example_dags/example_nested_branch_dag.py took 0.041 seconds
[2024-09-18T20:46:21.882+0000] {processor.py:153} INFO - Started process (PID=1806) to work on /home/airflow/.local/lib/python3.7/site-packages/airflow/example_dags/example_nested_branch_dag.py
[2024-09-18T20:46:21.882+0000] {processor.py:640} INFO - Processing file /home/airflow/.local/lib/python3.7/site-packages/airflow/example_dags/example_nested_branch_dag.py for tasks to queue
[2024-09-18T20:46:21.882+0000] {logging_mixin.py:115} INFO - [2024-09-18T20:46:21.882+0000] {dagbag.py:508} INFO - Filling up the DagBag from /home/airflow/.local/lib/python3.7/site-packages/airflow/example_dags/example_nested_branch_dag.py
[2024-09-18T20:46:21.886+0000] {processor.py:650} INFO - DAG(s) dict_keys(['example_nested_branch_dag']) retrieved from /home/airflow/.local/lib/python3.7/site-packages/airflow/example_dags/example_nested_branch_dag.py
[2024-09-18T20:46:21.900+0000] {logging_mixin.py:115} INFO - [2024-09-18T20:46:21.900+0000] {dag.py:2429} INFO - Sync 1 DAGs
[2024-09-18T20:46:21.912+0000] {logging_mixin.py:115} INFO - [2024-09-18T20:46:21.912+0000] {dag.py:2981} INFO - Setting next_dagrun for example_nested_branch_dag to 2024-09-17T00:00:00+00:00, run_after=2024-09-18T00:00:00+00:00
[2024-09-18T20:46:21.923+0000] {processor.py:161} INFO - Processing /home/airflow/.local/lib/python3.7/site-packages/airflow/example_dags/example_nested_branch_dag.py took 0.043 seconds
[2024-09-18T20:46:52.116+0000] {processor.py:153} INFO - Started process (PID=2001) to work on /home/airflow/.local/lib/python3.7/site-packages/airflow/example_dags/example_nested_branch_dag.py
[2024-09-18T20:46:52.116+0000] {processor.py:640} INFO - Processing file /home/airflow/.local/lib/python3.7/site-packages/airflow/example_dags/example_nested_branch_dag.py for tasks to queue
[2024-09-18T20:46:52.117+0000] {logging_mixin.py:115} INFO - [2024-09-18T20:46:52.117+0000] {dagbag.py:508} INFO - Filling up the DagBag from /home/airflow/.local/lib/python3.7/site-packages/airflow/example_dags/example_nested_branch_dag.py
[2024-09-18T20:46:52.122+0000] {processor.py:650} INFO - DAG(s) dict_keys(['example_nested_branch_dag']) retrieved from /home/airflow/.local/lib/python3.7/site-packages/airflow/example_dags/example_nested_branch_dag.py
[2024-09-18T20:46:52.138+0000] {logging_mixin.py:115} INFO - [2024-09-18T20:46:52.138+0000] {dag.py:2429} INFO - Sync 1 DAGs
[2024-09-18T20:46:52.155+0000] {logging_mixin.py:115} INFO - [2024-09-18T20:46:52.154+0000] {dag.py:2981} INFO - Setting next_dagrun for example_nested_branch_dag to 2024-09-17T00:00:00+00:00, run_after=2024-09-18T00:00:00+00:00
[2024-09-18T20:46:52.163+0000] {processor.py:161} INFO - Processing /home/airflow/.local/lib/python3.7/site-packages/airflow/example_dags/example_nested_branch_dag.py took 0.049 seconds
[2024-09-18T20:47:22.407+0000] {processor.py:153} INFO - Started process (PID=2191) to work on /home/airflow/.local/lib/python3.7/site-packages/airflow/example_dags/example_nested_branch_dag.py
[2024-09-18T20:47:22.409+0000] {processor.py:640} INFO - Processing file /home/airflow/.local/lib/python3.7/site-packages/airflow/example_dags/example_nested_branch_dag.py for tasks to queue
[2024-09-18T20:47:22.410+0000] {logging_mixin.py:115} INFO - [2024-09-18T20:47:22.410+0000] {dagbag.py:508} INFO - Filling up the DagBag from /home/airflow/.local/lib/python3.7/site-packages/airflow/example_dags/example_nested_branch_dag.py
[2024-09-18T20:47:22.415+0000] {processor.py:650} INFO - DAG(s) dict_keys(['example_nested_branch_dag']) retrieved from /home/airflow/.local/lib/python3.7/site-packages/airflow/example_dags/example_nested_branch_dag.py
[2024-09-18T20:47:22.425+0000] {logging_mixin.py:115} INFO - [2024-09-18T20:47:22.425+0000] {dag.py:2429} INFO - Sync 1 DAGs
[2024-09-18T20:47:22.436+0000] {logging_mixin.py:115} INFO - [2024-09-18T20:47:22.436+0000] {dag.py:2981} INFO - Setting next_dagrun for example_nested_branch_dag to 2024-09-17T00:00:00+00:00, run_after=2024-09-18T00:00:00+00:00
[2024-09-18T20:47:22.440+0000] {processor.py:161} INFO - Processing /home/airflow/.local/lib/python3.7/site-packages/airflow/example_dags/example_nested_branch_dag.py took 0.035 seconds
[2024-09-18T20:47:52.596+0000] {processor.py:153} INFO - Started process (PID=2388) to work on /home/airflow/.local/lib/python3.7/site-packages/airflow/example_dags/example_nested_branch_dag.py
[2024-09-18T20:47:52.597+0000] {processor.py:640} INFO - Processing file /home/airflow/.local/lib/python3.7/site-packages/airflow/example_dags/example_nested_branch_dag.py for tasks to queue
[2024-09-18T20:47:52.597+0000] {logging_mixin.py:115} INFO - [2024-09-18T20:47:52.597+0000] {dagbag.py:508} INFO - Filling up the DagBag from /home/airflow/.local/lib/python3.7/site-packages/airflow/example_dags/example_nested_branch_dag.py
[2024-09-18T20:47:52.602+0000] {processor.py:650} INFO - DAG(s) dict_keys(['example_nested_branch_dag']) retrieved from /home/airflow/.local/lib/python3.7/site-packages/airflow/example_dags/example_nested_branch_dag.py
[2024-09-18T20:47:52.617+0000] {logging_mixin.py:115} INFO - [2024-09-18T20:47:52.617+0000] {dag.py:2429} INFO - Sync 1 DAGs
[2024-09-18T20:47:52.628+0000] {logging_mixin.py:115} INFO - [2024-09-18T20:47:52.628+0000] {dag.py:2981} INFO - Setting next_dagrun for example_nested_branch_dag to 2024-09-17T00:00:00+00:00, run_after=2024-09-18T00:00:00+00:00
[2024-09-18T20:47:52.635+0000] {processor.py:161} INFO - Processing /home/airflow/.local/lib/python3.7/site-packages/airflow/example_dags/example_nested_branch_dag.py took 0.040 seconds
[2024-09-18T20:48:22.775+0000] {processor.py:153} INFO - Started process (PID=2585) to work on /home/airflow/.local/lib/python3.7/site-packages/airflow/example_dags/example_nested_branch_dag.py
[2024-09-18T20:48:22.777+0000] {processor.py:640} INFO - Processing file /home/airflow/.local/lib/python3.7/site-packages/airflow/example_dags/example_nested_branch_dag.py for tasks to queue
[2024-09-18T20:48:22.778+0000] {logging_mixin.py:115} INFO - [2024-09-18T20:48:22.778+0000] {dagbag.py:508} INFO - Filling up the DagBag from /home/airflow/.local/lib/python3.7/site-packages/airflow/example_dags/example_nested_branch_dag.py
[2024-09-18T20:48:22.782+0000] {processor.py:650} INFO - DAG(s) dict_keys(['example_nested_branch_dag']) retrieved from /home/airflow/.local/lib/python3.7/site-packages/airflow/example_dags/example_nested_branch_dag.py
[2024-09-18T20:48:22.794+0000] {logging_mixin.py:115} INFO - [2024-09-18T20:48:22.794+0000] {dag.py:2429} INFO - Sync 1 DAGs
[2024-09-18T20:48:22.805+0000] {logging_mixin.py:115} INFO - [2024-09-18T20:48:22.805+0000] {dag.py:2981} INFO - Setting next_dagrun for example_nested_branch_dag to 2024-09-17T00:00:00+00:00, run_after=2024-09-18T00:00:00+00:00
[2024-09-18T20:48:22.812+0000] {processor.py:161} INFO - Processing /home/airflow/.local/lib/python3.7/site-packages/airflow/example_dags/example_nested_branch_dag.py took 0.038 seconds
[2024-09-18T20:48:52.924+0000] {processor.py:153} INFO - Started process (PID=2782) to work on /home/airflow/.local/lib/python3.7/site-packages/airflow/example_dags/example_nested_branch_dag.py
[2024-09-18T20:48:52.925+0000] {processor.py:640} INFO - Processing file /home/airflow/.local/lib/python3.7/site-packages/airflow/example_dags/example_nested_branch_dag.py for tasks to queue
[2024-09-18T20:48:52.925+0000] {logging_mixin.py:115} INFO - [2024-09-18T20:48:52.925+0000] {dagbag.py:508} INFO - Filling up the DagBag from /home/airflow/.local/lib/python3.7/site-packages/airflow/example_dags/example_nested_branch_dag.py
[2024-09-18T20:48:52.929+0000] {processor.py:650} INFO - DAG(s) dict_keys(['example_nested_branch_dag']) retrieved from /home/airflow/.local/lib/python3.7/site-packages/airflow/example_dags/example_nested_branch_dag.py
[2024-09-18T20:48:52.941+0000] {logging_mixin.py:115} INFO - [2024-09-18T20:48:52.940+0000] {dag.py:2429} INFO - Sync 1 DAGs
[2024-09-18T20:48:52.953+0000] {logging_mixin.py:115} INFO - [2024-09-18T20:48:52.953+0000] {dag.py:2981} INFO - Setting next_dagrun for example_nested_branch_dag to 2024-09-17T00:00:00+00:00, run_after=2024-09-18T00:00:00+00:00
[2024-09-18T20:48:52.957+0000] {processor.py:161} INFO - Processing /home/airflow/.local/lib/python3.7/site-packages/airflow/example_dags/example_nested_branch_dag.py took 0.034 seconds
[2024-09-18T20:49:23.157+0000] {processor.py:153} INFO - Started process (PID=2979) to work on /home/airflow/.local/lib/python3.7/site-packages/airflow/example_dags/example_nested_branch_dag.py
[2024-09-18T20:49:23.159+0000] {processor.py:640} INFO - Processing file /home/airflow/.local/lib/python3.7/site-packages/airflow/example_dags/example_nested_branch_dag.py for tasks to queue
[2024-09-18T20:49:23.161+0000] {logging_mixin.py:115} INFO - [2024-09-18T20:49:23.161+0000] {dagbag.py:508} INFO - Filling up the DagBag from /home/airflow/.local/lib/python3.7/site-packages/airflow/example_dags/example_nested_branch_dag.py
[2024-09-18T20:49:23.166+0000] {processor.py:650} INFO - DAG(s) dict_keys(['example_nested_branch_dag']) retrieved from /home/airflow/.local/lib/python3.7/site-packages/airflow/example_dags/example_nested_branch_dag.py
[2024-09-18T20:49:23.179+0000] {logging_mixin.py:115} INFO - [2024-09-18T20:49:23.179+0000] {dag.py:2429} INFO - Sync 1 DAGs
[2024-09-18T20:49:23.190+0000] {logging_mixin.py:115} INFO - [2024-09-18T20:49:23.190+0000] {dag.py:2981} INFO - Setting next_dagrun for example_nested_branch_dag to 2024-09-17T00:00:00+00:00, run_after=2024-09-18T00:00:00+00:00
[2024-09-18T20:49:23.195+0000] {processor.py:161} INFO - Processing /home/airflow/.local/lib/python3.7/site-packages/airflow/example_dags/example_nested_branch_dag.py took 0.039 seconds
