[2024-09-18T20:42:20.067+0000] {processor.py:153} INFO - Started process (PID=258) to work on /home/airflow/.local/lib/python3.7/site-packages/airflow/example_dags/example_local_kubernetes_executor.py
[2024-09-18T20:42:20.068+0000] {processor.py:640} INFO - Processing file /home/airflow/.local/lib/python3.7/site-packages/airflow/example_dags/example_local_kubernetes_executor.py for tasks to queue
[2024-09-18T20:42:20.069+0000] {logging_mixin.py:115} INFO - [2024-09-18T20:42:20.069+0000] {dagbag.py:508} INFO - Filling up the DagBag from /home/airflow/.local/lib/python3.7/site-packages/airflow/example_dags/example_local_kubernetes_executor.py
[2024-09-18T20:42:20.076+0000] {processor.py:650} INFO - DAG(s) dict_keys(['example_local_kubernetes_executor']) retrieved from /home/airflow/.local/lib/python3.7/site-packages/airflow/example_dags/example_local_kubernetes_executor.py
[2024-09-18T20:42:20.122+0000] {logging_mixin.py:115} INFO - [2024-09-18T20:42:20.121+0000] {manager.py:508} INFO - Created Permission View: can edit on DAG:example_local_kubernetes_executor
[2024-09-18T20:42:20.125+0000] {logging_mixin.py:115} INFO - [2024-09-18T20:42:20.125+0000] {manager.py:508} INFO - Created Permission View: can read on DAG:example_local_kubernetes_executor
[2024-09-18T20:42:20.128+0000] {logging_mixin.py:115} INFO - [2024-09-18T20:42:20.128+0000] {manager.py:508} INFO - Created Permission View: can delete on DAG:example_local_kubernetes_executor
[2024-09-18T20:42:20.128+0000] {logging_mixin.py:115} INFO - [2024-09-18T20:42:20.128+0000] {dag.py:2429} INFO - Sync 1 DAGs
[2024-09-18T20:42:20.132+0000] {logging_mixin.py:115} INFO - [2024-09-18T20:42:20.131+0000] {dag.py:2448} INFO - Creating ORM DAG for example_local_kubernetes_executor
[2024-09-18T20:42:20.137+0000] {logging_mixin.py:115} INFO - [2024-09-18T20:42:20.137+0000] {dag.py:2981} INFO - Setting next_dagrun for example_local_kubernetes_executor to None, run_after=None
[2024-09-18T20:42:20.146+0000] {processor.py:161} INFO - Processing /home/airflow/.local/lib/python3.7/site-packages/airflow/example_dags/example_local_kubernetes_executor.py took 0.080 seconds
[2024-09-18T20:42:50.580+0000] {processor.py:153} INFO - Started process (PID=454) to work on /home/airflow/.local/lib/python3.7/site-packages/airflow/example_dags/example_local_kubernetes_executor.py
[2024-09-18T20:42:50.580+0000] {processor.py:640} INFO - Processing file /home/airflow/.local/lib/python3.7/site-packages/airflow/example_dags/example_local_kubernetes_executor.py for tasks to queue
[2024-09-18T20:42:50.581+0000] {logging_mixin.py:115} INFO - [2024-09-18T20:42:50.581+0000] {dagbag.py:508} INFO - Filling up the DagBag from /home/airflow/.local/lib/python3.7/site-packages/airflow/example_dags/example_local_kubernetes_executor.py
[2024-09-18T20:42:50.588+0000] {processor.py:650} INFO - DAG(s) dict_keys(['example_local_kubernetes_executor']) retrieved from /home/airflow/.local/lib/python3.7/site-packages/airflow/example_dags/example_local_kubernetes_executor.py
[2024-09-18T20:42:50.597+0000] {logging_mixin.py:115} INFO - [2024-09-18T20:42:50.597+0000] {dag.py:2429} INFO - Sync 1 DAGs
[2024-09-18T20:42:50.608+0000] {logging_mixin.py:115} INFO - [2024-09-18T20:42:50.608+0000] {dag.py:2981} INFO - Setting next_dagrun for example_local_kubernetes_executor to None, run_after=None
[2024-09-18T20:42:50.613+0000] {processor.py:161} INFO - Processing /home/airflow/.local/lib/python3.7/site-packages/airflow/example_dags/example_local_kubernetes_executor.py took 0.035 seconds
[2024-09-18T20:43:20.790+0000] {processor.py:153} INFO - Started process (PID=651) to work on /home/airflow/.local/lib/python3.7/site-packages/airflow/example_dags/example_local_kubernetes_executor.py
[2024-09-18T20:43:20.792+0000] {processor.py:640} INFO - Processing file /home/airflow/.local/lib/python3.7/site-packages/airflow/example_dags/example_local_kubernetes_executor.py for tasks to queue
[2024-09-18T20:43:20.792+0000] {logging_mixin.py:115} INFO - [2024-09-18T20:43:20.792+0000] {dagbag.py:508} INFO - Filling up the DagBag from /home/airflow/.local/lib/python3.7/site-packages/airflow/example_dags/example_local_kubernetes_executor.py
[2024-09-18T20:43:20.799+0000] {processor.py:650} INFO - DAG(s) dict_keys(['example_local_kubernetes_executor']) retrieved from /home/airflow/.local/lib/python3.7/site-packages/airflow/example_dags/example_local_kubernetes_executor.py
[2024-09-18T20:43:20.809+0000] {logging_mixin.py:115} INFO - [2024-09-18T20:43:20.809+0000] {dag.py:2429} INFO - Sync 1 DAGs
[2024-09-18T20:43:20.819+0000] {logging_mixin.py:115} INFO - [2024-09-18T20:43:20.819+0000] {dag.py:2981} INFO - Setting next_dagrun for example_local_kubernetes_executor to None, run_after=None
[2024-09-18T20:43:20.823+0000] {processor.py:161} INFO - Processing /home/airflow/.local/lib/python3.7/site-packages/airflow/example_dags/example_local_kubernetes_executor.py took 0.035 seconds
[2024-09-18T20:43:51.025+0000] {processor.py:153} INFO - Started process (PID=848) to work on /home/airflow/.local/lib/python3.7/site-packages/airflow/example_dags/example_local_kubernetes_executor.py
[2024-09-18T20:43:51.025+0000] {processor.py:640} INFO - Processing file /home/airflow/.local/lib/python3.7/site-packages/airflow/example_dags/example_local_kubernetes_executor.py for tasks to queue
[2024-09-18T20:43:51.028+0000] {logging_mixin.py:115} INFO - [2024-09-18T20:43:51.028+0000] {dagbag.py:508} INFO - Filling up the DagBag from /home/airflow/.local/lib/python3.7/site-packages/airflow/example_dags/example_local_kubernetes_executor.py
[2024-09-18T20:43:51.038+0000] {processor.py:650} INFO - DAG(s) dict_keys(['example_local_kubernetes_executor']) retrieved from /home/airflow/.local/lib/python3.7/site-packages/airflow/example_dags/example_local_kubernetes_executor.py
[2024-09-18T20:43:51.052+0000] {logging_mixin.py:115} INFO - [2024-09-18T20:43:51.052+0000] {dag.py:2429} INFO - Sync 1 DAGs
[2024-09-18T20:43:51.063+0000] {logging_mixin.py:115} INFO - [2024-09-18T20:43:51.063+0000] {dag.py:2981} INFO - Setting next_dagrun for example_local_kubernetes_executor to None, run_after=None
[2024-09-18T20:43:51.068+0000] {processor.py:161} INFO - Processing /home/airflow/.local/lib/python3.7/site-packages/airflow/example_dags/example_local_kubernetes_executor.py took 0.045 seconds
[2024-09-18T20:44:21.230+0000] {processor.py:153} INFO - Started process (PID=1054) to work on /home/airflow/.local/lib/python3.7/site-packages/airflow/example_dags/example_local_kubernetes_executor.py
[2024-09-18T20:44:21.231+0000] {processor.py:640} INFO - Processing file /home/airflow/.local/lib/python3.7/site-packages/airflow/example_dags/example_local_kubernetes_executor.py for tasks to queue
[2024-09-18T20:44:21.232+0000] {logging_mixin.py:115} INFO - [2024-09-18T20:44:21.232+0000] {dagbag.py:508} INFO - Filling up the DagBag from /home/airflow/.local/lib/python3.7/site-packages/airflow/example_dags/example_local_kubernetes_executor.py
[2024-09-18T20:44:21.246+0000] {processor.py:650} INFO - DAG(s) dict_keys(['example_local_kubernetes_executor']) retrieved from /home/airflow/.local/lib/python3.7/site-packages/airflow/example_dags/example_local_kubernetes_executor.py
[2024-09-18T20:44:21.259+0000] {logging_mixin.py:115} INFO - [2024-09-18T20:44:21.259+0000] {dag.py:2429} INFO - Sync 1 DAGs
[2024-09-18T20:44:21.276+0000] {logging_mixin.py:115} INFO - [2024-09-18T20:44:21.276+0000] {dag.py:2981} INFO - Setting next_dagrun for example_local_kubernetes_executor to None, run_after=None
[2024-09-18T20:44:21.281+0000] {processor.py:161} INFO - Processing /home/airflow/.local/lib/python3.7/site-packages/airflow/example_dags/example_local_kubernetes_executor.py took 0.055 seconds
[2024-09-18T20:44:51.425+0000] {processor.py:153} INFO - Started process (PID=1251) to work on /home/airflow/.local/lib/python3.7/site-packages/airflow/example_dags/example_local_kubernetes_executor.py
[2024-09-18T20:44:51.427+0000] {processor.py:640} INFO - Processing file /home/airflow/.local/lib/python3.7/site-packages/airflow/example_dags/example_local_kubernetes_executor.py for tasks to queue
[2024-09-18T20:44:51.428+0000] {logging_mixin.py:115} INFO - [2024-09-18T20:44:51.428+0000] {dagbag.py:508} INFO - Filling up the DagBag from /home/airflow/.local/lib/python3.7/site-packages/airflow/example_dags/example_local_kubernetes_executor.py
[2024-09-18T20:44:51.435+0000] {processor.py:650} INFO - DAG(s) dict_keys(['example_local_kubernetes_executor']) retrieved from /home/airflow/.local/lib/python3.7/site-packages/airflow/example_dags/example_local_kubernetes_executor.py
[2024-09-18T20:44:51.447+0000] {logging_mixin.py:115} INFO - [2024-09-18T20:44:51.447+0000] {dag.py:2429} INFO - Sync 1 DAGs
[2024-09-18T20:44:51.460+0000] {logging_mixin.py:115} INFO - [2024-09-18T20:44:51.460+0000] {dag.py:2981} INFO - Setting next_dagrun for example_local_kubernetes_executor to None, run_after=None
[2024-09-18T20:44:51.466+0000] {processor.py:161} INFO - Processing /home/airflow/.local/lib/python3.7/site-packages/airflow/example_dags/example_local_kubernetes_executor.py took 0.042 seconds
[2024-09-18T20:45:21.626+0000] {processor.py:153} INFO - Started process (PID=1447) to work on /home/airflow/.local/lib/python3.7/site-packages/airflow/example_dags/example_local_kubernetes_executor.py
[2024-09-18T20:45:21.626+0000] {processor.py:640} INFO - Processing file /home/airflow/.local/lib/python3.7/site-packages/airflow/example_dags/example_local_kubernetes_executor.py for tasks to queue
[2024-09-18T20:45:21.627+0000] {logging_mixin.py:115} INFO - [2024-09-18T20:45:21.627+0000] {dagbag.py:508} INFO - Filling up the DagBag from /home/airflow/.local/lib/python3.7/site-packages/airflow/example_dags/example_local_kubernetes_executor.py
[2024-09-18T20:45:21.636+0000] {processor.py:650} INFO - DAG(s) dict_keys(['example_local_kubernetes_executor']) retrieved from /home/airflow/.local/lib/python3.7/site-packages/airflow/example_dags/example_local_kubernetes_executor.py
[2024-09-18T20:45:21.649+0000] {logging_mixin.py:115} INFO - [2024-09-18T20:45:21.649+0000] {dag.py:2429} INFO - Sync 1 DAGs
[2024-09-18T20:45:21.659+0000] {logging_mixin.py:115} INFO - [2024-09-18T20:45:21.659+0000] {dag.py:2981} INFO - Setting next_dagrun for example_local_kubernetes_executor to None, run_after=None
[2024-09-18T20:45:21.669+0000] {processor.py:161} INFO - Processing /home/airflow/.local/lib/python3.7/site-packages/airflow/example_dags/example_local_kubernetes_executor.py took 0.045 seconds
[2024-09-18T20:45:51.808+0000] {processor.py:153} INFO - Started process (PID=1639) to work on /home/airflow/.local/lib/python3.7/site-packages/airflow/example_dags/example_local_kubernetes_executor.py
[2024-09-18T20:45:51.811+0000] {processor.py:640} INFO - Processing file /home/airflow/.local/lib/python3.7/site-packages/airflow/example_dags/example_local_kubernetes_executor.py for tasks to queue
[2024-09-18T20:45:51.811+0000] {logging_mixin.py:115} INFO - [2024-09-18T20:45:51.811+0000] {dagbag.py:508} INFO - Filling up the DagBag from /home/airflow/.local/lib/python3.7/site-packages/airflow/example_dags/example_local_kubernetes_executor.py
[2024-09-18T20:45:51.818+0000] {processor.py:650} INFO - DAG(s) dict_keys(['example_local_kubernetes_executor']) retrieved from /home/airflow/.local/lib/python3.7/site-packages/airflow/example_dags/example_local_kubernetes_executor.py
[2024-09-18T20:45:51.835+0000] {logging_mixin.py:115} INFO - [2024-09-18T20:45:51.834+0000] {dag.py:2429} INFO - Sync 1 DAGs
[2024-09-18T20:45:51.846+0000] {logging_mixin.py:115} INFO - [2024-09-18T20:45:51.846+0000] {dag.py:2981} INFO - Setting next_dagrun for example_local_kubernetes_executor to None, run_after=None
[2024-09-18T20:45:51.854+0000] {processor.py:161} INFO - Processing /home/airflow/.local/lib/python3.7/site-packages/airflow/example_dags/example_local_kubernetes_executor.py took 0.047 seconds
[2024-09-18T20:46:22.043+0000] {processor.py:153} INFO - Started process (PID=1841) to work on /home/airflow/.local/lib/python3.7/site-packages/airflow/example_dags/example_local_kubernetes_executor.py
[2024-09-18T20:46:22.043+0000] {processor.py:640} INFO - Processing file /home/airflow/.local/lib/python3.7/site-packages/airflow/example_dags/example_local_kubernetes_executor.py for tasks to queue
[2024-09-18T20:46:22.045+0000] {logging_mixin.py:115} INFO - [2024-09-18T20:46:22.045+0000] {dagbag.py:508} INFO - Filling up the DagBag from /home/airflow/.local/lib/python3.7/site-packages/airflow/example_dags/example_local_kubernetes_executor.py
[2024-09-18T20:46:22.051+0000] {processor.py:650} INFO - DAG(s) dict_keys(['example_local_kubernetes_executor']) retrieved from /home/airflow/.local/lib/python3.7/site-packages/airflow/example_dags/example_local_kubernetes_executor.py
[2024-09-18T20:46:22.066+0000] {logging_mixin.py:115} INFO - [2024-09-18T20:46:22.066+0000] {dag.py:2429} INFO - Sync 1 DAGs
[2024-09-18T20:46:22.079+0000] {logging_mixin.py:115} INFO - [2024-09-18T20:46:22.079+0000] {dag.py:2981} INFO - Setting next_dagrun for example_local_kubernetes_executor to None, run_after=None
[2024-09-18T20:46:22.087+0000] {processor.py:161} INFO - Processing /home/airflow/.local/lib/python3.7/site-packages/airflow/example_dags/example_local_kubernetes_executor.py took 0.046 seconds
[2024-09-18T20:46:52.344+0000] {processor.py:153} INFO - Started process (PID=2038) to work on /home/airflow/.local/lib/python3.7/site-packages/airflow/example_dags/example_local_kubernetes_executor.py
[2024-09-18T20:46:52.345+0000] {processor.py:640} INFO - Processing file /home/airflow/.local/lib/python3.7/site-packages/airflow/example_dags/example_local_kubernetes_executor.py for tasks to queue
[2024-09-18T20:46:52.345+0000] {logging_mixin.py:115} INFO - [2024-09-18T20:46:52.345+0000] {dagbag.py:508} INFO - Filling up the DagBag from /home/airflow/.local/lib/python3.7/site-packages/airflow/example_dags/example_local_kubernetes_executor.py
[2024-09-18T20:46:52.357+0000] {processor.py:650} INFO - DAG(s) dict_keys(['example_local_kubernetes_executor']) retrieved from /home/airflow/.local/lib/python3.7/site-packages/airflow/example_dags/example_local_kubernetes_executor.py
[2024-09-18T20:46:52.371+0000] {logging_mixin.py:115} INFO - [2024-09-18T20:46:52.371+0000] {dag.py:2429} INFO - Sync 1 DAGs
[2024-09-18T20:46:52.383+0000] {logging_mixin.py:115} INFO - [2024-09-18T20:46:52.383+0000] {dag.py:2981} INFO - Setting next_dagrun for example_local_kubernetes_executor to None, run_after=None
[2024-09-18T20:46:52.390+0000] {processor.py:161} INFO - Processing /home/airflow/.local/lib/python3.7/site-packages/airflow/example_dags/example_local_kubernetes_executor.py took 0.047 seconds
[2024-09-18T20:47:22.551+0000] {processor.py:153} INFO - Started process (PID=2226) to work on /home/airflow/.local/lib/python3.7/site-packages/airflow/example_dags/example_local_kubernetes_executor.py
[2024-09-18T20:47:22.553+0000] {processor.py:640} INFO - Processing file /home/airflow/.local/lib/python3.7/site-packages/airflow/example_dags/example_local_kubernetes_executor.py for tasks to queue
[2024-09-18T20:47:22.553+0000] {logging_mixin.py:115} INFO - [2024-09-18T20:47:22.553+0000] {dagbag.py:508} INFO - Filling up the DagBag from /home/airflow/.local/lib/python3.7/site-packages/airflow/example_dags/example_local_kubernetes_executor.py
[2024-09-18T20:47:22.564+0000] {processor.py:650} INFO - DAG(s) dict_keys(['example_local_kubernetes_executor']) retrieved from /home/airflow/.local/lib/python3.7/site-packages/airflow/example_dags/example_local_kubernetes_executor.py
[2024-09-18T20:47:22.574+0000] {logging_mixin.py:115} INFO - [2024-09-18T20:47:22.574+0000] {dag.py:2429} INFO - Sync 1 DAGs
[2024-09-18T20:47:22.584+0000] {logging_mixin.py:115} INFO - [2024-09-18T20:47:22.584+0000] {dag.py:2981} INFO - Setting next_dagrun for example_local_kubernetes_executor to None, run_after=None
[2024-09-18T20:47:22.588+0000] {processor.py:161} INFO - Processing /home/airflow/.local/lib/python3.7/site-packages/airflow/example_dags/example_local_kubernetes_executor.py took 0.039 seconds
[2024-09-18T20:47:52.793+0000] {processor.py:153} INFO - Started process (PID=2423) to work on /home/airflow/.local/lib/python3.7/site-packages/airflow/example_dags/example_local_kubernetes_executor.py
[2024-09-18T20:47:52.794+0000] {processor.py:640} INFO - Processing file /home/airflow/.local/lib/python3.7/site-packages/airflow/example_dags/example_local_kubernetes_executor.py for tasks to queue
[2024-09-18T20:47:52.795+0000] {logging_mixin.py:115} INFO - [2024-09-18T20:47:52.795+0000] {dagbag.py:508} INFO - Filling up the DagBag from /home/airflow/.local/lib/python3.7/site-packages/airflow/example_dags/example_local_kubernetes_executor.py
[2024-09-18T20:47:52.804+0000] {processor.py:650} INFO - DAG(s) dict_keys(['example_local_kubernetes_executor']) retrieved from /home/airflow/.local/lib/python3.7/site-packages/airflow/example_dags/example_local_kubernetes_executor.py
[2024-09-18T20:47:52.816+0000] {logging_mixin.py:115} INFO - [2024-09-18T20:47:52.816+0000] {dag.py:2429} INFO - Sync 1 DAGs
[2024-09-18T20:47:52.828+0000] {logging_mixin.py:115} INFO - [2024-09-18T20:47:52.828+0000] {dag.py:2981} INFO - Setting next_dagrun for example_local_kubernetes_executor to None, run_after=None
[2024-09-18T20:47:52.832+0000] {processor.py:161} INFO - Processing /home/airflow/.local/lib/python3.7/site-packages/airflow/example_dags/example_local_kubernetes_executor.py took 0.040 seconds
[2024-09-18T20:48:22.947+0000] {processor.py:153} INFO - Started process (PID=2620) to work on /home/airflow/.local/lib/python3.7/site-packages/airflow/example_dags/example_local_kubernetes_executor.py
[2024-09-18T20:48:22.947+0000] {processor.py:640} INFO - Processing file /home/airflow/.local/lib/python3.7/site-packages/airflow/example_dags/example_local_kubernetes_executor.py for tasks to queue
[2024-09-18T20:48:22.948+0000] {logging_mixin.py:115} INFO - [2024-09-18T20:48:22.948+0000] {dagbag.py:508} INFO - Filling up the DagBag from /home/airflow/.local/lib/python3.7/site-packages/airflow/example_dags/example_local_kubernetes_executor.py
[2024-09-18T20:48:22.956+0000] {processor.py:650} INFO - DAG(s) dict_keys(['example_local_kubernetes_executor']) retrieved from /home/airflow/.local/lib/python3.7/site-packages/airflow/example_dags/example_local_kubernetes_executor.py
[2024-09-18T20:48:22.966+0000] {logging_mixin.py:115} INFO - [2024-09-18T20:48:22.966+0000] {dag.py:2429} INFO - Sync 1 DAGs
[2024-09-18T20:48:22.976+0000] {logging_mixin.py:115} INFO - [2024-09-18T20:48:22.976+0000] {dag.py:2981} INFO - Setting next_dagrun for example_local_kubernetes_executor to None, run_after=None
[2024-09-18T20:48:22.981+0000] {processor.py:161} INFO - Processing /home/airflow/.local/lib/python3.7/site-packages/airflow/example_dags/example_local_kubernetes_executor.py took 0.035 seconds
[2024-09-18T20:48:53.093+0000] {processor.py:153} INFO - Started process (PID=2817) to work on /home/airflow/.local/lib/python3.7/site-packages/airflow/example_dags/example_local_kubernetes_executor.py
[2024-09-18T20:48:53.095+0000] {processor.py:640} INFO - Processing file /home/airflow/.local/lib/python3.7/site-packages/airflow/example_dags/example_local_kubernetes_executor.py for tasks to queue
[2024-09-18T20:48:53.097+0000] {logging_mixin.py:115} INFO - [2024-09-18T20:48:53.097+0000] {dagbag.py:508} INFO - Filling up the DagBag from /home/airflow/.local/lib/python3.7/site-packages/airflow/example_dags/example_local_kubernetes_executor.py
[2024-09-18T20:48:53.105+0000] {processor.py:650} INFO - DAG(s) dict_keys(['example_local_kubernetes_executor']) retrieved from /home/airflow/.local/lib/python3.7/site-packages/airflow/example_dags/example_local_kubernetes_executor.py
[2024-09-18T20:48:53.119+0000] {logging_mixin.py:115} INFO - [2024-09-18T20:48:53.119+0000] {dag.py:2429} INFO - Sync 1 DAGs
[2024-09-18T20:48:53.129+0000] {logging_mixin.py:115} INFO - [2024-09-18T20:48:53.129+0000] {dag.py:2981} INFO - Setting next_dagrun for example_local_kubernetes_executor to None, run_after=None
[2024-09-18T20:48:53.134+0000] {processor.py:161} INFO - Processing /home/airflow/.local/lib/python3.7/site-packages/airflow/example_dags/example_local_kubernetes_executor.py took 0.042 seconds
[2024-09-18T20:49:23.327+0000] {processor.py:153} INFO - Started process (PID=3014) to work on /home/airflow/.local/lib/python3.7/site-packages/airflow/example_dags/example_local_kubernetes_executor.py
[2024-09-18T20:49:23.327+0000] {processor.py:640} INFO - Processing file /home/airflow/.local/lib/python3.7/site-packages/airflow/example_dags/example_local_kubernetes_executor.py for tasks to queue
[2024-09-18T20:49:23.328+0000] {logging_mixin.py:115} INFO - [2024-09-18T20:49:23.328+0000] {dagbag.py:508} INFO - Filling up the DagBag from /home/airflow/.local/lib/python3.7/site-packages/airflow/example_dags/example_local_kubernetes_executor.py
[2024-09-18T20:49:23.336+0000] {processor.py:650} INFO - DAG(s) dict_keys(['example_local_kubernetes_executor']) retrieved from /home/airflow/.local/lib/python3.7/site-packages/airflow/example_dags/example_local_kubernetes_executor.py
[2024-09-18T20:49:23.348+0000] {logging_mixin.py:115} INFO - [2024-09-18T20:49:23.348+0000] {dag.py:2429} INFO - Sync 1 DAGs
[2024-09-18T20:49:23.358+0000] {logging_mixin.py:115} INFO - [2024-09-18T20:49:23.358+0000] {dag.py:2981} INFO - Setting next_dagrun for example_local_kubernetes_executor to None, run_after=None
[2024-09-18T20:49:23.365+0000] {processor.py:161} INFO - Processing /home/airflow/.local/lib/python3.7/site-packages/airflow/example_dags/example_local_kubernetes_executor.py took 0.039 seconds
[2024-09-18T20:49:53.590+0000] {processor.py:153} INFO - Started process (PID=3211) to work on /home/airflow/.local/lib/python3.7/site-packages/airflow/example_dags/example_local_kubernetes_executor.py
[2024-09-18T20:49:53.591+0000] {processor.py:640} INFO - Processing file /home/airflow/.local/lib/python3.7/site-packages/airflow/example_dags/example_local_kubernetes_executor.py for tasks to queue
[2024-09-18T20:49:53.593+0000] {logging_mixin.py:115} INFO - [2024-09-18T20:49:53.593+0000] {dagbag.py:508} INFO - Filling up the DagBag from /home/airflow/.local/lib/python3.7/site-packages/airflow/example_dags/example_local_kubernetes_executor.py
[2024-09-18T20:49:53.604+0000] {processor.py:650} INFO - DAG(s) dict_keys(['example_local_kubernetes_executor']) retrieved from /home/airflow/.local/lib/python3.7/site-packages/airflow/example_dags/example_local_kubernetes_executor.py
[2024-09-18T20:49:53.624+0000] {logging_mixin.py:115} INFO - [2024-09-18T20:49:53.624+0000] {dag.py:2429} INFO - Sync 1 DAGs
[2024-09-18T20:49:53.646+0000] {logging_mixin.py:115} INFO - [2024-09-18T20:49:53.645+0000] {dag.py:2981} INFO - Setting next_dagrun for example_local_kubernetes_executor to None, run_after=None
[2024-09-18T20:49:53.653+0000] {processor.py:161} INFO - Processing /home/airflow/.local/lib/python3.7/site-packages/airflow/example_dags/example_local_kubernetes_executor.py took 0.065 seconds
[2024-09-18T20:50:23.853+0000] {processor.py:153} INFO - Started process (PID=3400) to work on /home/airflow/.local/lib/python3.7/site-packages/airflow/example_dags/example_local_kubernetes_executor.py
[2024-09-18T20:50:23.853+0000] {processor.py:640} INFO - Processing file /home/airflow/.local/lib/python3.7/site-packages/airflow/example_dags/example_local_kubernetes_executor.py for tasks to queue
[2024-09-18T20:50:23.853+0000] {logging_mixin.py:115} INFO - [2024-09-18T20:50:23.853+0000] {dagbag.py:508} INFO - Filling up the DagBag from /home/airflow/.local/lib/python3.7/site-packages/airflow/example_dags/example_local_kubernetes_executor.py
[2024-09-18T20:50:23.860+0000] {processor.py:650} INFO - DAG(s) dict_keys(['example_local_kubernetes_executor']) retrieved from /home/airflow/.local/lib/python3.7/site-packages/airflow/example_dags/example_local_kubernetes_executor.py
[2024-09-18T20:50:23.870+0000] {logging_mixin.py:115} INFO - [2024-09-18T20:50:23.870+0000] {dag.py:2429} INFO - Sync 1 DAGs
[2024-09-18T20:50:23.881+0000] {logging_mixin.py:115} INFO - [2024-09-18T20:50:23.880+0000] {dag.py:2981} INFO - Setting next_dagrun for example_local_kubernetes_executor to None, run_after=None
[2024-09-18T20:50:23.885+0000] {processor.py:161} INFO - Processing /home/airflow/.local/lib/python3.7/site-packages/airflow/example_dags/example_local_kubernetes_executor.py took 0.033 seconds
[2024-09-18T20:50:54.145+0000] {processor.py:153} INFO - Started process (PID=3597) to work on /home/airflow/.local/lib/python3.7/site-packages/airflow/example_dags/example_local_kubernetes_executor.py
[2024-09-18T20:50:54.147+0000] {processor.py:640} INFO - Processing file /home/airflow/.local/lib/python3.7/site-packages/airflow/example_dags/example_local_kubernetes_executor.py for tasks to queue
[2024-09-18T20:50:54.147+0000] {logging_mixin.py:115} INFO - [2024-09-18T20:50:54.147+0000] {dagbag.py:508} INFO - Filling up the DagBag from /home/airflow/.local/lib/python3.7/site-packages/airflow/example_dags/example_local_kubernetes_executor.py
[2024-09-18T20:50:54.155+0000] {processor.py:650} INFO - DAG(s) dict_keys(['example_local_kubernetes_executor']) retrieved from /home/airflow/.local/lib/python3.7/site-packages/airflow/example_dags/example_local_kubernetes_executor.py
[2024-09-18T20:50:54.171+0000] {logging_mixin.py:115} INFO - [2024-09-18T20:50:54.171+0000] {dag.py:2429} INFO - Sync 1 DAGs
[2024-09-18T20:50:54.182+0000] {logging_mixin.py:115} INFO - [2024-09-18T20:50:54.182+0000] {dag.py:2981} INFO - Setting next_dagrun for example_local_kubernetes_executor to None, run_after=None
[2024-09-18T20:50:54.188+0000] {processor.py:161} INFO - Processing /home/airflow/.local/lib/python3.7/site-packages/airflow/example_dags/example_local_kubernetes_executor.py took 0.044 seconds
[2024-09-18T20:51:24.256+0000] {processor.py:153} INFO - Started process (PID=3794) to work on /home/airflow/.local/lib/python3.7/site-packages/airflow/example_dags/example_local_kubernetes_executor.py
[2024-09-18T20:51:24.256+0000] {processor.py:640} INFO - Processing file /home/airflow/.local/lib/python3.7/site-packages/airflow/example_dags/example_local_kubernetes_executor.py for tasks to queue
[2024-09-18T20:51:24.256+0000] {logging_mixin.py:115} INFO - [2024-09-18T20:51:24.256+0000] {dagbag.py:508} INFO - Filling up the DagBag from /home/airflow/.local/lib/python3.7/site-packages/airflow/example_dags/example_local_kubernetes_executor.py
[2024-09-18T20:51:24.263+0000] {processor.py:650} INFO - DAG(s) dict_keys(['example_local_kubernetes_executor']) retrieved from /home/airflow/.local/lib/python3.7/site-packages/airflow/example_dags/example_local_kubernetes_executor.py
[2024-09-18T20:51:24.273+0000] {logging_mixin.py:115} INFO - [2024-09-18T20:51:24.273+0000] {dag.py:2429} INFO - Sync 1 DAGs
[2024-09-18T20:51:24.286+0000] {logging_mixin.py:115} INFO - [2024-09-18T20:51:24.286+0000] {dag.py:2981} INFO - Setting next_dagrun for example_local_kubernetes_executor to None, run_after=None
[2024-09-18T20:51:24.291+0000] {processor.py:161} INFO - Processing /home/airflow/.local/lib/python3.7/site-packages/airflow/example_dags/example_local_kubernetes_executor.py took 0.037 seconds
[2024-09-18T20:51:54.451+0000] {processor.py:153} INFO - Started process (PID=3991) to work on /home/airflow/.local/lib/python3.7/site-packages/airflow/example_dags/example_local_kubernetes_executor.py
[2024-09-18T20:51:54.453+0000] {processor.py:640} INFO - Processing file /home/airflow/.local/lib/python3.7/site-packages/airflow/example_dags/example_local_kubernetes_executor.py for tasks to queue
[2024-09-18T20:51:54.454+0000] {logging_mixin.py:115} INFO - [2024-09-18T20:51:54.454+0000] {dagbag.py:508} INFO - Filling up the DagBag from /home/airflow/.local/lib/python3.7/site-packages/airflow/example_dags/example_local_kubernetes_executor.py
[2024-09-18T20:51:54.463+0000] {processor.py:650} INFO - DAG(s) dict_keys(['example_local_kubernetes_executor']) retrieved from /home/airflow/.local/lib/python3.7/site-packages/airflow/example_dags/example_local_kubernetes_executor.py
[2024-09-18T20:51:54.474+0000] {logging_mixin.py:115} INFO - [2024-09-18T20:51:54.474+0000] {dag.py:2429} INFO - Sync 1 DAGs
[2024-09-18T20:51:54.486+0000] {logging_mixin.py:115} INFO - [2024-09-18T20:51:54.486+0000] {dag.py:2981} INFO - Setting next_dagrun for example_local_kubernetes_executor to None, run_after=None
[2024-09-18T20:51:54.492+0000] {processor.py:161} INFO - Processing /home/airflow/.local/lib/python3.7/site-packages/airflow/example_dags/example_local_kubernetes_executor.py took 0.042 seconds
[2024-09-18T20:52:24.560+0000] {processor.py:153} INFO - Started process (PID=4185) to work on /home/airflow/.local/lib/python3.7/site-packages/airflow/example_dags/example_local_kubernetes_executor.py
[2024-09-18T20:52:24.563+0000] {processor.py:640} INFO - Processing file /home/airflow/.local/lib/python3.7/site-packages/airflow/example_dags/example_local_kubernetes_executor.py for tasks to queue
[2024-09-18T20:52:24.564+0000] {logging_mixin.py:115} INFO - [2024-09-18T20:52:24.563+0000] {dagbag.py:508} INFO - Filling up the DagBag from /home/airflow/.local/lib/python3.7/site-packages/airflow/example_dags/example_local_kubernetes_executor.py
[2024-09-18T20:52:24.570+0000] {processor.py:650} INFO - DAG(s) dict_keys(['example_local_kubernetes_executor']) retrieved from /home/airflow/.local/lib/python3.7/site-packages/airflow/example_dags/example_local_kubernetes_executor.py
[2024-09-18T20:52:24.580+0000] {logging_mixin.py:115} INFO - [2024-09-18T20:52:24.580+0000] {dag.py:2429} INFO - Sync 1 DAGs
[2024-09-18T20:52:24.589+0000] {logging_mixin.py:115} INFO - [2024-09-18T20:52:24.589+0000] {dag.py:2981} INFO - Setting next_dagrun for example_local_kubernetes_executor to None, run_after=None
[2024-09-18T20:52:24.594+0000] {processor.py:161} INFO - Processing /home/airflow/.local/lib/python3.7/site-packages/airflow/example_dags/example_local_kubernetes_executor.py took 0.035 seconds
[2024-09-18T20:52:54.686+0000] {processor.py:153} INFO - Started process (PID=4382) to work on /home/airflow/.local/lib/python3.7/site-packages/airflow/example_dags/example_local_kubernetes_executor.py
[2024-09-18T20:52:54.686+0000] {processor.py:640} INFO - Processing file /home/airflow/.local/lib/python3.7/site-packages/airflow/example_dags/example_local_kubernetes_executor.py for tasks to queue
[2024-09-18T20:52:54.687+0000] {logging_mixin.py:115} INFO - [2024-09-18T20:52:54.687+0000] {dagbag.py:508} INFO - Filling up the DagBag from /home/airflow/.local/lib/python3.7/site-packages/airflow/example_dags/example_local_kubernetes_executor.py
[2024-09-18T20:52:54.693+0000] {processor.py:650} INFO - DAG(s) dict_keys(['example_local_kubernetes_executor']) retrieved from /home/airflow/.local/lib/python3.7/site-packages/airflow/example_dags/example_local_kubernetes_executor.py
[2024-09-18T20:52:54.707+0000] {logging_mixin.py:115} INFO - [2024-09-18T20:52:54.707+0000] {dag.py:2429} INFO - Sync 1 DAGs
[2024-09-18T20:52:54.725+0000] {logging_mixin.py:115} INFO - [2024-09-18T20:52:54.725+0000] {dag.py:2981} INFO - Setting next_dagrun for example_local_kubernetes_executor to None, run_after=None
[2024-09-18T20:52:54.729+0000] {processor.py:161} INFO - Processing /home/airflow/.local/lib/python3.7/site-packages/airflow/example_dags/example_local_kubernetes_executor.py took 0.045 seconds
[2024-09-18T20:53:24.818+0000] {processor.py:153} INFO - Started process (PID=4571) to work on /home/airflow/.local/lib/python3.7/site-packages/airflow/example_dags/example_local_kubernetes_executor.py
[2024-09-18T20:53:24.818+0000] {processor.py:640} INFO - Processing file /home/airflow/.local/lib/python3.7/site-packages/airflow/example_dags/example_local_kubernetes_executor.py for tasks to queue
[2024-09-18T20:53:24.818+0000] {logging_mixin.py:115} INFO - [2024-09-18T20:53:24.818+0000] {dagbag.py:508} INFO - Filling up the DagBag from /home/airflow/.local/lib/python3.7/site-packages/airflow/example_dags/example_local_kubernetes_executor.py
[2024-09-18T20:53:24.825+0000] {processor.py:650} INFO - DAG(s) dict_keys(['example_local_kubernetes_executor']) retrieved from /home/airflow/.local/lib/python3.7/site-packages/airflow/example_dags/example_local_kubernetes_executor.py
[2024-09-18T20:53:24.835+0000] {logging_mixin.py:115} INFO - [2024-09-18T20:53:24.835+0000] {dag.py:2429} INFO - Sync 1 DAGs
[2024-09-18T20:53:24.845+0000] {logging_mixin.py:115} INFO - [2024-09-18T20:53:24.845+0000] {dag.py:2981} INFO - Setting next_dagrun for example_local_kubernetes_executor to None, run_after=None
[2024-09-18T20:53:24.851+0000] {processor.py:161} INFO - Processing /home/airflow/.local/lib/python3.7/site-packages/airflow/example_dags/example_local_kubernetes_executor.py took 0.035 seconds
[2024-09-18T20:53:54.921+0000] {processor.py:153} INFO - Started process (PID=4765) to work on /home/airflow/.local/lib/python3.7/site-packages/airflow/example_dags/example_local_kubernetes_executor.py
[2024-09-18T20:53:54.921+0000] {processor.py:640} INFO - Processing file /home/airflow/.local/lib/python3.7/site-packages/airflow/example_dags/example_local_kubernetes_executor.py for tasks to queue
[2024-09-18T20:53:54.922+0000] {logging_mixin.py:115} INFO - [2024-09-18T20:53:54.921+0000] {dagbag.py:508} INFO - Filling up the DagBag from /home/airflow/.local/lib/python3.7/site-packages/airflow/example_dags/example_local_kubernetes_executor.py
[2024-09-18T20:53:54.928+0000] {processor.py:650} INFO - DAG(s) dict_keys(['example_local_kubernetes_executor']) retrieved from /home/airflow/.local/lib/python3.7/site-packages/airflow/example_dags/example_local_kubernetes_executor.py
[2024-09-18T20:53:54.937+0000] {logging_mixin.py:115} INFO - [2024-09-18T20:53:54.937+0000] {dag.py:2429} INFO - Sync 1 DAGs
[2024-09-18T20:53:54.946+0000] {logging_mixin.py:115} INFO - [2024-09-18T20:53:54.946+0000] {dag.py:2981} INFO - Setting next_dagrun for example_local_kubernetes_executor to None, run_after=None
[2024-09-18T20:53:54.951+0000] {processor.py:161} INFO - Processing /home/airflow/.local/lib/python3.7/site-packages/airflow/example_dags/example_local_kubernetes_executor.py took 0.031 seconds
[2024-09-18T20:54:25.044+0000] {processor.py:153} INFO - Started process (PID=4960) to work on /home/airflow/.local/lib/python3.7/site-packages/airflow/example_dags/example_local_kubernetes_executor.py
[2024-09-18T20:54:25.044+0000] {processor.py:640} INFO - Processing file /home/airflow/.local/lib/python3.7/site-packages/airflow/example_dags/example_local_kubernetes_executor.py for tasks to queue
[2024-09-18T20:54:25.046+0000] {logging_mixin.py:115} INFO - [2024-09-18T20:54:25.046+0000] {dagbag.py:508} INFO - Filling up the DagBag from /home/airflow/.local/lib/python3.7/site-packages/airflow/example_dags/example_local_kubernetes_executor.py
[2024-09-18T20:54:25.053+0000] {processor.py:650} INFO - DAG(s) dict_keys(['example_local_kubernetes_executor']) retrieved from /home/airflow/.local/lib/python3.7/site-packages/airflow/example_dags/example_local_kubernetes_executor.py
[2024-09-18T20:54:25.063+0000] {logging_mixin.py:115} INFO - [2024-09-18T20:54:25.063+0000] {dag.py:2429} INFO - Sync 1 DAGs
[2024-09-18T20:54:25.073+0000] {logging_mixin.py:115} INFO - [2024-09-18T20:54:25.073+0000] {dag.py:2981} INFO - Setting next_dagrun for example_local_kubernetes_executor to None, run_after=None
[2024-09-18T20:54:25.078+0000] {processor.py:161} INFO - Processing /home/airflow/.local/lib/python3.7/site-packages/airflow/example_dags/example_local_kubernetes_executor.py took 0.035 seconds
[2024-09-18T20:54:55.370+0000] {processor.py:153} INFO - Started process (PID=5156) to work on /home/airflow/.local/lib/python3.7/site-packages/airflow/example_dags/example_local_kubernetes_executor.py
[2024-09-18T20:54:55.370+0000] {processor.py:640} INFO - Processing file /home/airflow/.local/lib/python3.7/site-packages/airflow/example_dags/example_local_kubernetes_executor.py for tasks to queue
[2024-09-18T20:54:55.370+0000] {logging_mixin.py:115} INFO - [2024-09-18T20:54:55.370+0000] {dagbag.py:508} INFO - Filling up the DagBag from /home/airflow/.local/lib/python3.7/site-packages/airflow/example_dags/example_local_kubernetes_executor.py
[2024-09-18T20:54:55.380+0000] {processor.py:650} INFO - DAG(s) dict_keys(['example_local_kubernetes_executor']) retrieved from /home/airflow/.local/lib/python3.7/site-packages/airflow/example_dags/example_local_kubernetes_executor.py
[2024-09-18T20:54:55.393+0000] {logging_mixin.py:115} INFO - [2024-09-18T20:54:55.393+0000] {dag.py:2429} INFO - Sync 1 DAGs
[2024-09-18T20:54:55.407+0000] {logging_mixin.py:115} INFO - [2024-09-18T20:54:55.406+0000] {dag.py:2981} INFO - Setting next_dagrun for example_local_kubernetes_executor to None, run_after=None
[2024-09-18T20:54:55.412+0000] {processor.py:161} INFO - Processing /home/airflow/.local/lib/python3.7/site-packages/airflow/example_dags/example_local_kubernetes_executor.py took 0.044 seconds
[2024-09-18T20:55:25.531+0000] {processor.py:153} INFO - Started process (PID=5357) to work on /home/airflow/.local/lib/python3.7/site-packages/airflow/example_dags/example_local_kubernetes_executor.py
[2024-09-18T20:55:25.534+0000] {processor.py:640} INFO - Processing file /home/airflow/.local/lib/python3.7/site-packages/airflow/example_dags/example_local_kubernetes_executor.py for tasks to queue
[2024-09-18T20:55:25.534+0000] {logging_mixin.py:115} INFO - [2024-09-18T20:55:25.534+0000] {dagbag.py:508} INFO - Filling up the DagBag from /home/airflow/.local/lib/python3.7/site-packages/airflow/example_dags/example_local_kubernetes_executor.py
[2024-09-18T20:55:25.541+0000] {processor.py:650} INFO - DAG(s) dict_keys(['example_local_kubernetes_executor']) retrieved from /home/airflow/.local/lib/python3.7/site-packages/airflow/example_dags/example_local_kubernetes_executor.py
[2024-09-18T20:55:25.551+0000] {logging_mixin.py:115} INFO - [2024-09-18T20:55:25.551+0000] {dag.py:2429} INFO - Sync 1 DAGs
[2024-09-18T20:55:25.562+0000] {logging_mixin.py:115} INFO - [2024-09-18T20:55:25.562+0000] {dag.py:2981} INFO - Setting next_dagrun for example_local_kubernetes_executor to None, run_after=None
[2024-09-18T20:55:25.566+0000] {processor.py:161} INFO - Processing /home/airflow/.local/lib/python3.7/site-packages/airflow/example_dags/example_local_kubernetes_executor.py took 0.037 seconds
[2024-09-18T20:55:55.675+0000] {processor.py:153} INFO - Started process (PID=5554) to work on /home/airflow/.local/lib/python3.7/site-packages/airflow/example_dags/example_local_kubernetes_executor.py
[2024-09-18T20:55:55.675+0000] {processor.py:640} INFO - Processing file /home/airflow/.local/lib/python3.7/site-packages/airflow/example_dags/example_local_kubernetes_executor.py for tasks to queue
[2024-09-18T20:55:55.677+0000] {logging_mixin.py:115} INFO - [2024-09-18T20:55:55.677+0000] {dagbag.py:508} INFO - Filling up the DagBag from /home/airflow/.local/lib/python3.7/site-packages/airflow/example_dags/example_local_kubernetes_executor.py
[2024-09-18T20:55:55.685+0000] {processor.py:650} INFO - DAG(s) dict_keys(['example_local_kubernetes_executor']) retrieved from /home/airflow/.local/lib/python3.7/site-packages/airflow/example_dags/example_local_kubernetes_executor.py
[2024-09-18T20:55:55.696+0000] {logging_mixin.py:115} INFO - [2024-09-18T20:55:55.695+0000] {dag.py:2429} INFO - Sync 1 DAGs
[2024-09-18T20:55:55.707+0000] {logging_mixin.py:115} INFO - [2024-09-18T20:55:55.707+0000] {dag.py:2981} INFO - Setting next_dagrun for example_local_kubernetes_executor to None, run_after=None
[2024-09-18T20:55:55.714+0000] {processor.py:161} INFO - Processing /home/airflow/.local/lib/python3.7/site-packages/airflow/example_dags/example_local_kubernetes_executor.py took 0.041 seconds
[2024-09-18T20:56:25.814+0000] {processor.py:153} INFO - Started process (PID=5742) to work on /home/airflow/.local/lib/python3.7/site-packages/airflow/example_dags/example_local_kubernetes_executor.py
[2024-09-18T20:56:25.814+0000] {processor.py:640} INFO - Processing file /home/airflow/.local/lib/python3.7/site-packages/airflow/example_dags/example_local_kubernetes_executor.py for tasks to queue
[2024-09-18T20:56:25.815+0000] {logging_mixin.py:115} INFO - [2024-09-18T20:56:25.815+0000] {dagbag.py:508} INFO - Filling up the DagBag from /home/airflow/.local/lib/python3.7/site-packages/airflow/example_dags/example_local_kubernetes_executor.py
[2024-09-18T20:56:25.821+0000] {processor.py:650} INFO - DAG(s) dict_keys(['example_local_kubernetes_executor']) retrieved from /home/airflow/.local/lib/python3.7/site-packages/airflow/example_dags/example_local_kubernetes_executor.py
[2024-09-18T20:56:25.833+0000] {logging_mixin.py:115} INFO - [2024-09-18T20:56:25.833+0000] {dag.py:2429} INFO - Sync 1 DAGs
[2024-09-18T20:56:25.842+0000] {logging_mixin.py:115} INFO - [2024-09-18T20:56:25.842+0000] {dag.py:2981} INFO - Setting next_dagrun for example_local_kubernetes_executor to None, run_after=None
[2024-09-18T20:56:25.847+0000] {processor.py:161} INFO - Processing /home/airflow/.local/lib/python3.7/site-packages/airflow/example_dags/example_local_kubernetes_executor.py took 0.034 seconds
[2024-09-18T20:56:55.913+0000] {processor.py:153} INFO - Started process (PID=5934) to work on /home/airflow/.local/lib/python3.7/site-packages/airflow/example_dags/example_local_kubernetes_executor.py
[2024-09-18T20:56:55.913+0000] {processor.py:640} INFO - Processing file /home/airflow/.local/lib/python3.7/site-packages/airflow/example_dags/example_local_kubernetes_executor.py for tasks to queue
[2024-09-18T20:56:55.914+0000] {logging_mixin.py:115} INFO - [2024-09-18T20:56:55.914+0000] {dagbag.py:508} INFO - Filling up the DagBag from /home/airflow/.local/lib/python3.7/site-packages/airflow/example_dags/example_local_kubernetes_executor.py
[2024-09-18T20:56:55.921+0000] {processor.py:650} INFO - DAG(s) dict_keys(['example_local_kubernetes_executor']) retrieved from /home/airflow/.local/lib/python3.7/site-packages/airflow/example_dags/example_local_kubernetes_executor.py
[2024-09-18T20:56:55.931+0000] {logging_mixin.py:115} INFO - [2024-09-18T20:56:55.931+0000] {dag.py:2429} INFO - Sync 1 DAGs
[2024-09-18T20:56:55.941+0000] {logging_mixin.py:115} INFO - [2024-09-18T20:56:55.941+0000] {dag.py:2981} INFO - Setting next_dagrun for example_local_kubernetes_executor to None, run_after=None
[2024-09-18T20:56:55.945+0000] {processor.py:161} INFO - Processing /home/airflow/.local/lib/python3.7/site-packages/airflow/example_dags/example_local_kubernetes_executor.py took 0.034 seconds
[2024-09-18T20:57:26.001+0000] {processor.py:153} INFO - Started process (PID=6136) to work on /home/airflow/.local/lib/python3.7/site-packages/airflow/example_dags/example_local_kubernetes_executor.py
[2024-09-18T20:57:26.002+0000] {processor.py:640} INFO - Processing file /home/airflow/.local/lib/python3.7/site-packages/airflow/example_dags/example_local_kubernetes_executor.py for tasks to queue
[2024-09-18T20:57:26.003+0000] {logging_mixin.py:115} INFO - [2024-09-18T20:57:26.003+0000] {dagbag.py:508} INFO - Filling up the DagBag from /home/airflow/.local/lib/python3.7/site-packages/airflow/example_dags/example_local_kubernetes_executor.py
[2024-09-18T20:57:26.010+0000] {processor.py:650} INFO - DAG(s) dict_keys(['example_local_kubernetes_executor']) retrieved from /home/airflow/.local/lib/python3.7/site-packages/airflow/example_dags/example_local_kubernetes_executor.py
[2024-09-18T20:57:26.021+0000] {logging_mixin.py:115} INFO - [2024-09-18T20:57:26.021+0000] {dag.py:2429} INFO - Sync 1 DAGs
[2024-09-18T20:57:26.030+0000] {logging_mixin.py:115} INFO - [2024-09-18T20:57:26.030+0000] {dag.py:2981} INFO - Setting next_dagrun for example_local_kubernetes_executor to None, run_after=None
[2024-09-18T20:57:26.036+0000] {processor.py:161} INFO - Processing /home/airflow/.local/lib/python3.7/site-packages/airflow/example_dags/example_local_kubernetes_executor.py took 0.036 seconds
[2024-09-18T20:57:56.197+0000] {processor.py:153} INFO - Started process (PID=6333) to work on /home/airflow/.local/lib/python3.7/site-packages/airflow/example_dags/example_local_kubernetes_executor.py
[2024-09-18T20:57:56.200+0000] {processor.py:640} INFO - Processing file /home/airflow/.local/lib/python3.7/site-packages/airflow/example_dags/example_local_kubernetes_executor.py for tasks to queue
[2024-09-18T20:57:56.201+0000] {logging_mixin.py:115} INFO - [2024-09-18T20:57:56.201+0000] {dagbag.py:508} INFO - Filling up the DagBag from /home/airflow/.local/lib/python3.7/site-packages/airflow/example_dags/example_local_kubernetes_executor.py
[2024-09-18T20:57:56.209+0000] {processor.py:650} INFO - DAG(s) dict_keys(['example_local_kubernetes_executor']) retrieved from /home/airflow/.local/lib/python3.7/site-packages/airflow/example_dags/example_local_kubernetes_executor.py
[2024-09-18T20:57:56.224+0000] {logging_mixin.py:115} INFO - [2024-09-18T20:57:56.224+0000] {dag.py:2429} INFO - Sync 1 DAGs
[2024-09-18T20:57:56.233+0000] {logging_mixin.py:115} INFO - [2024-09-18T20:57:56.233+0000] {dag.py:2981} INFO - Setting next_dagrun for example_local_kubernetes_executor to None, run_after=None
[2024-09-18T20:57:56.238+0000] {processor.py:161} INFO - Processing /home/airflow/.local/lib/python3.7/site-packages/airflow/example_dags/example_local_kubernetes_executor.py took 0.043 seconds
[2024-09-18T20:58:26.378+0000] {processor.py:153} INFO - Started process (PID=6529) to work on /home/airflow/.local/lib/python3.7/site-packages/airflow/example_dags/example_local_kubernetes_executor.py
[2024-09-18T20:58:26.378+0000] {processor.py:640} INFO - Processing file /home/airflow/.local/lib/python3.7/site-packages/airflow/example_dags/example_local_kubernetes_executor.py for tasks to queue
[2024-09-18T20:58:26.378+0000] {logging_mixin.py:115} INFO - [2024-09-18T20:58:26.378+0000] {dagbag.py:508} INFO - Filling up the DagBag from /home/airflow/.local/lib/python3.7/site-packages/airflow/example_dags/example_local_kubernetes_executor.py
[2024-09-18T20:58:26.387+0000] {processor.py:650} INFO - DAG(s) dict_keys(['example_local_kubernetes_executor']) retrieved from /home/airflow/.local/lib/python3.7/site-packages/airflow/example_dags/example_local_kubernetes_executor.py
[2024-09-18T20:58:26.402+0000] {logging_mixin.py:115} INFO - [2024-09-18T20:58:26.402+0000] {dag.py:2429} INFO - Sync 1 DAGs
[2024-09-18T20:58:26.425+0000] {logging_mixin.py:115} INFO - [2024-09-18T20:58:26.425+0000] {dag.py:2981} INFO - Setting next_dagrun for example_local_kubernetes_executor to None, run_after=None
[2024-09-18T20:58:26.434+0000] {processor.py:161} INFO - Processing /home/airflow/.local/lib/python3.7/site-packages/airflow/example_dags/example_local_kubernetes_executor.py took 0.057 seconds
[2024-09-18T20:58:56.619+0000] {processor.py:153} INFO - Started process (PID=6726) to work on /home/airflow/.local/lib/python3.7/site-packages/airflow/example_dags/example_local_kubernetes_executor.py
[2024-09-18T20:58:56.620+0000] {processor.py:640} INFO - Processing file /home/airflow/.local/lib/python3.7/site-packages/airflow/example_dags/example_local_kubernetes_executor.py for tasks to queue
[2024-09-18T20:58:56.620+0000] {logging_mixin.py:115} INFO - [2024-09-18T20:58:56.620+0000] {dagbag.py:508} INFO - Filling up the DagBag from /home/airflow/.local/lib/python3.7/site-packages/airflow/example_dags/example_local_kubernetes_executor.py
[2024-09-18T20:58:56.628+0000] {processor.py:650} INFO - DAG(s) dict_keys(['example_local_kubernetes_executor']) retrieved from /home/airflow/.local/lib/python3.7/site-packages/airflow/example_dags/example_local_kubernetes_executor.py
[2024-09-18T20:58:56.641+0000] {logging_mixin.py:115} INFO - [2024-09-18T20:58:56.641+0000] {dag.py:2429} INFO - Sync 1 DAGs
[2024-09-18T20:58:56.651+0000] {logging_mixin.py:115} INFO - [2024-09-18T20:58:56.651+0000] {dag.py:2981} INFO - Setting next_dagrun for example_local_kubernetes_executor to None, run_after=None
[2024-09-18T20:58:56.657+0000] {processor.py:161} INFO - Processing /home/airflow/.local/lib/python3.7/site-packages/airflow/example_dags/example_local_kubernetes_executor.py took 0.040 seconds
[2024-09-18T20:59:26.895+0000] {processor.py:153} INFO - Started process (PID=6914) to work on /home/airflow/.local/lib/python3.7/site-packages/airflow/example_dags/example_local_kubernetes_executor.py
[2024-09-18T20:59:26.896+0000] {processor.py:640} INFO - Processing file /home/airflow/.local/lib/python3.7/site-packages/airflow/example_dags/example_local_kubernetes_executor.py for tasks to queue
[2024-09-18T20:59:26.896+0000] {logging_mixin.py:115} INFO - [2024-09-18T20:59:26.896+0000] {dagbag.py:508} INFO - Filling up the DagBag from /home/airflow/.local/lib/python3.7/site-packages/airflow/example_dags/example_local_kubernetes_executor.py
[2024-09-18T20:59:26.904+0000] {processor.py:650} INFO - DAG(s) dict_keys(['example_local_kubernetes_executor']) retrieved from /home/airflow/.local/lib/python3.7/site-packages/airflow/example_dags/example_local_kubernetes_executor.py
[2024-09-18T20:59:26.917+0000] {logging_mixin.py:115} INFO - [2024-09-18T20:59:26.917+0000] {dag.py:2429} INFO - Sync 1 DAGs
[2024-09-18T20:59:26.925+0000] {logging_mixin.py:115} INFO - [2024-09-18T20:59:26.925+0000] {dag.py:2981} INFO - Setting next_dagrun for example_local_kubernetes_executor to None, run_after=None
[2024-09-18T20:59:26.930+0000] {processor.py:161} INFO - Processing /home/airflow/.local/lib/python3.7/site-packages/airflow/example_dags/example_local_kubernetes_executor.py took 0.036 seconds
[2024-09-18T20:59:57.101+0000] {processor.py:153} INFO - Started process (PID=7111) to work on /home/airflow/.local/lib/python3.7/site-packages/airflow/example_dags/example_local_kubernetes_executor.py
[2024-09-18T20:59:57.101+0000] {processor.py:640} INFO - Processing file /home/airflow/.local/lib/python3.7/site-packages/airflow/example_dags/example_local_kubernetes_executor.py for tasks to queue
[2024-09-18T20:59:57.102+0000] {logging_mixin.py:115} INFO - [2024-09-18T20:59:57.102+0000] {dagbag.py:508} INFO - Filling up the DagBag from /home/airflow/.local/lib/python3.7/site-packages/airflow/example_dags/example_local_kubernetes_executor.py
[2024-09-18T20:59:57.110+0000] {processor.py:650} INFO - DAG(s) dict_keys(['example_local_kubernetes_executor']) retrieved from /home/airflow/.local/lib/python3.7/site-packages/airflow/example_dags/example_local_kubernetes_executor.py
[2024-09-18T20:59:57.123+0000] {logging_mixin.py:115} INFO - [2024-09-18T20:59:57.123+0000] {dag.py:2429} INFO - Sync 1 DAGs
[2024-09-18T20:59:57.131+0000] {logging_mixin.py:115} INFO - [2024-09-18T20:59:57.131+0000] {dag.py:2981} INFO - Setting next_dagrun for example_local_kubernetes_executor to None, run_after=None
[2024-09-18T20:59:57.136+0000] {processor.py:161} INFO - Processing /home/airflow/.local/lib/python3.7/site-packages/airflow/example_dags/example_local_kubernetes_executor.py took 0.037 seconds
[2024-09-18T21:00:27.333+0000] {processor.py:153} INFO - Started process (PID=7308) to work on /home/airflow/.local/lib/python3.7/site-packages/airflow/example_dags/example_local_kubernetes_executor.py
[2024-09-18T21:00:27.333+0000] {processor.py:640} INFO - Processing file /home/airflow/.local/lib/python3.7/site-packages/airflow/example_dags/example_local_kubernetes_executor.py for tasks to queue
[2024-09-18T21:00:27.334+0000] {logging_mixin.py:115} INFO - [2024-09-18T21:00:27.334+0000] {dagbag.py:508} INFO - Filling up the DagBag from /home/airflow/.local/lib/python3.7/site-packages/airflow/example_dags/example_local_kubernetes_executor.py
[2024-09-18T21:00:27.341+0000] {processor.py:650} INFO - DAG(s) dict_keys(['example_local_kubernetes_executor']) retrieved from /home/airflow/.local/lib/python3.7/site-packages/airflow/example_dags/example_local_kubernetes_executor.py
[2024-09-18T21:00:27.358+0000] {logging_mixin.py:115} INFO - [2024-09-18T21:00:27.358+0000] {dag.py:2429} INFO - Sync 1 DAGs
[2024-09-18T21:00:27.367+0000] {logging_mixin.py:115} INFO - [2024-09-18T21:00:27.367+0000] {dag.py:2981} INFO - Setting next_dagrun for example_local_kubernetes_executor to None, run_after=None
[2024-09-18T21:00:27.372+0000] {processor.py:161} INFO - Processing /home/airflow/.local/lib/python3.7/site-packages/airflow/example_dags/example_local_kubernetes_executor.py took 0.041 seconds
