[2024-09-18T20:42:19.268+0000] {processor.py:153} INFO - Started process (PID=183) to work on /home/airflow/.local/lib/python3.7/site-packages/airflow/example_dags/example_latest_only_with_trigger.py
[2024-09-18T20:42:19.270+0000] {processor.py:640} INFO - Processing file /home/airflow/.local/lib/python3.7/site-packages/airflow/example_dags/example_latest_only_with_trigger.py for tasks to queue
[2024-09-18T20:42:19.270+0000] {logging_mixin.py:115} INFO - [2024-09-18T20:42:19.270+0000] {dagbag.py:508} INFO - Filling up the DagBag from /home/airflow/.local/lib/python3.7/site-packages/airflow/example_dags/example_latest_only_with_trigger.py
[2024-09-18T20:42:19.274+0000] {processor.py:650} INFO - DAG(s) dict_keys(['latest_only_with_trigger']) retrieved from /home/airflow/.local/lib/python3.7/site-packages/airflow/example_dags/example_latest_only_with_trigger.py
[2024-09-18T20:42:19.314+0000] {logging_mixin.py:115} INFO - [2024-09-18T20:42:19.314+0000] {manager.py:508} INFO - Created Permission View: can edit on DAG:latest_only_with_trigger
[2024-09-18T20:42:19.319+0000] {logging_mixin.py:115} INFO - [2024-09-18T20:42:19.319+0000] {manager.py:508} INFO - Created Permission View: can read on DAG:latest_only_with_trigger
[2024-09-18T20:42:19.321+0000] {logging_mixin.py:115} INFO - [2024-09-18T20:42:19.321+0000] {manager.py:508} INFO - Created Permission View: can delete on DAG:latest_only_with_trigger
[2024-09-18T20:42:19.322+0000] {logging_mixin.py:115} INFO - [2024-09-18T20:42:19.322+0000] {dag.py:2429} INFO - Sync 1 DAGs
[2024-09-18T20:42:19.327+0000] {logging_mixin.py:115} INFO - [2024-09-18T20:42:19.327+0000] {dag.py:2448} INFO - Creating ORM DAG for latest_only_with_trigger
[2024-09-18T20:42:19.332+0000] {logging_mixin.py:115} INFO - [2024-09-18T20:42:19.332+0000] {dag.py:2981} INFO - Setting next_dagrun for latest_only_with_trigger to 2024-09-18T16:42:19.332675+00:00, run_after=2024-09-18T20:42:19.332675+00:00
[2024-09-18T20:42:19.338+0000] {processor.py:161} INFO - Processing /home/airflow/.local/lib/python3.7/site-packages/airflow/example_dags/example_latest_only_with_trigger.py took 0.071 seconds
[2024-09-18T20:42:50.211+0000] {processor.py:153} INFO - Started process (PID=381) to work on /home/airflow/.local/lib/python3.7/site-packages/airflow/example_dags/example_latest_only_with_trigger.py
[2024-09-18T20:42:50.211+0000] {processor.py:640} INFO - Processing file /home/airflow/.local/lib/python3.7/site-packages/airflow/example_dags/example_latest_only_with_trigger.py for tasks to queue
[2024-09-18T20:42:50.211+0000] {logging_mixin.py:115} INFO - [2024-09-18T20:42:50.211+0000] {dagbag.py:508} INFO - Filling up the DagBag from /home/airflow/.local/lib/python3.7/site-packages/airflow/example_dags/example_latest_only_with_trigger.py
[2024-09-18T20:42:50.214+0000] {processor.py:650} INFO - DAG(s) dict_keys(['latest_only_with_trigger']) retrieved from /home/airflow/.local/lib/python3.7/site-packages/airflow/example_dags/example_latest_only_with_trigger.py
[2024-09-18T20:42:50.226+0000] {logging_mixin.py:115} INFO - [2024-09-18T20:42:50.226+0000] {dag.py:2429} INFO - Sync 1 DAGs
[2024-09-18T20:42:50.238+0000] {logging_mixin.py:115} INFO - [2024-09-18T20:42:50.238+0000] {dag.py:2981} INFO - Setting next_dagrun for latest_only_with_trigger to 2024-09-18T16:42:50.238068+00:00, run_after=2024-09-18T20:42:50.238068+00:00
[2024-09-18T20:42:50.243+0000] {processor.py:161} INFO - Processing /home/airflow/.local/lib/python3.7/site-packages/airflow/example_dags/example_latest_only_with_trigger.py took 0.034 seconds
[2024-09-18T20:43:20.404+0000] {processor.py:153} INFO - Started process (PID=578) to work on /home/airflow/.local/lib/python3.7/site-packages/airflow/example_dags/example_latest_only_with_trigger.py
[2024-09-18T20:43:20.405+0000] {processor.py:640} INFO - Processing file /home/airflow/.local/lib/python3.7/site-packages/airflow/example_dags/example_latest_only_with_trigger.py for tasks to queue
[2024-09-18T20:43:20.405+0000] {logging_mixin.py:115} INFO - [2024-09-18T20:43:20.405+0000] {dagbag.py:508} INFO - Filling up the DagBag from /home/airflow/.local/lib/python3.7/site-packages/airflow/example_dags/example_latest_only_with_trigger.py
[2024-09-18T20:43:20.407+0000] {processor.py:650} INFO - DAG(s) dict_keys(['latest_only_with_trigger']) retrieved from /home/airflow/.local/lib/python3.7/site-packages/airflow/example_dags/example_latest_only_with_trigger.py
[2024-09-18T20:43:20.421+0000] {logging_mixin.py:115} INFO - [2024-09-18T20:43:20.421+0000] {dag.py:2429} INFO - Sync 1 DAGs
[2024-09-18T20:43:20.431+0000] {logging_mixin.py:115} INFO - [2024-09-18T20:43:20.431+0000] {dag.py:2981} INFO - Setting next_dagrun for latest_only_with_trigger to 2024-09-18T16:43:20.431595+00:00, run_after=2024-09-18T20:43:20.431595+00:00
[2024-09-18T20:43:20.440+0000] {processor.py:161} INFO - Processing /home/airflow/.local/lib/python3.7/site-packages/airflow/example_dags/example_latest_only_with_trigger.py took 0.038 seconds
[2024-09-18T20:43:50.572+0000] {processor.py:153} INFO - Started process (PID=771) to work on /home/airflow/.local/lib/python3.7/site-packages/airflow/example_dags/example_latest_only_with_trigger.py
[2024-09-18T20:43:50.573+0000] {processor.py:640} INFO - Processing file /home/airflow/.local/lib/python3.7/site-packages/airflow/example_dags/example_latest_only_with_trigger.py for tasks to queue
[2024-09-18T20:43:50.573+0000] {logging_mixin.py:115} INFO - [2024-09-18T20:43:50.573+0000] {dagbag.py:508} INFO - Filling up the DagBag from /home/airflow/.local/lib/python3.7/site-packages/airflow/example_dags/example_latest_only_with_trigger.py
[2024-09-18T20:43:50.575+0000] {processor.py:650} INFO - DAG(s) dict_keys(['latest_only_with_trigger']) retrieved from /home/airflow/.local/lib/python3.7/site-packages/airflow/example_dags/example_latest_only_with_trigger.py
[2024-09-18T20:43:50.591+0000] {logging_mixin.py:115} INFO - [2024-09-18T20:43:50.591+0000] {dag.py:2429} INFO - Sync 1 DAGs
[2024-09-18T20:43:50.602+0000] {logging_mixin.py:115} INFO - [2024-09-18T20:43:50.602+0000] {dag.py:2981} INFO - Setting next_dagrun for latest_only_with_trigger to 2024-09-18T16:43:50.602709+00:00, run_after=2024-09-18T20:43:50.602709+00:00
[2024-09-18T20:43:50.609+0000] {processor.py:161} INFO - Processing /home/airflow/.local/lib/python3.7/site-packages/airflow/example_dags/example_latest_only_with_trigger.py took 0.038 seconds
[2024-09-18T20:44:20.770+0000] {processor.py:153} INFO - Started process (PID=979) to work on /home/airflow/.local/lib/python3.7/site-packages/airflow/example_dags/example_latest_only_with_trigger.py
[2024-09-18T20:44:20.772+0000] {processor.py:640} INFO - Processing file /home/airflow/.local/lib/python3.7/site-packages/airflow/example_dags/example_latest_only_with_trigger.py for tasks to queue
[2024-09-18T20:44:20.773+0000] {logging_mixin.py:115} INFO - [2024-09-18T20:44:20.773+0000] {dagbag.py:508} INFO - Filling up the DagBag from /home/airflow/.local/lib/python3.7/site-packages/airflow/example_dags/example_latest_only_with_trigger.py
[2024-09-18T20:44:20.776+0000] {processor.py:650} INFO - DAG(s) dict_keys(['latest_only_with_trigger']) retrieved from /home/airflow/.local/lib/python3.7/site-packages/airflow/example_dags/example_latest_only_with_trigger.py
[2024-09-18T20:44:20.789+0000] {logging_mixin.py:115} INFO - [2024-09-18T20:44:20.789+0000] {dag.py:2429} INFO - Sync 1 DAGs
[2024-09-18T20:44:20.799+0000] {logging_mixin.py:115} INFO - [2024-09-18T20:44:20.799+0000] {dag.py:2981} INFO - Setting next_dagrun for latest_only_with_trigger to 2024-09-18T16:44:20.799563+00:00, run_after=2024-09-18T20:44:20.799563+00:00
[2024-09-18T20:44:20.805+0000] {processor.py:161} INFO - Processing /home/airflow/.local/lib/python3.7/site-packages/airflow/example_dags/example_latest_only_with_trigger.py took 0.036 seconds
[2024-09-18T20:44:51.024+0000] {processor.py:153} INFO - Started process (PID=1176) to work on /home/airflow/.local/lib/python3.7/site-packages/airflow/example_dags/example_latest_only_with_trigger.py
[2024-09-18T20:44:51.024+0000] {processor.py:640} INFO - Processing file /home/airflow/.local/lib/python3.7/site-packages/airflow/example_dags/example_latest_only_with_trigger.py for tasks to queue
[2024-09-18T20:44:51.025+0000] {logging_mixin.py:115} INFO - [2024-09-18T20:44:51.025+0000] {dagbag.py:508} INFO - Filling up the DagBag from /home/airflow/.local/lib/python3.7/site-packages/airflow/example_dags/example_latest_only_with_trigger.py
[2024-09-18T20:44:51.027+0000] {processor.py:650} INFO - DAG(s) dict_keys(['latest_only_with_trigger']) retrieved from /home/airflow/.local/lib/python3.7/site-packages/airflow/example_dags/example_latest_only_with_trigger.py
[2024-09-18T20:44:51.038+0000] {logging_mixin.py:115} INFO - [2024-09-18T20:44:51.038+0000] {dag.py:2429} INFO - Sync 1 DAGs
[2024-09-18T20:44:51.049+0000] {logging_mixin.py:115} INFO - [2024-09-18T20:44:51.049+0000] {dag.py:2981} INFO - Setting next_dagrun for latest_only_with_trigger to 2024-09-18T16:44:51.049182+00:00, run_after=2024-09-18T20:44:51.049182+00:00
[2024-09-18T20:44:51.055+0000] {processor.py:161} INFO - Processing /home/airflow/.local/lib/python3.7/site-packages/airflow/example_dags/example_latest_only_with_trigger.py took 0.032 seconds
[2024-09-18T20:45:21.241+0000] {processor.py:153} INFO - Started process (PID=1375) to work on /home/airflow/.local/lib/python3.7/site-packages/airflow/example_dags/example_latest_only_with_trigger.py
[2024-09-18T20:45:21.241+0000] {processor.py:640} INFO - Processing file /home/airflow/.local/lib/python3.7/site-packages/airflow/example_dags/example_latest_only_with_trigger.py for tasks to queue
[2024-09-18T20:45:21.242+0000] {logging_mixin.py:115} INFO - [2024-09-18T20:45:21.241+0000] {dagbag.py:508} INFO - Filling up the DagBag from /home/airflow/.local/lib/python3.7/site-packages/airflow/example_dags/example_latest_only_with_trigger.py
[2024-09-18T20:45:21.244+0000] {processor.py:650} INFO - DAG(s) dict_keys(['latest_only_with_trigger']) retrieved from /home/airflow/.local/lib/python3.7/site-packages/airflow/example_dags/example_latest_only_with_trigger.py
[2024-09-18T20:45:21.256+0000] {logging_mixin.py:115} INFO - [2024-09-18T20:45:21.255+0000] {dag.py:2429} INFO - Sync 1 DAGs
[2024-09-18T20:45:21.266+0000] {logging_mixin.py:115} INFO - [2024-09-18T20:45:21.266+0000] {dag.py:2981} INFO - Setting next_dagrun for latest_only_with_trigger to 2024-09-18T16:45:21.266205+00:00, run_after=2024-09-18T20:45:21.266205+00:00
[2024-09-18T20:45:21.272+0000] {processor.py:161} INFO - Processing /home/airflow/.local/lib/python3.7/site-packages/airflow/example_dags/example_latest_only_with_trigger.py took 0.032 seconds
[2024-09-18T20:45:51.422+0000] {processor.py:153} INFO - Started process (PID=1569) to work on /home/airflow/.local/lib/python3.7/site-packages/airflow/example_dags/example_latest_only_with_trigger.py
[2024-09-18T20:45:51.423+0000] {processor.py:640} INFO - Processing file /home/airflow/.local/lib/python3.7/site-packages/airflow/example_dags/example_latest_only_with_trigger.py for tasks to queue
[2024-09-18T20:45:51.423+0000] {logging_mixin.py:115} INFO - [2024-09-18T20:45:51.423+0000] {dagbag.py:508} INFO - Filling up the DagBag from /home/airflow/.local/lib/python3.7/site-packages/airflow/example_dags/example_latest_only_with_trigger.py
[2024-09-18T20:45:51.425+0000] {processor.py:650} INFO - DAG(s) dict_keys(['latest_only_with_trigger']) retrieved from /home/airflow/.local/lib/python3.7/site-packages/airflow/example_dags/example_latest_only_with_trigger.py
[2024-09-18T20:45:51.437+0000] {logging_mixin.py:115} INFO - [2024-09-18T20:45:51.437+0000] {dag.py:2429} INFO - Sync 1 DAGs
[2024-09-18T20:45:51.448+0000] {logging_mixin.py:115} INFO - [2024-09-18T20:45:51.448+0000] {dag.py:2981} INFO - Setting next_dagrun for latest_only_with_trigger to 2024-09-18T16:45:51.448485+00:00, run_after=2024-09-18T20:45:51.448485+00:00
[2024-09-18T20:45:51.455+0000] {processor.py:161} INFO - Processing /home/airflow/.local/lib/python3.7/site-packages/airflow/example_dags/example_latest_only_with_trigger.py took 0.034 seconds
[2024-09-18T20:46:21.654+0000] {processor.py:153} INFO - Started process (PID=1768) to work on /home/airflow/.local/lib/python3.7/site-packages/airflow/example_dags/example_latest_only_with_trigger.py
[2024-09-18T20:46:21.656+0000] {processor.py:640} INFO - Processing file /home/airflow/.local/lib/python3.7/site-packages/airflow/example_dags/example_latest_only_with_trigger.py for tasks to queue
[2024-09-18T20:46:21.656+0000] {logging_mixin.py:115} INFO - [2024-09-18T20:46:21.656+0000] {dagbag.py:508} INFO - Filling up the DagBag from /home/airflow/.local/lib/python3.7/site-packages/airflow/example_dags/example_latest_only_with_trigger.py
[2024-09-18T20:46:21.662+0000] {processor.py:650} INFO - DAG(s) dict_keys(['latest_only_with_trigger']) retrieved from /home/airflow/.local/lib/python3.7/site-packages/airflow/example_dags/example_latest_only_with_trigger.py
[2024-09-18T20:46:21.675+0000] {logging_mixin.py:115} INFO - [2024-09-18T20:46:21.674+0000] {dag.py:2429} INFO - Sync 1 DAGs
[2024-09-18T20:46:21.689+0000] {logging_mixin.py:115} INFO - [2024-09-18T20:46:21.689+0000] {dag.py:2981} INFO - Setting next_dagrun for latest_only_with_trigger to 2024-09-18T16:46:21.688909+00:00, run_after=2024-09-18T20:46:21.688909+00:00
[2024-09-18T20:46:21.697+0000] {processor.py:161} INFO - Processing /home/airflow/.local/lib/python3.7/site-packages/airflow/example_dags/example_latest_only_with_trigger.py took 0.044 seconds
[2024-09-18T20:46:51.851+0000] {processor.py:153} INFO - Started process (PID=1954) to work on /home/airflow/.local/lib/python3.7/site-packages/airflow/example_dags/example_latest_only_with_trigger.py
[2024-09-18T20:46:51.851+0000] {processor.py:640} INFO - Processing file /home/airflow/.local/lib/python3.7/site-packages/airflow/example_dags/example_latest_only_with_trigger.py for tasks to queue
[2024-09-18T20:46:51.852+0000] {logging_mixin.py:115} INFO - [2024-09-18T20:46:51.852+0000] {dagbag.py:508} INFO - Filling up the DagBag from /home/airflow/.local/lib/python3.7/site-packages/airflow/example_dags/example_latest_only_with_trigger.py
[2024-09-18T20:46:51.854+0000] {processor.py:650} INFO - DAG(s) dict_keys(['latest_only_with_trigger']) retrieved from /home/airflow/.local/lib/python3.7/site-packages/airflow/example_dags/example_latest_only_with_trigger.py
[2024-09-18T20:46:51.869+0000] {logging_mixin.py:115} INFO - [2024-09-18T20:46:51.869+0000] {dag.py:2429} INFO - Sync 1 DAGs
[2024-09-18T20:46:51.879+0000] {logging_mixin.py:115} INFO - [2024-09-18T20:46:51.879+0000] {dag.py:2981} INFO - Setting next_dagrun for latest_only_with_trigger to 2024-09-18T16:46:51.879702+00:00, run_after=2024-09-18T20:46:51.879702+00:00
[2024-09-18T20:46:51.885+0000] {processor.py:161} INFO - Processing /home/airflow/.local/lib/python3.7/site-packages/airflow/example_dags/example_latest_only_with_trigger.py took 0.036 seconds
[2024-09-18T20:47:22.224+0000] {processor.py:153} INFO - Started process (PID=2153) to work on /home/airflow/.local/lib/python3.7/site-packages/airflow/example_dags/example_latest_only_with_trigger.py
[2024-09-18T20:47:22.224+0000] {processor.py:640} INFO - Processing file /home/airflow/.local/lib/python3.7/site-packages/airflow/example_dags/example_latest_only_with_trigger.py for tasks to queue
[2024-09-18T20:47:22.224+0000] {logging_mixin.py:115} INFO - [2024-09-18T20:47:22.224+0000] {dagbag.py:508} INFO - Filling up the DagBag from /home/airflow/.local/lib/python3.7/site-packages/airflow/example_dags/example_latest_only_with_trigger.py
[2024-09-18T20:47:22.227+0000] {processor.py:650} INFO - DAG(s) dict_keys(['latest_only_with_trigger']) retrieved from /home/airflow/.local/lib/python3.7/site-packages/airflow/example_dags/example_latest_only_with_trigger.py
[2024-09-18T20:47:22.237+0000] {logging_mixin.py:115} INFO - [2024-09-18T20:47:22.237+0000] {dag.py:2429} INFO - Sync 1 DAGs
[2024-09-18T20:47:22.248+0000] {logging_mixin.py:115} INFO - [2024-09-18T20:47:22.248+0000] {dag.py:2981} INFO - Setting next_dagrun for latest_only_with_trigger to 2024-09-18T16:47:22.248044+00:00, run_after=2024-09-18T20:47:22.248044+00:00
[2024-09-18T20:47:22.252+0000] {processor.py:161} INFO - Processing /home/airflow/.local/lib/python3.7/site-packages/airflow/example_dags/example_latest_only_with_trigger.py took 0.030 seconds
[2024-09-18T20:47:52.327+0000] {processor.py:153} INFO - Started process (PID=2348) to work on /home/airflow/.local/lib/python3.7/site-packages/airflow/example_dags/example_latest_only_with_trigger.py
[2024-09-18T20:47:52.329+0000] {processor.py:640} INFO - Processing file /home/airflow/.local/lib/python3.7/site-packages/airflow/example_dags/example_latest_only_with_trigger.py for tasks to queue
[2024-09-18T20:47:52.329+0000] {logging_mixin.py:115} INFO - [2024-09-18T20:47:52.329+0000] {dagbag.py:508} INFO - Filling up the DagBag from /home/airflow/.local/lib/python3.7/site-packages/airflow/example_dags/example_latest_only_with_trigger.py
[2024-09-18T20:47:52.332+0000] {processor.py:650} INFO - DAG(s) dict_keys(['latest_only_with_trigger']) retrieved from /home/airflow/.local/lib/python3.7/site-packages/airflow/example_dags/example_latest_only_with_trigger.py
[2024-09-18T20:47:52.348+0000] {logging_mixin.py:115} INFO - [2024-09-18T20:47:52.348+0000] {dag.py:2429} INFO - Sync 1 DAGs
[2024-09-18T20:47:52.359+0000] {logging_mixin.py:115} INFO - [2024-09-18T20:47:52.359+0000] {dag.py:2981} INFO - Setting next_dagrun for latest_only_with_trigger to 2024-09-18T16:47:52.359393+00:00, run_after=2024-09-18T20:47:52.359393+00:00
[2024-09-18T20:47:52.367+0000] {processor.py:161} INFO - Processing /home/airflow/.local/lib/python3.7/site-packages/airflow/example_dags/example_latest_only_with_trigger.py took 0.041 seconds
[2024-09-18T20:48:22.559+0000] {processor.py:153} INFO - Started process (PID=2545) to work on /home/airflow/.local/lib/python3.7/site-packages/airflow/example_dags/example_latest_only_with_trigger.py
[2024-09-18T20:48:22.559+0000] {processor.py:640} INFO - Processing file /home/airflow/.local/lib/python3.7/site-packages/airflow/example_dags/example_latest_only_with_trigger.py for tasks to queue
[2024-09-18T20:48:22.560+0000] {logging_mixin.py:115} INFO - [2024-09-18T20:48:22.560+0000] {dagbag.py:508} INFO - Filling up the DagBag from /home/airflow/.local/lib/python3.7/site-packages/airflow/example_dags/example_latest_only_with_trigger.py
[2024-09-18T20:48:22.562+0000] {processor.py:650} INFO - DAG(s) dict_keys(['latest_only_with_trigger']) retrieved from /home/airflow/.local/lib/python3.7/site-packages/airflow/example_dags/example_latest_only_with_trigger.py
[2024-09-18T20:48:22.576+0000] {logging_mixin.py:115} INFO - [2024-09-18T20:48:22.576+0000] {dag.py:2429} INFO - Sync 1 DAGs
[2024-09-18T20:48:22.587+0000] {logging_mixin.py:115} INFO - [2024-09-18T20:48:22.587+0000] {dag.py:2981} INFO - Setting next_dagrun for latest_only_with_trigger to 2024-09-18T16:48:22.587182+00:00, run_after=2024-09-18T20:48:22.587182+00:00
[2024-09-18T20:48:22.594+0000] {processor.py:161} INFO - Processing /home/airflow/.local/lib/python3.7/site-packages/airflow/example_dags/example_latest_only_with_trigger.py took 0.036 seconds
[2024-09-18T20:48:52.713+0000] {processor.py:153} INFO - Started process (PID=2742) to work on /home/airflow/.local/lib/python3.7/site-packages/airflow/example_dags/example_latest_only_with_trigger.py
[2024-09-18T20:48:52.713+0000] {processor.py:640} INFO - Processing file /home/airflow/.local/lib/python3.7/site-packages/airflow/example_dags/example_latest_only_with_trigger.py for tasks to queue
[2024-09-18T20:48:52.713+0000] {logging_mixin.py:115} INFO - [2024-09-18T20:48:52.713+0000] {dagbag.py:508} INFO - Filling up the DagBag from /home/airflow/.local/lib/python3.7/site-packages/airflow/example_dags/example_latest_only_with_trigger.py
[2024-09-18T20:48:52.716+0000] {processor.py:650} INFO - DAG(s) dict_keys(['latest_only_with_trigger']) retrieved from /home/airflow/.local/lib/python3.7/site-packages/airflow/example_dags/example_latest_only_with_trigger.py
[2024-09-18T20:48:52.733+0000] {logging_mixin.py:115} INFO - [2024-09-18T20:48:52.733+0000] {dag.py:2429} INFO - Sync 1 DAGs
[2024-09-18T20:48:52.745+0000] {logging_mixin.py:115} INFO - [2024-09-18T20:48:52.745+0000] {dag.py:2981} INFO - Setting next_dagrun for latest_only_with_trigger to 2024-09-18T16:48:52.745441+00:00, run_after=2024-09-18T20:48:52.745441+00:00
[2024-09-18T20:48:52.750+0000] {processor.py:161} INFO - Processing /home/airflow/.local/lib/python3.7/site-packages/airflow/example_dags/example_latest_only_with_trigger.py took 0.039 seconds
[2024-09-18T20:49:22.956+0000] {processor.py:153} INFO - Started process (PID=2941) to work on /home/airflow/.local/lib/python3.7/site-packages/airflow/example_dags/example_latest_only_with_trigger.py
[2024-09-18T20:49:22.956+0000] {processor.py:640} INFO - Processing file /home/airflow/.local/lib/python3.7/site-packages/airflow/example_dags/example_latest_only_with_trigger.py for tasks to queue
[2024-09-18T20:49:22.957+0000] {logging_mixin.py:115} INFO - [2024-09-18T20:49:22.957+0000] {dagbag.py:508} INFO - Filling up the DagBag from /home/airflow/.local/lib/python3.7/site-packages/airflow/example_dags/example_latest_only_with_trigger.py
[2024-09-18T20:49:22.963+0000] {processor.py:650} INFO - DAG(s) dict_keys(['latest_only_with_trigger']) retrieved from /home/airflow/.local/lib/python3.7/site-packages/airflow/example_dags/example_latest_only_with_trigger.py
[2024-09-18T20:49:22.976+0000] {logging_mixin.py:115} INFO - [2024-09-18T20:49:22.976+0000] {dag.py:2429} INFO - Sync 1 DAGs
[2024-09-18T20:49:22.990+0000] {logging_mixin.py:115} INFO - [2024-09-18T20:49:22.990+0000] {dag.py:2981} INFO - Setting next_dagrun for latest_only_with_trigger to 2024-09-18T16:49:22.990549+00:00, run_after=2024-09-18T20:49:22.990549+00:00
[2024-09-18T20:49:22.998+0000] {processor.py:161} INFO - Processing /home/airflow/.local/lib/python3.7/site-packages/airflow/example_dags/example_latest_only_with_trigger.py took 0.043 seconds
[2024-09-18T20:49:53.111+0000] {processor.py:153} INFO - Started process (PID=3133) to work on /home/airflow/.local/lib/python3.7/site-packages/airflow/example_dags/example_latest_only_with_trigger.py
[2024-09-18T20:49:53.112+0000] {processor.py:640} INFO - Processing file /home/airflow/.local/lib/python3.7/site-packages/airflow/example_dags/example_latest_only_with_trigger.py for tasks to queue
[2024-09-18T20:49:53.112+0000] {logging_mixin.py:115} INFO - [2024-09-18T20:49:53.112+0000] {dagbag.py:508} INFO - Filling up the DagBag from /home/airflow/.local/lib/python3.7/site-packages/airflow/example_dags/example_latest_only_with_trigger.py
[2024-09-18T20:49:53.114+0000] {processor.py:650} INFO - DAG(s) dict_keys(['latest_only_with_trigger']) retrieved from /home/airflow/.local/lib/python3.7/site-packages/airflow/example_dags/example_latest_only_with_trigger.py
[2024-09-18T20:49:53.133+0000] {logging_mixin.py:115} INFO - [2024-09-18T20:49:53.133+0000] {dag.py:2429} INFO - Sync 1 DAGs
[2024-09-18T20:49:53.146+0000] {logging_mixin.py:115} INFO - [2024-09-18T20:49:53.146+0000] {dag.py:2981} INFO - Setting next_dagrun for latest_only_with_trigger to 2024-09-18T16:49:53.146454+00:00, run_after=2024-09-18T20:49:53.146454+00:00
[2024-09-18T20:49:53.153+0000] {processor.py:161} INFO - Processing /home/airflow/.local/lib/python3.7/site-packages/airflow/example_dags/example_latest_only_with_trigger.py took 0.044 seconds
[2024-09-18T20:50:23.440+0000] {processor.py:153} INFO - Started process (PID=3325) to work on /home/airflow/.local/lib/python3.7/site-packages/airflow/example_dags/example_latest_only_with_trigger.py
[2024-09-18T20:50:23.440+0000] {processor.py:640} INFO - Processing file /home/airflow/.local/lib/python3.7/site-packages/airflow/example_dags/example_latest_only_with_trigger.py for tasks to queue
[2024-09-18T20:50:23.441+0000] {logging_mixin.py:115} INFO - [2024-09-18T20:50:23.440+0000] {dagbag.py:508} INFO - Filling up the DagBag from /home/airflow/.local/lib/python3.7/site-packages/airflow/example_dags/example_latest_only_with_trigger.py
[2024-09-18T20:50:23.443+0000] {processor.py:650} INFO - DAG(s) dict_keys(['latest_only_with_trigger']) retrieved from /home/airflow/.local/lib/python3.7/site-packages/airflow/example_dags/example_latest_only_with_trigger.py
[2024-09-18T20:50:23.456+0000] {logging_mixin.py:115} INFO - [2024-09-18T20:50:23.456+0000] {dag.py:2429} INFO - Sync 1 DAGs
[2024-09-18T20:50:23.470+0000] {logging_mixin.py:115} INFO - [2024-09-18T20:50:23.470+0000] {dag.py:2981} INFO - Setting next_dagrun for latest_only_with_trigger to 2024-09-18T16:50:23.470394+00:00, run_after=2024-09-18T20:50:23.470394+00:00
[2024-09-18T20:50:23.477+0000] {processor.py:161} INFO - Processing /home/airflow/.local/lib/python3.7/site-packages/airflow/example_dags/example_latest_only_with_trigger.py took 0.039 seconds
[2024-09-18T20:50:53.683+0000] {processor.py:153} INFO - Started process (PID=3522) to work on /home/airflow/.local/lib/python3.7/site-packages/airflow/example_dags/example_latest_only_with_trigger.py
[2024-09-18T20:50:53.686+0000] {processor.py:640} INFO - Processing file /home/airflow/.local/lib/python3.7/site-packages/airflow/example_dags/example_latest_only_with_trigger.py for tasks to queue
[2024-09-18T20:50:53.687+0000] {logging_mixin.py:115} INFO - [2024-09-18T20:50:53.687+0000] {dagbag.py:508} INFO - Filling up the DagBag from /home/airflow/.local/lib/python3.7/site-packages/airflow/example_dags/example_latest_only_with_trigger.py
[2024-09-18T20:50:53.689+0000] {processor.py:650} INFO - DAG(s) dict_keys(['latest_only_with_trigger']) retrieved from /home/airflow/.local/lib/python3.7/site-packages/airflow/example_dags/example_latest_only_with_trigger.py
[2024-09-18T20:50:53.702+0000] {logging_mixin.py:115} INFO - [2024-09-18T20:50:53.702+0000] {dag.py:2429} INFO - Sync 1 DAGs
[2024-09-18T20:50:53.714+0000] {logging_mixin.py:115} INFO - [2024-09-18T20:50:53.713+0000] {dag.py:2981} INFO - Setting next_dagrun for latest_only_with_trigger to 2024-09-18T16:50:53.713894+00:00, run_after=2024-09-18T20:50:53.713894+00:00
[2024-09-18T20:50:53.721+0000] {processor.py:161} INFO - Processing /home/airflow/.local/lib/python3.7/site-packages/airflow/example_dags/example_latest_only_with_trigger.py took 0.040 seconds
[2024-09-18T20:51:23.876+0000] {processor.py:153} INFO - Started process (PID=3719) to work on /home/airflow/.local/lib/python3.7/site-packages/airflow/example_dags/example_latest_only_with_trigger.py
[2024-09-18T20:51:23.877+0000] {processor.py:640} INFO - Processing file /home/airflow/.local/lib/python3.7/site-packages/airflow/example_dags/example_latest_only_with_trigger.py for tasks to queue
[2024-09-18T20:51:23.877+0000] {logging_mixin.py:115} INFO - [2024-09-18T20:51:23.877+0000] {dagbag.py:508} INFO - Filling up the DagBag from /home/airflow/.local/lib/python3.7/site-packages/airflow/example_dags/example_latest_only_with_trigger.py
[2024-09-18T20:51:23.880+0000] {processor.py:650} INFO - DAG(s) dict_keys(['latest_only_with_trigger']) retrieved from /home/airflow/.local/lib/python3.7/site-packages/airflow/example_dags/example_latest_only_with_trigger.py
[2024-09-18T20:51:23.890+0000] {logging_mixin.py:115} INFO - [2024-09-18T20:51:23.889+0000] {dag.py:2429} INFO - Sync 1 DAGs
[2024-09-18T20:51:23.900+0000] {logging_mixin.py:115} INFO - [2024-09-18T20:51:23.899+0000] {dag.py:2981} INFO - Setting next_dagrun for latest_only_with_trigger to 2024-09-18T16:51:23.899892+00:00, run_after=2024-09-18T20:51:23.899892+00:00
[2024-09-18T20:51:23.905+0000] {processor.py:161} INFO - Processing /home/airflow/.local/lib/python3.7/site-packages/airflow/example_dags/example_latest_only_with_trigger.py took 0.030 seconds
[2024-09-18T20:51:54.040+0000] {processor.py:153} INFO - Started process (PID=3916) to work on /home/airflow/.local/lib/python3.7/site-packages/airflow/example_dags/example_latest_only_with_trigger.py
[2024-09-18T20:51:54.043+0000] {processor.py:640} INFO - Processing file /home/airflow/.local/lib/python3.7/site-packages/airflow/example_dags/example_latest_only_with_trigger.py for tasks to queue
[2024-09-18T20:51:54.043+0000] {logging_mixin.py:115} INFO - [2024-09-18T20:51:54.043+0000] {dagbag.py:508} INFO - Filling up the DagBag from /home/airflow/.local/lib/python3.7/site-packages/airflow/example_dags/example_latest_only_with_trigger.py
[2024-09-18T20:51:54.047+0000] {processor.py:650} INFO - DAG(s) dict_keys(['latest_only_with_trigger']) retrieved from /home/airflow/.local/lib/python3.7/site-packages/airflow/example_dags/example_latest_only_with_trigger.py
[2024-09-18T20:51:54.057+0000] {logging_mixin.py:115} INFO - [2024-09-18T20:51:54.057+0000] {dag.py:2429} INFO - Sync 1 DAGs
[2024-09-18T20:51:54.069+0000] {logging_mixin.py:115} INFO - [2024-09-18T20:51:54.069+0000] {dag.py:2981} INFO - Setting next_dagrun for latest_only_with_trigger to 2024-09-18T16:51:54.069560+00:00, run_after=2024-09-18T20:51:54.069560+00:00
[2024-09-18T20:51:54.076+0000] {processor.py:161} INFO - Processing /home/airflow/.local/lib/python3.7/site-packages/airflow/example_dags/example_latest_only_with_trigger.py took 0.038 seconds
[2024-09-18T20:52:24.216+0000] {processor.py:153} INFO - Started process (PID=4111) to work on /home/airflow/.local/lib/python3.7/site-packages/airflow/example_dags/example_latest_only_with_trigger.py
[2024-09-18T20:52:24.218+0000] {processor.py:640} INFO - Processing file /home/airflow/.local/lib/python3.7/site-packages/airflow/example_dags/example_latest_only_with_trigger.py for tasks to queue
[2024-09-18T20:52:24.219+0000] {logging_mixin.py:115} INFO - [2024-09-18T20:52:24.218+0000] {dagbag.py:508} INFO - Filling up the DagBag from /home/airflow/.local/lib/python3.7/site-packages/airflow/example_dags/example_latest_only_with_trigger.py
[2024-09-18T20:52:24.222+0000] {processor.py:650} INFO - DAG(s) dict_keys(['latest_only_with_trigger']) retrieved from /home/airflow/.local/lib/python3.7/site-packages/airflow/example_dags/example_latest_only_with_trigger.py
[2024-09-18T20:52:24.232+0000] {logging_mixin.py:115} INFO - [2024-09-18T20:52:24.232+0000] {dag.py:2429} INFO - Sync 1 DAGs
[2024-09-18T20:52:24.242+0000] {logging_mixin.py:115} INFO - [2024-09-18T20:52:24.242+0000] {dag.py:2981} INFO - Setting next_dagrun for latest_only_with_trigger to 2024-09-18T16:52:24.242449+00:00, run_after=2024-09-18T20:52:24.242449+00:00
[2024-09-18T20:52:24.247+0000] {processor.py:161} INFO - Processing /home/airflow/.local/lib/python3.7/site-packages/airflow/example_dags/example_latest_only_with_trigger.py took 0.032 seconds
[2024-09-18T20:52:54.277+0000] {processor.py:153} INFO - Started process (PID=4306) to work on /home/airflow/.local/lib/python3.7/site-packages/airflow/example_dags/example_latest_only_with_trigger.py
[2024-09-18T20:52:54.278+0000] {processor.py:640} INFO - Processing file /home/airflow/.local/lib/python3.7/site-packages/airflow/example_dags/example_latest_only_with_trigger.py for tasks to queue
[2024-09-18T20:52:54.278+0000] {logging_mixin.py:115} INFO - [2024-09-18T20:52:54.278+0000] {dagbag.py:508} INFO - Filling up the DagBag from /home/airflow/.local/lib/python3.7/site-packages/airflow/example_dags/example_latest_only_with_trigger.py
[2024-09-18T20:52:54.281+0000] {processor.py:650} INFO - DAG(s) dict_keys(['latest_only_with_trigger']) retrieved from /home/airflow/.local/lib/python3.7/site-packages/airflow/example_dags/example_latest_only_with_trigger.py
[2024-09-18T20:52:54.296+0000] {logging_mixin.py:115} INFO - [2024-09-18T20:52:54.296+0000] {dag.py:2429} INFO - Sync 1 DAGs
[2024-09-18T20:52:54.308+0000] {logging_mixin.py:115} INFO - [2024-09-18T20:52:54.308+0000] {dag.py:2981} INFO - Setting next_dagrun for latest_only_with_trigger to 2024-09-18T16:52:54.308399+00:00, run_after=2024-09-18T20:52:54.308399+00:00
[2024-09-18T20:52:54.315+0000] {processor.py:161} INFO - Processing /home/airflow/.local/lib/python3.7/site-packages/airflow/example_dags/example_latest_only_with_trigger.py took 0.039 seconds
[2024-09-18T20:53:24.498+0000] {processor.py:153} INFO - Started process (PID=4498) to work on /home/airflow/.local/lib/python3.7/site-packages/airflow/example_dags/example_latest_only_with_trigger.py
[2024-09-18T20:53:24.498+0000] {processor.py:640} INFO - Processing file /home/airflow/.local/lib/python3.7/site-packages/airflow/example_dags/example_latest_only_with_trigger.py for tasks to queue
[2024-09-18T20:53:24.498+0000] {logging_mixin.py:115} INFO - [2024-09-18T20:53:24.498+0000] {dagbag.py:508} INFO - Filling up the DagBag from /home/airflow/.local/lib/python3.7/site-packages/airflow/example_dags/example_latest_only_with_trigger.py
[2024-09-18T20:53:24.500+0000] {processor.py:650} INFO - DAG(s) dict_keys(['latest_only_with_trigger']) retrieved from /home/airflow/.local/lib/python3.7/site-packages/airflow/example_dags/example_latest_only_with_trigger.py
[2024-09-18T20:53:24.511+0000] {logging_mixin.py:115} INFO - [2024-09-18T20:53:24.511+0000] {dag.py:2429} INFO - Sync 1 DAGs
[2024-09-18T20:53:24.522+0000] {logging_mixin.py:115} INFO - [2024-09-18T20:53:24.522+0000] {dag.py:2981} INFO - Setting next_dagrun for latest_only_with_trigger to 2024-09-18T16:53:24.522057+00:00, run_after=2024-09-18T20:53:24.522057+00:00
[2024-09-18T20:53:24.526+0000] {processor.py:161} INFO - Processing /home/airflow/.local/lib/python3.7/site-packages/airflow/example_dags/example_latest_only_with_trigger.py took 0.030 seconds
[2024-09-18T20:53:54.564+0000] {processor.py:153} INFO - Started process (PID=4693) to work on /home/airflow/.local/lib/python3.7/site-packages/airflow/example_dags/example_latest_only_with_trigger.py
[2024-09-18T20:53:54.567+0000] {processor.py:640} INFO - Processing file /home/airflow/.local/lib/python3.7/site-packages/airflow/example_dags/example_latest_only_with_trigger.py for tasks to queue
[2024-09-18T20:53:54.567+0000] {logging_mixin.py:115} INFO - [2024-09-18T20:53:54.567+0000] {dagbag.py:508} INFO - Filling up the DagBag from /home/airflow/.local/lib/python3.7/site-packages/airflow/example_dags/example_latest_only_with_trigger.py
[2024-09-18T20:53:54.570+0000] {processor.py:650} INFO - DAG(s) dict_keys(['latest_only_with_trigger']) retrieved from /home/airflow/.local/lib/python3.7/site-packages/airflow/example_dags/example_latest_only_with_trigger.py
[2024-09-18T20:53:54.579+0000] {logging_mixin.py:115} INFO - [2024-09-18T20:53:54.579+0000] {dag.py:2429} INFO - Sync 1 DAGs
[2024-09-18T20:53:54.591+0000] {logging_mixin.py:115} INFO - [2024-09-18T20:53:54.591+0000] {dag.py:2981} INFO - Setting next_dagrun for latest_only_with_trigger to 2024-09-18T16:53:54.591438+00:00, run_after=2024-09-18T20:53:54.591438+00:00
[2024-09-18T20:53:54.596+0000] {processor.py:161} INFO - Processing /home/airflow/.local/lib/python3.7/site-packages/airflow/example_dags/example_latest_only_with_trigger.py took 0.033 seconds
[2024-09-18T20:54:24.688+0000] {processor.py:153} INFO - Started process (PID=4890) to work on /home/airflow/.local/lib/python3.7/site-packages/airflow/example_dags/example_latest_only_with_trigger.py
[2024-09-18T20:54:24.691+0000] {processor.py:640} INFO - Processing file /home/airflow/.local/lib/python3.7/site-packages/airflow/example_dags/example_latest_only_with_trigger.py for tasks to queue
[2024-09-18T20:54:24.691+0000] {logging_mixin.py:115} INFO - [2024-09-18T20:54:24.691+0000] {dagbag.py:508} INFO - Filling up the DagBag from /home/airflow/.local/lib/python3.7/site-packages/airflow/example_dags/example_latest_only_with_trigger.py
[2024-09-18T20:54:24.693+0000] {processor.py:650} INFO - DAG(s) dict_keys(['latest_only_with_trigger']) retrieved from /home/airflow/.local/lib/python3.7/site-packages/airflow/example_dags/example_latest_only_with_trigger.py
[2024-09-18T20:54:24.703+0000] {logging_mixin.py:115} INFO - [2024-09-18T20:54:24.703+0000] {dag.py:2429} INFO - Sync 1 DAGs
[2024-09-18T20:54:24.713+0000] {logging_mixin.py:115} INFO - [2024-09-18T20:54:24.713+0000] {dag.py:2981} INFO - Setting next_dagrun for latest_only_with_trigger to 2024-09-18T16:54:24.713280+00:00, run_after=2024-09-18T20:54:24.713280+00:00
[2024-09-18T20:54:24.725+0000] {processor.py:161} INFO - Processing /home/airflow/.local/lib/python3.7/site-packages/airflow/example_dags/example_latest_only_with_trigger.py took 0.038 seconds
[2024-09-18T20:54:54.855+0000] {processor.py:153} INFO - Started process (PID=5086) to work on /home/airflow/.local/lib/python3.7/site-packages/airflow/example_dags/example_latest_only_with_trigger.py
[2024-09-18T20:54:54.856+0000] {processor.py:640} INFO - Processing file /home/airflow/.local/lib/python3.7/site-packages/airflow/example_dags/example_latest_only_with_trigger.py for tasks to queue
[2024-09-18T20:54:54.857+0000] {logging_mixin.py:115} INFO - [2024-09-18T20:54:54.857+0000] {dagbag.py:508} INFO - Filling up the DagBag from /home/airflow/.local/lib/python3.7/site-packages/airflow/example_dags/example_latest_only_with_trigger.py
[2024-09-18T20:54:54.860+0000] {processor.py:650} INFO - DAG(s) dict_keys(['latest_only_with_trigger']) retrieved from /home/airflow/.local/lib/python3.7/site-packages/airflow/example_dags/example_latest_only_with_trigger.py
[2024-09-18T20:54:54.872+0000] {logging_mixin.py:115} INFO - [2024-09-18T20:54:54.872+0000] {dag.py:2429} INFO - Sync 1 DAGs
[2024-09-18T20:54:54.888+0000] {logging_mixin.py:115} INFO - [2024-09-18T20:54:54.888+0000] {dag.py:2981} INFO - Setting next_dagrun for latest_only_with_trigger to 2024-09-18T16:54:54.888062+00:00, run_after=2024-09-18T20:54:54.888062+00:00
[2024-09-18T20:54:54.894+0000] {processor.py:161} INFO - Processing /home/airflow/.local/lib/python3.7/site-packages/airflow/example_dags/example_latest_only_with_trigger.py took 0.041 seconds
[2024-09-18T20:55:25.177+0000] {processor.py:153} INFO - Started process (PID=5281) to work on /home/airflow/.local/lib/python3.7/site-packages/airflow/example_dags/example_latest_only_with_trigger.py
[2024-09-18T20:55:25.181+0000] {processor.py:640} INFO - Processing file /home/airflow/.local/lib/python3.7/site-packages/airflow/example_dags/example_latest_only_with_trigger.py for tasks to queue
[2024-09-18T20:55:25.181+0000] {logging_mixin.py:115} INFO - [2024-09-18T20:55:25.181+0000] {dagbag.py:508} INFO - Filling up the DagBag from /home/airflow/.local/lib/python3.7/site-packages/airflow/example_dags/example_latest_only_with_trigger.py
[2024-09-18T20:55:25.183+0000] {processor.py:650} INFO - DAG(s) dict_keys(['latest_only_with_trigger']) retrieved from /home/airflow/.local/lib/python3.7/site-packages/airflow/example_dags/example_latest_only_with_trigger.py
[2024-09-18T20:55:25.195+0000] {logging_mixin.py:115} INFO - [2024-09-18T20:55:25.195+0000] {dag.py:2429} INFO - Sync 1 DAGs
[2024-09-18T20:55:25.206+0000] {logging_mixin.py:115} INFO - [2024-09-18T20:55:25.206+0000] {dag.py:2981} INFO - Setting next_dagrun for latest_only_with_trigger to 2024-09-18T16:55:25.206462+00:00, run_after=2024-09-18T20:55:25.206462+00:00
[2024-09-18T20:55:25.211+0000] {processor.py:161} INFO - Processing /home/airflow/.local/lib/python3.7/site-packages/airflow/example_dags/example_latest_only_with_trigger.py took 0.035 seconds
[2024-09-18T20:55:55.268+0000] {processor.py:153} INFO - Started process (PID=5476) to work on /home/airflow/.local/lib/python3.7/site-packages/airflow/example_dags/example_latest_only_with_trigger.py
[2024-09-18T20:55:55.269+0000] {processor.py:640} INFO - Processing file /home/airflow/.local/lib/python3.7/site-packages/airflow/example_dags/example_latest_only_with_trigger.py for tasks to queue
[2024-09-18T20:55:55.269+0000] {logging_mixin.py:115} INFO - [2024-09-18T20:55:55.269+0000] {dagbag.py:508} INFO - Filling up the DagBag from /home/airflow/.local/lib/python3.7/site-packages/airflow/example_dags/example_latest_only_with_trigger.py
[2024-09-18T20:55:55.275+0000] {processor.py:650} INFO - DAG(s) dict_keys(['latest_only_with_trigger']) retrieved from /home/airflow/.local/lib/python3.7/site-packages/airflow/example_dags/example_latest_only_with_trigger.py
[2024-09-18T20:55:55.286+0000] {logging_mixin.py:115} INFO - [2024-09-18T20:55:55.286+0000] {dag.py:2429} INFO - Sync 1 DAGs
[2024-09-18T20:55:55.300+0000] {logging_mixin.py:115} INFO - [2024-09-18T20:55:55.300+0000] {dag.py:2981} INFO - Setting next_dagrun for latest_only_with_trigger to 2024-09-18T16:55:55.300086+00:00, run_after=2024-09-18T20:55:55.300086+00:00
[2024-09-18T20:55:55.305+0000] {processor.py:161} INFO - Processing /home/airflow/.local/lib/python3.7/site-packages/airflow/example_dags/example_latest_only_with_trigger.py took 0.038 seconds
[2024-09-18T20:56:25.427+0000] {processor.py:153} INFO - Started process (PID=5667) to work on /home/airflow/.local/lib/python3.7/site-packages/airflow/example_dags/example_latest_only_with_trigger.py
[2024-09-18T20:56:25.430+0000] {processor.py:640} INFO - Processing file /home/airflow/.local/lib/python3.7/site-packages/airflow/example_dags/example_latest_only_with_trigger.py for tasks to queue
[2024-09-18T20:56:25.430+0000] {logging_mixin.py:115} INFO - [2024-09-18T20:56:25.430+0000] {dagbag.py:508} INFO - Filling up the DagBag from /home/airflow/.local/lib/python3.7/site-packages/airflow/example_dags/example_latest_only_with_trigger.py
[2024-09-18T20:56:25.433+0000] {processor.py:650} INFO - DAG(s) dict_keys(['latest_only_with_trigger']) retrieved from /home/airflow/.local/lib/python3.7/site-packages/airflow/example_dags/example_latest_only_with_trigger.py
[2024-09-18T20:56:25.444+0000] {logging_mixin.py:115} INFO - [2024-09-18T20:56:25.443+0000] {dag.py:2429} INFO - Sync 1 DAGs
[2024-09-18T20:56:25.454+0000] {logging_mixin.py:115} INFO - [2024-09-18T20:56:25.454+0000] {dag.py:2981} INFO - Setting next_dagrun for latest_only_with_trigger to 2024-09-18T16:56:25.454690+00:00, run_after=2024-09-18T20:56:25.454690+00:00
[2024-09-18T20:56:25.459+0000] {processor.py:161} INFO - Processing /home/airflow/.local/lib/python3.7/site-packages/airflow/example_dags/example_latest_only_with_trigger.py took 0.034 seconds
[2024-09-18T20:56:55.512+0000] {processor.py:153} INFO - Started process (PID=5864) to work on /home/airflow/.local/lib/python3.7/site-packages/airflow/example_dags/example_latest_only_with_trigger.py
[2024-09-18T20:56:55.514+0000] {processor.py:640} INFO - Processing file /home/airflow/.local/lib/python3.7/site-packages/airflow/example_dags/example_latest_only_with_trigger.py for tasks to queue
[2024-09-18T20:56:55.514+0000] {logging_mixin.py:115} INFO - [2024-09-18T20:56:55.514+0000] {dagbag.py:508} INFO - Filling up the DagBag from /home/airflow/.local/lib/python3.7/site-packages/airflow/example_dags/example_latest_only_with_trigger.py
[2024-09-18T20:56:55.517+0000] {processor.py:650} INFO - DAG(s) dict_keys(['latest_only_with_trigger']) retrieved from /home/airflow/.local/lib/python3.7/site-packages/airflow/example_dags/example_latest_only_with_trigger.py
[2024-09-18T20:56:55.527+0000] {logging_mixin.py:115} INFO - [2024-09-18T20:56:55.527+0000] {dag.py:2429} INFO - Sync 1 DAGs
[2024-09-18T20:56:55.539+0000] {logging_mixin.py:115} INFO - [2024-09-18T20:56:55.539+0000] {dag.py:2981} INFO - Setting next_dagrun for latest_only_with_trigger to 2024-09-18T16:56:55.539289+00:00, run_after=2024-09-18T20:56:55.539289+00:00
[2024-09-18T20:56:55.544+0000] {processor.py:161} INFO - Processing /home/airflow/.local/lib/python3.7/site-packages/airflow/example_dags/example_latest_only_with_trigger.py took 0.033 seconds
[2024-09-18T20:57:25.653+0000] {processor.py:153} INFO - Started process (PID=6063) to work on /home/airflow/.local/lib/python3.7/site-packages/airflow/example_dags/example_latest_only_with_trigger.py
[2024-09-18T20:57:25.653+0000] {processor.py:640} INFO - Processing file /home/airflow/.local/lib/python3.7/site-packages/airflow/example_dags/example_latest_only_with_trigger.py for tasks to queue
[2024-09-18T20:57:25.654+0000] {logging_mixin.py:115} INFO - [2024-09-18T20:57:25.654+0000] {dagbag.py:508} INFO - Filling up the DagBag from /home/airflow/.local/lib/python3.7/site-packages/airflow/example_dags/example_latest_only_with_trigger.py
[2024-09-18T20:57:25.656+0000] {processor.py:650} INFO - DAG(s) dict_keys(['latest_only_with_trigger']) retrieved from /home/airflow/.local/lib/python3.7/site-packages/airflow/example_dags/example_latest_only_with_trigger.py
[2024-09-18T20:57:25.667+0000] {logging_mixin.py:115} INFO - [2024-09-18T20:57:25.667+0000] {dag.py:2429} INFO - Sync 1 DAGs
[2024-09-18T20:57:25.677+0000] {logging_mixin.py:115} INFO - [2024-09-18T20:57:25.677+0000] {dag.py:2981} INFO - Setting next_dagrun for latest_only_with_trigger to 2024-09-18T16:57:25.677481+00:00, run_after=2024-09-18T20:57:25.677481+00:00
[2024-09-18T20:57:25.682+0000] {processor.py:161} INFO - Processing /home/airflow/.local/lib/python3.7/site-packages/airflow/example_dags/example_latest_only_with_trigger.py took 0.030 seconds
[2024-09-18T20:57:55.808+0000] {processor.py:153} INFO - Started process (PID=6258) to work on /home/airflow/.local/lib/python3.7/site-packages/airflow/example_dags/example_latest_only_with_trigger.py
[2024-09-18T20:57:55.809+0000] {processor.py:640} INFO - Processing file /home/airflow/.local/lib/python3.7/site-packages/airflow/example_dags/example_latest_only_with_trigger.py for tasks to queue
[2024-09-18T20:57:55.810+0000] {logging_mixin.py:115} INFO - [2024-09-18T20:57:55.810+0000] {dagbag.py:508} INFO - Filling up the DagBag from /home/airflow/.local/lib/python3.7/site-packages/airflow/example_dags/example_latest_only_with_trigger.py
[2024-09-18T20:57:55.812+0000] {processor.py:650} INFO - DAG(s) dict_keys(['latest_only_with_trigger']) retrieved from /home/airflow/.local/lib/python3.7/site-packages/airflow/example_dags/example_latest_only_with_trigger.py
[2024-09-18T20:57:55.826+0000] {logging_mixin.py:115} INFO - [2024-09-18T20:57:55.826+0000] {dag.py:2429} INFO - Sync 1 DAGs
[2024-09-18T20:57:55.836+0000] {logging_mixin.py:115} INFO - [2024-09-18T20:57:55.835+0000] {dag.py:2981} INFO - Setting next_dagrun for latest_only_with_trigger to 2024-09-18T16:57:55.835868+00:00, run_after=2024-09-18T20:57:55.835868+00:00
[2024-09-18T20:57:55.843+0000] {processor.py:161} INFO - Processing /home/airflow/.local/lib/python3.7/site-packages/airflow/example_dags/example_latest_only_with_trigger.py took 0.035 seconds
[2024-09-18T20:58:25.997+0000] {processor.py:153} INFO - Started process (PID=6454) to work on /home/airflow/.local/lib/python3.7/site-packages/airflow/example_dags/example_latest_only_with_trigger.py
[2024-09-18T20:58:25.997+0000] {processor.py:640} INFO - Processing file /home/airflow/.local/lib/python3.7/site-packages/airflow/example_dags/example_latest_only_with_trigger.py for tasks to queue
[2024-09-18T20:58:25.997+0000] {logging_mixin.py:115} INFO - [2024-09-18T20:58:25.997+0000] {dagbag.py:508} INFO - Filling up the DagBag from /home/airflow/.local/lib/python3.7/site-packages/airflow/example_dags/example_latest_only_with_trigger.py
[2024-09-18T20:58:26.000+0000] {processor.py:650} INFO - DAG(s) dict_keys(['latest_only_with_trigger']) retrieved from /home/airflow/.local/lib/python3.7/site-packages/airflow/example_dags/example_latest_only_with_trigger.py
[2024-09-18T20:58:26.010+0000] {logging_mixin.py:115} INFO - [2024-09-18T20:58:26.010+0000] {dag.py:2429} INFO - Sync 1 DAGs
[2024-09-18T20:58:26.020+0000] {logging_mixin.py:115} INFO - [2024-09-18T20:58:26.020+0000] {dag.py:2981} INFO - Setting next_dagrun for latest_only_with_trigger to 2024-09-18T16:58:26.020203+00:00, run_after=2024-09-18T20:58:26.020203+00:00
[2024-09-18T20:58:26.026+0000] {processor.py:161} INFO - Processing /home/airflow/.local/lib/python3.7/site-packages/airflow/example_dags/example_latest_only_with_trigger.py took 0.031 seconds
[2024-09-18T20:58:56.169+0000] {processor.py:153} INFO - Started process (PID=6644) to work on /home/airflow/.local/lib/python3.7/site-packages/airflow/example_dags/example_latest_only_with_trigger.py
[2024-09-18T20:58:56.170+0000] {processor.py:640} INFO - Processing file /home/airflow/.local/lib/python3.7/site-packages/airflow/example_dags/example_latest_only_with_trigger.py for tasks to queue
[2024-09-18T20:58:56.170+0000] {logging_mixin.py:115} INFO - [2024-09-18T20:58:56.170+0000] {dagbag.py:508} INFO - Filling up the DagBag from /home/airflow/.local/lib/python3.7/site-packages/airflow/example_dags/example_latest_only_with_trigger.py
[2024-09-18T20:58:56.172+0000] {processor.py:650} INFO - DAG(s) dict_keys(['latest_only_with_trigger']) retrieved from /home/airflow/.local/lib/python3.7/site-packages/airflow/example_dags/example_latest_only_with_trigger.py
[2024-09-18T20:58:56.183+0000] {logging_mixin.py:115} INFO - [2024-09-18T20:58:56.182+0000] {dag.py:2429} INFO - Sync 1 DAGs
[2024-09-18T20:58:56.195+0000] {logging_mixin.py:115} INFO - [2024-09-18T20:58:56.195+0000] {dag.py:2981} INFO - Setting next_dagrun for latest_only_with_trigger to 2024-09-18T16:58:56.194998+00:00, run_after=2024-09-18T20:58:56.194998+00:00
[2024-09-18T20:58:56.199+0000] {processor.py:161} INFO - Processing /home/airflow/.local/lib/python3.7/site-packages/airflow/example_dags/example_latest_only_with_trigger.py took 0.031 seconds
[2024-09-18T20:59:26.473+0000] {processor.py:153} INFO - Started process (PID=6839) to work on /home/airflow/.local/lib/python3.7/site-packages/airflow/example_dags/example_latest_only_with_trigger.py
[2024-09-18T20:59:26.475+0000] {processor.py:640} INFO - Processing file /home/airflow/.local/lib/python3.7/site-packages/airflow/example_dags/example_latest_only_with_trigger.py for tasks to queue
[2024-09-18T20:59:26.476+0000] {logging_mixin.py:115} INFO - [2024-09-18T20:59:26.476+0000] {dagbag.py:508} INFO - Filling up the DagBag from /home/airflow/.local/lib/python3.7/site-packages/airflow/example_dags/example_latest_only_with_trigger.py
[2024-09-18T20:59:26.478+0000] {processor.py:650} INFO - DAG(s) dict_keys(['latest_only_with_trigger']) retrieved from /home/airflow/.local/lib/python3.7/site-packages/airflow/example_dags/example_latest_only_with_trigger.py
[2024-09-18T20:59:26.492+0000] {logging_mixin.py:115} INFO - [2024-09-18T20:59:26.492+0000] {dag.py:2429} INFO - Sync 1 DAGs
[2024-09-18T20:59:26.504+0000] {logging_mixin.py:115} INFO - [2024-09-18T20:59:26.504+0000] {dag.py:2981} INFO - Setting next_dagrun for latest_only_with_trigger to 2024-09-18T16:59:26.504267+00:00, run_after=2024-09-18T20:59:26.504267+00:00
[2024-09-18T20:59:26.512+0000] {processor.py:161} INFO - Processing /home/airflow/.local/lib/python3.7/site-packages/airflow/example_dags/example_latest_only_with_trigger.py took 0.040 seconds
[2024-09-18T20:59:56.735+0000] {processor.py:153} INFO - Started process (PID=7038) to work on /home/airflow/.local/lib/python3.7/site-packages/airflow/example_dags/example_latest_only_with_trigger.py
[2024-09-18T20:59:56.736+0000] {processor.py:640} INFO - Processing file /home/airflow/.local/lib/python3.7/site-packages/airflow/example_dags/example_latest_only_with_trigger.py for tasks to queue
[2024-09-18T20:59:56.736+0000] {logging_mixin.py:115} INFO - [2024-09-18T20:59:56.736+0000] {dagbag.py:508} INFO - Filling up the DagBag from /home/airflow/.local/lib/python3.7/site-packages/airflow/example_dags/example_latest_only_with_trigger.py
[2024-09-18T20:59:56.738+0000] {processor.py:650} INFO - DAG(s) dict_keys(['latest_only_with_trigger']) retrieved from /home/airflow/.local/lib/python3.7/site-packages/airflow/example_dags/example_latest_only_with_trigger.py
[2024-09-18T20:59:56.752+0000] {logging_mixin.py:115} INFO - [2024-09-18T20:59:56.752+0000] {dag.py:2429} INFO - Sync 1 DAGs
[2024-09-18T20:59:56.763+0000] {logging_mixin.py:115} INFO - [2024-09-18T20:59:56.763+0000] {dag.py:2981} INFO - Setting next_dagrun for latest_only_with_trigger to 2024-09-18T16:59:56.763591+00:00, run_after=2024-09-18T20:59:56.763591+00:00
[2024-09-18T20:59:56.771+0000] {processor.py:161} INFO - Processing /home/airflow/.local/lib/python3.7/site-packages/airflow/example_dags/example_latest_only_with_trigger.py took 0.037 seconds
[2024-09-18T21:00:26.937+0000] {processor.py:153} INFO - Started process (PID=7233) to work on /home/airflow/.local/lib/python3.7/site-packages/airflow/example_dags/example_latest_only_with_trigger.py
[2024-09-18T21:00:26.937+0000] {processor.py:640} INFO - Processing file /home/airflow/.local/lib/python3.7/site-packages/airflow/example_dags/example_latest_only_with_trigger.py for tasks to queue
[2024-09-18T21:00:26.938+0000] {logging_mixin.py:115} INFO - [2024-09-18T21:00:26.938+0000] {dagbag.py:508} INFO - Filling up the DagBag from /home/airflow/.local/lib/python3.7/site-packages/airflow/example_dags/example_latest_only_with_trigger.py
[2024-09-18T21:00:26.940+0000] {processor.py:650} INFO - DAG(s) dict_keys(['latest_only_with_trigger']) retrieved from /home/airflow/.local/lib/python3.7/site-packages/airflow/example_dags/example_latest_only_with_trigger.py
[2024-09-18T21:00:26.958+0000] {logging_mixin.py:115} INFO - [2024-09-18T21:00:26.958+0000] {dag.py:2429} INFO - Sync 1 DAGs
[2024-09-18T21:00:26.969+0000] {logging_mixin.py:115} INFO - [2024-09-18T21:00:26.969+0000] {dag.py:2981} INFO - Setting next_dagrun for latest_only_with_trigger to 2024-09-18T17:00:26.969682+00:00, run_after=2024-09-18T21:00:26.969682+00:00
[2024-09-18T21:00:26.976+0000] {processor.py:161} INFO - Processing /home/airflow/.local/lib/python3.7/site-packages/airflow/example_dags/example_latest_only_with_trigger.py took 0.041 seconds
