[2024-09-18T20:42:19.845+0000] {processor.py:153} INFO - Started process (PID=240) to work on /home/airflow/.local/lib/python3.7/site-packages/airflow/example_dags/example_trigger_controller_dag.py
[2024-09-18T20:42:19.846+0000] {processor.py:640} INFO - Processing file /home/airflow/.local/lib/python3.7/site-packages/airflow/example_dags/example_trigger_controller_dag.py for tasks to queue
[2024-09-18T20:42:19.847+0000] {logging_mixin.py:115} INFO - [2024-09-18T20:42:19.846+0000] {dagbag.py:508} INFO - Filling up the DagBag from /home/airflow/.local/lib/python3.7/site-packages/airflow/example_dags/example_trigger_controller_dag.py
[2024-09-18T20:42:19.848+0000] {processor.py:650} INFO - DAG(s) dict_keys(['example_trigger_controller_dag']) retrieved from /home/airflow/.local/lib/python3.7/site-packages/airflow/example_dags/example_trigger_controller_dag.py
[2024-09-18T20:42:19.910+0000] {logging_mixin.py:115} INFO - [2024-09-18T20:42:19.910+0000] {manager.py:508} INFO - Created Permission View: can edit on DAG:example_trigger_controller_dag
[2024-09-18T20:42:19.922+0000] {logging_mixin.py:115} INFO - [2024-09-18T20:42:19.922+0000] {manager.py:508} INFO - Created Permission View: can read on DAG:example_trigger_controller_dag
[2024-09-18T20:42:19.933+0000] {logging_mixin.py:115} INFO - [2024-09-18T20:42:19.932+0000] {manager.py:508} INFO - Created Permission View: can delete on DAG:example_trigger_controller_dag
[2024-09-18T20:42:19.936+0000] {logging_mixin.py:115} INFO - [2024-09-18T20:42:19.936+0000] {dag.py:2429} INFO - Sync 1 DAGs
[2024-09-18T20:42:19.949+0000] {logging_mixin.py:115} INFO - [2024-09-18T20:42:19.949+0000] {dag.py:2448} INFO - Creating ORM DAG for example_trigger_controller_dag
[2024-09-18T20:42:19.957+0000] {logging_mixin.py:115} INFO - [2024-09-18T20:42:19.957+0000] {dag.py:2981} INFO - Setting next_dagrun for example_trigger_controller_dag to 2021-01-01T00:00:00+00:00, run_after=2021-01-01T00:00:00+00:00
[2024-09-18T20:42:19.971+0000] {processor.py:161} INFO - Processing /home/airflow/.local/lib/python3.7/site-packages/airflow/example_dags/example_trigger_controller_dag.py took 0.127 seconds
[2024-09-18T20:42:50.475+0000] {processor.py:153} INFO - Started process (PID=434) to work on /home/airflow/.local/lib/python3.7/site-packages/airflow/example_dags/example_trigger_controller_dag.py
[2024-09-18T20:42:50.476+0000] {processor.py:640} INFO - Processing file /home/airflow/.local/lib/python3.7/site-packages/airflow/example_dags/example_trigger_controller_dag.py for tasks to queue
[2024-09-18T20:42:50.476+0000] {logging_mixin.py:115} INFO - [2024-09-18T20:42:50.476+0000] {dagbag.py:508} INFO - Filling up the DagBag from /home/airflow/.local/lib/python3.7/site-packages/airflow/example_dags/example_trigger_controller_dag.py
[2024-09-18T20:42:50.477+0000] {processor.py:650} INFO - DAG(s) dict_keys(['example_trigger_controller_dag']) retrieved from /home/airflow/.local/lib/python3.7/site-packages/airflow/example_dags/example_trigger_controller_dag.py
[2024-09-18T20:42:50.487+0000] {logging_mixin.py:115} INFO - [2024-09-18T20:42:50.487+0000] {dag.py:2429} INFO - Sync 1 DAGs
[2024-09-18T20:42:50.500+0000] {logging_mixin.py:115} INFO - [2024-09-18T20:42:50.500+0000] {dag.py:2981} INFO - Setting next_dagrun for example_trigger_controller_dag to 2021-01-01T00:00:00+00:00, run_after=2021-01-01T00:00:00+00:00
[2024-09-18T20:42:50.506+0000] {processor.py:161} INFO - Processing /home/airflow/.local/lib/python3.7/site-packages/airflow/example_dags/example_trigger_controller_dag.py took 0.032 seconds
[2024-09-18T20:43:20.675+0000] {processor.py:153} INFO - Started process (PID=631) to work on /home/airflow/.local/lib/python3.7/site-packages/airflow/example_dags/example_trigger_controller_dag.py
[2024-09-18T20:43:20.676+0000] {processor.py:640} INFO - Processing file /home/airflow/.local/lib/python3.7/site-packages/airflow/example_dags/example_trigger_controller_dag.py for tasks to queue
[2024-09-18T20:43:20.676+0000] {logging_mixin.py:115} INFO - [2024-09-18T20:43:20.676+0000] {dagbag.py:508} INFO - Filling up the DagBag from /home/airflow/.local/lib/python3.7/site-packages/airflow/example_dags/example_trigger_controller_dag.py
[2024-09-18T20:43:20.678+0000] {processor.py:650} INFO - DAG(s) dict_keys(['example_trigger_controller_dag']) retrieved from /home/airflow/.local/lib/python3.7/site-packages/airflow/example_dags/example_trigger_controller_dag.py
[2024-09-18T20:43:20.688+0000] {logging_mixin.py:115} INFO - [2024-09-18T20:43:20.688+0000] {dag.py:2429} INFO - Sync 1 DAGs
[2024-09-18T20:43:20.700+0000] {logging_mixin.py:115} INFO - [2024-09-18T20:43:20.700+0000] {dag.py:2981} INFO - Setting next_dagrun for example_trigger_controller_dag to 2021-01-01T00:00:00+00:00, run_after=2021-01-01T00:00:00+00:00
[2024-09-18T20:43:20.708+0000] {processor.py:161} INFO - Processing /home/airflow/.local/lib/python3.7/site-packages/airflow/example_dags/example_trigger_controller_dag.py took 0.034 seconds
[2024-09-18T20:43:50.927+0000] {processor.py:153} INFO - Started process (PID=828) to work on /home/airflow/.local/lib/python3.7/site-packages/airflow/example_dags/example_trigger_controller_dag.py
[2024-09-18T20:43:50.928+0000] {processor.py:640} INFO - Processing file /home/airflow/.local/lib/python3.7/site-packages/airflow/example_dags/example_trigger_controller_dag.py for tasks to queue
[2024-09-18T20:43:50.928+0000] {logging_mixin.py:115} INFO - [2024-09-18T20:43:50.928+0000] {dagbag.py:508} INFO - Filling up the DagBag from /home/airflow/.local/lib/python3.7/site-packages/airflow/example_dags/example_trigger_controller_dag.py
[2024-09-18T20:43:50.930+0000] {processor.py:650} INFO - DAG(s) dict_keys(['example_trigger_controller_dag']) retrieved from /home/airflow/.local/lib/python3.7/site-packages/airflow/example_dags/example_trigger_controller_dag.py
[2024-09-18T20:43:50.943+0000] {logging_mixin.py:115} INFO - [2024-09-18T20:43:50.943+0000] {dag.py:2429} INFO - Sync 1 DAGs
[2024-09-18T20:43:50.955+0000] {logging_mixin.py:115} INFO - [2024-09-18T20:43:50.955+0000] {dag.py:2981} INFO - Setting next_dagrun for example_trigger_controller_dag to 2021-01-01T00:00:00+00:00, run_after=2021-01-01T00:00:00+00:00
[2024-09-18T20:43:50.962+0000] {processor.py:161} INFO - Processing /home/airflow/.local/lib/python3.7/site-packages/airflow/example_dags/example_trigger_controller_dag.py took 0.036 seconds
[2024-09-18T20:44:21.098+0000] {processor.py:153} INFO - Started process (PID=1036) to work on /home/airflow/.local/lib/python3.7/site-packages/airflow/example_dags/example_trigger_controller_dag.py
[2024-09-18T20:44:21.098+0000] {processor.py:640} INFO - Processing file /home/airflow/.local/lib/python3.7/site-packages/airflow/example_dags/example_trigger_controller_dag.py for tasks to queue
[2024-09-18T20:44:21.099+0000] {logging_mixin.py:115} INFO - [2024-09-18T20:44:21.099+0000] {dagbag.py:508} INFO - Filling up the DagBag from /home/airflow/.local/lib/python3.7/site-packages/airflow/example_dags/example_trigger_controller_dag.py
[2024-09-18T20:44:21.100+0000] {processor.py:650} INFO - DAG(s) dict_keys(['example_trigger_controller_dag']) retrieved from /home/airflow/.local/lib/python3.7/site-packages/airflow/example_dags/example_trigger_controller_dag.py
[2024-09-18T20:44:21.111+0000] {logging_mixin.py:115} INFO - [2024-09-18T20:44:21.111+0000] {dag.py:2429} INFO - Sync 1 DAGs
[2024-09-18T20:44:21.121+0000] {logging_mixin.py:115} INFO - [2024-09-18T20:44:21.120+0000] {dag.py:2981} INFO - Setting next_dagrun for example_trigger_controller_dag to 2021-01-01T00:00:00+00:00, run_after=2021-01-01T00:00:00+00:00
[2024-09-18T20:44:21.124+0000] {processor.py:161} INFO - Processing /home/airflow/.local/lib/python3.7/site-packages/airflow/example_dags/example_trigger_controller_dag.py took 0.028 seconds
[2024-09-18T20:44:51.340+0000] {processor.py:153} INFO - Started process (PID=1231) to work on /home/airflow/.local/lib/python3.7/site-packages/airflow/example_dags/example_trigger_controller_dag.py
[2024-09-18T20:44:51.341+0000] {processor.py:640} INFO - Processing file /home/airflow/.local/lib/python3.7/site-packages/airflow/example_dags/example_trigger_controller_dag.py for tasks to queue
[2024-09-18T20:44:51.341+0000] {logging_mixin.py:115} INFO - [2024-09-18T20:44:51.341+0000] {dagbag.py:508} INFO - Filling up the DagBag from /home/airflow/.local/lib/python3.7/site-packages/airflow/example_dags/example_trigger_controller_dag.py
[2024-09-18T20:44:51.343+0000] {processor.py:650} INFO - DAG(s) dict_keys(['example_trigger_controller_dag']) retrieved from /home/airflow/.local/lib/python3.7/site-packages/airflow/example_dags/example_trigger_controller_dag.py
[2024-09-18T20:44:51.354+0000] {logging_mixin.py:115} INFO - [2024-09-18T20:44:51.354+0000] {dag.py:2429} INFO - Sync 1 DAGs
[2024-09-18T20:44:51.366+0000] {logging_mixin.py:115} INFO - [2024-09-18T20:44:51.366+0000] {dag.py:2981} INFO - Setting next_dagrun for example_trigger_controller_dag to 2021-01-01T00:00:00+00:00, run_after=2021-01-01T00:00:00+00:00
[2024-09-18T20:44:51.373+0000] {processor.py:161} INFO - Processing /home/airflow/.local/lib/python3.7/site-packages/airflow/example_dags/example_trigger_controller_dag.py took 0.034 seconds
[2024-09-18T20:45:21.499+0000] {processor.py:153} INFO - Started process (PID=1428) to work on /home/airflow/.local/lib/python3.7/site-packages/airflow/example_dags/example_trigger_controller_dag.py
[2024-09-18T20:45:21.499+0000] {processor.py:640} INFO - Processing file /home/airflow/.local/lib/python3.7/site-packages/airflow/example_dags/example_trigger_controller_dag.py for tasks to queue
[2024-09-18T20:45:21.500+0000] {logging_mixin.py:115} INFO - [2024-09-18T20:45:21.500+0000] {dagbag.py:508} INFO - Filling up the DagBag from /home/airflow/.local/lib/python3.7/site-packages/airflow/example_dags/example_trigger_controller_dag.py
[2024-09-18T20:45:21.502+0000] {processor.py:650} INFO - DAG(s) dict_keys(['example_trigger_controller_dag']) retrieved from /home/airflow/.local/lib/python3.7/site-packages/airflow/example_dags/example_trigger_controller_dag.py
[2024-09-18T20:45:21.513+0000] {logging_mixin.py:115} INFO - [2024-09-18T20:45:21.513+0000] {dag.py:2429} INFO - Sync 1 DAGs
[2024-09-18T20:45:21.526+0000] {logging_mixin.py:115} INFO - [2024-09-18T20:45:21.526+0000] {dag.py:2981} INFO - Setting next_dagrun for example_trigger_controller_dag to 2021-01-01T00:00:00+00:00, run_after=2021-01-01T00:00:00+00:00
[2024-09-18T20:45:21.531+0000] {processor.py:161} INFO - Processing /home/airflow/.local/lib/python3.7/site-packages/airflow/example_dags/example_trigger_controller_dag.py took 0.034 seconds
[2024-09-18T20:45:51.721+0000] {processor.py:153} INFO - Started process (PID=1624) to work on /home/airflow/.local/lib/python3.7/site-packages/airflow/example_dags/example_trigger_controller_dag.py
[2024-09-18T20:45:51.722+0000] {processor.py:640} INFO - Processing file /home/airflow/.local/lib/python3.7/site-packages/airflow/example_dags/example_trigger_controller_dag.py for tasks to queue
[2024-09-18T20:45:51.723+0000] {logging_mixin.py:115} INFO - [2024-09-18T20:45:51.723+0000] {dagbag.py:508} INFO - Filling up the DagBag from /home/airflow/.local/lib/python3.7/site-packages/airflow/example_dags/example_trigger_controller_dag.py
[2024-09-18T20:45:51.724+0000] {processor.py:650} INFO - DAG(s) dict_keys(['example_trigger_controller_dag']) retrieved from /home/airflow/.local/lib/python3.7/site-packages/airflow/example_dags/example_trigger_controller_dag.py
[2024-09-18T20:45:51.738+0000] {logging_mixin.py:115} INFO - [2024-09-18T20:45:51.738+0000] {dag.py:2429} INFO - Sync 1 DAGs
[2024-09-18T20:45:51.753+0000] {logging_mixin.py:115} INFO - [2024-09-18T20:45:51.753+0000] {dag.py:2981} INFO - Setting next_dagrun for example_trigger_controller_dag to 2021-01-01T00:00:00+00:00, run_after=2021-01-01T00:00:00+00:00
[2024-09-18T20:45:51.763+0000] {processor.py:161} INFO - Processing /home/airflow/.local/lib/python3.7/site-packages/airflow/example_dags/example_trigger_controller_dag.py took 0.044 seconds
[2024-09-18T20:46:21.938+0000] {processor.py:153} INFO - Started process (PID=1821) to work on /home/airflow/.local/lib/python3.7/site-packages/airflow/example_dags/example_trigger_controller_dag.py
[2024-09-18T20:46:21.939+0000] {processor.py:640} INFO - Processing file /home/airflow/.local/lib/python3.7/site-packages/airflow/example_dags/example_trigger_controller_dag.py for tasks to queue
[2024-09-18T20:46:21.941+0000] {logging_mixin.py:115} INFO - [2024-09-18T20:46:21.941+0000] {dagbag.py:508} INFO - Filling up the DagBag from /home/airflow/.local/lib/python3.7/site-packages/airflow/example_dags/example_trigger_controller_dag.py
[2024-09-18T20:46:21.942+0000] {processor.py:650} INFO - DAG(s) dict_keys(['example_trigger_controller_dag']) retrieved from /home/airflow/.local/lib/python3.7/site-packages/airflow/example_dags/example_trigger_controller_dag.py
[2024-09-18T20:46:21.953+0000] {logging_mixin.py:115} INFO - [2024-09-18T20:46:21.953+0000] {dag.py:2429} INFO - Sync 1 DAGs
[2024-09-18T20:46:21.966+0000] {logging_mixin.py:115} INFO - [2024-09-18T20:46:21.966+0000] {dag.py:2981} INFO - Setting next_dagrun for example_trigger_controller_dag to 2021-01-01T00:00:00+00:00, run_after=2021-01-01T00:00:00+00:00
[2024-09-18T20:46:21.971+0000] {processor.py:161} INFO - Processing /home/airflow/.local/lib/python3.7/site-packages/airflow/example_dags/example_trigger_controller_dag.py took 0.034 seconds
[2024-09-18T20:46:52.184+0000] {processor.py:153} INFO - Started process (PID=2018) to work on /home/airflow/.local/lib/python3.7/site-packages/airflow/example_dags/example_trigger_controller_dag.py
[2024-09-18T20:46:52.186+0000] {processor.py:640} INFO - Processing file /home/airflow/.local/lib/python3.7/site-packages/airflow/example_dags/example_trigger_controller_dag.py for tasks to queue
[2024-09-18T20:46:52.186+0000] {logging_mixin.py:115} INFO - [2024-09-18T20:46:52.186+0000] {dagbag.py:508} INFO - Filling up the DagBag from /home/airflow/.local/lib/python3.7/site-packages/airflow/example_dags/example_trigger_controller_dag.py
[2024-09-18T20:46:52.187+0000] {processor.py:650} INFO - DAG(s) dict_keys(['example_trigger_controller_dag']) retrieved from /home/airflow/.local/lib/python3.7/site-packages/airflow/example_dags/example_trigger_controller_dag.py
[2024-09-18T20:46:52.200+0000] {logging_mixin.py:115} INFO - [2024-09-18T20:46:52.200+0000] {dag.py:2429} INFO - Sync 1 DAGs
[2024-09-18T20:46:52.212+0000] {logging_mixin.py:115} INFO - [2024-09-18T20:46:52.212+0000] {dag.py:2981} INFO - Setting next_dagrun for example_trigger_controller_dag to 2021-01-01T00:00:00+00:00, run_after=2021-01-01T00:00:00+00:00
[2024-09-18T20:46:52.219+0000] {processor.py:161} INFO - Processing /home/airflow/.local/lib/python3.7/site-packages/airflow/example_dags/example_trigger_controller_dag.py took 0.037 seconds
[2024-09-18T20:47:22.460+0000] {processor.py:153} INFO - Started process (PID=2206) to work on /home/airflow/.local/lib/python3.7/site-packages/airflow/example_dags/example_trigger_controller_dag.py
[2024-09-18T20:47:22.460+0000] {processor.py:640} INFO - Processing file /home/airflow/.local/lib/python3.7/site-packages/airflow/example_dags/example_trigger_controller_dag.py for tasks to queue
[2024-09-18T20:47:22.460+0000] {logging_mixin.py:115} INFO - [2024-09-18T20:47:22.460+0000] {dagbag.py:508} INFO - Filling up the DagBag from /home/airflow/.local/lib/python3.7/site-packages/airflow/example_dags/example_trigger_controller_dag.py
[2024-09-18T20:47:22.461+0000] {processor.py:650} INFO - DAG(s) dict_keys(['example_trigger_controller_dag']) retrieved from /home/airflow/.local/lib/python3.7/site-packages/airflow/example_dags/example_trigger_controller_dag.py
[2024-09-18T20:47:22.471+0000] {logging_mixin.py:115} INFO - [2024-09-18T20:47:22.471+0000] {dag.py:2429} INFO - Sync 1 DAGs
[2024-09-18T20:47:22.481+0000] {logging_mixin.py:115} INFO - [2024-09-18T20:47:22.481+0000] {dag.py:2981} INFO - Setting next_dagrun for example_trigger_controller_dag to 2021-01-01T00:00:00+00:00, run_after=2021-01-01T00:00:00+00:00
[2024-09-18T20:47:22.486+0000] {processor.py:161} INFO - Processing /home/airflow/.local/lib/python3.7/site-packages/airflow/example_dags/example_trigger_controller_dag.py took 0.028 seconds
[2024-09-18T20:47:52.663+0000] {processor.py:153} INFO - Started process (PID=2403) to work on /home/airflow/.local/lib/python3.7/site-packages/airflow/example_dags/example_trigger_controller_dag.py
[2024-09-18T20:47:52.666+0000] {processor.py:640} INFO - Processing file /home/airflow/.local/lib/python3.7/site-packages/airflow/example_dags/example_trigger_controller_dag.py for tasks to queue
[2024-09-18T20:47:52.667+0000] {logging_mixin.py:115} INFO - [2024-09-18T20:47:52.667+0000] {dagbag.py:508} INFO - Filling up the DagBag from /home/airflow/.local/lib/python3.7/site-packages/airflow/example_dags/example_trigger_controller_dag.py
[2024-09-18T20:47:52.668+0000] {processor.py:650} INFO - DAG(s) dict_keys(['example_trigger_controller_dag']) retrieved from /home/airflow/.local/lib/python3.7/site-packages/airflow/example_dags/example_trigger_controller_dag.py
[2024-09-18T20:47:52.682+0000] {logging_mixin.py:115} INFO - [2024-09-18T20:47:52.682+0000] {dag.py:2429} INFO - Sync 1 DAGs
[2024-09-18T20:47:52.694+0000] {logging_mixin.py:115} INFO - [2024-09-18T20:47:52.694+0000] {dag.py:2981} INFO - Setting next_dagrun for example_trigger_controller_dag to 2021-01-01T00:00:00+00:00, run_after=2021-01-01T00:00:00+00:00
[2024-09-18T20:47:52.698+0000] {processor.py:161} INFO - Processing /home/airflow/.local/lib/python3.7/site-packages/airflow/example_dags/example_trigger_controller_dag.py took 0.036 seconds
[2024-09-18T20:48:22.857+0000] {processor.py:153} INFO - Started process (PID=2600) to work on /home/airflow/.local/lib/python3.7/site-packages/airflow/example_dags/example_trigger_controller_dag.py
[2024-09-18T20:48:22.858+0000] {processor.py:640} INFO - Processing file /home/airflow/.local/lib/python3.7/site-packages/airflow/example_dags/example_trigger_controller_dag.py for tasks to queue
[2024-09-18T20:48:22.859+0000] {logging_mixin.py:115} INFO - [2024-09-18T20:48:22.859+0000] {dagbag.py:508} INFO - Filling up the DagBag from /home/airflow/.local/lib/python3.7/site-packages/airflow/example_dags/example_trigger_controller_dag.py
[2024-09-18T20:48:22.860+0000] {processor.py:650} INFO - DAG(s) dict_keys(['example_trigger_controller_dag']) retrieved from /home/airflow/.local/lib/python3.7/site-packages/airflow/example_dags/example_trigger_controller_dag.py
[2024-09-18T20:48:22.871+0000] {logging_mixin.py:115} INFO - [2024-09-18T20:48:22.871+0000] {dag.py:2429} INFO - Sync 1 DAGs
[2024-09-18T20:48:22.882+0000] {logging_mixin.py:115} INFO - [2024-09-18T20:48:22.882+0000] {dag.py:2981} INFO - Setting next_dagrun for example_trigger_controller_dag to 2021-01-01T00:00:00+00:00, run_after=2021-01-01T00:00:00+00:00
[2024-09-18T20:48:22.888+0000] {processor.py:161} INFO - Processing /home/airflow/.local/lib/python3.7/site-packages/airflow/example_dags/example_trigger_controller_dag.py took 0.032 seconds
[2024-09-18T20:48:53.004+0000] {processor.py:153} INFO - Started process (PID=2797) to work on /home/airflow/.local/lib/python3.7/site-packages/airflow/example_dags/example_trigger_controller_dag.py
[2024-09-18T20:48:53.004+0000] {processor.py:640} INFO - Processing file /home/airflow/.local/lib/python3.7/site-packages/airflow/example_dags/example_trigger_controller_dag.py for tasks to queue
[2024-09-18T20:48:53.006+0000] {logging_mixin.py:115} INFO - [2024-09-18T20:48:53.006+0000] {dagbag.py:508} INFO - Filling up the DagBag from /home/airflow/.local/lib/python3.7/site-packages/airflow/example_dags/example_trigger_controller_dag.py
[2024-09-18T20:48:53.008+0000] {processor.py:650} INFO - DAG(s) dict_keys(['example_trigger_controller_dag']) retrieved from /home/airflow/.local/lib/python3.7/site-packages/airflow/example_dags/example_trigger_controller_dag.py
[2024-09-18T20:48:53.019+0000] {logging_mixin.py:115} INFO - [2024-09-18T20:48:53.019+0000] {dag.py:2429} INFO - Sync 1 DAGs
[2024-09-18T20:48:53.030+0000] {logging_mixin.py:115} INFO - [2024-09-18T20:48:53.029+0000] {dag.py:2981} INFO - Setting next_dagrun for example_trigger_controller_dag to 2021-01-01T00:00:00+00:00, run_after=2021-01-01T00:00:00+00:00
[2024-09-18T20:48:53.034+0000] {processor.py:161} INFO - Processing /home/airflow/.local/lib/python3.7/site-packages/airflow/example_dags/example_trigger_controller_dag.py took 0.032 seconds
[2024-09-18T20:49:23.240+0000] {processor.py:153} INFO - Started process (PID=2994) to work on /home/airflow/.local/lib/python3.7/site-packages/airflow/example_dags/example_trigger_controller_dag.py
[2024-09-18T20:49:23.240+0000] {processor.py:640} INFO - Processing file /home/airflow/.local/lib/python3.7/site-packages/airflow/example_dags/example_trigger_controller_dag.py for tasks to queue
[2024-09-18T20:49:23.241+0000] {logging_mixin.py:115} INFO - [2024-09-18T20:49:23.241+0000] {dagbag.py:508} INFO - Filling up the DagBag from /home/airflow/.local/lib/python3.7/site-packages/airflow/example_dags/example_trigger_controller_dag.py
[2024-09-18T20:49:23.242+0000] {processor.py:650} INFO - DAG(s) dict_keys(['example_trigger_controller_dag']) retrieved from /home/airflow/.local/lib/python3.7/site-packages/airflow/example_dags/example_trigger_controller_dag.py
[2024-09-18T20:49:23.253+0000] {logging_mixin.py:115} INFO - [2024-09-18T20:49:23.253+0000] {dag.py:2429} INFO - Sync 1 DAGs
[2024-09-18T20:49:23.265+0000] {logging_mixin.py:115} INFO - [2024-09-18T20:49:23.265+0000] {dag.py:2981} INFO - Setting next_dagrun for example_trigger_controller_dag to 2021-01-01T00:00:00+00:00, run_after=2021-01-01T00:00:00+00:00
[2024-09-18T20:49:23.273+0000] {processor.py:161} INFO - Processing /home/airflow/.local/lib/python3.7/site-packages/airflow/example_dags/example_trigger_controller_dag.py took 0.035 seconds
[2024-09-18T20:49:53.480+0000] {processor.py:153} INFO - Started process (PID=3191) to work on /home/airflow/.local/lib/python3.7/site-packages/airflow/example_dags/example_trigger_controller_dag.py
[2024-09-18T20:49:53.480+0000] {processor.py:640} INFO - Processing file /home/airflow/.local/lib/python3.7/site-packages/airflow/example_dags/example_trigger_controller_dag.py for tasks to queue
[2024-09-18T20:49:53.484+0000] {logging_mixin.py:115} INFO - [2024-09-18T20:49:53.484+0000] {dagbag.py:508} INFO - Filling up the DagBag from /home/airflow/.local/lib/python3.7/site-packages/airflow/example_dags/example_trigger_controller_dag.py
[2024-09-18T20:49:53.486+0000] {processor.py:650} INFO - DAG(s) dict_keys(['example_trigger_controller_dag']) retrieved from /home/airflow/.local/lib/python3.7/site-packages/airflow/example_dags/example_trigger_controller_dag.py
[2024-09-18T20:49:53.499+0000] {logging_mixin.py:115} INFO - [2024-09-18T20:49:53.499+0000] {dag.py:2429} INFO - Sync 1 DAGs
[2024-09-18T20:49:53.510+0000] {logging_mixin.py:115} INFO - [2024-09-18T20:49:53.510+0000] {dag.py:2981} INFO - Setting next_dagrun for example_trigger_controller_dag to 2021-01-01T00:00:00+00:00, run_after=2021-01-01T00:00:00+00:00
[2024-09-18T20:49:53.516+0000] {processor.py:161} INFO - Processing /home/airflow/.local/lib/python3.7/site-packages/airflow/example_dags/example_trigger_controller_dag.py took 0.037 seconds
[2024-09-18T20:50:23.742+0000] {processor.py:153} INFO - Started process (PID=3380) to work on /home/airflow/.local/lib/python3.7/site-packages/airflow/example_dags/example_trigger_controller_dag.py
[2024-09-18T20:50:23.743+0000] {processor.py:640} INFO - Processing file /home/airflow/.local/lib/python3.7/site-packages/airflow/example_dags/example_trigger_controller_dag.py for tasks to queue
[2024-09-18T20:50:23.744+0000] {logging_mixin.py:115} INFO - [2024-09-18T20:50:23.744+0000] {dagbag.py:508} INFO - Filling up the DagBag from /home/airflow/.local/lib/python3.7/site-packages/airflow/example_dags/example_trigger_controller_dag.py
[2024-09-18T20:50:23.745+0000] {processor.py:650} INFO - DAG(s) dict_keys(['example_trigger_controller_dag']) retrieved from /home/airflow/.local/lib/python3.7/site-packages/airflow/example_dags/example_trigger_controller_dag.py
[2024-09-18T20:50:23.758+0000] {logging_mixin.py:115} INFO - [2024-09-18T20:50:23.758+0000] {dag.py:2429} INFO - Sync 1 DAGs
[2024-09-18T20:50:23.770+0000] {logging_mixin.py:115} INFO - [2024-09-18T20:50:23.770+0000] {dag.py:2981} INFO - Setting next_dagrun for example_trigger_controller_dag to 2021-01-01T00:00:00+00:00, run_after=2021-01-01T00:00:00+00:00
[2024-09-18T20:50:23.777+0000] {processor.py:161} INFO - Processing /home/airflow/.local/lib/python3.7/site-packages/airflow/example_dags/example_trigger_controller_dag.py took 0.036 seconds
[2024-09-18T20:50:54.040+0000] {processor.py:153} INFO - Started process (PID=3577) to work on /home/airflow/.local/lib/python3.7/site-packages/airflow/example_dags/example_trigger_controller_dag.py
[2024-09-18T20:50:54.040+0000] {processor.py:640} INFO - Processing file /home/airflow/.local/lib/python3.7/site-packages/airflow/example_dags/example_trigger_controller_dag.py for tasks to queue
[2024-09-18T20:50:54.040+0000] {logging_mixin.py:115} INFO - [2024-09-18T20:50:54.040+0000] {dagbag.py:508} INFO - Filling up the DagBag from /home/airflow/.local/lib/python3.7/site-packages/airflow/example_dags/example_trigger_controller_dag.py
[2024-09-18T20:50:54.041+0000] {processor.py:650} INFO - DAG(s) dict_keys(['example_trigger_controller_dag']) retrieved from /home/airflow/.local/lib/python3.7/site-packages/airflow/example_dags/example_trigger_controller_dag.py
[2024-09-18T20:50:54.056+0000] {logging_mixin.py:115} INFO - [2024-09-18T20:50:54.055+0000] {dag.py:2429} INFO - Sync 1 DAGs
[2024-09-18T20:50:54.066+0000] {logging_mixin.py:115} INFO - [2024-09-18T20:50:54.066+0000] {dag.py:2981} INFO - Setting next_dagrun for example_trigger_controller_dag to 2021-01-01T00:00:00+00:00, run_after=2021-01-01T00:00:00+00:00
[2024-09-18T20:50:54.072+0000] {processor.py:161} INFO - Processing /home/airflow/.local/lib/python3.7/site-packages/airflow/example_dags/example_trigger_controller_dag.py took 0.034 seconds
[2024-09-18T20:51:24.172+0000] {processor.py:153} INFO - Started process (PID=3774) to work on /home/airflow/.local/lib/python3.7/site-packages/airflow/example_dags/example_trigger_controller_dag.py
[2024-09-18T20:51:24.173+0000] {processor.py:640} INFO - Processing file /home/airflow/.local/lib/python3.7/site-packages/airflow/example_dags/example_trigger_controller_dag.py for tasks to queue
[2024-09-18T20:51:24.173+0000] {logging_mixin.py:115} INFO - [2024-09-18T20:51:24.173+0000] {dagbag.py:508} INFO - Filling up the DagBag from /home/airflow/.local/lib/python3.7/site-packages/airflow/example_dags/example_trigger_controller_dag.py
[2024-09-18T20:51:24.174+0000] {processor.py:650} INFO - DAG(s) dict_keys(['example_trigger_controller_dag']) retrieved from /home/airflow/.local/lib/python3.7/site-packages/airflow/example_dags/example_trigger_controller_dag.py
[2024-09-18T20:51:24.184+0000] {logging_mixin.py:115} INFO - [2024-09-18T20:51:24.184+0000] {dag.py:2429} INFO - Sync 1 DAGs
[2024-09-18T20:51:24.197+0000] {logging_mixin.py:115} INFO - [2024-09-18T20:51:24.197+0000] {dag.py:2981} INFO - Setting next_dagrun for example_trigger_controller_dag to 2021-01-01T00:00:00+00:00, run_after=2021-01-01T00:00:00+00:00
[2024-09-18T20:51:24.201+0000] {processor.py:161} INFO - Processing /home/airflow/.local/lib/python3.7/site-packages/airflow/example_dags/example_trigger_controller_dag.py took 0.031 seconds
[2024-09-18T20:51:54.350+0000] {processor.py:153} INFO - Started process (PID=3971) to work on /home/airflow/.local/lib/python3.7/site-packages/airflow/example_dags/example_trigger_controller_dag.py
[2024-09-18T20:51:54.350+0000] {processor.py:640} INFO - Processing file /home/airflow/.local/lib/python3.7/site-packages/airflow/example_dags/example_trigger_controller_dag.py for tasks to queue
[2024-09-18T20:51:54.351+0000] {logging_mixin.py:115} INFO - [2024-09-18T20:51:54.351+0000] {dagbag.py:508} INFO - Filling up the DagBag from /home/airflow/.local/lib/python3.7/site-packages/airflow/example_dags/example_trigger_controller_dag.py
[2024-09-18T20:51:54.353+0000] {processor.py:650} INFO - DAG(s) dict_keys(['example_trigger_controller_dag']) retrieved from /home/airflow/.local/lib/python3.7/site-packages/airflow/example_dags/example_trigger_controller_dag.py
[2024-09-18T20:51:54.364+0000] {logging_mixin.py:115} INFO - [2024-09-18T20:51:54.364+0000] {dag.py:2429} INFO - Sync 1 DAGs
[2024-09-18T20:51:54.376+0000] {logging_mixin.py:115} INFO - [2024-09-18T20:51:54.376+0000] {dag.py:2981} INFO - Setting next_dagrun for example_trigger_controller_dag to 2021-01-01T00:00:00+00:00, run_after=2021-01-01T00:00:00+00:00
[2024-09-18T20:51:54.383+0000] {processor.py:161} INFO - Processing /home/airflow/.local/lib/python3.7/site-packages/airflow/example_dags/example_trigger_controller_dag.py took 0.035 seconds
[2024-09-18T20:52:24.479+0000] {processor.py:153} INFO - Started process (PID=4166) to work on /home/airflow/.local/lib/python3.7/site-packages/airflow/example_dags/example_trigger_controller_dag.py
[2024-09-18T20:52:24.479+0000] {processor.py:640} INFO - Processing file /home/airflow/.local/lib/python3.7/site-packages/airflow/example_dags/example_trigger_controller_dag.py for tasks to queue
[2024-09-18T20:52:24.479+0000] {logging_mixin.py:115} INFO - [2024-09-18T20:52:24.479+0000] {dagbag.py:508} INFO - Filling up the DagBag from /home/airflow/.local/lib/python3.7/site-packages/airflow/example_dags/example_trigger_controller_dag.py
[2024-09-18T20:52:24.481+0000] {processor.py:650} INFO - DAG(s) dict_keys(['example_trigger_controller_dag']) retrieved from /home/airflow/.local/lib/python3.7/site-packages/airflow/example_dags/example_trigger_controller_dag.py
[2024-09-18T20:52:24.494+0000] {logging_mixin.py:115} INFO - [2024-09-18T20:52:24.494+0000] {dag.py:2429} INFO - Sync 1 DAGs
[2024-09-18T20:52:24.505+0000] {logging_mixin.py:115} INFO - [2024-09-18T20:52:24.504+0000] {dag.py:2981} INFO - Setting next_dagrun for example_trigger_controller_dag to 2021-01-01T00:00:00+00:00, run_after=2021-01-01T00:00:00+00:00
[2024-09-18T20:52:24.510+0000] {processor.py:161} INFO - Processing /home/airflow/.local/lib/python3.7/site-packages/airflow/example_dags/example_trigger_controller_dag.py took 0.033 seconds
[2024-09-18T20:52:54.599+0000] {processor.py:153} INFO - Started process (PID=4363) to work on /home/airflow/.local/lib/python3.7/site-packages/airflow/example_dags/example_trigger_controller_dag.py
[2024-09-18T20:52:54.600+0000] {processor.py:640} INFO - Processing file /home/airflow/.local/lib/python3.7/site-packages/airflow/example_dags/example_trigger_controller_dag.py for tasks to queue
[2024-09-18T20:52:54.601+0000] {logging_mixin.py:115} INFO - [2024-09-18T20:52:54.601+0000] {dagbag.py:508} INFO - Filling up the DagBag from /home/airflow/.local/lib/python3.7/site-packages/airflow/example_dags/example_trigger_controller_dag.py
[2024-09-18T20:52:54.602+0000] {processor.py:650} INFO - DAG(s) dict_keys(['example_trigger_controller_dag']) retrieved from /home/airflow/.local/lib/python3.7/site-packages/airflow/example_dags/example_trigger_controller_dag.py
[2024-09-18T20:52:54.616+0000] {logging_mixin.py:115} INFO - [2024-09-18T20:52:54.616+0000] {dag.py:2429} INFO - Sync 1 DAGs
[2024-09-18T20:52:54.628+0000] {logging_mixin.py:115} INFO - [2024-09-18T20:52:54.628+0000] {dag.py:2981} INFO - Setting next_dagrun for example_trigger_controller_dag to 2021-01-01T00:00:00+00:00, run_after=2021-01-01T00:00:00+00:00
[2024-09-18T20:52:54.633+0000] {processor.py:161} INFO - Processing /home/airflow/.local/lib/python3.7/site-packages/airflow/example_dags/example_trigger_controller_dag.py took 0.036 seconds
[2024-09-18T20:53:24.735+0000] {processor.py:153} INFO - Started process (PID=4551) to work on /home/airflow/.local/lib/python3.7/site-packages/airflow/example_dags/example_trigger_controller_dag.py
[2024-09-18T20:53:24.735+0000] {processor.py:640} INFO - Processing file /home/airflow/.local/lib/python3.7/site-packages/airflow/example_dags/example_trigger_controller_dag.py for tasks to queue
[2024-09-18T20:53:24.737+0000] {logging_mixin.py:115} INFO - [2024-09-18T20:53:24.737+0000] {dagbag.py:508} INFO - Filling up the DagBag from /home/airflow/.local/lib/python3.7/site-packages/airflow/example_dags/example_trigger_controller_dag.py
[2024-09-18T20:53:24.738+0000] {processor.py:650} INFO - DAG(s) dict_keys(['example_trigger_controller_dag']) retrieved from /home/airflow/.local/lib/python3.7/site-packages/airflow/example_dags/example_trigger_controller_dag.py
[2024-09-18T20:53:24.752+0000] {logging_mixin.py:115} INFO - [2024-09-18T20:53:24.752+0000] {dag.py:2429} INFO - Sync 1 DAGs
[2024-09-18T20:53:24.763+0000] {logging_mixin.py:115} INFO - [2024-09-18T20:53:24.763+0000] {dag.py:2981} INFO - Setting next_dagrun for example_trigger_controller_dag to 2021-01-01T00:00:00+00:00, run_after=2021-01-01T00:00:00+00:00
[2024-09-18T20:53:24.767+0000] {processor.py:161} INFO - Processing /home/airflow/.local/lib/python3.7/site-packages/airflow/example_dags/example_trigger_controller_dag.py took 0.034 seconds
[2024-09-18T20:53:54.841+0000] {processor.py:153} INFO - Started process (PID=4748) to work on /home/airflow/.local/lib/python3.7/site-packages/airflow/example_dags/example_trigger_controller_dag.py
[2024-09-18T20:53:54.841+0000] {processor.py:640} INFO - Processing file /home/airflow/.local/lib/python3.7/site-packages/airflow/example_dags/example_trigger_controller_dag.py for tasks to queue
[2024-09-18T20:53:54.842+0000] {logging_mixin.py:115} INFO - [2024-09-18T20:53:54.841+0000] {dagbag.py:508} INFO - Filling up the DagBag from /home/airflow/.local/lib/python3.7/site-packages/airflow/example_dags/example_trigger_controller_dag.py
[2024-09-18T20:53:54.844+0000] {processor.py:650} INFO - DAG(s) dict_keys(['example_trigger_controller_dag']) retrieved from /home/airflow/.local/lib/python3.7/site-packages/airflow/example_dags/example_trigger_controller_dag.py
[2024-09-18T20:53:54.855+0000] {logging_mixin.py:115} INFO - [2024-09-18T20:53:54.855+0000] {dag.py:2429} INFO - Sync 1 DAGs
[2024-09-18T20:53:54.866+0000] {logging_mixin.py:115} INFO - [2024-09-18T20:53:54.866+0000] {dag.py:2981} INFO - Setting next_dagrun for example_trigger_controller_dag to 2021-01-01T00:00:00+00:00, run_after=2021-01-01T00:00:00+00:00
[2024-09-18T20:53:54.874+0000] {processor.py:161} INFO - Processing /home/airflow/.local/lib/python3.7/site-packages/airflow/example_dags/example_trigger_controller_dag.py took 0.034 seconds
[2024-09-18T20:54:24.971+0000] {processor.py:153} INFO - Started process (PID=4945) to work on /home/airflow/.local/lib/python3.7/site-packages/airflow/example_dags/example_trigger_controller_dag.py
[2024-09-18T20:54:24.973+0000] {processor.py:640} INFO - Processing file /home/airflow/.local/lib/python3.7/site-packages/airflow/example_dags/example_trigger_controller_dag.py for tasks to queue
[2024-09-18T20:54:24.973+0000] {logging_mixin.py:115} INFO - [2024-09-18T20:54:24.973+0000] {dagbag.py:508} INFO - Filling up the DagBag from /home/airflow/.local/lib/python3.7/site-packages/airflow/example_dags/example_trigger_controller_dag.py
[2024-09-18T20:54:24.975+0000] {processor.py:650} INFO - DAG(s) dict_keys(['example_trigger_controller_dag']) retrieved from /home/airflow/.local/lib/python3.7/site-packages/airflow/example_dags/example_trigger_controller_dag.py
[2024-09-18T20:54:24.985+0000] {logging_mixin.py:115} INFO - [2024-09-18T20:54:24.985+0000] {dag.py:2429} INFO - Sync 1 DAGs
[2024-09-18T20:54:24.996+0000] {logging_mixin.py:115} INFO - [2024-09-18T20:54:24.996+0000] {dag.py:2981} INFO - Setting next_dagrun for example_trigger_controller_dag to 2021-01-01T00:00:00+00:00, run_after=2021-01-01T00:00:00+00:00
[2024-09-18T20:54:25.001+0000] {processor.py:161} INFO - Processing /home/airflow/.local/lib/python3.7/site-packages/airflow/example_dags/example_trigger_controller_dag.py took 0.031 seconds
[2024-09-18T20:54:55.290+0000] {processor.py:153} INFO - Started process (PID=5143) to work on /home/airflow/.local/lib/python3.7/site-packages/airflow/example_dags/example_trigger_controller_dag.py
[2024-09-18T20:54:55.291+0000] {processor.py:640} INFO - Processing file /home/airflow/.local/lib/python3.7/site-packages/airflow/example_dags/example_trigger_controller_dag.py for tasks to queue
[2024-09-18T20:54:55.291+0000] {logging_mixin.py:115} INFO - [2024-09-18T20:54:55.291+0000] {dagbag.py:508} INFO - Filling up the DagBag from /home/airflow/.local/lib/python3.7/site-packages/airflow/example_dags/example_trigger_controller_dag.py
[2024-09-18T20:54:55.292+0000] {processor.py:650} INFO - DAG(s) dict_keys(['example_trigger_controller_dag']) retrieved from /home/airflow/.local/lib/python3.7/site-packages/airflow/example_dags/example_trigger_controller_dag.py
[2024-09-18T20:54:55.307+0000] {logging_mixin.py:115} INFO - [2024-09-18T20:54:55.307+0000] {dag.py:2429} INFO - Sync 1 DAGs
[2024-09-18T20:54:55.321+0000] {logging_mixin.py:115} INFO - [2024-09-18T20:54:55.321+0000] {dag.py:2981} INFO - Setting next_dagrun for example_trigger_controller_dag to 2021-01-01T00:00:00+00:00, run_after=2021-01-01T00:00:00+00:00
[2024-09-18T20:54:55.326+0000] {processor.py:161} INFO - Processing /home/airflow/.local/lib/python3.7/site-packages/airflow/example_dags/example_trigger_controller_dag.py took 0.038 seconds
[2024-09-18T20:55:25.455+0000] {processor.py:153} INFO - Started process (PID=5337) to work on /home/airflow/.local/lib/python3.7/site-packages/airflow/example_dags/example_trigger_controller_dag.py
[2024-09-18T20:55:25.456+0000] {processor.py:640} INFO - Processing file /home/airflow/.local/lib/python3.7/site-packages/airflow/example_dags/example_trigger_controller_dag.py for tasks to queue
[2024-09-18T20:55:25.456+0000] {logging_mixin.py:115} INFO - [2024-09-18T20:55:25.456+0000] {dagbag.py:508} INFO - Filling up the DagBag from /home/airflow/.local/lib/python3.7/site-packages/airflow/example_dags/example_trigger_controller_dag.py
[2024-09-18T20:55:25.458+0000] {processor.py:650} INFO - DAG(s) dict_keys(['example_trigger_controller_dag']) retrieved from /home/airflow/.local/lib/python3.7/site-packages/airflow/example_dags/example_trigger_controller_dag.py
[2024-09-18T20:55:25.469+0000] {logging_mixin.py:115} INFO - [2024-09-18T20:55:25.469+0000] {dag.py:2429} INFO - Sync 1 DAGs
[2024-09-18T20:55:25.480+0000] {logging_mixin.py:115} INFO - [2024-09-18T20:55:25.480+0000] {dag.py:2981} INFO - Setting next_dagrun for example_trigger_controller_dag to 2021-01-01T00:00:00+00:00, run_after=2021-01-01T00:00:00+00:00
[2024-09-18T20:55:25.485+0000] {processor.py:161} INFO - Processing /home/airflow/.local/lib/python3.7/site-packages/airflow/example_dags/example_trigger_controller_dag.py took 0.031 seconds
[2024-09-18T20:55:55.566+0000] {processor.py:153} INFO - Started process (PID=5534) to work on /home/airflow/.local/lib/python3.7/site-packages/airflow/example_dags/example_trigger_controller_dag.py
[2024-09-18T20:55:55.568+0000] {processor.py:640} INFO - Processing file /home/airflow/.local/lib/python3.7/site-packages/airflow/example_dags/example_trigger_controller_dag.py for tasks to queue
[2024-09-18T20:55:55.568+0000] {logging_mixin.py:115} INFO - [2024-09-18T20:55:55.568+0000] {dagbag.py:508} INFO - Filling up the DagBag from /home/airflow/.local/lib/python3.7/site-packages/airflow/example_dags/example_trigger_controller_dag.py
[2024-09-18T20:55:55.570+0000] {processor.py:650} INFO - DAG(s) dict_keys(['example_trigger_controller_dag']) retrieved from /home/airflow/.local/lib/python3.7/site-packages/airflow/example_dags/example_trigger_controller_dag.py
[2024-09-18T20:55:55.582+0000] {logging_mixin.py:115} INFO - [2024-09-18T20:55:55.582+0000] {dag.py:2429} INFO - Sync 1 DAGs
[2024-09-18T20:55:55.594+0000] {logging_mixin.py:115} INFO - [2024-09-18T20:55:55.594+0000] {dag.py:2981} INFO - Setting next_dagrun for example_trigger_controller_dag to 2021-01-01T00:00:00+00:00, run_after=2021-01-01T00:00:00+00:00
[2024-09-18T20:55:55.603+0000] {processor.py:161} INFO - Processing /home/airflow/.local/lib/python3.7/site-packages/airflow/example_dags/example_trigger_controller_dag.py took 0.039 seconds
[2024-09-18T20:56:25.732+0000] {processor.py:153} INFO - Started process (PID=5722) to work on /home/airflow/.local/lib/python3.7/site-packages/airflow/example_dags/example_trigger_controller_dag.py
[2024-09-18T20:56:25.733+0000] {processor.py:640} INFO - Processing file /home/airflow/.local/lib/python3.7/site-packages/airflow/example_dags/example_trigger_controller_dag.py for tasks to queue
[2024-09-18T20:56:25.733+0000] {logging_mixin.py:115} INFO - [2024-09-18T20:56:25.733+0000] {dagbag.py:508} INFO - Filling up the DagBag from /home/airflow/.local/lib/python3.7/site-packages/airflow/example_dags/example_trigger_controller_dag.py
[2024-09-18T20:56:25.734+0000] {processor.py:650} INFO - DAG(s) dict_keys(['example_trigger_controller_dag']) retrieved from /home/airflow/.local/lib/python3.7/site-packages/airflow/example_dags/example_trigger_controller_dag.py
[2024-09-18T20:56:25.745+0000] {logging_mixin.py:115} INFO - [2024-09-18T20:56:25.745+0000] {dag.py:2429} INFO - Sync 1 DAGs
[2024-09-18T20:56:25.756+0000] {logging_mixin.py:115} INFO - [2024-09-18T20:56:25.756+0000] {dag.py:2981} INFO - Setting next_dagrun for example_trigger_controller_dag to 2021-01-01T00:00:00+00:00, run_after=2021-01-01T00:00:00+00:00
[2024-09-18T20:56:25.761+0000] {processor.py:161} INFO - Processing /home/airflow/.local/lib/python3.7/site-packages/airflow/example_dags/example_trigger_controller_dag.py took 0.030 seconds
[2024-09-18T20:56:55.832+0000] {processor.py:153} INFO - Started process (PID=5921) to work on /home/airflow/.local/lib/python3.7/site-packages/airflow/example_dags/example_trigger_controller_dag.py
[2024-09-18T20:56:55.832+0000] {processor.py:640} INFO - Processing file /home/airflow/.local/lib/python3.7/site-packages/airflow/example_dags/example_trigger_controller_dag.py for tasks to queue
[2024-09-18T20:56:55.833+0000] {logging_mixin.py:115} INFO - [2024-09-18T20:56:55.833+0000] {dagbag.py:508} INFO - Filling up the DagBag from /home/airflow/.local/lib/python3.7/site-packages/airflow/example_dags/example_trigger_controller_dag.py
[2024-09-18T20:56:55.834+0000] {processor.py:650} INFO - DAG(s) dict_keys(['example_trigger_controller_dag']) retrieved from /home/airflow/.local/lib/python3.7/site-packages/airflow/example_dags/example_trigger_controller_dag.py
[2024-09-18T20:56:55.844+0000] {logging_mixin.py:115} INFO - [2024-09-18T20:56:55.844+0000] {dag.py:2429} INFO - Sync 1 DAGs
[2024-09-18T20:56:55.854+0000] {logging_mixin.py:115} INFO - [2024-09-18T20:56:55.854+0000] {dag.py:2981} INFO - Setting next_dagrun for example_trigger_controller_dag to 2021-01-01T00:00:00+00:00, run_after=2021-01-01T00:00:00+00:00
[2024-09-18T20:56:55.858+0000] {processor.py:161} INFO - Processing /home/airflow/.local/lib/python3.7/site-packages/airflow/example_dags/example_trigger_controller_dag.py took 0.027 seconds
[2024-09-18T20:57:25.901+0000] {processor.py:153} INFO - Started process (PID=6116) to work on /home/airflow/.local/lib/python3.7/site-packages/airflow/example_dags/example_trigger_controller_dag.py
[2024-09-18T20:57:25.902+0000] {processor.py:640} INFO - Processing file /home/airflow/.local/lib/python3.7/site-packages/airflow/example_dags/example_trigger_controller_dag.py for tasks to queue
[2024-09-18T20:57:25.903+0000] {logging_mixin.py:115} INFO - [2024-09-18T20:57:25.903+0000] {dagbag.py:508} INFO - Filling up the DagBag from /home/airflow/.local/lib/python3.7/site-packages/airflow/example_dags/example_trigger_controller_dag.py
[2024-09-18T20:57:25.907+0000] {processor.py:650} INFO - DAG(s) dict_keys(['example_trigger_controller_dag']) retrieved from /home/airflow/.local/lib/python3.7/site-packages/airflow/example_dags/example_trigger_controller_dag.py
[2024-09-18T20:57:25.919+0000] {logging_mixin.py:115} INFO - [2024-09-18T20:57:25.919+0000] {dag.py:2429} INFO - Sync 1 DAGs
[2024-09-18T20:57:25.929+0000] {logging_mixin.py:115} INFO - [2024-09-18T20:57:25.929+0000] {dag.py:2981} INFO - Setting next_dagrun for example_trigger_controller_dag to 2021-01-01T00:00:00+00:00, run_after=2021-01-01T00:00:00+00:00
[2024-09-18T20:57:25.934+0000] {processor.py:161} INFO - Processing /home/airflow/.local/lib/python3.7/site-packages/airflow/example_dags/example_trigger_controller_dag.py took 0.035 seconds
[2024-09-18T20:57:56.095+0000] {processor.py:153} INFO - Started process (PID=6313) to work on /home/airflow/.local/lib/python3.7/site-packages/airflow/example_dags/example_trigger_controller_dag.py
[2024-09-18T20:57:56.096+0000] {processor.py:640} INFO - Processing file /home/airflow/.local/lib/python3.7/site-packages/airflow/example_dags/example_trigger_controller_dag.py for tasks to queue
[2024-09-18T20:57:56.096+0000] {logging_mixin.py:115} INFO - [2024-09-18T20:57:56.096+0000] {dagbag.py:508} INFO - Filling up the DagBag from /home/airflow/.local/lib/python3.7/site-packages/airflow/example_dags/example_trigger_controller_dag.py
[2024-09-18T20:57:56.097+0000] {processor.py:650} INFO - DAG(s) dict_keys(['example_trigger_controller_dag']) retrieved from /home/airflow/.local/lib/python3.7/site-packages/airflow/example_dags/example_trigger_controller_dag.py
[2024-09-18T20:57:56.108+0000] {logging_mixin.py:115} INFO - [2024-09-18T20:57:56.108+0000] {dag.py:2429} INFO - Sync 1 DAGs
[2024-09-18T20:57:56.117+0000] {logging_mixin.py:115} INFO - [2024-09-18T20:57:56.117+0000] {dag.py:2981} INFO - Setting next_dagrun for example_trigger_controller_dag to 2021-01-01T00:00:00+00:00, run_after=2021-01-01T00:00:00+00:00
[2024-09-18T20:57:56.122+0000] {processor.py:161} INFO - Processing /home/airflow/.local/lib/python3.7/site-packages/airflow/example_dags/example_trigger_controller_dag.py took 0.028 seconds
[2024-09-18T20:58:26.290+0000] {processor.py:153} INFO - Started process (PID=6509) to work on /home/airflow/.local/lib/python3.7/site-packages/airflow/example_dags/example_trigger_controller_dag.py
[2024-09-18T20:58:26.293+0000] {processor.py:640} INFO - Processing file /home/airflow/.local/lib/python3.7/site-packages/airflow/example_dags/example_trigger_controller_dag.py for tasks to queue
[2024-09-18T20:58:26.293+0000] {logging_mixin.py:115} INFO - [2024-09-18T20:58:26.293+0000] {dagbag.py:508} INFO - Filling up the DagBag from /home/airflow/.local/lib/python3.7/site-packages/airflow/example_dags/example_trigger_controller_dag.py
[2024-09-18T20:58:26.294+0000] {processor.py:650} INFO - DAG(s) dict_keys(['example_trigger_controller_dag']) retrieved from /home/airflow/.local/lib/python3.7/site-packages/airflow/example_dags/example_trigger_controller_dag.py
[2024-09-18T20:58:26.306+0000] {logging_mixin.py:115} INFO - [2024-09-18T20:58:26.306+0000] {dag.py:2429} INFO - Sync 1 DAGs
[2024-09-18T20:58:26.316+0000] {logging_mixin.py:115} INFO - [2024-09-18T20:58:26.315+0000] {dag.py:2981} INFO - Setting next_dagrun for example_trigger_controller_dag to 2021-01-01T00:00:00+00:00, run_after=2021-01-01T00:00:00+00:00
[2024-09-18T20:58:26.322+0000] {processor.py:161} INFO - Processing /home/airflow/.local/lib/python3.7/site-packages/airflow/example_dags/example_trigger_controller_dag.py took 0.033 seconds
[2024-09-18T20:58:56.492+0000] {processor.py:153} INFO - Started process (PID=6706) to work on /home/airflow/.local/lib/python3.7/site-packages/airflow/example_dags/example_trigger_controller_dag.py
[2024-09-18T20:58:56.495+0000] {processor.py:640} INFO - Processing file /home/airflow/.local/lib/python3.7/site-packages/airflow/example_dags/example_trigger_controller_dag.py for tasks to queue
[2024-09-18T20:58:56.496+0000] {logging_mixin.py:115} INFO - [2024-09-18T20:58:56.496+0000] {dagbag.py:508} INFO - Filling up the DagBag from /home/airflow/.local/lib/python3.7/site-packages/airflow/example_dags/example_trigger_controller_dag.py
[2024-09-18T20:58:56.498+0000] {processor.py:650} INFO - DAG(s) dict_keys(['example_trigger_controller_dag']) retrieved from /home/airflow/.local/lib/python3.7/site-packages/airflow/example_dags/example_trigger_controller_dag.py
[2024-09-18T20:58:56.514+0000] {logging_mixin.py:115} INFO - [2024-09-18T20:58:56.514+0000] {dag.py:2429} INFO - Sync 1 DAGs
[2024-09-18T20:58:56.526+0000] {logging_mixin.py:115} INFO - [2024-09-18T20:58:56.526+0000] {dag.py:2981} INFO - Setting next_dagrun for example_trigger_controller_dag to 2021-01-01T00:00:00+00:00, run_after=2021-01-01T00:00:00+00:00
[2024-09-18T20:58:56.533+0000] {processor.py:161} INFO - Processing /home/airflow/.local/lib/python3.7/site-packages/airflow/example_dags/example_trigger_controller_dag.py took 0.042 seconds
[2024-09-18T20:59:26.759+0000] {processor.py:153} INFO - Started process (PID=6894) to work on /home/airflow/.local/lib/python3.7/site-packages/airflow/example_dags/example_trigger_controller_dag.py
[2024-09-18T20:59:26.760+0000] {processor.py:640} INFO - Processing file /home/airflow/.local/lib/python3.7/site-packages/airflow/example_dags/example_trigger_controller_dag.py for tasks to queue
[2024-09-18T20:59:26.761+0000] {logging_mixin.py:115} INFO - [2024-09-18T20:59:26.761+0000] {dagbag.py:508} INFO - Filling up the DagBag from /home/airflow/.local/lib/python3.7/site-packages/airflow/example_dags/example_trigger_controller_dag.py
[2024-09-18T20:59:26.762+0000] {processor.py:650} INFO - DAG(s) dict_keys(['example_trigger_controller_dag']) retrieved from /home/airflow/.local/lib/python3.7/site-packages/airflow/example_dags/example_trigger_controller_dag.py
[2024-09-18T20:59:26.773+0000] {logging_mixin.py:115} INFO - [2024-09-18T20:59:26.773+0000] {dag.py:2429} INFO - Sync 1 DAGs
[2024-09-18T20:59:26.783+0000] {logging_mixin.py:115} INFO - [2024-09-18T20:59:26.783+0000] {dag.py:2981} INFO - Setting next_dagrun for example_trigger_controller_dag to 2021-01-01T00:00:00+00:00, run_after=2021-01-01T00:00:00+00:00
[2024-09-18T20:59:26.789+0000] {processor.py:161} INFO - Processing /home/airflow/.local/lib/python3.7/site-packages/airflow/example_dags/example_trigger_controller_dag.py took 0.031 seconds
[2024-09-18T20:59:57.012+0000] {processor.py:153} INFO - Started process (PID=7091) to work on /home/airflow/.local/lib/python3.7/site-packages/airflow/example_dags/example_trigger_controller_dag.py
[2024-09-18T20:59:57.014+0000] {processor.py:640} INFO - Processing file /home/airflow/.local/lib/python3.7/site-packages/airflow/example_dags/example_trigger_controller_dag.py for tasks to queue
[2024-09-18T20:59:57.014+0000] {logging_mixin.py:115} INFO - [2024-09-18T20:59:57.014+0000] {dagbag.py:508} INFO - Filling up the DagBag from /home/airflow/.local/lib/python3.7/site-packages/airflow/example_dags/example_trigger_controller_dag.py
[2024-09-18T20:59:57.018+0000] {processor.py:650} INFO - DAG(s) dict_keys(['example_trigger_controller_dag']) retrieved from /home/airflow/.local/lib/python3.7/site-packages/airflow/example_dags/example_trigger_controller_dag.py
[2024-09-18T20:59:57.031+0000] {logging_mixin.py:115} INFO - [2024-09-18T20:59:57.031+0000] {dag.py:2429} INFO - Sync 1 DAGs
[2024-09-18T20:59:57.047+0000] {logging_mixin.py:115} INFO - [2024-09-18T20:59:57.047+0000] {dag.py:2981} INFO - Setting next_dagrun for example_trigger_controller_dag to 2021-01-01T00:00:00+00:00, run_after=2021-01-01T00:00:00+00:00
[2024-09-18T20:59:57.053+0000] {processor.py:161} INFO - Processing /home/airflow/.local/lib/python3.7/site-packages/airflow/example_dags/example_trigger_controller_dag.py took 0.042 seconds
[2024-09-18T21:00:27.247+0000] {processor.py:153} INFO - Started process (PID=7288) to work on /home/airflow/.local/lib/python3.7/site-packages/airflow/example_dags/example_trigger_controller_dag.py
[2024-09-18T21:00:27.247+0000] {processor.py:640} INFO - Processing file /home/airflow/.local/lib/python3.7/site-packages/airflow/example_dags/example_trigger_controller_dag.py for tasks to queue
[2024-09-18T21:00:27.248+0000] {logging_mixin.py:115} INFO - [2024-09-18T21:00:27.248+0000] {dagbag.py:508} INFO - Filling up the DagBag from /home/airflow/.local/lib/python3.7/site-packages/airflow/example_dags/example_trigger_controller_dag.py
[2024-09-18T21:00:27.250+0000] {processor.py:650} INFO - DAG(s) dict_keys(['example_trigger_controller_dag']) retrieved from /home/airflow/.local/lib/python3.7/site-packages/airflow/example_dags/example_trigger_controller_dag.py
[2024-09-18T21:00:27.262+0000] {logging_mixin.py:115} INFO - [2024-09-18T21:00:27.262+0000] {dag.py:2429} INFO - Sync 1 DAGs
[2024-09-18T21:00:27.272+0000] {logging_mixin.py:115} INFO - [2024-09-18T21:00:27.272+0000] {dag.py:2981} INFO - Setting next_dagrun for example_trigger_controller_dag to 2021-01-01T00:00:00+00:00, run_after=2021-01-01T00:00:00+00:00
[2024-09-18T21:00:27.278+0000] {processor.py:161} INFO - Processing /home/airflow/.local/lib/python3.7/site-packages/airflow/example_dags/example_trigger_controller_dag.py took 0.033 seconds
