[2024-09-18T20:42:19.747+0000] {processor.py:153} INFO - Started process (PID=232) to work on /home/airflow/.local/lib/python3.7/site-packages/airflow/example_dags/example_python_operator.py
[2024-09-18T20:42:19.751+0000] {processor.py:640} INFO - Processing file /home/airflow/.local/lib/python3.7/site-packages/airflow/example_dags/example_python_operator.py for tasks to queue
[2024-09-18T20:42:19.751+0000] {logging_mixin.py:115} INFO - [2024-09-18T20:42:19.751+0000] {dagbag.py:508} INFO - Filling up the DagBag from /home/airflow/.local/lib/python3.7/site-packages/airflow/example_dags/example_python_operator.py
[2024-09-18T20:42:19.761+0000] {processor.py:650} INFO - DAG(s) dict_keys(['example_python_operator']) retrieved from /home/airflow/.local/lib/python3.7/site-packages/airflow/example_dags/example_python_operator.py
[2024-09-18T20:42:19.807+0000] {logging_mixin.py:115} INFO - [2024-09-18T20:42:19.807+0000] {manager.py:508} INFO - Created Permission View: can edit on DAG:example_python_operator
[2024-09-18T20:42:19.812+0000] {logging_mixin.py:115} INFO - [2024-09-18T20:42:19.812+0000] {manager.py:508} INFO - Created Permission View: can read on DAG:example_python_operator
[2024-09-18T20:42:19.817+0000] {logging_mixin.py:115} INFO - [2024-09-18T20:42:19.817+0000] {manager.py:508} INFO - Created Permission View: can delete on DAG:example_python_operator
[2024-09-18T20:42:19.818+0000] {logging_mixin.py:115} INFO - [2024-09-18T20:42:19.818+0000] {dag.py:2429} INFO - Sync 1 DAGs
[2024-09-18T20:42:19.824+0000] {logging_mixin.py:115} INFO - [2024-09-18T20:42:19.824+0000] {dag.py:2448} INFO - Creating ORM DAG for example_python_operator
[2024-09-18T20:42:19.830+0000] {logging_mixin.py:115} INFO - [2024-09-18T20:42:19.830+0000] {dag.py:2981} INFO - Setting next_dagrun for example_python_operator to None, run_after=None
[2024-09-18T20:42:19.839+0000] {processor.py:161} INFO - Processing /home/airflow/.local/lib/python3.7/site-packages/airflow/example_dags/example_python_operator.py took 0.094 seconds
[2024-09-18T20:42:50.464+0000] {processor.py:153} INFO - Started process (PID=429) to work on /home/airflow/.local/lib/python3.7/site-packages/airflow/example_dags/example_python_operator.py
[2024-09-18T20:42:50.466+0000] {processor.py:640} INFO - Processing file /home/airflow/.local/lib/python3.7/site-packages/airflow/example_dags/example_python_operator.py for tasks to queue
[2024-09-18T20:42:50.466+0000] {logging_mixin.py:115} INFO - [2024-09-18T20:42:50.466+0000] {dagbag.py:508} INFO - Filling up the DagBag from /home/airflow/.local/lib/python3.7/site-packages/airflow/example_dags/example_python_operator.py
[2024-09-18T20:42:50.474+0000] {processor.py:650} INFO - DAG(s) dict_keys(['example_python_operator']) retrieved from /home/airflow/.local/lib/python3.7/site-packages/airflow/example_dags/example_python_operator.py
[2024-09-18T20:42:50.485+0000] {logging_mixin.py:115} INFO - [2024-09-18T20:42:50.485+0000] {dag.py:2429} INFO - Sync 1 DAGs
[2024-09-18T20:42:50.496+0000] {logging_mixin.py:115} INFO - [2024-09-18T20:42:50.496+0000] {dag.py:2981} INFO - Setting next_dagrun for example_python_operator to None, run_after=None
[2024-09-18T20:42:50.502+0000] {processor.py:161} INFO - Processing /home/airflow/.local/lib/python3.7/site-packages/airflow/example_dags/example_python_operator.py took 0.039 seconds
[2024-09-18T20:43:20.665+0000] {processor.py:153} INFO - Started process (PID=626) to work on /home/airflow/.local/lib/python3.7/site-packages/airflow/example_dags/example_python_operator.py
[2024-09-18T20:43:20.665+0000] {processor.py:640} INFO - Processing file /home/airflow/.local/lib/python3.7/site-packages/airflow/example_dags/example_python_operator.py for tasks to queue
[2024-09-18T20:43:20.665+0000] {logging_mixin.py:115} INFO - [2024-09-18T20:43:20.665+0000] {dagbag.py:508} INFO - Filling up the DagBag from /home/airflow/.local/lib/python3.7/site-packages/airflow/example_dags/example_python_operator.py
[2024-09-18T20:43:20.674+0000] {processor.py:650} INFO - DAG(s) dict_keys(['example_python_operator']) retrieved from /home/airflow/.local/lib/python3.7/site-packages/airflow/example_dags/example_python_operator.py
[2024-09-18T20:43:20.685+0000] {logging_mixin.py:115} INFO - [2024-09-18T20:43:20.685+0000] {dag.py:2429} INFO - Sync 1 DAGs
[2024-09-18T20:43:20.699+0000] {logging_mixin.py:115} INFO - [2024-09-18T20:43:20.699+0000] {dag.py:2981} INFO - Setting next_dagrun for example_python_operator to None, run_after=None
[2024-09-18T20:43:20.705+0000] {processor.py:161} INFO - Processing /home/airflow/.local/lib/python3.7/site-packages/airflow/example_dags/example_python_operator.py took 0.042 seconds
[2024-09-18T20:43:50.886+0000] {processor.py:153} INFO - Started process (PID=823) to work on /home/airflow/.local/lib/python3.7/site-packages/airflow/example_dags/example_python_operator.py
[2024-09-18T20:43:50.886+0000] {processor.py:640} INFO - Processing file /home/airflow/.local/lib/python3.7/site-packages/airflow/example_dags/example_python_operator.py for tasks to queue
[2024-09-18T20:43:50.886+0000] {logging_mixin.py:115} INFO - [2024-09-18T20:43:50.886+0000] {dagbag.py:508} INFO - Filling up the DagBag from /home/airflow/.local/lib/python3.7/site-packages/airflow/example_dags/example_python_operator.py
[2024-09-18T20:43:50.893+0000] {processor.py:650} INFO - DAG(s) dict_keys(['example_python_operator']) retrieved from /home/airflow/.local/lib/python3.7/site-packages/airflow/example_dags/example_python_operator.py
[2024-09-18T20:43:50.906+0000] {logging_mixin.py:115} INFO - [2024-09-18T20:43:50.906+0000] {dag.py:2429} INFO - Sync 1 DAGs
[2024-09-18T20:43:50.917+0000] {logging_mixin.py:115} INFO - [2024-09-18T20:43:50.917+0000] {dag.py:2981} INFO - Setting next_dagrun for example_python_operator to None, run_after=None
[2024-09-18T20:43:50.924+0000] {processor.py:161} INFO - Processing /home/airflow/.local/lib/python3.7/site-packages/airflow/example_dags/example_python_operator.py took 0.040 seconds
[2024-09-18T20:44:21.050+0000] {processor.py:153} INFO - Started process (PID=1028) to work on /home/airflow/.local/lib/python3.7/site-packages/airflow/example_dags/example_python_operator.py
[2024-09-18T20:44:21.053+0000] {processor.py:640} INFO - Processing file /home/airflow/.local/lib/python3.7/site-packages/airflow/example_dags/example_python_operator.py for tasks to queue
[2024-09-18T20:44:21.054+0000] {logging_mixin.py:115} INFO - [2024-09-18T20:44:21.054+0000] {dagbag.py:508} INFO - Filling up the DagBag from /home/airflow/.local/lib/python3.7/site-packages/airflow/example_dags/example_python_operator.py
[2024-09-18T20:44:21.062+0000] {processor.py:650} INFO - DAG(s) dict_keys(['example_python_operator']) retrieved from /home/airflow/.local/lib/python3.7/site-packages/airflow/example_dags/example_python_operator.py
[2024-09-18T20:44:21.074+0000] {logging_mixin.py:115} INFO - [2024-09-18T20:44:21.074+0000] {dag.py:2429} INFO - Sync 1 DAGs
[2024-09-18T20:44:21.084+0000] {logging_mixin.py:115} INFO - [2024-09-18T20:44:21.084+0000] {dag.py:2981} INFO - Setting next_dagrun for example_python_operator to None, run_after=None
[2024-09-18T20:44:21.090+0000] {processor.py:161} INFO - Processing /home/airflow/.local/lib/python3.7/site-packages/airflow/example_dags/example_python_operator.py took 0.042 seconds
[2024-09-18T20:44:51.312+0000] {processor.py:153} INFO - Started process (PID=1226) to work on /home/airflow/.local/lib/python3.7/site-packages/airflow/example_dags/example_python_operator.py
[2024-09-18T20:44:51.312+0000] {processor.py:640} INFO - Processing file /home/airflow/.local/lib/python3.7/site-packages/airflow/example_dags/example_python_operator.py for tasks to queue
[2024-09-18T20:44:51.314+0000] {logging_mixin.py:115} INFO - [2024-09-18T20:44:51.313+0000] {dagbag.py:508} INFO - Filling up the DagBag from /home/airflow/.local/lib/python3.7/site-packages/airflow/example_dags/example_python_operator.py
[2024-09-18T20:44:51.322+0000] {processor.py:650} INFO - DAG(s) dict_keys(['example_python_operator']) retrieved from /home/airflow/.local/lib/python3.7/site-packages/airflow/example_dags/example_python_operator.py
[2024-09-18T20:44:51.335+0000] {logging_mixin.py:115} INFO - [2024-09-18T20:44:51.335+0000] {dag.py:2429} INFO - Sync 1 DAGs
[2024-09-18T20:44:51.347+0000] {logging_mixin.py:115} INFO - [2024-09-18T20:44:51.347+0000] {dag.py:2981} INFO - Setting next_dagrun for example_python_operator to None, run_after=None
[2024-09-18T20:44:51.351+0000] {processor.py:161} INFO - Processing /home/airflow/.local/lib/python3.7/site-packages/airflow/example_dags/example_python_operator.py took 0.041 seconds
[2024-09-18T20:45:21.491+0000] {processor.py:153} INFO - Started process (PID=1423) to work on /home/airflow/.local/lib/python3.7/site-packages/airflow/example_dags/example_python_operator.py
[2024-09-18T20:45:21.493+0000] {processor.py:640} INFO - Processing file /home/airflow/.local/lib/python3.7/site-packages/airflow/example_dags/example_python_operator.py for tasks to queue
[2024-09-18T20:45:21.493+0000] {logging_mixin.py:115} INFO - [2024-09-18T20:45:21.493+0000] {dagbag.py:508} INFO - Filling up the DagBag from /home/airflow/.local/lib/python3.7/site-packages/airflow/example_dags/example_python_operator.py
[2024-09-18T20:45:21.501+0000] {processor.py:650} INFO - DAG(s) dict_keys(['example_python_operator']) retrieved from /home/airflow/.local/lib/python3.7/site-packages/airflow/example_dags/example_python_operator.py
[2024-09-18T20:45:21.512+0000] {logging_mixin.py:115} INFO - [2024-09-18T20:45:21.512+0000] {dag.py:2429} INFO - Sync 1 DAGs
[2024-09-18T20:45:21.524+0000] {logging_mixin.py:115} INFO - [2024-09-18T20:45:21.524+0000] {dag.py:2981} INFO - Setting next_dagrun for example_python_operator to None, run_after=None
[2024-09-18T20:45:21.531+0000] {processor.py:161} INFO - Processing /home/airflow/.local/lib/python3.7/site-packages/airflow/example_dags/example_python_operator.py took 0.042 seconds
[2024-09-18T20:45:51.686+0000] {processor.py:153} INFO - Started process (PID=1619) to work on /home/airflow/.local/lib/python3.7/site-packages/airflow/example_dags/example_python_operator.py
[2024-09-18T20:45:51.688+0000] {processor.py:640} INFO - Processing file /home/airflow/.local/lib/python3.7/site-packages/airflow/example_dags/example_python_operator.py for tasks to queue
[2024-09-18T20:45:51.688+0000] {logging_mixin.py:115} INFO - [2024-09-18T20:45:51.688+0000] {dagbag.py:508} INFO - Filling up the DagBag from /home/airflow/.local/lib/python3.7/site-packages/airflow/example_dags/example_python_operator.py
[2024-09-18T20:45:51.696+0000] {processor.py:650} INFO - DAG(s) dict_keys(['example_python_operator']) retrieved from /home/airflow/.local/lib/python3.7/site-packages/airflow/example_dags/example_python_operator.py
[2024-09-18T20:45:51.709+0000] {logging_mixin.py:115} INFO - [2024-09-18T20:45:51.709+0000] {dag.py:2429} INFO - Sync 1 DAGs
[2024-09-18T20:45:51.721+0000] {logging_mixin.py:115} INFO - [2024-09-18T20:45:51.721+0000] {dag.py:2981} INFO - Setting next_dagrun for example_python_operator to None, run_after=None
[2024-09-18T20:45:51.727+0000] {processor.py:161} INFO - Processing /home/airflow/.local/lib/python3.7/site-packages/airflow/example_dags/example_python_operator.py took 0.043 seconds
[2024-09-18T20:46:21.932+0000] {processor.py:153} INFO - Started process (PID=1816) to work on /home/airflow/.local/lib/python3.7/site-packages/airflow/example_dags/example_python_operator.py
[2024-09-18T20:46:21.933+0000] {processor.py:640} INFO - Processing file /home/airflow/.local/lib/python3.7/site-packages/airflow/example_dags/example_python_operator.py for tasks to queue
[2024-09-18T20:46:21.933+0000] {logging_mixin.py:115} INFO - [2024-09-18T20:46:21.933+0000] {dagbag.py:508} INFO - Filling up the DagBag from /home/airflow/.local/lib/python3.7/site-packages/airflow/example_dags/example_python_operator.py
[2024-09-18T20:46:21.943+0000] {processor.py:650} INFO - DAG(s) dict_keys(['example_python_operator']) retrieved from /home/airflow/.local/lib/python3.7/site-packages/airflow/example_dags/example_python_operator.py
[2024-09-18T20:46:21.953+0000] {logging_mixin.py:115} INFO - [2024-09-18T20:46:21.953+0000] {dag.py:2429} INFO - Sync 1 DAGs
[2024-09-18T20:46:21.970+0000] {logging_mixin.py:115} INFO - [2024-09-18T20:46:21.969+0000] {dag.py:2981} INFO - Setting next_dagrun for example_python_operator to None, run_after=None
[2024-09-18T20:46:21.976+0000] {processor.py:161} INFO - Processing /home/airflow/.local/lib/python3.7/site-packages/airflow/example_dags/example_python_operator.py took 0.046 seconds
[2024-09-18T20:46:52.177+0000] {processor.py:153} INFO - Started process (PID=2013) to work on /home/airflow/.local/lib/python3.7/site-packages/airflow/example_dags/example_python_operator.py
[2024-09-18T20:46:52.178+0000] {processor.py:640} INFO - Processing file /home/airflow/.local/lib/python3.7/site-packages/airflow/example_dags/example_python_operator.py for tasks to queue
[2024-09-18T20:46:52.178+0000] {logging_mixin.py:115} INFO - [2024-09-18T20:46:52.178+0000] {dagbag.py:508} INFO - Filling up the DagBag from /home/airflow/.local/lib/python3.7/site-packages/airflow/example_dags/example_python_operator.py
[2024-09-18T20:46:52.186+0000] {processor.py:650} INFO - DAG(s) dict_keys(['example_python_operator']) retrieved from /home/airflow/.local/lib/python3.7/site-packages/airflow/example_dags/example_python_operator.py
[2024-09-18T20:46:52.200+0000] {logging_mixin.py:115} INFO - [2024-09-18T20:46:52.200+0000] {dag.py:2429} INFO - Sync 1 DAGs
[2024-09-18T20:46:52.214+0000] {logging_mixin.py:115} INFO - [2024-09-18T20:46:52.213+0000] {dag.py:2981} INFO - Setting next_dagrun for example_python_operator to None, run_after=None
[2024-09-18T20:46:52.220+0000] {processor.py:161} INFO - Processing /home/airflow/.local/lib/python3.7/site-packages/airflow/example_dags/example_python_operator.py took 0.044 seconds
[2024-09-18T20:47:22.450+0000] {processor.py:153} INFO - Started process (PID=2201) to work on /home/airflow/.local/lib/python3.7/site-packages/airflow/example_dags/example_python_operator.py
[2024-09-18T20:47:22.452+0000] {processor.py:640} INFO - Processing file /home/airflow/.local/lib/python3.7/site-packages/airflow/example_dags/example_python_operator.py for tasks to queue
[2024-09-18T20:47:22.454+0000] {logging_mixin.py:115} INFO - [2024-09-18T20:47:22.454+0000] {dagbag.py:508} INFO - Filling up the DagBag from /home/airflow/.local/lib/python3.7/site-packages/airflow/example_dags/example_python_operator.py
[2024-09-18T20:47:22.461+0000] {processor.py:650} INFO - DAG(s) dict_keys(['example_python_operator']) retrieved from /home/airflow/.local/lib/python3.7/site-packages/airflow/example_dags/example_python_operator.py
[2024-09-18T20:47:22.472+0000] {logging_mixin.py:115} INFO - [2024-09-18T20:47:22.471+0000] {dag.py:2429} INFO - Sync 1 DAGs
[2024-09-18T20:47:22.481+0000] {logging_mixin.py:115} INFO - [2024-09-18T20:47:22.481+0000] {dag.py:2981} INFO - Setting next_dagrun for example_python_operator to None, run_after=None
[2024-09-18T20:47:22.485+0000] {processor.py:161} INFO - Processing /home/airflow/.local/lib/python3.7/site-packages/airflow/example_dags/example_python_operator.py took 0.037 seconds
[2024-09-18T20:47:52.643+0000] {processor.py:153} INFO - Started process (PID=2398) to work on /home/airflow/.local/lib/python3.7/site-packages/airflow/example_dags/example_python_operator.py
[2024-09-18T20:47:52.643+0000] {processor.py:640} INFO - Processing file /home/airflow/.local/lib/python3.7/site-packages/airflow/example_dags/example_python_operator.py for tasks to queue
[2024-09-18T20:47:52.643+0000] {logging_mixin.py:115} INFO - [2024-09-18T20:47:52.643+0000] {dagbag.py:508} INFO - Filling up the DagBag from /home/airflow/.local/lib/python3.7/site-packages/airflow/example_dags/example_python_operator.py
[2024-09-18T20:47:52.650+0000] {processor.py:650} INFO - DAG(s) dict_keys(['example_python_operator']) retrieved from /home/airflow/.local/lib/python3.7/site-packages/airflow/example_dags/example_python_operator.py
[2024-09-18T20:47:52.662+0000] {logging_mixin.py:115} INFO - [2024-09-18T20:47:52.662+0000] {dag.py:2429} INFO - Sync 1 DAGs
[2024-09-18T20:47:52.672+0000] {logging_mixin.py:115} INFO - [2024-09-18T20:47:52.672+0000] {dag.py:2981} INFO - Setting next_dagrun for example_python_operator to None, run_after=None
[2024-09-18T20:47:52.681+0000] {processor.py:161} INFO - Processing /home/airflow/.local/lib/python3.7/site-packages/airflow/example_dags/example_python_operator.py took 0.040 seconds
[2024-09-18T20:48:22.820+0000] {processor.py:153} INFO - Started process (PID=2595) to work on /home/airflow/.local/lib/python3.7/site-packages/airflow/example_dags/example_python_operator.py
[2024-09-18T20:48:22.821+0000] {processor.py:640} INFO - Processing file /home/airflow/.local/lib/python3.7/site-packages/airflow/example_dags/example_python_operator.py for tasks to queue
[2024-09-18T20:48:22.821+0000] {logging_mixin.py:115} INFO - [2024-09-18T20:48:22.821+0000] {dagbag.py:508} INFO - Filling up the DagBag from /home/airflow/.local/lib/python3.7/site-packages/airflow/example_dags/example_python_operator.py
[2024-09-18T20:48:22.828+0000] {processor.py:650} INFO - DAG(s) dict_keys(['example_python_operator']) retrieved from /home/airflow/.local/lib/python3.7/site-packages/airflow/example_dags/example_python_operator.py
[2024-09-18T20:48:22.839+0000] {logging_mixin.py:115} INFO - [2024-09-18T20:48:22.838+0000] {dag.py:2429} INFO - Sync 1 DAGs
[2024-09-18T20:48:22.849+0000] {logging_mixin.py:115} INFO - [2024-09-18T20:48:22.849+0000] {dag.py:2981} INFO - Setting next_dagrun for example_python_operator to None, run_after=None
[2024-09-18T20:48:22.855+0000] {processor.py:161} INFO - Processing /home/airflow/.local/lib/python3.7/site-packages/airflow/example_dags/example_python_operator.py took 0.036 seconds
[2024-09-18T20:48:52.968+0000] {processor.py:153} INFO - Started process (PID=2792) to work on /home/airflow/.local/lib/python3.7/site-packages/airflow/example_dags/example_python_operator.py
[2024-09-18T20:48:52.968+0000] {processor.py:640} INFO - Processing file /home/airflow/.local/lib/python3.7/site-packages/airflow/example_dags/example_python_operator.py for tasks to queue
[2024-09-18T20:48:52.969+0000] {logging_mixin.py:115} INFO - [2024-09-18T20:48:52.969+0000] {dagbag.py:508} INFO - Filling up the DagBag from /home/airflow/.local/lib/python3.7/site-packages/airflow/example_dags/example_python_operator.py
[2024-09-18T20:48:52.979+0000] {processor.py:650} INFO - DAG(s) dict_keys(['example_python_operator']) retrieved from /home/airflow/.local/lib/python3.7/site-packages/airflow/example_dags/example_python_operator.py
[2024-09-18T20:48:52.989+0000] {logging_mixin.py:115} INFO - [2024-09-18T20:48:52.989+0000] {dag.py:2429} INFO - Sync 1 DAGs
[2024-09-18T20:48:52.999+0000] {logging_mixin.py:115} INFO - [2024-09-18T20:48:52.999+0000] {dag.py:2981} INFO - Setting next_dagrun for example_python_operator to None, run_after=None
[2024-09-18T20:48:53.004+0000] {processor.py:161} INFO - Processing /home/airflow/.local/lib/python3.7/site-packages/airflow/example_dags/example_python_operator.py took 0.038 seconds
[2024-09-18T20:49:23.203+0000] {processor.py:153} INFO - Started process (PID=2989) to work on /home/airflow/.local/lib/python3.7/site-packages/airflow/example_dags/example_python_operator.py
[2024-09-18T20:49:23.205+0000] {processor.py:640} INFO - Processing file /home/airflow/.local/lib/python3.7/site-packages/airflow/example_dags/example_python_operator.py for tasks to queue
[2024-09-18T20:49:23.206+0000] {logging_mixin.py:115} INFO - [2024-09-18T20:49:23.206+0000] {dagbag.py:508} INFO - Filling up the DagBag from /home/airflow/.local/lib/python3.7/site-packages/airflow/example_dags/example_python_operator.py
[2024-09-18T20:49:23.215+0000] {processor.py:650} INFO - DAG(s) dict_keys(['example_python_operator']) retrieved from /home/airflow/.local/lib/python3.7/site-packages/airflow/example_dags/example_python_operator.py
[2024-09-18T20:49:23.228+0000] {logging_mixin.py:115} INFO - [2024-09-18T20:49:23.228+0000] {dag.py:2429} INFO - Sync 1 DAGs
[2024-09-18T20:49:23.240+0000] {logging_mixin.py:115} INFO - [2024-09-18T20:49:23.239+0000] {dag.py:2981} INFO - Setting next_dagrun for example_python_operator to None, run_after=None
[2024-09-18T20:49:23.244+0000] {processor.py:161} INFO - Processing /home/airflow/.local/lib/python3.7/site-packages/airflow/example_dags/example_python_operator.py took 0.042 seconds
[2024-09-18T20:49:53.464+0000] {processor.py:153} INFO - Started process (PID=3186) to work on /home/airflow/.local/lib/python3.7/site-packages/airflow/example_dags/example_python_operator.py
[2024-09-18T20:49:53.465+0000] {processor.py:640} INFO - Processing file /home/airflow/.local/lib/python3.7/site-packages/airflow/example_dags/example_python_operator.py for tasks to queue
[2024-09-18T20:49:53.465+0000] {logging_mixin.py:115} INFO - [2024-09-18T20:49:53.465+0000] {dagbag.py:508} INFO - Filling up the DagBag from /home/airflow/.local/lib/python3.7/site-packages/airflow/example_dags/example_python_operator.py
[2024-09-18T20:49:53.474+0000] {processor.py:650} INFO - DAG(s) dict_keys(['example_python_operator']) retrieved from /home/airflow/.local/lib/python3.7/site-packages/airflow/example_dags/example_python_operator.py
[2024-09-18T20:49:53.488+0000] {logging_mixin.py:115} INFO - [2024-09-18T20:49:53.488+0000] {dag.py:2429} INFO - Sync 1 DAGs
[2024-09-18T20:49:53.499+0000] {logging_mixin.py:115} INFO - [2024-09-18T20:49:53.499+0000] {dag.py:2981} INFO - Setting next_dagrun for example_python_operator to None, run_after=None
[2024-09-18T20:49:53.504+0000] {processor.py:161} INFO - Processing /home/airflow/.local/lib/python3.7/site-packages/airflow/example_dags/example_python_operator.py took 0.041 seconds
[2024-09-18T20:50:23.723+0000] {processor.py:153} INFO - Started process (PID=3375) to work on /home/airflow/.local/lib/python3.7/site-packages/airflow/example_dags/example_python_operator.py
[2024-09-18T20:50:23.724+0000] {processor.py:640} INFO - Processing file /home/airflow/.local/lib/python3.7/site-packages/airflow/example_dags/example_python_operator.py for tasks to queue
[2024-09-18T20:50:23.725+0000] {logging_mixin.py:115} INFO - [2024-09-18T20:50:23.725+0000] {dagbag.py:508} INFO - Filling up the DagBag from /home/airflow/.local/lib/python3.7/site-packages/airflow/example_dags/example_python_operator.py
[2024-09-18T20:50:23.733+0000] {processor.py:650} INFO - DAG(s) dict_keys(['example_python_operator']) retrieved from /home/airflow/.local/lib/python3.7/site-packages/airflow/example_dags/example_python_operator.py
[2024-09-18T20:50:23.744+0000] {logging_mixin.py:115} INFO - [2024-09-18T20:50:23.744+0000] {dag.py:2429} INFO - Sync 1 DAGs
[2024-09-18T20:50:23.755+0000] {logging_mixin.py:115} INFO - [2024-09-18T20:50:23.755+0000] {dag.py:2981} INFO - Setting next_dagrun for example_python_operator to None, run_after=None
[2024-09-18T20:50:23.762+0000] {processor.py:161} INFO - Processing /home/airflow/.local/lib/python3.7/site-packages/airflow/example_dags/example_python_operator.py took 0.040 seconds
[2024-09-18T20:50:53.991+0000] {processor.py:153} INFO - Started process (PID=3572) to work on /home/airflow/.local/lib/python3.7/site-packages/airflow/example_dags/example_python_operator.py
[2024-09-18T20:50:53.995+0000] {processor.py:640} INFO - Processing file /home/airflow/.local/lib/python3.7/site-packages/airflow/example_dags/example_python_operator.py for tasks to queue
[2024-09-18T20:50:53.996+0000] {logging_mixin.py:115} INFO - [2024-09-18T20:50:53.996+0000] {dagbag.py:508} INFO - Filling up the DagBag from /home/airflow/.local/lib/python3.7/site-packages/airflow/example_dags/example_python_operator.py
[2024-09-18T20:50:54.003+0000] {processor.py:650} INFO - DAG(s) dict_keys(['example_python_operator']) retrieved from /home/airflow/.local/lib/python3.7/site-packages/airflow/example_dags/example_python_operator.py
[2024-09-18T20:50:54.017+0000] {logging_mixin.py:115} INFO - [2024-09-18T20:50:54.017+0000] {dag.py:2429} INFO - Sync 1 DAGs
[2024-09-18T20:50:54.028+0000] {logging_mixin.py:115} INFO - [2024-09-18T20:50:54.028+0000] {dag.py:2981} INFO - Setting next_dagrun for example_python_operator to None, run_after=None
[2024-09-18T20:50:54.035+0000] {processor.py:161} INFO - Processing /home/airflow/.local/lib/python3.7/site-packages/airflow/example_dags/example_python_operator.py took 0.045 seconds
[2024-09-18T20:51:24.160+0000] {processor.py:153} INFO - Started process (PID=3769) to work on /home/airflow/.local/lib/python3.7/site-packages/airflow/example_dags/example_python_operator.py
[2024-09-18T20:51:24.161+0000] {processor.py:640} INFO - Processing file /home/airflow/.local/lib/python3.7/site-packages/airflow/example_dags/example_python_operator.py for tasks to queue
[2024-09-18T20:51:24.161+0000] {logging_mixin.py:115} INFO - [2024-09-18T20:51:24.161+0000] {dagbag.py:508} INFO - Filling up the DagBag from /home/airflow/.local/lib/python3.7/site-packages/airflow/example_dags/example_python_operator.py
[2024-09-18T20:51:24.169+0000] {processor.py:650} INFO - DAG(s) dict_keys(['example_python_operator']) retrieved from /home/airflow/.local/lib/python3.7/site-packages/airflow/example_dags/example_python_operator.py
[2024-09-18T20:51:24.179+0000] {logging_mixin.py:115} INFO - [2024-09-18T20:51:24.179+0000] {dag.py:2429} INFO - Sync 1 DAGs
[2024-09-18T20:51:24.190+0000] {logging_mixin.py:115} INFO - [2024-09-18T20:51:24.190+0000] {dag.py:2981} INFO - Setting next_dagrun for example_python_operator to None, run_after=None
[2024-09-18T20:51:24.195+0000] {processor.py:161} INFO - Processing /home/airflow/.local/lib/python3.7/site-packages/airflow/example_dags/example_python_operator.py took 0.036 seconds
[2024-09-18T20:51:54.342+0000] {processor.py:153} INFO - Started process (PID=3966) to work on /home/airflow/.local/lib/python3.7/site-packages/airflow/example_dags/example_python_operator.py
[2024-09-18T20:51:54.344+0000] {processor.py:640} INFO - Processing file /home/airflow/.local/lib/python3.7/site-packages/airflow/example_dags/example_python_operator.py for tasks to queue
[2024-09-18T20:51:54.345+0000] {logging_mixin.py:115} INFO - [2024-09-18T20:51:54.344+0000] {dagbag.py:508} INFO - Filling up the DagBag from /home/airflow/.local/lib/python3.7/site-packages/airflow/example_dags/example_python_operator.py
[2024-09-18T20:51:54.352+0000] {processor.py:650} INFO - DAG(s) dict_keys(['example_python_operator']) retrieved from /home/airflow/.local/lib/python3.7/site-packages/airflow/example_dags/example_python_operator.py
[2024-09-18T20:51:54.364+0000] {logging_mixin.py:115} INFO - [2024-09-18T20:51:54.364+0000] {dag.py:2429} INFO - Sync 1 DAGs
[2024-09-18T20:51:54.374+0000] {logging_mixin.py:115} INFO - [2024-09-18T20:51:54.374+0000] {dag.py:2981} INFO - Setting next_dagrun for example_python_operator to None, run_after=None
[2024-09-18T20:51:54.380+0000] {processor.py:161} INFO - Processing /home/airflow/.local/lib/python3.7/site-packages/airflow/example_dags/example_python_operator.py took 0.039 seconds
[2024-09-18T20:52:24.460+0000] {processor.py:153} INFO - Started process (PID=4161) to work on /home/airflow/.local/lib/python3.7/site-packages/airflow/example_dags/example_python_operator.py
[2024-09-18T20:52:24.460+0000] {processor.py:640} INFO - Processing file /home/airflow/.local/lib/python3.7/site-packages/airflow/example_dags/example_python_operator.py for tasks to queue
[2024-09-18T20:52:24.460+0000] {logging_mixin.py:115} INFO - [2024-09-18T20:52:24.460+0000] {dagbag.py:508} INFO - Filling up the DagBag from /home/airflow/.local/lib/python3.7/site-packages/airflow/example_dags/example_python_operator.py
[2024-09-18T20:52:24.467+0000] {processor.py:650} INFO - DAG(s) dict_keys(['example_python_operator']) retrieved from /home/airflow/.local/lib/python3.7/site-packages/airflow/example_dags/example_python_operator.py
[2024-09-18T20:52:24.480+0000] {logging_mixin.py:115} INFO - [2024-09-18T20:52:24.480+0000] {dag.py:2429} INFO - Sync 1 DAGs
[2024-09-18T20:52:24.489+0000] {logging_mixin.py:115} INFO - [2024-09-18T20:52:24.489+0000] {dag.py:2981} INFO - Setting next_dagrun for example_python_operator to None, run_after=None
[2024-09-18T20:52:24.494+0000] {processor.py:161} INFO - Processing /home/airflow/.local/lib/python3.7/site-packages/airflow/example_dags/example_python_operator.py took 0.035 seconds
[2024-09-18T20:52:54.567+0000] {processor.py:153} INFO - Started process (PID=4358) to work on /home/airflow/.local/lib/python3.7/site-packages/airflow/example_dags/example_python_operator.py
[2024-09-18T20:52:54.567+0000] {processor.py:640} INFO - Processing file /home/airflow/.local/lib/python3.7/site-packages/airflow/example_dags/example_python_operator.py for tasks to queue
[2024-09-18T20:52:54.568+0000] {logging_mixin.py:115} INFO - [2024-09-18T20:52:54.568+0000] {dagbag.py:508} INFO - Filling up the DagBag from /home/airflow/.local/lib/python3.7/site-packages/airflow/example_dags/example_python_operator.py
[2024-09-18T20:52:54.575+0000] {processor.py:650} INFO - DAG(s) dict_keys(['example_python_operator']) retrieved from /home/airflow/.local/lib/python3.7/site-packages/airflow/example_dags/example_python_operator.py
[2024-09-18T20:52:54.588+0000] {logging_mixin.py:115} INFO - [2024-09-18T20:52:54.588+0000] {dag.py:2429} INFO - Sync 1 DAGs
[2024-09-18T20:52:54.598+0000] {logging_mixin.py:115} INFO - [2024-09-18T20:52:54.598+0000] {dag.py:2981} INFO - Setting next_dagrun for example_python_operator to None, run_after=None
[2024-09-18T20:52:54.603+0000] {processor.py:161} INFO - Processing /home/airflow/.local/lib/python3.7/site-packages/airflow/example_dags/example_python_operator.py took 0.037 seconds
[2024-09-18T20:53:24.722+0000] {processor.py:153} INFO - Started process (PID=4546) to work on /home/airflow/.local/lib/python3.7/site-packages/airflow/example_dags/example_python_operator.py
[2024-09-18T20:53:24.722+0000] {processor.py:640} INFO - Processing file /home/airflow/.local/lib/python3.7/site-packages/airflow/example_dags/example_python_operator.py for tasks to queue
[2024-09-18T20:53:24.723+0000] {logging_mixin.py:115} INFO - [2024-09-18T20:53:24.723+0000] {dagbag.py:508} INFO - Filling up the DagBag from /home/airflow/.local/lib/python3.7/site-packages/airflow/example_dags/example_python_operator.py
[2024-09-18T20:53:24.732+0000] {processor.py:650} INFO - DAG(s) dict_keys(['example_python_operator']) retrieved from /home/airflow/.local/lib/python3.7/site-packages/airflow/example_dags/example_python_operator.py
[2024-09-18T20:53:24.744+0000] {logging_mixin.py:115} INFO - [2024-09-18T20:53:24.744+0000] {dag.py:2429} INFO - Sync 1 DAGs
[2024-09-18T20:53:24.753+0000] {logging_mixin.py:115} INFO - [2024-09-18T20:53:24.753+0000] {dag.py:2981} INFO - Setting next_dagrun for example_python_operator to None, run_after=None
[2024-09-18T20:53:24.758+0000] {processor.py:161} INFO - Processing /home/airflow/.local/lib/python3.7/site-packages/airflow/example_dags/example_python_operator.py took 0.038 seconds
[2024-09-18T20:53:54.821+0000] {processor.py:153} INFO - Started process (PID=4743) to work on /home/airflow/.local/lib/python3.7/site-packages/airflow/example_dags/example_python_operator.py
[2024-09-18T20:53:54.822+0000] {processor.py:640} INFO - Processing file /home/airflow/.local/lib/python3.7/site-packages/airflow/example_dags/example_python_operator.py for tasks to queue
[2024-09-18T20:53:54.823+0000] {logging_mixin.py:115} INFO - [2024-09-18T20:53:54.823+0000] {dagbag.py:508} INFO - Filling up the DagBag from /home/airflow/.local/lib/python3.7/site-packages/airflow/example_dags/example_python_operator.py
[2024-09-18T20:53:54.831+0000] {processor.py:650} INFO - DAG(s) dict_keys(['example_python_operator']) retrieved from /home/airflow/.local/lib/python3.7/site-packages/airflow/example_dags/example_python_operator.py
[2024-09-18T20:53:54.843+0000] {logging_mixin.py:115} INFO - [2024-09-18T20:53:54.843+0000] {dag.py:2429} INFO - Sync 1 DAGs
[2024-09-18T20:53:54.852+0000] {logging_mixin.py:115} INFO - [2024-09-18T20:53:54.852+0000] {dag.py:2981} INFO - Setting next_dagrun for example_python_operator to None, run_after=None
[2024-09-18T20:53:54.856+0000] {processor.py:161} INFO - Processing /home/airflow/.local/lib/python3.7/site-packages/airflow/example_dags/example_python_operator.py took 0.037 seconds
[2024-09-18T20:54:24.940+0000] {processor.py:153} INFO - Started process (PID=4940) to work on /home/airflow/.local/lib/python3.7/site-packages/airflow/example_dags/example_python_operator.py
[2024-09-18T20:54:24.941+0000] {processor.py:640} INFO - Processing file /home/airflow/.local/lib/python3.7/site-packages/airflow/example_dags/example_python_operator.py for tasks to queue
[2024-09-18T20:54:24.941+0000] {logging_mixin.py:115} INFO - [2024-09-18T20:54:24.941+0000] {dagbag.py:508} INFO - Filling up the DagBag from /home/airflow/.local/lib/python3.7/site-packages/airflow/example_dags/example_python_operator.py
[2024-09-18T20:54:24.952+0000] {processor.py:650} INFO - DAG(s) dict_keys(['example_python_operator']) retrieved from /home/airflow/.local/lib/python3.7/site-packages/airflow/example_dags/example_python_operator.py
[2024-09-18T20:54:24.966+0000] {logging_mixin.py:115} INFO - [2024-09-18T20:54:24.966+0000] {dag.py:2429} INFO - Sync 1 DAGs
[2024-09-18T20:54:24.975+0000] {logging_mixin.py:115} INFO - [2024-09-18T20:54:24.975+0000] {dag.py:2981} INFO - Setting next_dagrun for example_python_operator to None, run_after=None
[2024-09-18T20:54:24.981+0000] {processor.py:161} INFO - Processing /home/airflow/.local/lib/python3.7/site-packages/airflow/example_dags/example_python_operator.py took 0.043 seconds
[2024-09-18T20:54:55.240+0000] {processor.py:153} INFO - Started process (PID=5138) to work on /home/airflow/.local/lib/python3.7/site-packages/airflow/example_dags/example_python_operator.py
[2024-09-18T20:54:55.241+0000] {processor.py:640} INFO - Processing file /home/airflow/.local/lib/python3.7/site-packages/airflow/example_dags/example_python_operator.py for tasks to queue
[2024-09-18T20:54:55.241+0000] {logging_mixin.py:115} INFO - [2024-09-18T20:54:55.241+0000] {dagbag.py:508} INFO - Filling up the DagBag from /home/airflow/.local/lib/python3.7/site-packages/airflow/example_dags/example_python_operator.py
[2024-09-18T20:54:55.251+0000] {processor.py:650} INFO - DAG(s) dict_keys(['example_python_operator']) retrieved from /home/airflow/.local/lib/python3.7/site-packages/airflow/example_dags/example_python_operator.py
[2024-09-18T20:54:55.264+0000] {logging_mixin.py:115} INFO - [2024-09-18T20:54:55.264+0000] {dag.py:2429} INFO - Sync 1 DAGs
[2024-09-18T20:54:55.273+0000] {logging_mixin.py:115} INFO - [2024-09-18T20:54:55.273+0000] {dag.py:2981} INFO - Setting next_dagrun for example_python_operator to None, run_after=None
[2024-09-18T20:54:55.278+0000] {processor.py:161} INFO - Processing /home/airflow/.local/lib/python3.7/site-packages/airflow/example_dags/example_python_operator.py took 0.040 seconds
[2024-09-18T20:55:25.438+0000] {processor.py:153} INFO - Started process (PID=5332) to work on /home/airflow/.local/lib/python3.7/site-packages/airflow/example_dags/example_python_operator.py
[2024-09-18T20:55:25.439+0000] {processor.py:640} INFO - Processing file /home/airflow/.local/lib/python3.7/site-packages/airflow/example_dags/example_python_operator.py for tasks to queue
[2024-09-18T20:55:25.439+0000] {logging_mixin.py:115} INFO - [2024-09-18T20:55:25.439+0000] {dagbag.py:508} INFO - Filling up the DagBag from /home/airflow/.local/lib/python3.7/site-packages/airflow/example_dags/example_python_operator.py
[2024-09-18T20:55:25.446+0000] {processor.py:650} INFO - DAG(s) dict_keys(['example_python_operator']) retrieved from /home/airflow/.local/lib/python3.7/site-packages/airflow/example_dags/example_python_operator.py
[2024-09-18T20:55:25.458+0000] {logging_mixin.py:115} INFO - [2024-09-18T20:55:25.458+0000] {dag.py:2429} INFO - Sync 1 DAGs
[2024-09-18T20:55:25.468+0000] {logging_mixin.py:115} INFO - [2024-09-18T20:55:25.468+0000] {dag.py:2981} INFO - Setting next_dagrun for example_python_operator to None, run_after=None
[2024-09-18T20:55:25.472+0000] {processor.py:161} INFO - Processing /home/airflow/.local/lib/python3.7/site-packages/airflow/example_dags/example_python_operator.py took 0.036 seconds
[2024-09-18T20:55:55.547+0000] {processor.py:153} INFO - Started process (PID=5529) to work on /home/airflow/.local/lib/python3.7/site-packages/airflow/example_dags/example_python_operator.py
[2024-09-18T20:55:55.548+0000] {processor.py:640} INFO - Processing file /home/airflow/.local/lib/python3.7/site-packages/airflow/example_dags/example_python_operator.py for tasks to queue
[2024-09-18T20:55:55.549+0000] {logging_mixin.py:115} INFO - [2024-09-18T20:55:55.549+0000] {dagbag.py:508} INFO - Filling up the DagBag from /home/airflow/.local/lib/python3.7/site-packages/airflow/example_dags/example_python_operator.py
[2024-09-18T20:55:55.556+0000] {processor.py:650} INFO - DAG(s) dict_keys(['example_python_operator']) retrieved from /home/airflow/.local/lib/python3.7/site-packages/airflow/example_dags/example_python_operator.py
[2024-09-18T20:55:55.571+0000] {logging_mixin.py:115} INFO - [2024-09-18T20:55:55.571+0000] {dag.py:2429} INFO - Sync 1 DAGs
[2024-09-18T20:55:55.581+0000] {logging_mixin.py:115} INFO - [2024-09-18T20:55:55.581+0000] {dag.py:2981} INFO - Setting next_dagrun for example_python_operator to None, run_after=None
[2024-09-18T20:55:55.587+0000] {processor.py:161} INFO - Processing /home/airflow/.local/lib/python3.7/site-packages/airflow/example_dags/example_python_operator.py took 0.042 seconds
[2024-09-18T20:56:25.699+0000] {processor.py:153} INFO - Started process (PID=5717) to work on /home/airflow/.local/lib/python3.7/site-packages/airflow/example_dags/example_python_operator.py
[2024-09-18T20:56:25.699+0000] {processor.py:640} INFO - Processing file /home/airflow/.local/lib/python3.7/site-packages/airflow/example_dags/example_python_operator.py for tasks to queue
[2024-09-18T20:56:25.701+0000] {logging_mixin.py:115} INFO - [2024-09-18T20:56:25.701+0000] {dagbag.py:508} INFO - Filling up the DagBag from /home/airflow/.local/lib/python3.7/site-packages/airflow/example_dags/example_python_operator.py
[2024-09-18T20:56:25.708+0000] {processor.py:650} INFO - DAG(s) dict_keys(['example_python_operator']) retrieved from /home/airflow/.local/lib/python3.7/site-packages/airflow/example_dags/example_python_operator.py
[2024-09-18T20:56:25.724+0000] {logging_mixin.py:115} INFO - [2024-09-18T20:56:25.724+0000] {dag.py:2429} INFO - Sync 1 DAGs
[2024-09-18T20:56:25.735+0000] {logging_mixin.py:115} INFO - [2024-09-18T20:56:25.735+0000] {dag.py:2981} INFO - Setting next_dagrun for example_python_operator to None, run_after=None
[2024-09-18T20:56:25.740+0000] {processor.py:161} INFO - Processing /home/airflow/.local/lib/python3.7/site-packages/airflow/example_dags/example_python_operator.py took 0.043 seconds
[2024-09-18T20:56:55.789+0000] {processor.py:153} INFO - Started process (PID=5914) to work on /home/airflow/.local/lib/python3.7/site-packages/airflow/example_dags/example_python_operator.py
[2024-09-18T20:56:55.790+0000] {processor.py:640} INFO - Processing file /home/airflow/.local/lib/python3.7/site-packages/airflow/example_dags/example_python_operator.py for tasks to queue
[2024-09-18T20:56:55.790+0000] {logging_mixin.py:115} INFO - [2024-09-18T20:56:55.790+0000] {dagbag.py:508} INFO - Filling up the DagBag from /home/airflow/.local/lib/python3.7/site-packages/airflow/example_dags/example_python_operator.py
[2024-09-18T20:56:55.798+0000] {processor.py:650} INFO - DAG(s) dict_keys(['example_python_operator']) retrieved from /home/airflow/.local/lib/python3.7/site-packages/airflow/example_dags/example_python_operator.py
[2024-09-18T20:56:55.810+0000] {logging_mixin.py:115} INFO - [2024-09-18T20:56:55.810+0000] {dag.py:2429} INFO - Sync 1 DAGs
[2024-09-18T20:56:55.818+0000] {logging_mixin.py:115} INFO - [2024-09-18T20:56:55.818+0000] {dag.py:2981} INFO - Setting next_dagrun for example_python_operator to None, run_after=None
[2024-09-18T20:56:55.823+0000] {processor.py:161} INFO - Processing /home/airflow/.local/lib/python3.7/site-packages/airflow/example_dags/example_python_operator.py took 0.036 seconds
[2024-09-18T20:57:25.854+0000] {processor.py:153} INFO - Started process (PID=6110) to work on /home/airflow/.local/lib/python3.7/site-packages/airflow/example_dags/example_python_operator.py
[2024-09-18T20:57:25.856+0000] {processor.py:640} INFO - Processing file /home/airflow/.local/lib/python3.7/site-packages/airflow/example_dags/example_python_operator.py for tasks to queue
[2024-09-18T20:57:25.856+0000] {logging_mixin.py:115} INFO - [2024-09-18T20:57:25.856+0000] {dagbag.py:508} INFO - Filling up the DagBag from /home/airflow/.local/lib/python3.7/site-packages/airflow/example_dags/example_python_operator.py
[2024-09-18T20:57:25.864+0000] {processor.py:650} INFO - DAG(s) dict_keys(['example_python_operator']) retrieved from /home/airflow/.local/lib/python3.7/site-packages/airflow/example_dags/example_python_operator.py
[2024-09-18T20:57:25.875+0000] {logging_mixin.py:115} INFO - [2024-09-18T20:57:25.875+0000] {dag.py:2429} INFO - Sync 1 DAGs
[2024-09-18T20:57:25.886+0000] {logging_mixin.py:115} INFO - [2024-09-18T20:57:25.886+0000] {dag.py:2981} INFO - Setting next_dagrun for example_python_operator to None, run_after=None
[2024-09-18T20:57:25.891+0000] {processor.py:161} INFO - Processing /home/airflow/.local/lib/python3.7/site-packages/airflow/example_dags/example_python_operator.py took 0.038 seconds
[2024-09-18T20:57:56.052+0000] {processor.py:153} INFO - Started process (PID=6303) to work on /home/airflow/.local/lib/python3.7/site-packages/airflow/example_dags/example_python_operator.py
[2024-09-18T20:57:56.053+0000] {processor.py:640} INFO - Processing file /home/airflow/.local/lib/python3.7/site-packages/airflow/example_dags/example_python_operator.py for tasks to queue
[2024-09-18T20:57:56.054+0000] {logging_mixin.py:115} INFO - [2024-09-18T20:57:56.054+0000] {dagbag.py:508} INFO - Filling up the DagBag from /home/airflow/.local/lib/python3.7/site-packages/airflow/example_dags/example_python_operator.py
[2024-09-18T20:57:56.061+0000] {processor.py:650} INFO - DAG(s) dict_keys(['example_python_operator']) retrieved from /home/airflow/.local/lib/python3.7/site-packages/airflow/example_dags/example_python_operator.py
[2024-09-18T20:57:56.073+0000] {logging_mixin.py:115} INFO - [2024-09-18T20:57:56.073+0000] {dag.py:2429} INFO - Sync 1 DAGs
[2024-09-18T20:57:56.083+0000] {logging_mixin.py:115} INFO - [2024-09-18T20:57:56.083+0000] {dag.py:2981} INFO - Setting next_dagrun for example_python_operator to None, run_after=None
[2024-09-18T20:57:56.087+0000] {processor.py:161} INFO - Processing /home/airflow/.local/lib/python3.7/site-packages/airflow/example_dags/example_python_operator.py took 0.037 seconds
[2024-09-18T20:58:26.288+0000] {processor.py:153} INFO - Started process (PID=6506) to work on /home/airflow/.local/lib/python3.7/site-packages/airflow/example_dags/example_python_operator.py
[2024-09-18T20:58:26.288+0000] {processor.py:640} INFO - Processing file /home/airflow/.local/lib/python3.7/site-packages/airflow/example_dags/example_python_operator.py for tasks to queue
[2024-09-18T20:58:26.289+0000] {logging_mixin.py:115} INFO - [2024-09-18T20:58:26.289+0000] {dagbag.py:508} INFO - Filling up the DagBag from /home/airflow/.local/lib/python3.7/site-packages/airflow/example_dags/example_python_operator.py
[2024-09-18T20:58:26.299+0000] {processor.py:650} INFO - DAG(s) dict_keys(['example_python_operator']) retrieved from /home/airflow/.local/lib/python3.7/site-packages/airflow/example_dags/example_python_operator.py
[2024-09-18T20:58:26.311+0000] {logging_mixin.py:115} INFO - [2024-09-18T20:58:26.311+0000] {dag.py:2429} INFO - Sync 1 DAGs
[2024-09-18T20:58:26.321+0000] {logging_mixin.py:115} INFO - [2024-09-18T20:58:26.321+0000] {dag.py:2981} INFO - Setting next_dagrun for example_python_operator to None, run_after=None
[2024-09-18T20:58:26.327+0000] {processor.py:161} INFO - Processing /home/airflow/.local/lib/python3.7/site-packages/airflow/example_dags/example_python_operator.py took 0.040 seconds
[2024-09-18T20:58:56.490+0000] {processor.py:153} INFO - Started process (PID=6703) to work on /home/airflow/.local/lib/python3.7/site-packages/airflow/example_dags/example_python_operator.py
[2024-09-18T20:58:56.490+0000] {processor.py:640} INFO - Processing file /home/airflow/.local/lib/python3.7/site-packages/airflow/example_dags/example_python_operator.py for tasks to queue
[2024-09-18T20:58:56.491+0000] {logging_mixin.py:115} INFO - [2024-09-18T20:58:56.491+0000] {dagbag.py:508} INFO - Filling up the DagBag from /home/airflow/.local/lib/python3.7/site-packages/airflow/example_dags/example_python_operator.py
[2024-09-18T20:58:56.498+0000] {processor.py:650} INFO - DAG(s) dict_keys(['example_python_operator']) retrieved from /home/airflow/.local/lib/python3.7/site-packages/airflow/example_dags/example_python_operator.py
[2024-09-18T20:58:56.516+0000] {logging_mixin.py:115} INFO - [2024-09-18T20:58:56.516+0000] {dag.py:2429} INFO - Sync 1 DAGs
[2024-09-18T20:58:56.525+0000] {logging_mixin.py:115} INFO - [2024-09-18T20:58:56.525+0000] {dag.py:2981} INFO - Setting next_dagrun for example_python_operator to None, run_after=None
[2024-09-18T20:58:56.531+0000] {processor.py:161} INFO - Processing /home/airflow/.local/lib/python3.7/site-packages/airflow/example_dags/example_python_operator.py took 0.043 seconds
[2024-09-18T20:59:26.754+0000] {processor.py:153} INFO - Started process (PID=6891) to work on /home/airflow/.local/lib/python3.7/site-packages/airflow/example_dags/example_python_operator.py
[2024-09-18T20:59:26.754+0000] {processor.py:640} INFO - Processing file /home/airflow/.local/lib/python3.7/site-packages/airflow/example_dags/example_python_operator.py for tasks to queue
[2024-09-18T20:59:26.754+0000] {logging_mixin.py:115} INFO - [2024-09-18T20:59:26.754+0000] {dagbag.py:508} INFO - Filling up the DagBag from /home/airflow/.local/lib/python3.7/site-packages/airflow/example_dags/example_python_operator.py
[2024-09-18T20:59:26.761+0000] {processor.py:650} INFO - DAG(s) dict_keys(['example_python_operator']) retrieved from /home/airflow/.local/lib/python3.7/site-packages/airflow/example_dags/example_python_operator.py
[2024-09-18T20:59:26.776+0000] {logging_mixin.py:115} INFO - [2024-09-18T20:59:26.776+0000] {dag.py:2429} INFO - Sync 1 DAGs
[2024-09-18T20:59:26.784+0000] {logging_mixin.py:115} INFO - [2024-09-18T20:59:26.784+0000] {dag.py:2981} INFO - Setting next_dagrun for example_python_operator to None, run_after=None
[2024-09-18T20:59:26.790+0000] {processor.py:161} INFO - Processing /home/airflow/.local/lib/python3.7/site-packages/airflow/example_dags/example_python_operator.py took 0.037 seconds
[2024-09-18T20:59:56.987+0000] {processor.py:153} INFO - Started process (PID=7086) to work on /home/airflow/.local/lib/python3.7/site-packages/airflow/example_dags/example_python_operator.py
[2024-09-18T20:59:56.987+0000] {processor.py:640} INFO - Processing file /home/airflow/.local/lib/python3.7/site-packages/airflow/example_dags/example_python_operator.py for tasks to queue
[2024-09-18T20:59:56.988+0000] {logging_mixin.py:115} INFO - [2024-09-18T20:59:56.988+0000] {dagbag.py:508} INFO - Filling up the DagBag from /home/airflow/.local/lib/python3.7/site-packages/airflow/example_dags/example_python_operator.py
[2024-09-18T20:59:56.995+0000] {processor.py:650} INFO - DAG(s) dict_keys(['example_python_operator']) retrieved from /home/airflow/.local/lib/python3.7/site-packages/airflow/example_dags/example_python_operator.py
[2024-09-18T20:59:57.007+0000] {logging_mixin.py:115} INFO - [2024-09-18T20:59:57.007+0000] {dag.py:2429} INFO - Sync 1 DAGs
[2024-09-18T20:59:57.016+0000] {logging_mixin.py:115} INFO - [2024-09-18T20:59:57.016+0000] {dag.py:2981} INFO - Setting next_dagrun for example_python_operator to None, run_after=None
[2024-09-18T20:59:57.021+0000] {processor.py:161} INFO - Processing /home/airflow/.local/lib/python3.7/site-packages/airflow/example_dags/example_python_operator.py took 0.036 seconds
[2024-09-18T21:00:27.222+0000] {processor.py:153} INFO - Started process (PID=7283) to work on /home/airflow/.local/lib/python3.7/site-packages/airflow/example_dags/example_python_operator.py
[2024-09-18T21:00:27.223+0000] {processor.py:640} INFO - Processing file /home/airflow/.local/lib/python3.7/site-packages/airflow/example_dags/example_python_operator.py for tasks to queue
[2024-09-18T21:00:27.224+0000] {logging_mixin.py:115} INFO - [2024-09-18T21:00:27.223+0000] {dagbag.py:508} INFO - Filling up the DagBag from /home/airflow/.local/lib/python3.7/site-packages/airflow/example_dags/example_python_operator.py
[2024-09-18T21:00:27.234+0000] {processor.py:650} INFO - DAG(s) dict_keys(['example_python_operator']) retrieved from /home/airflow/.local/lib/python3.7/site-packages/airflow/example_dags/example_python_operator.py
[2024-09-18T21:00:27.248+0000] {logging_mixin.py:115} INFO - [2024-09-18T21:00:27.247+0000] {dag.py:2429} INFO - Sync 1 DAGs
[2024-09-18T21:00:27.259+0000] {logging_mixin.py:115} INFO - [2024-09-18T21:00:27.259+0000] {dag.py:2981} INFO - Setting next_dagrun for example_python_operator to None, run_after=None
[2024-09-18T21:00:27.270+0000] {processor.py:161} INFO - Processing /home/airflow/.local/lib/python3.7/site-packages/airflow/example_dags/example_python_operator.py took 0.049 seconds
