[2024-09-18T20:42:19.259+0000] {processor.py:153} INFO - Started process (PID=178) to work on /home/airflow/.local/lib/python3.7/site-packages/airflow/example_dags/example_short_circuit_operator.py
[2024-09-18T20:42:19.261+0000] {processor.py:640} INFO - Processing file /home/airflow/.local/lib/python3.7/site-packages/airflow/example_dags/example_short_circuit_operator.py for tasks to queue
[2024-09-18T20:42:19.261+0000] {logging_mixin.py:115} INFO - [2024-09-18T20:42:19.261+0000] {dagbag.py:508} INFO - Filling up the DagBag from /home/airflow/.local/lib/python3.7/site-packages/airflow/example_dags/example_short_circuit_operator.py
[2024-09-18T20:42:19.268+0000] {processor.py:650} INFO - DAG(s) dict_keys(['example_short_circuit_operator']) retrieved from /home/airflow/.local/lib/python3.7/site-packages/airflow/example_dags/example_short_circuit_operator.py
[2024-09-18T20:42:19.307+0000] {logging_mixin.py:115} INFO - [2024-09-18T20:42:19.307+0000] {manager.py:508} INFO - Created Permission View: can edit on DAG:example_short_circuit_operator
[2024-09-18T20:42:19.310+0000] {logging_mixin.py:115} INFO - [2024-09-18T20:42:19.310+0000] {manager.py:508} INFO - Created Permission View: can read on DAG:example_short_circuit_operator
[2024-09-18T20:42:19.313+0000] {logging_mixin.py:115} INFO - [2024-09-18T20:42:19.313+0000] {manager.py:508} INFO - Created Permission View: can delete on DAG:example_short_circuit_operator
[2024-09-18T20:42:19.313+0000] {logging_mixin.py:115} INFO - [2024-09-18T20:42:19.313+0000] {dag.py:2429} INFO - Sync 1 DAGs
[2024-09-18T20:42:19.316+0000] {logging_mixin.py:115} INFO - [2024-09-18T20:42:19.316+0000] {dag.py:2448} INFO - Creating ORM DAG for example_short_circuit_operator
[2024-09-18T20:42:19.321+0000] {logging_mixin.py:115} INFO - [2024-09-18T20:42:19.321+0000] {dag.py:2981} INFO - Setting next_dagrun for example_short_circuit_operator to 2024-09-17T20:42:19.321365+00:00, run_after=2024-09-18T20:42:19.321365+00:00
[2024-09-18T20:42:19.326+0000] {processor.py:161} INFO - Processing /home/airflow/.local/lib/python3.7/site-packages/airflow/example_dags/example_short_circuit_operator.py took 0.070 seconds
[2024-09-18T20:42:50.174+0000] {processor.py:153} INFO - Started process (PID=376) to work on /home/airflow/.local/lib/python3.7/site-packages/airflow/example_dags/example_short_circuit_operator.py
[2024-09-18T20:42:50.174+0000] {processor.py:640} INFO - Processing file /home/airflow/.local/lib/python3.7/site-packages/airflow/example_dags/example_short_circuit_operator.py for tasks to queue
[2024-09-18T20:42:50.175+0000] {logging_mixin.py:115} INFO - [2024-09-18T20:42:50.174+0000] {dagbag.py:508} INFO - Filling up the DagBag from /home/airflow/.local/lib/python3.7/site-packages/airflow/example_dags/example_short_circuit_operator.py
[2024-09-18T20:42:50.178+0000] {processor.py:650} INFO - DAG(s) dict_keys(['example_short_circuit_operator']) retrieved from /home/airflow/.local/lib/python3.7/site-packages/airflow/example_dags/example_short_circuit_operator.py
[2024-09-18T20:42:50.189+0000] {logging_mixin.py:115} INFO - [2024-09-18T20:42:50.189+0000] {dag.py:2429} INFO - Sync 1 DAGs
[2024-09-18T20:42:50.199+0000] {logging_mixin.py:115} INFO - [2024-09-18T20:42:50.199+0000] {dag.py:2981} INFO - Setting next_dagrun for example_short_circuit_operator to 2024-09-17T20:42:50.199208+00:00, run_after=2024-09-18T20:42:50.199208+00:00
[2024-09-18T20:42:50.203+0000] {processor.py:161} INFO - Processing /home/airflow/.local/lib/python3.7/site-packages/airflow/example_dags/example_short_circuit_operator.py took 0.031 seconds
[2024-09-18T20:43:20.367+0000] {processor.py:153} INFO - Started process (PID=573) to work on /home/airflow/.local/lib/python3.7/site-packages/airflow/example_dags/example_short_circuit_operator.py
[2024-09-18T20:43:20.367+0000] {processor.py:640} INFO - Processing file /home/airflow/.local/lib/python3.7/site-packages/airflow/example_dags/example_short_circuit_operator.py for tasks to queue
[2024-09-18T20:43:20.368+0000] {logging_mixin.py:115} INFO - [2024-09-18T20:43:20.368+0000] {dagbag.py:508} INFO - Filling up the DagBag from /home/airflow/.local/lib/python3.7/site-packages/airflow/example_dags/example_short_circuit_operator.py
[2024-09-18T20:43:20.371+0000] {processor.py:650} INFO - DAG(s) dict_keys(['example_short_circuit_operator']) retrieved from /home/airflow/.local/lib/python3.7/site-packages/airflow/example_dags/example_short_circuit_operator.py
[2024-09-18T20:43:20.382+0000] {logging_mixin.py:115} INFO - [2024-09-18T20:43:20.382+0000] {dag.py:2429} INFO - Sync 1 DAGs
[2024-09-18T20:43:20.392+0000] {logging_mixin.py:115} INFO - [2024-09-18T20:43:20.392+0000] {dag.py:2981} INFO - Setting next_dagrun for example_short_circuit_operator to 2024-09-17T20:43:20.391953+00:00, run_after=2024-09-18T20:43:20.391953+00:00
[2024-09-18T20:43:20.396+0000] {processor.py:161} INFO - Processing /home/airflow/.local/lib/python3.7/site-packages/airflow/example_dags/example_short_circuit_operator.py took 0.030 seconds
[2024-09-18T20:43:50.566+0000] {processor.py:153} INFO - Started process (PID=767) to work on /home/airflow/.local/lib/python3.7/site-packages/airflow/example_dags/example_short_circuit_operator.py
[2024-09-18T20:43:50.567+0000] {processor.py:640} INFO - Processing file /home/airflow/.local/lib/python3.7/site-packages/airflow/example_dags/example_short_circuit_operator.py for tasks to queue
[2024-09-18T20:43:50.567+0000] {logging_mixin.py:115} INFO - [2024-09-18T20:43:50.567+0000] {dagbag.py:508} INFO - Filling up the DagBag from /home/airflow/.local/lib/python3.7/site-packages/airflow/example_dags/example_short_circuit_operator.py
[2024-09-18T20:43:50.571+0000] {processor.py:650} INFO - DAG(s) dict_keys(['example_short_circuit_operator']) retrieved from /home/airflow/.local/lib/python3.7/site-packages/airflow/example_dags/example_short_circuit_operator.py
[2024-09-18T20:43:50.587+0000] {logging_mixin.py:115} INFO - [2024-09-18T20:43:50.587+0000] {dag.py:2429} INFO - Sync 1 DAGs
[2024-09-18T20:43:50.601+0000] {logging_mixin.py:115} INFO - [2024-09-18T20:43:50.601+0000] {dag.py:2981} INFO - Setting next_dagrun for example_short_circuit_operator to 2024-09-17T20:43:50.601375+00:00, run_after=2024-09-18T20:43:50.601375+00:00
[2024-09-18T20:43:50.609+0000] {processor.py:161} INFO - Processing /home/airflow/.local/lib/python3.7/site-packages/airflow/example_dags/example_short_circuit_operator.py took 0.044 seconds
[2024-09-18T20:44:20.768+0000] {processor.py:153} INFO - Started process (PID=976) to work on /home/airflow/.local/lib/python3.7/site-packages/airflow/example_dags/example_short_circuit_operator.py
[2024-09-18T20:44:20.768+0000] {processor.py:640} INFO - Processing file /home/airflow/.local/lib/python3.7/site-packages/airflow/example_dags/example_short_circuit_operator.py for tasks to queue
[2024-09-18T20:44:20.769+0000] {logging_mixin.py:115} INFO - [2024-09-18T20:44:20.769+0000] {dagbag.py:508} INFO - Filling up the DagBag from /home/airflow/.local/lib/python3.7/site-packages/airflow/example_dags/example_short_circuit_operator.py
[2024-09-18T20:44:20.772+0000] {processor.py:650} INFO - DAG(s) dict_keys(['example_short_circuit_operator']) retrieved from /home/airflow/.local/lib/python3.7/site-packages/airflow/example_dags/example_short_circuit_operator.py
[2024-09-18T20:44:20.786+0000] {logging_mixin.py:115} INFO - [2024-09-18T20:44:20.786+0000] {dag.py:2429} INFO - Sync 1 DAGs
[2024-09-18T20:44:20.798+0000] {logging_mixin.py:115} INFO - [2024-09-18T20:44:20.798+0000] {dag.py:2981} INFO - Setting next_dagrun for example_short_circuit_operator to 2024-09-17T20:44:20.798047+00:00, run_after=2024-09-18T20:44:20.798047+00:00
[2024-09-18T20:44:20.805+0000] {processor.py:161} INFO - Processing /home/airflow/.local/lib/python3.7/site-packages/airflow/example_dags/example_short_circuit_operator.py took 0.038 seconds
[2024-09-18T20:44:51.018+0000] {processor.py:153} INFO - Started process (PID=1173) to work on /home/airflow/.local/lib/python3.7/site-packages/airflow/example_dags/example_short_circuit_operator.py
[2024-09-18T20:44:51.018+0000] {processor.py:640} INFO - Processing file /home/airflow/.local/lib/python3.7/site-packages/airflow/example_dags/example_short_circuit_operator.py for tasks to queue
[2024-09-18T20:44:51.018+0000] {logging_mixin.py:115} INFO - [2024-09-18T20:44:51.018+0000] {dagbag.py:508} INFO - Filling up the DagBag from /home/airflow/.local/lib/python3.7/site-packages/airflow/example_dags/example_short_circuit_operator.py
[2024-09-18T20:44:51.022+0000] {processor.py:650} INFO - DAG(s) dict_keys(['example_short_circuit_operator']) retrieved from /home/airflow/.local/lib/python3.7/site-packages/airflow/example_dags/example_short_circuit_operator.py
[2024-09-18T20:44:51.034+0000] {logging_mixin.py:115} INFO - [2024-09-18T20:44:51.034+0000] {dag.py:2429} INFO - Sync 1 DAGs
[2024-09-18T20:44:51.047+0000] {logging_mixin.py:115} INFO - [2024-09-18T20:44:51.047+0000] {dag.py:2981} INFO - Setting next_dagrun for example_short_circuit_operator to 2024-09-17T20:44:51.047574+00:00, run_after=2024-09-18T20:44:51.047574+00:00
[2024-09-18T20:44:51.054+0000] {processor.py:161} INFO - Processing /home/airflow/.local/lib/python3.7/site-packages/airflow/example_dags/example_short_circuit_operator.py took 0.038 seconds
[2024-09-18T20:45:21.205+0000] {processor.py:153} INFO - Started process (PID=1370) to work on /home/airflow/.local/lib/python3.7/site-packages/airflow/example_dags/example_short_circuit_operator.py
[2024-09-18T20:45:21.205+0000] {processor.py:640} INFO - Processing file /home/airflow/.local/lib/python3.7/site-packages/airflow/example_dags/example_short_circuit_operator.py for tasks to queue
[2024-09-18T20:45:21.205+0000] {logging_mixin.py:115} INFO - [2024-09-18T20:45:21.205+0000] {dagbag.py:508} INFO - Filling up the DagBag from /home/airflow/.local/lib/python3.7/site-packages/airflow/example_dags/example_short_circuit_operator.py
[2024-09-18T20:45:21.209+0000] {processor.py:650} INFO - DAG(s) dict_keys(['example_short_circuit_operator']) retrieved from /home/airflow/.local/lib/python3.7/site-packages/airflow/example_dags/example_short_circuit_operator.py
[2024-09-18T20:45:21.219+0000] {logging_mixin.py:115} INFO - [2024-09-18T20:45:21.219+0000] {dag.py:2429} INFO - Sync 1 DAGs
[2024-09-18T20:45:21.229+0000] {logging_mixin.py:115} INFO - [2024-09-18T20:45:21.229+0000] {dag.py:2981} INFO - Setting next_dagrun for example_short_circuit_operator to 2024-09-17T20:45:21.229490+00:00, run_after=2024-09-18T20:45:21.229490+00:00
[2024-09-18T20:45:21.233+0000] {processor.py:161} INFO - Processing /home/airflow/.local/lib/python3.7/site-packages/airflow/example_dags/example_short_circuit_operator.py took 0.030 seconds
[2024-09-18T20:45:51.416+0000] {processor.py:153} INFO - Started process (PID=1566) to work on /home/airflow/.local/lib/python3.7/site-packages/airflow/example_dags/example_short_circuit_operator.py
[2024-09-18T20:45:51.417+0000] {processor.py:640} INFO - Processing file /home/airflow/.local/lib/python3.7/site-packages/airflow/example_dags/example_short_circuit_operator.py for tasks to queue
[2024-09-18T20:45:51.417+0000] {logging_mixin.py:115} INFO - [2024-09-18T20:45:51.417+0000] {dagbag.py:508} INFO - Filling up the DagBag from /home/airflow/.local/lib/python3.7/site-packages/airflow/example_dags/example_short_circuit_operator.py
[2024-09-18T20:45:51.421+0000] {processor.py:650} INFO - DAG(s) dict_keys(['example_short_circuit_operator']) retrieved from /home/airflow/.local/lib/python3.7/site-packages/airflow/example_dags/example_short_circuit_operator.py
[2024-09-18T20:45:51.434+0000] {logging_mixin.py:115} INFO - [2024-09-18T20:45:51.434+0000] {dag.py:2429} INFO - Sync 1 DAGs
[2024-09-18T20:45:51.446+0000] {logging_mixin.py:115} INFO - [2024-09-18T20:45:51.446+0000] {dag.py:2981} INFO - Setting next_dagrun for example_short_circuit_operator to 2024-09-17T20:45:51.446049+00:00, run_after=2024-09-18T20:45:51.446049+00:00
[2024-09-18T20:45:51.451+0000] {processor.py:161} INFO - Processing /home/airflow/.local/lib/python3.7/site-packages/airflow/example_dags/example_short_circuit_operator.py took 0.037 seconds
[2024-09-18T20:46:21.618+0000] {processor.py:153} INFO - Started process (PID=1763) to work on /home/airflow/.local/lib/python3.7/site-packages/airflow/example_dags/example_short_circuit_operator.py
[2024-09-18T20:46:21.618+0000] {processor.py:640} INFO - Processing file /home/airflow/.local/lib/python3.7/site-packages/airflow/example_dags/example_short_circuit_operator.py for tasks to queue
[2024-09-18T20:46:21.618+0000] {logging_mixin.py:115} INFO - [2024-09-18T20:46:21.618+0000] {dagbag.py:508} INFO - Filling up the DagBag from /home/airflow/.local/lib/python3.7/site-packages/airflow/example_dags/example_short_circuit_operator.py
[2024-09-18T20:46:21.622+0000] {processor.py:650} INFO - DAG(s) dict_keys(['example_short_circuit_operator']) retrieved from /home/airflow/.local/lib/python3.7/site-packages/airflow/example_dags/example_short_circuit_operator.py
[2024-09-18T20:46:21.632+0000] {logging_mixin.py:115} INFO - [2024-09-18T20:46:21.632+0000] {dag.py:2429} INFO - Sync 1 DAGs
[2024-09-18T20:46:21.642+0000] {logging_mixin.py:115} INFO - [2024-09-18T20:46:21.642+0000] {dag.py:2981} INFO - Setting next_dagrun for example_short_circuit_operator to 2024-09-17T20:46:21.641974+00:00, run_after=2024-09-18T20:46:21.641974+00:00
[2024-09-18T20:46:21.646+0000] {processor.py:161} INFO - Processing /home/airflow/.local/lib/python3.7/site-packages/airflow/example_dags/example_short_circuit_operator.py took 0.030 seconds
[2024-09-18T20:46:51.845+0000] {processor.py:153} INFO - Started process (PID=1949) to work on /home/airflow/.local/lib/python3.7/site-packages/airflow/example_dags/example_short_circuit_operator.py
[2024-09-18T20:46:51.846+0000] {processor.py:640} INFO - Processing file /home/airflow/.local/lib/python3.7/site-packages/airflow/example_dags/example_short_circuit_operator.py for tasks to queue
[2024-09-18T20:46:51.846+0000] {logging_mixin.py:115} INFO - [2024-09-18T20:46:51.846+0000] {dagbag.py:508} INFO - Filling up the DagBag from /home/airflow/.local/lib/python3.7/site-packages/airflow/example_dags/example_short_circuit_operator.py
[2024-09-18T20:46:51.850+0000] {processor.py:650} INFO - DAG(s) dict_keys(['example_short_circuit_operator']) retrieved from /home/airflow/.local/lib/python3.7/site-packages/airflow/example_dags/example_short_circuit_operator.py
[2024-09-18T20:46:51.865+0000] {logging_mixin.py:115} INFO - [2024-09-18T20:46:51.865+0000] {dag.py:2429} INFO - Sync 1 DAGs
[2024-09-18T20:46:51.877+0000] {logging_mixin.py:115} INFO - [2024-09-18T20:46:51.877+0000] {dag.py:2981} INFO - Setting next_dagrun for example_short_circuit_operator to 2024-09-17T20:46:51.877768+00:00, run_after=2024-09-18T20:46:51.877768+00:00
[2024-09-18T20:46:51.885+0000] {processor.py:161} INFO - Processing /home/airflow/.local/lib/python3.7/site-packages/airflow/example_dags/example_short_circuit_operator.py took 0.042 seconds
[2024-09-18T20:47:22.188+0000] {processor.py:153} INFO - Started process (PID=2148) to work on /home/airflow/.local/lib/python3.7/site-packages/airflow/example_dags/example_short_circuit_operator.py
[2024-09-18T20:47:22.188+0000] {processor.py:640} INFO - Processing file /home/airflow/.local/lib/python3.7/site-packages/airflow/example_dags/example_short_circuit_operator.py for tasks to queue
[2024-09-18T20:47:22.188+0000] {logging_mixin.py:115} INFO - [2024-09-18T20:47:22.188+0000] {dagbag.py:508} INFO - Filling up the DagBag from /home/airflow/.local/lib/python3.7/site-packages/airflow/example_dags/example_short_circuit_operator.py
[2024-09-18T20:47:22.192+0000] {processor.py:650} INFO - DAG(s) dict_keys(['example_short_circuit_operator']) retrieved from /home/airflow/.local/lib/python3.7/site-packages/airflow/example_dags/example_short_circuit_operator.py
[2024-09-18T20:47:22.202+0000] {logging_mixin.py:115} INFO - [2024-09-18T20:47:22.202+0000] {dag.py:2429} INFO - Sync 1 DAGs
[2024-09-18T20:47:22.212+0000] {logging_mixin.py:115} INFO - [2024-09-18T20:47:22.212+0000] {dag.py:2981} INFO - Setting next_dagrun for example_short_circuit_operator to 2024-09-17T20:47:22.211983+00:00, run_after=2024-09-18T20:47:22.211983+00:00
[2024-09-18T20:47:22.216+0000] {processor.py:161} INFO - Processing /home/airflow/.local/lib/python3.7/site-packages/airflow/example_dags/example_short_circuit_operator.py took 0.029 seconds
[2024-09-18T20:47:52.325+0000] {processor.py:153} INFO - Started process (PID=2345) to work on /home/airflow/.local/lib/python3.7/site-packages/airflow/example_dags/example_short_circuit_operator.py
[2024-09-18T20:47:52.325+0000] {processor.py:640} INFO - Processing file /home/airflow/.local/lib/python3.7/site-packages/airflow/example_dags/example_short_circuit_operator.py for tasks to queue
[2024-09-18T20:47:52.326+0000] {logging_mixin.py:115} INFO - [2024-09-18T20:47:52.326+0000] {dagbag.py:508} INFO - Filling up the DagBag from /home/airflow/.local/lib/python3.7/site-packages/airflow/example_dags/example_short_circuit_operator.py
[2024-09-18T20:47:52.331+0000] {processor.py:650} INFO - DAG(s) dict_keys(['example_short_circuit_operator']) retrieved from /home/airflow/.local/lib/python3.7/site-packages/airflow/example_dags/example_short_circuit_operator.py
[2024-09-18T20:47:52.345+0000] {logging_mixin.py:115} INFO - [2024-09-18T20:47:52.345+0000] {dag.py:2429} INFO - Sync 1 DAGs
[2024-09-18T20:47:52.356+0000] {logging_mixin.py:115} INFO - [2024-09-18T20:47:52.356+0000] {dag.py:2981} INFO - Setting next_dagrun for example_short_circuit_operator to 2024-09-17T20:47:52.356330+00:00, run_after=2024-09-18T20:47:52.356330+00:00
[2024-09-18T20:47:52.363+0000] {processor.py:161} INFO - Processing /home/airflow/.local/lib/python3.7/site-packages/airflow/example_dags/example_short_circuit_operator.py took 0.040 seconds
[2024-09-18T20:48:22.553+0000] {processor.py:153} INFO - Started process (PID=2542) to work on /home/airflow/.local/lib/python3.7/site-packages/airflow/example_dags/example_short_circuit_operator.py
[2024-09-18T20:48:22.553+0000] {processor.py:640} INFO - Processing file /home/airflow/.local/lib/python3.7/site-packages/airflow/example_dags/example_short_circuit_operator.py for tasks to queue
[2024-09-18T20:48:22.553+0000] {logging_mixin.py:115} INFO - [2024-09-18T20:48:22.553+0000] {dagbag.py:508} INFO - Filling up the DagBag from /home/airflow/.local/lib/python3.7/site-packages/airflow/example_dags/example_short_circuit_operator.py
[2024-09-18T20:48:22.557+0000] {processor.py:650} INFO - DAG(s) dict_keys(['example_short_circuit_operator']) retrieved from /home/airflow/.local/lib/python3.7/site-packages/airflow/example_dags/example_short_circuit_operator.py
[2024-09-18T20:48:22.573+0000] {logging_mixin.py:115} INFO - [2024-09-18T20:48:22.573+0000] {dag.py:2429} INFO - Sync 1 DAGs
[2024-09-18T20:48:22.584+0000] {logging_mixin.py:115} INFO - [2024-09-18T20:48:22.584+0000] {dag.py:2981} INFO - Setting next_dagrun for example_short_circuit_operator to 2024-09-17T20:48:22.584473+00:00, run_after=2024-09-18T20:48:22.584473+00:00
[2024-09-18T20:48:22.590+0000] {processor.py:161} INFO - Processing /home/airflow/.local/lib/python3.7/site-packages/airflow/example_dags/example_short_circuit_operator.py took 0.039 seconds
[2024-09-18T20:48:52.706+0000] {processor.py:153} INFO - Started process (PID=2739) to work on /home/airflow/.local/lib/python3.7/site-packages/airflow/example_dags/example_short_circuit_operator.py
[2024-09-18T20:48:52.707+0000] {processor.py:640} INFO - Processing file /home/airflow/.local/lib/python3.7/site-packages/airflow/example_dags/example_short_circuit_operator.py for tasks to queue
[2024-09-18T20:48:52.707+0000] {logging_mixin.py:115} INFO - [2024-09-18T20:48:52.707+0000] {dagbag.py:508} INFO - Filling up the DagBag from /home/airflow/.local/lib/python3.7/site-packages/airflow/example_dags/example_short_circuit_operator.py
[2024-09-18T20:48:52.711+0000] {processor.py:650} INFO - DAG(s) dict_keys(['example_short_circuit_operator']) retrieved from /home/airflow/.local/lib/python3.7/site-packages/airflow/example_dags/example_short_circuit_operator.py
[2024-09-18T20:48:52.725+0000] {logging_mixin.py:115} INFO - [2024-09-18T20:48:52.725+0000] {dag.py:2429} INFO - Sync 1 DAGs
[2024-09-18T20:48:52.736+0000] {logging_mixin.py:115} INFO - [2024-09-18T20:48:52.736+0000] {dag.py:2981} INFO - Setting next_dagrun for example_short_circuit_operator to 2024-09-17T20:48:52.736035+00:00, run_after=2024-09-18T20:48:52.736035+00:00
[2024-09-18T20:48:52.741+0000] {processor.py:161} INFO - Processing /home/airflow/.local/lib/python3.7/site-packages/airflow/example_dags/example_short_circuit_operator.py took 0.036 seconds
