[2024-09-18T20:42:19.984+0000] {processor.py:153} INFO - Started process (PID=253) to work on /home/airflow/.local/lib/python3.7/site-packages/airflow/example_dags/example_dag_decorator.py
[2024-09-18T20:42:19.985+0000] {processor.py:640} INFO - Processing file /home/airflow/.local/lib/python3.7/site-packages/airflow/example_dags/example_dag_decorator.py for tasks to queue
[2024-09-18T20:42:19.985+0000] {logging_mixin.py:115} INFO - [2024-09-18T20:42:19.985+0000] {dagbag.py:508} INFO - Filling up the DagBag from /home/airflow/.local/lib/python3.7/site-packages/airflow/example_dags/example_dag_decorator.py
[2024-09-18T20:42:20.004+0000] {processor.py:650} INFO - DAG(s) dict_keys(['example_dag_decorator']) retrieved from /home/airflow/.local/lib/python3.7/site-packages/airflow/example_dags/example_dag_decorator.py
[2024-09-18T20:42:20.051+0000] {logging_mixin.py:115} INFO - [2024-09-18T20:42:20.051+0000] {manager.py:508} INFO - Created Permission View: can edit on DAG:example_dag_decorator
[2024-09-18T20:42:20.058+0000] {logging_mixin.py:115} INFO - [2024-09-18T20:42:20.058+0000] {manager.py:508} INFO - Created Permission View: can read on DAG:example_dag_decorator
[2024-09-18T20:42:20.061+0000] {logging_mixin.py:115} INFO - [2024-09-18T20:42:20.061+0000] {manager.py:508} INFO - Created Permission View: can delete on DAG:example_dag_decorator
[2024-09-18T20:42:20.061+0000] {logging_mixin.py:115} INFO - [2024-09-18T20:42:20.061+0000] {dag.py:2429} INFO - Sync 1 DAGs
[2024-09-18T20:42:20.065+0000] {logging_mixin.py:115} INFO - [2024-09-18T20:42:20.065+0000] {dag.py:2448} INFO - Creating ORM DAG for example_dag_decorator
[2024-09-18T20:42:20.070+0000] {logging_mixin.py:115} INFO - [2024-09-18T20:42:20.070+0000] {dag.py:2981} INFO - Setting next_dagrun for example_dag_decorator to None, run_after=None
[2024-09-18T20:42:20.080+0000] {processor.py:161} INFO - Processing /home/airflow/.local/lib/python3.7/site-packages/airflow/example_dags/example_dag_decorator.py took 0.098 seconds
[2024-09-18T20:42:50.562+0000] {processor.py:153} INFO - Started process (PID=449) to work on /home/airflow/.local/lib/python3.7/site-packages/airflow/example_dags/example_dag_decorator.py
[2024-09-18T20:42:50.563+0000] {processor.py:640} INFO - Processing file /home/airflow/.local/lib/python3.7/site-packages/airflow/example_dags/example_dag_decorator.py for tasks to queue
[2024-09-18T20:42:50.563+0000] {logging_mixin.py:115} INFO - [2024-09-18T20:42:50.563+0000] {dagbag.py:508} INFO - Filling up the DagBag from /home/airflow/.local/lib/python3.7/site-packages/airflow/example_dags/example_dag_decorator.py
[2024-09-18T20:42:50.575+0000] {processor.py:650} INFO - DAG(s) dict_keys(['example_dag_decorator']) retrieved from /home/airflow/.local/lib/python3.7/site-packages/airflow/example_dags/example_dag_decorator.py
[2024-09-18T20:42:50.605+0000] {logging_mixin.py:115} INFO - [2024-09-18T20:42:50.605+0000] {dag.py:2429} INFO - Sync 1 DAGs
[2024-09-18T20:42:50.613+0000] {logging_mixin.py:115} INFO - [2024-09-18T20:42:50.613+0000] {dag.py:2981} INFO - Setting next_dagrun for example_dag_decorator to None, run_after=None
[2024-09-18T20:42:50.620+0000] {processor.py:161} INFO - Processing /home/airflow/.local/lib/python3.7/site-packages/airflow/example_dags/example_dag_decorator.py took 0.059 seconds
[2024-09-18T20:43:20.757+0000] {processor.py:153} INFO - Started process (PID=646) to work on /home/airflow/.local/lib/python3.7/site-packages/airflow/example_dags/example_dag_decorator.py
[2024-09-18T20:43:20.758+0000] {processor.py:640} INFO - Processing file /home/airflow/.local/lib/python3.7/site-packages/airflow/example_dags/example_dag_decorator.py for tasks to queue
[2024-09-18T20:43:20.759+0000] {logging_mixin.py:115} INFO - [2024-09-18T20:43:20.759+0000] {dagbag.py:508} INFO - Filling up the DagBag from /home/airflow/.local/lib/python3.7/site-packages/airflow/example_dags/example_dag_decorator.py
[2024-09-18T20:43:20.769+0000] {processor.py:650} INFO - DAG(s) dict_keys(['example_dag_decorator']) retrieved from /home/airflow/.local/lib/python3.7/site-packages/airflow/example_dags/example_dag_decorator.py
[2024-09-18T20:43:20.800+0000] {logging_mixin.py:115} INFO - [2024-09-18T20:43:20.800+0000] {dag.py:2429} INFO - Sync 1 DAGs
[2024-09-18T20:43:20.808+0000] {logging_mixin.py:115} INFO - [2024-09-18T20:43:20.808+0000] {dag.py:2981} INFO - Setting next_dagrun for example_dag_decorator to None, run_after=None
[2024-09-18T20:43:20.813+0000] {processor.py:161} INFO - Processing /home/airflow/.local/lib/python3.7/site-packages/airflow/example_dags/example_dag_decorator.py took 0.057 seconds
[2024-09-18T20:43:51.006+0000] {processor.py:153} INFO - Started process (PID=843) to work on /home/airflow/.local/lib/python3.7/site-packages/airflow/example_dags/example_dag_decorator.py
[2024-09-18T20:43:51.006+0000] {processor.py:640} INFO - Processing file /home/airflow/.local/lib/python3.7/site-packages/airflow/example_dags/example_dag_decorator.py for tasks to queue
[2024-09-18T20:43:51.007+0000] {logging_mixin.py:115} INFO - [2024-09-18T20:43:51.007+0000] {dagbag.py:508} INFO - Filling up the DagBag from /home/airflow/.local/lib/python3.7/site-packages/airflow/example_dags/example_dag_decorator.py
[2024-09-18T20:43:51.017+0000] {processor.py:650} INFO - DAG(s) dict_keys(['example_dag_decorator']) retrieved from /home/airflow/.local/lib/python3.7/site-packages/airflow/example_dags/example_dag_decorator.py
[2024-09-18T20:43:51.052+0000] {logging_mixin.py:115} INFO - [2024-09-18T20:43:51.051+0000] {dag.py:2429} INFO - Sync 1 DAGs
[2024-09-18T20:43:51.060+0000] {logging_mixin.py:115} INFO - [2024-09-18T20:43:51.060+0000] {dag.py:2981} INFO - Setting next_dagrun for example_dag_decorator to None, run_after=None
[2024-09-18T20:43:51.067+0000] {processor.py:161} INFO - Processing /home/airflow/.local/lib/python3.7/site-packages/airflow/example_dags/example_dag_decorator.py took 0.062 seconds
[2024-09-18T20:44:21.187+0000] {processor.py:153} INFO - Started process (PID=1049) to work on /home/airflow/.local/lib/python3.7/site-packages/airflow/example_dags/example_dag_decorator.py
[2024-09-18T20:44:21.187+0000] {processor.py:640} INFO - Processing file /home/airflow/.local/lib/python3.7/site-packages/airflow/example_dags/example_dag_decorator.py for tasks to queue
[2024-09-18T20:44:21.188+0000] {logging_mixin.py:115} INFO - [2024-09-18T20:44:21.188+0000] {dagbag.py:508} INFO - Filling up the DagBag from /home/airflow/.local/lib/python3.7/site-packages/airflow/example_dags/example_dag_decorator.py
[2024-09-18T20:44:21.208+0000] {processor.py:650} INFO - DAG(s) dict_keys(['example_dag_decorator']) retrieved from /home/airflow/.local/lib/python3.7/site-packages/airflow/example_dags/example_dag_decorator.py
[2024-09-18T20:44:21.265+0000] {logging_mixin.py:115} INFO - [2024-09-18T20:44:21.265+0000] {dag.py:2429} INFO - Sync 1 DAGs
[2024-09-18T20:44:21.276+0000] {logging_mixin.py:115} INFO - [2024-09-18T20:44:21.276+0000] {dag.py:2981} INFO - Setting next_dagrun for example_dag_decorator to None, run_after=None
[2024-09-18T20:44:21.282+0000] {processor.py:161} INFO - Processing /home/airflow/.local/lib/python3.7/site-packages/airflow/example_dags/example_dag_decorator.py took 0.099 seconds
[2024-09-18T20:44:51.423+0000] {processor.py:153} INFO - Started process (PID=1248) to work on /home/airflow/.local/lib/python3.7/site-packages/airflow/example_dags/example_dag_decorator.py
[2024-09-18T20:44:51.423+0000] {processor.py:640} INFO - Processing file /home/airflow/.local/lib/python3.7/site-packages/airflow/example_dags/example_dag_decorator.py for tasks to queue
[2024-09-18T20:44:51.424+0000] {logging_mixin.py:115} INFO - [2024-09-18T20:44:51.424+0000] {dagbag.py:508} INFO - Filling up the DagBag from /home/airflow/.local/lib/python3.7/site-packages/airflow/example_dags/example_dag_decorator.py
[2024-09-18T20:44:51.434+0000] {processor.py:650} INFO - DAG(s) dict_keys(['example_dag_decorator']) retrieved from /home/airflow/.local/lib/python3.7/site-packages/airflow/example_dags/example_dag_decorator.py
[2024-09-18T20:44:51.467+0000] {logging_mixin.py:115} INFO - [2024-09-18T20:44:51.467+0000] {dag.py:2429} INFO - Sync 1 DAGs
[2024-09-18T20:44:51.476+0000] {logging_mixin.py:115} INFO - [2024-09-18T20:44:51.476+0000] {dag.py:2981} INFO - Setting next_dagrun for example_dag_decorator to None, run_after=None
[2024-09-18T20:44:51.482+0000] {processor.py:161} INFO - Processing /home/airflow/.local/lib/python3.7/site-packages/airflow/example_dags/example_dag_decorator.py took 0.060 seconds
[2024-09-18T20:45:21.626+0000] {processor.py:153} INFO - Started process (PID=1445) to work on /home/airflow/.local/lib/python3.7/site-packages/airflow/example_dags/example_dag_decorator.py
[2024-09-18T20:45:21.626+0000] {processor.py:640} INFO - Processing file /home/airflow/.local/lib/python3.7/site-packages/airflow/example_dags/example_dag_decorator.py for tasks to queue
[2024-09-18T20:45:21.626+0000] {logging_mixin.py:115} INFO - [2024-09-18T20:45:21.626+0000] {dagbag.py:508} INFO - Filling up the DagBag from /home/airflow/.local/lib/python3.7/site-packages/airflow/example_dags/example_dag_decorator.py
[2024-09-18T20:45:21.636+0000] {processor.py:650} INFO - DAG(s) dict_keys(['example_dag_decorator']) retrieved from /home/airflow/.local/lib/python3.7/site-packages/airflow/example_dags/example_dag_decorator.py
[2024-09-18T20:45:21.668+0000] {logging_mixin.py:115} INFO - [2024-09-18T20:45:21.668+0000] {dag.py:2429} INFO - Sync 1 DAGs
[2024-09-18T20:45:21.675+0000] {logging_mixin.py:115} INFO - [2024-09-18T20:45:21.675+0000] {dag.py:2981} INFO - Setting next_dagrun for example_dag_decorator to None, run_after=None
[2024-09-18T20:45:21.680+0000] {processor.py:161} INFO - Processing /home/airflow/.local/lib/python3.7/site-packages/airflow/example_dags/example_dag_decorator.py took 0.056 seconds
[2024-09-18T20:45:51.816+0000] {processor.py:153} INFO - Started process (PID=1644) to work on /home/airflow/.local/lib/python3.7/site-packages/airflow/example_dags/example_dag_decorator.py
[2024-09-18T20:45:51.817+0000] {processor.py:640} INFO - Processing file /home/airflow/.local/lib/python3.7/site-packages/airflow/example_dags/example_dag_decorator.py for tasks to queue
[2024-09-18T20:45:51.819+0000] {logging_mixin.py:115} INFO - [2024-09-18T20:45:51.819+0000] {dagbag.py:508} INFO - Filling up the DagBag from /home/airflow/.local/lib/python3.7/site-packages/airflow/example_dags/example_dag_decorator.py
[2024-09-18T20:45:51.833+0000] {processor.py:650} INFO - DAG(s) dict_keys(['example_dag_decorator']) retrieved from /home/airflow/.local/lib/python3.7/site-packages/airflow/example_dags/example_dag_decorator.py
[2024-09-18T20:45:51.867+0000] {logging_mixin.py:115} INFO - [2024-09-18T20:45:51.867+0000] {dag.py:2429} INFO - Sync 1 DAGs
[2024-09-18T20:45:51.878+0000] {logging_mixin.py:115} INFO - [2024-09-18T20:45:51.878+0000] {dag.py:2981} INFO - Setting next_dagrun for example_dag_decorator to None, run_after=None
[2024-09-18T20:45:51.883+0000] {processor.py:161} INFO - Processing /home/airflow/.local/lib/python3.7/site-packages/airflow/example_dags/example_dag_decorator.py took 0.068 seconds
[2024-09-18T20:46:22.035+0000] {processor.py:153} INFO - Started process (PID=1836) to work on /home/airflow/.local/lib/python3.7/site-packages/airflow/example_dags/example_dag_decorator.py
[2024-09-18T20:46:22.037+0000] {processor.py:640} INFO - Processing file /home/airflow/.local/lib/python3.7/site-packages/airflow/example_dags/example_dag_decorator.py for tasks to queue
[2024-09-18T20:46:22.037+0000] {logging_mixin.py:115} INFO - [2024-09-18T20:46:22.037+0000] {dagbag.py:508} INFO - Filling up the DagBag from /home/airflow/.local/lib/python3.7/site-packages/airflow/example_dags/example_dag_decorator.py
[2024-09-18T20:46:22.049+0000] {processor.py:650} INFO - DAG(s) dict_keys(['example_dag_decorator']) retrieved from /home/airflow/.local/lib/python3.7/site-packages/airflow/example_dags/example_dag_decorator.py
[2024-09-18T20:46:22.087+0000] {logging_mixin.py:115} INFO - [2024-09-18T20:46:22.087+0000] {dag.py:2429} INFO - Sync 1 DAGs
[2024-09-18T20:46:22.096+0000] {logging_mixin.py:115} INFO - [2024-09-18T20:46:22.096+0000] {dag.py:2981} INFO - Setting next_dagrun for example_dag_decorator to None, run_after=None
[2024-09-18T20:46:22.104+0000] {processor.py:161} INFO - Processing /home/airflow/.local/lib/python3.7/site-packages/airflow/example_dags/example_dag_decorator.py took 0.070 seconds
[2024-09-18T20:46:52.290+0000] {processor.py:153} INFO - Started process (PID=2032) to work on /home/airflow/.local/lib/python3.7/site-packages/airflow/example_dags/example_dag_decorator.py
[2024-09-18T20:46:52.290+0000] {processor.py:640} INFO - Processing file /home/airflow/.local/lib/python3.7/site-packages/airflow/example_dags/example_dag_decorator.py for tasks to queue
[2024-09-18T20:46:52.291+0000] {logging_mixin.py:115} INFO - [2024-09-18T20:46:52.291+0000] {dagbag.py:508} INFO - Filling up the DagBag from /home/airflow/.local/lib/python3.7/site-packages/airflow/example_dags/example_dag_decorator.py
[2024-09-18T20:46:52.307+0000] {processor.py:650} INFO - DAG(s) dict_keys(['example_dag_decorator']) retrieved from /home/airflow/.local/lib/python3.7/site-packages/airflow/example_dags/example_dag_decorator.py
[2024-09-18T20:46:52.345+0000] {logging_mixin.py:115} INFO - [2024-09-18T20:46:52.345+0000] {dag.py:2429} INFO - Sync 1 DAGs
[2024-09-18T20:46:52.360+0000] {logging_mixin.py:115} INFO - [2024-09-18T20:46:52.359+0000] {dag.py:2981} INFO - Setting next_dagrun for example_dag_decorator to None, run_after=None
[2024-09-18T20:46:52.370+0000] {processor.py:161} INFO - Processing /home/airflow/.local/lib/python3.7/site-packages/airflow/example_dags/example_dag_decorator.py took 0.081 seconds
[2024-09-18T20:47:22.537+0000] {processor.py:153} INFO - Started process (PID=2221) to work on /home/airflow/.local/lib/python3.7/site-packages/airflow/example_dags/example_dag_decorator.py
[2024-09-18T20:47:22.537+0000] {processor.py:640} INFO - Processing file /home/airflow/.local/lib/python3.7/site-packages/airflow/example_dags/example_dag_decorator.py for tasks to queue
[2024-09-18T20:47:22.538+0000] {logging_mixin.py:115} INFO - [2024-09-18T20:47:22.538+0000] {dagbag.py:508} INFO - Filling up the DagBag from /home/airflow/.local/lib/python3.7/site-packages/airflow/example_dags/example_dag_decorator.py
[2024-09-18T20:47:22.547+0000] {processor.py:650} INFO - DAG(s) dict_keys(['example_dag_decorator']) retrieved from /home/airflow/.local/lib/python3.7/site-packages/airflow/example_dags/example_dag_decorator.py
[2024-09-18T20:47:22.576+0000] {logging_mixin.py:115} INFO - [2024-09-18T20:47:22.576+0000] {dag.py:2429} INFO - Sync 1 DAGs
[2024-09-18T20:47:22.583+0000] {logging_mixin.py:115} INFO - [2024-09-18T20:47:22.583+0000] {dag.py:2981} INFO - Setting next_dagrun for example_dag_decorator to None, run_after=None
[2024-09-18T20:47:22.589+0000] {processor.py:161} INFO - Processing /home/airflow/.local/lib/python3.7/site-packages/airflow/example_dags/example_dag_decorator.py took 0.053 seconds
[2024-09-18T20:47:52.786+0000] {processor.py:153} INFO - Started process (PID=2418) to work on /home/airflow/.local/lib/python3.7/site-packages/airflow/example_dags/example_dag_decorator.py
[2024-09-18T20:47:52.787+0000] {processor.py:640} INFO - Processing file /home/airflow/.local/lib/python3.7/site-packages/airflow/example_dags/example_dag_decorator.py for tasks to queue
[2024-09-18T20:47:52.787+0000] {logging_mixin.py:115} INFO - [2024-09-18T20:47:52.787+0000] {dagbag.py:508} INFO - Filling up the DagBag from /home/airflow/.local/lib/python3.7/site-packages/airflow/example_dags/example_dag_decorator.py
[2024-09-18T20:47:52.798+0000] {processor.py:650} INFO - DAG(s) dict_keys(['example_dag_decorator']) retrieved from /home/airflow/.local/lib/python3.7/site-packages/airflow/example_dags/example_dag_decorator.py
[2024-09-18T20:47:52.833+0000] {logging_mixin.py:115} INFO - [2024-09-18T20:47:52.833+0000] {dag.py:2429} INFO - Sync 1 DAGs
[2024-09-18T20:47:52.843+0000] {logging_mixin.py:115} INFO - [2024-09-18T20:47:52.843+0000] {dag.py:2981} INFO - Setting next_dagrun for example_dag_decorator to None, run_after=None
[2024-09-18T20:47:52.850+0000] {processor.py:161} INFO - Processing /home/airflow/.local/lib/python3.7/site-packages/airflow/example_dags/example_dag_decorator.py took 0.066 seconds
[2024-09-18T20:48:22.912+0000] {processor.py:153} INFO - Started process (PID=2615) to work on /home/airflow/.local/lib/python3.7/site-packages/airflow/example_dags/example_dag_decorator.py
[2024-09-18T20:48:22.913+0000] {processor.py:640} INFO - Processing file /home/airflow/.local/lib/python3.7/site-packages/airflow/example_dags/example_dag_decorator.py for tasks to queue
[2024-09-18T20:48:22.915+0000] {logging_mixin.py:115} INFO - [2024-09-18T20:48:22.915+0000] {dagbag.py:508} INFO - Filling up the DagBag from /home/airflow/.local/lib/python3.7/site-packages/airflow/example_dags/example_dag_decorator.py
[2024-09-18T20:48:22.924+0000] {processor.py:650} INFO - DAG(s) dict_keys(['example_dag_decorator']) retrieved from /home/airflow/.local/lib/python3.7/site-packages/airflow/example_dags/example_dag_decorator.py
[2024-09-18T20:48:22.939+0000] {logging_mixin.py:115} INFO - [2024-09-18T20:48:22.939+0000] {dag.py:2429} INFO - Sync 1 DAGs
[2024-09-18T20:48:22.947+0000] {logging_mixin.py:115} INFO - [2024-09-18T20:48:22.947+0000] {dag.py:2981} INFO - Setting next_dagrun for example_dag_decorator to None, run_after=None
[2024-09-18T20:48:22.953+0000] {processor.py:161} INFO - Processing /home/airflow/.local/lib/python3.7/site-packages/airflow/example_dags/example_dag_decorator.py took 0.043 seconds
[2024-09-18T20:48:53.073+0000] {processor.py:153} INFO - Started process (PID=2812) to work on /home/airflow/.local/lib/python3.7/site-packages/airflow/example_dags/example_dag_decorator.py
[2024-09-18T20:48:53.073+0000] {processor.py:640} INFO - Processing file /home/airflow/.local/lib/python3.7/site-packages/airflow/example_dags/example_dag_decorator.py for tasks to queue
[2024-09-18T20:48:53.074+0000] {logging_mixin.py:115} INFO - [2024-09-18T20:48:53.074+0000] {dagbag.py:508} INFO - Filling up the DagBag from /home/airflow/.local/lib/python3.7/site-packages/airflow/example_dags/example_dag_decorator.py
[2024-09-18T20:48:53.084+0000] {processor.py:650} INFO - DAG(s) dict_keys(['example_dag_decorator']) retrieved from /home/airflow/.local/lib/python3.7/site-packages/airflow/example_dags/example_dag_decorator.py
[2024-09-18T20:48:53.117+0000] {logging_mixin.py:115} INFO - [2024-09-18T20:48:53.117+0000] {dag.py:2429} INFO - Sync 1 DAGs
[2024-09-18T20:48:53.125+0000] {logging_mixin.py:115} INFO - [2024-09-18T20:48:53.124+0000] {dag.py:2981} INFO - Setting next_dagrun for example_dag_decorator to None, run_after=None
[2024-09-18T20:48:53.133+0000] {processor.py:161} INFO - Processing /home/airflow/.local/lib/python3.7/site-packages/airflow/example_dags/example_dag_decorator.py took 0.061 seconds
[2024-09-18T20:49:23.321+0000] {processor.py:153} INFO - Started process (PID=3011) to work on /home/airflow/.local/lib/python3.7/site-packages/airflow/example_dags/example_dag_decorator.py
[2024-09-18T20:49:23.322+0000] {processor.py:640} INFO - Processing file /home/airflow/.local/lib/python3.7/site-packages/airflow/example_dags/example_dag_decorator.py for tasks to queue
[2024-09-18T20:49:23.322+0000] {logging_mixin.py:115} INFO - [2024-09-18T20:49:23.322+0000] {dagbag.py:508} INFO - Filling up the DagBag from /home/airflow/.local/lib/python3.7/site-packages/airflow/example_dags/example_dag_decorator.py
[2024-09-18T20:49:23.331+0000] {processor.py:650} INFO - DAG(s) dict_keys(['example_dag_decorator']) retrieved from /home/airflow/.local/lib/python3.7/site-packages/airflow/example_dags/example_dag_decorator.py
[2024-09-18T20:49:23.362+0000] {logging_mixin.py:115} INFO - [2024-09-18T20:49:23.362+0000] {dag.py:2429} INFO - Sync 1 DAGs
[2024-09-18T20:49:23.369+0000] {logging_mixin.py:115} INFO - [2024-09-18T20:49:23.369+0000] {dag.py:2981} INFO - Setting next_dagrun for example_dag_decorator to None, run_after=None
[2024-09-18T20:49:23.374+0000] {processor.py:161} INFO - Processing /home/airflow/.local/lib/python3.7/site-packages/airflow/example_dags/example_dag_decorator.py took 0.054 seconds
[2024-09-18T20:49:53.579+0000] {processor.py:153} INFO - Started process (PID=3206) to work on /home/airflow/.local/lib/python3.7/site-packages/airflow/example_dags/example_dag_decorator.py
[2024-09-18T20:49:53.580+0000] {processor.py:640} INFO - Processing file /home/airflow/.local/lib/python3.7/site-packages/airflow/example_dags/example_dag_decorator.py for tasks to queue
[2024-09-18T20:49:53.581+0000] {logging_mixin.py:115} INFO - [2024-09-18T20:49:53.581+0000] {dagbag.py:508} INFO - Filling up the DagBag from /home/airflow/.local/lib/python3.7/site-packages/airflow/example_dags/example_dag_decorator.py
[2024-09-18T20:49:53.598+0000] {processor.py:650} INFO - DAG(s) dict_keys(['example_dag_decorator']) retrieved from /home/airflow/.local/lib/python3.7/site-packages/airflow/example_dags/example_dag_decorator.py
[2024-09-18T20:49:53.646+0000] {logging_mixin.py:115} INFO - [2024-09-18T20:49:53.646+0000] {dag.py:2429} INFO - Sync 1 DAGs
[2024-09-18T20:49:53.656+0000] {logging_mixin.py:115} INFO - [2024-09-18T20:49:53.656+0000] {dag.py:2981} INFO - Setting next_dagrun for example_dag_decorator to None, run_after=None
[2024-09-18T20:49:53.665+0000] {processor.py:161} INFO - Processing /home/airflow/.local/lib/python3.7/site-packages/airflow/example_dags/example_dag_decorator.py took 0.088 seconds
[2024-09-18T20:50:23.819+0000] {processor.py:153} INFO - Started process (PID=3395) to work on /home/airflow/.local/lib/python3.7/site-packages/airflow/example_dags/example_dag_decorator.py
[2024-09-18T20:50:23.820+0000] {processor.py:640} INFO - Processing file /home/airflow/.local/lib/python3.7/site-packages/airflow/example_dags/example_dag_decorator.py for tasks to queue
[2024-09-18T20:50:23.821+0000] {logging_mixin.py:115} INFO - [2024-09-18T20:50:23.821+0000] {dagbag.py:508} INFO - Filling up the DagBag from /home/airflow/.local/lib/python3.7/site-packages/airflow/example_dags/example_dag_decorator.py
[2024-09-18T20:50:23.830+0000] {processor.py:650} INFO - DAG(s) dict_keys(['example_dag_decorator']) retrieved from /home/airflow/.local/lib/python3.7/site-packages/airflow/example_dags/example_dag_decorator.py
[2024-09-18T20:50:23.863+0000] {logging_mixin.py:115} INFO - [2024-09-18T20:50:23.862+0000] {dag.py:2429} INFO - Sync 1 DAGs
[2024-09-18T20:50:23.870+0000] {logging_mixin.py:115} INFO - [2024-09-18T20:50:23.870+0000] {dag.py:2981} INFO - Setting next_dagrun for example_dag_decorator to None, run_after=None
[2024-09-18T20:50:23.876+0000] {processor.py:161} INFO - Processing /home/airflow/.local/lib/python3.7/site-packages/airflow/example_dags/example_dag_decorator.py took 0.059 seconds
[2024-09-18T20:50:54.088+0000] {processor.py:153} INFO - Started process (PID=3592) to work on /home/airflow/.local/lib/python3.7/site-packages/airflow/example_dags/example_dag_decorator.py
[2024-09-18T20:50:54.088+0000] {processor.py:640} INFO - Processing file /home/airflow/.local/lib/python3.7/site-packages/airflow/example_dags/example_dag_decorator.py for tasks to queue
[2024-09-18T20:50:54.089+0000] {logging_mixin.py:115} INFO - [2024-09-18T20:50:54.089+0000] {dagbag.py:508} INFO - Filling up the DagBag from /home/airflow/.local/lib/python3.7/site-packages/airflow/example_dags/example_dag_decorator.py
[2024-09-18T20:50:54.098+0000] {processor.py:650} INFO - DAG(s) dict_keys(['example_dag_decorator']) retrieved from /home/airflow/.local/lib/python3.7/site-packages/airflow/example_dags/example_dag_decorator.py
[2024-09-18T20:50:54.128+0000] {logging_mixin.py:115} INFO - [2024-09-18T20:50:54.128+0000] {dag.py:2429} INFO - Sync 1 DAGs
[2024-09-18T20:50:54.136+0000] {logging_mixin.py:115} INFO - [2024-09-18T20:50:54.136+0000] {dag.py:2981} INFO - Setting next_dagrun for example_dag_decorator to None, run_after=None
[2024-09-18T20:50:54.143+0000] {processor.py:161} INFO - Processing /home/airflow/.local/lib/python3.7/site-packages/airflow/example_dags/example_dag_decorator.py took 0.057 seconds
[2024-09-18T20:51:24.241+0000] {processor.py:153} INFO - Started process (PID=3789) to work on /home/airflow/.local/lib/python3.7/site-packages/airflow/example_dags/example_dag_decorator.py
[2024-09-18T20:51:24.242+0000] {processor.py:640} INFO - Processing file /home/airflow/.local/lib/python3.7/site-packages/airflow/example_dags/example_dag_decorator.py for tasks to queue
[2024-09-18T20:51:24.244+0000] {logging_mixin.py:115} INFO - [2024-09-18T20:51:24.243+0000] {dagbag.py:508} INFO - Filling up the DagBag from /home/airflow/.local/lib/python3.7/site-packages/airflow/example_dags/example_dag_decorator.py
[2024-09-18T20:51:24.255+0000] {processor.py:650} INFO - DAG(s) dict_keys(['example_dag_decorator']) retrieved from /home/airflow/.local/lib/python3.7/site-packages/airflow/example_dags/example_dag_decorator.py
[2024-09-18T20:51:24.268+0000] {logging_mixin.py:115} INFO - [2024-09-18T20:51:24.268+0000] {dag.py:2429} INFO - Sync 1 DAGs
[2024-09-18T20:51:24.277+0000] {logging_mixin.py:115} INFO - [2024-09-18T20:51:24.277+0000] {dag.py:2981} INFO - Setting next_dagrun for example_dag_decorator to None, run_after=None
[2024-09-18T20:51:24.282+0000] {processor.py:161} INFO - Processing /home/airflow/.local/lib/python3.7/site-packages/airflow/example_dags/example_dag_decorator.py took 0.042 seconds
[2024-09-18T20:51:54.433+0000] {processor.py:153} INFO - Started process (PID=3986) to work on /home/airflow/.local/lib/python3.7/site-packages/airflow/example_dags/example_dag_decorator.py
[2024-09-18T20:51:54.434+0000] {processor.py:640} INFO - Processing file /home/airflow/.local/lib/python3.7/site-packages/airflow/example_dags/example_dag_decorator.py for tasks to queue
[2024-09-18T20:51:54.434+0000] {logging_mixin.py:115} INFO - [2024-09-18T20:51:54.434+0000] {dagbag.py:508} INFO - Filling up the DagBag from /home/airflow/.local/lib/python3.7/site-packages/airflow/example_dags/example_dag_decorator.py
[2024-09-18T20:51:54.444+0000] {processor.py:650} INFO - DAG(s) dict_keys(['example_dag_decorator']) retrieved from /home/airflow/.local/lib/python3.7/site-packages/airflow/example_dags/example_dag_decorator.py
[2024-09-18T20:51:54.457+0000] {logging_mixin.py:115} INFO - [2024-09-18T20:51:54.457+0000] {dag.py:2429} INFO - Sync 1 DAGs
[2024-09-18T20:51:54.465+0000] {logging_mixin.py:115} INFO - [2024-09-18T20:51:54.465+0000] {dag.py:2981} INFO - Setting next_dagrun for example_dag_decorator to None, run_after=None
[2024-09-18T20:51:54.472+0000] {processor.py:161} INFO - Processing /home/airflow/.local/lib/python3.7/site-packages/airflow/example_dags/example_dag_decorator.py took 0.041 seconds
[2024-09-18T20:52:24.559+0000] {processor.py:153} INFO - Started process (PID=4183) to work on /home/airflow/.local/lib/python3.7/site-packages/airflow/example_dags/example_dag_decorator.py
[2024-09-18T20:52:24.560+0000] {processor.py:640} INFO - Processing file /home/airflow/.local/lib/python3.7/site-packages/airflow/example_dags/example_dag_decorator.py for tasks to queue
[2024-09-18T20:52:24.560+0000] {logging_mixin.py:115} INFO - [2024-09-18T20:52:24.560+0000] {dagbag.py:508} INFO - Filling up the DagBag from /home/airflow/.local/lib/python3.7/site-packages/airflow/example_dags/example_dag_decorator.py
[2024-09-18T20:52:24.569+0000] {processor.py:650} INFO - DAG(s) dict_keys(['example_dag_decorator']) retrieved from /home/airflow/.local/lib/python3.7/site-packages/airflow/example_dags/example_dag_decorator.py
[2024-09-18T20:52:24.600+0000] {logging_mixin.py:115} INFO - [2024-09-18T20:52:24.600+0000] {dag.py:2429} INFO - Sync 1 DAGs
[2024-09-18T20:52:24.607+0000] {logging_mixin.py:115} INFO - [2024-09-18T20:52:24.607+0000] {dag.py:2981} INFO - Setting next_dagrun for example_dag_decorator to None, run_after=None
[2024-09-18T20:52:24.612+0000] {processor.py:161} INFO - Processing /home/airflow/.local/lib/python3.7/site-packages/airflow/example_dags/example_dag_decorator.py took 0.054 seconds
[2024-09-18T20:52:54.685+0000] {processor.py:153} INFO - Started process (PID=4380) to work on /home/airflow/.local/lib/python3.7/site-packages/airflow/example_dags/example_dag_decorator.py
[2024-09-18T20:52:54.686+0000] {processor.py:640} INFO - Processing file /home/airflow/.local/lib/python3.7/site-packages/airflow/example_dags/example_dag_decorator.py for tasks to queue
[2024-09-18T20:52:54.686+0000] {logging_mixin.py:115} INFO - [2024-09-18T20:52:54.686+0000] {dagbag.py:508} INFO - Filling up the DagBag from /home/airflow/.local/lib/python3.7/site-packages/airflow/example_dags/example_dag_decorator.py
[2024-09-18T20:52:54.696+0000] {processor.py:650} INFO - DAG(s) dict_keys(['example_dag_decorator']) retrieved from /home/airflow/.local/lib/python3.7/site-packages/airflow/example_dags/example_dag_decorator.py
[2024-09-18T20:52:54.731+0000] {logging_mixin.py:115} INFO - [2024-09-18T20:52:54.731+0000] {dag.py:2429} INFO - Sync 1 DAGs
[2024-09-18T20:52:54.741+0000] {logging_mixin.py:115} INFO - [2024-09-18T20:52:54.741+0000] {dag.py:2981} INFO - Setting next_dagrun for example_dag_decorator to None, run_after=None
[2024-09-18T20:52:54.748+0000] {processor.py:161} INFO - Processing /home/airflow/.local/lib/python3.7/site-packages/airflow/example_dags/example_dag_decorator.py took 0.064 seconds
[2024-09-18T20:53:24.809+0000] {processor.py:153} INFO - Started process (PID=4566) to work on /home/airflow/.local/lib/python3.7/site-packages/airflow/example_dags/example_dag_decorator.py
[2024-09-18T20:53:24.811+0000] {processor.py:640} INFO - Processing file /home/airflow/.local/lib/python3.7/site-packages/airflow/example_dags/example_dag_decorator.py for tasks to queue
[2024-09-18T20:53:24.812+0000] {logging_mixin.py:115} INFO - [2024-09-18T20:53:24.812+0000] {dagbag.py:508} INFO - Filling up the DagBag from /home/airflow/.local/lib/python3.7/site-packages/airflow/example_dags/example_dag_decorator.py
[2024-09-18T20:53:24.822+0000] {processor.py:650} INFO - DAG(s) dict_keys(['example_dag_decorator']) retrieved from /home/airflow/.local/lib/python3.7/site-packages/airflow/example_dags/example_dag_decorator.py
[2024-09-18T20:53:24.850+0000] {logging_mixin.py:115} INFO - [2024-09-18T20:53:24.850+0000] {dag.py:2429} INFO - Sync 1 DAGs
[2024-09-18T20:53:24.858+0000] {logging_mixin.py:115} INFO - [2024-09-18T20:53:24.857+0000] {dag.py:2981} INFO - Setting next_dagrun for example_dag_decorator to None, run_after=None
[2024-09-18T20:53:24.862+0000] {processor.py:161} INFO - Processing /home/airflow/.local/lib/python3.7/site-packages/airflow/example_dags/example_dag_decorator.py took 0.055 seconds
[2024-09-18T20:53:54.960+0000] {processor.py:153} INFO - Started process (PID=4770) to work on /home/airflow/.local/lib/python3.7/site-packages/airflow/example_dags/example_dag_decorator.py
[2024-09-18T20:53:54.960+0000] {processor.py:640} INFO - Processing file /home/airflow/.local/lib/python3.7/site-packages/airflow/example_dags/example_dag_decorator.py for tasks to queue
[2024-09-18T20:53:54.960+0000] {logging_mixin.py:115} INFO - [2024-09-18T20:53:54.960+0000] {dagbag.py:508} INFO - Filling up the DagBag from /home/airflow/.local/lib/python3.7/site-packages/airflow/example_dags/example_dag_decorator.py
[2024-09-18T20:53:54.970+0000] {processor.py:650} INFO - DAG(s) dict_keys(['example_dag_decorator']) retrieved from /home/airflow/.local/lib/python3.7/site-packages/airflow/example_dags/example_dag_decorator.py
[2024-09-18T20:53:54.998+0000] {logging_mixin.py:115} INFO - [2024-09-18T20:53:54.997+0000] {dag.py:2429} INFO - Sync 1 DAGs
[2024-09-18T20:53:55.006+0000] {logging_mixin.py:115} INFO - [2024-09-18T20:53:55.006+0000] {dag.py:2981} INFO - Setting next_dagrun for example_dag_decorator to None, run_after=None
[2024-09-18T20:53:55.011+0000] {processor.py:161} INFO - Processing /home/airflow/.local/lib/python3.7/site-packages/airflow/example_dags/example_dag_decorator.py took 0.053 seconds
[2024-09-18T20:54:25.056+0000] {processor.py:153} INFO - Started process (PID=4965) to work on /home/airflow/.local/lib/python3.7/site-packages/airflow/example_dags/example_dag_decorator.py
[2024-09-18T20:54:25.056+0000] {processor.py:640} INFO - Processing file /home/airflow/.local/lib/python3.7/site-packages/airflow/example_dags/example_dag_decorator.py for tasks to queue
[2024-09-18T20:54:25.056+0000] {logging_mixin.py:115} INFO - [2024-09-18T20:54:25.056+0000] {dagbag.py:508} INFO - Filling up the DagBag from /home/airflow/.local/lib/python3.7/site-packages/airflow/example_dags/example_dag_decorator.py
[2024-09-18T20:54:25.066+0000] {processor.py:650} INFO - DAG(s) dict_keys(['example_dag_decorator']) retrieved from /home/airflow/.local/lib/python3.7/site-packages/airflow/example_dags/example_dag_decorator.py
[2024-09-18T20:54:25.095+0000] {logging_mixin.py:115} INFO - [2024-09-18T20:54:25.095+0000] {dag.py:2429} INFO - Sync 1 DAGs
[2024-09-18T20:54:25.106+0000] {logging_mixin.py:115} INFO - [2024-09-18T20:54:25.106+0000] {dag.py:2981} INFO - Setting next_dagrun for example_dag_decorator to None, run_after=None
[2024-09-18T20:54:25.112+0000] {processor.py:161} INFO - Processing /home/airflow/.local/lib/python3.7/site-packages/airflow/example_dags/example_dag_decorator.py took 0.057 seconds
[2024-09-18T20:54:55.387+0000] {processor.py:153} INFO - Started process (PID=5161) to work on /home/airflow/.local/lib/python3.7/site-packages/airflow/example_dags/example_dag_decorator.py
[2024-09-18T20:54:55.388+0000] {processor.py:640} INFO - Processing file /home/airflow/.local/lib/python3.7/site-packages/airflow/example_dags/example_dag_decorator.py for tasks to queue
[2024-09-18T20:54:55.389+0000] {logging_mixin.py:115} INFO - [2024-09-18T20:54:55.389+0000] {dagbag.py:508} INFO - Filling up the DagBag from /home/airflow/.local/lib/python3.7/site-packages/airflow/example_dags/example_dag_decorator.py
[2024-09-18T20:54:55.405+0000] {processor.py:650} INFO - DAG(s) dict_keys(['example_dag_decorator']) retrieved from /home/airflow/.local/lib/python3.7/site-packages/airflow/example_dags/example_dag_decorator.py
[2024-09-18T20:54:55.424+0000] {logging_mixin.py:115} INFO - [2024-09-18T20:54:55.424+0000] {dag.py:2429} INFO - Sync 1 DAGs
[2024-09-18T20:54:55.436+0000] {logging_mixin.py:115} INFO - [2024-09-18T20:54:55.436+0000] {dag.py:2981} INFO - Setting next_dagrun for example_dag_decorator to None, run_after=None
[2024-09-18T20:54:55.441+0000] {processor.py:161} INFO - Processing /home/airflow/.local/lib/python3.7/site-packages/airflow/example_dags/example_dag_decorator.py took 0.056 seconds
[2024-09-18T20:55:25.529+0000] {processor.py:153} INFO - Started process (PID=5354) to work on /home/airflow/.local/lib/python3.7/site-packages/airflow/example_dags/example_dag_decorator.py
[2024-09-18T20:55:25.530+0000] {processor.py:640} INFO - Processing file /home/airflow/.local/lib/python3.7/site-packages/airflow/example_dags/example_dag_decorator.py for tasks to queue
[2024-09-18T20:55:25.530+0000] {logging_mixin.py:115} INFO - [2024-09-18T20:55:25.530+0000] {dagbag.py:508} INFO - Filling up the DagBag from /home/airflow/.local/lib/python3.7/site-packages/airflow/example_dags/example_dag_decorator.py
[2024-09-18T20:55:25.539+0000] {processor.py:650} INFO - DAG(s) dict_keys(['example_dag_decorator']) retrieved from /home/airflow/.local/lib/python3.7/site-packages/airflow/example_dags/example_dag_decorator.py
[2024-09-18T20:55:25.569+0000] {logging_mixin.py:115} INFO - [2024-09-18T20:55:25.569+0000] {dag.py:2429} INFO - Sync 1 DAGs
[2024-09-18T20:55:25.578+0000] {logging_mixin.py:115} INFO - [2024-09-18T20:55:25.578+0000] {dag.py:2981} INFO - Setting next_dagrun for example_dag_decorator to None, run_after=None
[2024-09-18T20:55:25.583+0000] {processor.py:161} INFO - Processing /home/airflow/.local/lib/python3.7/site-packages/airflow/example_dags/example_dag_decorator.py took 0.055 seconds
[2024-09-18T20:55:55.657+0000] {processor.py:153} INFO - Started process (PID=5549) to work on /home/airflow/.local/lib/python3.7/site-packages/airflow/example_dags/example_dag_decorator.py
[2024-09-18T20:55:55.658+0000] {processor.py:640} INFO - Processing file /home/airflow/.local/lib/python3.7/site-packages/airflow/example_dags/example_dag_decorator.py for tasks to queue
[2024-09-18T20:55:55.658+0000] {logging_mixin.py:115} INFO - [2024-09-18T20:55:55.658+0000] {dagbag.py:508} INFO - Filling up the DagBag from /home/airflow/.local/lib/python3.7/site-packages/airflow/example_dags/example_dag_decorator.py
[2024-09-18T20:55:55.668+0000] {processor.py:650} INFO - DAG(s) dict_keys(['example_dag_decorator']) retrieved from /home/airflow/.local/lib/python3.7/site-packages/airflow/example_dags/example_dag_decorator.py
[2024-09-18T20:55:55.702+0000] {logging_mixin.py:115} INFO - [2024-09-18T20:55:55.702+0000] {dag.py:2429} INFO - Sync 1 DAGs
[2024-09-18T20:55:55.712+0000] {logging_mixin.py:115} INFO - [2024-09-18T20:55:55.712+0000] {dag.py:2981} INFO - Setting next_dagrun for example_dag_decorator to None, run_after=None
[2024-09-18T20:55:55.719+0000] {processor.py:161} INFO - Processing /home/airflow/.local/lib/python3.7/site-packages/airflow/example_dags/example_dag_decorator.py took 0.063 seconds
[2024-09-18T20:56:25.805+0000] {processor.py:153} INFO - Started process (PID=5737) to work on /home/airflow/.local/lib/python3.7/site-packages/airflow/example_dags/example_dag_decorator.py
[2024-09-18T20:56:25.805+0000] {processor.py:640} INFO - Processing file /home/airflow/.local/lib/python3.7/site-packages/airflow/example_dags/example_dag_decorator.py for tasks to queue
[2024-09-18T20:56:25.805+0000] {logging_mixin.py:115} INFO - [2024-09-18T20:56:25.805+0000] {dagbag.py:508} INFO - Filling up the DagBag from /home/airflow/.local/lib/python3.7/site-packages/airflow/example_dags/example_dag_decorator.py
[2024-09-18T20:56:25.815+0000] {processor.py:650} INFO - DAG(s) dict_keys(['example_dag_decorator']) retrieved from /home/airflow/.local/lib/python3.7/site-packages/airflow/example_dags/example_dag_decorator.py
[2024-09-18T20:56:25.848+0000] {logging_mixin.py:115} INFO - [2024-09-18T20:56:25.848+0000] {dag.py:2429} INFO - Sync 1 DAGs
[2024-09-18T20:56:25.857+0000] {logging_mixin.py:115} INFO - [2024-09-18T20:56:25.857+0000] {dag.py:2981} INFO - Setting next_dagrun for example_dag_decorator to None, run_after=None
[2024-09-18T20:56:25.864+0000] {processor.py:161} INFO - Processing /home/airflow/.local/lib/python3.7/site-packages/airflow/example_dags/example_dag_decorator.py took 0.060 seconds
[2024-09-18T20:56:55.922+0000] {processor.py:153} INFO - Started process (PID=5939) to work on /home/airflow/.local/lib/python3.7/site-packages/airflow/example_dags/example_dag_decorator.py
[2024-09-18T20:56:55.923+0000] {processor.py:640} INFO - Processing file /home/airflow/.local/lib/python3.7/site-packages/airflow/example_dags/example_dag_decorator.py for tasks to queue
[2024-09-18T20:56:55.923+0000] {logging_mixin.py:115} INFO - [2024-09-18T20:56:55.923+0000] {dagbag.py:508} INFO - Filling up the DagBag from /home/airflow/.local/lib/python3.7/site-packages/airflow/example_dags/example_dag_decorator.py
[2024-09-18T20:56:55.932+0000] {processor.py:650} INFO - DAG(s) dict_keys(['example_dag_decorator']) retrieved from /home/airflow/.local/lib/python3.7/site-packages/airflow/example_dags/example_dag_decorator.py
[2024-09-18T20:56:55.947+0000] {logging_mixin.py:115} INFO - [2024-09-18T20:56:55.947+0000] {dag.py:2429} INFO - Sync 1 DAGs
[2024-09-18T20:56:55.956+0000] {logging_mixin.py:115} INFO - [2024-09-18T20:56:55.956+0000] {dag.py:2981} INFO - Setting next_dagrun for example_dag_decorator to None, run_after=None
[2024-09-18T20:56:55.961+0000] {processor.py:161} INFO - Processing /home/airflow/.local/lib/python3.7/site-packages/airflow/example_dags/example_dag_decorator.py took 0.041 seconds
[2024-09-18T20:57:25.986+0000] {processor.py:153} INFO - Started process (PID=6131) to work on /home/airflow/.local/lib/python3.7/site-packages/airflow/example_dags/example_dag_decorator.py
[2024-09-18T20:57:25.987+0000] {processor.py:640} INFO - Processing file /home/airflow/.local/lib/python3.7/site-packages/airflow/example_dags/example_dag_decorator.py for tasks to queue
[2024-09-18T20:57:25.987+0000] {logging_mixin.py:115} INFO - [2024-09-18T20:57:25.987+0000] {dagbag.py:508} INFO - Filling up the DagBag from /home/airflow/.local/lib/python3.7/site-packages/airflow/example_dags/example_dag_decorator.py
[2024-09-18T20:57:25.998+0000] {processor.py:650} INFO - DAG(s) dict_keys(['example_dag_decorator']) retrieved from /home/airflow/.local/lib/python3.7/site-packages/airflow/example_dags/example_dag_decorator.py
[2024-09-18T20:57:26.027+0000] {logging_mixin.py:115} INFO - [2024-09-18T20:57:26.026+0000] {dag.py:2429} INFO - Sync 1 DAGs
[2024-09-18T20:57:26.034+0000] {logging_mixin.py:115} INFO - [2024-09-18T20:57:26.034+0000] {dag.py:2981} INFO - Setting next_dagrun for example_dag_decorator to None, run_after=None
[2024-09-18T20:57:26.038+0000] {processor.py:161} INFO - Processing /home/airflow/.local/lib/python3.7/site-packages/airflow/example_dags/example_dag_decorator.py took 0.054 seconds
[2024-09-18T20:57:56.195+0000] {processor.py:153} INFO - Started process (PID=6330) to work on /home/airflow/.local/lib/python3.7/site-packages/airflow/example_dags/example_dag_decorator.py
[2024-09-18T20:57:56.195+0000] {processor.py:640} INFO - Processing file /home/airflow/.local/lib/python3.7/site-packages/airflow/example_dags/example_dag_decorator.py for tasks to queue
[2024-09-18T20:57:56.195+0000] {logging_mixin.py:115} INFO - [2024-09-18T20:57:56.195+0000] {dagbag.py:508} INFO - Filling up the DagBag from /home/airflow/.local/lib/python3.7/site-packages/airflow/example_dags/example_dag_decorator.py
[2024-09-18T20:57:56.206+0000] {processor.py:650} INFO - DAG(s) dict_keys(['example_dag_decorator']) retrieved from /home/airflow/.local/lib/python3.7/site-packages/airflow/example_dags/example_dag_decorator.py
[2024-09-18T20:57:56.221+0000] {logging_mixin.py:115} INFO - [2024-09-18T20:57:56.221+0000] {dag.py:2429} INFO - Sync 1 DAGs
[2024-09-18T20:57:56.231+0000] {logging_mixin.py:115} INFO - [2024-09-18T20:57:56.231+0000] {dag.py:2981} INFO - Setting next_dagrun for example_dag_decorator to None, run_after=None
[2024-09-18T20:57:56.238+0000] {processor.py:161} INFO - Processing /home/airflow/.local/lib/python3.7/site-packages/airflow/example_dags/example_dag_decorator.py took 0.044 seconds
[2024-09-18T20:58:26.377+0000] {processor.py:153} INFO - Started process (PID=6526) to work on /home/airflow/.local/lib/python3.7/site-packages/airflow/example_dags/example_dag_decorator.py
[2024-09-18T20:58:26.378+0000] {processor.py:640} INFO - Processing file /home/airflow/.local/lib/python3.7/site-packages/airflow/example_dags/example_dag_decorator.py for tasks to queue
[2024-09-18T20:58:26.378+0000] {logging_mixin.py:115} INFO - [2024-09-18T20:58:26.378+0000] {dagbag.py:508} INFO - Filling up the DagBag from /home/airflow/.local/lib/python3.7/site-packages/airflow/example_dags/example_dag_decorator.py
[2024-09-18T20:58:26.389+0000] {processor.py:650} INFO - DAG(s) dict_keys(['example_dag_decorator']) retrieved from /home/airflow/.local/lib/python3.7/site-packages/airflow/example_dags/example_dag_decorator.py
[2024-09-18T20:58:26.438+0000] {logging_mixin.py:115} INFO - [2024-09-18T20:58:26.438+0000] {dag.py:2429} INFO - Sync 1 DAGs
[2024-09-18T20:58:26.446+0000] {logging_mixin.py:115} INFO - [2024-09-18T20:58:26.446+0000] {dag.py:2981} INFO - Setting next_dagrun for example_dag_decorator to None, run_after=None
[2024-09-18T20:58:26.452+0000] {processor.py:161} INFO - Processing /home/airflow/.local/lib/python3.7/site-packages/airflow/example_dags/example_dag_decorator.py took 0.076 seconds
[2024-09-18T20:58:56.593+0000] {processor.py:153} INFO - Started process (PID=6721) to work on /home/airflow/.local/lib/python3.7/site-packages/airflow/example_dags/example_dag_decorator.py
[2024-09-18T20:58:56.594+0000] {processor.py:640} INFO - Processing file /home/airflow/.local/lib/python3.7/site-packages/airflow/example_dags/example_dag_decorator.py for tasks to queue
[2024-09-18T20:58:56.596+0000] {logging_mixin.py:115} INFO - [2024-09-18T20:58:56.596+0000] {dagbag.py:508} INFO - Filling up the DagBag from /home/airflow/.local/lib/python3.7/site-packages/airflow/example_dags/example_dag_decorator.py
[2024-09-18T20:58:56.607+0000] {processor.py:650} INFO - DAG(s) dict_keys(['example_dag_decorator']) retrieved from /home/airflow/.local/lib/python3.7/site-packages/airflow/example_dags/example_dag_decorator.py
[2024-09-18T20:58:56.621+0000] {logging_mixin.py:115} INFO - [2024-09-18T20:58:56.621+0000] {dag.py:2429} INFO - Sync 1 DAGs
[2024-09-18T20:58:56.631+0000] {logging_mixin.py:115} INFO - [2024-09-18T20:58:56.630+0000] {dag.py:2981} INFO - Setting next_dagrun for example_dag_decorator to None, run_after=None
[2024-09-18T20:58:56.637+0000] {processor.py:161} INFO - Processing /home/airflow/.local/lib/python3.7/site-packages/airflow/example_dags/example_dag_decorator.py took 0.045 seconds
[2024-09-18T20:59:26.851+0000] {processor.py:153} INFO - Started process (PID=6908) to work on /home/airflow/.local/lib/python3.7/site-packages/airflow/example_dags/example_dag_decorator.py
[2024-09-18T20:59:26.853+0000] {processor.py:640} INFO - Processing file /home/airflow/.local/lib/python3.7/site-packages/airflow/example_dags/example_dag_decorator.py for tasks to queue
[2024-09-18T20:59:26.854+0000] {logging_mixin.py:115} INFO - [2024-09-18T20:59:26.854+0000] {dagbag.py:508} INFO - Filling up the DagBag from /home/airflow/.local/lib/python3.7/site-packages/airflow/example_dags/example_dag_decorator.py
[2024-09-18T20:59:26.863+0000] {processor.py:650} INFO - DAG(s) dict_keys(['example_dag_decorator']) retrieved from /home/airflow/.local/lib/python3.7/site-packages/airflow/example_dags/example_dag_decorator.py
[2024-09-18T20:59:26.878+0000] {logging_mixin.py:115} INFO - [2024-09-18T20:59:26.877+0000] {dag.py:2429} INFO - Sync 1 DAGs
[2024-09-18T20:59:26.886+0000] {logging_mixin.py:115} INFO - [2024-09-18T20:59:26.886+0000] {dag.py:2981} INFO - Setting next_dagrun for example_dag_decorator to None, run_after=None
[2024-09-18T20:59:26.890+0000] {processor.py:161} INFO - Processing /home/airflow/.local/lib/python3.7/site-packages/airflow/example_dags/example_dag_decorator.py took 0.041 seconds
[2024-09-18T20:59:57.094+0000] {processor.py:153} INFO - Started process (PID=7106) to work on /home/airflow/.local/lib/python3.7/site-packages/airflow/example_dags/example_dag_decorator.py
[2024-09-18T20:59:57.095+0000] {processor.py:640} INFO - Processing file /home/airflow/.local/lib/python3.7/site-packages/airflow/example_dags/example_dag_decorator.py for tasks to queue
[2024-09-18T20:59:57.095+0000] {logging_mixin.py:115} INFO - [2024-09-18T20:59:57.095+0000] {dagbag.py:508} INFO - Filling up the DagBag from /home/airflow/.local/lib/python3.7/site-packages/airflow/example_dags/example_dag_decorator.py
[2024-09-18T20:59:57.105+0000] {processor.py:650} INFO - DAG(s) dict_keys(['example_dag_decorator']) retrieved from /home/airflow/.local/lib/python3.7/site-packages/airflow/example_dags/example_dag_decorator.py
[2024-09-18T20:59:57.137+0000] {logging_mixin.py:115} INFO - [2024-09-18T20:59:57.137+0000] {dag.py:2429} INFO - Sync 1 DAGs
[2024-09-18T20:59:57.146+0000] {logging_mixin.py:115} INFO - [2024-09-18T20:59:57.146+0000] {dag.py:2981} INFO - Setting next_dagrun for example_dag_decorator to None, run_after=None
[2024-09-18T20:59:57.152+0000] {processor.py:161} INFO - Processing /home/airflow/.local/lib/python3.7/site-packages/airflow/example_dags/example_dag_decorator.py took 0.059 seconds
[2024-09-18T21:00:27.327+0000] {processor.py:153} INFO - Started process (PID=7305) to work on /home/airflow/.local/lib/python3.7/site-packages/airflow/example_dags/example_dag_decorator.py
[2024-09-18T21:00:27.327+0000] {processor.py:640} INFO - Processing file /home/airflow/.local/lib/python3.7/site-packages/airflow/example_dags/example_dag_decorator.py for tasks to queue
[2024-09-18T21:00:27.328+0000] {logging_mixin.py:115} INFO - [2024-09-18T21:00:27.327+0000] {dagbag.py:508} INFO - Filling up the DagBag from /home/airflow/.local/lib/python3.7/site-packages/airflow/example_dags/example_dag_decorator.py
[2024-09-18T21:00:27.337+0000] {processor.py:650} INFO - DAG(s) dict_keys(['example_dag_decorator']) retrieved from /home/airflow/.local/lib/python3.7/site-packages/airflow/example_dags/example_dag_decorator.py
[2024-09-18T21:00:27.372+0000] {logging_mixin.py:115} INFO - [2024-09-18T21:00:27.372+0000] {dag.py:2429} INFO - Sync 1 DAGs
[2024-09-18T21:00:27.382+0000] {logging_mixin.py:115} INFO - [2024-09-18T21:00:27.382+0000] {dag.py:2981} INFO - Setting next_dagrun for example_dag_decorator to None, run_after=None
[2024-09-18T21:00:27.390+0000] {processor.py:161} INFO - Processing /home/airflow/.local/lib/python3.7/site-packages/airflow/example_dags/example_dag_decorator.py took 0.065 seconds
