[2024-09-18T20:42:20.183+0000] {processor.py:153} INFO - Started process (PID=273) to work on /home/airflow/.local/lib/python3.7/site-packages/airflow/example_dags/example_branch_operator_decorator.py
[2024-09-18T20:42:20.184+0000] {processor.py:640} INFO - Processing file /home/airflow/.local/lib/python3.7/site-packages/airflow/example_dags/example_branch_operator_decorator.py for tasks to queue
[2024-09-18T20:42:20.184+0000] {logging_mixin.py:115} INFO - [2024-09-18T20:42:20.184+0000] {dagbag.py:508} INFO - Filling up the DagBag from /home/airflow/.local/lib/python3.7/site-packages/airflow/example_dags/example_branch_operator_decorator.py
[2024-09-18T20:42:20.194+0000] {processor.py:650} INFO - DAG(s) dict_keys(['example_branch_python_operator_decorator']) retrieved from /home/airflow/.local/lib/python3.7/site-packages/airflow/example_dags/example_branch_operator_decorator.py
[2024-09-18T20:42:20.240+0000] {logging_mixin.py:115} INFO - [2024-09-18T20:42:20.240+0000] {manager.py:508} INFO - Created Permission View: can edit on DAG:example_branch_python_operator_decorator
[2024-09-18T20:42:20.247+0000] {logging_mixin.py:115} INFO - [2024-09-18T20:42:20.247+0000] {manager.py:508} INFO - Created Permission View: can read on DAG:example_branch_python_operator_decorator
[2024-09-18T20:42:20.250+0000] {logging_mixin.py:115} INFO - [2024-09-18T20:42:20.250+0000] {manager.py:508} INFO - Created Permission View: can delete on DAG:example_branch_python_operator_decorator
[2024-09-18T20:42:20.250+0000] {logging_mixin.py:115} INFO - [2024-09-18T20:42:20.250+0000] {dag.py:2429} INFO - Sync 1 DAGs
[2024-09-18T20:42:20.253+0000] {logging_mixin.py:115} INFO - [2024-09-18T20:42:20.253+0000] {dag.py:2448} INFO - Creating ORM DAG for example_branch_python_operator_decorator
[2024-09-18T20:42:20.259+0000] {logging_mixin.py:115} INFO - [2024-09-18T20:42:20.259+0000] {dag.py:2981} INFO - Setting next_dagrun for example_branch_python_operator_decorator to 2024-09-17T00:00:00+00:00, run_after=2024-09-18T00:00:00+00:00
[2024-09-18T20:42:20.269+0000] {processor.py:161} INFO - Processing /home/airflow/.local/lib/python3.7/site-packages/airflow/example_dags/example_branch_operator_decorator.py took 0.088 seconds
[2024-09-18T20:42:50.677+0000] {processor.py:153} INFO - Started process (PID=469) to work on /home/airflow/.local/lib/python3.7/site-packages/airflow/example_dags/example_branch_operator_decorator.py
[2024-09-18T20:42:50.679+0000] {processor.py:640} INFO - Processing file /home/airflow/.local/lib/python3.7/site-packages/airflow/example_dags/example_branch_operator_decorator.py for tasks to queue
[2024-09-18T20:42:50.679+0000] {logging_mixin.py:115} INFO - [2024-09-18T20:42:50.679+0000] {dagbag.py:508} INFO - Filling up the DagBag from /home/airflow/.local/lib/python3.7/site-packages/airflow/example_dags/example_branch_operator_decorator.py
[2024-09-18T20:42:50.689+0000] {processor.py:650} INFO - DAG(s) dict_keys(['example_branch_python_operator_decorator']) retrieved from /home/airflow/.local/lib/python3.7/site-packages/airflow/example_dags/example_branch_operator_decorator.py
[2024-09-18T20:42:50.702+0000] {logging_mixin.py:115} INFO - [2024-09-18T20:42:50.702+0000] {dag.py:2429} INFO - Sync 1 DAGs
[2024-09-18T20:42:50.716+0000] {logging_mixin.py:115} INFO - [2024-09-18T20:42:50.716+0000] {dag.py:2981} INFO - Setting next_dagrun for example_branch_python_operator_decorator to 2024-09-17T00:00:00+00:00, run_after=2024-09-18T00:00:00+00:00
[2024-09-18T20:42:50.723+0000] {processor.py:161} INFO - Processing /home/airflow/.local/lib/python3.7/site-packages/airflow/example_dags/example_branch_operator_decorator.py took 0.047 seconds
[2024-09-18T20:43:20.868+0000] {processor.py:153} INFO - Started process (PID=666) to work on /home/airflow/.local/lib/python3.7/site-packages/airflow/example_dags/example_branch_operator_decorator.py
[2024-09-18T20:43:20.869+0000] {processor.py:640} INFO - Processing file /home/airflow/.local/lib/python3.7/site-packages/airflow/example_dags/example_branch_operator_decorator.py for tasks to queue
[2024-09-18T20:43:20.869+0000] {logging_mixin.py:115} INFO - [2024-09-18T20:43:20.869+0000] {dagbag.py:508} INFO - Filling up the DagBag from /home/airflow/.local/lib/python3.7/site-packages/airflow/example_dags/example_branch_operator_decorator.py
[2024-09-18T20:43:20.877+0000] {processor.py:650} INFO - DAG(s) dict_keys(['example_branch_python_operator_decorator']) retrieved from /home/airflow/.local/lib/python3.7/site-packages/airflow/example_dags/example_branch_operator_decorator.py
[2024-09-18T20:43:20.889+0000] {logging_mixin.py:115} INFO - [2024-09-18T20:43:20.888+0000] {dag.py:2429} INFO - Sync 1 DAGs
[2024-09-18T20:43:20.899+0000] {logging_mixin.py:115} INFO - [2024-09-18T20:43:20.899+0000] {dag.py:2981} INFO - Setting next_dagrun for example_branch_python_operator_decorator to 2024-09-17T00:00:00+00:00, run_after=2024-09-18T00:00:00+00:00
[2024-09-18T20:43:20.903+0000] {processor.py:161} INFO - Processing /home/airflow/.local/lib/python3.7/site-packages/airflow/example_dags/example_branch_operator_decorator.py took 0.037 seconds
[2024-09-18T20:43:51.137+0000] {processor.py:153} INFO - Started process (PID=863) to work on /home/airflow/.local/lib/python3.7/site-packages/airflow/example_dags/example_branch_operator_decorator.py
[2024-09-18T20:43:51.139+0000] {processor.py:640} INFO - Processing file /home/airflow/.local/lib/python3.7/site-packages/airflow/example_dags/example_branch_operator_decorator.py for tasks to queue
[2024-09-18T20:43:51.139+0000] {logging_mixin.py:115} INFO - [2024-09-18T20:43:51.139+0000] {dagbag.py:508} INFO - Filling up the DagBag from /home/airflow/.local/lib/python3.7/site-packages/airflow/example_dags/example_branch_operator_decorator.py
[2024-09-18T20:43:51.151+0000] {processor.py:650} INFO - DAG(s) dict_keys(['example_branch_python_operator_decorator']) retrieved from /home/airflow/.local/lib/python3.7/site-packages/airflow/example_dags/example_branch_operator_decorator.py
[2024-09-18T20:43:51.171+0000] {logging_mixin.py:115} INFO - [2024-09-18T20:43:51.171+0000] {dag.py:2429} INFO - Sync 1 DAGs
[2024-09-18T20:43:51.185+0000] {logging_mixin.py:115} INFO - [2024-09-18T20:43:51.185+0000] {dag.py:2981} INFO - Setting next_dagrun for example_branch_python_operator_decorator to 2024-09-17T00:00:00+00:00, run_after=2024-09-18T00:00:00+00:00
[2024-09-18T20:43:51.191+0000] {processor.py:161} INFO - Processing /home/airflow/.local/lib/python3.7/site-packages/airflow/example_dags/example_branch_operator_decorator.py took 0.056 seconds
[2024-09-18T20:44:21.333+0000] {processor.py:153} INFO - Started process (PID=1069) to work on /home/airflow/.local/lib/python3.7/site-packages/airflow/example_dags/example_branch_operator_decorator.py
[2024-09-18T20:44:21.336+0000] {processor.py:640} INFO - Processing file /home/airflow/.local/lib/python3.7/site-packages/airflow/example_dags/example_branch_operator_decorator.py for tasks to queue
[2024-09-18T20:44:21.336+0000] {logging_mixin.py:115} INFO - [2024-09-18T20:44:21.336+0000] {dagbag.py:508} INFO - Filling up the DagBag from /home/airflow/.local/lib/python3.7/site-packages/airflow/example_dags/example_branch_operator_decorator.py
[2024-09-18T20:44:21.345+0000] {processor.py:650} INFO - DAG(s) dict_keys(['example_branch_python_operator_decorator']) retrieved from /home/airflow/.local/lib/python3.7/site-packages/airflow/example_dags/example_branch_operator_decorator.py
[2024-09-18T20:44:21.361+0000] {logging_mixin.py:115} INFO - [2024-09-18T20:44:21.360+0000] {dag.py:2429} INFO - Sync 1 DAGs
[2024-09-18T20:44:21.373+0000] {logging_mixin.py:115} INFO - [2024-09-18T20:44:21.373+0000] {dag.py:2981} INFO - Setting next_dagrun for example_branch_python_operator_decorator to 2024-09-17T00:00:00+00:00, run_after=2024-09-18T00:00:00+00:00
[2024-09-18T20:44:21.378+0000] {processor.py:161} INFO - Processing /home/airflow/.local/lib/python3.7/site-packages/airflow/example_dags/example_branch_operator_decorator.py took 0.046 seconds
[2024-09-18T20:44:51.525+0000] {processor.py:153} INFO - Started process (PID=1266) to work on /home/airflow/.local/lib/python3.7/site-packages/airflow/example_dags/example_branch_operator_decorator.py
[2024-09-18T20:44:51.525+0000] {processor.py:640} INFO - Processing file /home/airflow/.local/lib/python3.7/site-packages/airflow/example_dags/example_branch_operator_decorator.py for tasks to queue
[2024-09-18T20:44:51.527+0000] {logging_mixin.py:115} INFO - [2024-09-18T20:44:51.527+0000] {dagbag.py:508} INFO - Filling up the DagBag from /home/airflow/.local/lib/python3.7/site-packages/airflow/example_dags/example_branch_operator_decorator.py
[2024-09-18T20:44:51.536+0000] {processor.py:650} INFO - DAG(s) dict_keys(['example_branch_python_operator_decorator']) retrieved from /home/airflow/.local/lib/python3.7/site-packages/airflow/example_dags/example_branch_operator_decorator.py
[2024-09-18T20:44:51.547+0000] {logging_mixin.py:115} INFO - [2024-09-18T20:44:51.546+0000] {dag.py:2429} INFO - Sync 1 DAGs
[2024-09-18T20:44:51.558+0000] {logging_mixin.py:115} INFO - [2024-09-18T20:44:51.558+0000] {dag.py:2981} INFO - Setting next_dagrun for example_branch_python_operator_decorator to 2024-09-17T00:00:00+00:00, run_after=2024-09-18T00:00:00+00:00
[2024-09-18T20:44:51.562+0000] {processor.py:161} INFO - Processing /home/airflow/.local/lib/python3.7/site-packages/airflow/example_dags/example_branch_operator_decorator.py took 0.039 seconds
[2024-09-18T20:45:21.727+0000] {processor.py:153} INFO - Started process (PID=1463) to work on /home/airflow/.local/lib/python3.7/site-packages/airflow/example_dags/example_branch_operator_decorator.py
[2024-09-18T20:45:21.728+0000] {processor.py:640} INFO - Processing file /home/airflow/.local/lib/python3.7/site-packages/airflow/example_dags/example_branch_operator_decorator.py for tasks to queue
[2024-09-18T20:45:21.728+0000] {logging_mixin.py:115} INFO - [2024-09-18T20:45:21.728+0000] {dagbag.py:508} INFO - Filling up the DagBag from /home/airflow/.local/lib/python3.7/site-packages/airflow/example_dags/example_branch_operator_decorator.py
[2024-09-18T20:45:21.737+0000] {processor.py:650} INFO - DAG(s) dict_keys(['example_branch_python_operator_decorator']) retrieved from /home/airflow/.local/lib/python3.7/site-packages/airflow/example_dags/example_branch_operator_decorator.py
[2024-09-18T20:45:21.750+0000] {logging_mixin.py:115} INFO - [2024-09-18T20:45:21.750+0000] {dag.py:2429} INFO - Sync 1 DAGs
[2024-09-18T20:45:21.764+0000] {logging_mixin.py:115} INFO - [2024-09-18T20:45:21.764+0000] {dag.py:2981} INFO - Setting next_dagrun for example_branch_python_operator_decorator to 2024-09-17T00:00:00+00:00, run_after=2024-09-18T00:00:00+00:00
[2024-09-18T20:45:21.772+0000] {processor.py:161} INFO - Processing /home/airflow/.local/lib/python3.7/site-packages/airflow/example_dags/example_branch_operator_decorator.py took 0.046 seconds
[2024-09-18T20:45:51.915+0000] {processor.py:153} INFO - Started process (PID=1659) to work on /home/airflow/.local/lib/python3.7/site-packages/airflow/example_dags/example_branch_operator_decorator.py
[2024-09-18T20:45:51.917+0000] {processor.py:640} INFO - Processing file /home/airflow/.local/lib/python3.7/site-packages/airflow/example_dags/example_branch_operator_decorator.py for tasks to queue
[2024-09-18T20:45:51.917+0000] {logging_mixin.py:115} INFO - [2024-09-18T20:45:51.917+0000] {dagbag.py:508} INFO - Filling up the DagBag from /home/airflow/.local/lib/python3.7/site-packages/airflow/example_dags/example_branch_operator_decorator.py
[2024-09-18T20:45:51.926+0000] {processor.py:650} INFO - DAG(s) dict_keys(['example_branch_python_operator_decorator']) retrieved from /home/airflow/.local/lib/python3.7/site-packages/airflow/example_dags/example_branch_operator_decorator.py
[2024-09-18T20:45:51.939+0000] {logging_mixin.py:115} INFO - [2024-09-18T20:45:51.939+0000] {dag.py:2429} INFO - Sync 1 DAGs
[2024-09-18T20:45:51.953+0000] {logging_mixin.py:115} INFO - [2024-09-18T20:45:51.953+0000] {dag.py:2981} INFO - Setting next_dagrun for example_branch_python_operator_decorator to 2024-09-17T00:00:00+00:00, run_after=2024-09-18T00:00:00+00:00
[2024-09-18T20:45:51.960+0000] {processor.py:161} INFO - Processing /home/airflow/.local/lib/python3.7/site-packages/airflow/example_dags/example_branch_operator_decorator.py took 0.047 seconds
[2024-09-18T20:46:22.140+0000] {processor.py:153} INFO - Started process (PID=1856) to work on /home/airflow/.local/lib/python3.7/site-packages/airflow/example_dags/example_branch_operator_decorator.py
[2024-09-18T20:46:22.143+0000] {processor.py:640} INFO - Processing file /home/airflow/.local/lib/python3.7/site-packages/airflow/example_dags/example_branch_operator_decorator.py for tasks to queue
[2024-09-18T20:46:22.143+0000] {logging_mixin.py:115} INFO - [2024-09-18T20:46:22.143+0000] {dagbag.py:508} INFO - Filling up the DagBag from /home/airflow/.local/lib/python3.7/site-packages/airflow/example_dags/example_branch_operator_decorator.py
[2024-09-18T20:46:22.152+0000] {processor.py:650} INFO - DAG(s) dict_keys(['example_branch_python_operator_decorator']) retrieved from /home/airflow/.local/lib/python3.7/site-packages/airflow/example_dags/example_branch_operator_decorator.py
[2024-09-18T20:46:22.167+0000] {logging_mixin.py:115} INFO - [2024-09-18T20:46:22.167+0000] {dag.py:2429} INFO - Sync 1 DAGs
[2024-09-18T20:46:22.177+0000] {logging_mixin.py:115} INFO - [2024-09-18T20:46:22.177+0000] {dag.py:2981} INFO - Setting next_dagrun for example_branch_python_operator_decorator to 2024-09-17T00:00:00+00:00, run_after=2024-09-18T00:00:00+00:00
[2024-09-18T20:46:22.186+0000] {processor.py:161} INFO - Processing /home/airflow/.local/lib/python3.7/site-packages/airflow/example_dags/example_branch_operator_decorator.py took 0.047 seconds
[2024-09-18T20:46:52.451+0000] {processor.py:153} INFO - Started process (PID=2053) to work on /home/airflow/.local/lib/python3.7/site-packages/airflow/example_dags/example_branch_operator_decorator.py
[2024-09-18T20:46:52.452+0000] {processor.py:640} INFO - Processing file /home/airflow/.local/lib/python3.7/site-packages/airflow/example_dags/example_branch_operator_decorator.py for tasks to queue
[2024-09-18T20:46:52.453+0000] {logging_mixin.py:115} INFO - [2024-09-18T20:46:52.452+0000] {dagbag.py:508} INFO - Filling up the DagBag from /home/airflow/.local/lib/python3.7/site-packages/airflow/example_dags/example_branch_operator_decorator.py
[2024-09-18T20:46:52.464+0000] {processor.py:650} INFO - DAG(s) dict_keys(['example_branch_python_operator_decorator']) retrieved from /home/airflow/.local/lib/python3.7/site-packages/airflow/example_dags/example_branch_operator_decorator.py
[2024-09-18T20:46:52.476+0000] {logging_mixin.py:115} INFO - [2024-09-18T20:46:52.476+0000] {dag.py:2429} INFO - Sync 1 DAGs
[2024-09-18T20:46:52.494+0000] {logging_mixin.py:115} INFO - [2024-09-18T20:46:52.494+0000] {dag.py:2981} INFO - Setting next_dagrun for example_branch_python_operator_decorator to 2024-09-17T00:00:00+00:00, run_after=2024-09-18T00:00:00+00:00
[2024-09-18T20:46:52.502+0000] {processor.py:161} INFO - Processing /home/airflow/.local/lib/python3.7/site-packages/airflow/example_dags/example_branch_operator_decorator.py took 0.053 seconds
[2024-09-18T20:47:22.637+0000] {processor.py:153} INFO - Started process (PID=2241) to work on /home/airflow/.local/lib/python3.7/site-packages/airflow/example_dags/example_branch_operator_decorator.py
[2024-09-18T20:47:22.637+0000] {processor.py:640} INFO - Processing file /home/airflow/.local/lib/python3.7/site-packages/airflow/example_dags/example_branch_operator_decorator.py for tasks to queue
[2024-09-18T20:47:22.637+0000] {logging_mixin.py:115} INFO - [2024-09-18T20:47:22.637+0000] {dagbag.py:508} INFO - Filling up the DagBag from /home/airflow/.local/lib/python3.7/site-packages/airflow/example_dags/example_branch_operator_decorator.py
[2024-09-18T20:47:22.646+0000] {processor.py:650} INFO - DAG(s) dict_keys(['example_branch_python_operator_decorator']) retrieved from /home/airflow/.local/lib/python3.7/site-packages/airflow/example_dags/example_branch_operator_decorator.py
[2024-09-18T20:47:22.663+0000] {logging_mixin.py:115} INFO - [2024-09-18T20:47:22.663+0000] {dag.py:2429} INFO - Sync 1 DAGs
[2024-09-18T20:47:22.677+0000] {logging_mixin.py:115} INFO - [2024-09-18T20:47:22.677+0000] {dag.py:2981} INFO - Setting next_dagrun for example_branch_python_operator_decorator to 2024-09-17T00:00:00+00:00, run_after=2024-09-18T00:00:00+00:00
[2024-09-18T20:47:22.682+0000] {processor.py:161} INFO - Processing /home/airflow/.local/lib/python3.7/site-packages/airflow/example_dags/example_branch_operator_decorator.py took 0.047 seconds
[2024-09-18T20:47:52.896+0000] {processor.py:153} INFO - Started process (PID=2438) to work on /home/airflow/.local/lib/python3.7/site-packages/airflow/example_dags/example_branch_operator_decorator.py
[2024-09-18T20:47:52.897+0000] {processor.py:640} INFO - Processing file /home/airflow/.local/lib/python3.7/site-packages/airflow/example_dags/example_branch_operator_decorator.py for tasks to queue
[2024-09-18T20:47:52.897+0000] {logging_mixin.py:115} INFO - [2024-09-18T20:47:52.897+0000] {dagbag.py:508} INFO - Filling up the DagBag from /home/airflow/.local/lib/python3.7/site-packages/airflow/example_dags/example_branch_operator_decorator.py
[2024-09-18T20:47:52.906+0000] {processor.py:650} INFO - DAG(s) dict_keys(['example_branch_python_operator_decorator']) retrieved from /home/airflow/.local/lib/python3.7/site-packages/airflow/example_dags/example_branch_operator_decorator.py
[2024-09-18T20:47:52.924+0000] {logging_mixin.py:115} INFO - [2024-09-18T20:47:52.924+0000] {dag.py:2429} INFO - Sync 1 DAGs
[2024-09-18T20:47:52.940+0000] {logging_mixin.py:115} INFO - [2024-09-18T20:47:52.940+0000] {dag.py:2981} INFO - Setting next_dagrun for example_branch_python_operator_decorator to 2024-09-17T00:00:00+00:00, run_after=2024-09-18T00:00:00+00:00
[2024-09-18T20:47:52.946+0000] {processor.py:161} INFO - Processing /home/airflow/.local/lib/python3.7/site-packages/airflow/example_dags/example_branch_operator_decorator.py took 0.051 seconds
[2024-09-18T20:48:23.013+0000] {processor.py:153} INFO - Started process (PID=2635) to work on /home/airflow/.local/lib/python3.7/site-packages/airflow/example_dags/example_branch_operator_decorator.py
[2024-09-18T20:48:23.014+0000] {processor.py:640} INFO - Processing file /home/airflow/.local/lib/python3.7/site-packages/airflow/example_dags/example_branch_operator_decorator.py for tasks to queue
[2024-09-18T20:48:23.015+0000] {logging_mixin.py:115} INFO - [2024-09-18T20:48:23.015+0000] {dagbag.py:508} INFO - Filling up the DagBag from /home/airflow/.local/lib/python3.7/site-packages/airflow/example_dags/example_branch_operator_decorator.py
[2024-09-18T20:48:23.024+0000] {processor.py:650} INFO - DAG(s) dict_keys(['example_branch_python_operator_decorator']) retrieved from /home/airflow/.local/lib/python3.7/site-packages/airflow/example_dags/example_branch_operator_decorator.py
[2024-09-18T20:48:23.038+0000] {logging_mixin.py:115} INFO - [2024-09-18T20:48:23.038+0000] {dag.py:2429} INFO - Sync 1 DAGs
[2024-09-18T20:48:23.050+0000] {logging_mixin.py:115} INFO - [2024-09-18T20:48:23.050+0000] {dag.py:2981} INFO - Setting next_dagrun for example_branch_python_operator_decorator to 2024-09-17T00:00:00+00:00, run_after=2024-09-18T00:00:00+00:00
[2024-09-18T20:48:23.057+0000] {processor.py:161} INFO - Processing /home/airflow/.local/lib/python3.7/site-packages/airflow/example_dags/example_branch_operator_decorator.py took 0.045 seconds
[2024-09-18T20:48:53.179+0000] {processor.py:153} INFO - Started process (PID=2831) to work on /home/airflow/.local/lib/python3.7/site-packages/airflow/example_dags/example_branch_operator_decorator.py
[2024-09-18T20:48:53.184+0000] {processor.py:640} INFO - Processing file /home/airflow/.local/lib/python3.7/site-packages/airflow/example_dags/example_branch_operator_decorator.py for tasks to queue
[2024-09-18T20:48:53.184+0000] {logging_mixin.py:115} INFO - [2024-09-18T20:48:53.184+0000] {dagbag.py:508} INFO - Filling up the DagBag from /home/airflow/.local/lib/python3.7/site-packages/airflow/example_dags/example_branch_operator_decorator.py
[2024-09-18T20:48:53.193+0000] {processor.py:650} INFO - DAG(s) dict_keys(['example_branch_python_operator_decorator']) retrieved from /home/airflow/.local/lib/python3.7/site-packages/airflow/example_dags/example_branch_operator_decorator.py
[2024-09-18T20:48:53.209+0000] {logging_mixin.py:115} INFO - [2024-09-18T20:48:53.209+0000] {dag.py:2429} INFO - Sync 1 DAGs
[2024-09-18T20:48:53.221+0000] {logging_mixin.py:115} INFO - [2024-09-18T20:48:53.221+0000] {dag.py:2981} INFO - Setting next_dagrun for example_branch_python_operator_decorator to 2024-09-17T00:00:00+00:00, run_after=2024-09-18T00:00:00+00:00
[2024-09-18T20:48:53.225+0000] {processor.py:161} INFO - Processing /home/airflow/.local/lib/python3.7/site-packages/airflow/example_dags/example_branch_operator_decorator.py took 0.047 seconds
[2024-09-18T20:49:23.418+0000] {processor.py:153} INFO - Started process (PID=3029) to work on /home/airflow/.local/lib/python3.7/site-packages/airflow/example_dags/example_branch_operator_decorator.py
[2024-09-18T20:49:23.418+0000] {processor.py:640} INFO - Processing file /home/airflow/.local/lib/python3.7/site-packages/airflow/example_dags/example_branch_operator_decorator.py for tasks to queue
[2024-09-18T20:49:23.419+0000] {logging_mixin.py:115} INFO - [2024-09-18T20:49:23.419+0000] {dagbag.py:508} INFO - Filling up the DagBag from /home/airflow/.local/lib/python3.7/site-packages/airflow/example_dags/example_branch_operator_decorator.py
[2024-09-18T20:49:23.428+0000] {processor.py:650} INFO - DAG(s) dict_keys(['example_branch_python_operator_decorator']) retrieved from /home/airflow/.local/lib/python3.7/site-packages/airflow/example_dags/example_branch_operator_decorator.py
[2024-09-18T20:49:23.439+0000] {logging_mixin.py:115} INFO - [2024-09-18T20:49:23.439+0000] {dag.py:2429} INFO - Sync 1 DAGs
[2024-09-18T20:49:23.450+0000] {logging_mixin.py:115} INFO - [2024-09-18T20:49:23.450+0000] {dag.py:2981} INFO - Setting next_dagrun for example_branch_python_operator_decorator to 2024-09-17T00:00:00+00:00, run_after=2024-09-18T00:00:00+00:00
[2024-09-18T20:49:23.455+0000] {processor.py:161} INFO - Processing /home/airflow/.local/lib/python3.7/site-packages/airflow/example_dags/example_branch_operator_decorator.py took 0.039 seconds
[2024-09-18T20:49:53.734+0000] {processor.py:153} INFO - Started process (PID=3226) to work on /home/airflow/.local/lib/python3.7/site-packages/airflow/example_dags/example_branch_operator_decorator.py
[2024-09-18T20:49:53.734+0000] {processor.py:640} INFO - Processing file /home/airflow/.local/lib/python3.7/site-packages/airflow/example_dags/example_branch_operator_decorator.py for tasks to queue
[2024-09-18T20:49:53.735+0000] {logging_mixin.py:115} INFO - [2024-09-18T20:49:53.735+0000] {dagbag.py:508} INFO - Filling up the DagBag from /home/airflow/.local/lib/python3.7/site-packages/airflow/example_dags/example_branch_operator_decorator.py
[2024-09-18T20:49:53.745+0000] {processor.py:650} INFO - DAG(s) dict_keys(['example_branch_python_operator_decorator']) retrieved from /home/airflow/.local/lib/python3.7/site-packages/airflow/example_dags/example_branch_operator_decorator.py
[2024-09-18T20:49:53.767+0000] {logging_mixin.py:115} INFO - [2024-09-18T20:49:53.767+0000] {dag.py:2429} INFO - Sync 1 DAGs
[2024-09-18T20:49:53.781+0000] {logging_mixin.py:115} INFO - [2024-09-18T20:49:53.781+0000] {dag.py:2981} INFO - Setting next_dagrun for example_branch_python_operator_decorator to 2024-09-17T00:00:00+00:00, run_after=2024-09-18T00:00:00+00:00
[2024-09-18T20:49:53.788+0000] {processor.py:161} INFO - Processing /home/airflow/.local/lib/python3.7/site-packages/airflow/example_dags/example_branch_operator_decorator.py took 0.056 seconds
