[2024-09-18T20:42:20.535+0000] {processor.py:153} INFO - Started process (PID=303) to work on /home/airflow/.local/lib/python3.7/site-packages/airflow/example_dags/example_external_task_marker_dag.py
[2024-09-18T20:42:20.535+0000] {processor.py:640} INFO - Processing file /home/airflow/.local/lib/python3.7/site-packages/airflow/example_dags/example_external_task_marker_dag.py for tasks to queue
[2024-09-18T20:42:20.535+0000] {logging_mixin.py:115} INFO - [2024-09-18T20:42:20.535+0000] {dagbag.py:508} INFO - Filling up the DagBag from /home/airflow/.local/lib/python3.7/site-packages/airflow/example_dags/example_external_task_marker_dag.py
[2024-09-18T20:42:20.538+0000] {processor.py:650} INFO - DAG(s) dict_keys(['example_external_task_marker_parent', 'example_external_task_marker_child']) retrieved from /home/airflow/.local/lib/python3.7/site-packages/airflow/example_dags/example_external_task_marker_dag.py
[2024-09-18T20:42:20.584+0000] {logging_mixin.py:115} INFO - [2024-09-18T20:42:20.584+0000] {manager.py:508} INFO - Created Permission View: can edit on DAG:example_external_task_marker_parent
[2024-09-18T20:42:20.592+0000] {logging_mixin.py:115} INFO - [2024-09-18T20:42:20.592+0000] {manager.py:508} INFO - Created Permission View: can read on DAG:example_external_task_marker_parent
[2024-09-18T20:42:20.604+0000] {logging_mixin.py:115} INFO - [2024-09-18T20:42:20.604+0000] {manager.py:508} INFO - Created Permission View: can delete on DAG:example_external_task_marker_parent
[2024-09-18T20:42:20.694+0000] {logging_mixin.py:115} INFO - [2024-09-18T20:42:20.694+0000] {manager.py:508} INFO - Created Permission View: can edit on DAG:example_external_task_marker_child
[2024-09-18T20:42:20.698+0000] {logging_mixin.py:115} INFO - [2024-09-18T20:42:20.698+0000] {manager.py:508} INFO - Created Permission View: can read on DAG:example_external_task_marker_child
[2024-09-18T20:42:20.706+0000] {logging_mixin.py:115} INFO - [2024-09-18T20:42:20.706+0000] {manager.py:508} INFO - Created Permission View: can delete on DAG:example_external_task_marker_child
[2024-09-18T20:42:20.706+0000] {logging_mixin.py:115} INFO - [2024-09-18T20:42:20.706+0000] {dag.py:2429} INFO - Sync 2 DAGs
[2024-09-18T20:42:20.710+0000] {logging_mixin.py:115} INFO - [2024-09-18T20:42:20.710+0000] {dag.py:2448} INFO - Creating ORM DAG for example_external_task_marker_child
[2024-09-18T20:42:20.710+0000] {logging_mixin.py:115} INFO - [2024-09-18T20:42:20.710+0000] {dag.py:2448} INFO - Creating ORM DAG for example_external_task_marker_parent
[2024-09-18T20:42:20.716+0000] {logging_mixin.py:115} INFO - [2024-09-18T20:42:20.716+0000] {dag.py:2981} INFO - Setting next_dagrun for example_external_task_marker_child to None, run_after=None
[2024-09-18T20:42:20.717+0000] {logging_mixin.py:115} INFO - [2024-09-18T20:42:20.717+0000] {dag.py:2981} INFO - Setting next_dagrun for example_external_task_marker_parent to None, run_after=None
[2024-09-18T20:42:20.723+0000] {processor.py:161} INFO - Processing /home/airflow/.local/lib/python3.7/site-packages/airflow/example_dags/example_external_task_marker_dag.py took 0.190 seconds
[2024-09-18T20:42:50.869+0000] {processor.py:153} INFO - Started process (PID=499) to work on /home/airflow/.local/lib/python3.7/site-packages/airflow/example_dags/example_external_task_marker_dag.py
[2024-09-18T20:42:50.870+0000] {processor.py:640} INFO - Processing file /home/airflow/.local/lib/python3.7/site-packages/airflow/example_dags/example_external_task_marker_dag.py for tasks to queue
[2024-09-18T20:42:50.871+0000] {logging_mixin.py:115} INFO - [2024-09-18T20:42:50.871+0000] {dagbag.py:508} INFO - Filling up the DagBag from /home/airflow/.local/lib/python3.7/site-packages/airflow/example_dags/example_external_task_marker_dag.py
[2024-09-18T20:42:50.876+0000] {processor.py:650} INFO - DAG(s) dict_keys(['example_external_task_marker_parent', 'example_external_task_marker_child']) retrieved from /home/airflow/.local/lib/python3.7/site-packages/airflow/example_dags/example_external_task_marker_dag.py
[2024-09-18T20:42:50.954+0000] {logging_mixin.py:115} INFO - [2024-09-18T20:42:50.953+0000] {dag.py:2429} INFO - Sync 2 DAGs
[2024-09-18T20:42:50.963+0000] {logging_mixin.py:115} INFO - [2024-09-18T20:42:50.963+0000] {dag.py:2981} INFO - Setting next_dagrun for example_external_task_marker_child to None, run_after=None
[2024-09-18T20:42:50.964+0000] {logging_mixin.py:115} INFO - [2024-09-18T20:42:50.963+0000] {dag.py:2981} INFO - Setting next_dagrun for example_external_task_marker_parent to None, run_after=None
[2024-09-18T20:42:50.968+0000] {processor.py:161} INFO - Processing /home/airflow/.local/lib/python3.7/site-packages/airflow/example_dags/example_external_task_marker_dag.py took 0.100 seconds
[2024-09-18T20:43:21.056+0000] {processor.py:153} INFO - Started process (PID=696) to work on /home/airflow/.local/lib/python3.7/site-packages/airflow/example_dags/example_external_task_marker_dag.py
[2024-09-18T20:43:21.056+0000] {processor.py:640} INFO - Processing file /home/airflow/.local/lib/python3.7/site-packages/airflow/example_dags/example_external_task_marker_dag.py for tasks to queue
[2024-09-18T20:43:21.057+0000] {logging_mixin.py:115} INFO - [2024-09-18T20:43:21.057+0000] {dagbag.py:508} INFO - Filling up the DagBag from /home/airflow/.local/lib/python3.7/site-packages/airflow/example_dags/example_external_task_marker_dag.py
[2024-09-18T20:43:21.059+0000] {processor.py:650} INFO - DAG(s) dict_keys(['example_external_task_marker_parent', 'example_external_task_marker_child']) retrieved from /home/airflow/.local/lib/python3.7/site-packages/airflow/example_dags/example_external_task_marker_dag.py
[2024-09-18T20:43:21.137+0000] {logging_mixin.py:115} INFO - [2024-09-18T20:43:21.137+0000] {dag.py:2429} INFO - Sync 2 DAGs
[2024-09-18T20:43:21.147+0000] {logging_mixin.py:115} INFO - [2024-09-18T20:43:21.147+0000] {dag.py:2981} INFO - Setting next_dagrun for example_external_task_marker_child to None, run_after=None
[2024-09-18T20:43:21.148+0000] {logging_mixin.py:115} INFO - [2024-09-18T20:43:21.148+0000] {dag.py:2981} INFO - Setting next_dagrun for example_external_task_marker_parent to None, run_after=None
[2024-09-18T20:43:21.153+0000] {processor.py:161} INFO - Processing /home/airflow/.local/lib/python3.7/site-packages/airflow/example_dags/example_external_task_marker_dag.py took 0.099 seconds
[2024-09-18T20:43:51.328+0000] {processor.py:153} INFO - Started process (PID=893) to work on /home/airflow/.local/lib/python3.7/site-packages/airflow/example_dags/example_external_task_marker_dag.py
[2024-09-18T20:43:51.329+0000] {processor.py:640} INFO - Processing file /home/airflow/.local/lib/python3.7/site-packages/airflow/example_dags/example_external_task_marker_dag.py for tasks to queue
[2024-09-18T20:43:51.329+0000] {logging_mixin.py:115} INFO - [2024-09-18T20:43:51.329+0000] {dagbag.py:508} INFO - Filling up the DagBag from /home/airflow/.local/lib/python3.7/site-packages/airflow/example_dags/example_external_task_marker_dag.py
[2024-09-18T20:43:51.331+0000] {processor.py:650} INFO - DAG(s) dict_keys(['example_external_task_marker_parent', 'example_external_task_marker_child']) retrieved from /home/airflow/.local/lib/python3.7/site-packages/airflow/example_dags/example_external_task_marker_dag.py
[2024-09-18T20:43:51.404+0000] {logging_mixin.py:115} INFO - [2024-09-18T20:43:51.404+0000] {dag.py:2429} INFO - Sync 2 DAGs
[2024-09-18T20:43:51.414+0000] {logging_mixin.py:115} INFO - [2024-09-18T20:43:51.414+0000] {dag.py:2981} INFO - Setting next_dagrun for example_external_task_marker_child to None, run_after=None
[2024-09-18T20:43:51.418+0000] {logging_mixin.py:115} INFO - [2024-09-18T20:43:51.418+0000] {dag.py:2981} INFO - Setting next_dagrun for example_external_task_marker_parent to None, run_after=None
[2024-09-18T20:43:51.425+0000] {processor.py:161} INFO - Processing /home/airflow/.local/lib/python3.7/site-packages/airflow/example_dags/example_external_task_marker_dag.py took 0.098 seconds
[2024-09-18T20:44:21.514+0000] {processor.py:153} INFO - Started process (PID=1099) to work on /home/airflow/.local/lib/python3.7/site-packages/airflow/example_dags/example_external_task_marker_dag.py
[2024-09-18T20:44:21.514+0000] {processor.py:640} INFO - Processing file /home/airflow/.local/lib/python3.7/site-packages/airflow/example_dags/example_external_task_marker_dag.py for tasks to queue
[2024-09-18T20:44:21.515+0000] {logging_mixin.py:115} INFO - [2024-09-18T20:44:21.515+0000] {dagbag.py:508} INFO - Filling up the DagBag from /home/airflow/.local/lib/python3.7/site-packages/airflow/example_dags/example_external_task_marker_dag.py
[2024-09-18T20:44:21.516+0000] {processor.py:650} INFO - DAG(s) dict_keys(['example_external_task_marker_parent', 'example_external_task_marker_child']) retrieved from /home/airflow/.local/lib/python3.7/site-packages/airflow/example_dags/example_external_task_marker_dag.py
[2024-09-18T20:44:21.587+0000] {logging_mixin.py:115} INFO - [2024-09-18T20:44:21.587+0000] {dag.py:2429} INFO - Sync 2 DAGs
[2024-09-18T20:44:21.598+0000] {logging_mixin.py:115} INFO - [2024-09-18T20:44:21.598+0000] {dag.py:2981} INFO - Setting next_dagrun for example_external_task_marker_child to None, run_after=None
[2024-09-18T20:44:21.598+0000] {logging_mixin.py:115} INFO - [2024-09-18T20:44:21.598+0000] {dag.py:2981} INFO - Setting next_dagrun for example_external_task_marker_parent to None, run_after=None
[2024-09-18T20:44:21.605+0000] {processor.py:161} INFO - Processing /home/airflow/.local/lib/python3.7/site-packages/airflow/example_dags/example_external_task_marker_dag.py took 0.092 seconds
[2024-09-18T20:44:51.687+0000] {processor.py:153} INFO - Started process (PID=1296) to work on /home/airflow/.local/lib/python3.7/site-packages/airflow/example_dags/example_external_task_marker_dag.py
[2024-09-18T20:44:51.687+0000] {processor.py:640} INFO - Processing file /home/airflow/.local/lib/python3.7/site-packages/airflow/example_dags/example_external_task_marker_dag.py for tasks to queue
[2024-09-18T20:44:51.688+0000] {logging_mixin.py:115} INFO - [2024-09-18T20:44:51.687+0000] {dagbag.py:508} INFO - Filling up the DagBag from /home/airflow/.local/lib/python3.7/site-packages/airflow/example_dags/example_external_task_marker_dag.py
[2024-09-18T20:44:51.689+0000] {processor.py:650} INFO - DAG(s) dict_keys(['example_external_task_marker_parent', 'example_external_task_marker_child']) retrieved from /home/airflow/.local/lib/python3.7/site-packages/airflow/example_dags/example_external_task_marker_dag.py
[2024-09-18T20:44:51.758+0000] {logging_mixin.py:115} INFO - [2024-09-18T20:44:51.758+0000] {dag.py:2429} INFO - Sync 2 DAGs
[2024-09-18T20:44:51.769+0000] {logging_mixin.py:115} INFO - [2024-09-18T20:44:51.769+0000] {dag.py:2981} INFO - Setting next_dagrun for example_external_task_marker_child to None, run_after=None
[2024-09-18T20:44:51.769+0000] {logging_mixin.py:115} INFO - [2024-09-18T20:44:51.769+0000] {dag.py:2981} INFO - Setting next_dagrun for example_external_task_marker_parent to None, run_after=None
[2024-09-18T20:44:51.775+0000] {processor.py:161} INFO - Processing /home/airflow/.local/lib/python3.7/site-packages/airflow/example_dags/example_external_task_marker_dag.py took 0.090 seconds
[2024-09-18T20:45:21.942+0000] {processor.py:153} INFO - Started process (PID=1493) to work on /home/airflow/.local/lib/python3.7/site-packages/airflow/example_dags/example_external_task_marker_dag.py
[2024-09-18T20:45:21.942+0000] {processor.py:640} INFO - Processing file /home/airflow/.local/lib/python3.7/site-packages/airflow/example_dags/example_external_task_marker_dag.py for tasks to queue
[2024-09-18T20:45:21.943+0000] {logging_mixin.py:115} INFO - [2024-09-18T20:45:21.943+0000] {dagbag.py:508} INFO - Filling up the DagBag from /home/airflow/.local/lib/python3.7/site-packages/airflow/example_dags/example_external_task_marker_dag.py
[2024-09-18T20:45:21.944+0000] {processor.py:650} INFO - DAG(s) dict_keys(['example_external_task_marker_parent', 'example_external_task_marker_child']) retrieved from /home/airflow/.local/lib/python3.7/site-packages/airflow/example_dags/example_external_task_marker_dag.py
[2024-09-18T20:45:22.019+0000] {logging_mixin.py:115} INFO - [2024-09-18T20:45:22.019+0000] {dag.py:2429} INFO - Sync 2 DAGs
[2024-09-18T20:45:22.029+0000] {logging_mixin.py:115} INFO - [2024-09-18T20:45:22.029+0000] {dag.py:2981} INFO - Setting next_dagrun for example_external_task_marker_child to None, run_after=None
[2024-09-18T20:45:22.030+0000] {logging_mixin.py:115} INFO - [2024-09-18T20:45:22.030+0000] {dag.py:2981} INFO - Setting next_dagrun for example_external_task_marker_parent to None, run_after=None
[2024-09-18T20:45:22.039+0000] {processor.py:161} INFO - Processing /home/airflow/.local/lib/python3.7/site-packages/airflow/example_dags/example_external_task_marker_dag.py took 0.099 seconds
[2024-09-18T20:45:52.130+0000] {processor.py:153} INFO - Started process (PID=1689) to work on /home/airflow/.local/lib/python3.7/site-packages/airflow/example_dags/example_external_task_marker_dag.py
[2024-09-18T20:45:52.130+0000] {processor.py:640} INFO - Processing file /home/airflow/.local/lib/python3.7/site-packages/airflow/example_dags/example_external_task_marker_dag.py for tasks to queue
[2024-09-18T20:45:52.130+0000] {logging_mixin.py:115} INFO - [2024-09-18T20:45:52.130+0000] {dagbag.py:508} INFO - Filling up the DagBag from /home/airflow/.local/lib/python3.7/site-packages/airflow/example_dags/example_external_task_marker_dag.py
[2024-09-18T20:45:52.132+0000] {processor.py:650} INFO - DAG(s) dict_keys(['example_external_task_marker_parent', 'example_external_task_marker_child']) retrieved from /home/airflow/.local/lib/python3.7/site-packages/airflow/example_dags/example_external_task_marker_dag.py
[2024-09-18T20:45:52.209+0000] {logging_mixin.py:115} INFO - [2024-09-18T20:45:52.209+0000] {dag.py:2429} INFO - Sync 2 DAGs
[2024-09-18T20:45:52.218+0000] {logging_mixin.py:115} INFO - [2024-09-18T20:45:52.218+0000] {dag.py:2981} INFO - Setting next_dagrun for example_external_task_marker_child to None, run_after=None
[2024-09-18T20:45:52.218+0000] {logging_mixin.py:115} INFO - [2024-09-18T20:45:52.218+0000] {dag.py:2981} INFO - Setting next_dagrun for example_external_task_marker_parent to None, run_after=None
[2024-09-18T20:45:52.224+0000] {processor.py:161} INFO - Processing /home/airflow/.local/lib/python3.7/site-packages/airflow/example_dags/example_external_task_marker_dag.py took 0.096 seconds
[2024-09-18T20:46:22.365+0000] {processor.py:153} INFO - Started process (PID=1888) to work on /home/airflow/.local/lib/python3.7/site-packages/airflow/example_dags/example_external_task_marker_dag.py
[2024-09-18T20:46:22.365+0000] {processor.py:640} INFO - Processing file /home/airflow/.local/lib/python3.7/site-packages/airflow/example_dags/example_external_task_marker_dag.py for tasks to queue
[2024-09-18T20:46:22.365+0000] {logging_mixin.py:115} INFO - [2024-09-18T20:46:22.365+0000] {dagbag.py:508} INFO - Filling up the DagBag from /home/airflow/.local/lib/python3.7/site-packages/airflow/example_dags/example_external_task_marker_dag.py
[2024-09-18T20:46:22.367+0000] {processor.py:650} INFO - DAG(s) dict_keys(['example_external_task_marker_parent', 'example_external_task_marker_child']) retrieved from /home/airflow/.local/lib/python3.7/site-packages/airflow/example_dags/example_external_task_marker_dag.py
[2024-09-18T20:46:22.456+0000] {logging_mixin.py:115} INFO - [2024-09-18T20:46:22.456+0000] {dag.py:2429} INFO - Sync 2 DAGs
[2024-09-18T20:46:22.465+0000] {logging_mixin.py:115} INFO - [2024-09-18T20:46:22.465+0000] {dag.py:2981} INFO - Setting next_dagrun for example_external_task_marker_child to None, run_after=None
[2024-09-18T20:46:22.465+0000] {logging_mixin.py:115} INFO - [2024-09-18T20:46:22.465+0000] {dag.py:2981} INFO - Setting next_dagrun for example_external_task_marker_parent to None, run_after=None
[2024-09-18T20:46:22.470+0000] {processor.py:161} INFO - Processing /home/airflow/.local/lib/python3.7/site-packages/airflow/example_dags/example_external_task_marker_dag.py took 0.106 seconds
[2024-09-18T20:46:52.707+0000] {processor.py:153} INFO - Started process (PID=2088) to work on /home/airflow/.local/lib/python3.7/site-packages/airflow/example_dags/example_external_task_marker_dag.py
[2024-09-18T20:46:52.708+0000] {processor.py:640} INFO - Processing file /home/airflow/.local/lib/python3.7/site-packages/airflow/example_dags/example_external_task_marker_dag.py for tasks to queue
[2024-09-18T20:46:52.708+0000] {logging_mixin.py:115} INFO - [2024-09-18T20:46:52.708+0000] {dagbag.py:508} INFO - Filling up the DagBag from /home/airflow/.local/lib/python3.7/site-packages/airflow/example_dags/example_external_task_marker_dag.py
[2024-09-18T20:46:52.709+0000] {processor.py:650} INFO - DAG(s) dict_keys(['example_external_task_marker_parent', 'example_external_task_marker_child']) retrieved from /home/airflow/.local/lib/python3.7/site-packages/airflow/example_dags/example_external_task_marker_dag.py
[2024-09-18T20:46:52.781+0000] {logging_mixin.py:115} INFO - [2024-09-18T20:46:52.781+0000] {dag.py:2429} INFO - Sync 2 DAGs
[2024-09-18T20:46:52.791+0000] {logging_mixin.py:115} INFO - [2024-09-18T20:46:52.791+0000] {dag.py:2981} INFO - Setting next_dagrun for example_external_task_marker_child to None, run_after=None
[2024-09-18T20:46:52.791+0000] {logging_mixin.py:115} INFO - [2024-09-18T20:46:52.791+0000] {dag.py:2981} INFO - Setting next_dagrun for example_external_task_marker_parent to None, run_after=None
[2024-09-18T20:46:52.796+0000] {processor.py:161} INFO - Processing /home/airflow/.local/lib/python3.7/site-packages/airflow/example_dags/example_external_task_marker_dag.py took 0.090 seconds
[2024-09-18T20:47:22.831+0000] {processor.py:153} INFO - Started process (PID=2271) to work on /home/airflow/.local/lib/python3.7/site-packages/airflow/example_dags/example_external_task_marker_dag.py
[2024-09-18T20:47:22.832+0000] {processor.py:640} INFO - Processing file /home/airflow/.local/lib/python3.7/site-packages/airflow/example_dags/example_external_task_marker_dag.py for tasks to queue
[2024-09-18T20:47:22.832+0000] {logging_mixin.py:115} INFO - [2024-09-18T20:47:22.832+0000] {dagbag.py:508} INFO - Filling up the DagBag from /home/airflow/.local/lib/python3.7/site-packages/airflow/example_dags/example_external_task_marker_dag.py
[2024-09-18T20:47:22.834+0000] {processor.py:650} INFO - DAG(s) dict_keys(['example_external_task_marker_parent', 'example_external_task_marker_child']) retrieved from /home/airflow/.local/lib/python3.7/site-packages/airflow/example_dags/example_external_task_marker_dag.py
[2024-09-18T20:47:22.909+0000] {logging_mixin.py:115} INFO - [2024-09-18T20:47:22.909+0000] {dag.py:2429} INFO - Sync 2 DAGs
[2024-09-18T20:47:22.917+0000] {logging_mixin.py:115} INFO - [2024-09-18T20:47:22.917+0000] {dag.py:2981} INFO - Setting next_dagrun for example_external_task_marker_child to None, run_after=None
[2024-09-18T20:47:22.920+0000] {logging_mixin.py:115} INFO - [2024-09-18T20:47:22.920+0000] {dag.py:2981} INFO - Setting next_dagrun for example_external_task_marker_parent to None, run_after=None
[2024-09-18T20:47:22.925+0000] {processor.py:161} INFO - Processing /home/airflow/.local/lib/python3.7/site-packages/airflow/example_dags/example_external_task_marker_dag.py took 0.095 seconds
[2024-09-18T20:47:53.080+0000] {processor.py:153} INFO - Started process (PID=2468) to work on /home/airflow/.local/lib/python3.7/site-packages/airflow/example_dags/example_external_task_marker_dag.py
[2024-09-18T20:47:53.081+0000] {processor.py:640} INFO - Processing file /home/airflow/.local/lib/python3.7/site-packages/airflow/example_dags/example_external_task_marker_dag.py for tasks to queue
[2024-09-18T20:47:53.081+0000] {logging_mixin.py:115} INFO - [2024-09-18T20:47:53.081+0000] {dagbag.py:508} INFO - Filling up the DagBag from /home/airflow/.local/lib/python3.7/site-packages/airflow/example_dags/example_external_task_marker_dag.py
[2024-09-18T20:47:53.083+0000] {processor.py:650} INFO - DAG(s) dict_keys(['example_external_task_marker_parent', 'example_external_task_marker_child']) retrieved from /home/airflow/.local/lib/python3.7/site-packages/airflow/example_dags/example_external_task_marker_dag.py
[2024-09-18T20:47:53.159+0000] {logging_mixin.py:115} INFO - [2024-09-18T20:47:53.159+0000] {dag.py:2429} INFO - Sync 2 DAGs
[2024-09-18T20:47:53.169+0000] {logging_mixin.py:115} INFO - [2024-09-18T20:47:53.169+0000] {dag.py:2981} INFO - Setting next_dagrun for example_external_task_marker_child to None, run_after=None
[2024-09-18T20:47:53.170+0000] {logging_mixin.py:115} INFO - [2024-09-18T20:47:53.170+0000] {dag.py:2981} INFO - Setting next_dagrun for example_external_task_marker_parent to None, run_after=None
[2024-09-18T20:47:53.174+0000] {processor.py:161} INFO - Processing /home/airflow/.local/lib/python3.7/site-packages/airflow/example_dags/example_external_task_marker_dag.py took 0.095 seconds
[2024-09-18T20:48:23.199+0000] {processor.py:153} INFO - Started process (PID=2665) to work on /home/airflow/.local/lib/python3.7/site-packages/airflow/example_dags/example_external_task_marker_dag.py
[2024-09-18T20:48:23.200+0000] {processor.py:640} INFO - Processing file /home/airflow/.local/lib/python3.7/site-packages/airflow/example_dags/example_external_task_marker_dag.py for tasks to queue
[2024-09-18T20:48:23.201+0000] {logging_mixin.py:115} INFO - [2024-09-18T20:48:23.201+0000] {dagbag.py:508} INFO - Filling up the DagBag from /home/airflow/.local/lib/python3.7/site-packages/airflow/example_dags/example_external_task_marker_dag.py
[2024-09-18T20:48:23.205+0000] {processor.py:650} INFO - DAG(s) dict_keys(['example_external_task_marker_parent', 'example_external_task_marker_child']) retrieved from /home/airflow/.local/lib/python3.7/site-packages/airflow/example_dags/example_external_task_marker_dag.py
[2024-09-18T20:48:23.284+0000] {logging_mixin.py:115} INFO - [2024-09-18T20:48:23.284+0000] {dag.py:2429} INFO - Sync 2 DAGs
[2024-09-18T20:48:23.293+0000] {logging_mixin.py:115} INFO - [2024-09-18T20:48:23.293+0000] {dag.py:2981} INFO - Setting next_dagrun for example_external_task_marker_child to None, run_after=None
[2024-09-18T20:48:23.294+0000] {logging_mixin.py:115} INFO - [2024-09-18T20:48:23.294+0000] {dag.py:2981} INFO - Setting next_dagrun for example_external_task_marker_parent to None, run_after=None
[2024-09-18T20:48:23.302+0000] {processor.py:161} INFO - Processing /home/airflow/.local/lib/python3.7/site-packages/airflow/example_dags/example_external_task_marker_dag.py took 0.105 seconds
[2024-09-18T20:48:53.358+0000] {processor.py:153} INFO - Started process (PID=2862) to work on /home/airflow/.local/lib/python3.7/site-packages/airflow/example_dags/example_external_task_marker_dag.py
[2024-09-18T20:48:53.360+0000] {processor.py:640} INFO - Processing file /home/airflow/.local/lib/python3.7/site-packages/airflow/example_dags/example_external_task_marker_dag.py for tasks to queue
[2024-09-18T20:48:53.360+0000] {logging_mixin.py:115} INFO - [2024-09-18T20:48:53.360+0000] {dagbag.py:508} INFO - Filling up the DagBag from /home/airflow/.local/lib/python3.7/site-packages/airflow/example_dags/example_external_task_marker_dag.py
[2024-09-18T20:48:53.362+0000] {processor.py:650} INFO - DAG(s) dict_keys(['example_external_task_marker_parent', 'example_external_task_marker_child']) retrieved from /home/airflow/.local/lib/python3.7/site-packages/airflow/example_dags/example_external_task_marker_dag.py
[2024-09-18T20:48:53.431+0000] {logging_mixin.py:115} INFO - [2024-09-18T20:48:53.431+0000] {dag.py:2429} INFO - Sync 2 DAGs
[2024-09-18T20:48:53.440+0000] {logging_mixin.py:115} INFO - [2024-09-18T20:48:53.440+0000] {dag.py:2981} INFO - Setting next_dagrun for example_external_task_marker_child to None, run_after=None
[2024-09-18T20:48:53.440+0000] {logging_mixin.py:115} INFO - [2024-09-18T20:48:53.440+0000] {dag.py:2981} INFO - Setting next_dagrun for example_external_task_marker_parent to None, run_after=None
[2024-09-18T20:48:53.446+0000] {processor.py:161} INFO - Processing /home/airflow/.local/lib/python3.7/site-packages/airflow/example_dags/example_external_task_marker_dag.py took 0.089 seconds
[2024-09-18T20:49:23.588+0000] {processor.py:153} INFO - Started process (PID=3059) to work on /home/airflow/.local/lib/python3.7/site-packages/airflow/example_dags/example_external_task_marker_dag.py
[2024-09-18T20:49:23.589+0000] {processor.py:640} INFO - Processing file /home/airflow/.local/lib/python3.7/site-packages/airflow/example_dags/example_external_task_marker_dag.py for tasks to queue
[2024-09-18T20:49:23.589+0000] {logging_mixin.py:115} INFO - [2024-09-18T20:49:23.589+0000] {dagbag.py:508} INFO - Filling up the DagBag from /home/airflow/.local/lib/python3.7/site-packages/airflow/example_dags/example_external_task_marker_dag.py
[2024-09-18T20:49:23.591+0000] {processor.py:650} INFO - DAG(s) dict_keys(['example_external_task_marker_parent', 'example_external_task_marker_child']) retrieved from /home/airflow/.local/lib/python3.7/site-packages/airflow/example_dags/example_external_task_marker_dag.py
[2024-09-18T20:49:23.668+0000] {logging_mixin.py:115} INFO - [2024-09-18T20:49:23.668+0000] {dag.py:2429} INFO - Sync 2 DAGs
[2024-09-18T20:49:23.676+0000] {logging_mixin.py:115} INFO - [2024-09-18T20:49:23.676+0000] {dag.py:2981} INFO - Setting next_dagrun for example_external_task_marker_child to None, run_after=None
[2024-09-18T20:49:23.676+0000] {logging_mixin.py:115} INFO - [2024-09-18T20:49:23.676+0000] {dag.py:2981} INFO - Setting next_dagrun for example_external_task_marker_parent to None, run_after=None
[2024-09-18T20:49:23.683+0000] {processor.py:161} INFO - Processing /home/airflow/.local/lib/python3.7/site-packages/airflow/example_dags/example_external_task_marker_dag.py took 0.097 seconds
[2024-09-18T20:49:53.936+0000] {processor.py:153} INFO - Started process (PID=3256) to work on /home/airflow/.local/lib/python3.7/site-packages/airflow/example_dags/example_external_task_marker_dag.py
[2024-09-18T20:49:53.937+0000] {processor.py:640} INFO - Processing file /home/airflow/.local/lib/python3.7/site-packages/airflow/example_dags/example_external_task_marker_dag.py for tasks to queue
[2024-09-18T20:49:53.937+0000] {logging_mixin.py:115} INFO - [2024-09-18T20:49:53.937+0000] {dagbag.py:508} INFO - Filling up the DagBag from /home/airflow/.local/lib/python3.7/site-packages/airflow/example_dags/example_external_task_marker_dag.py
[2024-09-18T20:49:53.939+0000] {processor.py:650} INFO - DAG(s) dict_keys(['example_external_task_marker_parent', 'example_external_task_marker_child']) retrieved from /home/airflow/.local/lib/python3.7/site-packages/airflow/example_dags/example_external_task_marker_dag.py
[2024-09-18T20:49:54.012+0000] {logging_mixin.py:115} INFO - [2024-09-18T20:49:54.012+0000] {dag.py:2429} INFO - Sync 2 DAGs
[2024-09-18T20:49:54.021+0000] {logging_mixin.py:115} INFO - [2024-09-18T20:49:54.021+0000] {dag.py:2981} INFO - Setting next_dagrun for example_external_task_marker_child to None, run_after=None
[2024-09-18T20:49:54.022+0000] {logging_mixin.py:115} INFO - [2024-09-18T20:49:54.022+0000] {dag.py:2981} INFO - Setting next_dagrun for example_external_task_marker_parent to None, run_after=None
[2024-09-18T20:49:54.028+0000] {processor.py:161} INFO - Processing /home/airflow/.local/lib/python3.7/site-packages/airflow/example_dags/example_external_task_marker_dag.py took 0.093 seconds
[2024-09-18T20:50:24.117+0000] {processor.py:153} INFO - Started process (PID=3445) to work on /home/airflow/.local/lib/python3.7/site-packages/airflow/example_dags/example_external_task_marker_dag.py
[2024-09-18T20:50:24.118+0000] {processor.py:640} INFO - Processing file /home/airflow/.local/lib/python3.7/site-packages/airflow/example_dags/example_external_task_marker_dag.py for tasks to queue
[2024-09-18T20:50:24.118+0000] {logging_mixin.py:115} INFO - [2024-09-18T20:50:24.118+0000] {dagbag.py:508} INFO - Filling up the DagBag from /home/airflow/.local/lib/python3.7/site-packages/airflow/example_dags/example_external_task_marker_dag.py
[2024-09-18T20:50:24.120+0000] {processor.py:650} INFO - DAG(s) dict_keys(['example_external_task_marker_parent', 'example_external_task_marker_child']) retrieved from /home/airflow/.local/lib/python3.7/site-packages/airflow/example_dags/example_external_task_marker_dag.py
[2024-09-18T20:50:24.195+0000] {logging_mixin.py:115} INFO - [2024-09-18T20:50:24.195+0000] {dag.py:2429} INFO - Sync 2 DAGs
[2024-09-18T20:50:24.204+0000] {logging_mixin.py:115} INFO - [2024-09-18T20:50:24.204+0000] {dag.py:2981} INFO - Setting next_dagrun for example_external_task_marker_child to None, run_after=None
[2024-09-18T20:50:24.205+0000] {logging_mixin.py:115} INFO - [2024-09-18T20:50:24.205+0000] {dag.py:2981} INFO - Setting next_dagrun for example_external_task_marker_parent to None, run_after=None
[2024-09-18T20:50:24.211+0000] {processor.py:161} INFO - Processing /home/airflow/.local/lib/python3.7/site-packages/airflow/example_dags/example_external_task_marker_dag.py took 0.095 seconds
[2024-09-18T20:50:54.415+0000] {processor.py:153} INFO - Started process (PID=3642) to work on /home/airflow/.local/lib/python3.7/site-packages/airflow/example_dags/example_external_task_marker_dag.py
[2024-09-18T20:50:54.415+0000] {processor.py:640} INFO - Processing file /home/airflow/.local/lib/python3.7/site-packages/airflow/example_dags/example_external_task_marker_dag.py for tasks to queue
[2024-09-18T20:50:54.415+0000] {logging_mixin.py:115} INFO - [2024-09-18T20:50:54.415+0000] {dagbag.py:508} INFO - Filling up the DagBag from /home/airflow/.local/lib/python3.7/site-packages/airflow/example_dags/example_external_task_marker_dag.py
[2024-09-18T20:50:54.417+0000] {processor.py:650} INFO - DAG(s) dict_keys(['example_external_task_marker_parent', 'example_external_task_marker_child']) retrieved from /home/airflow/.local/lib/python3.7/site-packages/airflow/example_dags/example_external_task_marker_dag.py
[2024-09-18T20:50:54.494+0000] {logging_mixin.py:115} INFO - [2024-09-18T20:50:54.494+0000] {dag.py:2429} INFO - Sync 2 DAGs
[2024-09-18T20:50:54.502+0000] {logging_mixin.py:115} INFO - [2024-09-18T20:50:54.502+0000] {dag.py:2981} INFO - Setting next_dagrun for example_external_task_marker_child to None, run_after=None
[2024-09-18T20:50:54.502+0000] {logging_mixin.py:115} INFO - [2024-09-18T20:50:54.502+0000] {dag.py:2981} INFO - Setting next_dagrun for example_external_task_marker_parent to None, run_after=None
[2024-09-18T20:50:54.507+0000] {processor.py:161} INFO - Processing /home/airflow/.local/lib/python3.7/site-packages/airflow/example_dags/example_external_task_marker_dag.py took 0.093 seconds
[2024-09-18T20:51:24.586+0000] {processor.py:153} INFO - Started process (PID=3841) to work on /home/airflow/.local/lib/python3.7/site-packages/airflow/example_dags/example_external_task_marker_dag.py
[2024-09-18T20:51:24.587+0000] {processor.py:640} INFO - Processing file /home/airflow/.local/lib/python3.7/site-packages/airflow/example_dags/example_external_task_marker_dag.py for tasks to queue
[2024-09-18T20:51:24.587+0000] {logging_mixin.py:115} INFO - [2024-09-18T20:51:24.587+0000] {dagbag.py:508} INFO - Filling up the DagBag from /home/airflow/.local/lib/python3.7/site-packages/airflow/example_dags/example_external_task_marker_dag.py
[2024-09-18T20:51:24.589+0000] {processor.py:650} INFO - DAG(s) dict_keys(['example_external_task_marker_parent', 'example_external_task_marker_child']) retrieved from /home/airflow/.local/lib/python3.7/site-packages/airflow/example_dags/example_external_task_marker_dag.py
[2024-09-18T20:51:24.661+0000] {logging_mixin.py:115} INFO - [2024-09-18T20:51:24.661+0000] {dag.py:2429} INFO - Sync 2 DAGs
[2024-09-18T20:51:24.670+0000] {logging_mixin.py:115} INFO - [2024-09-18T20:51:24.670+0000] {dag.py:2981} INFO - Setting next_dagrun for example_external_task_marker_child to None, run_after=None
[2024-09-18T20:51:24.670+0000] {logging_mixin.py:115} INFO - [2024-09-18T20:51:24.670+0000] {dag.py:2981} INFO - Setting next_dagrun for example_external_task_marker_parent to None, run_after=None
[2024-09-18T20:51:24.677+0000] {processor.py:161} INFO - Processing /home/airflow/.local/lib/python3.7/site-packages/airflow/example_dags/example_external_task_marker_dag.py took 0.092 seconds
[2024-09-18T20:51:54.749+0000] {processor.py:153} INFO - Started process (PID=4041) to work on /home/airflow/.local/lib/python3.7/site-packages/airflow/example_dags/example_external_task_marker_dag.py
[2024-09-18T20:51:54.749+0000] {processor.py:640} INFO - Processing file /home/airflow/.local/lib/python3.7/site-packages/airflow/example_dags/example_external_task_marker_dag.py for tasks to queue
[2024-09-18T20:51:54.750+0000] {logging_mixin.py:115} INFO - [2024-09-18T20:51:54.750+0000] {dagbag.py:508} INFO - Filling up the DagBag from /home/airflow/.local/lib/python3.7/site-packages/airflow/example_dags/example_external_task_marker_dag.py
[2024-09-18T20:51:54.752+0000] {processor.py:650} INFO - DAG(s) dict_keys(['example_external_task_marker_parent', 'example_external_task_marker_child']) retrieved from /home/airflow/.local/lib/python3.7/site-packages/airflow/example_dags/example_external_task_marker_dag.py
[2024-09-18T20:51:54.825+0000] {logging_mixin.py:115} INFO - [2024-09-18T20:51:54.825+0000] {dag.py:2429} INFO - Sync 2 DAGs
[2024-09-18T20:51:54.835+0000] {logging_mixin.py:115} INFO - [2024-09-18T20:51:54.835+0000] {dag.py:2981} INFO - Setting next_dagrun for example_external_task_marker_child to None, run_after=None
[2024-09-18T20:51:54.835+0000] {logging_mixin.py:115} INFO - [2024-09-18T20:51:54.835+0000] {dag.py:2981} INFO - Setting next_dagrun for example_external_task_marker_parent to None, run_after=None
[2024-09-18T20:51:54.839+0000] {processor.py:161} INFO - Processing /home/airflow/.local/lib/python3.7/site-packages/airflow/example_dags/example_external_task_marker_dag.py took 0.092 seconds
[2024-09-18T20:52:24.858+0000] {processor.py:153} INFO - Started process (PID=4241) to work on /home/airflow/.local/lib/python3.7/site-packages/airflow/example_dags/example_external_task_marker_dag.py
[2024-09-18T20:52:24.858+0000] {processor.py:640} INFO - Processing file /home/airflow/.local/lib/python3.7/site-packages/airflow/example_dags/example_external_task_marker_dag.py for tasks to queue
[2024-09-18T20:52:24.858+0000] {logging_mixin.py:115} INFO - [2024-09-18T20:52:24.858+0000] {dagbag.py:508} INFO - Filling up the DagBag from /home/airflow/.local/lib/python3.7/site-packages/airflow/example_dags/example_external_task_marker_dag.py
[2024-09-18T20:52:24.860+0000] {processor.py:650} INFO - DAG(s) dict_keys(['example_external_task_marker_parent', 'example_external_task_marker_child']) retrieved from /home/airflow/.local/lib/python3.7/site-packages/airflow/example_dags/example_external_task_marker_dag.py
[2024-09-18T20:52:24.931+0000] {logging_mixin.py:115} INFO - [2024-09-18T20:52:24.931+0000] {dag.py:2429} INFO - Sync 2 DAGs
[2024-09-18T20:52:24.940+0000] {logging_mixin.py:115} INFO - [2024-09-18T20:52:24.940+0000] {dag.py:2981} INFO - Setting next_dagrun for example_external_task_marker_child to None, run_after=None
[2024-09-18T20:52:24.940+0000] {logging_mixin.py:115} INFO - [2024-09-18T20:52:24.940+0000] {dag.py:2981} INFO - Setting next_dagrun for example_external_task_marker_parent to None, run_after=None
[2024-09-18T20:52:24.948+0000] {processor.py:161} INFO - Processing /home/airflow/.local/lib/python3.7/site-packages/airflow/example_dags/example_external_task_marker_dag.py took 0.091 seconds
[2024-09-18T20:52:55.003+0000] {processor.py:153} INFO - Started process (PID=4438) to work on /home/airflow/.local/lib/python3.7/site-packages/airflow/example_dags/example_external_task_marker_dag.py
[2024-09-18T20:52:55.004+0000] {processor.py:640} INFO - Processing file /home/airflow/.local/lib/python3.7/site-packages/airflow/example_dags/example_external_task_marker_dag.py for tasks to queue
[2024-09-18T20:52:55.004+0000] {logging_mixin.py:115} INFO - [2024-09-18T20:52:55.004+0000] {dagbag.py:508} INFO - Filling up the DagBag from /home/airflow/.local/lib/python3.7/site-packages/airflow/example_dags/example_external_task_marker_dag.py
[2024-09-18T20:52:55.006+0000] {processor.py:650} INFO - DAG(s) dict_keys(['example_external_task_marker_parent', 'example_external_task_marker_child']) retrieved from /home/airflow/.local/lib/python3.7/site-packages/airflow/example_dags/example_external_task_marker_dag.py
[2024-09-18T20:52:55.079+0000] {logging_mixin.py:115} INFO - [2024-09-18T20:52:55.078+0000] {dag.py:2429} INFO - Sync 2 DAGs
[2024-09-18T20:52:55.087+0000] {logging_mixin.py:115} INFO - [2024-09-18T20:52:55.087+0000] {dag.py:2981} INFO - Setting next_dagrun for example_external_task_marker_child to None, run_after=None
[2024-09-18T20:52:55.089+0000] {logging_mixin.py:115} INFO - [2024-09-18T20:52:55.089+0000] {dag.py:2981} INFO - Setting next_dagrun for example_external_task_marker_parent to None, run_after=None
[2024-09-18T20:52:55.094+0000] {processor.py:161} INFO - Processing /home/airflow/.local/lib/python3.7/site-packages/airflow/example_dags/example_external_task_marker_dag.py took 0.092 seconds
[2024-09-18T20:53:25.180+0000] {processor.py:153} INFO - Started process (PID=4628) to work on /home/airflow/.local/lib/python3.7/site-packages/airflow/example_dags/example_external_task_marker_dag.py
[2024-09-18T20:53:25.181+0000] {processor.py:640} INFO - Processing file /home/airflow/.local/lib/python3.7/site-packages/airflow/example_dags/example_external_task_marker_dag.py for tasks to queue
[2024-09-18T20:53:25.181+0000] {logging_mixin.py:115} INFO - [2024-09-18T20:53:25.181+0000] {dagbag.py:508} INFO - Filling up the DagBag from /home/airflow/.local/lib/python3.7/site-packages/airflow/example_dags/example_external_task_marker_dag.py
[2024-09-18T20:53:25.183+0000] {processor.py:650} INFO - DAG(s) dict_keys(['example_external_task_marker_parent', 'example_external_task_marker_child']) retrieved from /home/airflow/.local/lib/python3.7/site-packages/airflow/example_dags/example_external_task_marker_dag.py
[2024-09-18T20:53:25.256+0000] {logging_mixin.py:115} INFO - [2024-09-18T20:53:25.256+0000] {dag.py:2429} INFO - Sync 2 DAGs
[2024-09-18T20:53:25.265+0000] {logging_mixin.py:115} INFO - [2024-09-18T20:53:25.265+0000] {dag.py:2981} INFO - Setting next_dagrun for example_external_task_marker_child to None, run_after=None
[2024-09-18T20:53:25.267+0000] {logging_mixin.py:115} INFO - [2024-09-18T20:53:25.266+0000] {dag.py:2981} INFO - Setting next_dagrun for example_external_task_marker_parent to None, run_after=None
[2024-09-18T20:53:25.271+0000] {processor.py:161} INFO - Processing /home/airflow/.local/lib/python3.7/site-packages/airflow/example_dags/example_external_task_marker_dag.py took 0.092 seconds
[2024-09-18T20:53:55.302+0000] {processor.py:153} INFO - Started process (PID=4825) to work on /home/airflow/.local/lib/python3.7/site-packages/airflow/example_dags/example_external_task_marker_dag.py
[2024-09-18T20:53:55.302+0000] {processor.py:640} INFO - Processing file /home/airflow/.local/lib/python3.7/site-packages/airflow/example_dags/example_external_task_marker_dag.py for tasks to queue
[2024-09-18T20:53:55.303+0000] {logging_mixin.py:115} INFO - [2024-09-18T20:53:55.302+0000] {dagbag.py:508} INFO - Filling up the DagBag from /home/airflow/.local/lib/python3.7/site-packages/airflow/example_dags/example_external_task_marker_dag.py
[2024-09-18T20:53:55.304+0000] {processor.py:650} INFO - DAG(s) dict_keys(['example_external_task_marker_parent', 'example_external_task_marker_child']) retrieved from /home/airflow/.local/lib/python3.7/site-packages/airflow/example_dags/example_external_task_marker_dag.py
[2024-09-18T20:53:55.378+0000] {logging_mixin.py:115} INFO - [2024-09-18T20:53:55.378+0000] {dag.py:2429} INFO - Sync 2 DAGs
[2024-09-18T20:53:55.386+0000] {logging_mixin.py:115} INFO - [2024-09-18T20:53:55.386+0000] {dag.py:2981} INFO - Setting next_dagrun for example_external_task_marker_child to None, run_after=None
[2024-09-18T20:53:55.388+0000] {logging_mixin.py:115} INFO - [2024-09-18T20:53:55.388+0000] {dag.py:2981} INFO - Setting next_dagrun for example_external_task_marker_parent to None, run_after=None
[2024-09-18T20:53:55.393+0000] {processor.py:161} INFO - Processing /home/airflow/.local/lib/python3.7/site-packages/airflow/example_dags/example_external_task_marker_dag.py took 0.093 seconds
[2024-09-18T20:54:25.424+0000] {processor.py:153} INFO - Started process (PID=5022) to work on /home/airflow/.local/lib/python3.7/site-packages/airflow/example_dags/example_external_task_marker_dag.py
[2024-09-18T20:54:25.424+0000] {processor.py:640} INFO - Processing file /home/airflow/.local/lib/python3.7/site-packages/airflow/example_dags/example_external_task_marker_dag.py for tasks to queue
[2024-09-18T20:54:25.424+0000] {logging_mixin.py:115} INFO - [2024-09-18T20:54:25.424+0000] {dagbag.py:508} INFO - Filling up the DagBag from /home/airflow/.local/lib/python3.7/site-packages/airflow/example_dags/example_external_task_marker_dag.py
[2024-09-18T20:54:25.426+0000] {processor.py:650} INFO - DAG(s) dict_keys(['example_external_task_marker_parent', 'example_external_task_marker_child']) retrieved from /home/airflow/.local/lib/python3.7/site-packages/airflow/example_dags/example_external_task_marker_dag.py
[2024-09-18T20:54:25.501+0000] {logging_mixin.py:115} INFO - [2024-09-18T20:54:25.501+0000] {dag.py:2429} INFO - Sync 2 DAGs
[2024-09-18T20:54:25.511+0000] {logging_mixin.py:115} INFO - [2024-09-18T20:54:25.511+0000] {dag.py:2981} INFO - Setting next_dagrun for example_external_task_marker_child to None, run_after=None
[2024-09-18T20:54:25.511+0000] {logging_mixin.py:115} INFO - [2024-09-18T20:54:25.511+0000] {dag.py:2981} INFO - Setting next_dagrun for example_external_task_marker_parent to None, run_after=None
[2024-09-18T20:54:25.518+0000] {processor.py:161} INFO - Processing /home/airflow/.local/lib/python3.7/site-packages/airflow/example_dags/example_external_task_marker_dag.py took 0.096 seconds
[2024-09-18T20:54:55.702+0000] {processor.py:153} INFO - Started process (PID=5216) to work on /home/airflow/.local/lib/python3.7/site-packages/airflow/example_dags/example_external_task_marker_dag.py
[2024-09-18T20:54:55.703+0000] {processor.py:640} INFO - Processing file /home/airflow/.local/lib/python3.7/site-packages/airflow/example_dags/example_external_task_marker_dag.py for tasks to queue
[2024-09-18T20:54:55.703+0000] {logging_mixin.py:115} INFO - [2024-09-18T20:54:55.703+0000] {dagbag.py:508} INFO - Filling up the DagBag from /home/airflow/.local/lib/python3.7/site-packages/airflow/example_dags/example_external_task_marker_dag.py
[2024-09-18T20:54:55.705+0000] {processor.py:650} INFO - DAG(s) dict_keys(['example_external_task_marker_parent', 'example_external_task_marker_child']) retrieved from /home/airflow/.local/lib/python3.7/site-packages/airflow/example_dags/example_external_task_marker_dag.py
[2024-09-18T20:54:55.784+0000] {logging_mixin.py:115} INFO - [2024-09-18T20:54:55.784+0000] {dag.py:2429} INFO - Sync 2 DAGs
[2024-09-18T20:54:55.793+0000] {logging_mixin.py:115} INFO - [2024-09-18T20:54:55.792+0000] {dag.py:2981} INFO - Setting next_dagrun for example_external_task_marker_child to None, run_after=None
[2024-09-18T20:54:55.793+0000] {logging_mixin.py:115} INFO - [2024-09-18T20:54:55.793+0000] {dag.py:2981} INFO - Setting next_dagrun for example_external_task_marker_parent to None, run_after=None
[2024-09-18T20:54:55.801+0000] {processor.py:161} INFO - Processing /home/airflow/.local/lib/python3.7/site-packages/airflow/example_dags/example_external_task_marker_dag.py took 0.100 seconds
[2024-09-18T20:55:25.817+0000] {processor.py:153} INFO - Started process (PID=5411) to work on /home/airflow/.local/lib/python3.7/site-packages/airflow/example_dags/example_external_task_marker_dag.py
[2024-09-18T20:55:25.821+0000] {processor.py:640} INFO - Processing file /home/airflow/.local/lib/python3.7/site-packages/airflow/example_dags/example_external_task_marker_dag.py for tasks to queue
[2024-09-18T20:55:25.821+0000] {logging_mixin.py:115} INFO - [2024-09-18T20:55:25.821+0000] {dagbag.py:508} INFO - Filling up the DagBag from /home/airflow/.local/lib/python3.7/site-packages/airflow/example_dags/example_external_task_marker_dag.py
[2024-09-18T20:55:25.823+0000] {processor.py:650} INFO - DAG(s) dict_keys(['example_external_task_marker_parent', 'example_external_task_marker_child']) retrieved from /home/airflow/.local/lib/python3.7/site-packages/airflow/example_dags/example_external_task_marker_dag.py
[2024-09-18T20:55:25.894+0000] {logging_mixin.py:115} INFO - [2024-09-18T20:55:25.894+0000] {dag.py:2429} INFO - Sync 2 DAGs
[2024-09-18T20:55:25.904+0000] {logging_mixin.py:115} INFO - [2024-09-18T20:55:25.904+0000] {dag.py:2981} INFO - Setting next_dagrun for example_external_task_marker_child to None, run_after=None
[2024-09-18T20:55:25.904+0000] {logging_mixin.py:115} INFO - [2024-09-18T20:55:25.904+0000] {dag.py:2981} INFO - Setting next_dagrun for example_external_task_marker_parent to None, run_after=None
[2024-09-18T20:55:25.908+0000] {processor.py:161} INFO - Processing /home/airflow/.local/lib/python3.7/site-packages/airflow/example_dags/example_external_task_marker_dag.py took 0.093 seconds
[2024-09-18T20:55:55.987+0000] {processor.py:153} INFO - Started process (PID=5609) to work on /home/airflow/.local/lib/python3.7/site-packages/airflow/example_dags/example_external_task_marker_dag.py
[2024-09-18T20:55:55.987+0000] {processor.py:640} INFO - Processing file /home/airflow/.local/lib/python3.7/site-packages/airflow/example_dags/example_external_task_marker_dag.py for tasks to queue
[2024-09-18T20:55:55.987+0000] {logging_mixin.py:115} INFO - [2024-09-18T20:55:55.987+0000] {dagbag.py:508} INFO - Filling up the DagBag from /home/airflow/.local/lib/python3.7/site-packages/airflow/example_dags/example_external_task_marker_dag.py
[2024-09-18T20:55:55.989+0000] {processor.py:650} INFO - DAG(s) dict_keys(['example_external_task_marker_parent', 'example_external_task_marker_child']) retrieved from /home/airflow/.local/lib/python3.7/site-packages/airflow/example_dags/example_external_task_marker_dag.py
[2024-09-18T20:55:56.056+0000] {logging_mixin.py:115} INFO - [2024-09-18T20:55:56.056+0000] {dag.py:2429} INFO - Sync 2 DAGs
[2024-09-18T20:55:56.065+0000] {logging_mixin.py:115} INFO - [2024-09-18T20:55:56.065+0000] {dag.py:2981} INFO - Setting next_dagrun for example_external_task_marker_child to None, run_after=None
[2024-09-18T20:55:56.066+0000] {logging_mixin.py:115} INFO - [2024-09-18T20:55:56.066+0000] {dag.py:2981} INFO - Setting next_dagrun for example_external_task_marker_parent to None, run_after=None
[2024-09-18T20:55:56.071+0000] {processor.py:161} INFO - Processing /home/airflow/.local/lib/python3.7/site-packages/airflow/example_dags/example_external_task_marker_dag.py took 0.086 seconds
[2024-09-18T20:56:26.104+0000] {processor.py:153} INFO - Started process (PID=5797) to work on /home/airflow/.local/lib/python3.7/site-packages/airflow/example_dags/example_external_task_marker_dag.py
[2024-09-18T20:56:26.104+0000] {processor.py:640} INFO - Processing file /home/airflow/.local/lib/python3.7/site-packages/airflow/example_dags/example_external_task_marker_dag.py for tasks to queue
[2024-09-18T20:56:26.105+0000] {logging_mixin.py:115} INFO - [2024-09-18T20:56:26.105+0000] {dagbag.py:508} INFO - Filling up the DagBag from /home/airflow/.local/lib/python3.7/site-packages/airflow/example_dags/example_external_task_marker_dag.py
[2024-09-18T20:56:26.107+0000] {processor.py:650} INFO - DAG(s) dict_keys(['example_external_task_marker_parent', 'example_external_task_marker_child']) retrieved from /home/airflow/.local/lib/python3.7/site-packages/airflow/example_dags/example_external_task_marker_dag.py
[2024-09-18T20:56:26.182+0000] {logging_mixin.py:115} INFO - [2024-09-18T20:56:26.182+0000] {dag.py:2429} INFO - Sync 2 DAGs
[2024-09-18T20:56:26.191+0000] {logging_mixin.py:115} INFO - [2024-09-18T20:56:26.191+0000] {dag.py:2981} INFO - Setting next_dagrun for example_external_task_marker_child to None, run_after=None
[2024-09-18T20:56:26.193+0000] {logging_mixin.py:115} INFO - [2024-09-18T20:56:26.193+0000] {dag.py:2981} INFO - Setting next_dagrun for example_external_task_marker_parent to None, run_after=None
[2024-09-18T20:56:26.199+0000] {processor.py:161} INFO - Processing /home/airflow/.local/lib/python3.7/site-packages/airflow/example_dags/example_external_task_marker_dag.py took 0.096 seconds
[2024-09-18T20:56:57.177+0000] {processor.py:153} INFO - Started process (PID=5993) to work on /home/airflow/.local/lib/python3.7/site-packages/airflow/example_dags/example_external_task_marker_dag.py
[2024-09-18T20:56:57.180+0000] {processor.py:640} INFO - Processing file /home/airflow/.local/lib/python3.7/site-packages/airflow/example_dags/example_external_task_marker_dag.py for tasks to queue
[2024-09-18T20:56:57.181+0000] {logging_mixin.py:115} INFO - [2024-09-18T20:56:57.181+0000] {dagbag.py:508} INFO - Filling up the DagBag from /home/airflow/.local/lib/python3.7/site-packages/airflow/example_dags/example_external_task_marker_dag.py
[2024-09-18T20:56:57.184+0000] {processor.py:650} INFO - DAG(s) dict_keys(['example_external_task_marker_parent', 'example_external_task_marker_child']) retrieved from /home/airflow/.local/lib/python3.7/site-packages/airflow/example_dags/example_external_task_marker_dag.py
[2024-09-18T20:56:57.263+0000] {logging_mixin.py:115} INFO - [2024-09-18T20:56:57.263+0000] {dag.py:2429} INFO - Sync 2 DAGs
[2024-09-18T20:56:57.272+0000] {logging_mixin.py:115} INFO - [2024-09-18T20:56:57.272+0000] {dag.py:2981} INFO - Setting next_dagrun for example_external_task_marker_child to None, run_after=None
[2024-09-18T20:56:57.273+0000] {logging_mixin.py:115} INFO - [2024-09-18T20:56:57.273+0000] {dag.py:2981} INFO - Setting next_dagrun for example_external_task_marker_parent to None, run_after=None
[2024-09-18T20:56:57.277+0000] {processor.py:161} INFO - Processing /home/airflow/.local/lib/python3.7/site-packages/airflow/example_dags/example_external_task_marker_dag.py took 0.103 seconds
[2024-09-18T20:57:27.316+0000] {processor.py:153} INFO - Started process (PID=6191) to work on /home/airflow/.local/lib/python3.7/site-packages/airflow/example_dags/example_external_task_marker_dag.py
[2024-09-18T20:57:27.319+0000] {processor.py:640} INFO - Processing file /home/airflow/.local/lib/python3.7/site-packages/airflow/example_dags/example_external_task_marker_dag.py for tasks to queue
[2024-09-18T20:57:27.321+0000] {logging_mixin.py:115} INFO - [2024-09-18T20:57:27.321+0000] {dagbag.py:508} INFO - Filling up the DagBag from /home/airflow/.local/lib/python3.7/site-packages/airflow/example_dags/example_external_task_marker_dag.py
[2024-09-18T20:57:27.323+0000] {processor.py:650} INFO - DAG(s) dict_keys(['example_external_task_marker_parent', 'example_external_task_marker_child']) retrieved from /home/airflow/.local/lib/python3.7/site-packages/airflow/example_dags/example_external_task_marker_dag.py
[2024-09-18T20:57:27.400+0000] {logging_mixin.py:115} INFO - [2024-09-18T20:57:27.400+0000] {dag.py:2429} INFO - Sync 2 DAGs
[2024-09-18T20:57:27.408+0000] {logging_mixin.py:115} INFO - [2024-09-18T20:57:27.408+0000] {dag.py:2981} INFO - Setting next_dagrun for example_external_task_marker_child to None, run_after=None
[2024-09-18T20:57:27.408+0000] {logging_mixin.py:115} INFO - [2024-09-18T20:57:27.408+0000] {dag.py:2981} INFO - Setting next_dagrun for example_external_task_marker_parent to None, run_after=None
[2024-09-18T20:57:27.417+0000] {processor.py:161} INFO - Processing /home/airflow/.local/lib/python3.7/site-packages/airflow/example_dags/example_external_task_marker_dag.py took 0.104 seconds
[2024-09-18T20:57:57.531+0000] {processor.py:153} INFO - Started process (PID=6388) to work on /home/airflow/.local/lib/python3.7/site-packages/airflow/example_dags/example_external_task_marker_dag.py
[2024-09-18T20:57:57.533+0000] {processor.py:640} INFO - Processing file /home/airflow/.local/lib/python3.7/site-packages/airflow/example_dags/example_external_task_marker_dag.py for tasks to queue
[2024-09-18T20:57:57.533+0000] {logging_mixin.py:115} INFO - [2024-09-18T20:57:57.533+0000] {dagbag.py:508} INFO - Filling up the DagBag from /home/airflow/.local/lib/python3.7/site-packages/airflow/example_dags/example_external_task_marker_dag.py
[2024-09-18T20:57:57.537+0000] {processor.py:650} INFO - DAG(s) dict_keys(['example_external_task_marker_parent', 'example_external_task_marker_child']) retrieved from /home/airflow/.local/lib/python3.7/site-packages/airflow/example_dags/example_external_task_marker_dag.py
[2024-09-18T20:57:57.623+0000] {logging_mixin.py:115} INFO - [2024-09-18T20:57:57.623+0000] {dag.py:2429} INFO - Sync 2 DAGs
[2024-09-18T20:57:57.632+0000] {logging_mixin.py:115} INFO - [2024-09-18T20:57:57.632+0000] {dag.py:2981} INFO - Setting next_dagrun for example_external_task_marker_child to None, run_after=None
[2024-09-18T20:57:57.633+0000] {logging_mixin.py:115} INFO - [2024-09-18T20:57:57.633+0000] {dag.py:2981} INFO - Setting next_dagrun for example_external_task_marker_parent to None, run_after=None
[2024-09-18T20:57:57.638+0000] {processor.py:161} INFO - Processing /home/airflow/.local/lib/python3.7/site-packages/airflow/example_dags/example_external_task_marker_dag.py took 0.110 seconds
[2024-09-18T20:58:27.676+0000] {processor.py:153} INFO - Started process (PID=6583) to work on /home/airflow/.local/lib/python3.7/site-packages/airflow/example_dags/example_external_task_marker_dag.py
[2024-09-18T20:58:27.678+0000] {processor.py:640} INFO - Processing file /home/airflow/.local/lib/python3.7/site-packages/airflow/example_dags/example_external_task_marker_dag.py for tasks to queue
[2024-09-18T20:58:27.678+0000] {logging_mixin.py:115} INFO - [2024-09-18T20:58:27.678+0000] {dagbag.py:508} INFO - Filling up the DagBag from /home/airflow/.local/lib/python3.7/site-packages/airflow/example_dags/example_external_task_marker_dag.py
[2024-09-18T20:58:27.680+0000] {processor.py:650} INFO - DAG(s) dict_keys(['example_external_task_marker_parent', 'example_external_task_marker_child']) retrieved from /home/airflow/.local/lib/python3.7/site-packages/airflow/example_dags/example_external_task_marker_dag.py
[2024-09-18T20:58:27.759+0000] {logging_mixin.py:115} INFO - [2024-09-18T20:58:27.759+0000] {dag.py:2429} INFO - Sync 2 DAGs
[2024-09-18T20:58:27.771+0000] {logging_mixin.py:115} INFO - [2024-09-18T20:58:27.771+0000] {dag.py:2981} INFO - Setting next_dagrun for example_external_task_marker_child to None, run_after=None
[2024-09-18T20:58:27.771+0000] {logging_mixin.py:115} INFO - [2024-09-18T20:58:27.771+0000] {dag.py:2981} INFO - Setting next_dagrun for example_external_task_marker_parent to None, run_after=None
[2024-09-18T20:58:27.777+0000] {processor.py:161} INFO - Processing /home/airflow/.local/lib/python3.7/site-packages/airflow/example_dags/example_external_task_marker_dag.py took 0.103 seconds
[2024-09-18T20:58:57.961+0000] {processor.py:153} INFO - Started process (PID=6781) to work on /home/airflow/.local/lib/python3.7/site-packages/airflow/example_dags/example_external_task_marker_dag.py
[2024-09-18T20:58:57.965+0000] {processor.py:640} INFO - Processing file /home/airflow/.local/lib/python3.7/site-packages/airflow/example_dags/example_external_task_marker_dag.py for tasks to queue
[2024-09-18T20:58:57.966+0000] {logging_mixin.py:115} INFO - [2024-09-18T20:58:57.966+0000] {dagbag.py:508} INFO - Filling up the DagBag from /home/airflow/.local/lib/python3.7/site-packages/airflow/example_dags/example_external_task_marker_dag.py
[2024-09-18T20:58:57.970+0000] {processor.py:650} INFO - DAG(s) dict_keys(['example_external_task_marker_parent', 'example_external_task_marker_child']) retrieved from /home/airflow/.local/lib/python3.7/site-packages/airflow/example_dags/example_external_task_marker_dag.py
[2024-09-18T20:58:58.050+0000] {logging_mixin.py:115} INFO - [2024-09-18T20:58:58.050+0000] {dag.py:2429} INFO - Sync 2 DAGs
[2024-09-18T20:58:58.062+0000] {logging_mixin.py:115} INFO - [2024-09-18T20:58:58.062+0000] {dag.py:2981} INFO - Setting next_dagrun for example_external_task_marker_child to None, run_after=None
[2024-09-18T20:58:58.062+0000] {logging_mixin.py:115} INFO - [2024-09-18T20:58:58.062+0000] {dag.py:2981} INFO - Setting next_dagrun for example_external_task_marker_parent to None, run_after=None
[2024-09-18T20:58:58.068+0000] {processor.py:161} INFO - Processing /home/airflow/.local/lib/python3.7/site-packages/airflow/example_dags/example_external_task_marker_dag.py took 0.110 seconds
[2024-09-18T20:59:28.225+0000] {processor.py:153} INFO - Started process (PID=6975) to work on /home/airflow/.local/lib/python3.7/site-packages/airflow/example_dags/example_external_task_marker_dag.py
[2024-09-18T20:59:28.226+0000] {processor.py:640} INFO - Processing file /home/airflow/.local/lib/python3.7/site-packages/airflow/example_dags/example_external_task_marker_dag.py for tasks to queue
[2024-09-18T20:59:28.229+0000] {logging_mixin.py:115} INFO - [2024-09-18T20:59:28.229+0000] {dagbag.py:508} INFO - Filling up the DagBag from /home/airflow/.local/lib/python3.7/site-packages/airflow/example_dags/example_external_task_marker_dag.py
[2024-09-18T20:59:28.233+0000] {processor.py:650} INFO - DAG(s) dict_keys(['example_external_task_marker_parent', 'example_external_task_marker_child']) retrieved from /home/airflow/.local/lib/python3.7/site-packages/airflow/example_dags/example_external_task_marker_dag.py
[2024-09-18T20:59:28.320+0000] {logging_mixin.py:115} INFO - [2024-09-18T20:59:28.320+0000] {dag.py:2429} INFO - Sync 2 DAGs
[2024-09-18T20:59:28.329+0000] {logging_mixin.py:115} INFO - [2024-09-18T20:59:28.329+0000] {dag.py:2981} INFO - Setting next_dagrun for example_external_task_marker_child to None, run_after=None
[2024-09-18T20:59:28.330+0000] {logging_mixin.py:115} INFO - [2024-09-18T20:59:28.330+0000] {dag.py:2981} INFO - Setting next_dagrun for example_external_task_marker_parent to None, run_after=None
[2024-09-18T20:59:28.336+0000] {processor.py:161} INFO - Processing /home/airflow/.local/lib/python3.7/site-packages/airflow/example_dags/example_external_task_marker_dag.py took 0.114 seconds
[2024-09-18T20:59:58.410+0000] {processor.py:153} INFO - Started process (PID=7166) to work on /home/airflow/.local/lib/python3.7/site-packages/airflow/example_dags/example_external_task_marker_dag.py
[2024-09-18T20:59:58.418+0000] {processor.py:640} INFO - Processing file /home/airflow/.local/lib/python3.7/site-packages/airflow/example_dags/example_external_task_marker_dag.py for tasks to queue
[2024-09-18T20:59:58.418+0000] {logging_mixin.py:115} INFO - [2024-09-18T20:59:58.418+0000] {dagbag.py:508} INFO - Filling up the DagBag from /home/airflow/.local/lib/python3.7/site-packages/airflow/example_dags/example_external_task_marker_dag.py
[2024-09-18T20:59:58.421+0000] {processor.py:650} INFO - DAG(s) dict_keys(['example_external_task_marker_parent', 'example_external_task_marker_child']) retrieved from /home/airflow/.local/lib/python3.7/site-packages/airflow/example_dags/example_external_task_marker_dag.py
[2024-09-18T20:59:58.507+0000] {logging_mixin.py:115} INFO - [2024-09-18T20:59:58.507+0000] {dag.py:2429} INFO - Sync 2 DAGs
[2024-09-18T20:59:58.515+0000] {logging_mixin.py:115} INFO - [2024-09-18T20:59:58.515+0000] {dag.py:2981} INFO - Setting next_dagrun for example_external_task_marker_child to None, run_after=None
[2024-09-18T20:59:58.515+0000] {logging_mixin.py:115} INFO - [2024-09-18T20:59:58.515+0000] {dag.py:2981} INFO - Setting next_dagrun for example_external_task_marker_parent to None, run_after=None
[2024-09-18T20:59:58.522+0000] {processor.py:161} INFO - Processing /home/airflow/.local/lib/python3.7/site-packages/airflow/example_dags/example_external_task_marker_dag.py took 0.115 seconds
[2024-09-18T21:00:28.665+0000] {processor.py:153} INFO - Started process (PID=7363) to work on /home/airflow/.local/lib/python3.7/site-packages/airflow/example_dags/example_external_task_marker_dag.py
[2024-09-18T21:00:28.668+0000] {processor.py:640} INFO - Processing file /home/airflow/.local/lib/python3.7/site-packages/airflow/example_dags/example_external_task_marker_dag.py for tasks to queue
[2024-09-18T21:00:28.669+0000] {logging_mixin.py:115} INFO - [2024-09-18T21:00:28.669+0000] {dagbag.py:508} INFO - Filling up the DagBag from /home/airflow/.local/lib/python3.7/site-packages/airflow/example_dags/example_external_task_marker_dag.py
[2024-09-18T21:00:28.671+0000] {processor.py:650} INFO - DAG(s) dict_keys(['example_external_task_marker_parent', 'example_external_task_marker_child']) retrieved from /home/airflow/.local/lib/python3.7/site-packages/airflow/example_dags/example_external_task_marker_dag.py
[2024-09-18T21:00:28.750+0000] {logging_mixin.py:115} INFO - [2024-09-18T21:00:28.750+0000] {dag.py:2429} INFO - Sync 2 DAGs
[2024-09-18T21:00:28.760+0000] {logging_mixin.py:115} INFO - [2024-09-18T21:00:28.760+0000] {dag.py:2981} INFO - Setting next_dagrun for example_external_task_marker_child to None, run_after=None
[2024-09-18T21:00:28.760+0000] {logging_mixin.py:115} INFO - [2024-09-18T21:00:28.760+0000] {dag.py:2981} INFO - Setting next_dagrun for example_external_task_marker_parent to None, run_after=None
[2024-09-18T21:00:28.767+0000] {processor.py:161} INFO - Processing /home/airflow/.local/lib/python3.7/site-packages/airflow/example_dags/example_external_task_marker_dag.py took 0.105 seconds
