[2024-09-18T20:42:19.510+0000] {processor.py:153} INFO - Started process (PID=208) to work on /home/airflow/.local/lib/python3.7/site-packages/airflow/example_dags/example_branch_day_of_week_operator.py
[2024-09-18T20:42:19.511+0000] {processor.py:640} INFO - Processing file /home/airflow/.local/lib/python3.7/site-packages/airflow/example_dags/example_branch_day_of_week_operator.py for tasks to queue
[2024-09-18T20:42:19.511+0000] {logging_mixin.py:115} INFO - [2024-09-18T20:42:19.511+0000] {dagbag.py:508} INFO - Filling up the DagBag from /home/airflow/.local/lib/python3.7/site-packages/airflow/example_dags/example_branch_day_of_week_operator.py
[2024-09-18T20:42:19.516+0000] {processor.py:650} INFO - DAG(s) dict_keys(['example_weekday_branch_operator']) retrieved from /home/airflow/.local/lib/python3.7/site-packages/airflow/example_dags/example_branch_day_of_week_operator.py
[2024-09-18T20:42:19.556+0000] {logging_mixin.py:115} INFO - [2024-09-18T20:42:19.556+0000] {manager.py:508} INFO - Created Permission View: can edit on DAG:example_weekday_branch_operator
[2024-09-18T20:42:19.560+0000] {logging_mixin.py:115} INFO - [2024-09-18T20:42:19.560+0000] {manager.py:508} INFO - Created Permission View: can read on DAG:example_weekday_branch_operator
[2024-09-18T20:42:19.563+0000] {logging_mixin.py:115} INFO - [2024-09-18T20:42:19.563+0000] {manager.py:508} INFO - Created Permission View: can delete on DAG:example_weekday_branch_operator
[2024-09-18T20:42:19.563+0000] {logging_mixin.py:115} INFO - [2024-09-18T20:42:19.563+0000] {dag.py:2429} INFO - Sync 1 DAGs
[2024-09-18T20:42:19.568+0000] {logging_mixin.py:115} INFO - [2024-09-18T20:42:19.568+0000] {dag.py:2448} INFO - Creating ORM DAG for example_weekday_branch_operator
[2024-09-18T20:42:19.574+0000] {logging_mixin.py:115} INFO - [2024-09-18T20:42:19.574+0000] {dag.py:2981} INFO - Setting next_dagrun for example_weekday_branch_operator to 2024-09-17T00:00:00+00:00, run_after=2024-09-18T00:00:00+00:00
[2024-09-18T20:42:19.582+0000] {processor.py:161} INFO - Processing /home/airflow/.local/lib/python3.7/site-packages/airflow/example_dags/example_branch_day_of_week_operator.py took 0.074 seconds
[2024-09-18T20:42:50.335+0000] {processor.py:153} INFO - Started process (PID=404) to work on /home/airflow/.local/lib/python3.7/site-packages/airflow/example_dags/example_branch_day_of_week_operator.py
[2024-09-18T20:42:50.335+0000] {processor.py:640} INFO - Processing file /home/airflow/.local/lib/python3.7/site-packages/airflow/example_dags/example_branch_day_of_week_operator.py for tasks to queue
[2024-09-18T20:42:50.335+0000] {logging_mixin.py:115} INFO - [2024-09-18T20:42:50.335+0000] {dagbag.py:508} INFO - Filling up the DagBag from /home/airflow/.local/lib/python3.7/site-packages/airflow/example_dags/example_branch_day_of_week_operator.py
[2024-09-18T20:42:50.339+0000] {processor.py:650} INFO - DAG(s) dict_keys(['example_weekday_branch_operator']) retrieved from /home/airflow/.local/lib/python3.7/site-packages/airflow/example_dags/example_branch_day_of_week_operator.py
[2024-09-18T20:42:50.353+0000] {logging_mixin.py:115} INFO - [2024-09-18T20:42:50.353+0000] {dag.py:2429} INFO - Sync 1 DAGs
[2024-09-18T20:42:50.366+0000] {logging_mixin.py:115} INFO - [2024-09-18T20:42:50.366+0000] {dag.py:2981} INFO - Setting next_dagrun for example_weekday_branch_operator to 2024-09-17T00:00:00+00:00, run_after=2024-09-18T00:00:00+00:00
[2024-09-18T20:42:50.370+0000] {processor.py:161} INFO - Processing /home/airflow/.local/lib/python3.7/site-packages/airflow/example_dags/example_branch_day_of_week_operator.py took 0.037 seconds
[2024-09-18T20:43:20.536+0000] {processor.py:153} INFO - Started process (PID=601) to work on /home/airflow/.local/lib/python3.7/site-packages/airflow/example_dags/example_branch_day_of_week_operator.py
[2024-09-18T20:43:20.537+0000] {processor.py:640} INFO - Processing file /home/airflow/.local/lib/python3.7/site-packages/airflow/example_dags/example_branch_day_of_week_operator.py for tasks to queue
[2024-09-18T20:43:20.537+0000] {logging_mixin.py:115} INFO - [2024-09-18T20:43:20.537+0000] {dagbag.py:508} INFO - Filling up the DagBag from /home/airflow/.local/lib/python3.7/site-packages/airflow/example_dags/example_branch_day_of_week_operator.py
[2024-09-18T20:43:20.540+0000] {processor.py:650} INFO - DAG(s) dict_keys(['example_weekday_branch_operator']) retrieved from /home/airflow/.local/lib/python3.7/site-packages/airflow/example_dags/example_branch_day_of_week_operator.py
[2024-09-18T20:43:20.555+0000] {logging_mixin.py:115} INFO - [2024-09-18T20:43:20.555+0000] {dag.py:2429} INFO - Sync 1 DAGs
[2024-09-18T20:43:20.567+0000] {logging_mixin.py:115} INFO - [2024-09-18T20:43:20.567+0000] {dag.py:2981} INFO - Setting next_dagrun for example_weekday_branch_operator to 2024-09-17T00:00:00+00:00, run_after=2024-09-18T00:00:00+00:00
[2024-09-18T20:43:20.571+0000] {processor.py:161} INFO - Processing /home/airflow/.local/lib/python3.7/site-packages/airflow/example_dags/example_branch_day_of_week_operator.py took 0.036 seconds
[2024-09-18T20:43:50.758+0000] {processor.py:153} INFO - Started process (PID=798) to work on /home/airflow/.local/lib/python3.7/site-packages/airflow/example_dags/example_branch_day_of_week_operator.py
[2024-09-18T20:43:50.759+0000] {processor.py:640} INFO - Processing file /home/airflow/.local/lib/python3.7/site-packages/airflow/example_dags/example_branch_day_of_week_operator.py for tasks to queue
[2024-09-18T20:43:50.759+0000] {logging_mixin.py:115} INFO - [2024-09-18T20:43:50.759+0000] {dagbag.py:508} INFO - Filling up the DagBag from /home/airflow/.local/lib/python3.7/site-packages/airflow/example_dags/example_branch_day_of_week_operator.py
[2024-09-18T20:43:50.764+0000] {processor.py:650} INFO - DAG(s) dict_keys(['example_weekday_branch_operator']) retrieved from /home/airflow/.local/lib/python3.7/site-packages/airflow/example_dags/example_branch_day_of_week_operator.py
[2024-09-18T20:43:50.777+0000] {logging_mixin.py:115} INFO - [2024-09-18T20:43:50.777+0000] {dag.py:2429} INFO - Sync 1 DAGs
[2024-09-18T20:43:50.791+0000] {logging_mixin.py:115} INFO - [2024-09-18T20:43:50.790+0000] {dag.py:2981} INFO - Setting next_dagrun for example_weekday_branch_operator to 2024-09-17T00:00:00+00:00, run_after=2024-09-18T00:00:00+00:00
[2024-09-18T20:43:50.799+0000] {processor.py:161} INFO - Processing /home/airflow/.local/lib/python3.7/site-packages/airflow/example_dags/example_branch_day_of_week_operator.py took 0.043 seconds
[2024-09-18T20:44:20.929+0000] {processor.py:153} INFO - Started process (PID=1004) to work on /home/airflow/.local/lib/python3.7/site-packages/airflow/example_dags/example_branch_day_of_week_operator.py
[2024-09-18T20:44:20.930+0000] {processor.py:640} INFO - Processing file /home/airflow/.local/lib/python3.7/site-packages/airflow/example_dags/example_branch_day_of_week_operator.py for tasks to queue
[2024-09-18T20:44:20.930+0000] {logging_mixin.py:115} INFO - [2024-09-18T20:44:20.930+0000] {dagbag.py:508} INFO - Filling up the DagBag from /home/airflow/.local/lib/python3.7/site-packages/airflow/example_dags/example_branch_day_of_week_operator.py
[2024-09-18T20:44:20.933+0000] {processor.py:650} INFO - DAG(s) dict_keys(['example_weekday_branch_operator']) retrieved from /home/airflow/.local/lib/python3.7/site-packages/airflow/example_dags/example_branch_day_of_week_operator.py
[2024-09-18T20:44:20.945+0000] {logging_mixin.py:115} INFO - [2024-09-18T20:44:20.945+0000] {dag.py:2429} INFO - Sync 1 DAGs
[2024-09-18T20:44:20.959+0000] {logging_mixin.py:115} INFO - [2024-09-18T20:44:20.959+0000] {dag.py:2981} INFO - Setting next_dagrun for example_weekday_branch_operator to 2024-09-17T00:00:00+00:00, run_after=2024-09-18T00:00:00+00:00
[2024-09-18T20:44:20.963+0000] {processor.py:161} INFO - Processing /home/airflow/.local/lib/python3.7/site-packages/airflow/example_dags/example_branch_day_of_week_operator.py took 0.035 seconds
[2024-09-18T20:44:51.151+0000] {processor.py:153} INFO - Started process (PID=1200) to work on /home/airflow/.local/lib/python3.7/site-packages/airflow/example_dags/example_branch_day_of_week_operator.py
[2024-09-18T20:44:51.153+0000] {processor.py:640} INFO - Processing file /home/airflow/.local/lib/python3.7/site-packages/airflow/example_dags/example_branch_day_of_week_operator.py for tasks to queue
[2024-09-18T20:44:51.155+0000] {logging_mixin.py:115} INFO - [2024-09-18T20:44:51.155+0000] {dagbag.py:508} INFO - Filling up the DagBag from /home/airflow/.local/lib/python3.7/site-packages/airflow/example_dags/example_branch_day_of_week_operator.py
[2024-09-18T20:44:51.159+0000] {processor.py:650} INFO - DAG(s) dict_keys(['example_weekday_branch_operator']) retrieved from /home/airflow/.local/lib/python3.7/site-packages/airflow/example_dags/example_branch_day_of_week_operator.py
[2024-09-18T20:44:51.171+0000] {logging_mixin.py:115} INFO - [2024-09-18T20:44:51.171+0000] {dag.py:2429} INFO - Sync 1 DAGs
[2024-09-18T20:44:51.184+0000] {logging_mixin.py:115} INFO - [2024-09-18T20:44:51.184+0000] {dag.py:2981} INFO - Setting next_dagrun for example_weekday_branch_operator to 2024-09-17T00:00:00+00:00, run_after=2024-09-18T00:00:00+00:00
[2024-09-18T20:44:51.188+0000] {processor.py:161} INFO - Processing /home/airflow/.local/lib/python3.7/site-packages/airflow/example_dags/example_branch_day_of_week_operator.py took 0.039 seconds
[2024-09-18T20:45:21.358+0000] {processor.py:153} INFO - Started process (PID=1398) to work on /home/airflow/.local/lib/python3.7/site-packages/airflow/example_dags/example_branch_day_of_week_operator.py
[2024-09-18T20:45:21.359+0000] {processor.py:640} INFO - Processing file /home/airflow/.local/lib/python3.7/site-packages/airflow/example_dags/example_branch_day_of_week_operator.py for tasks to queue
[2024-09-18T20:45:21.359+0000] {logging_mixin.py:115} INFO - [2024-09-18T20:45:21.359+0000] {dagbag.py:508} INFO - Filling up the DagBag from /home/airflow/.local/lib/python3.7/site-packages/airflow/example_dags/example_branch_day_of_week_operator.py
[2024-09-18T20:45:21.362+0000] {processor.py:650} INFO - DAG(s) dict_keys(['example_weekday_branch_operator']) retrieved from /home/airflow/.local/lib/python3.7/site-packages/airflow/example_dags/example_branch_day_of_week_operator.py
[2024-09-18T20:45:21.373+0000] {logging_mixin.py:115} INFO - [2024-09-18T20:45:21.373+0000] {dag.py:2429} INFO - Sync 1 DAGs
[2024-09-18T20:45:21.383+0000] {logging_mixin.py:115} INFO - [2024-09-18T20:45:21.383+0000] {dag.py:2981} INFO - Setting next_dagrun for example_weekday_branch_operator to 2024-09-17T00:00:00+00:00, run_after=2024-09-18T00:00:00+00:00
[2024-09-18T20:45:21.387+0000] {processor.py:161} INFO - Processing /home/airflow/.local/lib/python3.7/site-packages/airflow/example_dags/example_branch_day_of_week_operator.py took 0.030 seconds
[2024-09-18T20:45:51.556+0000] {processor.py:153} INFO - Started process (PID=1594) to work on /home/airflow/.local/lib/python3.7/site-packages/airflow/example_dags/example_branch_day_of_week_operator.py
[2024-09-18T20:45:51.557+0000] {processor.py:640} INFO - Processing file /home/airflow/.local/lib/python3.7/site-packages/airflow/example_dags/example_branch_day_of_week_operator.py for tasks to queue
[2024-09-18T20:45:51.557+0000] {logging_mixin.py:115} INFO - [2024-09-18T20:45:51.557+0000] {dagbag.py:508} INFO - Filling up the DagBag from /home/airflow/.local/lib/python3.7/site-packages/airflow/example_dags/example_branch_day_of_week_operator.py
[2024-09-18T20:45:51.560+0000] {processor.py:650} INFO - DAG(s) dict_keys(['example_weekday_branch_operator']) retrieved from /home/airflow/.local/lib/python3.7/site-packages/airflow/example_dags/example_branch_day_of_week_operator.py
[2024-09-18T20:45:51.570+0000] {logging_mixin.py:115} INFO - [2024-09-18T20:45:51.570+0000] {dag.py:2429} INFO - Sync 1 DAGs
[2024-09-18T20:45:51.581+0000] {logging_mixin.py:115} INFO - [2024-09-18T20:45:51.581+0000] {dag.py:2981} INFO - Setting next_dagrun for example_weekday_branch_operator to 2024-09-17T00:00:00+00:00, run_after=2024-09-18T00:00:00+00:00
[2024-09-18T20:45:51.585+0000] {processor.py:161} INFO - Processing /home/airflow/.local/lib/python3.7/site-packages/airflow/example_dags/example_branch_day_of_week_operator.py took 0.030 seconds
[2024-09-18T20:46:21.785+0000] {processor.py:153} INFO - Started process (PID=1791) to work on /home/airflow/.local/lib/python3.7/site-packages/airflow/example_dags/example_branch_day_of_week_operator.py
[2024-09-18T20:46:21.785+0000] {processor.py:640} INFO - Processing file /home/airflow/.local/lib/python3.7/site-packages/airflow/example_dags/example_branch_day_of_week_operator.py for tasks to queue
[2024-09-18T20:46:21.785+0000] {logging_mixin.py:115} INFO - [2024-09-18T20:46:21.785+0000] {dagbag.py:508} INFO - Filling up the DagBag from /home/airflow/.local/lib/python3.7/site-packages/airflow/example_dags/example_branch_day_of_week_operator.py
[2024-09-18T20:46:21.788+0000] {processor.py:650} INFO - DAG(s) dict_keys(['example_weekday_branch_operator']) retrieved from /home/airflow/.local/lib/python3.7/site-packages/airflow/example_dags/example_branch_day_of_week_operator.py
[2024-09-18T20:46:21.798+0000] {logging_mixin.py:115} INFO - [2024-09-18T20:46:21.798+0000] {dag.py:2429} INFO - Sync 1 DAGs
[2024-09-18T20:46:21.809+0000] {logging_mixin.py:115} INFO - [2024-09-18T20:46:21.809+0000] {dag.py:2981} INFO - Setting next_dagrun for example_weekday_branch_operator to 2024-09-17T00:00:00+00:00, run_after=2024-09-18T00:00:00+00:00
[2024-09-18T20:46:21.813+0000] {processor.py:161} INFO - Processing /home/airflow/.local/lib/python3.7/site-packages/airflow/example_dags/example_branch_day_of_week_operator.py took 0.029 seconds
[2024-09-18T20:46:52.018+0000] {processor.py:153} INFO - Started process (PID=1985) to work on /home/airflow/.local/lib/python3.7/site-packages/airflow/example_dags/example_branch_day_of_week_operator.py
[2024-09-18T20:46:52.019+0000] {processor.py:640} INFO - Processing file /home/airflow/.local/lib/python3.7/site-packages/airflow/example_dags/example_branch_day_of_week_operator.py for tasks to queue
[2024-09-18T20:46:52.019+0000] {logging_mixin.py:115} INFO - [2024-09-18T20:46:52.019+0000] {dagbag.py:508} INFO - Filling up the DagBag from /home/airflow/.local/lib/python3.7/site-packages/airflow/example_dags/example_branch_day_of_week_operator.py
[2024-09-18T20:46:52.022+0000] {processor.py:650} INFO - DAG(s) dict_keys(['example_weekday_branch_operator']) retrieved from /home/airflow/.local/lib/python3.7/site-packages/airflow/example_dags/example_branch_day_of_week_operator.py
[2024-09-18T20:46:52.035+0000] {logging_mixin.py:115} INFO - [2024-09-18T20:46:52.034+0000] {dag.py:2429} INFO - Sync 1 DAGs
[2024-09-18T20:46:52.046+0000] {logging_mixin.py:115} INFO - [2024-09-18T20:46:52.046+0000] {dag.py:2981} INFO - Setting next_dagrun for example_weekday_branch_operator to 2024-09-17T00:00:00+00:00, run_after=2024-09-18T00:00:00+00:00
[2024-09-18T20:46:52.055+0000] {processor.py:161} INFO - Processing /home/airflow/.local/lib/python3.7/site-packages/airflow/example_dags/example_branch_day_of_week_operator.py took 0.038 seconds
[2024-09-18T20:47:22.334+0000] {processor.py:153} INFO - Started process (PID=2176) to work on /home/airflow/.local/lib/python3.7/site-packages/airflow/example_dags/example_branch_day_of_week_operator.py
[2024-09-18T20:47:22.334+0000] {processor.py:640} INFO - Processing file /home/airflow/.local/lib/python3.7/site-packages/airflow/example_dags/example_branch_day_of_week_operator.py for tasks to queue
[2024-09-18T20:47:22.334+0000] {logging_mixin.py:115} INFO - [2024-09-18T20:47:22.334+0000] {dagbag.py:508} INFO - Filling up the DagBag from /home/airflow/.local/lib/python3.7/site-packages/airflow/example_dags/example_branch_day_of_week_operator.py
[2024-09-18T20:47:22.338+0000] {processor.py:650} INFO - DAG(s) dict_keys(['example_weekday_branch_operator']) retrieved from /home/airflow/.local/lib/python3.7/site-packages/airflow/example_dags/example_branch_day_of_week_operator.py
[2024-09-18T20:47:22.349+0000] {logging_mixin.py:115} INFO - [2024-09-18T20:47:22.349+0000] {dag.py:2429} INFO - Sync 1 DAGs
[2024-09-18T20:47:22.360+0000] {logging_mixin.py:115} INFO - [2024-09-18T20:47:22.360+0000] {dag.py:2981} INFO - Setting next_dagrun for example_weekday_branch_operator to 2024-09-17T00:00:00+00:00, run_after=2024-09-18T00:00:00+00:00
[2024-09-18T20:47:22.366+0000] {processor.py:161} INFO - Processing /home/airflow/.local/lib/python3.7/site-packages/airflow/example_dags/example_branch_day_of_week_operator.py took 0.033 seconds
[2024-09-18T20:47:52.513+0000] {processor.py:153} INFO - Started process (PID=2373) to work on /home/airflow/.local/lib/python3.7/site-packages/airflow/example_dags/example_branch_day_of_week_operator.py
[2024-09-18T20:47:52.516+0000] {processor.py:640} INFO - Processing file /home/airflow/.local/lib/python3.7/site-packages/airflow/example_dags/example_branch_day_of_week_operator.py for tasks to queue
[2024-09-18T20:47:52.518+0000] {logging_mixin.py:115} INFO - [2024-09-18T20:47:52.518+0000] {dagbag.py:508} INFO - Filling up the DagBag from /home/airflow/.local/lib/python3.7/site-packages/airflow/example_dags/example_branch_day_of_week_operator.py
[2024-09-18T20:47:52.521+0000] {processor.py:650} INFO - DAG(s) dict_keys(['example_weekday_branch_operator']) retrieved from /home/airflow/.local/lib/python3.7/site-packages/airflow/example_dags/example_branch_day_of_week_operator.py
[2024-09-18T20:47:52.536+0000] {logging_mixin.py:115} INFO - [2024-09-18T20:47:52.536+0000] {dag.py:2429} INFO - Sync 1 DAGs
[2024-09-18T20:47:52.548+0000] {logging_mixin.py:115} INFO - [2024-09-18T20:47:52.548+0000] {dag.py:2981} INFO - Setting next_dagrun for example_weekday_branch_operator to 2024-09-17T00:00:00+00:00, run_after=2024-09-18T00:00:00+00:00
[2024-09-18T20:47:52.552+0000] {processor.py:161} INFO - Processing /home/airflow/.local/lib/python3.7/site-packages/airflow/example_dags/example_branch_day_of_week_operator.py took 0.041 seconds
[2024-09-18T20:48:22.689+0000] {processor.py:153} INFO - Started process (PID=2570) to work on /home/airflow/.local/lib/python3.7/site-packages/airflow/example_dags/example_branch_day_of_week_operator.py
[2024-09-18T20:48:22.689+0000] {processor.py:640} INFO - Processing file /home/airflow/.local/lib/python3.7/site-packages/airflow/example_dags/example_branch_day_of_week_operator.py for tasks to queue
[2024-09-18T20:48:22.690+0000] {logging_mixin.py:115} INFO - [2024-09-18T20:48:22.690+0000] {dagbag.py:508} INFO - Filling up the DagBag from /home/airflow/.local/lib/python3.7/site-packages/airflow/example_dags/example_branch_day_of_week_operator.py
[2024-09-18T20:48:22.693+0000] {processor.py:650} INFO - DAG(s) dict_keys(['example_weekday_branch_operator']) retrieved from /home/airflow/.local/lib/python3.7/site-packages/airflow/example_dags/example_branch_day_of_week_operator.py
[2024-09-18T20:48:22.703+0000] {logging_mixin.py:115} INFO - [2024-09-18T20:48:22.703+0000] {dag.py:2429} INFO - Sync 1 DAGs
[2024-09-18T20:48:22.714+0000] {logging_mixin.py:115} INFO - [2024-09-18T20:48:22.714+0000] {dag.py:2981} INFO - Setting next_dagrun for example_weekday_branch_operator to 2024-09-17T00:00:00+00:00, run_after=2024-09-18T00:00:00+00:00
[2024-09-18T20:48:22.718+0000] {processor.py:161} INFO - Processing /home/airflow/.local/lib/python3.7/site-packages/airflow/example_dags/example_branch_day_of_week_operator.py took 0.030 seconds
[2024-09-18T20:48:52.801+0000] {processor.py:153} INFO - Started process (PID=2762) to work on /home/airflow/.local/lib/python3.7/site-packages/airflow/example_dags/example_branch_day_of_week_operator.py
[2024-09-18T20:48:52.803+0000] {processor.py:640} INFO - Processing file /home/airflow/.local/lib/python3.7/site-packages/airflow/example_dags/example_branch_day_of_week_operator.py for tasks to queue
[2024-09-18T20:48:52.803+0000] {logging_mixin.py:115} INFO - [2024-09-18T20:48:52.803+0000] {dagbag.py:508} INFO - Filling up the DagBag from /home/airflow/.local/lib/python3.7/site-packages/airflow/example_dags/example_branch_day_of_week_operator.py
[2024-09-18T20:48:52.808+0000] {processor.py:650} INFO - DAG(s) dict_keys(['example_weekday_branch_operator']) retrieved from /home/airflow/.local/lib/python3.7/site-packages/airflow/example_dags/example_branch_day_of_week_operator.py
[2024-09-18T20:48:52.821+0000] {logging_mixin.py:115} INFO - [2024-09-18T20:48:52.821+0000] {dag.py:2429} INFO - Sync 1 DAGs
[2024-09-18T20:48:52.835+0000] {logging_mixin.py:115} INFO - [2024-09-18T20:48:52.835+0000] {dag.py:2981} INFO - Setting next_dagrun for example_weekday_branch_operator to 2024-09-17T00:00:00+00:00, run_after=2024-09-18T00:00:00+00:00
[2024-09-18T20:48:52.840+0000] {processor.py:161} INFO - Processing /home/airflow/.local/lib/python3.7/site-packages/airflow/example_dags/example_branch_day_of_week_operator.py took 0.040 seconds
[2024-09-18T20:49:23.049+0000] {processor.py:153} INFO - Started process (PID=2961) to work on /home/airflow/.local/lib/python3.7/site-packages/airflow/example_dags/example_branch_day_of_week_operator.py
[2024-09-18T20:49:23.050+0000] {processor.py:640} INFO - Processing file /home/airflow/.local/lib/python3.7/site-packages/airflow/example_dags/example_branch_day_of_week_operator.py for tasks to queue
[2024-09-18T20:49:23.051+0000] {logging_mixin.py:115} INFO - [2024-09-18T20:49:23.051+0000] {dagbag.py:508} INFO - Filling up the DagBag from /home/airflow/.local/lib/python3.7/site-packages/airflow/example_dags/example_branch_day_of_week_operator.py
[2024-09-18T20:49:23.054+0000] {processor.py:650} INFO - DAG(s) dict_keys(['example_weekday_branch_operator']) retrieved from /home/airflow/.local/lib/python3.7/site-packages/airflow/example_dags/example_branch_day_of_week_operator.py
[2024-09-18T20:49:23.067+0000] {logging_mixin.py:115} INFO - [2024-09-18T20:49:23.067+0000] {dag.py:2429} INFO - Sync 1 DAGs
[2024-09-18T20:49:23.083+0000] {logging_mixin.py:115} INFO - [2024-09-18T20:49:23.083+0000] {dag.py:2981} INFO - Setting next_dagrun for example_weekday_branch_operator to 2024-09-17T00:00:00+00:00, run_after=2024-09-18T00:00:00+00:00
[2024-09-18T20:49:23.091+0000] {processor.py:161} INFO - Processing /home/airflow/.local/lib/python3.7/site-packages/airflow/example_dags/example_branch_day_of_week_operator.py took 0.043 seconds
[2024-09-18T20:49:53.258+0000] {processor.py:153} INFO - Started process (PID=3158) to work on /home/airflow/.local/lib/python3.7/site-packages/airflow/example_dags/example_branch_day_of_week_operator.py
[2024-09-18T20:49:53.259+0000] {processor.py:640} INFO - Processing file /home/airflow/.local/lib/python3.7/site-packages/airflow/example_dags/example_branch_day_of_week_operator.py for tasks to queue
[2024-09-18T20:49:53.259+0000] {logging_mixin.py:115} INFO - [2024-09-18T20:49:53.259+0000] {dagbag.py:508} INFO - Filling up the DagBag from /home/airflow/.local/lib/python3.7/site-packages/airflow/example_dags/example_branch_day_of_week_operator.py
[2024-09-18T20:49:53.263+0000] {processor.py:650} INFO - DAG(s) dict_keys(['example_weekday_branch_operator']) retrieved from /home/airflow/.local/lib/python3.7/site-packages/airflow/example_dags/example_branch_day_of_week_operator.py
[2024-09-18T20:49:53.274+0000] {logging_mixin.py:115} INFO - [2024-09-18T20:49:53.274+0000] {dag.py:2429} INFO - Sync 1 DAGs
[2024-09-18T20:49:53.286+0000] {logging_mixin.py:115} INFO - [2024-09-18T20:49:53.286+0000] {dag.py:2981} INFO - Setting next_dagrun for example_weekday_branch_operator to 2024-09-17T00:00:00+00:00, run_after=2024-09-18T00:00:00+00:00
[2024-09-18T20:49:53.291+0000] {processor.py:161} INFO - Processing /home/airflow/.local/lib/python3.7/site-packages/airflow/example_dags/example_branch_day_of_week_operator.py took 0.034 seconds
[2024-09-18T20:50:23.539+0000] {processor.py:153} INFO - Started process (PID=3345) to work on /home/airflow/.local/lib/python3.7/site-packages/airflow/example_dags/example_branch_day_of_week_operator.py
[2024-09-18T20:50:23.540+0000] {processor.py:640} INFO - Processing file /home/airflow/.local/lib/python3.7/site-packages/airflow/example_dags/example_branch_day_of_week_operator.py for tasks to queue
[2024-09-18T20:50:23.540+0000] {logging_mixin.py:115} INFO - [2024-09-18T20:50:23.540+0000] {dagbag.py:508} INFO - Filling up the DagBag from /home/airflow/.local/lib/python3.7/site-packages/airflow/example_dags/example_branch_day_of_week_operator.py
[2024-09-18T20:50:23.544+0000] {processor.py:650} INFO - DAG(s) dict_keys(['example_weekday_branch_operator']) retrieved from /home/airflow/.local/lib/python3.7/site-packages/airflow/example_dags/example_branch_day_of_week_operator.py
[2024-09-18T20:50:23.555+0000] {logging_mixin.py:115} INFO - [2024-09-18T20:50:23.555+0000] {dag.py:2429} INFO - Sync 1 DAGs
[2024-09-18T20:50:23.567+0000] {logging_mixin.py:115} INFO - [2024-09-18T20:50:23.567+0000] {dag.py:2981} INFO - Setting next_dagrun for example_weekday_branch_operator to 2024-09-17T00:00:00+00:00, run_after=2024-09-18T00:00:00+00:00
[2024-09-18T20:50:23.571+0000] {processor.py:161} INFO - Processing /home/airflow/.local/lib/python3.7/site-packages/airflow/example_dags/example_branch_day_of_week_operator.py took 0.033 seconds
[2024-09-18T20:50:53.777+0000] {processor.py:153} INFO - Started process (PID=3542) to work on /home/airflow/.local/lib/python3.7/site-packages/airflow/example_dags/example_branch_day_of_week_operator.py
[2024-09-18T20:50:53.779+0000] {processor.py:640} INFO - Processing file /home/airflow/.local/lib/python3.7/site-packages/airflow/example_dags/example_branch_day_of_week_operator.py for tasks to queue
[2024-09-18T20:50:53.779+0000] {logging_mixin.py:115} INFO - [2024-09-18T20:50:53.779+0000] {dagbag.py:508} INFO - Filling up the DagBag from /home/airflow/.local/lib/python3.7/site-packages/airflow/example_dags/example_branch_day_of_week_operator.py
[2024-09-18T20:50:53.783+0000] {processor.py:650} INFO - DAG(s) dict_keys(['example_weekday_branch_operator']) retrieved from /home/airflow/.local/lib/python3.7/site-packages/airflow/example_dags/example_branch_day_of_week_operator.py
[2024-09-18T20:50:53.793+0000] {logging_mixin.py:115} INFO - [2024-09-18T20:50:53.793+0000] {dag.py:2429} INFO - Sync 1 DAGs
[2024-09-18T20:50:53.806+0000] {logging_mixin.py:115} INFO - [2024-09-18T20:50:53.806+0000] {dag.py:2981} INFO - Setting next_dagrun for example_weekday_branch_operator to 2024-09-17T00:00:00+00:00, run_after=2024-09-18T00:00:00+00:00
[2024-09-18T20:50:53.812+0000] {processor.py:161} INFO - Processing /home/airflow/.local/lib/python3.7/site-packages/airflow/example_dags/example_branch_day_of_week_operator.py took 0.036 seconds
[2024-09-18T20:51:24.035+0000] {processor.py:153} INFO - Started process (PID=3744) to work on /home/airflow/.local/lib/python3.7/site-packages/airflow/example_dags/example_branch_day_of_week_operator.py
[2024-09-18T20:51:24.035+0000] {processor.py:640} INFO - Processing file /home/airflow/.local/lib/python3.7/site-packages/airflow/example_dags/example_branch_day_of_week_operator.py for tasks to queue
[2024-09-18T20:51:24.035+0000] {logging_mixin.py:115} INFO - [2024-09-18T20:51:24.035+0000] {dagbag.py:508} INFO - Filling up the DagBag from /home/airflow/.local/lib/python3.7/site-packages/airflow/example_dags/example_branch_day_of_week_operator.py
[2024-09-18T20:51:24.038+0000] {processor.py:650} INFO - DAG(s) dict_keys(['example_weekday_branch_operator']) retrieved from /home/airflow/.local/lib/python3.7/site-packages/airflow/example_dags/example_branch_day_of_week_operator.py
[2024-09-18T20:51:24.048+0000] {logging_mixin.py:115} INFO - [2024-09-18T20:51:24.048+0000] {dag.py:2429} INFO - Sync 1 DAGs
[2024-09-18T20:51:24.058+0000] {logging_mixin.py:115} INFO - [2024-09-18T20:51:24.058+0000] {dag.py:2981} INFO - Setting next_dagrun for example_weekday_branch_operator to 2024-09-17T00:00:00+00:00, run_after=2024-09-18T00:00:00+00:00
[2024-09-18T20:51:24.064+0000] {processor.py:161} INFO - Processing /home/airflow/.local/lib/python3.7/site-packages/airflow/example_dags/example_branch_day_of_week_operator.py took 0.030 seconds
[2024-09-18T20:51:54.214+0000] {processor.py:153} INFO - Started process (PID=3940) to work on /home/airflow/.local/lib/python3.7/site-packages/airflow/example_dags/example_branch_day_of_week_operator.py
[2024-09-18T20:51:54.216+0000] {processor.py:640} INFO - Processing file /home/airflow/.local/lib/python3.7/site-packages/airflow/example_dags/example_branch_day_of_week_operator.py for tasks to queue
[2024-09-18T20:51:54.218+0000] {logging_mixin.py:115} INFO - [2024-09-18T20:51:54.218+0000] {dagbag.py:508} INFO - Filling up the DagBag from /home/airflow/.local/lib/python3.7/site-packages/airflow/example_dags/example_branch_day_of_week_operator.py
[2024-09-18T20:51:54.222+0000] {processor.py:650} INFO - DAG(s) dict_keys(['example_weekday_branch_operator']) retrieved from /home/airflow/.local/lib/python3.7/site-packages/airflow/example_dags/example_branch_day_of_week_operator.py
[2024-09-18T20:51:54.233+0000] {logging_mixin.py:115} INFO - [2024-09-18T20:51:54.233+0000] {dag.py:2429} INFO - Sync 1 DAGs
[2024-09-18T20:51:54.244+0000] {logging_mixin.py:115} INFO - [2024-09-18T20:51:54.244+0000] {dag.py:2981} INFO - Setting next_dagrun for example_weekday_branch_operator to 2024-09-17T00:00:00+00:00, run_after=2024-09-18T00:00:00+00:00
[2024-09-18T20:51:54.248+0000] {processor.py:161} INFO - Processing /home/airflow/.local/lib/python3.7/site-packages/airflow/example_dags/example_branch_day_of_week_operator.py took 0.036 seconds
[2024-09-18T20:52:24.340+0000] {processor.py:153} INFO - Started process (PID=4136) to work on /home/airflow/.local/lib/python3.7/site-packages/airflow/example_dags/example_branch_day_of_week_operator.py
[2024-09-18T20:52:24.341+0000] {processor.py:640} INFO - Processing file /home/airflow/.local/lib/python3.7/site-packages/airflow/example_dags/example_branch_day_of_week_operator.py for tasks to queue
[2024-09-18T20:52:24.341+0000] {logging_mixin.py:115} INFO - [2024-09-18T20:52:24.341+0000] {dagbag.py:508} INFO - Filling up the DagBag from /home/airflow/.local/lib/python3.7/site-packages/airflow/example_dags/example_branch_day_of_week_operator.py
[2024-09-18T20:52:24.344+0000] {processor.py:650} INFO - DAG(s) dict_keys(['example_weekday_branch_operator']) retrieved from /home/airflow/.local/lib/python3.7/site-packages/airflow/example_dags/example_branch_day_of_week_operator.py
[2024-09-18T20:52:24.354+0000] {logging_mixin.py:115} INFO - [2024-09-18T20:52:24.354+0000] {dag.py:2429} INFO - Sync 1 DAGs
[2024-09-18T20:52:24.364+0000] {logging_mixin.py:115} INFO - [2024-09-18T20:52:24.364+0000] {dag.py:2981} INFO - Setting next_dagrun for example_weekday_branch_operator to 2024-09-17T00:00:00+00:00, run_after=2024-09-18T00:00:00+00:00
[2024-09-18T20:52:24.369+0000] {processor.py:161} INFO - Processing /home/airflow/.local/lib/python3.7/site-packages/airflow/example_dags/example_branch_day_of_week_operator.py took 0.030 seconds
[2024-09-18T20:52:54.405+0000] {processor.py:153} INFO - Started process (PID=4332) to work on /home/airflow/.local/lib/python3.7/site-packages/airflow/example_dags/example_branch_day_of_week_operator.py
[2024-09-18T20:52:54.405+0000] {processor.py:640} INFO - Processing file /home/airflow/.local/lib/python3.7/site-packages/airflow/example_dags/example_branch_day_of_week_operator.py for tasks to queue
[2024-09-18T20:52:54.406+0000] {logging_mixin.py:115} INFO - [2024-09-18T20:52:54.406+0000] {dagbag.py:508} INFO - Filling up the DagBag from /home/airflow/.local/lib/python3.7/site-packages/airflow/example_dags/example_branch_day_of_week_operator.py
[2024-09-18T20:52:54.409+0000] {processor.py:650} INFO - DAG(s) dict_keys(['example_weekday_branch_operator']) retrieved from /home/airflow/.local/lib/python3.7/site-packages/airflow/example_dags/example_branch_day_of_week_operator.py
[2024-09-18T20:52:54.421+0000] {logging_mixin.py:115} INFO - [2024-09-18T20:52:54.421+0000] {dag.py:2429} INFO - Sync 1 DAGs
[2024-09-18T20:52:54.434+0000] {logging_mixin.py:115} INFO - [2024-09-18T20:52:54.434+0000] {dag.py:2981} INFO - Setting next_dagrun for example_weekday_branch_operator to 2024-09-17T00:00:00+00:00, run_after=2024-09-18T00:00:00+00:00
[2024-09-18T20:52:54.439+0000] {processor.py:161} INFO - Processing /home/airflow/.local/lib/python3.7/site-packages/airflow/example_dags/example_branch_day_of_week_operator.py took 0.036 seconds
[2024-09-18T20:53:24.608+0000] {processor.py:153} INFO - Started process (PID=4521) to work on /home/airflow/.local/lib/python3.7/site-packages/airflow/example_dags/example_branch_day_of_week_operator.py
[2024-09-18T20:53:24.608+0000] {processor.py:640} INFO - Processing file /home/airflow/.local/lib/python3.7/site-packages/airflow/example_dags/example_branch_day_of_week_operator.py for tasks to queue
[2024-09-18T20:53:24.609+0000] {logging_mixin.py:115} INFO - [2024-09-18T20:53:24.609+0000] {dagbag.py:508} INFO - Filling up the DagBag from /home/airflow/.local/lib/python3.7/site-packages/airflow/example_dags/example_branch_day_of_week_operator.py
[2024-09-18T20:53:24.612+0000] {processor.py:650} INFO - DAG(s) dict_keys(['example_weekday_branch_operator']) retrieved from /home/airflow/.local/lib/python3.7/site-packages/airflow/example_dags/example_branch_day_of_week_operator.py
[2024-09-18T20:53:24.622+0000] {logging_mixin.py:115} INFO - [2024-09-18T20:53:24.622+0000] {dag.py:2429} INFO - Sync 1 DAGs
[2024-09-18T20:53:24.632+0000] {logging_mixin.py:115} INFO - [2024-09-18T20:53:24.632+0000] {dag.py:2981} INFO - Setting next_dagrun for example_weekday_branch_operator to 2024-09-17T00:00:00+00:00, run_after=2024-09-18T00:00:00+00:00
[2024-09-18T20:53:24.637+0000] {processor.py:161} INFO - Processing /home/airflow/.local/lib/python3.7/site-packages/airflow/example_dags/example_branch_day_of_week_operator.py took 0.030 seconds
[2024-09-18T20:53:54.645+0000] {processor.py:153} INFO - Started process (PID=4713) to work on /home/airflow/.local/lib/python3.7/site-packages/airflow/example_dags/example_branch_day_of_week_operator.py
[2024-09-18T20:53:54.648+0000] {processor.py:640} INFO - Processing file /home/airflow/.local/lib/python3.7/site-packages/airflow/example_dags/example_branch_day_of_week_operator.py for tasks to queue
[2024-09-18T20:53:54.648+0000] {logging_mixin.py:115} INFO - [2024-09-18T20:53:54.648+0000] {dagbag.py:508} INFO - Filling up the DagBag from /home/airflow/.local/lib/python3.7/site-packages/airflow/example_dags/example_branch_day_of_week_operator.py
[2024-09-18T20:53:54.651+0000] {processor.py:650} INFO - DAG(s) dict_keys(['example_weekday_branch_operator']) retrieved from /home/airflow/.local/lib/python3.7/site-packages/airflow/example_dags/example_branch_day_of_week_operator.py
[2024-09-18T20:53:54.661+0000] {logging_mixin.py:115} INFO - [2024-09-18T20:53:54.661+0000] {dag.py:2429} INFO - Sync 1 DAGs
[2024-09-18T20:53:54.672+0000] {logging_mixin.py:115} INFO - [2024-09-18T20:53:54.672+0000] {dag.py:2981} INFO - Setting next_dagrun for example_weekday_branch_operator to 2024-09-17T00:00:00+00:00, run_after=2024-09-18T00:00:00+00:00
[2024-09-18T20:53:54.676+0000] {processor.py:161} INFO - Processing /home/airflow/.local/lib/python3.7/site-packages/airflow/example_dags/example_branch_day_of_week_operator.py took 0.032 seconds
[2024-09-18T20:54:24.782+0000] {processor.py:153} INFO - Started process (PID=4910) to work on /home/airflow/.local/lib/python3.7/site-packages/airflow/example_dags/example_branch_day_of_week_operator.py
[2024-09-18T20:54:24.784+0000] {processor.py:640} INFO - Processing file /home/airflow/.local/lib/python3.7/site-packages/airflow/example_dags/example_branch_day_of_week_operator.py for tasks to queue
[2024-09-18T20:54:24.784+0000] {logging_mixin.py:115} INFO - [2024-09-18T20:54:24.784+0000] {dagbag.py:508} INFO - Filling up the DagBag from /home/airflow/.local/lib/python3.7/site-packages/airflow/example_dags/example_branch_day_of_week_operator.py
[2024-09-18T20:54:24.788+0000] {processor.py:650} INFO - DAG(s) dict_keys(['example_weekday_branch_operator']) retrieved from /home/airflow/.local/lib/python3.7/site-packages/airflow/example_dags/example_branch_day_of_week_operator.py
[2024-09-18T20:54:24.797+0000] {logging_mixin.py:115} INFO - [2024-09-18T20:54:24.797+0000] {dag.py:2429} INFO - Sync 1 DAGs
[2024-09-18T20:54:24.808+0000] {logging_mixin.py:115} INFO - [2024-09-18T20:54:24.808+0000] {dag.py:2981} INFO - Setting next_dagrun for example_weekday_branch_operator to 2024-09-17T00:00:00+00:00, run_after=2024-09-18T00:00:00+00:00
[2024-09-18T20:54:24.812+0000] {processor.py:161} INFO - Processing /home/airflow/.local/lib/python3.7/site-packages/airflow/example_dags/example_branch_day_of_week_operator.py took 0.032 seconds
[2024-09-18T20:54:54.955+0000] {processor.py:153} INFO - Started process (PID=5106) to work on /home/airflow/.local/lib/python3.7/site-packages/airflow/example_dags/example_branch_day_of_week_operator.py
[2024-09-18T20:54:54.958+0000] {processor.py:640} INFO - Processing file /home/airflow/.local/lib/python3.7/site-packages/airflow/example_dags/example_branch_day_of_week_operator.py for tasks to queue
[2024-09-18T20:54:54.958+0000] {logging_mixin.py:115} INFO - [2024-09-18T20:54:54.958+0000] {dagbag.py:508} INFO - Filling up the DagBag from /home/airflow/.local/lib/python3.7/site-packages/airflow/example_dags/example_branch_day_of_week_operator.py
[2024-09-18T20:54:54.963+0000] {processor.py:650} INFO - DAG(s) dict_keys(['example_weekday_branch_operator']) retrieved from /home/airflow/.local/lib/python3.7/site-packages/airflow/example_dags/example_branch_day_of_week_operator.py
[2024-09-18T20:54:55.002+0000] {logging_mixin.py:115} INFO - [2024-09-18T20:54:55.002+0000] {dag.py:2429} INFO - Sync 1 DAGs
[2024-09-18T20:54:55.019+0000] {logging_mixin.py:115} INFO - [2024-09-18T20:54:55.019+0000] {dag.py:2981} INFO - Setting next_dagrun for example_weekday_branch_operator to 2024-09-17T00:00:00+00:00, run_after=2024-09-18T00:00:00+00:00
[2024-09-18T20:54:55.032+0000] {processor.py:161} INFO - Processing /home/airflow/.local/lib/python3.7/site-packages/airflow/example_dags/example_branch_day_of_week_operator.py took 0.078 seconds
[2024-09-18T20:55:25.297+0000] {processor.py:153} INFO - Started process (PID=5304) to work on /home/airflow/.local/lib/python3.7/site-packages/airflow/example_dags/example_branch_day_of_week_operator.py
[2024-09-18T20:55:25.297+0000] {processor.py:640} INFO - Processing file /home/airflow/.local/lib/python3.7/site-packages/airflow/example_dags/example_branch_day_of_week_operator.py for tasks to queue
[2024-09-18T20:55:25.297+0000] {logging_mixin.py:115} INFO - [2024-09-18T20:55:25.297+0000] {dagbag.py:508} INFO - Filling up the DagBag from /home/airflow/.local/lib/python3.7/site-packages/airflow/example_dags/example_branch_day_of_week_operator.py
[2024-09-18T20:55:25.300+0000] {processor.py:650} INFO - DAG(s) dict_keys(['example_weekday_branch_operator']) retrieved from /home/airflow/.local/lib/python3.7/site-packages/airflow/example_dags/example_branch_day_of_week_operator.py
[2024-09-18T20:55:25.311+0000] {logging_mixin.py:115} INFO - [2024-09-18T20:55:25.311+0000] {dag.py:2429} INFO - Sync 1 DAGs
[2024-09-18T20:55:25.321+0000] {logging_mixin.py:115} INFO - [2024-09-18T20:55:25.321+0000] {dag.py:2981} INFO - Setting next_dagrun for example_weekday_branch_operator to 2024-09-17T00:00:00+00:00, run_after=2024-09-18T00:00:00+00:00
[2024-09-18T20:55:25.326+0000] {processor.py:161} INFO - Processing /home/airflow/.local/lib/python3.7/site-packages/airflow/example_dags/example_branch_day_of_week_operator.py took 0.031 seconds
[2024-09-18T20:55:55.366+0000] {processor.py:153} INFO - Started process (PID=5499) to work on /home/airflow/.local/lib/python3.7/site-packages/airflow/example_dags/example_branch_day_of_week_operator.py
[2024-09-18T20:55:55.366+0000] {processor.py:640} INFO - Processing file /home/airflow/.local/lib/python3.7/site-packages/airflow/example_dags/example_branch_day_of_week_operator.py for tasks to queue
[2024-09-18T20:55:55.366+0000] {logging_mixin.py:115} INFO - [2024-09-18T20:55:55.366+0000] {dagbag.py:508} INFO - Filling up the DagBag from /home/airflow/.local/lib/python3.7/site-packages/airflow/example_dags/example_branch_day_of_week_operator.py
[2024-09-18T20:55:55.370+0000] {processor.py:650} INFO - DAG(s) dict_keys(['example_weekday_branch_operator']) retrieved from /home/airflow/.local/lib/python3.7/site-packages/airflow/example_dags/example_branch_day_of_week_operator.py
[2024-09-18T20:55:55.381+0000] {logging_mixin.py:115} INFO - [2024-09-18T20:55:55.381+0000] {dag.py:2429} INFO - Sync 1 DAGs
[2024-09-18T20:55:55.394+0000] {logging_mixin.py:115} INFO - [2024-09-18T20:55:55.394+0000] {dag.py:2981} INFO - Setting next_dagrun for example_weekday_branch_operator to 2024-09-17T00:00:00+00:00, run_after=2024-09-18T00:00:00+00:00
[2024-09-18T20:55:55.400+0000] {processor.py:161} INFO - Processing /home/airflow/.local/lib/python3.7/site-packages/airflow/example_dags/example_branch_day_of_week_operator.py took 0.036 seconds
[2024-09-18T20:56:25.555+0000] {processor.py:153} INFO - Started process (PID=5689) to work on /home/airflow/.local/lib/python3.7/site-packages/airflow/example_dags/example_branch_day_of_week_operator.py
[2024-09-18T20:56:25.556+0000] {processor.py:640} INFO - Processing file /home/airflow/.local/lib/python3.7/site-packages/airflow/example_dags/example_branch_day_of_week_operator.py for tasks to queue
[2024-09-18T20:56:25.556+0000] {logging_mixin.py:115} INFO - [2024-09-18T20:56:25.556+0000] {dagbag.py:508} INFO - Filling up the DagBag from /home/airflow/.local/lib/python3.7/site-packages/airflow/example_dags/example_branch_day_of_week_operator.py
[2024-09-18T20:56:25.559+0000] {processor.py:650} INFO - DAG(s) dict_keys(['example_weekday_branch_operator']) retrieved from /home/airflow/.local/lib/python3.7/site-packages/airflow/example_dags/example_branch_day_of_week_operator.py
[2024-09-18T20:56:25.571+0000] {logging_mixin.py:115} INFO - [2024-09-18T20:56:25.571+0000] {dag.py:2429} INFO - Sync 1 DAGs
[2024-09-18T20:56:25.583+0000] {logging_mixin.py:115} INFO - [2024-09-18T20:56:25.583+0000] {dag.py:2981} INFO - Setting next_dagrun for example_weekday_branch_operator to 2024-09-17T00:00:00+00:00, run_after=2024-09-18T00:00:00+00:00
[2024-09-18T20:56:25.588+0000] {processor.py:161} INFO - Processing /home/airflow/.local/lib/python3.7/site-packages/airflow/example_dags/example_branch_day_of_week_operator.py took 0.034 seconds
[2024-09-18T20:56:55.626+0000] {processor.py:153} INFO - Started process (PID=5886) to work on /home/airflow/.local/lib/python3.7/site-packages/airflow/example_dags/example_branch_day_of_week_operator.py
[2024-09-18T20:56:55.627+0000] {processor.py:640} INFO - Processing file /home/airflow/.local/lib/python3.7/site-packages/airflow/example_dags/example_branch_day_of_week_operator.py for tasks to queue
[2024-09-18T20:56:55.627+0000] {logging_mixin.py:115} INFO - [2024-09-18T20:56:55.627+0000] {dagbag.py:508} INFO - Filling up the DagBag from /home/airflow/.local/lib/python3.7/site-packages/airflow/example_dags/example_branch_day_of_week_operator.py
[2024-09-18T20:56:55.630+0000] {processor.py:650} INFO - DAG(s) dict_keys(['example_weekday_branch_operator']) retrieved from /home/airflow/.local/lib/python3.7/site-packages/airflow/example_dags/example_branch_day_of_week_operator.py
[2024-09-18T20:56:55.641+0000] {logging_mixin.py:115} INFO - [2024-09-18T20:56:55.641+0000] {dag.py:2429} INFO - Sync 1 DAGs
[2024-09-18T20:56:55.651+0000] {logging_mixin.py:115} INFO - [2024-09-18T20:56:55.651+0000] {dag.py:2981} INFO - Setting next_dagrun for example_weekday_branch_operator to 2024-09-17T00:00:00+00:00, run_after=2024-09-18T00:00:00+00:00
[2024-09-18T20:56:55.655+0000] {processor.py:161} INFO - Processing /home/airflow/.local/lib/python3.7/site-packages/airflow/example_dags/example_branch_day_of_week_operator.py took 0.031 seconds
[2024-09-18T20:57:25.732+0000] {processor.py:153} INFO - Started process (PID=6081) to work on /home/airflow/.local/lib/python3.7/site-packages/airflow/example_dags/example_branch_day_of_week_operator.py
[2024-09-18T20:57:25.733+0000] {processor.py:640} INFO - Processing file /home/airflow/.local/lib/python3.7/site-packages/airflow/example_dags/example_branch_day_of_week_operator.py for tasks to queue
[2024-09-18T20:57:25.734+0000] {logging_mixin.py:115} INFO - [2024-09-18T20:57:25.734+0000] {dagbag.py:508} INFO - Filling up the DagBag from /home/airflow/.local/lib/python3.7/site-packages/airflow/example_dags/example_branch_day_of_week_operator.py
[2024-09-18T20:57:25.739+0000] {processor.py:650} INFO - DAG(s) dict_keys(['example_weekday_branch_operator']) retrieved from /home/airflow/.local/lib/python3.7/site-packages/airflow/example_dags/example_branch_day_of_week_operator.py
[2024-09-18T20:57:25.749+0000] {logging_mixin.py:115} INFO - [2024-09-18T20:57:25.749+0000] {dag.py:2429} INFO - Sync 1 DAGs
[2024-09-18T20:57:25.760+0000] {logging_mixin.py:115} INFO - [2024-09-18T20:57:25.760+0000] {dag.py:2981} INFO - Setting next_dagrun for example_weekday_branch_operator to 2024-09-17T00:00:00+00:00, run_after=2024-09-18T00:00:00+00:00
[2024-09-18T20:57:25.764+0000] {processor.py:161} INFO - Processing /home/airflow/.local/lib/python3.7/site-packages/airflow/example_dags/example_branch_day_of_week_operator.py took 0.033 seconds
[2024-09-18T20:57:55.927+0000] {processor.py:153} INFO - Started process (PID=6277) to work on /home/airflow/.local/lib/python3.7/site-packages/airflow/example_dags/example_branch_day_of_week_operator.py
[2024-09-18T20:57:55.928+0000] {processor.py:640} INFO - Processing file /home/airflow/.local/lib/python3.7/site-packages/airflow/example_dags/example_branch_day_of_week_operator.py for tasks to queue
[2024-09-18T20:57:55.928+0000] {logging_mixin.py:115} INFO - [2024-09-18T20:57:55.928+0000] {dagbag.py:508} INFO - Filling up the DagBag from /home/airflow/.local/lib/python3.7/site-packages/airflow/example_dags/example_branch_day_of_week_operator.py
[2024-09-18T20:57:55.931+0000] {processor.py:650} INFO - DAG(s) dict_keys(['example_weekday_branch_operator']) retrieved from /home/airflow/.local/lib/python3.7/site-packages/airflow/example_dags/example_branch_day_of_week_operator.py
[2024-09-18T20:57:55.942+0000] {logging_mixin.py:115} INFO - [2024-09-18T20:57:55.942+0000] {dag.py:2429} INFO - Sync 1 DAGs
[2024-09-18T20:57:55.953+0000] {logging_mixin.py:115} INFO - [2024-09-18T20:57:55.953+0000] {dag.py:2981} INFO - Setting next_dagrun for example_weekday_branch_operator to 2024-09-17T00:00:00+00:00, run_after=2024-09-18T00:00:00+00:00
[2024-09-18T20:57:55.960+0000] {processor.py:161} INFO - Processing /home/airflow/.local/lib/python3.7/site-packages/airflow/example_dags/example_branch_day_of_week_operator.py took 0.035 seconds
[2024-09-18T20:58:26.087+0000] {processor.py:153} INFO - Started process (PID=6474) to work on /home/airflow/.local/lib/python3.7/site-packages/airflow/example_dags/example_branch_day_of_week_operator.py
[2024-09-18T20:58:26.087+0000] {processor.py:640} INFO - Processing file /home/airflow/.local/lib/python3.7/site-packages/airflow/example_dags/example_branch_day_of_week_operator.py for tasks to queue
[2024-09-18T20:58:26.087+0000] {logging_mixin.py:115} INFO - [2024-09-18T20:58:26.087+0000] {dagbag.py:508} INFO - Filling up the DagBag from /home/airflow/.local/lib/python3.7/site-packages/airflow/example_dags/example_branch_day_of_week_operator.py
[2024-09-18T20:58:26.091+0000] {processor.py:650} INFO - DAG(s) dict_keys(['example_weekday_branch_operator']) retrieved from /home/airflow/.local/lib/python3.7/site-packages/airflow/example_dags/example_branch_day_of_week_operator.py
[2024-09-18T20:58:26.100+0000] {logging_mixin.py:115} INFO - [2024-09-18T20:58:26.100+0000] {dag.py:2429} INFO - Sync 1 DAGs
[2024-09-18T20:58:26.111+0000] {logging_mixin.py:115} INFO - [2024-09-18T20:58:26.111+0000] {dag.py:2981} INFO - Setting next_dagrun for example_weekday_branch_operator to 2024-09-17T00:00:00+00:00, run_after=2024-09-18T00:00:00+00:00
[2024-09-18T20:58:26.117+0000] {processor.py:161} INFO - Processing /home/airflow/.local/lib/python3.7/site-packages/airflow/example_dags/example_branch_day_of_week_operator.py took 0.032 seconds
[2024-09-18T20:58:56.260+0000] {processor.py:153} INFO - Started process (PID=6669) to work on /home/airflow/.local/lib/python3.7/site-packages/airflow/example_dags/example_branch_day_of_week_operator.py
[2024-09-18T20:58:56.263+0000] {processor.py:640} INFO - Processing file /home/airflow/.local/lib/python3.7/site-packages/airflow/example_dags/example_branch_day_of_week_operator.py for tasks to queue
[2024-09-18T20:58:56.264+0000] {logging_mixin.py:115} INFO - [2024-09-18T20:58:56.264+0000] {dagbag.py:508} INFO - Filling up the DagBag from /home/airflow/.local/lib/python3.7/site-packages/airflow/example_dags/example_branch_day_of_week_operator.py
[2024-09-18T20:58:56.268+0000] {processor.py:650} INFO - DAG(s) dict_keys(['example_weekday_branch_operator']) retrieved from /home/airflow/.local/lib/python3.7/site-packages/airflow/example_dags/example_branch_day_of_week_operator.py
[2024-09-18T20:58:56.281+0000] {logging_mixin.py:115} INFO - [2024-09-18T20:58:56.281+0000] {dag.py:2429} INFO - Sync 1 DAGs
[2024-09-18T20:58:56.295+0000] {logging_mixin.py:115} INFO - [2024-09-18T20:58:56.295+0000] {dag.py:2981} INFO - Setting next_dagrun for example_weekday_branch_operator to 2024-09-17T00:00:00+00:00, run_after=2024-09-18T00:00:00+00:00
[2024-09-18T20:58:56.301+0000] {processor.py:161} INFO - Processing /home/airflow/.local/lib/python3.7/site-packages/airflow/example_dags/example_branch_day_of_week_operator.py took 0.041 seconds
[2024-09-18T20:59:26.565+0000] {processor.py:153} INFO - Started process (PID=6859) to work on /home/airflow/.local/lib/python3.7/site-packages/airflow/example_dags/example_branch_day_of_week_operator.py
[2024-09-18T20:59:26.565+0000] {processor.py:640} INFO - Processing file /home/airflow/.local/lib/python3.7/site-packages/airflow/example_dags/example_branch_day_of_week_operator.py for tasks to queue
[2024-09-18T20:59:26.566+0000] {logging_mixin.py:115} INFO - [2024-09-18T20:59:26.566+0000] {dagbag.py:508} INFO - Filling up the DagBag from /home/airflow/.local/lib/python3.7/site-packages/airflow/example_dags/example_branch_day_of_week_operator.py
[2024-09-18T20:59:26.570+0000] {processor.py:650} INFO - DAG(s) dict_keys(['example_weekday_branch_operator']) retrieved from /home/airflow/.local/lib/python3.7/site-packages/airflow/example_dags/example_branch_day_of_week_operator.py
[2024-09-18T20:59:26.580+0000] {logging_mixin.py:115} INFO - [2024-09-18T20:59:26.580+0000] {dag.py:2429} INFO - Sync 1 DAGs
[2024-09-18T20:59:26.594+0000] {logging_mixin.py:115} INFO - [2024-09-18T20:59:26.594+0000] {dag.py:2981} INFO - Setting next_dagrun for example_weekday_branch_operator to 2024-09-17T00:00:00+00:00, run_after=2024-09-18T00:00:00+00:00
[2024-09-18T20:59:26.601+0000] {processor.py:161} INFO - Processing /home/airflow/.local/lib/python3.7/site-packages/airflow/example_dags/example_branch_day_of_week_operator.py took 0.037 seconds
[2024-09-18T20:59:56.823+0000] {processor.py:153} INFO - Started process (PID=7058) to work on /home/airflow/.local/lib/python3.7/site-packages/airflow/example_dags/example_branch_day_of_week_operator.py
[2024-09-18T20:59:56.823+0000] {processor.py:640} INFO - Processing file /home/airflow/.local/lib/python3.7/site-packages/airflow/example_dags/example_branch_day_of_week_operator.py for tasks to queue
[2024-09-18T20:59:56.823+0000] {logging_mixin.py:115} INFO - [2024-09-18T20:59:56.823+0000] {dagbag.py:508} INFO - Filling up the DagBag from /home/airflow/.local/lib/python3.7/site-packages/airflow/example_dags/example_branch_day_of_week_operator.py
[2024-09-18T20:59:56.827+0000] {processor.py:650} INFO - DAG(s) dict_keys(['example_weekday_branch_operator']) retrieved from /home/airflow/.local/lib/python3.7/site-packages/airflow/example_dags/example_branch_day_of_week_operator.py
[2024-09-18T20:59:56.836+0000] {logging_mixin.py:115} INFO - [2024-09-18T20:59:56.836+0000] {dag.py:2429} INFO - Sync 1 DAGs
[2024-09-18T20:59:56.846+0000] {logging_mixin.py:115} INFO - [2024-09-18T20:59:56.846+0000] {dag.py:2981} INFO - Setting next_dagrun for example_weekday_branch_operator to 2024-09-17T00:00:00+00:00, run_after=2024-09-18T00:00:00+00:00
[2024-09-18T20:59:56.850+0000] {processor.py:161} INFO - Processing /home/airflow/.local/lib/python3.7/site-packages/airflow/example_dags/example_branch_day_of_week_operator.py took 0.029 seconds
[2024-09-18T21:00:27.083+0000] {processor.py:153} INFO - Started process (PID=7258) to work on /home/airflow/.local/lib/python3.7/site-packages/airflow/example_dags/example_branch_day_of_week_operator.py
[2024-09-18T21:00:27.083+0000] {processor.py:640} INFO - Processing file /home/airflow/.local/lib/python3.7/site-packages/airflow/example_dags/example_branch_day_of_week_operator.py for tasks to queue
[2024-09-18T21:00:27.083+0000] {logging_mixin.py:115} INFO - [2024-09-18T21:00:27.083+0000] {dagbag.py:508} INFO - Filling up the DagBag from /home/airflow/.local/lib/python3.7/site-packages/airflow/example_dags/example_branch_day_of_week_operator.py
[2024-09-18T21:00:27.087+0000] {processor.py:650} INFO - DAG(s) dict_keys(['example_weekday_branch_operator']) retrieved from /home/airflow/.local/lib/python3.7/site-packages/airflow/example_dags/example_branch_day_of_week_operator.py
[2024-09-18T21:00:27.097+0000] {logging_mixin.py:115} INFO - [2024-09-18T21:00:27.097+0000] {dag.py:2429} INFO - Sync 1 DAGs
[2024-09-18T21:00:27.107+0000] {logging_mixin.py:115} INFO - [2024-09-18T21:00:27.107+0000] {dag.py:2981} INFO - Setting next_dagrun for example_weekday_branch_operator to 2024-09-17T00:00:00+00:00, run_after=2024-09-18T00:00:00+00:00
[2024-09-18T21:00:27.111+0000] {processor.py:161} INFO - Processing /home/airflow/.local/lib/python3.7/site-packages/airflow/example_dags/example_branch_day_of_week_operator.py took 0.030 seconds
