[2024-09-18T20:42:20.157+0000] {processor.py:153} INFO - Started process (PID=268) to work on /home/airflow/.local/lib/python3.7/site-packages/airflow/example_dags/example_complex.py
[2024-09-18T20:42:20.158+0000] {processor.py:640} INFO - Processing file /home/airflow/.local/lib/python3.7/site-packages/airflow/example_dags/example_complex.py for tasks to queue
[2024-09-18T20:42:20.159+0000] {logging_mixin.py:115} INFO - [2024-09-18T20:42:20.158+0000] {dagbag.py:508} INFO - Filling up the DagBag from /home/airflow/.local/lib/python3.7/site-packages/airflow/example_dags/example_complex.py
[2024-09-18T20:42:20.165+0000] {processor.py:650} INFO - DAG(s) dict_keys(['example_complex']) retrieved from /home/airflow/.local/lib/python3.7/site-packages/airflow/example_dags/example_complex.py
[2024-09-18T20:42:20.220+0000] {logging_mixin.py:115} INFO - [2024-09-18T20:42:20.220+0000] {manager.py:508} INFO - Created Permission View: can edit on DAG:example_complex
[2024-09-18T20:42:20.224+0000] {logging_mixin.py:115} INFO - [2024-09-18T20:42:20.224+0000] {manager.py:508} INFO - Created Permission View: can read on DAG:example_complex
[2024-09-18T20:42:20.226+0000] {logging_mixin.py:115} INFO - [2024-09-18T20:42:20.226+0000] {manager.py:508} INFO - Created Permission View: can delete on DAG:example_complex
[2024-09-18T20:42:20.226+0000] {logging_mixin.py:115} INFO - [2024-09-18T20:42:20.226+0000] {dag.py:2429} INFO - Sync 1 DAGs
[2024-09-18T20:42:20.230+0000] {logging_mixin.py:115} INFO - [2024-09-18T20:42:20.230+0000] {dag.py:2448} INFO - Creating ORM DAG for example_complex
[2024-09-18T20:42:20.235+0000] {logging_mixin.py:115} INFO - [2024-09-18T20:42:20.234+0000] {dag.py:2981} INFO - Setting next_dagrun for example_complex to None, run_after=None
[2024-09-18T20:42:20.243+0000] {processor.py:161} INFO - Processing /home/airflow/.local/lib/python3.7/site-packages/airflow/example_dags/example_complex.py took 0.088 seconds
[2024-09-18T20:42:50.630+0000] {processor.py:153} INFO - Started process (PID=464) to work on /home/airflow/.local/lib/python3.7/site-packages/airflow/example_dags/example_complex.py
[2024-09-18T20:42:50.631+0000] {processor.py:640} INFO - Processing file /home/airflow/.local/lib/python3.7/site-packages/airflow/example_dags/example_complex.py for tasks to queue
[2024-09-18T20:42:50.631+0000] {logging_mixin.py:115} INFO - [2024-09-18T20:42:50.631+0000] {dagbag.py:508} INFO - Filling up the DagBag from /home/airflow/.local/lib/python3.7/site-packages/airflow/example_dags/example_complex.py
[2024-09-18T20:42:50.638+0000] {processor.py:650} INFO - DAG(s) dict_keys(['example_complex']) retrieved from /home/airflow/.local/lib/python3.7/site-packages/airflow/example_dags/example_complex.py
[2024-09-18T20:42:50.661+0000] {logging_mixin.py:115} INFO - [2024-09-18T20:42:50.661+0000] {dag.py:2429} INFO - Sync 1 DAGs
[2024-09-18T20:42:50.672+0000] {logging_mixin.py:115} INFO - [2024-09-18T20:42:50.672+0000] {dag.py:2981} INFO - Setting next_dagrun for example_complex to None, run_after=None
[2024-09-18T20:42:50.676+0000] {processor.py:161} INFO - Processing /home/airflow/.local/lib/python3.7/site-packages/airflow/example_dags/example_complex.py took 0.047 seconds
[2024-09-18T20:43:20.832+0000] {processor.py:153} INFO - Started process (PID=661) to work on /home/airflow/.local/lib/python3.7/site-packages/airflow/example_dags/example_complex.py
[2024-09-18T20:43:20.833+0000] {processor.py:640} INFO - Processing file /home/airflow/.local/lib/python3.7/site-packages/airflow/example_dags/example_complex.py for tasks to queue
[2024-09-18T20:43:20.833+0000] {logging_mixin.py:115} INFO - [2024-09-18T20:43:20.833+0000] {dagbag.py:508} INFO - Filling up the DagBag from /home/airflow/.local/lib/python3.7/site-packages/airflow/example_dags/example_complex.py
[2024-09-18T20:43:20.838+0000] {processor.py:650} INFO - DAG(s) dict_keys(['example_complex']) retrieved from /home/airflow/.local/lib/python3.7/site-packages/airflow/example_dags/example_complex.py
[2024-09-18T20:43:20.851+0000] {logging_mixin.py:115} INFO - [2024-09-18T20:43:20.851+0000] {dag.py:2429} INFO - Sync 1 DAGs
[2024-09-18T20:43:20.861+0000] {logging_mixin.py:115} INFO - [2024-09-18T20:43:20.861+0000] {dag.py:2981} INFO - Setting next_dagrun for example_complex to None, run_after=None
[2024-09-18T20:43:20.866+0000] {processor.py:161} INFO - Processing /home/airflow/.local/lib/python3.7/site-packages/airflow/example_dags/example_complex.py took 0.035 seconds
[2024-09-18T20:43:51.079+0000] {processor.py:153} INFO - Started process (PID=858) to work on /home/airflow/.local/lib/python3.7/site-packages/airflow/example_dags/example_complex.py
[2024-09-18T20:43:51.082+0000] {processor.py:640} INFO - Processing file /home/airflow/.local/lib/python3.7/site-packages/airflow/example_dags/example_complex.py for tasks to queue
[2024-09-18T20:43:51.083+0000] {logging_mixin.py:115} INFO - [2024-09-18T20:43:51.083+0000] {dagbag.py:508} INFO - Filling up the DagBag from /home/airflow/.local/lib/python3.7/site-packages/airflow/example_dags/example_complex.py
[2024-09-18T20:43:51.089+0000] {processor.py:650} INFO - DAG(s) dict_keys(['example_complex']) retrieved from /home/airflow/.local/lib/python3.7/site-packages/airflow/example_dags/example_complex.py
[2024-09-18T20:43:51.108+0000] {logging_mixin.py:115} INFO - [2024-09-18T20:43:51.108+0000] {dag.py:2429} INFO - Sync 1 DAGs
[2024-09-18T20:43:51.122+0000] {logging_mixin.py:115} INFO - [2024-09-18T20:43:51.121+0000] {dag.py:2981} INFO - Setting next_dagrun for example_complex to None, run_after=None
[2024-09-18T20:43:51.130+0000] {processor.py:161} INFO - Processing /home/airflow/.local/lib/python3.7/site-packages/airflow/example_dags/example_complex.py took 0.052 seconds
[2024-09-18T20:44:21.332+0000] {processor.py:153} INFO - Started process (PID=1066) to work on /home/airflow/.local/lib/python3.7/site-packages/airflow/example_dags/example_complex.py
[2024-09-18T20:44:21.332+0000] {processor.py:640} INFO - Processing file /home/airflow/.local/lib/python3.7/site-packages/airflow/example_dags/example_complex.py for tasks to queue
[2024-09-18T20:44:21.333+0000] {logging_mixin.py:115} INFO - [2024-09-18T20:44:21.332+0000] {dagbag.py:508} INFO - Filling up the DagBag from /home/airflow/.local/lib/python3.7/site-packages/airflow/example_dags/example_complex.py
[2024-09-18T20:44:21.339+0000] {processor.py:650} INFO - DAG(s) dict_keys(['example_complex']) retrieved from /home/airflow/.local/lib/python3.7/site-packages/airflow/example_dags/example_complex.py
[2024-09-18T20:44:21.352+0000] {logging_mixin.py:115} INFO - [2024-09-18T20:44:21.352+0000] {dag.py:2429} INFO - Sync 1 DAGs
[2024-09-18T20:44:21.365+0000] {logging_mixin.py:115} INFO - [2024-09-18T20:44:21.364+0000] {dag.py:2981} INFO - Setting next_dagrun for example_complex to None, run_after=None
[2024-09-18T20:44:21.372+0000] {processor.py:161} INFO - Processing /home/airflow/.local/lib/python3.7/site-packages/airflow/example_dags/example_complex.py took 0.042 seconds
[2024-09-18T20:44:51.492+0000] {processor.py:153} INFO - Started process (PID=1261) to work on /home/airflow/.local/lib/python3.7/site-packages/airflow/example_dags/example_complex.py
[2024-09-18T20:44:51.493+0000] {processor.py:640} INFO - Processing file /home/airflow/.local/lib/python3.7/site-packages/airflow/example_dags/example_complex.py for tasks to queue
[2024-09-18T20:44:51.493+0000] {logging_mixin.py:115} INFO - [2024-09-18T20:44:51.493+0000] {dagbag.py:508} INFO - Filling up the DagBag from /home/airflow/.local/lib/python3.7/site-packages/airflow/example_dags/example_complex.py
[2024-09-18T20:44:51.501+0000] {processor.py:650} INFO - DAG(s) dict_keys(['example_complex']) retrieved from /home/airflow/.local/lib/python3.7/site-packages/airflow/example_dags/example_complex.py
[2024-09-18T20:44:51.514+0000] {logging_mixin.py:115} INFO - [2024-09-18T20:44:51.514+0000] {dag.py:2429} INFO - Sync 1 DAGs
[2024-09-18T20:44:51.524+0000] {logging_mixin.py:115} INFO - [2024-09-18T20:44:51.524+0000] {dag.py:2981} INFO - Setting next_dagrun for example_complex to None, run_after=None
[2024-09-18T20:44:51.529+0000] {processor.py:161} INFO - Processing /home/airflow/.local/lib/python3.7/site-packages/airflow/example_dags/example_complex.py took 0.038 seconds
[2024-09-18T20:45:21.690+0000] {processor.py:153} INFO - Started process (PID=1458) to work on /home/airflow/.local/lib/python3.7/site-packages/airflow/example_dags/example_complex.py
[2024-09-18T20:45:21.690+0000] {processor.py:640} INFO - Processing file /home/airflow/.local/lib/python3.7/site-packages/airflow/example_dags/example_complex.py for tasks to queue
[2024-09-18T20:45:21.691+0000] {logging_mixin.py:115} INFO - [2024-09-18T20:45:21.691+0000] {dagbag.py:508} INFO - Filling up the DagBag from /home/airflow/.local/lib/python3.7/site-packages/airflow/example_dags/example_complex.py
[2024-09-18T20:45:21.696+0000] {processor.py:650} INFO - DAG(s) dict_keys(['example_complex']) retrieved from /home/airflow/.local/lib/python3.7/site-packages/airflow/example_dags/example_complex.py
[2024-09-18T20:45:21.709+0000] {logging_mixin.py:115} INFO - [2024-09-18T20:45:21.708+0000] {dag.py:2429} INFO - Sync 1 DAGs
[2024-09-18T20:45:21.721+0000] {logging_mixin.py:115} INFO - [2024-09-18T20:45:21.721+0000] {dag.py:2981} INFO - Setting next_dagrun for example_complex to None, run_after=None
[2024-09-18T20:45:21.725+0000] {processor.py:161} INFO - Processing /home/airflow/.local/lib/python3.7/site-packages/airflow/example_dags/example_complex.py took 0.036 seconds
[2024-09-18T20:45:51.894+0000] {processor.py:153} INFO - Started process (PID=1654) to work on /home/airflow/.local/lib/python3.7/site-packages/airflow/example_dags/example_complex.py
[2024-09-18T20:45:51.894+0000] {processor.py:640} INFO - Processing file /home/airflow/.local/lib/python3.7/site-packages/airflow/example_dags/example_complex.py for tasks to queue
[2024-09-18T20:45:51.895+0000] {logging_mixin.py:115} INFO - [2024-09-18T20:45:51.895+0000] {dagbag.py:508} INFO - Filling up the DagBag from /home/airflow/.local/lib/python3.7/site-packages/airflow/example_dags/example_complex.py
[2024-09-18T20:45:51.902+0000] {processor.py:650} INFO - DAG(s) dict_keys(['example_complex']) retrieved from /home/airflow/.local/lib/python3.7/site-packages/airflow/example_dags/example_complex.py
[2024-09-18T20:45:51.917+0000] {logging_mixin.py:115} INFO - [2024-09-18T20:45:51.917+0000] {dag.py:2429} INFO - Sync 1 DAGs
[2024-09-18T20:45:51.927+0000] {logging_mixin.py:115} INFO - [2024-09-18T20:45:51.927+0000] {dag.py:2981} INFO - Setting next_dagrun for example_complex to None, run_after=None
[2024-09-18T20:45:51.933+0000] {processor.py:161} INFO - Processing /home/airflow/.local/lib/python3.7/site-packages/airflow/example_dags/example_complex.py took 0.040 seconds
[2024-09-18T20:46:22.116+0000] {processor.py:153} INFO - Started process (PID=1851) to work on /home/airflow/.local/lib/python3.7/site-packages/airflow/example_dags/example_complex.py
[2024-09-18T20:46:22.120+0000] {processor.py:640} INFO - Processing file /home/airflow/.local/lib/python3.7/site-packages/airflow/example_dags/example_complex.py for tasks to queue
[2024-09-18T20:46:22.120+0000] {logging_mixin.py:115} INFO - [2024-09-18T20:46:22.120+0000] {dagbag.py:508} INFO - Filling up the DagBag from /home/airflow/.local/lib/python3.7/site-packages/airflow/example_dags/example_complex.py
[2024-09-18T20:46:22.125+0000] {processor.py:650} INFO - DAG(s) dict_keys(['example_complex']) retrieved from /home/airflow/.local/lib/python3.7/site-packages/airflow/example_dags/example_complex.py
[2024-09-18T20:46:22.139+0000] {logging_mixin.py:115} INFO - [2024-09-18T20:46:22.138+0000] {dag.py:2429} INFO - Sync 1 DAGs
[2024-09-18T20:46:22.153+0000] {logging_mixin.py:115} INFO - [2024-09-18T20:46:22.153+0000] {dag.py:2981} INFO - Setting next_dagrun for example_complex to None, run_after=None
[2024-09-18T20:46:22.160+0000] {processor.py:161} INFO - Processing /home/airflow/.local/lib/python3.7/site-packages/airflow/example_dags/example_complex.py took 0.045 seconds
[2024-09-18T20:46:52.402+0000] {processor.py:153} INFO - Started process (PID=2048) to work on /home/airflow/.local/lib/python3.7/site-packages/airflow/example_dags/example_complex.py
[2024-09-18T20:46:52.404+0000] {processor.py:640} INFO - Processing file /home/airflow/.local/lib/python3.7/site-packages/airflow/example_dags/example_complex.py for tasks to queue
[2024-09-18T20:46:52.405+0000] {logging_mixin.py:115} INFO - [2024-09-18T20:46:52.404+0000] {dagbag.py:508} INFO - Filling up the DagBag from /home/airflow/.local/lib/python3.7/site-packages/airflow/example_dags/example_complex.py
[2024-09-18T20:46:52.415+0000] {processor.py:650} INFO - DAG(s) dict_keys(['example_complex']) retrieved from /home/airflow/.local/lib/python3.7/site-packages/airflow/example_dags/example_complex.py
[2024-09-18T20:46:52.430+0000] {logging_mixin.py:115} INFO - [2024-09-18T20:46:52.430+0000] {dag.py:2429} INFO - Sync 1 DAGs
[2024-09-18T20:46:52.441+0000] {logging_mixin.py:115} INFO - [2024-09-18T20:46:52.441+0000] {dag.py:2981} INFO - Setting next_dagrun for example_complex to None, run_after=None
[2024-09-18T20:46:52.448+0000] {processor.py:161} INFO - Processing /home/airflow/.local/lib/python3.7/site-packages/airflow/example_dags/example_complex.py took 0.048 seconds
[2024-09-18T20:47:22.599+0000] {processor.py:153} INFO - Started process (PID=2235) to work on /home/airflow/.local/lib/python3.7/site-packages/airflow/example_dags/example_complex.py
[2024-09-18T20:47:22.601+0000] {processor.py:640} INFO - Processing file /home/airflow/.local/lib/python3.7/site-packages/airflow/example_dags/example_complex.py for tasks to queue
[2024-09-18T20:47:22.602+0000] {logging_mixin.py:115} INFO - [2024-09-18T20:47:22.602+0000] {dagbag.py:508} INFO - Filling up the DagBag from /home/airflow/.local/lib/python3.7/site-packages/airflow/example_dags/example_complex.py
[2024-09-18T20:47:22.607+0000] {processor.py:650} INFO - DAG(s) dict_keys(['example_complex']) retrieved from /home/airflow/.local/lib/python3.7/site-packages/airflow/example_dags/example_complex.py
[2024-09-18T20:47:22.623+0000] {logging_mixin.py:115} INFO - [2024-09-18T20:47:22.623+0000] {dag.py:2429} INFO - Sync 1 DAGs
[2024-09-18T20:47:22.633+0000] {logging_mixin.py:115} INFO - [2024-09-18T20:47:22.633+0000] {dag.py:2981} INFO - Setting next_dagrun for example_complex to None, run_after=None
[2024-09-18T20:47:22.637+0000] {processor.py:161} INFO - Processing /home/airflow/.local/lib/python3.7/site-packages/airflow/example_dags/example_complex.py took 0.040 seconds
[2024-09-18T20:47:52.862+0000] {processor.py:153} INFO - Started process (PID=2433) to work on /home/airflow/.local/lib/python3.7/site-packages/airflow/example_dags/example_complex.py
[2024-09-18T20:47:52.862+0000] {processor.py:640} INFO - Processing file /home/airflow/.local/lib/python3.7/site-packages/airflow/example_dags/example_complex.py for tasks to queue
[2024-09-18T20:47:52.863+0000] {logging_mixin.py:115} INFO - [2024-09-18T20:47:52.863+0000] {dagbag.py:508} INFO - Filling up the DagBag from /home/airflow/.local/lib/python3.7/site-packages/airflow/example_dags/example_complex.py
[2024-09-18T20:47:52.868+0000] {processor.py:650} INFO - DAG(s) dict_keys(['example_complex']) retrieved from /home/airflow/.local/lib/python3.7/site-packages/airflow/example_dags/example_complex.py
[2024-09-18T20:47:52.881+0000] {logging_mixin.py:115} INFO - [2024-09-18T20:47:52.881+0000] {dag.py:2429} INFO - Sync 1 DAGs
[2024-09-18T20:47:52.892+0000] {logging_mixin.py:115} INFO - [2024-09-18T20:47:52.892+0000] {dag.py:2981} INFO - Setting next_dagrun for example_complex to None, run_after=None
[2024-09-18T20:47:52.896+0000] {processor.py:161} INFO - Processing /home/airflow/.local/lib/python3.7/site-packages/airflow/example_dags/example_complex.py took 0.036 seconds
[2024-09-18T20:48:22.994+0000] {processor.py:153} INFO - Started process (PID=2630) to work on /home/airflow/.local/lib/python3.7/site-packages/airflow/example_dags/example_complex.py
[2024-09-18T20:48:22.995+0000] {processor.py:640} INFO - Processing file /home/airflow/.local/lib/python3.7/site-packages/airflow/example_dags/example_complex.py for tasks to queue
[2024-09-18T20:48:22.995+0000] {logging_mixin.py:115} INFO - [2024-09-18T20:48:22.995+0000] {dagbag.py:508} INFO - Filling up the DagBag from /home/airflow/.local/lib/python3.7/site-packages/airflow/example_dags/example_complex.py
[2024-09-18T20:48:23.001+0000] {processor.py:650} INFO - DAG(s) dict_keys(['example_complex']) retrieved from /home/airflow/.local/lib/python3.7/site-packages/airflow/example_dags/example_complex.py
[2024-09-18T20:48:23.015+0000] {logging_mixin.py:115} INFO - [2024-09-18T20:48:23.015+0000] {dag.py:2429} INFO - Sync 1 DAGs
[2024-09-18T20:48:23.029+0000] {logging_mixin.py:115} INFO - [2024-09-18T20:48:23.029+0000] {dag.py:2981} INFO - Setting next_dagrun for example_complex to None, run_after=None
[2024-09-18T20:48:23.037+0000] {processor.py:161} INFO - Processing /home/airflow/.local/lib/python3.7/site-packages/airflow/example_dags/example_complex.py took 0.044 seconds
[2024-09-18T20:48:53.178+0000] {processor.py:153} INFO - Started process (PID=2829) to work on /home/airflow/.local/lib/python3.7/site-packages/airflow/example_dags/example_complex.py
[2024-09-18T20:48:53.179+0000] {processor.py:640} INFO - Processing file /home/airflow/.local/lib/python3.7/site-packages/airflow/example_dags/example_complex.py for tasks to queue
[2024-09-18T20:48:53.179+0000] {logging_mixin.py:115} INFO - [2024-09-18T20:48:53.179+0000] {dagbag.py:508} INFO - Filling up the DagBag from /home/airflow/.local/lib/python3.7/site-packages/airflow/example_dags/example_complex.py
[2024-09-18T20:48:53.184+0000] {processor.py:650} INFO - DAG(s) dict_keys(['example_complex']) retrieved from /home/airflow/.local/lib/python3.7/site-packages/airflow/example_dags/example_complex.py
[2024-09-18T20:48:53.201+0000] {logging_mixin.py:115} INFO - [2024-09-18T20:48:53.201+0000] {dag.py:2429} INFO - Sync 1 DAGs
[2024-09-18T20:48:53.213+0000] {logging_mixin.py:115} INFO - [2024-09-18T20:48:53.212+0000] {dag.py:2981} INFO - Setting next_dagrun for example_complex to None, run_after=None
[2024-09-18T20:48:53.218+0000] {processor.py:161} INFO - Processing /home/airflow/.local/lib/python3.7/site-packages/airflow/example_dags/example_complex.py took 0.041 seconds
[2024-09-18T20:49:23.384+0000] {processor.py:153} INFO - Started process (PID=3024) to work on /home/airflow/.local/lib/python3.7/site-packages/airflow/example_dags/example_complex.py
[2024-09-18T20:49:23.384+0000] {processor.py:640} INFO - Processing file /home/airflow/.local/lib/python3.7/site-packages/airflow/example_dags/example_complex.py for tasks to queue
[2024-09-18T20:49:23.385+0000] {logging_mixin.py:115} INFO - [2024-09-18T20:49:23.384+0000] {dagbag.py:508} INFO - Filling up the DagBag from /home/airflow/.local/lib/python3.7/site-packages/airflow/example_dags/example_complex.py
[2024-09-18T20:49:23.390+0000] {processor.py:650} INFO - DAG(s) dict_keys(['example_complex']) retrieved from /home/airflow/.local/lib/python3.7/site-packages/airflow/example_dags/example_complex.py
[2024-09-18T20:49:23.403+0000] {logging_mixin.py:115} INFO - [2024-09-18T20:49:23.402+0000] {dag.py:2429} INFO - Sync 1 DAGs
[2024-09-18T20:49:23.415+0000] {logging_mixin.py:115} INFO - [2024-09-18T20:49:23.415+0000] {dag.py:2981} INFO - Setting next_dagrun for example_complex to None, run_after=None
[2024-09-18T20:49:23.422+0000] {processor.py:161} INFO - Processing /home/airflow/.local/lib/python3.7/site-packages/airflow/example_dags/example_complex.py took 0.040 seconds
[2024-09-18T20:49:53.680+0000] {processor.py:153} INFO - Started process (PID=3221) to work on /home/airflow/.local/lib/python3.7/site-packages/airflow/example_dags/example_complex.py
[2024-09-18T20:49:53.682+0000] {processor.py:640} INFO - Processing file /home/airflow/.local/lib/python3.7/site-packages/airflow/example_dags/example_complex.py for tasks to queue
[2024-09-18T20:49:53.682+0000] {logging_mixin.py:115} INFO - [2024-09-18T20:49:53.682+0000] {dagbag.py:508} INFO - Filling up the DagBag from /home/airflow/.local/lib/python3.7/site-packages/airflow/example_dags/example_complex.py
[2024-09-18T20:49:53.688+0000] {processor.py:650} INFO - DAG(s) dict_keys(['example_complex']) retrieved from /home/airflow/.local/lib/python3.7/site-packages/airflow/example_dags/example_complex.py
[2024-09-18T20:49:53.703+0000] {logging_mixin.py:115} INFO - [2024-09-18T20:49:53.702+0000] {dag.py:2429} INFO - Sync 1 DAGs
[2024-09-18T20:49:53.717+0000] {logging_mixin.py:115} INFO - [2024-09-18T20:49:53.717+0000] {dag.py:2981} INFO - Setting next_dagrun for example_complex to None, run_after=None
[2024-09-18T20:49:53.726+0000] {processor.py:161} INFO - Processing /home/airflow/.local/lib/python3.7/site-packages/airflow/example_dags/example_complex.py took 0.047 seconds
[2024-09-18T20:50:23.896+0000] {processor.py:153} INFO - Started process (PID=3410) to work on /home/airflow/.local/lib/python3.7/site-packages/airflow/example_dags/example_complex.py
[2024-09-18T20:50:23.897+0000] {processor.py:640} INFO - Processing file /home/airflow/.local/lib/python3.7/site-packages/airflow/example_dags/example_complex.py for tasks to queue
[2024-09-18T20:50:23.897+0000] {logging_mixin.py:115} INFO - [2024-09-18T20:50:23.897+0000] {dagbag.py:508} INFO - Filling up the DagBag from /home/airflow/.local/lib/python3.7/site-packages/airflow/example_dags/example_complex.py
[2024-09-18T20:50:23.905+0000] {processor.py:650} INFO - DAG(s) dict_keys(['example_complex']) retrieved from /home/airflow/.local/lib/python3.7/site-packages/airflow/example_dags/example_complex.py
[2024-09-18T20:50:23.920+0000] {logging_mixin.py:115} INFO - [2024-09-18T20:50:23.920+0000] {dag.py:2429} INFO - Sync 1 DAGs
[2024-09-18T20:50:23.932+0000] {logging_mixin.py:115} INFO - [2024-09-18T20:50:23.931+0000] {dag.py:2981} INFO - Setting next_dagrun for example_complex to None, run_after=None
[2024-09-18T20:50:23.937+0000] {processor.py:161} INFO - Processing /home/airflow/.local/lib/python3.7/site-packages/airflow/example_dags/example_complex.py took 0.043 seconds
[2024-09-18T20:50:54.197+0000] {processor.py:153} INFO - Started process (PID=3609) to work on /home/airflow/.local/lib/python3.7/site-packages/airflow/example_dags/example_complex.py
[2024-09-18T20:50:54.197+0000] {processor.py:640} INFO - Processing file /home/airflow/.local/lib/python3.7/site-packages/airflow/example_dags/example_complex.py for tasks to queue
[2024-09-18T20:50:54.197+0000] {logging_mixin.py:115} INFO - [2024-09-18T20:50:54.197+0000] {dagbag.py:508} INFO - Filling up the DagBag from /home/airflow/.local/lib/python3.7/site-packages/airflow/example_dags/example_complex.py
[2024-09-18T20:50:54.202+0000] {processor.py:650} INFO - DAG(s) dict_keys(['example_complex']) retrieved from /home/airflow/.local/lib/python3.7/site-packages/airflow/example_dags/example_complex.py
[2024-09-18T20:50:54.214+0000] {logging_mixin.py:115} INFO - [2024-09-18T20:50:54.213+0000] {dag.py:2429} INFO - Sync 1 DAGs
[2024-09-18T20:50:54.223+0000] {logging_mixin.py:115} INFO - [2024-09-18T20:50:54.223+0000] {dag.py:2981} INFO - Setting next_dagrun for example_complex to None, run_after=None
[2024-09-18T20:50:54.227+0000] {processor.py:161} INFO - Processing /home/airflow/.local/lib/python3.7/site-packages/airflow/example_dags/example_complex.py took 0.032 seconds
[2024-09-18T20:51:24.302+0000] {processor.py:153} INFO - Started process (PID=3804) to work on /home/airflow/.local/lib/python3.7/site-packages/airflow/example_dags/example_complex.py
[2024-09-18T20:51:24.302+0000] {processor.py:640} INFO - Processing file /home/airflow/.local/lib/python3.7/site-packages/airflow/example_dags/example_complex.py for tasks to queue
[2024-09-18T20:51:24.302+0000] {logging_mixin.py:115} INFO - [2024-09-18T20:51:24.302+0000] {dagbag.py:508} INFO - Filling up the DagBag from /home/airflow/.local/lib/python3.7/site-packages/airflow/example_dags/example_complex.py
[2024-09-18T20:51:24.307+0000] {processor.py:650} INFO - DAG(s) dict_keys(['example_complex']) retrieved from /home/airflow/.local/lib/python3.7/site-packages/airflow/example_dags/example_complex.py
[2024-09-18T20:51:24.322+0000] {logging_mixin.py:115} INFO - [2024-09-18T20:51:24.322+0000] {dag.py:2429} INFO - Sync 1 DAGs
[2024-09-18T20:51:24.334+0000] {logging_mixin.py:115} INFO - [2024-09-18T20:51:24.332+0000] {dag.py:2981} INFO - Setting next_dagrun for example_complex to None, run_after=None
[2024-09-18T20:51:24.339+0000] {processor.py:161} INFO - Processing /home/airflow/.local/lib/python3.7/site-packages/airflow/example_dags/example_complex.py took 0.038 seconds
[2024-09-18T20:51:54.503+0000] {processor.py:153} INFO - Started process (PID=4001) to work on /home/airflow/.local/lib/python3.7/site-packages/airflow/example_dags/example_complex.py
[2024-09-18T20:51:54.504+0000] {processor.py:640} INFO - Processing file /home/airflow/.local/lib/python3.7/site-packages/airflow/example_dags/example_complex.py for tasks to queue
[2024-09-18T20:51:54.504+0000] {logging_mixin.py:115} INFO - [2024-09-18T20:51:54.504+0000] {dagbag.py:508} INFO - Filling up the DagBag from /home/airflow/.local/lib/python3.7/site-packages/airflow/example_dags/example_complex.py
[2024-09-18T20:51:54.510+0000] {processor.py:650} INFO - DAG(s) dict_keys(['example_complex']) retrieved from /home/airflow/.local/lib/python3.7/site-packages/airflow/example_dags/example_complex.py
[2024-09-18T20:51:54.523+0000] {logging_mixin.py:115} INFO - [2024-09-18T20:51:54.523+0000] {dag.py:2429} INFO - Sync 1 DAGs
[2024-09-18T20:51:54.535+0000] {logging_mixin.py:115} INFO - [2024-09-18T20:51:54.535+0000] {dag.py:2981} INFO - Setting next_dagrun for example_complex to None, run_after=None
[2024-09-18T20:51:54.539+0000] {processor.py:161} INFO - Processing /home/airflow/.local/lib/python3.7/site-packages/airflow/example_dags/example_complex.py took 0.038 seconds
[2024-09-18T20:52:24.620+0000] {processor.py:153} INFO - Started process (PID=4196) to work on /home/airflow/.local/lib/python3.7/site-packages/airflow/example_dags/example_complex.py
[2024-09-18T20:52:24.621+0000] {processor.py:640} INFO - Processing file /home/airflow/.local/lib/python3.7/site-packages/airflow/example_dags/example_complex.py for tasks to queue
[2024-09-18T20:52:24.621+0000] {logging_mixin.py:115} INFO - [2024-09-18T20:52:24.621+0000] {dagbag.py:508} INFO - Filling up the DagBag from /home/airflow/.local/lib/python3.7/site-packages/airflow/example_dags/example_complex.py
[2024-09-18T20:52:24.626+0000] {processor.py:650} INFO - DAG(s) dict_keys(['example_complex']) retrieved from /home/airflow/.local/lib/python3.7/site-packages/airflow/example_dags/example_complex.py
[2024-09-18T20:52:24.638+0000] {logging_mixin.py:115} INFO - [2024-09-18T20:52:24.638+0000] {dag.py:2429} INFO - Sync 1 DAGs
[2024-09-18T20:52:24.649+0000] {logging_mixin.py:115} INFO - [2024-09-18T20:52:24.649+0000] {dag.py:2981} INFO - Setting next_dagrun for example_complex to None, run_after=None
[2024-09-18T20:52:24.653+0000] {processor.py:161} INFO - Processing /home/airflow/.local/lib/python3.7/site-packages/airflow/example_dags/example_complex.py took 0.034 seconds
[2024-09-18T20:52:54.758+0000] {processor.py:153} INFO - Started process (PID=4393) to work on /home/airflow/.local/lib/python3.7/site-packages/airflow/example_dags/example_complex.py
[2024-09-18T20:52:54.759+0000] {processor.py:640} INFO - Processing file /home/airflow/.local/lib/python3.7/site-packages/airflow/example_dags/example_complex.py for tasks to queue
[2024-09-18T20:52:54.759+0000] {logging_mixin.py:115} INFO - [2024-09-18T20:52:54.759+0000] {dagbag.py:508} INFO - Filling up the DagBag from /home/airflow/.local/lib/python3.7/site-packages/airflow/example_dags/example_complex.py
[2024-09-18T20:52:54.765+0000] {processor.py:650} INFO - DAG(s) dict_keys(['example_complex']) retrieved from /home/airflow/.local/lib/python3.7/site-packages/airflow/example_dags/example_complex.py
[2024-09-18T20:52:54.782+0000] {logging_mixin.py:115} INFO - [2024-09-18T20:52:54.782+0000] {dag.py:2429} INFO - Sync 1 DAGs
[2024-09-18T20:52:54.799+0000] {logging_mixin.py:115} INFO - [2024-09-18T20:52:54.799+0000] {dag.py:2981} INFO - Setting next_dagrun for example_complex to None, run_after=None
[2024-09-18T20:52:54.806+0000] {processor.py:161} INFO - Processing /home/airflow/.local/lib/python3.7/site-packages/airflow/example_dags/example_complex.py took 0.049 seconds
[2024-09-18T20:53:24.870+0000] {processor.py:153} INFO - Started process (PID=4581) to work on /home/airflow/.local/lib/python3.7/site-packages/airflow/example_dags/example_complex.py
[2024-09-18T20:53:24.871+0000] {processor.py:640} INFO - Processing file /home/airflow/.local/lib/python3.7/site-packages/airflow/example_dags/example_complex.py for tasks to queue
[2024-09-18T20:53:24.872+0000] {logging_mixin.py:115} INFO - [2024-09-18T20:53:24.872+0000] {dagbag.py:508} INFO - Filling up the DagBag from /home/airflow/.local/lib/python3.7/site-packages/airflow/example_dags/example_complex.py
[2024-09-18T20:53:24.880+0000] {processor.py:650} INFO - DAG(s) dict_keys(['example_complex']) retrieved from /home/airflow/.local/lib/python3.7/site-packages/airflow/example_dags/example_complex.py
[2024-09-18T20:53:24.893+0000] {logging_mixin.py:115} INFO - [2024-09-18T20:53:24.893+0000] {dag.py:2429} INFO - Sync 1 DAGs
[2024-09-18T20:53:24.905+0000] {logging_mixin.py:115} INFO - [2024-09-18T20:53:24.905+0000] {dag.py:2981} INFO - Setting next_dagrun for example_complex to None, run_after=None
[2024-09-18T20:53:24.913+0000] {processor.py:161} INFO - Processing /home/airflow/.local/lib/python3.7/site-packages/airflow/example_dags/example_complex.py took 0.044 seconds
[2024-09-18T20:53:55.010+0000] {processor.py:153} INFO - Started process (PID=4778) to work on /home/airflow/.local/lib/python3.7/site-packages/airflow/example_dags/example_complex.py
[2024-09-18T20:53:55.011+0000] {processor.py:640} INFO - Processing file /home/airflow/.local/lib/python3.7/site-packages/airflow/example_dags/example_complex.py for tasks to queue
[2024-09-18T20:53:55.011+0000] {logging_mixin.py:115} INFO - [2024-09-18T20:53:55.011+0000] {dagbag.py:508} INFO - Filling up the DagBag from /home/airflow/.local/lib/python3.7/site-packages/airflow/example_dags/example_complex.py
[2024-09-18T20:53:55.017+0000] {processor.py:650} INFO - DAG(s) dict_keys(['example_complex']) retrieved from /home/airflow/.local/lib/python3.7/site-packages/airflow/example_dags/example_complex.py
[2024-09-18T20:53:55.029+0000] {logging_mixin.py:115} INFO - [2024-09-18T20:53:55.029+0000] {dag.py:2429} INFO - Sync 1 DAGs
[2024-09-18T20:53:55.039+0000] {logging_mixin.py:115} INFO - [2024-09-18T20:53:55.039+0000] {dag.py:2981} INFO - Setting next_dagrun for example_complex to None, run_after=None
[2024-09-18T20:53:55.044+0000] {processor.py:161} INFO - Processing /home/airflow/.local/lib/python3.7/site-packages/airflow/example_dags/example_complex.py took 0.035 seconds
[2024-09-18T20:54:25.120+0000] {processor.py:153} INFO - Started process (PID=4977) to work on /home/airflow/.local/lib/python3.7/site-packages/airflow/example_dags/example_complex.py
[2024-09-18T20:54:25.120+0000] {processor.py:640} INFO - Processing file /home/airflow/.local/lib/python3.7/site-packages/airflow/example_dags/example_complex.py for tasks to queue
[2024-09-18T20:54:25.120+0000] {logging_mixin.py:115} INFO - [2024-09-18T20:54:25.120+0000] {dagbag.py:508} INFO - Filling up the DagBag from /home/airflow/.local/lib/python3.7/site-packages/airflow/example_dags/example_complex.py
[2024-09-18T20:54:25.125+0000] {processor.py:650} INFO - DAG(s) dict_keys(['example_complex']) retrieved from /home/airflow/.local/lib/python3.7/site-packages/airflow/example_dags/example_complex.py
[2024-09-18T20:54:25.137+0000] {logging_mixin.py:115} INFO - [2024-09-18T20:54:25.137+0000] {dag.py:2429} INFO - Sync 1 DAGs
[2024-09-18T20:54:25.146+0000] {logging_mixin.py:115} INFO - [2024-09-18T20:54:25.146+0000] {dag.py:2981} INFO - Setting next_dagrun for example_complex to None, run_after=None
[2024-09-18T20:54:25.150+0000] {processor.py:161} INFO - Processing /home/airflow/.local/lib/python3.7/site-packages/airflow/example_dags/example_complex.py took 0.032 seconds
[2024-09-18T20:54:55.453+0000] {processor.py:153} INFO - Started process (PID=5171) to work on /home/airflow/.local/lib/python3.7/site-packages/airflow/example_dags/example_complex.py
[2024-09-18T20:54:55.454+0000] {processor.py:640} INFO - Processing file /home/airflow/.local/lib/python3.7/site-packages/airflow/example_dags/example_complex.py for tasks to queue
[2024-09-18T20:54:55.454+0000] {logging_mixin.py:115} INFO - [2024-09-18T20:54:55.454+0000] {dagbag.py:508} INFO - Filling up the DagBag from /home/airflow/.local/lib/python3.7/site-packages/airflow/example_dags/example_complex.py
[2024-09-18T20:54:55.460+0000] {processor.py:650} INFO - DAG(s) dict_keys(['example_complex']) retrieved from /home/airflow/.local/lib/python3.7/site-packages/airflow/example_dags/example_complex.py
[2024-09-18T20:54:55.476+0000] {logging_mixin.py:115} INFO - [2024-09-18T20:54:55.476+0000] {dag.py:2429} INFO - Sync 1 DAGs
[2024-09-18T20:54:55.490+0000] {logging_mixin.py:115} INFO - [2024-09-18T20:54:55.490+0000] {dag.py:2981} INFO - Setting next_dagrun for example_complex to None, run_after=None
[2024-09-18T20:54:55.496+0000] {processor.py:161} INFO - Processing /home/airflow/.local/lib/python3.7/site-packages/airflow/example_dags/example_complex.py took 0.045 seconds
[2024-09-18T20:55:25.591+0000] {processor.py:153} INFO - Started process (PID=5367) to work on /home/airflow/.local/lib/python3.7/site-packages/airflow/example_dags/example_complex.py
[2024-09-18T20:55:25.592+0000] {processor.py:640} INFO - Processing file /home/airflow/.local/lib/python3.7/site-packages/airflow/example_dags/example_complex.py for tasks to queue
[2024-09-18T20:55:25.592+0000] {logging_mixin.py:115} INFO - [2024-09-18T20:55:25.592+0000] {dagbag.py:508} INFO - Filling up the DagBag from /home/airflow/.local/lib/python3.7/site-packages/airflow/example_dags/example_complex.py
[2024-09-18T20:55:25.597+0000] {processor.py:650} INFO - DAG(s) dict_keys(['example_complex']) retrieved from /home/airflow/.local/lib/python3.7/site-packages/airflow/example_dags/example_complex.py
[2024-09-18T20:55:25.612+0000] {logging_mixin.py:115} INFO - [2024-09-18T20:55:25.612+0000] {dag.py:2429} INFO - Sync 1 DAGs
[2024-09-18T20:55:25.624+0000] {logging_mixin.py:115} INFO - [2024-09-18T20:55:25.624+0000] {dag.py:2981} INFO - Setting next_dagrun for example_complex to None, run_after=None
[2024-09-18T20:55:25.628+0000] {processor.py:161} INFO - Processing /home/airflow/.local/lib/python3.7/site-packages/airflow/example_dags/example_complex.py took 0.038 seconds
[2024-09-18T20:55:55.733+0000] {processor.py:153} INFO - Started process (PID=5564) to work on /home/airflow/.local/lib/python3.7/site-packages/airflow/example_dags/example_complex.py
[2024-09-18T20:55:55.733+0000] {processor.py:640} INFO - Processing file /home/airflow/.local/lib/python3.7/site-packages/airflow/example_dags/example_complex.py for tasks to queue
[2024-09-18T20:55:55.734+0000] {logging_mixin.py:115} INFO - [2024-09-18T20:55:55.734+0000] {dagbag.py:508} INFO - Filling up the DagBag from /home/airflow/.local/lib/python3.7/site-packages/airflow/example_dags/example_complex.py
[2024-09-18T20:55:55.739+0000] {processor.py:650} INFO - DAG(s) dict_keys(['example_complex']) retrieved from /home/airflow/.local/lib/python3.7/site-packages/airflow/example_dags/example_complex.py
[2024-09-18T20:55:55.753+0000] {logging_mixin.py:115} INFO - [2024-09-18T20:55:55.753+0000] {dag.py:2429} INFO - Sync 1 DAGs
[2024-09-18T20:55:55.764+0000] {logging_mixin.py:115} INFO - [2024-09-18T20:55:55.764+0000] {dag.py:2981} INFO - Setting next_dagrun for example_complex to None, run_after=None
[2024-09-18T20:55:55.771+0000] {processor.py:161} INFO - Processing /home/airflow/.local/lib/python3.7/site-packages/airflow/example_dags/example_complex.py took 0.039 seconds
[2024-09-18T20:56:25.873+0000] {processor.py:153} INFO - Started process (PID=5752) to work on /home/airflow/.local/lib/python3.7/site-packages/airflow/example_dags/example_complex.py
[2024-09-18T20:56:25.873+0000] {processor.py:640} INFO - Processing file /home/airflow/.local/lib/python3.7/site-packages/airflow/example_dags/example_complex.py for tasks to queue
[2024-09-18T20:56:25.874+0000] {logging_mixin.py:115} INFO - [2024-09-18T20:56:25.874+0000] {dagbag.py:508} INFO - Filling up the DagBag from /home/airflow/.local/lib/python3.7/site-packages/airflow/example_dags/example_complex.py
[2024-09-18T20:56:25.879+0000] {processor.py:650} INFO - DAG(s) dict_keys(['example_complex']) retrieved from /home/airflow/.local/lib/python3.7/site-packages/airflow/example_dags/example_complex.py
[2024-09-18T20:56:25.892+0000] {logging_mixin.py:115} INFO - [2024-09-18T20:56:25.892+0000] {dag.py:2429} INFO - Sync 1 DAGs
[2024-09-18T20:56:25.903+0000] {logging_mixin.py:115} INFO - [2024-09-18T20:56:25.903+0000] {dag.py:2981} INFO - Setting next_dagrun for example_complex to None, run_after=None
[2024-09-18T20:56:25.908+0000] {processor.py:161} INFO - Processing /home/airflow/.local/lib/python3.7/site-packages/airflow/example_dags/example_complex.py took 0.036 seconds
[2024-09-18T20:56:55.977+0000] {processor.py:153} INFO - Started process (PID=5949) to work on /home/airflow/.local/lib/python3.7/site-packages/airflow/example_dags/example_complex.py
[2024-09-18T20:56:55.977+0000] {processor.py:640} INFO - Processing file /home/airflow/.local/lib/python3.7/site-packages/airflow/example_dags/example_complex.py for tasks to queue
[2024-09-18T20:56:55.977+0000] {logging_mixin.py:115} INFO - [2024-09-18T20:56:55.977+0000] {dagbag.py:508} INFO - Filling up the DagBag from /home/airflow/.local/lib/python3.7/site-packages/airflow/example_dags/example_complex.py
[2024-09-18T20:56:55.983+0000] {processor.py:650} INFO - DAG(s) dict_keys(['example_complex']) retrieved from /home/airflow/.local/lib/python3.7/site-packages/airflow/example_dags/example_complex.py
[2024-09-18T20:56:55.996+0000] {logging_mixin.py:115} INFO - [2024-09-18T20:56:55.996+0000] {dag.py:2429} INFO - Sync 1 DAGs
[2024-09-18T20:56:56.009+0000] {logging_mixin.py:115} INFO - [2024-09-18T20:56:56.009+0000] {dag.py:2981} INFO - Setting next_dagrun for example_complex to None, run_after=None
[2024-09-18T20:56:56.014+0000] {processor.py:161} INFO - Processing /home/airflow/.local/lib/python3.7/site-packages/airflow/example_dags/example_complex.py took 0.039 seconds
[2024-09-18T20:57:26.048+0000] {processor.py:153} INFO - Started process (PID=6145) to work on /home/airflow/.local/lib/python3.7/site-packages/airflow/example_dags/example_complex.py
[2024-09-18T20:57:26.051+0000] {processor.py:640} INFO - Processing file /home/airflow/.local/lib/python3.7/site-packages/airflow/example_dags/example_complex.py for tasks to queue
[2024-09-18T20:57:26.051+0000] {logging_mixin.py:115} INFO - [2024-09-18T20:57:26.051+0000] {dagbag.py:508} INFO - Filling up the DagBag from /home/airflow/.local/lib/python3.7/site-packages/airflow/example_dags/example_complex.py
[2024-09-18T20:57:26.056+0000] {processor.py:650} INFO - DAG(s) dict_keys(['example_complex']) retrieved from /home/airflow/.local/lib/python3.7/site-packages/airflow/example_dags/example_complex.py
[2024-09-18T20:57:26.072+0000] {logging_mixin.py:115} INFO - [2024-09-18T20:57:26.072+0000] {dag.py:2429} INFO - Sync 1 DAGs
[2024-09-18T20:57:26.082+0000] {logging_mixin.py:115} INFO - [2024-09-18T20:57:26.082+0000] {dag.py:2981} INFO - Setting next_dagrun for example_complex to None, run_after=None
[2024-09-18T20:57:26.086+0000] {processor.py:161} INFO - Processing /home/airflow/.local/lib/python3.7/site-packages/airflow/example_dags/example_complex.py took 0.040 seconds
[2024-09-18T20:57:56.249+0000] {processor.py:153} INFO - Started process (PID=6343) to work on /home/airflow/.local/lib/python3.7/site-packages/airflow/example_dags/example_complex.py
[2024-09-18T20:57:56.250+0000] {processor.py:640} INFO - Processing file /home/airflow/.local/lib/python3.7/site-packages/airflow/example_dags/example_complex.py for tasks to queue
[2024-09-18T20:57:56.251+0000] {logging_mixin.py:115} INFO - [2024-09-18T20:57:56.251+0000] {dagbag.py:508} INFO - Filling up the DagBag from /home/airflow/.local/lib/python3.7/site-packages/airflow/example_dags/example_complex.py
[2024-09-18T20:57:56.257+0000] {processor.py:650} INFO - DAG(s) dict_keys(['example_complex']) retrieved from /home/airflow/.local/lib/python3.7/site-packages/airflow/example_dags/example_complex.py
[2024-09-18T20:57:56.269+0000] {logging_mixin.py:115} INFO - [2024-09-18T20:57:56.269+0000] {dag.py:2429} INFO - Sync 1 DAGs
[2024-09-18T20:57:56.281+0000] {logging_mixin.py:115} INFO - [2024-09-18T20:57:56.281+0000] {dag.py:2981} INFO - Setting next_dagrun for example_complex to None, run_after=None
[2024-09-18T20:57:56.287+0000] {processor.py:161} INFO - Processing /home/airflow/.local/lib/python3.7/site-packages/airflow/example_dags/example_complex.py took 0.039 seconds
[2024-09-18T20:58:26.463+0000] {processor.py:153} INFO - Started process (PID=6539) to work on /home/airflow/.local/lib/python3.7/site-packages/airflow/example_dags/example_complex.py
[2024-09-18T20:58:26.464+0000] {processor.py:640} INFO - Processing file /home/airflow/.local/lib/python3.7/site-packages/airflow/example_dags/example_complex.py for tasks to queue
[2024-09-18T20:58:26.464+0000] {logging_mixin.py:115} INFO - [2024-09-18T20:58:26.464+0000] {dagbag.py:508} INFO - Filling up the DagBag from /home/airflow/.local/lib/python3.7/site-packages/airflow/example_dags/example_complex.py
[2024-09-18T20:58:26.471+0000] {processor.py:650} INFO - DAG(s) dict_keys(['example_complex']) retrieved from /home/airflow/.local/lib/python3.7/site-packages/airflow/example_dags/example_complex.py
[2024-09-18T20:58:26.485+0000] {logging_mixin.py:115} INFO - [2024-09-18T20:58:26.485+0000] {dag.py:2429} INFO - Sync 1 DAGs
[2024-09-18T20:58:26.495+0000] {logging_mixin.py:115} INFO - [2024-09-18T20:58:26.495+0000] {dag.py:2981} INFO - Setting next_dagrun for example_complex to None, run_after=None
[2024-09-18T20:58:26.502+0000] {processor.py:161} INFO - Processing /home/airflow/.local/lib/python3.7/site-packages/airflow/example_dags/example_complex.py took 0.040 seconds
[2024-09-18T20:58:56.669+0000] {processor.py:153} INFO - Started process (PID=6736) to work on /home/airflow/.local/lib/python3.7/site-packages/airflow/example_dags/example_complex.py
[2024-09-18T20:58:56.671+0000] {processor.py:640} INFO - Processing file /home/airflow/.local/lib/python3.7/site-packages/airflow/example_dags/example_complex.py for tasks to queue
[2024-09-18T20:58:56.671+0000] {logging_mixin.py:115} INFO - [2024-09-18T20:58:56.671+0000] {dagbag.py:508} INFO - Filling up the DagBag from /home/airflow/.local/lib/python3.7/site-packages/airflow/example_dags/example_complex.py
[2024-09-18T20:58:56.677+0000] {processor.py:650} INFO - DAG(s) dict_keys(['example_complex']) retrieved from /home/airflow/.local/lib/python3.7/site-packages/airflow/example_dags/example_complex.py
[2024-09-18T20:58:56.692+0000] {logging_mixin.py:115} INFO - [2024-09-18T20:58:56.692+0000] {dag.py:2429} INFO - Sync 1 DAGs
[2024-09-18T20:58:56.703+0000] {logging_mixin.py:115} INFO - [2024-09-18T20:58:56.703+0000] {dag.py:2981} INFO - Setting next_dagrun for example_complex to None, run_after=None
[2024-09-18T20:58:56.709+0000] {processor.py:161} INFO - Processing /home/airflow/.local/lib/python3.7/site-packages/airflow/example_dags/example_complex.py took 0.042 seconds
[2024-09-18T20:59:26.940+0000] {processor.py:153} INFO - Started process (PID=6925) to work on /home/airflow/.local/lib/python3.7/site-packages/airflow/example_dags/example_complex.py
[2024-09-18T20:59:26.941+0000] {processor.py:640} INFO - Processing file /home/airflow/.local/lib/python3.7/site-packages/airflow/example_dags/example_complex.py for tasks to queue
[2024-09-18T20:59:26.941+0000] {logging_mixin.py:115} INFO - [2024-09-18T20:59:26.941+0000] {dagbag.py:508} INFO - Filling up the DagBag from /home/airflow/.local/lib/python3.7/site-packages/airflow/example_dags/example_complex.py
[2024-09-18T20:59:26.947+0000] {processor.py:650} INFO - DAG(s) dict_keys(['example_complex']) retrieved from /home/airflow/.local/lib/python3.7/site-packages/airflow/example_dags/example_complex.py
[2024-09-18T20:59:26.962+0000] {logging_mixin.py:115} INFO - [2024-09-18T20:59:26.962+0000] {dag.py:2429} INFO - Sync 1 DAGs
[2024-09-18T20:59:26.978+0000] {logging_mixin.py:115} INFO - [2024-09-18T20:59:26.978+0000] {dag.py:2981} INFO - Setting next_dagrun for example_complex to None, run_after=None
[2024-09-18T20:59:26.984+0000] {processor.py:161} INFO - Processing /home/airflow/.local/lib/python3.7/site-packages/airflow/example_dags/example_complex.py took 0.045 seconds
[2024-09-18T20:59:57.164+0000] {processor.py:153} INFO - Started process (PID=7121) to work on /home/airflow/.local/lib/python3.7/site-packages/airflow/example_dags/example_complex.py
[2024-09-18T20:59:57.167+0000] {processor.py:640} INFO - Processing file /home/airflow/.local/lib/python3.7/site-packages/airflow/example_dags/example_complex.py for tasks to queue
[2024-09-18T20:59:57.167+0000] {logging_mixin.py:115} INFO - [2024-09-18T20:59:57.167+0000] {dagbag.py:508} INFO - Filling up the DagBag from /home/airflow/.local/lib/python3.7/site-packages/airflow/example_dags/example_complex.py
[2024-09-18T20:59:57.173+0000] {processor.py:650} INFO - DAG(s) dict_keys(['example_complex']) retrieved from /home/airflow/.local/lib/python3.7/site-packages/airflow/example_dags/example_complex.py
[2024-09-18T20:59:57.186+0000] {logging_mixin.py:115} INFO - [2024-09-18T20:59:57.186+0000] {dag.py:2429} INFO - Sync 1 DAGs
[2024-09-18T20:59:57.198+0000] {logging_mixin.py:115} INFO - [2024-09-18T20:59:57.198+0000] {dag.py:2981} INFO - Setting next_dagrun for example_complex to None, run_after=None
[2024-09-18T20:59:57.204+0000] {processor.py:161} INFO - Processing /home/airflow/.local/lib/python3.7/site-packages/airflow/example_dags/example_complex.py took 0.042 seconds
[2024-09-18T21:00:27.402+0000] {processor.py:153} INFO - Started process (PID=7318) to work on /home/airflow/.local/lib/python3.7/site-packages/airflow/example_dags/example_complex.py
[2024-09-18T21:00:27.405+0000] {processor.py:640} INFO - Processing file /home/airflow/.local/lib/python3.7/site-packages/airflow/example_dags/example_complex.py for tasks to queue
[2024-09-18T21:00:27.405+0000] {logging_mixin.py:115} INFO - [2024-09-18T21:00:27.405+0000] {dagbag.py:508} INFO - Filling up the DagBag from /home/airflow/.local/lib/python3.7/site-packages/airflow/example_dags/example_complex.py
[2024-09-18T21:00:27.410+0000] {processor.py:650} INFO - DAG(s) dict_keys(['example_complex']) retrieved from /home/airflow/.local/lib/python3.7/site-packages/airflow/example_dags/example_complex.py
[2024-09-18T21:00:27.425+0000] {logging_mixin.py:115} INFO - [2024-09-18T21:00:27.425+0000] {dag.py:2429} INFO - Sync 1 DAGs
[2024-09-18T21:00:27.436+0000] {logging_mixin.py:115} INFO - [2024-09-18T21:00:27.436+0000] {dag.py:2981} INFO - Setting next_dagrun for example_complex to None, run_after=None
[2024-09-18T21:00:27.444+0000] {processor.py:161} INFO - Processing /home/airflow/.local/lib/python3.7/site-packages/airflow/example_dags/example_complex.py took 0.044 seconds
