[2024-09-18T20:42:19.139+0000] {processor.py:153} INFO - Started process (PID=171) to work on /home/airflow/.local/lib/python3.7/site-packages/airflow/example_dags/example_branch_datetime_operator.py
[2024-09-18T20:42:19.140+0000] {processor.py:640} INFO - Processing file /home/airflow/.local/lib/python3.7/site-packages/airflow/example_dags/example_branch_datetime_operator.py for tasks to queue
[2024-09-18T20:42:19.140+0000] {logging_mixin.py:115} INFO - [2024-09-18T20:42:19.140+0000] {dagbag.py:508} INFO - Filling up the DagBag from /home/airflow/.local/lib/python3.7/site-packages/airflow/example_dags/example_branch_datetime_operator.py
[2024-09-18T20:42:19.150+0000] {processor.py:650} INFO - DAG(s) dict_keys(['example_branch_datetime_operator', 'example_branch_datetime_operator_2']) retrieved from /home/airflow/.local/lib/python3.7/site-packages/airflow/example_dags/example_branch_datetime_operator.py
[2024-09-18T20:42:19.216+0000] {logging_mixin.py:115} INFO - [2024-09-18T20:42:19.216+0000] {manager.py:508} INFO - Created Permission View: can edit on DAG:example_branch_datetime_operator
[2024-09-18T20:42:19.222+0000] {logging_mixin.py:115} INFO - [2024-09-18T20:42:19.222+0000] {manager.py:508} INFO - Created Permission View: can read on DAG:example_branch_datetime_operator
[2024-09-18T20:42:19.225+0000] {logging_mixin.py:115} INFO - [2024-09-18T20:42:19.225+0000] {manager.py:508} INFO - Created Permission View: can delete on DAG:example_branch_datetime_operator
[2024-09-18T20:42:19.231+0000] {logging_mixin.py:115} INFO - [2024-09-18T20:42:19.231+0000] {manager.py:508} INFO - Created Permission View: can edit on DAG:example_branch_datetime_operator_2
[2024-09-18T20:42:19.237+0000] {logging_mixin.py:115} INFO - [2024-09-18T20:42:19.236+0000] {manager.py:508} INFO - Created Permission View: can read on DAG:example_branch_datetime_operator_2
[2024-09-18T20:42:19.239+0000] {logging_mixin.py:115} INFO - [2024-09-18T20:42:19.239+0000] {manager.py:508} INFO - Created Permission View: can delete on DAG:example_branch_datetime_operator_2
[2024-09-18T20:42:19.239+0000] {logging_mixin.py:115} INFO - [2024-09-18T20:42:19.239+0000] {dag.py:2429} INFO - Sync 2 DAGs
[2024-09-18T20:42:19.244+0000] {logging_mixin.py:115} INFO - [2024-09-18T20:42:19.244+0000] {dag.py:2448} INFO - Creating ORM DAG for example_branch_datetime_operator
[2024-09-18T20:42:19.244+0000] {logging_mixin.py:115} INFO - [2024-09-18T20:42:19.244+0000] {dag.py:2448} INFO - Creating ORM DAG for example_branch_datetime_operator_2
[2024-09-18T20:42:19.250+0000] {logging_mixin.py:115} INFO - [2024-09-18T20:42:19.250+0000] {dag.py:2981} INFO - Setting next_dagrun for example_branch_datetime_operator to 2024-09-17T00:00:00+00:00, run_after=2024-09-18T00:00:00+00:00
[2024-09-18T20:42:19.251+0000] {logging_mixin.py:115} INFO - [2024-09-18T20:42:19.251+0000] {dag.py:2981} INFO - Setting next_dagrun for example_branch_datetime_operator_2 to 2024-09-17T00:00:00+00:00, run_after=2024-09-18T00:00:00+00:00
[2024-09-18T20:42:19.257+0000] {processor.py:161} INFO - Processing /home/airflow/.local/lib/python3.7/site-packages/airflow/example_dags/example_branch_datetime_operator.py took 0.122 seconds
[2024-09-18T20:42:50.119+0000] {processor.py:153} INFO - Started process (PID=369) to work on /home/airflow/.local/lib/python3.7/site-packages/airflow/example_dags/example_branch_datetime_operator.py
[2024-09-18T20:42:50.119+0000] {processor.py:640} INFO - Processing file /home/airflow/.local/lib/python3.7/site-packages/airflow/example_dags/example_branch_datetime_operator.py for tasks to queue
[2024-09-18T20:42:50.120+0000] {logging_mixin.py:115} INFO - [2024-09-18T20:42:50.119+0000] {dagbag.py:508} INFO - Filling up the DagBag from /home/airflow/.local/lib/python3.7/site-packages/airflow/example_dags/example_branch_datetime_operator.py
[2024-09-18T20:42:50.126+0000] {processor.py:650} INFO - DAG(s) dict_keys(['example_branch_datetime_operator', 'example_branch_datetime_operator_2']) retrieved from /home/airflow/.local/lib/python3.7/site-packages/airflow/example_dags/example_branch_datetime_operator.py
[2024-09-18T20:42:50.144+0000] {logging_mixin.py:115} INFO - [2024-09-18T20:42:50.144+0000] {dag.py:2429} INFO - Sync 2 DAGs
[2024-09-18T20:42:50.158+0000] {logging_mixin.py:115} INFO - [2024-09-18T20:42:50.158+0000] {dag.py:2981} INFO - Setting next_dagrun for example_branch_datetime_operator to 2024-09-17T00:00:00+00:00, run_after=2024-09-18T00:00:00+00:00
[2024-09-18T20:42:50.159+0000] {logging_mixin.py:115} INFO - [2024-09-18T20:42:50.159+0000] {dag.py:2981} INFO - Setting next_dagrun for example_branch_datetime_operator_2 to 2024-09-17T00:00:00+00:00, run_after=2024-09-18T00:00:00+00:00
[2024-09-18T20:42:50.166+0000] {processor.py:161} INFO - Processing /home/airflow/.local/lib/python3.7/site-packages/airflow/example_dags/example_branch_datetime_operator.py took 0.049 seconds
[2024-09-18T20:43:20.311+0000] {processor.py:153} INFO - Started process (PID=565) to work on /home/airflow/.local/lib/python3.7/site-packages/airflow/example_dags/example_branch_datetime_operator.py
[2024-09-18T20:43:20.312+0000] {processor.py:640} INFO - Processing file /home/airflow/.local/lib/python3.7/site-packages/airflow/example_dags/example_branch_datetime_operator.py for tasks to queue
[2024-09-18T20:43:20.313+0000] {logging_mixin.py:115} INFO - [2024-09-18T20:43:20.313+0000] {dagbag.py:508} INFO - Filling up the DagBag from /home/airflow/.local/lib/python3.7/site-packages/airflow/example_dags/example_branch_datetime_operator.py
[2024-09-18T20:43:20.320+0000] {processor.py:650} INFO - DAG(s) dict_keys(['example_branch_datetime_operator', 'example_branch_datetime_operator_2']) retrieved from /home/airflow/.local/lib/python3.7/site-packages/airflow/example_dags/example_branch_datetime_operator.py
[2024-09-18T20:43:20.338+0000] {logging_mixin.py:115} INFO - [2024-09-18T20:43:20.338+0000] {dag.py:2429} INFO - Sync 2 DAGs
[2024-09-18T20:43:20.352+0000] {logging_mixin.py:115} INFO - [2024-09-18T20:43:20.352+0000] {dag.py:2981} INFO - Setting next_dagrun for example_branch_datetime_operator to 2024-09-17T00:00:00+00:00, run_after=2024-09-18T00:00:00+00:00
[2024-09-18T20:43:20.353+0000] {logging_mixin.py:115} INFO - [2024-09-18T20:43:20.353+0000] {dag.py:2981} INFO - Setting next_dagrun for example_branch_datetime_operator_2 to 2024-09-17T00:00:00+00:00, run_after=2024-09-18T00:00:00+00:00
[2024-09-18T20:43:20.358+0000] {processor.py:161} INFO - Processing /home/airflow/.local/lib/python3.7/site-packages/airflow/example_dags/example_branch_datetime_operator.py took 0.049 seconds
[2024-09-18T20:43:50.506+0000] {processor.py:153} INFO - Started process (PID=754) to work on /home/airflow/.local/lib/python3.7/site-packages/airflow/example_dags/example_branch_datetime_operator.py
[2024-09-18T20:43:50.510+0000] {processor.py:640} INFO - Processing file /home/airflow/.local/lib/python3.7/site-packages/airflow/example_dags/example_branch_datetime_operator.py for tasks to queue
[2024-09-18T20:43:50.511+0000] {logging_mixin.py:115} INFO - [2024-09-18T20:43:50.511+0000] {dagbag.py:508} INFO - Filling up the DagBag from /home/airflow/.local/lib/python3.7/site-packages/airflow/example_dags/example_branch_datetime_operator.py
[2024-09-18T20:43:50.517+0000] {processor.py:650} INFO - DAG(s) dict_keys(['example_branch_datetime_operator', 'example_branch_datetime_operator_2']) retrieved from /home/airflow/.local/lib/python3.7/site-packages/airflow/example_dags/example_branch_datetime_operator.py
[2024-09-18T20:43:50.537+0000] {logging_mixin.py:115} INFO - [2024-09-18T20:43:50.537+0000] {dag.py:2429} INFO - Sync 2 DAGs
[2024-09-18T20:43:50.551+0000] {logging_mixin.py:115} INFO - [2024-09-18T20:43:50.550+0000] {dag.py:2981} INFO - Setting next_dagrun for example_branch_datetime_operator to 2024-09-17T00:00:00+00:00, run_after=2024-09-18T00:00:00+00:00
[2024-09-18T20:43:50.551+0000] {logging_mixin.py:115} INFO - [2024-09-18T20:43:50.551+0000] {dag.py:2981} INFO - Setting next_dagrun for example_branch_datetime_operator_2 to 2024-09-17T00:00:00+00:00, run_after=2024-09-18T00:00:00+00:00
[2024-09-18T20:43:50.559+0000] {processor.py:161} INFO - Processing /home/airflow/.local/lib/python3.7/site-packages/airflow/example_dags/example_branch_datetime_operator.py took 0.056 seconds
[2024-09-18T20:44:20.711+0000] {processor.py:153} INFO - Started process (PID=968) to work on /home/airflow/.local/lib/python3.7/site-packages/airflow/example_dags/example_branch_datetime_operator.py
[2024-09-18T20:44:20.712+0000] {processor.py:640} INFO - Processing file /home/airflow/.local/lib/python3.7/site-packages/airflow/example_dags/example_branch_datetime_operator.py for tasks to queue
[2024-09-18T20:44:20.714+0000] {logging_mixin.py:115} INFO - [2024-09-18T20:44:20.714+0000] {dagbag.py:508} INFO - Filling up the DagBag from /home/airflow/.local/lib/python3.7/site-packages/airflow/example_dags/example_branch_datetime_operator.py
[2024-09-18T20:44:20.720+0000] {processor.py:650} INFO - DAG(s) dict_keys(['example_branch_datetime_operator', 'example_branch_datetime_operator_2']) retrieved from /home/airflow/.local/lib/python3.7/site-packages/airflow/example_dags/example_branch_datetime_operator.py
[2024-09-18T20:44:20.738+0000] {logging_mixin.py:115} INFO - [2024-09-18T20:44:20.738+0000] {dag.py:2429} INFO - Sync 2 DAGs
[2024-09-18T20:44:20.753+0000] {logging_mixin.py:115} INFO - [2024-09-18T20:44:20.753+0000] {dag.py:2981} INFO - Setting next_dagrun for example_branch_datetime_operator to 2024-09-17T00:00:00+00:00, run_after=2024-09-18T00:00:00+00:00
[2024-09-18T20:44:20.754+0000] {logging_mixin.py:115} INFO - [2024-09-18T20:44:20.754+0000] {dag.py:2981} INFO - Setting next_dagrun for example_branch_datetime_operator_2 to 2024-09-17T00:00:00+00:00, run_after=2024-09-18T00:00:00+00:00
[2024-09-18T20:44:20.761+0000] {processor.py:161} INFO - Processing /home/airflow/.local/lib/python3.7/site-packages/airflow/example_dags/example_branch_datetime_operator.py took 0.052 seconds
[2024-09-18T20:44:50.964+0000] {processor.py:153} INFO - Started process (PID=1165) to work on /home/airflow/.local/lib/python3.7/site-packages/airflow/example_dags/example_branch_datetime_operator.py
[2024-09-18T20:44:50.964+0000] {processor.py:640} INFO - Processing file /home/airflow/.local/lib/python3.7/site-packages/airflow/example_dags/example_branch_datetime_operator.py for tasks to queue
[2024-09-18T20:44:50.965+0000] {logging_mixin.py:115} INFO - [2024-09-18T20:44:50.964+0000] {dagbag.py:508} INFO - Filling up the DagBag from /home/airflow/.local/lib/python3.7/site-packages/airflow/example_dags/example_branch_datetime_operator.py
[2024-09-18T20:44:50.971+0000] {processor.py:650} INFO - DAG(s) dict_keys(['example_branch_datetime_operator', 'example_branch_datetime_operator_2']) retrieved from /home/airflow/.local/lib/python3.7/site-packages/airflow/example_dags/example_branch_datetime_operator.py
[2024-09-18T20:44:50.988+0000] {logging_mixin.py:115} INFO - [2024-09-18T20:44:50.988+0000] {dag.py:2429} INFO - Sync 2 DAGs
[2024-09-18T20:44:51.001+0000] {logging_mixin.py:115} INFO - [2024-09-18T20:44:51.000+0000] {dag.py:2981} INFO - Setting next_dagrun for example_branch_datetime_operator to 2024-09-17T00:00:00+00:00, run_after=2024-09-18T00:00:00+00:00
[2024-09-18T20:44:51.004+0000] {logging_mixin.py:115} INFO - [2024-09-18T20:44:51.004+0000] {dag.py:2981} INFO - Setting next_dagrun for example_branch_datetime_operator_2 to 2024-09-17T00:00:00+00:00, run_after=2024-09-18T00:00:00+00:00
[2024-09-18T20:44:51.012+0000] {processor.py:161} INFO - Processing /home/airflow/.local/lib/python3.7/site-packages/airflow/example_dags/example_branch_datetime_operator.py took 0.051 seconds
[2024-09-18T20:45:21.148+0000] {processor.py:153} INFO - Started process (PID=1362) to work on /home/airflow/.local/lib/python3.7/site-packages/airflow/example_dags/example_branch_datetime_operator.py
[2024-09-18T20:45:21.149+0000] {processor.py:640} INFO - Processing file /home/airflow/.local/lib/python3.7/site-packages/airflow/example_dags/example_branch_datetime_operator.py for tasks to queue
[2024-09-18T20:45:21.149+0000] {logging_mixin.py:115} INFO - [2024-09-18T20:45:21.149+0000] {dagbag.py:508} INFO - Filling up the DagBag from /home/airflow/.local/lib/python3.7/site-packages/airflow/example_dags/example_branch_datetime_operator.py
[2024-09-18T20:45:21.158+0000] {processor.py:650} INFO - DAG(s) dict_keys(['example_branch_datetime_operator', 'example_branch_datetime_operator_2']) retrieved from /home/airflow/.local/lib/python3.7/site-packages/airflow/example_dags/example_branch_datetime_operator.py
[2024-09-18T20:45:21.176+0000] {logging_mixin.py:115} INFO - [2024-09-18T20:45:21.176+0000] {dag.py:2429} INFO - Sync 2 DAGs
[2024-09-18T20:45:21.189+0000] {logging_mixin.py:115} INFO - [2024-09-18T20:45:21.189+0000] {dag.py:2981} INFO - Setting next_dagrun for example_branch_datetime_operator to 2024-09-17T00:00:00+00:00, run_after=2024-09-18T00:00:00+00:00
[2024-09-18T20:45:21.191+0000] {logging_mixin.py:115} INFO - [2024-09-18T20:45:21.191+0000] {dag.py:2981} INFO - Setting next_dagrun for example_branch_datetime_operator_2 to 2024-09-17T00:00:00+00:00, run_after=2024-09-18T00:00:00+00:00
[2024-09-18T20:45:21.196+0000] {processor.py:161} INFO - Processing /home/airflow/.local/lib/python3.7/site-packages/airflow/example_dags/example_branch_datetime_operator.py took 0.050 seconds
[2024-09-18T20:45:51.359+0000] {processor.py:153} INFO - Started process (PID=1559) to work on /home/airflow/.local/lib/python3.7/site-packages/airflow/example_dags/example_branch_datetime_operator.py
[2024-09-18T20:45:51.359+0000] {processor.py:640} INFO - Processing file /home/airflow/.local/lib/python3.7/site-packages/airflow/example_dags/example_branch_datetime_operator.py for tasks to queue
[2024-09-18T20:45:51.360+0000] {logging_mixin.py:115} INFO - [2024-09-18T20:45:51.360+0000] {dagbag.py:508} INFO - Filling up the DagBag from /home/airflow/.local/lib/python3.7/site-packages/airflow/example_dags/example_branch_datetime_operator.py
[2024-09-18T20:45:51.368+0000] {processor.py:650} INFO - DAG(s) dict_keys(['example_branch_datetime_operator', 'example_branch_datetime_operator_2']) retrieved from /home/airflow/.local/lib/python3.7/site-packages/airflow/example_dags/example_branch_datetime_operator.py
[2024-09-18T20:45:51.388+0000] {logging_mixin.py:115} INFO - [2024-09-18T20:45:51.388+0000] {dag.py:2429} INFO - Sync 2 DAGs
[2024-09-18T20:45:51.403+0000] {logging_mixin.py:115} INFO - [2024-09-18T20:45:51.403+0000] {dag.py:2981} INFO - Setting next_dagrun for example_branch_datetime_operator to 2024-09-17T00:00:00+00:00, run_after=2024-09-18T00:00:00+00:00
[2024-09-18T20:45:51.404+0000] {logging_mixin.py:115} INFO - [2024-09-18T20:45:51.404+0000] {dag.py:2981} INFO - Setting next_dagrun for example_branch_datetime_operator_2 to 2024-09-17T00:00:00+00:00, run_after=2024-09-18T00:00:00+00:00
[2024-09-18T20:45:51.411+0000] {processor.py:161} INFO - Processing /home/airflow/.local/lib/python3.7/site-packages/airflow/example_dags/example_branch_datetime_operator.py took 0.056 seconds
[2024-09-18T20:46:21.560+0000] {processor.py:153} INFO - Started process (PID=1756) to work on /home/airflow/.local/lib/python3.7/site-packages/airflow/example_dags/example_branch_datetime_operator.py
[2024-09-18T20:46:21.560+0000] {processor.py:640} INFO - Processing file /home/airflow/.local/lib/python3.7/site-packages/airflow/example_dags/example_branch_datetime_operator.py for tasks to queue
[2024-09-18T20:46:21.563+0000] {logging_mixin.py:115} INFO - [2024-09-18T20:46:21.563+0000] {dagbag.py:508} INFO - Filling up the DagBag from /home/airflow/.local/lib/python3.7/site-packages/airflow/example_dags/example_branch_datetime_operator.py
[2024-09-18T20:46:21.568+0000] {processor.py:650} INFO - DAG(s) dict_keys(['example_branch_datetime_operator', 'example_branch_datetime_operator_2']) retrieved from /home/airflow/.local/lib/python3.7/site-packages/airflow/example_dags/example_branch_datetime_operator.py
[2024-09-18T20:46:21.586+0000] {logging_mixin.py:115} INFO - [2024-09-18T20:46:21.586+0000] {dag.py:2429} INFO - Sync 2 DAGs
[2024-09-18T20:46:21.599+0000] {logging_mixin.py:115} INFO - [2024-09-18T20:46:21.599+0000] {dag.py:2981} INFO - Setting next_dagrun for example_branch_datetime_operator to 2024-09-17T00:00:00+00:00, run_after=2024-09-18T00:00:00+00:00
[2024-09-18T20:46:21.600+0000] {logging_mixin.py:115} INFO - [2024-09-18T20:46:21.600+0000] {dag.py:2981} INFO - Setting next_dagrun for example_branch_datetime_operator_2 to 2024-09-17T00:00:00+00:00, run_after=2024-09-18T00:00:00+00:00
[2024-09-18T20:46:21.609+0000] {processor.py:161} INFO - Processing /home/airflow/.local/lib/python3.7/site-packages/airflow/example_dags/example_branch_datetime_operator.py took 0.051 seconds
[2024-09-18T20:46:51.789+0000] {processor.py:153} INFO - Started process (PID=1943) to work on /home/airflow/.local/lib/python3.7/site-packages/airflow/example_dags/example_branch_datetime_operator.py
[2024-09-18T20:46:51.790+0000] {processor.py:640} INFO - Processing file /home/airflow/.local/lib/python3.7/site-packages/airflow/example_dags/example_branch_datetime_operator.py for tasks to queue
[2024-09-18T20:46:51.790+0000] {logging_mixin.py:115} INFO - [2024-09-18T20:46:51.790+0000] {dagbag.py:508} INFO - Filling up the DagBag from /home/airflow/.local/lib/python3.7/site-packages/airflow/example_dags/example_branch_datetime_operator.py
[2024-09-18T20:46:51.796+0000] {processor.py:650} INFO - DAG(s) dict_keys(['example_branch_datetime_operator', 'example_branch_datetime_operator_2']) retrieved from /home/airflow/.local/lib/python3.7/site-packages/airflow/example_dags/example_branch_datetime_operator.py
[2024-09-18T20:46:51.817+0000] {logging_mixin.py:115} INFO - [2024-09-18T20:46:51.817+0000] {dag.py:2429} INFO - Sync 2 DAGs
[2024-09-18T20:46:51.832+0000] {logging_mixin.py:115} INFO - [2024-09-18T20:46:51.832+0000] {dag.py:2981} INFO - Setting next_dagrun for example_branch_datetime_operator to 2024-09-17T00:00:00+00:00, run_after=2024-09-18T00:00:00+00:00
[2024-09-18T20:46:51.833+0000] {logging_mixin.py:115} INFO - [2024-09-18T20:46:51.833+0000] {dag.py:2981} INFO - Setting next_dagrun for example_branch_datetime_operator_2 to 2024-09-17T00:00:00+00:00, run_after=2024-09-18T00:00:00+00:00
[2024-09-18T20:46:51.840+0000] {processor.py:161} INFO - Processing /home/airflow/.local/lib/python3.7/site-packages/airflow/example_dags/example_branch_datetime_operator.py took 0.054 seconds
[2024-09-18T20:47:22.144+0000] {processor.py:153} INFO - Started process (PID=2141) to work on /home/airflow/.local/lib/python3.7/site-packages/airflow/example_dags/example_branch_datetime_operator.py
[2024-09-18T20:47:22.144+0000] {processor.py:640} INFO - Processing file /home/airflow/.local/lib/python3.7/site-packages/airflow/example_dags/example_branch_datetime_operator.py for tasks to queue
[2024-09-18T20:47:22.144+0000] {logging_mixin.py:115} INFO - [2024-09-18T20:47:22.144+0000] {dagbag.py:508} INFO - Filling up the DagBag from /home/airflow/.local/lib/python3.7/site-packages/airflow/example_dags/example_branch_datetime_operator.py
[2024-09-18T20:47:22.149+0000] {processor.py:650} INFO - DAG(s) dict_keys(['example_branch_datetime_operator', 'example_branch_datetime_operator_2']) retrieved from /home/airflow/.local/lib/python3.7/site-packages/airflow/example_dags/example_branch_datetime_operator.py
[2024-09-18T20:47:22.163+0000] {logging_mixin.py:115} INFO - [2024-09-18T20:47:22.163+0000] {dag.py:2429} INFO - Sync 2 DAGs
[2024-09-18T20:47:22.175+0000] {logging_mixin.py:115} INFO - [2024-09-18T20:47:22.174+0000] {dag.py:2981} INFO - Setting next_dagrun for example_branch_datetime_operator to 2024-09-17T00:00:00+00:00, run_after=2024-09-18T00:00:00+00:00
[2024-09-18T20:47:22.175+0000] {logging_mixin.py:115} INFO - [2024-09-18T20:47:22.175+0000] {dag.py:2981} INFO - Setting next_dagrun for example_branch_datetime_operator_2 to 2024-09-17T00:00:00+00:00, run_after=2024-09-18T00:00:00+00:00
[2024-09-18T20:47:22.180+0000] {processor.py:161} INFO - Processing /home/airflow/.local/lib/python3.7/site-packages/airflow/example_dags/example_branch_datetime_operator.py took 0.038 seconds
[2024-09-18T20:47:52.263+0000] {processor.py:153} INFO - Started process (PID=2338) to work on /home/airflow/.local/lib/python3.7/site-packages/airflow/example_dags/example_branch_datetime_operator.py
[2024-09-18T20:47:52.266+0000] {processor.py:640} INFO - Processing file /home/airflow/.local/lib/python3.7/site-packages/airflow/example_dags/example_branch_datetime_operator.py for tasks to queue
[2024-09-18T20:47:52.267+0000] {logging_mixin.py:115} INFO - [2024-09-18T20:47:52.267+0000] {dagbag.py:508} INFO - Filling up the DagBag from /home/airflow/.local/lib/python3.7/site-packages/airflow/example_dags/example_branch_datetime_operator.py
[2024-09-18T20:47:52.275+0000] {processor.py:650} INFO - DAG(s) dict_keys(['example_branch_datetime_operator', 'example_branch_datetime_operator_2']) retrieved from /home/airflow/.local/lib/python3.7/site-packages/airflow/example_dags/example_branch_datetime_operator.py
[2024-09-18T20:47:52.295+0000] {logging_mixin.py:115} INFO - [2024-09-18T20:47:52.295+0000] {dag.py:2429} INFO - Sync 2 DAGs
[2024-09-18T20:47:52.310+0000] {logging_mixin.py:115} INFO - [2024-09-18T20:47:52.310+0000] {dag.py:2981} INFO - Setting next_dagrun for example_branch_datetime_operator to 2024-09-17T00:00:00+00:00, run_after=2024-09-18T00:00:00+00:00
[2024-09-18T20:47:52.311+0000] {logging_mixin.py:115} INFO - [2024-09-18T20:47:52.311+0000] {dag.py:2981} INFO - Setting next_dagrun for example_branch_datetime_operator_2 to 2024-09-17T00:00:00+00:00, run_after=2024-09-18T00:00:00+00:00
[2024-09-18T20:47:52.318+0000] {processor.py:161} INFO - Processing /home/airflow/.local/lib/python3.7/site-packages/airflow/example_dags/example_branch_datetime_operator.py took 0.058 seconds
[2024-09-18T20:48:22.496+0000] {processor.py:153} INFO - Started process (PID=2534) to work on /home/airflow/.local/lib/python3.7/site-packages/airflow/example_dags/example_branch_datetime_operator.py
[2024-09-18T20:48:22.497+0000] {processor.py:640} INFO - Processing file /home/airflow/.local/lib/python3.7/site-packages/airflow/example_dags/example_branch_datetime_operator.py for tasks to queue
[2024-09-18T20:48:22.503+0000] {logging_mixin.py:115} INFO - [2024-09-18T20:48:22.503+0000] {dagbag.py:508} INFO - Filling up the DagBag from /home/airflow/.local/lib/python3.7/site-packages/airflow/example_dags/example_branch_datetime_operator.py
[2024-09-18T20:48:22.511+0000] {processor.py:650} INFO - DAG(s) dict_keys(['example_branch_datetime_operator', 'example_branch_datetime_operator_2']) retrieved from /home/airflow/.local/lib/python3.7/site-packages/airflow/example_dags/example_branch_datetime_operator.py
[2024-09-18T20:48:22.527+0000] {logging_mixin.py:115} INFO - [2024-09-18T20:48:22.527+0000] {dag.py:2429} INFO - Sync 2 DAGs
[2024-09-18T20:48:22.539+0000] {logging_mixin.py:115} INFO - [2024-09-18T20:48:22.539+0000] {dag.py:2981} INFO - Setting next_dagrun for example_branch_datetime_operator to 2024-09-17T00:00:00+00:00, run_after=2024-09-18T00:00:00+00:00
[2024-09-18T20:48:22.540+0000] {logging_mixin.py:115} INFO - [2024-09-18T20:48:22.540+0000] {dag.py:2981} INFO - Setting next_dagrun for example_branch_datetime_operator_2 to 2024-09-17T00:00:00+00:00, run_after=2024-09-18T00:00:00+00:00
[2024-09-18T20:48:22.546+0000] {processor.py:161} INFO - Processing /home/airflow/.local/lib/python3.7/site-packages/airflow/example_dags/example_branch_datetime_operator.py took 0.053 seconds
[2024-09-18T20:48:52.648+0000] {processor.py:153} INFO - Started process (PID=2732) to work on /home/airflow/.local/lib/python3.7/site-packages/airflow/example_dags/example_branch_datetime_operator.py
[2024-09-18T20:48:52.648+0000] {processor.py:640} INFO - Processing file /home/airflow/.local/lib/python3.7/site-packages/airflow/example_dags/example_branch_datetime_operator.py for tasks to queue
[2024-09-18T20:48:52.649+0000] {logging_mixin.py:115} INFO - [2024-09-18T20:48:52.649+0000] {dagbag.py:508} INFO - Filling up the DagBag from /home/airflow/.local/lib/python3.7/site-packages/airflow/example_dags/example_branch_datetime_operator.py
[2024-09-18T20:48:52.657+0000] {processor.py:650} INFO - DAG(s) dict_keys(['example_branch_datetime_operator', 'example_branch_datetime_operator_2']) retrieved from /home/airflow/.local/lib/python3.7/site-packages/airflow/example_dags/example_branch_datetime_operator.py
[2024-09-18T20:48:52.676+0000] {logging_mixin.py:115} INFO - [2024-09-18T20:48:52.676+0000] {dag.py:2429} INFO - Sync 2 DAGs
[2024-09-18T20:48:52.692+0000] {logging_mixin.py:115} INFO - [2024-09-18T20:48:52.692+0000] {dag.py:2981} INFO - Setting next_dagrun for example_branch_datetime_operator to 2024-09-17T00:00:00+00:00, run_after=2024-09-18T00:00:00+00:00
[2024-09-18T20:48:52.693+0000] {logging_mixin.py:115} INFO - [2024-09-18T20:48:52.692+0000] {dag.py:2981} INFO - Setting next_dagrun for example_branch_datetime_operator_2 to 2024-09-17T00:00:00+00:00, run_after=2024-09-18T00:00:00+00:00
[2024-09-18T20:48:52.701+0000] {processor.py:161} INFO - Processing /home/airflow/.local/lib/python3.7/site-packages/airflow/example_dags/example_branch_datetime_operator.py took 0.055 seconds
[2024-09-18T20:49:22.863+0000] {processor.py:153} INFO - Started process (PID=2929) to work on /home/airflow/.local/lib/python3.7/site-packages/airflow/example_dags/example_branch_datetime_operator.py
[2024-09-18T20:49:22.863+0000] {processor.py:640} INFO - Processing file /home/airflow/.local/lib/python3.7/site-packages/airflow/example_dags/example_branch_datetime_operator.py for tasks to queue
[2024-09-18T20:49:22.865+0000] {logging_mixin.py:115} INFO - [2024-09-18T20:49:22.865+0000] {dagbag.py:508} INFO - Filling up the DagBag from /home/airflow/.local/lib/python3.7/site-packages/airflow/example_dags/example_branch_datetime_operator.py
[2024-09-18T20:49:22.871+0000] {processor.py:650} INFO - DAG(s) dict_keys(['example_branch_datetime_operator', 'example_branch_datetime_operator_2']) retrieved from /home/airflow/.local/lib/python3.7/site-packages/airflow/example_dags/example_branch_datetime_operator.py
[2024-09-18T20:49:22.890+0000] {logging_mixin.py:115} INFO - [2024-09-18T20:49:22.890+0000] {dag.py:2429} INFO - Sync 2 DAGs
[2024-09-18T20:49:22.903+0000] {logging_mixin.py:115} INFO - [2024-09-18T20:49:22.903+0000] {dag.py:2981} INFO - Setting next_dagrun for example_branch_datetime_operator to 2024-09-17T00:00:00+00:00, run_after=2024-09-18T00:00:00+00:00
[2024-09-18T20:49:22.905+0000] {logging_mixin.py:115} INFO - [2024-09-18T20:49:22.905+0000] {dag.py:2981} INFO - Setting next_dagrun for example_branch_datetime_operator_2 to 2024-09-17T00:00:00+00:00, run_after=2024-09-18T00:00:00+00:00
[2024-09-18T20:49:22.910+0000] {processor.py:161} INFO - Processing /home/airflow/.local/lib/python3.7/site-packages/airflow/example_dags/example_branch_datetime_operator.py took 0.050 seconds
[2024-09-18T20:49:53.009+0000] {processor.py:153} INFO - Started process (PID=3117) to work on /home/airflow/.local/lib/python3.7/site-packages/airflow/example_dags/example_branch_datetime_operator.py
[2024-09-18T20:49:53.009+0000] {processor.py:640} INFO - Processing file /home/airflow/.local/lib/python3.7/site-packages/airflow/example_dags/example_branch_datetime_operator.py for tasks to queue
[2024-09-18T20:49:53.011+0000] {logging_mixin.py:115} INFO - [2024-09-18T20:49:53.011+0000] {dagbag.py:508} INFO - Filling up the DagBag from /home/airflow/.local/lib/python3.7/site-packages/airflow/example_dags/example_branch_datetime_operator.py
[2024-09-18T20:49:53.016+0000] {processor.py:650} INFO - DAG(s) dict_keys(['example_branch_datetime_operator', 'example_branch_datetime_operator_2']) retrieved from /home/airflow/.local/lib/python3.7/site-packages/airflow/example_dags/example_branch_datetime_operator.py
[2024-09-18T20:49:53.070+0000] {logging_mixin.py:115} INFO - [2024-09-18T20:49:53.070+0000] {dag.py:2429} INFO - Sync 2 DAGs
[2024-09-18T20:49:53.087+0000] {logging_mixin.py:115} INFO - [2024-09-18T20:49:53.087+0000] {dag.py:2981} INFO - Setting next_dagrun for example_branch_datetime_operator to 2024-09-17T00:00:00+00:00, run_after=2024-09-18T00:00:00+00:00
[2024-09-18T20:49:53.089+0000] {logging_mixin.py:115} INFO - [2024-09-18T20:49:53.089+0000] {dag.py:2981} INFO - Setting next_dagrun for example_branch_datetime_operator_2 to 2024-09-17T00:00:00+00:00, run_after=2024-09-18T00:00:00+00:00
[2024-09-18T20:49:53.097+0000] {processor.py:161} INFO - Processing /home/airflow/.local/lib/python3.7/site-packages/airflow/example_dags/example_branch_datetime_operator.py took 0.090 seconds
[2024-09-18T20:50:23.375+0000] {processor.py:153} INFO - Started process (PID=3315) to work on /home/airflow/.local/lib/python3.7/site-packages/airflow/example_dags/example_branch_datetime_operator.py
[2024-09-18T20:50:23.376+0000] {processor.py:640} INFO - Processing file /home/airflow/.local/lib/python3.7/site-packages/airflow/example_dags/example_branch_datetime_operator.py for tasks to queue
[2024-09-18T20:50:23.378+0000] {logging_mixin.py:115} INFO - [2024-09-18T20:50:23.378+0000] {dagbag.py:508} INFO - Filling up the DagBag from /home/airflow/.local/lib/python3.7/site-packages/airflow/example_dags/example_branch_datetime_operator.py
[2024-09-18T20:50:23.385+0000] {processor.py:650} INFO - DAG(s) dict_keys(['example_branch_datetime_operator', 'example_branch_datetime_operator_2']) retrieved from /home/airflow/.local/lib/python3.7/site-packages/airflow/example_dags/example_branch_datetime_operator.py
[2024-09-18T20:50:23.405+0000] {logging_mixin.py:115} INFO - [2024-09-18T20:50:23.405+0000] {dag.py:2429} INFO - Sync 2 DAGs
[2024-09-18T20:50:23.424+0000] {logging_mixin.py:115} INFO - [2024-09-18T20:50:23.424+0000] {dag.py:2981} INFO - Setting next_dagrun for example_branch_datetime_operator to 2024-09-17T00:00:00+00:00, run_after=2024-09-18T00:00:00+00:00
[2024-09-18T20:50:23.425+0000] {logging_mixin.py:115} INFO - [2024-09-18T20:50:23.425+0000] {dag.py:2981} INFO - Setting next_dagrun for example_branch_datetime_operator_2 to 2024-09-17T00:00:00+00:00, run_after=2024-09-18T00:00:00+00:00
[2024-09-18T20:50:23.431+0000] {processor.py:161} INFO - Processing /home/airflow/.local/lib/python3.7/site-packages/airflow/example_dags/example_branch_datetime_operator.py took 0.060 seconds
[2024-09-18T20:50:53.614+0000] {processor.py:153} INFO - Started process (PID=3512) to work on /home/airflow/.local/lib/python3.7/site-packages/airflow/example_dags/example_branch_datetime_operator.py
[2024-09-18T20:50:53.618+0000] {processor.py:640} INFO - Processing file /home/airflow/.local/lib/python3.7/site-packages/airflow/example_dags/example_branch_datetime_operator.py for tasks to queue
[2024-09-18T20:50:53.621+0000] {logging_mixin.py:115} INFO - [2024-09-18T20:50:53.621+0000] {dagbag.py:508} INFO - Filling up the DagBag from /home/airflow/.local/lib/python3.7/site-packages/airflow/example_dags/example_branch_datetime_operator.py
[2024-09-18T20:50:53.629+0000] {processor.py:650} INFO - DAG(s) dict_keys(['example_branch_datetime_operator', 'example_branch_datetime_operator_2']) retrieved from /home/airflow/.local/lib/python3.7/site-packages/airflow/example_dags/example_branch_datetime_operator.py
[2024-09-18T20:50:53.649+0000] {logging_mixin.py:115} INFO - [2024-09-18T20:50:53.648+0000] {dag.py:2429} INFO - Sync 2 DAGs
[2024-09-18T20:50:53.663+0000] {logging_mixin.py:115} INFO - [2024-09-18T20:50:53.663+0000] {dag.py:2981} INFO - Setting next_dagrun for example_branch_datetime_operator to 2024-09-17T00:00:00+00:00, run_after=2024-09-18T00:00:00+00:00
[2024-09-18T20:50:53.665+0000] {logging_mixin.py:115} INFO - [2024-09-18T20:50:53.665+0000] {dag.py:2981} INFO - Setting next_dagrun for example_branch_datetime_operator_2 to 2024-09-17T00:00:00+00:00, run_after=2024-09-18T00:00:00+00:00
[2024-09-18T20:50:53.671+0000] {processor.py:161} INFO - Processing /home/airflow/.local/lib/python3.7/site-packages/airflow/example_dags/example_branch_datetime_operator.py took 0.061 seconds
[2024-09-18T20:51:23.818+0000] {processor.py:153} INFO - Started process (PID=3708) to work on /home/airflow/.local/lib/python3.7/site-packages/airflow/example_dags/example_branch_datetime_operator.py
[2024-09-18T20:51:23.819+0000] {processor.py:640} INFO - Processing file /home/airflow/.local/lib/python3.7/site-packages/airflow/example_dags/example_branch_datetime_operator.py for tasks to queue
[2024-09-18T20:51:23.820+0000] {logging_mixin.py:115} INFO - [2024-09-18T20:51:23.820+0000] {dagbag.py:508} INFO - Filling up the DagBag from /home/airflow/.local/lib/python3.7/site-packages/airflow/example_dags/example_branch_datetime_operator.py
[2024-09-18T20:51:23.826+0000] {processor.py:650} INFO - DAG(s) dict_keys(['example_branch_datetime_operator', 'example_branch_datetime_operator_2']) retrieved from /home/airflow/.local/lib/python3.7/site-packages/airflow/example_dags/example_branch_datetime_operator.py
[2024-09-18T20:51:23.842+0000] {logging_mixin.py:115} INFO - [2024-09-18T20:51:23.842+0000] {dag.py:2429} INFO - Sync 2 DAGs
[2024-09-18T20:51:23.855+0000] {logging_mixin.py:115} INFO - [2024-09-18T20:51:23.855+0000] {dag.py:2981} INFO - Setting next_dagrun for example_branch_datetime_operator to 2024-09-17T00:00:00+00:00, run_after=2024-09-18T00:00:00+00:00
[2024-09-18T20:51:23.856+0000] {logging_mixin.py:115} INFO - [2024-09-18T20:51:23.856+0000] {dag.py:2981} INFO - Setting next_dagrun for example_branch_datetime_operator_2 to 2024-09-17T00:00:00+00:00, run_after=2024-09-18T00:00:00+00:00
[2024-09-18T20:51:23.863+0000] {processor.py:161} INFO - Processing /home/airflow/.local/lib/python3.7/site-packages/airflow/example_dags/example_branch_datetime_operator.py took 0.048 seconds
[2024-09-18T20:51:53.980+0000] {processor.py:153} INFO - Started process (PID=3906) to work on /home/airflow/.local/lib/python3.7/site-packages/airflow/example_dags/example_branch_datetime_operator.py
[2024-09-18T20:51:53.983+0000] {processor.py:640} INFO - Processing file /home/airflow/.local/lib/python3.7/site-packages/airflow/example_dags/example_branch_datetime_operator.py for tasks to queue
[2024-09-18T20:51:53.987+0000] {logging_mixin.py:115} INFO - [2024-09-18T20:51:53.987+0000] {dagbag.py:508} INFO - Filling up the DagBag from /home/airflow/.local/lib/python3.7/site-packages/airflow/example_dags/example_branch_datetime_operator.py
[2024-09-18T20:51:53.993+0000] {processor.py:650} INFO - DAG(s) dict_keys(['example_branch_datetime_operator', 'example_branch_datetime_operator_2']) retrieved from /home/airflow/.local/lib/python3.7/site-packages/airflow/example_dags/example_branch_datetime_operator.py
[2024-09-18T20:51:54.010+0000] {logging_mixin.py:115} INFO - [2024-09-18T20:51:54.010+0000] {dag.py:2429} INFO - Sync 2 DAGs
[2024-09-18T20:51:54.023+0000] {logging_mixin.py:115} INFO - [2024-09-18T20:51:54.023+0000] {dag.py:2981} INFO - Setting next_dagrun for example_branch_datetime_operator to 2024-09-17T00:00:00+00:00, run_after=2024-09-18T00:00:00+00:00
[2024-09-18T20:51:54.025+0000] {logging_mixin.py:115} INFO - [2024-09-18T20:51:54.025+0000] {dag.py:2981} INFO - Setting next_dagrun for example_branch_datetime_operator_2 to 2024-09-17T00:00:00+00:00, run_after=2024-09-18T00:00:00+00:00
[2024-09-18T20:51:54.030+0000] {processor.py:161} INFO - Processing /home/airflow/.local/lib/python3.7/site-packages/airflow/example_dags/example_branch_datetime_operator.py took 0.053 seconds
[2024-09-18T20:52:24.165+0000] {processor.py:153} INFO - Started process (PID=4100) to work on /home/airflow/.local/lib/python3.7/site-packages/airflow/example_dags/example_branch_datetime_operator.py
[2024-09-18T20:52:24.166+0000] {processor.py:640} INFO - Processing file /home/airflow/.local/lib/python3.7/site-packages/airflow/example_dags/example_branch_datetime_operator.py for tasks to queue
[2024-09-18T20:52:24.166+0000] {logging_mixin.py:115} INFO - [2024-09-18T20:52:24.166+0000] {dagbag.py:508} INFO - Filling up the DagBag from /home/airflow/.local/lib/python3.7/site-packages/airflow/example_dags/example_branch_datetime_operator.py
[2024-09-18T20:52:24.171+0000] {processor.py:650} INFO - DAG(s) dict_keys(['example_branch_datetime_operator', 'example_branch_datetime_operator_2']) retrieved from /home/airflow/.local/lib/python3.7/site-packages/airflow/example_dags/example_branch_datetime_operator.py
[2024-09-18T20:52:24.187+0000] {logging_mixin.py:115} INFO - [2024-09-18T20:52:24.187+0000] {dag.py:2429} INFO - Sync 2 DAGs
[2024-09-18T20:52:24.199+0000] {logging_mixin.py:115} INFO - [2024-09-18T20:52:24.199+0000] {dag.py:2981} INFO - Setting next_dagrun for example_branch_datetime_operator to 2024-09-17T00:00:00+00:00, run_after=2024-09-18T00:00:00+00:00
[2024-09-18T20:52:24.200+0000] {logging_mixin.py:115} INFO - [2024-09-18T20:52:24.200+0000] {dag.py:2981} INFO - Setting next_dagrun for example_branch_datetime_operator_2 to 2024-09-17T00:00:00+00:00, run_after=2024-09-18T00:00:00+00:00
[2024-09-18T20:52:24.205+0000] {processor.py:161} INFO - Processing /home/airflow/.local/lib/python3.7/site-packages/airflow/example_dags/example_branch_datetime_operator.py took 0.042 seconds
[2024-09-18T20:52:54.222+0000] {processor.py:153} INFO - Started process (PID=4295) to work on /home/airflow/.local/lib/python3.7/site-packages/airflow/example_dags/example_branch_datetime_operator.py
[2024-09-18T20:52:54.223+0000] {processor.py:640} INFO - Processing file /home/airflow/.local/lib/python3.7/site-packages/airflow/example_dags/example_branch_datetime_operator.py for tasks to queue
[2024-09-18T20:52:54.223+0000] {logging_mixin.py:115} INFO - [2024-09-18T20:52:54.223+0000] {dagbag.py:508} INFO - Filling up the DagBag from /home/airflow/.local/lib/python3.7/site-packages/airflow/example_dags/example_branch_datetime_operator.py
[2024-09-18T20:52:54.228+0000] {processor.py:650} INFO - DAG(s) dict_keys(['example_branch_datetime_operator', 'example_branch_datetime_operator_2']) retrieved from /home/airflow/.local/lib/python3.7/site-packages/airflow/example_dags/example_branch_datetime_operator.py
[2024-09-18T20:52:54.242+0000] {logging_mixin.py:115} INFO - [2024-09-18T20:52:54.242+0000] {dag.py:2429} INFO - Sync 2 DAGs
[2024-09-18T20:52:54.255+0000] {logging_mixin.py:115} INFO - [2024-09-18T20:52:54.255+0000] {dag.py:2981} INFO - Setting next_dagrun for example_branch_datetime_operator to 2024-09-17T00:00:00+00:00, run_after=2024-09-18T00:00:00+00:00
[2024-09-18T20:52:54.256+0000] {logging_mixin.py:115} INFO - [2024-09-18T20:52:54.256+0000] {dag.py:2981} INFO - Setting next_dagrun for example_branch_datetime_operator_2 to 2024-09-17T00:00:00+00:00, run_after=2024-09-18T00:00:00+00:00
[2024-09-18T20:52:54.261+0000] {processor.py:161} INFO - Processing /home/airflow/.local/lib/python3.7/site-packages/airflow/example_dags/example_branch_datetime_operator.py took 0.041 seconds
[2024-09-18T20:53:24.410+0000] {processor.py:153} INFO - Started process (PID=4485) to work on /home/airflow/.local/lib/python3.7/site-packages/airflow/example_dags/example_branch_datetime_operator.py
[2024-09-18T20:53:24.411+0000] {processor.py:640} INFO - Processing file /home/airflow/.local/lib/python3.7/site-packages/airflow/example_dags/example_branch_datetime_operator.py for tasks to queue
[2024-09-18T20:53:24.412+0000] {logging_mixin.py:115} INFO - [2024-09-18T20:53:24.412+0000] {dagbag.py:508} INFO - Filling up the DagBag from /home/airflow/.local/lib/python3.7/site-packages/airflow/example_dags/example_branch_datetime_operator.py
[2024-09-18T20:53:24.418+0000] {processor.py:650} INFO - DAG(s) dict_keys(['example_branch_datetime_operator', 'example_branch_datetime_operator_2']) retrieved from /home/airflow/.local/lib/python3.7/site-packages/airflow/example_dags/example_branch_datetime_operator.py
[2024-09-18T20:53:24.434+0000] {logging_mixin.py:115} INFO - [2024-09-18T20:53:24.434+0000] {dag.py:2429} INFO - Sync 2 DAGs
[2024-09-18T20:53:24.446+0000] {logging_mixin.py:115} INFO - [2024-09-18T20:53:24.446+0000] {dag.py:2981} INFO - Setting next_dagrun for example_branch_datetime_operator to 2024-09-17T00:00:00+00:00, run_after=2024-09-18T00:00:00+00:00
[2024-09-18T20:53:24.447+0000] {logging_mixin.py:115} INFO - [2024-09-18T20:53:24.447+0000] {dag.py:2981} INFO - Setting next_dagrun for example_branch_datetime_operator_2 to 2024-09-17T00:00:00+00:00, run_after=2024-09-18T00:00:00+00:00
[2024-09-18T20:53:24.452+0000] {processor.py:161} INFO - Processing /home/airflow/.local/lib/python3.7/site-packages/airflow/example_dags/example_branch_datetime_operator.py took 0.044 seconds
[2024-09-18T20:53:54.514+0000] {processor.py:153} INFO - Started process (PID=4683) to work on /home/airflow/.local/lib/python3.7/site-packages/airflow/example_dags/example_branch_datetime_operator.py
[2024-09-18T20:53:54.515+0000] {processor.py:640} INFO - Processing file /home/airflow/.local/lib/python3.7/site-packages/airflow/example_dags/example_branch_datetime_operator.py for tasks to queue
[2024-09-18T20:53:54.515+0000] {logging_mixin.py:115} INFO - [2024-09-18T20:53:54.515+0000] {dagbag.py:508} INFO - Filling up the DagBag from /home/airflow/.local/lib/python3.7/site-packages/airflow/example_dags/example_branch_datetime_operator.py
[2024-09-18T20:53:54.520+0000] {processor.py:650} INFO - DAG(s) dict_keys(['example_branch_datetime_operator', 'example_branch_datetime_operator_2']) retrieved from /home/airflow/.local/lib/python3.7/site-packages/airflow/example_dags/example_branch_datetime_operator.py
[2024-09-18T20:53:54.535+0000] {logging_mixin.py:115} INFO - [2024-09-18T20:53:54.535+0000] {dag.py:2429} INFO - Sync 2 DAGs
[2024-09-18T20:53:54.547+0000] {logging_mixin.py:115} INFO - [2024-09-18T20:53:54.547+0000] {dag.py:2981} INFO - Setting next_dagrun for example_branch_datetime_operator to 2024-09-17T00:00:00+00:00, run_after=2024-09-18T00:00:00+00:00
[2024-09-18T20:53:54.548+0000] {logging_mixin.py:115} INFO - [2024-09-18T20:53:54.548+0000] {dag.py:2981} INFO - Setting next_dagrun for example_branch_datetime_operator_2 to 2024-09-17T00:00:00+00:00, run_after=2024-09-18T00:00:00+00:00
[2024-09-18T20:53:54.553+0000] {processor.py:161} INFO - Processing /home/airflow/.local/lib/python3.7/site-packages/airflow/example_dags/example_branch_datetime_operator.py took 0.041 seconds
[2024-09-18T20:54:24.635+0000] {processor.py:153} INFO - Started process (PID=4880) to work on /home/airflow/.local/lib/python3.7/site-packages/airflow/example_dags/example_branch_datetime_operator.py
[2024-09-18T20:54:24.635+0000] {processor.py:640} INFO - Processing file /home/airflow/.local/lib/python3.7/site-packages/airflow/example_dags/example_branch_datetime_operator.py for tasks to queue
[2024-09-18T20:54:24.636+0000] {logging_mixin.py:115} INFO - [2024-09-18T20:54:24.636+0000] {dagbag.py:508} INFO - Filling up the DagBag from /home/airflow/.local/lib/python3.7/site-packages/airflow/example_dags/example_branch_datetime_operator.py
[2024-09-18T20:54:24.642+0000] {processor.py:650} INFO - DAG(s) dict_keys(['example_branch_datetime_operator', 'example_branch_datetime_operator_2']) retrieved from /home/airflow/.local/lib/python3.7/site-packages/airflow/example_dags/example_branch_datetime_operator.py
[2024-09-18T20:54:24.659+0000] {logging_mixin.py:115} INFO - [2024-09-18T20:54:24.659+0000] {dag.py:2429} INFO - Sync 2 DAGs
[2024-09-18T20:54:24.674+0000] {logging_mixin.py:115} INFO - [2024-09-18T20:54:24.674+0000] {dag.py:2981} INFO - Setting next_dagrun for example_branch_datetime_operator to 2024-09-17T00:00:00+00:00, run_after=2024-09-18T00:00:00+00:00
[2024-09-18T20:54:24.675+0000] {logging_mixin.py:115} INFO - [2024-09-18T20:54:24.675+0000] {dag.py:2981} INFO - Setting next_dagrun for example_branch_datetime_operator_2 to 2024-09-17T00:00:00+00:00, run_after=2024-09-18T00:00:00+00:00
[2024-09-18T20:54:24.680+0000] {processor.py:161} INFO - Processing /home/airflow/.local/lib/python3.7/site-packages/airflow/example_dags/example_branch_datetime_operator.py took 0.048 seconds
[2024-09-18T20:54:54.733+0000] {processor.py:153} INFO - Started process (PID=5075) to work on /home/airflow/.local/lib/python3.7/site-packages/airflow/example_dags/example_branch_datetime_operator.py
[2024-09-18T20:54:54.734+0000] {processor.py:640} INFO - Processing file /home/airflow/.local/lib/python3.7/site-packages/airflow/example_dags/example_branch_datetime_operator.py for tasks to queue
[2024-09-18T20:54:54.736+0000] {logging_mixin.py:115} INFO - [2024-09-18T20:54:54.735+0000] {dagbag.py:508} INFO - Filling up the DagBag from /home/airflow/.local/lib/python3.7/site-packages/airflow/example_dags/example_branch_datetime_operator.py
[2024-09-18T20:54:54.742+0000] {processor.py:650} INFO - DAG(s) dict_keys(['example_branch_datetime_operator', 'example_branch_datetime_operator_2']) retrieved from /home/airflow/.local/lib/python3.7/site-packages/airflow/example_dags/example_branch_datetime_operator.py
[2024-09-18T20:54:54.765+0000] {logging_mixin.py:115} INFO - [2024-09-18T20:54:54.765+0000] {dag.py:2429} INFO - Sync 2 DAGs
[2024-09-18T20:54:54.812+0000] {logging_mixin.py:115} INFO - [2024-09-18T20:54:54.812+0000] {dag.py:2981} INFO - Setting next_dagrun for example_branch_datetime_operator to 2024-09-17T00:00:00+00:00, run_after=2024-09-18T00:00:00+00:00
[2024-09-18T20:54:54.815+0000] {logging_mixin.py:115} INFO - [2024-09-18T20:54:54.815+0000] {dag.py:2981} INFO - Setting next_dagrun for example_branch_datetime_operator_2 to 2024-09-17T00:00:00+00:00, run_after=2024-09-18T00:00:00+00:00
[2024-09-18T20:54:54.832+0000] {processor.py:161} INFO - Processing /home/airflow/.local/lib/python3.7/site-packages/airflow/example_dags/example_branch_datetime_operator.py took 0.101 seconds
[2024-09-18T20:55:25.119+0000] {processor.py:153} INFO - Started process (PID=5272) to work on /home/airflow/.local/lib/python3.7/site-packages/airflow/example_dags/example_branch_datetime_operator.py
[2024-09-18T20:55:25.119+0000] {processor.py:640} INFO - Processing file /home/airflow/.local/lib/python3.7/site-packages/airflow/example_dags/example_branch_datetime_operator.py for tasks to queue
[2024-09-18T20:55:25.120+0000] {logging_mixin.py:115} INFO - [2024-09-18T20:55:25.120+0000] {dagbag.py:508} INFO - Filling up the DagBag from /home/airflow/.local/lib/python3.7/site-packages/airflow/example_dags/example_branch_datetime_operator.py
[2024-09-18T20:55:25.129+0000] {processor.py:650} INFO - DAG(s) dict_keys(['example_branch_datetime_operator', 'example_branch_datetime_operator_2']) retrieved from /home/airflow/.local/lib/python3.7/site-packages/airflow/example_dags/example_branch_datetime_operator.py
[2024-09-18T20:55:25.147+0000] {logging_mixin.py:115} INFO - [2024-09-18T20:55:25.147+0000] {dag.py:2429} INFO - Sync 2 DAGs
[2024-09-18T20:55:25.161+0000] {logging_mixin.py:115} INFO - [2024-09-18T20:55:25.161+0000] {dag.py:2981} INFO - Setting next_dagrun for example_branch_datetime_operator to 2024-09-17T00:00:00+00:00, run_after=2024-09-18T00:00:00+00:00
[2024-09-18T20:55:25.162+0000] {logging_mixin.py:115} INFO - [2024-09-18T20:55:25.162+0000] {dag.py:2981} INFO - Setting next_dagrun for example_branch_datetime_operator_2 to 2024-09-17T00:00:00+00:00, run_after=2024-09-18T00:00:00+00:00
[2024-09-18T20:55:25.167+0000] {processor.py:161} INFO - Processing /home/airflow/.local/lib/python3.7/site-packages/airflow/example_dags/example_branch_datetime_operator.py took 0.052 seconds
[2024-09-18T20:55:55.222+0000] {processor.py:153} INFO - Started process (PID=5466) to work on /home/airflow/.local/lib/python3.7/site-packages/airflow/example_dags/example_branch_datetime_operator.py
[2024-09-18T20:55:55.223+0000] {processor.py:640} INFO - Processing file /home/airflow/.local/lib/python3.7/site-packages/airflow/example_dags/example_branch_datetime_operator.py for tasks to queue
[2024-09-18T20:55:55.223+0000] {logging_mixin.py:115} INFO - [2024-09-18T20:55:55.223+0000] {dagbag.py:508} INFO - Filling up the DagBag from /home/airflow/.local/lib/python3.7/site-packages/airflow/example_dags/example_branch_datetime_operator.py
[2024-09-18T20:55:55.227+0000] {processor.py:650} INFO - DAG(s) dict_keys(['example_branch_datetime_operator', 'example_branch_datetime_operator_2']) retrieved from /home/airflow/.local/lib/python3.7/site-packages/airflow/example_dags/example_branch_datetime_operator.py
[2024-09-18T20:55:55.241+0000] {logging_mixin.py:115} INFO - [2024-09-18T20:55:55.241+0000] {dag.py:2429} INFO - Sync 2 DAGs
[2024-09-18T20:55:55.252+0000] {logging_mixin.py:115} INFO - [2024-09-18T20:55:55.252+0000] {dag.py:2981} INFO - Setting next_dagrun for example_branch_datetime_operator to 2024-09-17T00:00:00+00:00, run_after=2024-09-18T00:00:00+00:00
[2024-09-18T20:55:55.253+0000] {logging_mixin.py:115} INFO - [2024-09-18T20:55:55.253+0000] {dag.py:2981} INFO - Setting next_dagrun for example_branch_datetime_operator_2 to 2024-09-17T00:00:00+00:00, run_after=2024-09-18T00:00:00+00:00
[2024-09-18T20:55:55.258+0000] {processor.py:161} INFO - Processing /home/airflow/.local/lib/python3.7/site-packages/airflow/example_dags/example_branch_datetime_operator.py took 0.038 seconds
[2024-09-18T20:56:25.362+0000] {processor.py:153} INFO - Started process (PID=5657) to work on /home/airflow/.local/lib/python3.7/site-packages/airflow/example_dags/example_branch_datetime_operator.py
[2024-09-18T20:56:25.363+0000] {processor.py:640} INFO - Processing file /home/airflow/.local/lib/python3.7/site-packages/airflow/example_dags/example_branch_datetime_operator.py for tasks to queue
[2024-09-18T20:56:25.364+0000] {logging_mixin.py:115} INFO - [2024-09-18T20:56:25.364+0000] {dagbag.py:508} INFO - Filling up the DagBag from /home/airflow/.local/lib/python3.7/site-packages/airflow/example_dags/example_branch_datetime_operator.py
[2024-09-18T20:56:25.373+0000] {processor.py:650} INFO - DAG(s) dict_keys(['example_branch_datetime_operator', 'example_branch_datetime_operator_2']) retrieved from /home/airflow/.local/lib/python3.7/site-packages/airflow/example_dags/example_branch_datetime_operator.py
[2024-09-18T20:56:25.394+0000] {logging_mixin.py:115} INFO - [2024-09-18T20:56:25.394+0000] {dag.py:2429} INFO - Sync 2 DAGs
[2024-09-18T20:56:25.411+0000] {logging_mixin.py:115} INFO - [2024-09-18T20:56:25.411+0000] {dag.py:2981} INFO - Setting next_dagrun for example_branch_datetime_operator to 2024-09-17T00:00:00+00:00, run_after=2024-09-18T00:00:00+00:00
[2024-09-18T20:56:25.412+0000] {logging_mixin.py:115} INFO - [2024-09-18T20:56:25.412+0000] {dag.py:2981} INFO - Setting next_dagrun for example_branch_datetime_operator_2 to 2024-09-17T00:00:00+00:00, run_after=2024-09-18T00:00:00+00:00
[2024-09-18T20:56:25.418+0000] {processor.py:161} INFO - Processing /home/airflow/.local/lib/python3.7/site-packages/airflow/example_dags/example_branch_datetime_operator.py took 0.060 seconds
[2024-09-18T20:56:55.460+0000] {processor.py:153} INFO - Started process (PID=5854) to work on /home/airflow/.local/lib/python3.7/site-packages/airflow/example_dags/example_branch_datetime_operator.py
[2024-09-18T20:56:55.461+0000] {processor.py:640} INFO - Processing file /home/airflow/.local/lib/python3.7/site-packages/airflow/example_dags/example_branch_datetime_operator.py for tasks to queue
[2024-09-18T20:56:55.461+0000] {logging_mixin.py:115} INFO - [2024-09-18T20:56:55.461+0000] {dagbag.py:508} INFO - Filling up the DagBag from /home/airflow/.local/lib/python3.7/site-packages/airflow/example_dags/example_branch_datetime_operator.py
[2024-09-18T20:56:55.467+0000] {processor.py:650} INFO - DAG(s) dict_keys(['example_branch_datetime_operator', 'example_branch_datetime_operator_2']) retrieved from /home/airflow/.local/lib/python3.7/site-packages/airflow/example_dags/example_branch_datetime_operator.py
[2024-09-18T20:56:55.483+0000] {logging_mixin.py:115} INFO - [2024-09-18T20:56:55.483+0000] {dag.py:2429} INFO - Sync 2 DAGs
[2024-09-18T20:56:55.495+0000] {logging_mixin.py:115} INFO - [2024-09-18T20:56:55.495+0000] {dag.py:2981} INFO - Setting next_dagrun for example_branch_datetime_operator to 2024-09-17T00:00:00+00:00, run_after=2024-09-18T00:00:00+00:00
[2024-09-18T20:56:55.496+0000] {logging_mixin.py:115} INFO - [2024-09-18T20:56:55.496+0000] {dag.py:2981} INFO - Setting next_dagrun for example_branch_datetime_operator_2 to 2024-09-17T00:00:00+00:00, run_after=2024-09-18T00:00:00+00:00
[2024-09-18T20:56:55.501+0000] {processor.py:161} INFO - Processing /home/airflow/.local/lib/python3.7/site-packages/airflow/example_dags/example_branch_datetime_operator.py took 0.043 seconds
[2024-09-18T20:57:25.565+0000] {processor.py:153} INFO - Started process (PID=6050) to work on /home/airflow/.local/lib/python3.7/site-packages/airflow/example_dags/example_branch_datetime_operator.py
[2024-09-18T20:57:25.566+0000] {processor.py:640} INFO - Processing file /home/airflow/.local/lib/python3.7/site-packages/airflow/example_dags/example_branch_datetime_operator.py for tasks to queue
[2024-09-18T20:57:25.567+0000] {logging_mixin.py:115} INFO - [2024-09-18T20:57:25.566+0000] {dagbag.py:508} INFO - Filling up the DagBag from /home/airflow/.local/lib/python3.7/site-packages/airflow/example_dags/example_branch_datetime_operator.py
[2024-09-18T20:57:25.573+0000] {processor.py:650} INFO - DAG(s) dict_keys(['example_branch_datetime_operator', 'example_branch_datetime_operator_2']) retrieved from /home/airflow/.local/lib/python3.7/site-packages/airflow/example_dags/example_branch_datetime_operator.py
[2024-09-18T20:57:25.589+0000] {logging_mixin.py:115} INFO - [2024-09-18T20:57:25.589+0000] {dag.py:2429} INFO - Sync 2 DAGs
[2024-09-18T20:57:25.601+0000] {logging_mixin.py:115} INFO - [2024-09-18T20:57:25.601+0000] {dag.py:2981} INFO - Setting next_dagrun for example_branch_datetime_operator to 2024-09-17T00:00:00+00:00, run_after=2024-09-18T00:00:00+00:00
[2024-09-18T20:57:25.602+0000] {logging_mixin.py:115} INFO - [2024-09-18T20:57:25.602+0000] {dag.py:2981} INFO - Setting next_dagrun for example_branch_datetime_operator_2 to 2024-09-17T00:00:00+00:00, run_after=2024-09-18T00:00:00+00:00
[2024-09-18T20:57:25.607+0000] {processor.py:161} INFO - Processing /home/airflow/.local/lib/python3.7/site-packages/airflow/example_dags/example_branch_datetime_operator.py took 0.044 seconds
[2024-09-18T20:57:55.752+0000] {processor.py:153} INFO - Started process (PID=6248) to work on /home/airflow/.local/lib/python3.7/site-packages/airflow/example_dags/example_branch_datetime_operator.py
[2024-09-18T20:57:55.752+0000] {processor.py:640} INFO - Processing file /home/airflow/.local/lib/python3.7/site-packages/airflow/example_dags/example_branch_datetime_operator.py for tasks to queue
[2024-09-18T20:57:55.753+0000] {logging_mixin.py:115} INFO - [2024-09-18T20:57:55.753+0000] {dagbag.py:508} INFO - Filling up the DagBag from /home/airflow/.local/lib/python3.7/site-packages/airflow/example_dags/example_branch_datetime_operator.py
[2024-09-18T20:57:55.759+0000] {processor.py:650} INFO - DAG(s) dict_keys(['example_branch_datetime_operator', 'example_branch_datetime_operator_2']) retrieved from /home/airflow/.local/lib/python3.7/site-packages/airflow/example_dags/example_branch_datetime_operator.py
[2024-09-18T20:57:55.776+0000] {logging_mixin.py:115} INFO - [2024-09-18T20:57:55.775+0000] {dag.py:2429} INFO - Sync 2 DAGs
[2024-09-18T20:57:55.789+0000] {logging_mixin.py:115} INFO - [2024-09-18T20:57:55.789+0000] {dag.py:2981} INFO - Setting next_dagrun for example_branch_datetime_operator to 2024-09-17T00:00:00+00:00, run_after=2024-09-18T00:00:00+00:00
[2024-09-18T20:57:55.789+0000] {logging_mixin.py:115} INFO - [2024-09-18T20:57:55.789+0000] {dag.py:2981} INFO - Setting next_dagrun for example_branch_datetime_operator_2 to 2024-09-17T00:00:00+00:00, run_after=2024-09-18T00:00:00+00:00
[2024-09-18T20:57:55.797+0000] {processor.py:161} INFO - Processing /home/airflow/.local/lib/python3.7/site-packages/airflow/example_dags/example_branch_datetime_operator.py took 0.047 seconds
[2024-09-18T20:58:25.931+0000] {processor.py:153} INFO - Started process (PID=6444) to work on /home/airflow/.local/lib/python3.7/site-packages/airflow/example_dags/example_branch_datetime_operator.py
[2024-09-18T20:58:25.932+0000] {processor.py:640} INFO - Processing file /home/airflow/.local/lib/python3.7/site-packages/airflow/example_dags/example_branch_datetime_operator.py for tasks to queue
[2024-09-18T20:58:25.932+0000] {logging_mixin.py:115} INFO - [2024-09-18T20:58:25.932+0000] {dagbag.py:508} INFO - Filling up the DagBag from /home/airflow/.local/lib/python3.7/site-packages/airflow/example_dags/example_branch_datetime_operator.py
[2024-09-18T20:58:25.940+0000] {processor.py:650} INFO - DAG(s) dict_keys(['example_branch_datetime_operator', 'example_branch_datetime_operator_2']) retrieved from /home/airflow/.local/lib/python3.7/site-packages/airflow/example_dags/example_branch_datetime_operator.py
[2024-09-18T20:58:25.961+0000] {logging_mixin.py:115} INFO - [2024-09-18T20:58:25.961+0000] {dag.py:2429} INFO - Sync 2 DAGs
[2024-09-18T20:58:25.975+0000] {logging_mixin.py:115} INFO - [2024-09-18T20:58:25.975+0000] {dag.py:2981} INFO - Setting next_dagrun for example_branch_datetime_operator to 2024-09-17T00:00:00+00:00, run_after=2024-09-18T00:00:00+00:00
[2024-09-18T20:58:25.976+0000] {logging_mixin.py:115} INFO - [2024-09-18T20:58:25.976+0000] {dag.py:2981} INFO - Setting next_dagrun for example_branch_datetime_operator_2 to 2024-09-17T00:00:00+00:00, run_after=2024-09-18T00:00:00+00:00
[2024-09-18T20:58:25.984+0000] {processor.py:161} INFO - Processing /home/airflow/.local/lib/python3.7/site-packages/airflow/example_dags/example_branch_datetime_operator.py took 0.056 seconds
[2024-09-18T20:58:56.077+0000] {processor.py:153} INFO - Started process (PID=6632) to work on /home/airflow/.local/lib/python3.7/site-packages/airflow/example_dags/example_branch_datetime_operator.py
[2024-09-18T20:58:56.078+0000] {processor.py:640} INFO - Processing file /home/airflow/.local/lib/python3.7/site-packages/airflow/example_dags/example_branch_datetime_operator.py for tasks to queue
[2024-09-18T20:58:56.079+0000] {logging_mixin.py:115} INFO - [2024-09-18T20:58:56.079+0000] {dagbag.py:508} INFO - Filling up the DagBag from /home/airflow/.local/lib/python3.7/site-packages/airflow/example_dags/example_branch_datetime_operator.py
[2024-09-18T20:58:56.086+0000] {processor.py:650} INFO - DAG(s) dict_keys(['example_branch_datetime_operator', 'example_branch_datetime_operator_2']) retrieved from /home/airflow/.local/lib/python3.7/site-packages/airflow/example_dags/example_branch_datetime_operator.py
[2024-09-18T20:58:56.102+0000] {logging_mixin.py:115} INFO - [2024-09-18T20:58:56.102+0000] {dag.py:2429} INFO - Sync 2 DAGs
[2024-09-18T20:58:56.115+0000] {logging_mixin.py:115} INFO - [2024-09-18T20:58:56.115+0000] {dag.py:2981} INFO - Setting next_dagrun for example_branch_datetime_operator to 2024-09-17T00:00:00+00:00, run_after=2024-09-18T00:00:00+00:00
[2024-09-18T20:58:56.116+0000] {logging_mixin.py:115} INFO - [2024-09-18T20:58:56.116+0000] {dag.py:2981} INFO - Setting next_dagrun for example_branch_datetime_operator_2 to 2024-09-17T00:00:00+00:00, run_after=2024-09-18T00:00:00+00:00
[2024-09-18T20:58:56.123+0000] {processor.py:161} INFO - Processing /home/airflow/.local/lib/python3.7/site-packages/airflow/example_dags/example_branch_datetime_operator.py took 0.049 seconds
[2024-09-18T20:59:26.399+0000] {processor.py:153} INFO - Started process (PID=6829) to work on /home/airflow/.local/lib/python3.7/site-packages/airflow/example_dags/example_branch_datetime_operator.py
[2024-09-18T20:59:26.399+0000] {processor.py:640} INFO - Processing file /home/airflow/.local/lib/python3.7/site-packages/airflow/example_dags/example_branch_datetime_operator.py for tasks to queue
[2024-09-18T20:59:26.402+0000] {logging_mixin.py:115} INFO - [2024-09-18T20:59:26.402+0000] {dagbag.py:508} INFO - Filling up the DagBag from /home/airflow/.local/lib/python3.7/site-packages/airflow/example_dags/example_branch_datetime_operator.py
[2024-09-18T20:59:26.410+0000] {processor.py:650} INFO - DAG(s) dict_keys(['example_branch_datetime_operator', 'example_branch_datetime_operator_2']) retrieved from /home/airflow/.local/lib/python3.7/site-packages/airflow/example_dags/example_branch_datetime_operator.py
[2024-09-18T20:59:26.428+0000] {logging_mixin.py:115} INFO - [2024-09-18T20:59:26.428+0000] {dag.py:2429} INFO - Sync 2 DAGs
[2024-09-18T20:59:26.454+0000] {logging_mixin.py:115} INFO - [2024-09-18T20:59:26.454+0000] {dag.py:2981} INFO - Setting next_dagrun for example_branch_datetime_operator to 2024-09-17T00:00:00+00:00, run_after=2024-09-18T00:00:00+00:00
[2024-09-18T20:59:26.455+0000] {logging_mixin.py:115} INFO - [2024-09-18T20:59:26.455+0000] {dag.py:2981} INFO - Setting next_dagrun for example_branch_datetime_operator_2 to 2024-09-17T00:00:00+00:00, run_after=2024-09-18T00:00:00+00:00
[2024-09-18T20:59:26.463+0000] {processor.py:161} INFO - Processing /home/airflow/.local/lib/python3.7/site-packages/airflow/example_dags/example_branch_datetime_operator.py took 0.067 seconds
[2024-09-18T20:59:56.651+0000] {processor.py:153} INFO - Started process (PID=7025) to work on /home/airflow/.local/lib/python3.7/site-packages/airflow/example_dags/example_branch_datetime_operator.py
[2024-09-18T20:59:56.651+0000] {processor.py:640} INFO - Processing file /home/airflow/.local/lib/python3.7/site-packages/airflow/example_dags/example_branch_datetime_operator.py for tasks to queue
[2024-09-18T20:59:56.652+0000] {logging_mixin.py:115} INFO - [2024-09-18T20:59:56.652+0000] {dagbag.py:508} INFO - Filling up the DagBag from /home/airflow/.local/lib/python3.7/site-packages/airflow/example_dags/example_branch_datetime_operator.py
[2024-09-18T20:59:56.658+0000] {processor.py:650} INFO - DAG(s) dict_keys(['example_branch_datetime_operator', 'example_branch_datetime_operator_2']) retrieved from /home/airflow/.local/lib/python3.7/site-packages/airflow/example_dags/example_branch_datetime_operator.py
[2024-09-18T20:59:56.673+0000] {logging_mixin.py:115} INFO - [2024-09-18T20:59:56.673+0000] {dag.py:2429} INFO - Sync 2 DAGs
[2024-09-18T20:59:56.684+0000] {logging_mixin.py:115} INFO - [2024-09-18T20:59:56.684+0000] {dag.py:2981} INFO - Setting next_dagrun for example_branch_datetime_operator to 2024-09-17T00:00:00+00:00, run_after=2024-09-18T00:00:00+00:00
[2024-09-18T20:59:56.684+0000] {logging_mixin.py:115} INFO - [2024-09-18T20:59:56.684+0000] {dag.py:2981} INFO - Setting next_dagrun for example_branch_datetime_operator_2 to 2024-09-17T00:00:00+00:00, run_after=2024-09-18T00:00:00+00:00
[2024-09-18T20:59:56.691+0000] {processor.py:161} INFO - Processing /home/airflow/.local/lib/python3.7/site-packages/airflow/example_dags/example_branch_datetime_operator.py took 0.042 seconds
[2024-09-18T21:00:26.869+0000] {processor.py:153} INFO - Started process (PID=7223) to work on /home/airflow/.local/lib/python3.7/site-packages/airflow/example_dags/example_branch_datetime_operator.py
[2024-09-18T21:00:26.870+0000] {processor.py:640} INFO - Processing file /home/airflow/.local/lib/python3.7/site-packages/airflow/example_dags/example_branch_datetime_operator.py for tasks to queue
[2024-09-18T21:00:26.870+0000] {logging_mixin.py:115} INFO - [2024-09-18T21:00:26.870+0000] {dagbag.py:508} INFO - Filling up the DagBag from /home/airflow/.local/lib/python3.7/site-packages/airflow/example_dags/example_branch_datetime_operator.py
[2024-09-18T21:00:26.877+0000] {processor.py:650} INFO - DAG(s) dict_keys(['example_branch_datetime_operator', 'example_branch_datetime_operator_2']) retrieved from /home/airflow/.local/lib/python3.7/site-packages/airflow/example_dags/example_branch_datetime_operator.py
[2024-09-18T21:00:26.902+0000] {logging_mixin.py:115} INFO - [2024-09-18T21:00:26.902+0000] {dag.py:2429} INFO - Sync 2 DAGs
[2024-09-18T21:00:26.917+0000] {logging_mixin.py:115} INFO - [2024-09-18T21:00:26.917+0000] {dag.py:2981} INFO - Setting next_dagrun for example_branch_datetime_operator to 2024-09-17T00:00:00+00:00, run_after=2024-09-18T00:00:00+00:00
[2024-09-18T21:00:26.918+0000] {logging_mixin.py:115} INFO - [2024-09-18T21:00:26.918+0000] {dag.py:2981} INFO - Setting next_dagrun for example_branch_datetime_operator_2 to 2024-09-17T00:00:00+00:00, run_after=2024-09-18T00:00:00+00:00
[2024-09-18T21:00:26.926+0000] {processor.py:161} INFO - Processing /home/airflow/.local/lib/python3.7/site-packages/airflow/example_dags/example_branch_datetime_operator.py took 0.060 seconds
