[2024-09-18T20:42:19.337+0000] {processor.py:153} INFO - Started process (PID=188) to work on /home/airflow/.local/lib/python3.7/site-packages/airflow/example_dags/example_sla_dag.py
[2024-09-18T20:42:19.338+0000] {processor.py:640} INFO - Processing file /home/airflow/.local/lib/python3.7/site-packages/airflow/example_dags/example_sla_dag.py for tasks to queue
[2024-09-18T20:42:19.338+0000] {logging_mixin.py:115} INFO - [2024-09-18T20:42:19.338+0000] {dagbag.py:508} INFO - Filling up the DagBag from /home/airflow/.local/lib/python3.7/site-packages/airflow/example_dags/example_sla_dag.py
[2024-09-18T20:42:19.354+0000] {processor.py:650} INFO - DAG(s) dict_keys(['example_sla_dag']) retrieved from /home/airflow/.local/lib/python3.7/site-packages/airflow/example_dags/example_sla_dag.py
[2024-09-18T20:42:19.398+0000] {logging_mixin.py:115} INFO - [2024-09-18T20:42:19.398+0000] {manager.py:508} INFO - Created Permission View: can edit on DAG:example_sla_dag
[2024-09-18T20:42:19.403+0000] {logging_mixin.py:115} INFO - [2024-09-18T20:42:19.403+0000] {manager.py:508} INFO - Created Permission View: can read on DAG:example_sla_dag
[2024-09-18T20:42:19.407+0000] {logging_mixin.py:115} INFO - [2024-09-18T20:42:19.407+0000] {manager.py:508} INFO - Created Permission View: can delete on DAG:example_sla_dag
[2024-09-18T20:42:19.407+0000] {logging_mixin.py:115} INFO - [2024-09-18T20:42:19.407+0000] {dag.py:2429} INFO - Sync 1 DAGs
[2024-09-18T20:42:19.411+0000] {logging_mixin.py:115} INFO - [2024-09-18T20:42:19.411+0000] {dag.py:2448} INFO - Creating ORM DAG for example_sla_dag
[2024-09-18T20:42:19.418+0000] {logging_mixin.py:115} INFO - [2024-09-18T20:42:19.418+0000] {dag.py:2981} INFO - Setting next_dagrun for example_sla_dag to 2024-09-18T20:40:00+00:00, run_after=2024-09-18T20:42:00+00:00
[2024-09-18T20:42:19.423+0000] {processor.py:161} INFO - Processing /home/airflow/.local/lib/python3.7/site-packages/airflow/example_dags/example_sla_dag.py took 0.088 seconds
[2024-09-18T20:42:50.213+0000] {processor.py:153} INFO - Started process (PID=383) to work on /home/airflow/.local/lib/python3.7/site-packages/airflow/example_dags/example_sla_dag.py
[2024-09-18T20:42:50.214+0000] {processor.py:640} INFO - Processing file /home/airflow/.local/lib/python3.7/site-packages/airflow/example_dags/example_sla_dag.py for tasks to queue
[2024-09-18T20:42:50.214+0000] {logging_mixin.py:115} INFO - [2024-09-18T20:42:50.214+0000] {dagbag.py:508} INFO - Filling up the DagBag from /home/airflow/.local/lib/python3.7/site-packages/airflow/example_dags/example_sla_dag.py
[2024-09-18T20:42:50.222+0000] {processor.py:650} INFO - DAG(s) dict_keys(['example_sla_dag']) retrieved from /home/airflow/.local/lib/python3.7/site-packages/airflow/example_dags/example_sla_dag.py
[2024-09-18T20:42:50.233+0000] {logging_mixin.py:115} INFO - [2024-09-18T20:42:50.233+0000] {dag.py:2429} INFO - Sync 1 DAGs
[2024-09-18T20:42:50.244+0000] {logging_mixin.py:115} INFO - [2024-09-18T20:42:50.244+0000] {dag.py:2981} INFO - Setting next_dagrun for example_sla_dag to 2024-09-18T20:40:00+00:00, run_after=2024-09-18T20:42:00+00:00
[2024-09-18T20:42:50.251+0000] {processor.py:161} INFO - Processing /home/airflow/.local/lib/python3.7/site-packages/airflow/example_dags/example_sla_dag.py took 0.039 seconds
[2024-09-18T20:43:20.405+0000] {processor.py:153} INFO - Started process (PID=580) to work on /home/airflow/.local/lib/python3.7/site-packages/airflow/example_dags/example_sla_dag.py
[2024-09-18T20:43:20.407+0000] {processor.py:640} INFO - Processing file /home/airflow/.local/lib/python3.7/site-packages/airflow/example_dags/example_sla_dag.py for tasks to queue
[2024-09-18T20:43:20.408+0000] {logging_mixin.py:115} INFO - [2024-09-18T20:43:20.408+0000] {dagbag.py:508} INFO - Filling up the DagBag from /home/airflow/.local/lib/python3.7/site-packages/airflow/example_dags/example_sla_dag.py
[2024-09-18T20:43:20.417+0000] {processor.py:650} INFO - DAG(s) dict_keys(['example_sla_dag']) retrieved from /home/airflow/.local/lib/python3.7/site-packages/airflow/example_dags/example_sla_dag.py
[2024-09-18T20:43:20.432+0000] {logging_mixin.py:115} INFO - [2024-09-18T20:43:20.431+0000] {dag.py:2429} INFO - Sync 1 DAGs
[2024-09-18T20:43:20.443+0000] {logging_mixin.py:115} INFO - [2024-09-18T20:43:20.443+0000] {dag.py:2981} INFO - Setting next_dagrun for example_sla_dag to 2024-09-18T20:40:00+00:00, run_after=2024-09-18T20:42:00+00:00
[2024-09-18T20:43:20.448+0000] {processor.py:161} INFO - Processing /home/airflow/.local/lib/python3.7/site-packages/airflow/example_dags/example_sla_dag.py took 0.045 seconds
[2024-09-18T20:43:50.618+0000] {processor.py:153} INFO - Started process (PID=778) to work on /home/airflow/.local/lib/python3.7/site-packages/airflow/example_dags/example_sla_dag.py
[2024-09-18T20:43:50.619+0000] {processor.py:640} INFO - Processing file /home/airflow/.local/lib/python3.7/site-packages/airflow/example_dags/example_sla_dag.py for tasks to queue
[2024-09-18T20:43:50.619+0000] {logging_mixin.py:115} INFO - [2024-09-18T20:43:50.619+0000] {dagbag.py:508} INFO - Filling up the DagBag from /home/airflow/.local/lib/python3.7/site-packages/airflow/example_dags/example_sla_dag.py
[2024-09-18T20:43:50.626+0000] {processor.py:650} INFO - DAG(s) dict_keys(['example_sla_dag']) retrieved from /home/airflow/.local/lib/python3.7/site-packages/airflow/example_dags/example_sla_dag.py
[2024-09-18T20:43:50.637+0000] {logging_mixin.py:115} INFO - [2024-09-18T20:43:50.637+0000] {dag.py:2429} INFO - Sync 1 DAGs
[2024-09-18T20:43:50.649+0000] {logging_mixin.py:115} INFO - [2024-09-18T20:43:50.649+0000] {dag.py:2981} INFO - Setting next_dagrun for example_sla_dag to 2024-09-18T20:40:00+00:00, run_after=2024-09-18T20:42:00+00:00
[2024-09-18T20:43:50.653+0000] {processor.py:161} INFO - Processing /home/airflow/.local/lib/python3.7/site-packages/airflow/example_dags/example_sla_dag.py took 0.036 seconds
[2024-09-18T20:44:20.815+0000] {processor.py:153} INFO - Started process (PID=986) to work on /home/airflow/.local/lib/python3.7/site-packages/airflow/example_dags/example_sla_dag.py
[2024-09-18T20:44:20.815+0000] {processor.py:640} INFO - Processing file /home/airflow/.local/lib/python3.7/site-packages/airflow/example_dags/example_sla_dag.py for tasks to queue
[2024-09-18T20:44:20.815+0000] {logging_mixin.py:115} INFO - [2024-09-18T20:44:20.815+0000] {dagbag.py:508} INFO - Filling up the DagBag from /home/airflow/.local/lib/python3.7/site-packages/airflow/example_dags/example_sla_dag.py
[2024-09-18T20:44:20.822+0000] {processor.py:650} INFO - DAG(s) dict_keys(['example_sla_dag']) retrieved from /home/airflow/.local/lib/python3.7/site-packages/airflow/example_dags/example_sla_dag.py
[2024-09-18T20:44:20.832+0000] {logging_mixin.py:115} INFO - [2024-09-18T20:44:20.832+0000] {dag.py:2429} INFO - Sync 1 DAGs
[2024-09-18T20:44:20.842+0000] {logging_mixin.py:115} INFO - [2024-09-18T20:44:20.842+0000] {dag.py:2981} INFO - Setting next_dagrun for example_sla_dag to 2024-09-18T20:42:00+00:00, run_after=2024-09-18T20:44:00+00:00
[2024-09-18T20:44:20.846+0000] {processor.py:161} INFO - Processing /home/airflow/.local/lib/python3.7/site-packages/airflow/example_dags/example_sla_dag.py took 0.033 seconds
[2024-09-18T20:44:51.063+0000] {processor.py:153} INFO - Started process (PID=1183) to work on /home/airflow/.local/lib/python3.7/site-packages/airflow/example_dags/example_sla_dag.py
[2024-09-18T20:44:51.064+0000] {processor.py:640} INFO - Processing file /home/airflow/.local/lib/python3.7/site-packages/airflow/example_dags/example_sla_dag.py for tasks to queue
[2024-09-18T20:44:51.064+0000] {logging_mixin.py:115} INFO - [2024-09-18T20:44:51.064+0000] {dagbag.py:508} INFO - Filling up the DagBag from /home/airflow/.local/lib/python3.7/site-packages/airflow/example_dags/example_sla_dag.py
[2024-09-18T20:44:51.074+0000] {processor.py:650} INFO - DAG(s) dict_keys(['example_sla_dag']) retrieved from /home/airflow/.local/lib/python3.7/site-packages/airflow/example_dags/example_sla_dag.py
[2024-09-18T20:44:51.085+0000] {logging_mixin.py:115} INFO - [2024-09-18T20:44:51.085+0000] {dag.py:2429} INFO - Sync 1 DAGs
[2024-09-18T20:44:51.099+0000] {logging_mixin.py:115} INFO - [2024-09-18T20:44:51.099+0000] {dag.py:2981} INFO - Setting next_dagrun for example_sla_dag to 2024-09-18T20:42:00+00:00, run_after=2024-09-18T20:44:00+00:00
[2024-09-18T20:44:51.105+0000] {processor.py:161} INFO - Processing /home/airflow/.local/lib/python3.7/site-packages/airflow/example_dags/example_sla_dag.py took 0.044 seconds
[2024-09-18T20:45:21.242+0000] {processor.py:153} INFO - Started process (PID=1377) to work on /home/airflow/.local/lib/python3.7/site-packages/airflow/example_dags/example_sla_dag.py
[2024-09-18T20:45:21.244+0000] {processor.py:640} INFO - Processing file /home/airflow/.local/lib/python3.7/site-packages/airflow/example_dags/example_sla_dag.py for tasks to queue
[2024-09-18T20:45:21.246+0000] {logging_mixin.py:115} INFO - [2024-09-18T20:45:21.245+0000] {dagbag.py:508} INFO - Filling up the DagBag from /home/airflow/.local/lib/python3.7/site-packages/airflow/example_dags/example_sla_dag.py
[2024-09-18T20:45:21.253+0000] {processor.py:650} INFO - DAG(s) dict_keys(['example_sla_dag']) retrieved from /home/airflow/.local/lib/python3.7/site-packages/airflow/example_dags/example_sla_dag.py
[2024-09-18T20:45:21.268+0000] {logging_mixin.py:115} INFO - [2024-09-18T20:45:21.268+0000] {dag.py:2429} INFO - Sync 1 DAGs
[2024-09-18T20:45:21.281+0000] {logging_mixin.py:115} INFO - [2024-09-18T20:45:21.281+0000] {dag.py:2981} INFO - Setting next_dagrun for example_sla_dag to 2024-09-18T20:42:00+00:00, run_after=2024-09-18T20:44:00+00:00
[2024-09-18T20:45:21.285+0000] {processor.py:161} INFO - Processing /home/airflow/.local/lib/python3.7/site-packages/airflow/example_dags/example_sla_dag.py took 0.044 seconds
[2024-09-18T20:45:51.460+0000] {processor.py:153} INFO - Started process (PID=1576) to work on /home/airflow/.local/lib/python3.7/site-packages/airflow/example_dags/example_sla_dag.py
[2024-09-18T20:45:51.460+0000] {processor.py:640} INFO - Processing file /home/airflow/.local/lib/python3.7/site-packages/airflow/example_dags/example_sla_dag.py for tasks to queue
[2024-09-18T20:45:51.461+0000] {logging_mixin.py:115} INFO - [2024-09-18T20:45:51.461+0000] {dagbag.py:508} INFO - Filling up the DagBag from /home/airflow/.local/lib/python3.7/site-packages/airflow/example_dags/example_sla_dag.py
[2024-09-18T20:45:51.469+0000] {processor.py:650} INFO - DAG(s) dict_keys(['example_sla_dag']) retrieved from /home/airflow/.local/lib/python3.7/site-packages/airflow/example_dags/example_sla_dag.py
[2024-09-18T20:45:51.482+0000] {logging_mixin.py:115} INFO - [2024-09-18T20:45:51.481+0000] {dag.py:2429} INFO - Sync 1 DAGs
[2024-09-18T20:45:51.493+0000] {logging_mixin.py:115} INFO - [2024-09-18T20:45:51.493+0000] {dag.py:2981} INFO - Setting next_dagrun for example_sla_dag to 2024-09-18T20:42:00+00:00, run_after=2024-09-18T20:44:00+00:00
[2024-09-18T20:45:51.498+0000] {processor.py:161} INFO - Processing /home/airflow/.local/lib/python3.7/site-packages/airflow/example_dags/example_sla_dag.py took 0.039 seconds
[2024-09-18T20:46:21.655+0000] {processor.py:153} INFO - Started process (PID=1770) to work on /home/airflow/.local/lib/python3.7/site-packages/airflow/example_dags/example_sla_dag.py
[2024-09-18T20:46:21.655+0000] {processor.py:640} INFO - Processing file /home/airflow/.local/lib/python3.7/site-packages/airflow/example_dags/example_sla_dag.py for tasks to queue
[2024-09-18T20:46:21.656+0000] {logging_mixin.py:115} INFO - [2024-09-18T20:46:21.656+0000] {dagbag.py:508} INFO - Filling up the DagBag from /home/airflow/.local/lib/python3.7/site-packages/airflow/example_dags/example_sla_dag.py
[2024-09-18T20:46:21.665+0000] {processor.py:650} INFO - DAG(s) dict_keys(['example_sla_dag']) retrieved from /home/airflow/.local/lib/python3.7/site-packages/airflow/example_dags/example_sla_dag.py
[2024-09-18T20:46:21.679+0000] {logging_mixin.py:115} INFO - [2024-09-18T20:46:21.679+0000] {dag.py:2429} INFO - Sync 1 DAGs
[2024-09-18T20:46:21.690+0000] {logging_mixin.py:115} INFO - [2024-09-18T20:46:21.690+0000] {dag.py:2981} INFO - Setting next_dagrun for example_sla_dag to 2024-09-18T20:44:00+00:00, run_after=2024-09-18T20:46:00+00:00
[2024-09-18T20:46:21.697+0000] {processor.py:161} INFO - Processing /home/airflow/.local/lib/python3.7/site-packages/airflow/example_dags/example_sla_dag.py took 0.043 seconds
[2024-09-18T20:46:51.895+0000] {processor.py:153} INFO - Started process (PID=1961) to work on /home/airflow/.local/lib/python3.7/site-packages/airflow/example_dags/example_sla_dag.py
[2024-09-18T20:46:51.895+0000] {processor.py:640} INFO - Processing file /home/airflow/.local/lib/python3.7/site-packages/airflow/example_dags/example_sla_dag.py for tasks to queue
[2024-09-18T20:46:51.895+0000] {logging_mixin.py:115} INFO - [2024-09-18T20:46:51.895+0000] {dagbag.py:508} INFO - Filling up the DagBag from /home/airflow/.local/lib/python3.7/site-packages/airflow/example_dags/example_sla_dag.py
[2024-09-18T20:46:51.902+0000] {processor.py:650} INFO - DAG(s) dict_keys(['example_sla_dag']) retrieved from /home/airflow/.local/lib/python3.7/site-packages/airflow/example_dags/example_sla_dag.py
[2024-09-18T20:46:51.912+0000] {logging_mixin.py:115} INFO - [2024-09-18T20:46:51.911+0000] {dag.py:2429} INFO - Sync 1 DAGs
[2024-09-18T20:46:51.922+0000] {logging_mixin.py:115} INFO - [2024-09-18T20:46:51.922+0000] {dag.py:2981} INFO - Setting next_dagrun for example_sla_dag to 2024-09-18T20:44:00+00:00, run_after=2024-09-18T20:46:00+00:00
[2024-09-18T20:46:51.926+0000] {processor.py:161} INFO - Processing /home/airflow/.local/lib/python3.7/site-packages/airflow/example_dags/example_sla_dag.py took 0.032 seconds
[2024-09-18T20:47:22.225+0000] {processor.py:153} INFO - Started process (PID=2155) to work on /home/airflow/.local/lib/python3.7/site-packages/airflow/example_dags/example_sla_dag.py
[2024-09-18T20:47:22.227+0000] {processor.py:640} INFO - Processing file /home/airflow/.local/lib/python3.7/site-packages/airflow/example_dags/example_sla_dag.py for tasks to queue
[2024-09-18T20:47:22.227+0000] {logging_mixin.py:115} INFO - [2024-09-18T20:47:22.227+0000] {dagbag.py:508} INFO - Filling up the DagBag from /home/airflow/.local/lib/python3.7/site-packages/airflow/example_dags/example_sla_dag.py
[2024-09-18T20:47:22.235+0000] {processor.py:650} INFO - DAG(s) dict_keys(['example_sla_dag']) retrieved from /home/airflow/.local/lib/python3.7/site-packages/airflow/example_dags/example_sla_dag.py
[2024-09-18T20:47:22.245+0000] {logging_mixin.py:115} INFO - [2024-09-18T20:47:22.245+0000] {dag.py:2429} INFO - Sync 1 DAGs
[2024-09-18T20:47:22.257+0000] {logging_mixin.py:115} INFO - [2024-09-18T20:47:22.257+0000] {dag.py:2981} INFO - Setting next_dagrun for example_sla_dag to 2024-09-18T20:44:00+00:00, run_after=2024-09-18T20:46:00+00:00
[2024-09-18T20:47:22.261+0000] {processor.py:161} INFO - Processing /home/airflow/.local/lib/python3.7/site-packages/airflow/example_dags/example_sla_dag.py took 0.038 seconds
[2024-09-18T20:47:52.372+0000] {processor.py:153} INFO - Started process (PID=2355) to work on /home/airflow/.local/lib/python3.7/site-packages/airflow/example_dags/example_sla_dag.py
[2024-09-18T20:47:52.372+0000] {processor.py:640} INFO - Processing file /home/airflow/.local/lib/python3.7/site-packages/airflow/example_dags/example_sla_dag.py for tasks to queue
[2024-09-18T20:47:52.372+0000] {logging_mixin.py:115} INFO - [2024-09-18T20:47:52.372+0000] {dagbag.py:508} INFO - Filling up the DagBag from /home/airflow/.local/lib/python3.7/site-packages/airflow/example_dags/example_sla_dag.py
[2024-09-18T20:47:52.380+0000] {processor.py:650} INFO - DAG(s) dict_keys(['example_sla_dag']) retrieved from /home/airflow/.local/lib/python3.7/site-packages/airflow/example_dags/example_sla_dag.py
[2024-09-18T20:47:52.395+0000] {logging_mixin.py:115} INFO - [2024-09-18T20:47:52.395+0000] {dag.py:2429} INFO - Sync 1 DAGs
[2024-09-18T20:47:52.409+0000] {logging_mixin.py:115} INFO - [2024-09-18T20:47:52.409+0000] {dag.py:2981} INFO - Setting next_dagrun for example_sla_dag to 2024-09-18T20:44:00+00:00, run_after=2024-09-18T20:46:00+00:00
[2024-09-18T20:47:52.415+0000] {processor.py:161} INFO - Processing /home/airflow/.local/lib/python3.7/site-packages/airflow/example_dags/example_sla_dag.py took 0.045 seconds
[2024-09-18T20:48:22.600+0000] {processor.py:153} INFO - Started process (PID=2552) to work on /home/airflow/.local/lib/python3.7/site-packages/airflow/example_dags/example_sla_dag.py
[2024-09-18T20:48:22.600+0000] {processor.py:640} INFO - Processing file /home/airflow/.local/lib/python3.7/site-packages/airflow/example_dags/example_sla_dag.py for tasks to queue
[2024-09-18T20:48:22.600+0000] {logging_mixin.py:115} INFO - [2024-09-18T20:48:22.600+0000] {dagbag.py:508} INFO - Filling up the DagBag from /home/airflow/.local/lib/python3.7/site-packages/airflow/example_dags/example_sla_dag.py
[2024-09-18T20:48:22.608+0000] {processor.py:650} INFO - DAG(s) dict_keys(['example_sla_dag']) retrieved from /home/airflow/.local/lib/python3.7/site-packages/airflow/example_dags/example_sla_dag.py
[2024-09-18T20:48:22.619+0000] {logging_mixin.py:115} INFO - [2024-09-18T20:48:22.619+0000] {dag.py:2429} INFO - Sync 1 DAGs
[2024-09-18T20:48:22.630+0000] {logging_mixin.py:115} INFO - [2024-09-18T20:48:22.630+0000] {dag.py:2981} INFO - Setting next_dagrun for example_sla_dag to 2024-09-18T20:46:00+00:00, run_after=2024-09-18T20:48:00+00:00
[2024-09-18T20:48:22.635+0000] {processor.py:161} INFO - Processing /home/airflow/.local/lib/python3.7/site-packages/airflow/example_dags/example_sla_dag.py took 0.036 seconds
[2024-09-18T20:48:52.752+0000] {processor.py:153} INFO - Started process (PID=2747) to work on /home/airflow/.local/lib/python3.7/site-packages/airflow/example_dags/example_sla_dag.py
[2024-09-18T20:48:52.753+0000] {processor.py:640} INFO - Processing file /home/airflow/.local/lib/python3.7/site-packages/airflow/example_dags/example_sla_dag.py for tasks to queue
[2024-09-18T20:48:52.753+0000] {logging_mixin.py:115} INFO - [2024-09-18T20:48:52.753+0000] {dagbag.py:508} INFO - Filling up the DagBag from /home/airflow/.local/lib/python3.7/site-packages/airflow/example_dags/example_sla_dag.py
[2024-09-18T20:48:52.761+0000] {processor.py:650} INFO - DAG(s) dict_keys(['example_sla_dag']) retrieved from /home/airflow/.local/lib/python3.7/site-packages/airflow/example_dags/example_sla_dag.py
[2024-09-18T20:48:52.773+0000] {logging_mixin.py:115} INFO - [2024-09-18T20:48:52.772+0000] {dag.py:2429} INFO - Sync 1 DAGs
[2024-09-18T20:48:52.785+0000] {logging_mixin.py:115} INFO - [2024-09-18T20:48:52.785+0000] {dag.py:2981} INFO - Setting next_dagrun for example_sla_dag to 2024-09-18T20:46:00+00:00, run_after=2024-09-18T20:48:00+00:00
[2024-09-18T20:48:52.789+0000] {processor.py:161} INFO - Processing /home/airflow/.local/lib/python3.7/site-packages/airflow/example_dags/example_sla_dag.py took 0.039 seconds
[2024-09-18T20:49:22.956+0000] {processor.py:153} INFO - Started process (PID=2943) to work on /home/airflow/.local/lib/python3.7/site-packages/airflow/example_dags/example_sla_dag.py
[2024-09-18T20:49:22.957+0000] {processor.py:640} INFO - Processing file /home/airflow/.local/lib/python3.7/site-packages/airflow/example_dags/example_sla_dag.py for tasks to queue
[2024-09-18T20:49:22.957+0000] {logging_mixin.py:115} INFO - [2024-09-18T20:49:22.957+0000] {dagbag.py:508} INFO - Filling up the DagBag from /home/airflow/.local/lib/python3.7/site-packages/airflow/example_dags/example_sla_dag.py
[2024-09-18T20:49:22.965+0000] {processor.py:650} INFO - DAG(s) dict_keys(['example_sla_dag']) retrieved from /home/airflow/.local/lib/python3.7/site-packages/airflow/example_dags/example_sla_dag.py
[2024-09-18T20:49:22.976+0000] {logging_mixin.py:115} INFO - [2024-09-18T20:49:22.976+0000] {dag.py:2429} INFO - Sync 1 DAGs
[2024-09-18T20:49:22.988+0000] {logging_mixin.py:115} INFO - [2024-09-18T20:49:22.988+0000] {dag.py:2981} INFO - Setting next_dagrun for example_sla_dag to 2024-09-18T20:46:00+00:00, run_after=2024-09-18T20:48:00+00:00
[2024-09-18T20:49:22.993+0000] {processor.py:161} INFO - Processing /home/airflow/.local/lib/python3.7/site-packages/airflow/example_dags/example_sla_dag.py took 0.038 seconds
[2024-09-18T20:49:53.160+0000] {processor.py:153} INFO - Started process (PID=3140) to work on /home/airflow/.local/lib/python3.7/site-packages/airflow/example_dags/example_sla_dag.py
[2024-09-18T20:49:53.161+0000] {processor.py:640} INFO - Processing file /home/airflow/.local/lib/python3.7/site-packages/airflow/example_dags/example_sla_dag.py for tasks to queue
[2024-09-18T20:49:53.161+0000] {logging_mixin.py:115} INFO - [2024-09-18T20:49:53.161+0000] {dagbag.py:508} INFO - Filling up the DagBag from /home/airflow/.local/lib/python3.7/site-packages/airflow/example_dags/example_sla_dag.py
[2024-09-18T20:49:53.169+0000] {processor.py:650} INFO - DAG(s) dict_keys(['example_sla_dag']) retrieved from /home/airflow/.local/lib/python3.7/site-packages/airflow/example_dags/example_sla_dag.py
[2024-09-18T20:49:53.184+0000] {logging_mixin.py:115} INFO - [2024-09-18T20:49:53.184+0000] {dag.py:2429} INFO - Sync 1 DAGs
[2024-09-18T20:49:53.200+0000] {logging_mixin.py:115} INFO - [2024-09-18T20:49:53.200+0000] {dag.py:2981} INFO - Setting next_dagrun for example_sla_dag to 2024-09-18T20:46:00+00:00, run_after=2024-09-18T20:48:00+00:00
[2024-09-18T20:49:53.206+0000] {processor.py:161} INFO - Processing /home/airflow/.local/lib/python3.7/site-packages/airflow/example_dags/example_sla_dag.py took 0.048 seconds
[2024-09-18T20:50:23.487+0000] {processor.py:153} INFO - Started process (PID=3332) to work on /home/airflow/.local/lib/python3.7/site-packages/airflow/example_dags/example_sla_dag.py
[2024-09-18T20:50:23.487+0000] {processor.py:640} INFO - Processing file /home/airflow/.local/lib/python3.7/site-packages/airflow/example_dags/example_sla_dag.py for tasks to queue
[2024-09-18T20:50:23.487+0000] {logging_mixin.py:115} INFO - [2024-09-18T20:50:23.487+0000] {dagbag.py:508} INFO - Filling up the DagBag from /home/airflow/.local/lib/python3.7/site-packages/airflow/example_dags/example_sla_dag.py
[2024-09-18T20:50:23.496+0000] {processor.py:650} INFO - DAG(s) dict_keys(['example_sla_dag']) retrieved from /home/airflow/.local/lib/python3.7/site-packages/airflow/example_dags/example_sla_dag.py
[2024-09-18T20:50:23.508+0000] {logging_mixin.py:115} INFO - [2024-09-18T20:50:23.508+0000] {dag.py:2429} INFO - Sync 1 DAGs
[2024-09-18T20:50:23.519+0000] {logging_mixin.py:115} INFO - [2024-09-18T20:50:23.519+0000] {dag.py:2981} INFO - Setting next_dagrun for example_sla_dag to 2024-09-18T20:48:00+00:00, run_after=2024-09-18T20:50:00+00:00
[2024-09-18T20:50:23.524+0000] {processor.py:161} INFO - Processing /home/airflow/.local/lib/python3.7/site-packages/airflow/example_dags/example_sla_dag.py took 0.039 seconds
[2024-09-18T20:50:53.726+0000] {processor.py:153} INFO - Started process (PID=3529) to work on /home/airflow/.local/lib/python3.7/site-packages/airflow/example_dags/example_sla_dag.py
[2024-09-18T20:50:53.727+0000] {processor.py:640} INFO - Processing file /home/airflow/.local/lib/python3.7/site-packages/airflow/example_dags/example_sla_dag.py for tasks to queue
[2024-09-18T20:50:53.727+0000] {logging_mixin.py:115} INFO - [2024-09-18T20:50:53.727+0000] {dagbag.py:508} INFO - Filling up the DagBag from /home/airflow/.local/lib/python3.7/site-packages/airflow/example_dags/example_sla_dag.py
[2024-09-18T20:50:53.736+0000] {processor.py:650} INFO - DAG(s) dict_keys(['example_sla_dag']) retrieved from /home/airflow/.local/lib/python3.7/site-packages/airflow/example_dags/example_sla_dag.py
[2024-09-18T20:50:53.747+0000] {logging_mixin.py:115} INFO - [2024-09-18T20:50:53.747+0000] {dag.py:2429} INFO - Sync 1 DAGs
[2024-09-18T20:50:53.762+0000] {logging_mixin.py:115} INFO - [2024-09-18T20:50:53.762+0000] {dag.py:2981} INFO - Setting next_dagrun for example_sla_dag to 2024-09-18T20:48:00+00:00, run_after=2024-09-18T20:50:00+00:00
[2024-09-18T20:50:53.767+0000] {processor.py:161} INFO - Processing /home/airflow/.local/lib/python3.7/site-packages/airflow/example_dags/example_sla_dag.py took 0.042 seconds
[2024-09-18T20:51:23.913+0000] {processor.py:153} INFO - Started process (PID=3726) to work on /home/airflow/.local/lib/python3.7/site-packages/airflow/example_dags/example_sla_dag.py
[2024-09-18T20:51:23.913+0000] {processor.py:640} INFO - Processing file /home/airflow/.local/lib/python3.7/site-packages/airflow/example_dags/example_sla_dag.py for tasks to queue
[2024-09-18T20:51:23.913+0000] {logging_mixin.py:115} INFO - [2024-09-18T20:51:23.913+0000] {dagbag.py:508} INFO - Filling up the DagBag from /home/airflow/.local/lib/python3.7/site-packages/airflow/example_dags/example_sla_dag.py
[2024-09-18T20:51:23.920+0000] {processor.py:650} INFO - DAG(s) dict_keys(['example_sla_dag']) retrieved from /home/airflow/.local/lib/python3.7/site-packages/airflow/example_dags/example_sla_dag.py
[2024-09-18T20:51:23.929+0000] {logging_mixin.py:115} INFO - [2024-09-18T20:51:23.929+0000] {dag.py:2429} INFO - Sync 1 DAGs
[2024-09-18T20:51:23.940+0000] {logging_mixin.py:115} INFO - [2024-09-18T20:51:23.940+0000] {dag.py:2981} INFO - Setting next_dagrun for example_sla_dag to 2024-09-18T20:48:00+00:00, run_after=2024-09-18T20:50:00+00:00
[2024-09-18T20:51:23.943+0000] {processor.py:161} INFO - Processing /home/airflow/.local/lib/python3.7/site-packages/airflow/example_dags/example_sla_dag.py took 0.032 seconds
[2024-09-18T20:51:54.082+0000] {processor.py:153} INFO - Started process (PID=3923) to work on /home/airflow/.local/lib/python3.7/site-packages/airflow/example_dags/example_sla_dag.py
[2024-09-18T20:51:54.083+0000] {processor.py:640} INFO - Processing file /home/airflow/.local/lib/python3.7/site-packages/airflow/example_dags/example_sla_dag.py for tasks to queue
[2024-09-18T20:51:54.083+0000] {logging_mixin.py:115} INFO - [2024-09-18T20:51:54.083+0000] {dagbag.py:508} INFO - Filling up the DagBag from /home/airflow/.local/lib/python3.7/site-packages/airflow/example_dags/example_sla_dag.py
[2024-09-18T20:51:54.092+0000] {processor.py:650} INFO - DAG(s) dict_keys(['example_sla_dag']) retrieved from /home/airflow/.local/lib/python3.7/site-packages/airflow/example_dags/example_sla_dag.py
[2024-09-18T20:51:54.102+0000] {logging_mixin.py:115} INFO - [2024-09-18T20:51:54.101+0000] {dag.py:2429} INFO - Sync 1 DAGs
[2024-09-18T20:51:54.115+0000] {logging_mixin.py:115} INFO - [2024-09-18T20:51:54.115+0000] {dag.py:2981} INFO - Setting next_dagrun for example_sla_dag to 2024-09-18T20:48:00+00:00, run_after=2024-09-18T20:50:00+00:00
[2024-09-18T20:51:54.120+0000] {processor.py:161} INFO - Processing /home/airflow/.local/lib/python3.7/site-packages/airflow/example_dags/example_sla_dag.py took 0.039 seconds
[2024-09-18T20:52:24.253+0000] {processor.py:153} INFO - Started process (PID=4118) to work on /home/airflow/.local/lib/python3.7/site-packages/airflow/example_dags/example_sla_dag.py
[2024-09-18T20:52:24.254+0000] {processor.py:640} INFO - Processing file /home/airflow/.local/lib/python3.7/site-packages/airflow/example_dags/example_sla_dag.py for tasks to queue
[2024-09-18T20:52:24.254+0000] {logging_mixin.py:115} INFO - [2024-09-18T20:52:24.254+0000] {dagbag.py:508} INFO - Filling up the DagBag from /home/airflow/.local/lib/python3.7/site-packages/airflow/example_dags/example_sla_dag.py
[2024-09-18T20:52:24.261+0000] {processor.py:650} INFO - DAG(s) dict_keys(['example_sla_dag']) retrieved from /home/airflow/.local/lib/python3.7/site-packages/airflow/example_dags/example_sla_dag.py
[2024-09-18T20:52:24.270+0000] {logging_mixin.py:115} INFO - [2024-09-18T20:52:24.270+0000] {dag.py:2429} INFO - Sync 1 DAGs
[2024-09-18T20:52:24.281+0000] {logging_mixin.py:115} INFO - [2024-09-18T20:52:24.281+0000] {dag.py:2981} INFO - Setting next_dagrun for example_sla_dag to 2024-09-18T20:50:00+00:00, run_after=2024-09-18T20:52:00+00:00
[2024-09-18T20:52:24.286+0000] {processor.py:161} INFO - Processing /home/airflow/.local/lib/python3.7/site-packages/airflow/example_dags/example_sla_dag.py took 0.034 seconds
[2024-09-18T20:52:54.314+0000] {processor.py:153} INFO - Started process (PID=4311) to work on /home/airflow/.local/lib/python3.7/site-packages/airflow/example_dags/example_sla_dag.py
[2024-09-18T20:52:54.315+0000] {processor.py:640} INFO - Processing file /home/airflow/.local/lib/python3.7/site-packages/airflow/example_dags/example_sla_dag.py for tasks to queue
[2024-09-18T20:52:54.315+0000] {logging_mixin.py:115} INFO - [2024-09-18T20:52:54.315+0000] {dagbag.py:508} INFO - Filling up the DagBag from /home/airflow/.local/lib/python3.7/site-packages/airflow/example_dags/example_sla_dag.py
[2024-09-18T20:52:54.323+0000] {processor.py:650} INFO - DAG(s) dict_keys(['example_sla_dag']) retrieved from /home/airflow/.local/lib/python3.7/site-packages/airflow/example_dags/example_sla_dag.py
[2024-09-18T20:52:54.334+0000] {logging_mixin.py:115} INFO - [2024-09-18T20:52:54.334+0000] {dag.py:2429} INFO - Sync 1 DAGs
[2024-09-18T20:52:54.348+0000] {logging_mixin.py:115} INFO - [2024-09-18T20:52:54.348+0000] {dag.py:2981} INFO - Setting next_dagrun for example_sla_dag to 2024-09-18T20:50:00+00:00, run_after=2024-09-18T20:52:00+00:00
[2024-09-18T20:52:54.355+0000] {processor.py:161} INFO - Processing /home/airflow/.local/lib/python3.7/site-packages/airflow/example_dags/example_sla_dag.py took 0.043 seconds
[2024-09-18T20:53:24.499+0000] {processor.py:153} INFO - Started process (PID=4500) to work on /home/airflow/.local/lib/python3.7/site-packages/airflow/example_dags/example_sla_dag.py
[2024-09-18T20:53:24.501+0000] {processor.py:640} INFO - Processing file /home/airflow/.local/lib/python3.7/site-packages/airflow/example_dags/example_sla_dag.py for tasks to queue
[2024-09-18T20:53:24.501+0000] {logging_mixin.py:115} INFO - [2024-09-18T20:53:24.501+0000] {dagbag.py:508} INFO - Filling up the DagBag from /home/airflow/.local/lib/python3.7/site-packages/airflow/example_dags/example_sla_dag.py
[2024-09-18T20:53:24.508+0000] {processor.py:650} INFO - DAG(s) dict_keys(['example_sla_dag']) retrieved from /home/airflow/.local/lib/python3.7/site-packages/airflow/example_dags/example_sla_dag.py
[2024-09-18T20:53:24.518+0000] {logging_mixin.py:115} INFO - [2024-09-18T20:53:24.518+0000] {dag.py:2429} INFO - Sync 1 DAGs
[2024-09-18T20:53:24.530+0000] {logging_mixin.py:115} INFO - [2024-09-18T20:53:24.530+0000] {dag.py:2981} INFO - Setting next_dagrun for example_sla_dag to 2024-09-18T20:50:00+00:00, run_after=2024-09-18T20:52:00+00:00
[2024-09-18T20:53:24.535+0000] {processor.py:161} INFO - Processing /home/airflow/.local/lib/python3.7/site-packages/airflow/example_dags/example_sla_dag.py took 0.038 seconds
[2024-09-18T20:53:54.602+0000] {processor.py:153} INFO - Started process (PID=4700) to work on /home/airflow/.local/lib/python3.7/site-packages/airflow/example_dags/example_sla_dag.py
[2024-09-18T20:53:54.602+0000] {processor.py:640} INFO - Processing file /home/airflow/.local/lib/python3.7/site-packages/airflow/example_dags/example_sla_dag.py for tasks to queue
[2024-09-18T20:53:54.603+0000] {logging_mixin.py:115} INFO - [2024-09-18T20:53:54.603+0000] {dagbag.py:508} INFO - Filling up the DagBag from /home/airflow/.local/lib/python3.7/site-packages/airflow/example_dags/example_sla_dag.py
[2024-09-18T20:53:54.610+0000] {processor.py:650} INFO - DAG(s) dict_keys(['example_sla_dag']) retrieved from /home/airflow/.local/lib/python3.7/site-packages/airflow/example_dags/example_sla_dag.py
[2024-09-18T20:53:54.620+0000] {logging_mixin.py:115} INFO - [2024-09-18T20:53:54.620+0000] {dag.py:2429} INFO - Sync 1 DAGs
[2024-09-18T20:53:54.631+0000] {logging_mixin.py:115} INFO - [2024-09-18T20:53:54.631+0000] {dag.py:2981} INFO - Setting next_dagrun for example_sla_dag to 2024-09-18T20:50:00+00:00, run_after=2024-09-18T20:52:00+00:00
[2024-09-18T20:53:54.635+0000] {processor.py:161} INFO - Processing /home/airflow/.local/lib/python3.7/site-packages/airflow/example_dags/example_sla_dag.py took 0.034 seconds
[2024-09-18T20:54:24.736+0000] {processor.py:153} INFO - Started process (PID=4897) to work on /home/airflow/.local/lib/python3.7/site-packages/airflow/example_dags/example_sla_dag.py
[2024-09-18T20:54:24.737+0000] {processor.py:640} INFO - Processing file /home/airflow/.local/lib/python3.7/site-packages/airflow/example_dags/example_sla_dag.py for tasks to queue
[2024-09-18T20:54:24.737+0000] {logging_mixin.py:115} INFO - [2024-09-18T20:54:24.737+0000] {dagbag.py:508} INFO - Filling up the DagBag from /home/airflow/.local/lib/python3.7/site-packages/airflow/example_dags/example_sla_dag.py
[2024-09-18T20:54:24.744+0000] {processor.py:650} INFO - DAG(s) dict_keys(['example_sla_dag']) retrieved from /home/airflow/.local/lib/python3.7/site-packages/airflow/example_dags/example_sla_dag.py
[2024-09-18T20:54:24.755+0000] {logging_mixin.py:115} INFO - [2024-09-18T20:54:24.755+0000] {dag.py:2429} INFO - Sync 1 DAGs
[2024-09-18T20:54:24.765+0000] {logging_mixin.py:115} INFO - [2024-09-18T20:54:24.765+0000] {dag.py:2981} INFO - Setting next_dagrun for example_sla_dag to 2024-09-18T20:52:00+00:00, run_after=2024-09-18T20:54:00+00:00
[2024-09-18T20:54:24.771+0000] {processor.py:161} INFO - Processing /home/airflow/.local/lib/python3.7/site-packages/airflow/example_dags/example_sla_dag.py took 0.037 seconds
[2024-09-18T20:54:54.903+0000] {processor.py:153} INFO - Started process (PID=5093) to work on /home/airflow/.local/lib/python3.7/site-packages/airflow/example_dags/example_sla_dag.py
[2024-09-18T20:54:54.903+0000] {processor.py:640} INFO - Processing file /home/airflow/.local/lib/python3.7/site-packages/airflow/example_dags/example_sla_dag.py for tasks to queue
[2024-09-18T20:54:54.903+0000] {logging_mixin.py:115} INFO - [2024-09-18T20:54:54.903+0000] {dagbag.py:508} INFO - Filling up the DagBag from /home/airflow/.local/lib/python3.7/site-packages/airflow/example_dags/example_sla_dag.py
[2024-09-18T20:54:54.912+0000] {processor.py:650} INFO - DAG(s) dict_keys(['example_sla_dag']) retrieved from /home/airflow/.local/lib/python3.7/site-packages/airflow/example_dags/example_sla_dag.py
[2024-09-18T20:54:54.924+0000] {logging_mixin.py:115} INFO - [2024-09-18T20:54:54.924+0000] {dag.py:2429} INFO - Sync 1 DAGs
[2024-09-18T20:54:54.937+0000] {logging_mixin.py:115} INFO - [2024-09-18T20:54:54.937+0000] {dag.py:2981} INFO - Setting next_dagrun for example_sla_dag to 2024-09-18T20:52:00+00:00, run_after=2024-09-18T20:54:00+00:00
[2024-09-18T20:54:54.942+0000] {processor.py:161} INFO - Processing /home/airflow/.local/lib/python3.7/site-packages/airflow/example_dags/example_sla_dag.py took 0.041 seconds
[2024-09-18T20:55:25.218+0000] {processor.py:153} INFO - Started process (PID=5289) to work on /home/airflow/.local/lib/python3.7/site-packages/airflow/example_dags/example_sla_dag.py
[2024-09-18T20:55:25.219+0000] {processor.py:640} INFO - Processing file /home/airflow/.local/lib/python3.7/site-packages/airflow/example_dags/example_sla_dag.py for tasks to queue
[2024-09-18T20:55:25.219+0000] {logging_mixin.py:115} INFO - [2024-09-18T20:55:25.219+0000] {dagbag.py:508} INFO - Filling up the DagBag from /home/airflow/.local/lib/python3.7/site-packages/airflow/example_dags/example_sla_dag.py
[2024-09-18T20:55:25.227+0000] {processor.py:650} INFO - DAG(s) dict_keys(['example_sla_dag']) retrieved from /home/airflow/.local/lib/python3.7/site-packages/airflow/example_dags/example_sla_dag.py
[2024-09-18T20:55:25.238+0000] {logging_mixin.py:115} INFO - [2024-09-18T20:55:25.238+0000] {dag.py:2429} INFO - Sync 1 DAGs
[2024-09-18T20:55:25.249+0000] {logging_mixin.py:115} INFO - [2024-09-18T20:55:25.249+0000] {dag.py:2981} INFO - Setting next_dagrun for example_sla_dag to 2024-09-18T20:52:00+00:00, run_after=2024-09-18T20:54:00+00:00
[2024-09-18T20:55:25.254+0000] {processor.py:161} INFO - Processing /home/airflow/.local/lib/python3.7/site-packages/airflow/example_dags/example_sla_dag.py took 0.037 seconds
[2024-09-18T20:55:55.313+0000] {processor.py:153} INFO - Started process (PID=5484) to work on /home/airflow/.local/lib/python3.7/site-packages/airflow/example_dags/example_sla_dag.py
[2024-09-18T20:55:55.314+0000] {processor.py:640} INFO - Processing file /home/airflow/.local/lib/python3.7/site-packages/airflow/example_dags/example_sla_dag.py for tasks to queue
[2024-09-18T20:55:55.314+0000] {logging_mixin.py:115} INFO - [2024-09-18T20:55:55.314+0000] {dagbag.py:508} INFO - Filling up the DagBag from /home/airflow/.local/lib/python3.7/site-packages/airflow/example_dags/example_sla_dag.py
[2024-09-18T20:55:55.322+0000] {processor.py:650} INFO - DAG(s) dict_keys(['example_sla_dag']) retrieved from /home/airflow/.local/lib/python3.7/site-packages/airflow/example_dags/example_sla_dag.py
[2024-09-18T20:55:55.333+0000] {logging_mixin.py:115} INFO - [2024-09-18T20:55:55.333+0000] {dag.py:2429} INFO - Sync 1 DAGs
[2024-09-18T20:55:55.345+0000] {logging_mixin.py:115} INFO - [2024-09-18T20:55:55.345+0000] {dag.py:2981} INFO - Setting next_dagrun for example_sla_dag to 2024-09-18T20:52:00+00:00, run_after=2024-09-18T20:54:00+00:00
[2024-09-18T20:55:55.350+0000] {processor.py:161} INFO - Processing /home/airflow/.local/lib/python3.7/site-packages/airflow/example_dags/example_sla_dag.py took 0.038 seconds
[2024-09-18T20:56:25.469+0000] {processor.py:153} INFO - Started process (PID=5674) to work on /home/airflow/.local/lib/python3.7/site-packages/airflow/example_dags/example_sla_dag.py
[2024-09-18T20:56:25.470+0000] {processor.py:640} INFO - Processing file /home/airflow/.local/lib/python3.7/site-packages/airflow/example_dags/example_sla_dag.py for tasks to queue
[2024-09-18T20:56:25.470+0000] {logging_mixin.py:115} INFO - [2024-09-18T20:56:25.470+0000] {dagbag.py:508} INFO - Filling up the DagBag from /home/airflow/.local/lib/python3.7/site-packages/airflow/example_dags/example_sla_dag.py
[2024-09-18T20:56:25.477+0000] {processor.py:650} INFO - DAG(s) dict_keys(['example_sla_dag']) retrieved from /home/airflow/.local/lib/python3.7/site-packages/airflow/example_dags/example_sla_dag.py
[2024-09-18T20:56:25.488+0000] {logging_mixin.py:115} INFO - [2024-09-18T20:56:25.488+0000] {dag.py:2429} INFO - Sync 1 DAGs
[2024-09-18T20:56:25.499+0000] {logging_mixin.py:115} INFO - [2024-09-18T20:56:25.499+0000] {dag.py:2981} INFO - Setting next_dagrun for example_sla_dag to 2024-09-18T20:54:00+00:00, run_after=2024-09-18T20:56:00+00:00
[2024-09-18T20:56:25.504+0000] {processor.py:161} INFO - Processing /home/airflow/.local/lib/python3.7/site-packages/airflow/example_dags/example_sla_dag.py took 0.036 seconds
[2024-09-18T20:56:55.550+0000] {processor.py:153} INFO - Started process (PID=5871) to work on /home/airflow/.local/lib/python3.7/site-packages/airflow/example_dags/example_sla_dag.py
[2024-09-18T20:56:55.550+0000] {processor.py:640} INFO - Processing file /home/airflow/.local/lib/python3.7/site-packages/airflow/example_dags/example_sla_dag.py for tasks to queue
[2024-09-18T20:56:55.550+0000] {logging_mixin.py:115} INFO - [2024-09-18T20:56:55.550+0000] {dagbag.py:508} INFO - Filling up the DagBag from /home/airflow/.local/lib/python3.7/site-packages/airflow/example_dags/example_sla_dag.py
[2024-09-18T20:56:55.557+0000] {processor.py:650} INFO - DAG(s) dict_keys(['example_sla_dag']) retrieved from /home/airflow/.local/lib/python3.7/site-packages/airflow/example_dags/example_sla_dag.py
[2024-09-18T20:56:55.566+0000] {logging_mixin.py:115} INFO - [2024-09-18T20:56:55.566+0000] {dag.py:2429} INFO - Sync 1 DAGs
[2024-09-18T20:56:55.577+0000] {logging_mixin.py:115} INFO - [2024-09-18T20:56:55.577+0000] {dag.py:2981} INFO - Setting next_dagrun for example_sla_dag to 2024-09-18T20:54:00+00:00, run_after=2024-09-18T20:56:00+00:00
[2024-09-18T20:56:55.581+0000] {processor.py:161} INFO - Processing /home/airflow/.local/lib/python3.7/site-packages/airflow/example_dags/example_sla_dag.py took 0.032 seconds
[2024-09-18T20:57:25.654+0000] {processor.py:153} INFO - Started process (PID=6065) to work on /home/airflow/.local/lib/python3.7/site-packages/airflow/example_dags/example_sla_dag.py
[2024-09-18T20:57:25.656+0000] {processor.py:640} INFO - Processing file /home/airflow/.local/lib/python3.7/site-packages/airflow/example_dags/example_sla_dag.py for tasks to queue
[2024-09-18T20:57:25.657+0000] {logging_mixin.py:115} INFO - [2024-09-18T20:57:25.657+0000] {dagbag.py:508} INFO - Filling up the DagBag from /home/airflow/.local/lib/python3.7/site-packages/airflow/example_dags/example_sla_dag.py
[2024-09-18T20:57:25.664+0000] {processor.py:650} INFO - DAG(s) dict_keys(['example_sla_dag']) retrieved from /home/airflow/.local/lib/python3.7/site-packages/airflow/example_dags/example_sla_dag.py
[2024-09-18T20:57:25.676+0000] {logging_mixin.py:115} INFO - [2024-09-18T20:57:25.676+0000] {dag.py:2429} INFO - Sync 1 DAGs
[2024-09-18T20:57:25.686+0000] {logging_mixin.py:115} INFO - [2024-09-18T20:57:25.686+0000] {dag.py:2981} INFO - Setting next_dagrun for example_sla_dag to 2024-09-18T20:54:00+00:00, run_after=2024-09-18T20:56:00+00:00
[2024-09-18T20:57:25.690+0000] {processor.py:161} INFO - Processing /home/airflow/.local/lib/python3.7/site-packages/airflow/example_dags/example_sla_dag.py took 0.038 seconds
[2024-09-18T20:57:55.851+0000] {processor.py:153} INFO - Started process (PID=6265) to work on /home/airflow/.local/lib/python3.7/site-packages/airflow/example_dags/example_sla_dag.py
[2024-09-18T20:57:55.851+0000] {processor.py:640} INFO - Processing file /home/airflow/.local/lib/python3.7/site-packages/airflow/example_dags/example_sla_dag.py for tasks to queue
[2024-09-18T20:57:55.852+0000] {logging_mixin.py:115} INFO - [2024-09-18T20:57:55.852+0000] {dagbag.py:508} INFO - Filling up the DagBag from /home/airflow/.local/lib/python3.7/site-packages/airflow/example_dags/example_sla_dag.py
[2024-09-18T20:57:55.859+0000] {processor.py:650} INFO - DAG(s) dict_keys(['example_sla_dag']) retrieved from /home/airflow/.local/lib/python3.7/site-packages/airflow/example_dags/example_sla_dag.py
[2024-09-18T20:57:55.869+0000] {logging_mixin.py:115} INFO - [2024-09-18T20:57:55.869+0000] {dag.py:2429} INFO - Sync 1 DAGs
[2024-09-18T20:57:55.878+0000] {logging_mixin.py:115} INFO - [2024-09-18T20:57:55.878+0000] {dag.py:2981} INFO - Setting next_dagrun for example_sla_dag to 2024-09-18T20:54:00+00:00, run_after=2024-09-18T20:56:00+00:00
[2024-09-18T20:57:55.882+0000] {processor.py:161} INFO - Processing /home/airflow/.local/lib/python3.7/site-packages/airflow/example_dags/example_sla_dag.py took 0.032 seconds
[2024-09-18T20:58:26.034+0000] {processor.py:153} INFO - Started process (PID=6461) to work on /home/airflow/.local/lib/python3.7/site-packages/airflow/example_dags/example_sla_dag.py
[2024-09-18T20:58:26.034+0000] {processor.py:640} INFO - Processing file /home/airflow/.local/lib/python3.7/site-packages/airflow/example_dags/example_sla_dag.py for tasks to queue
[2024-09-18T20:58:26.035+0000] {logging_mixin.py:115} INFO - [2024-09-18T20:58:26.034+0000] {dagbag.py:508} INFO - Filling up the DagBag from /home/airflow/.local/lib/python3.7/site-packages/airflow/example_dags/example_sla_dag.py
[2024-09-18T20:58:26.042+0000] {processor.py:650} INFO - DAG(s) dict_keys(['example_sla_dag']) retrieved from /home/airflow/.local/lib/python3.7/site-packages/airflow/example_dags/example_sla_dag.py
[2024-09-18T20:58:26.056+0000] {logging_mixin.py:115} INFO - [2024-09-18T20:58:26.055+0000] {dag.py:2429} INFO - Sync 1 DAGs
[2024-09-18T20:58:26.067+0000] {logging_mixin.py:115} INFO - [2024-09-18T20:58:26.067+0000] {dag.py:2981} INFO - Setting next_dagrun for example_sla_dag to 2024-09-18T20:56:00+00:00, run_after=2024-09-18T20:58:00+00:00
[2024-09-18T20:58:26.072+0000] {processor.py:161} INFO - Processing /home/airflow/.local/lib/python3.7/site-packages/airflow/example_dags/example_sla_dag.py took 0.040 seconds
[2024-09-18T20:58:56.209+0000] {processor.py:153} INFO - Started process (PID=6656) to work on /home/airflow/.local/lib/python3.7/site-packages/airflow/example_dags/example_sla_dag.py
[2024-09-18T20:58:56.209+0000] {processor.py:640} INFO - Processing file /home/airflow/.local/lib/python3.7/site-packages/airflow/example_dags/example_sla_dag.py for tasks to queue
[2024-09-18T20:58:56.210+0000] {logging_mixin.py:115} INFO - [2024-09-18T20:58:56.210+0000] {dagbag.py:508} INFO - Filling up the DagBag from /home/airflow/.local/lib/python3.7/site-packages/airflow/example_dags/example_sla_dag.py
[2024-09-18T20:58:56.217+0000] {processor.py:650} INFO - DAG(s) dict_keys(['example_sla_dag']) retrieved from /home/airflow/.local/lib/python3.7/site-packages/airflow/example_dags/example_sla_dag.py
[2024-09-18T20:58:56.232+0000] {logging_mixin.py:115} INFO - [2024-09-18T20:58:56.232+0000] {dag.py:2429} INFO - Sync 1 DAGs
[2024-09-18T20:58:56.244+0000] {logging_mixin.py:115} INFO - [2024-09-18T20:58:56.244+0000] {dag.py:2981} INFO - Setting next_dagrun for example_sla_dag to 2024-09-18T20:56:00+00:00, run_after=2024-09-18T20:58:00+00:00
[2024-09-18T20:58:56.249+0000] {processor.py:161} INFO - Processing /home/airflow/.local/lib/python3.7/site-packages/airflow/example_dags/example_sla_dag.py took 0.041 seconds
[2024-09-18T20:59:26.517+0000] {processor.py:153} INFO - Started process (PID=6844) to work on /home/airflow/.local/lib/python3.7/site-packages/airflow/example_dags/example_sla_dag.py
[2024-09-18T20:59:26.517+0000] {processor.py:640} INFO - Processing file /home/airflow/.local/lib/python3.7/site-packages/airflow/example_dags/example_sla_dag.py for tasks to queue
[2024-09-18T20:59:26.518+0000] {logging_mixin.py:115} INFO - [2024-09-18T20:59:26.517+0000] {dagbag.py:508} INFO - Filling up the DagBag from /home/airflow/.local/lib/python3.7/site-packages/airflow/example_dags/example_sla_dag.py
[2024-09-18T20:59:26.525+0000] {processor.py:650} INFO - DAG(s) dict_keys(['example_sla_dag']) retrieved from /home/airflow/.local/lib/python3.7/site-packages/airflow/example_dags/example_sla_dag.py
[2024-09-18T20:59:26.538+0000] {logging_mixin.py:115} INFO - [2024-09-18T20:59:26.538+0000] {dag.py:2429} INFO - Sync 1 DAGs
[2024-09-18T20:59:26.548+0000] {logging_mixin.py:115} INFO - [2024-09-18T20:59:26.548+0000] {dag.py:2981} INFO - Setting next_dagrun for example_sla_dag to 2024-09-18T20:56:00+00:00, run_after=2024-09-18T20:58:00+00:00
[2024-09-18T20:59:26.553+0000] {processor.py:161} INFO - Processing /home/airflow/.local/lib/python3.7/site-packages/airflow/example_dags/example_sla_dag.py took 0.038 seconds
[2024-09-18T20:59:56.737+0000] {processor.py:153} INFO - Started process (PID=7041) to work on /home/airflow/.local/lib/python3.7/site-packages/airflow/example_dags/example_sla_dag.py
[2024-09-18T20:59:56.738+0000] {processor.py:640} INFO - Processing file /home/airflow/.local/lib/python3.7/site-packages/airflow/example_dags/example_sla_dag.py for tasks to queue
[2024-09-18T20:59:56.739+0000] {logging_mixin.py:115} INFO - [2024-09-18T20:59:56.739+0000] {dagbag.py:508} INFO - Filling up the DagBag from /home/airflow/.local/lib/python3.7/site-packages/airflow/example_dags/example_sla_dag.py
[2024-09-18T20:59:56.747+0000] {processor.py:650} INFO - DAG(s) dict_keys(['example_sla_dag']) retrieved from /home/airflow/.local/lib/python3.7/site-packages/airflow/example_dags/example_sla_dag.py
[2024-09-18T20:59:56.761+0000] {logging_mixin.py:115} INFO - [2024-09-18T20:59:56.761+0000] {dag.py:2429} INFO - Sync 1 DAGs
[2024-09-18T20:59:56.771+0000] {logging_mixin.py:115} INFO - [2024-09-18T20:59:56.771+0000] {dag.py:2981} INFO - Setting next_dagrun for example_sla_dag to 2024-09-18T20:56:00+00:00, run_after=2024-09-18T20:58:00+00:00
[2024-09-18T20:59:56.775+0000] {processor.py:161} INFO - Processing /home/airflow/.local/lib/python3.7/site-packages/airflow/example_dags/example_sla_dag.py took 0.039 seconds
[2024-09-18T21:00:26.981+0000] {processor.py:153} INFO - Started process (PID=7239) to work on /home/airflow/.local/lib/python3.7/site-packages/airflow/example_dags/example_sla_dag.py
[2024-09-18T21:00:26.982+0000] {processor.py:640} INFO - Processing file /home/airflow/.local/lib/python3.7/site-packages/airflow/example_dags/example_sla_dag.py for tasks to queue
[2024-09-18T21:00:26.982+0000] {logging_mixin.py:115} INFO - [2024-09-18T21:00:26.982+0000] {dagbag.py:508} INFO - Filling up the DagBag from /home/airflow/.local/lib/python3.7/site-packages/airflow/example_dags/example_sla_dag.py
[2024-09-18T21:00:26.989+0000] {processor.py:650} INFO - DAG(s) dict_keys(['example_sla_dag']) retrieved from /home/airflow/.local/lib/python3.7/site-packages/airflow/example_dags/example_sla_dag.py
[2024-09-18T21:00:27.004+0000] {logging_mixin.py:115} INFO - [2024-09-18T21:00:27.004+0000] {dag.py:2429} INFO - Sync 1 DAGs
[2024-09-18T21:00:27.016+0000] {logging_mixin.py:115} INFO - [2024-09-18T21:00:27.015+0000] {dag.py:2981} INFO - Setting next_dagrun for example_sla_dag to 2024-09-18T20:58:00+00:00, run_after=2024-09-18T21:00:00+00:00
[2024-09-18T21:00:27.023+0000] {processor.py:161} INFO - Processing /home/airflow/.local/lib/python3.7/site-packages/airflow/example_dags/example_sla_dag.py took 0.043 seconds
