[2024-09-18T20:42:20.739+0000] {processor.py:153} INFO - Started process (PID=318) to work on /home/airflow/.local/lib/python3.7/site-packages/airflow/example_dags/example_xcomargs.py
[2024-09-18T20:42:20.740+0000] {processor.py:640} INFO - Processing file /home/airflow/.local/lib/python3.7/site-packages/airflow/example_dags/example_xcomargs.py for tasks to queue
[2024-09-18T20:42:20.740+0000] {logging_mixin.py:115} INFO - [2024-09-18T20:42:20.740+0000] {dagbag.py:508} INFO - Filling up the DagBag from /home/airflow/.local/lib/python3.7/site-packages/airflow/example_dags/example_xcomargs.py
[2024-09-18T20:42:20.751+0000] {processor.py:650} INFO - DAG(s) dict_keys(['example_xcom_args', 'example_xcom_args_with_operators']) retrieved from /home/airflow/.local/lib/python3.7/site-packages/airflow/example_dags/example_xcomargs.py
[2024-09-18T20:42:20.797+0000] {logging_mixin.py:115} INFO - [2024-09-18T20:42:20.797+0000] {manager.py:508} INFO - Created Permission View: can edit on DAG:example_xcom_args
[2024-09-18T20:42:20.802+0000] {logging_mixin.py:115} INFO - [2024-09-18T20:42:20.802+0000] {manager.py:508} INFO - Created Permission View: can read on DAG:example_xcom_args
[2024-09-18T20:42:20.805+0000] {logging_mixin.py:115} INFO - [2024-09-18T20:42:20.805+0000] {manager.py:508} INFO - Created Permission View: can delete on DAG:example_xcom_args
[2024-09-18T20:42:20.810+0000] {logging_mixin.py:115} INFO - [2024-09-18T20:42:20.810+0000] {manager.py:508} INFO - Created Permission View: can edit on DAG:example_xcom_args_with_operators
[2024-09-18T20:42:20.813+0000] {logging_mixin.py:115} INFO - [2024-09-18T20:42:20.812+0000] {manager.py:508} INFO - Created Permission View: can read on DAG:example_xcom_args_with_operators
[2024-09-18T20:42:20.815+0000] {logging_mixin.py:115} INFO - [2024-09-18T20:42:20.815+0000] {manager.py:508} INFO - Created Permission View: can delete on DAG:example_xcom_args_with_operators
[2024-09-18T20:42:20.815+0000] {logging_mixin.py:115} INFO - [2024-09-18T20:42:20.815+0000] {dag.py:2429} INFO - Sync 2 DAGs
[2024-09-18T20:42:20.818+0000] {logging_mixin.py:115} INFO - [2024-09-18T20:42:20.818+0000] {dag.py:2448} INFO - Creating ORM DAG for example_xcom_args_with_operators
[2024-09-18T20:42:20.819+0000] {logging_mixin.py:115} INFO - [2024-09-18T20:42:20.819+0000] {dag.py:2448} INFO - Creating ORM DAG for example_xcom_args
[2024-09-18T20:42:20.823+0000] {logging_mixin.py:115} INFO - [2024-09-18T20:42:20.823+0000] {dag.py:2981} INFO - Setting next_dagrun for example_xcom_args to None, run_after=None
[2024-09-18T20:42:20.824+0000] {logging_mixin.py:115} INFO - [2024-09-18T20:42:20.824+0000] {dag.py:2981} INFO - Setting next_dagrun for example_xcom_args_with_operators to None, run_after=None
[2024-09-18T20:42:20.829+0000] {processor.py:161} INFO - Processing /home/airflow/.local/lib/python3.7/site-packages/airflow/example_dags/example_xcomargs.py took 0.092 seconds
[2024-09-18T20:42:50.987+0000] {processor.py:153} INFO - Started process (PID=514) to work on /home/airflow/.local/lib/python3.7/site-packages/airflow/example_dags/example_xcomargs.py
[2024-09-18T20:42:50.989+0000] {processor.py:640} INFO - Processing file /home/airflow/.local/lib/python3.7/site-packages/airflow/example_dags/example_xcomargs.py for tasks to queue
[2024-09-18T20:42:50.990+0000] {logging_mixin.py:115} INFO - [2024-09-18T20:42:50.990+0000] {dagbag.py:508} INFO - Filling up the DagBag from /home/airflow/.local/lib/python3.7/site-packages/airflow/example_dags/example_xcomargs.py
[2024-09-18T20:42:50.998+0000] {processor.py:650} INFO - DAG(s) dict_keys(['example_xcom_args', 'example_xcom_args_with_operators']) retrieved from /home/airflow/.local/lib/python3.7/site-packages/airflow/example_dags/example_xcomargs.py
[2024-09-18T20:42:51.030+0000] {logging_mixin.py:115} INFO - [2024-09-18T20:42:51.030+0000] {dag.py:2429} INFO - Sync 2 DAGs
[2024-09-18T20:42:51.040+0000] {logging_mixin.py:115} INFO - [2024-09-18T20:42:51.040+0000] {dag.py:2981} INFO - Setting next_dagrun for example_xcom_args to None, run_after=None
[2024-09-18T20:42:51.040+0000] {logging_mixin.py:115} INFO - [2024-09-18T20:42:51.040+0000] {dag.py:2981} INFO - Setting next_dagrun for example_xcom_args_with_operators to None, run_after=None
[2024-09-18T20:42:51.046+0000] {processor.py:161} INFO - Processing /home/airflow/.local/lib/python3.7/site-packages/airflow/example_dags/example_xcomargs.py took 0.061 seconds
[2024-09-18T20:43:21.169+0000] {processor.py:153} INFO - Started process (PID=711) to work on /home/airflow/.local/lib/python3.7/site-packages/airflow/example_dags/example_xcomargs.py
[2024-09-18T20:43:21.171+0000] {processor.py:640} INFO - Processing file /home/airflow/.local/lib/python3.7/site-packages/airflow/example_dags/example_xcomargs.py for tasks to queue
[2024-09-18T20:43:21.172+0000] {logging_mixin.py:115} INFO - [2024-09-18T20:43:21.172+0000] {dagbag.py:508} INFO - Filling up the DagBag from /home/airflow/.local/lib/python3.7/site-packages/airflow/example_dags/example_xcomargs.py
[2024-09-18T20:43:21.180+0000] {processor.py:650} INFO - DAG(s) dict_keys(['example_xcom_args', 'example_xcom_args_with_operators']) retrieved from /home/airflow/.local/lib/python3.7/site-packages/airflow/example_dags/example_xcomargs.py
[2024-09-18T20:43:21.214+0000] {logging_mixin.py:115} INFO - [2024-09-18T20:43:21.214+0000] {dag.py:2429} INFO - Sync 2 DAGs
[2024-09-18T20:43:21.223+0000] {logging_mixin.py:115} INFO - [2024-09-18T20:43:21.223+0000] {dag.py:2981} INFO - Setting next_dagrun for example_xcom_args to None, run_after=None
[2024-09-18T20:43:21.223+0000] {logging_mixin.py:115} INFO - [2024-09-18T20:43:21.223+0000] {dag.py:2981} INFO - Setting next_dagrun for example_xcom_args_with_operators to None, run_after=None
[2024-09-18T20:43:21.229+0000] {processor.py:161} INFO - Processing /home/airflow/.local/lib/python3.7/site-packages/airflow/example_dags/example_xcomargs.py took 0.062 seconds
[2024-09-18T20:43:51.469+0000] {processor.py:153} INFO - Started process (PID=908) to work on /home/airflow/.local/lib/python3.7/site-packages/airflow/example_dags/example_xcomargs.py
[2024-09-18T20:43:51.470+0000] {processor.py:640} INFO - Processing file /home/airflow/.local/lib/python3.7/site-packages/airflow/example_dags/example_xcomargs.py for tasks to queue
[2024-09-18T20:43:51.470+0000] {logging_mixin.py:115} INFO - [2024-09-18T20:43:51.470+0000] {dagbag.py:508} INFO - Filling up the DagBag from /home/airflow/.local/lib/python3.7/site-packages/airflow/example_dags/example_xcomargs.py
[2024-09-18T20:43:51.478+0000] {processor.py:650} INFO - DAG(s) dict_keys(['example_xcom_args', 'example_xcom_args_with_operators']) retrieved from /home/airflow/.local/lib/python3.7/site-packages/airflow/example_dags/example_xcomargs.py
[2024-09-18T20:43:51.507+0000] {logging_mixin.py:115} INFO - [2024-09-18T20:43:51.507+0000] {dag.py:2429} INFO - Sync 2 DAGs
[2024-09-18T20:43:51.516+0000] {logging_mixin.py:115} INFO - [2024-09-18T20:43:51.516+0000] {dag.py:2981} INFO - Setting next_dagrun for example_xcom_args to None, run_after=None
[2024-09-18T20:43:51.516+0000] {logging_mixin.py:115} INFO - [2024-09-18T20:43:51.516+0000] {dag.py:2981} INFO - Setting next_dagrun for example_xcom_args_with_operators to None, run_after=None
[2024-09-18T20:43:51.521+0000] {processor.py:161} INFO - Processing /home/airflow/.local/lib/python3.7/site-packages/airflow/example_dags/example_xcomargs.py took 0.053 seconds
[2024-09-18T20:44:21.665+0000] {processor.py:153} INFO - Started process (PID=1114) to work on /home/airflow/.local/lib/python3.7/site-packages/airflow/example_dags/example_xcomargs.py
[2024-09-18T20:44:21.666+0000] {processor.py:640} INFO - Processing file /home/airflow/.local/lib/python3.7/site-packages/airflow/example_dags/example_xcomargs.py for tasks to queue
[2024-09-18T20:44:21.667+0000] {logging_mixin.py:115} INFO - [2024-09-18T20:44:21.667+0000] {dagbag.py:508} INFO - Filling up the DagBag from /home/airflow/.local/lib/python3.7/site-packages/airflow/example_dags/example_xcomargs.py
[2024-09-18T20:44:21.674+0000] {processor.py:650} INFO - DAG(s) dict_keys(['example_xcom_args', 'example_xcom_args_with_operators']) retrieved from /home/airflow/.local/lib/python3.7/site-packages/airflow/example_dags/example_xcomargs.py
[2024-09-18T20:44:21.704+0000] {logging_mixin.py:115} INFO - [2024-09-18T20:44:21.704+0000] {dag.py:2429} INFO - Sync 2 DAGs
[2024-09-18T20:44:21.715+0000] {logging_mixin.py:115} INFO - [2024-09-18T20:44:21.715+0000] {dag.py:2981} INFO - Setting next_dagrun for example_xcom_args to None, run_after=None
[2024-09-18T20:44:21.715+0000] {logging_mixin.py:115} INFO - [2024-09-18T20:44:21.715+0000] {dag.py:2981} INFO - Setting next_dagrun for example_xcom_args_with_operators to None, run_after=None
[2024-09-18T20:44:21.721+0000] {processor.py:161} INFO - Processing /home/airflow/.local/lib/python3.7/site-packages/airflow/example_dags/example_xcomargs.py took 0.057 seconds
[2024-09-18T20:44:51.831+0000] {processor.py:153} INFO - Started process (PID=1313) to work on /home/airflow/.local/lib/python3.7/site-packages/airflow/example_dags/example_xcomargs.py
[2024-09-18T20:44:51.831+0000] {processor.py:640} INFO - Processing file /home/airflow/.local/lib/python3.7/site-packages/airflow/example_dags/example_xcomargs.py for tasks to queue
[2024-09-18T20:44:51.832+0000] {logging_mixin.py:115} INFO - [2024-09-18T20:44:51.832+0000] {dagbag.py:508} INFO - Filling up the DagBag from /home/airflow/.local/lib/python3.7/site-packages/airflow/example_dags/example_xcomargs.py
[2024-09-18T20:44:51.840+0000] {processor.py:650} INFO - DAG(s) dict_keys(['example_xcom_args', 'example_xcom_args_with_operators']) retrieved from /home/airflow/.local/lib/python3.7/site-packages/airflow/example_dags/example_xcomargs.py
[2024-09-18T20:44:51.871+0000] {logging_mixin.py:115} INFO - [2024-09-18T20:44:51.871+0000] {dag.py:2429} INFO - Sync 2 DAGs
[2024-09-18T20:44:51.879+0000] {logging_mixin.py:115} INFO - [2024-09-18T20:44:51.879+0000] {dag.py:2981} INFO - Setting next_dagrun for example_xcom_args to None, run_after=None
[2024-09-18T20:44:51.879+0000] {logging_mixin.py:115} INFO - [2024-09-18T20:44:51.879+0000] {dag.py:2981} INFO - Setting next_dagrun for example_xcom_args_with_operators to None, run_after=None
[2024-09-18T20:44:51.885+0000] {processor.py:161} INFO - Processing /home/airflow/.local/lib/python3.7/site-packages/airflow/example_dags/example_xcomargs.py took 0.056 seconds
[2024-09-18T20:45:22.051+0000] {processor.py:153} INFO - Started process (PID=1508) to work on /home/airflow/.local/lib/python3.7/site-packages/airflow/example_dags/example_xcomargs.py
[2024-09-18T20:45:22.053+0000] {processor.py:640} INFO - Processing file /home/airflow/.local/lib/python3.7/site-packages/airflow/example_dags/example_xcomargs.py for tasks to queue
[2024-09-18T20:45:22.053+0000] {logging_mixin.py:115} INFO - [2024-09-18T20:45:22.053+0000] {dagbag.py:508} INFO - Filling up the DagBag from /home/airflow/.local/lib/python3.7/site-packages/airflow/example_dags/example_xcomargs.py
[2024-09-18T20:45:22.061+0000] {processor.py:650} INFO - DAG(s) dict_keys(['example_xcom_args', 'example_xcom_args_with_operators']) retrieved from /home/airflow/.local/lib/python3.7/site-packages/airflow/example_dags/example_xcomargs.py
[2024-09-18T20:45:22.099+0000] {logging_mixin.py:115} INFO - [2024-09-18T20:45:22.098+0000] {dag.py:2429} INFO - Sync 2 DAGs
[2024-09-18T20:45:22.108+0000] {logging_mixin.py:115} INFO - [2024-09-18T20:45:22.108+0000] {dag.py:2981} INFO - Setting next_dagrun for example_xcom_args to None, run_after=None
[2024-09-18T20:45:22.108+0000] {logging_mixin.py:115} INFO - [2024-09-18T20:45:22.108+0000] {dag.py:2981} INFO - Setting next_dagrun for example_xcom_args_with_operators to None, run_after=None
[2024-09-18T20:45:22.113+0000] {processor.py:161} INFO - Processing /home/airflow/.local/lib/python3.7/site-packages/airflow/example_dags/example_xcomargs.py took 0.064 seconds
[2024-09-18T20:45:52.235+0000] {processor.py:153} INFO - Started process (PID=1704) to work on /home/airflow/.local/lib/python3.7/site-packages/airflow/example_dags/example_xcomargs.py
[2024-09-18T20:45:52.235+0000] {processor.py:640} INFO - Processing file /home/airflow/.local/lib/python3.7/site-packages/airflow/example_dags/example_xcomargs.py for tasks to queue
[2024-09-18T20:45:52.235+0000] {logging_mixin.py:115} INFO - [2024-09-18T20:45:52.235+0000] {dagbag.py:508} INFO - Filling up the DagBag from /home/airflow/.local/lib/python3.7/site-packages/airflow/example_dags/example_xcomargs.py
[2024-09-18T20:45:52.243+0000] {processor.py:650} INFO - DAG(s) dict_keys(['example_xcom_args', 'example_xcom_args_with_operators']) retrieved from /home/airflow/.local/lib/python3.7/site-packages/airflow/example_dags/example_xcomargs.py
[2024-09-18T20:45:52.276+0000] {logging_mixin.py:115} INFO - [2024-09-18T20:45:52.276+0000] {dag.py:2429} INFO - Sync 2 DAGs
[2024-09-18T20:45:52.287+0000] {logging_mixin.py:115} INFO - [2024-09-18T20:45:52.287+0000] {dag.py:2981} INFO - Setting next_dagrun for example_xcom_args to None, run_after=None
[2024-09-18T20:45:52.288+0000] {logging_mixin.py:115} INFO - [2024-09-18T20:45:52.288+0000] {dag.py:2981} INFO - Setting next_dagrun for example_xcom_args_with_operators to None, run_after=None
[2024-09-18T20:45:52.294+0000] {processor.py:161} INFO - Processing /home/airflow/.local/lib/python3.7/site-packages/airflow/example_dags/example_xcomargs.py took 0.061 seconds
[2024-09-18T20:46:22.480+0000] {processor.py:153} INFO - Started process (PID=1901) to work on /home/airflow/.local/lib/python3.7/site-packages/airflow/example_dags/example_xcomargs.py
[2024-09-18T20:46:22.481+0000] {processor.py:640} INFO - Processing file /home/airflow/.local/lib/python3.7/site-packages/airflow/example_dags/example_xcomargs.py for tasks to queue
[2024-09-18T20:46:22.481+0000] {logging_mixin.py:115} INFO - [2024-09-18T20:46:22.481+0000] {dagbag.py:508} INFO - Filling up the DagBag from /home/airflow/.local/lib/python3.7/site-packages/airflow/example_dags/example_xcomargs.py
[2024-09-18T20:46:22.489+0000] {processor.py:650} INFO - DAG(s) dict_keys(['example_xcom_args', 'example_xcom_args_with_operators']) retrieved from /home/airflow/.local/lib/python3.7/site-packages/airflow/example_dags/example_xcomargs.py
[2024-09-18T20:46:22.532+0000] {logging_mixin.py:115} INFO - [2024-09-18T20:46:22.532+0000] {dag.py:2429} INFO - Sync 2 DAGs
[2024-09-18T20:46:22.542+0000] {logging_mixin.py:115} INFO - [2024-09-18T20:46:22.542+0000] {dag.py:2981} INFO - Setting next_dagrun for example_xcom_args to None, run_after=None
[2024-09-18T20:46:22.542+0000] {logging_mixin.py:115} INFO - [2024-09-18T20:46:22.542+0000] {dag.py:2981} INFO - Setting next_dagrun for example_xcom_args_with_operators to None, run_after=None
[2024-09-18T20:46:22.549+0000] {processor.py:161} INFO - Processing /home/airflow/.local/lib/python3.7/site-packages/airflow/example_dags/example_xcomargs.py took 0.070 seconds
[2024-09-18T20:46:52.791+0000] {processor.py:153} INFO - Started process (PID=2098) to work on /home/airflow/.local/lib/python3.7/site-packages/airflow/example_dags/example_xcomargs.py
[2024-09-18T20:46:52.792+0000] {processor.py:640} INFO - Processing file /home/airflow/.local/lib/python3.7/site-packages/airflow/example_dags/example_xcomargs.py for tasks to queue
[2024-09-18T20:46:52.792+0000] {logging_mixin.py:115} INFO - [2024-09-18T20:46:52.792+0000] {dagbag.py:508} INFO - Filling up the DagBag from /home/airflow/.local/lib/python3.7/site-packages/airflow/example_dags/example_xcomargs.py
[2024-09-18T20:46:52.800+0000] {processor.py:650} INFO - DAG(s) dict_keys(['example_xcom_args', 'example_xcom_args_with_operators']) retrieved from /home/airflow/.local/lib/python3.7/site-packages/airflow/example_dags/example_xcomargs.py
[2024-09-18T20:46:52.838+0000] {logging_mixin.py:115} INFO - [2024-09-18T20:46:52.838+0000] {dag.py:2429} INFO - Sync 2 DAGs
[2024-09-18T20:46:52.848+0000] {logging_mixin.py:115} INFO - [2024-09-18T20:46:52.848+0000] {dag.py:2981} INFO - Setting next_dagrun for example_xcom_args to None, run_after=None
[2024-09-18T20:46:52.849+0000] {logging_mixin.py:115} INFO - [2024-09-18T20:46:52.849+0000] {dag.py:2981} INFO - Setting next_dagrun for example_xcom_args_with_operators to None, run_after=None
[2024-09-18T20:46:52.856+0000] {processor.py:161} INFO - Processing /home/airflow/.local/lib/python3.7/site-packages/airflow/example_dags/example_xcomargs.py took 0.066 seconds
[2024-09-18T20:47:22.933+0000] {processor.py:153} INFO - Started process (PID=2286) to work on /home/airflow/.local/lib/python3.7/site-packages/airflow/example_dags/example_xcomargs.py
[2024-09-18T20:47:22.934+0000] {processor.py:640} INFO - Processing file /home/airflow/.local/lib/python3.7/site-packages/airflow/example_dags/example_xcomargs.py for tasks to queue
[2024-09-18T20:47:22.935+0000] {logging_mixin.py:115} INFO - [2024-09-18T20:47:22.935+0000] {dagbag.py:508} INFO - Filling up the DagBag from /home/airflow/.local/lib/python3.7/site-packages/airflow/example_dags/example_xcomargs.py
[2024-09-18T20:47:22.943+0000] {processor.py:650} INFO - DAG(s) dict_keys(['example_xcom_args', 'example_xcom_args_with_operators']) retrieved from /home/airflow/.local/lib/python3.7/site-packages/airflow/example_dags/example_xcomargs.py
[2024-09-18T20:47:22.980+0000] {logging_mixin.py:115} INFO - [2024-09-18T20:47:22.979+0000] {dag.py:2429} INFO - Sync 2 DAGs
[2024-09-18T20:47:22.987+0000] {logging_mixin.py:115} INFO - [2024-09-18T20:47:22.987+0000] {dag.py:2981} INFO - Setting next_dagrun for example_xcom_args to None, run_after=None
[2024-09-18T20:47:22.987+0000] {logging_mixin.py:115} INFO - [2024-09-18T20:47:22.987+0000] {dag.py:2981} INFO - Setting next_dagrun for example_xcom_args_with_operators to None, run_after=None
[2024-09-18T20:47:22.992+0000] {processor.py:161} INFO - Processing /home/airflow/.local/lib/python3.7/site-packages/airflow/example_dags/example_xcomargs.py took 0.060 seconds
[2024-09-18T20:47:53.187+0000] {processor.py:153} INFO - Started process (PID=2483) to work on /home/airflow/.local/lib/python3.7/site-packages/airflow/example_dags/example_xcomargs.py
[2024-09-18T20:47:53.188+0000] {processor.py:640} INFO - Processing file /home/airflow/.local/lib/python3.7/site-packages/airflow/example_dags/example_xcomargs.py for tasks to queue
[2024-09-18T20:47:53.188+0000] {logging_mixin.py:115} INFO - [2024-09-18T20:47:53.188+0000] {dagbag.py:508} INFO - Filling up the DagBag from /home/airflow/.local/lib/python3.7/site-packages/airflow/example_dags/example_xcomargs.py
[2024-09-18T20:47:53.195+0000] {processor.py:650} INFO - DAG(s) dict_keys(['example_xcom_args', 'example_xcom_args_with_operators']) retrieved from /home/airflow/.local/lib/python3.7/site-packages/airflow/example_dags/example_xcomargs.py
[2024-09-18T20:47:53.208+0000] {logging_mixin.py:115} INFO - [2024-09-18T20:47:53.207+0000] {dag.py:2429} INFO - Sync 2 DAGs
[2024-09-18T20:47:53.221+0000] {logging_mixin.py:115} INFO - [2024-09-18T20:47:53.221+0000] {dag.py:2981} INFO - Setting next_dagrun for example_xcom_args to None, run_after=None
[2024-09-18T20:47:53.221+0000] {logging_mixin.py:115} INFO - [2024-09-18T20:47:53.221+0000] {dag.py:2981} INFO - Setting next_dagrun for example_xcom_args_with_operators to None, run_after=None
[2024-09-18T20:47:53.225+0000] {processor.py:161} INFO - Processing /home/airflow/.local/lib/python3.7/site-packages/airflow/example_dags/example_xcomargs.py took 0.039 seconds
[2024-09-18T20:48:23.346+0000] {processor.py:153} INFO - Started process (PID=2680) to work on /home/airflow/.local/lib/python3.7/site-packages/airflow/example_dags/example_xcomargs.py
[2024-09-18T20:48:23.346+0000] {processor.py:640} INFO - Processing file /home/airflow/.local/lib/python3.7/site-packages/airflow/example_dags/example_xcomargs.py for tasks to queue
[2024-09-18T20:48:23.347+0000] {logging_mixin.py:115} INFO - [2024-09-18T20:48:23.347+0000] {dagbag.py:508} INFO - Filling up the DagBag from /home/airflow/.local/lib/python3.7/site-packages/airflow/example_dags/example_xcomargs.py
[2024-09-18T20:48:23.355+0000] {processor.py:650} INFO - DAG(s) dict_keys(['example_xcom_args', 'example_xcom_args_with_operators']) retrieved from /home/airflow/.local/lib/python3.7/site-packages/airflow/example_dags/example_xcomargs.py
[2024-09-18T20:48:23.366+0000] {logging_mixin.py:115} INFO - [2024-09-18T20:48:23.366+0000] {dag.py:2429} INFO - Sync 2 DAGs
[2024-09-18T20:48:23.376+0000] {logging_mixin.py:115} INFO - [2024-09-18T20:48:23.376+0000] {dag.py:2981} INFO - Setting next_dagrun for example_xcom_args to None, run_after=None
[2024-09-18T20:48:23.376+0000] {logging_mixin.py:115} INFO - [2024-09-18T20:48:23.376+0000] {dag.py:2981} INFO - Setting next_dagrun for example_xcom_args_with_operators to None, run_after=None
[2024-09-18T20:48:23.381+0000] {processor.py:161} INFO - Processing /home/airflow/.local/lib/python3.7/site-packages/airflow/example_dags/example_xcomargs.py took 0.036 seconds
[2024-09-18T20:48:53.504+0000] {processor.py:153} INFO - Started process (PID=2877) to work on /home/airflow/.local/lib/python3.7/site-packages/airflow/example_dags/example_xcomargs.py
[2024-09-18T20:48:53.505+0000] {processor.py:640} INFO - Processing file /home/airflow/.local/lib/python3.7/site-packages/airflow/example_dags/example_xcomargs.py for tasks to queue
[2024-09-18T20:48:53.505+0000] {logging_mixin.py:115} INFO - [2024-09-18T20:48:53.505+0000] {dagbag.py:508} INFO - Filling up the DagBag from /home/airflow/.local/lib/python3.7/site-packages/airflow/example_dags/example_xcomargs.py
[2024-09-18T20:48:53.515+0000] {processor.py:650} INFO - DAG(s) dict_keys(['example_xcom_args', 'example_xcom_args_with_operators']) retrieved from /home/airflow/.local/lib/python3.7/site-packages/airflow/example_dags/example_xcomargs.py
[2024-09-18T20:48:53.544+0000] {logging_mixin.py:115} INFO - [2024-09-18T20:48:53.544+0000] {dag.py:2429} INFO - Sync 2 DAGs
[2024-09-18T20:48:53.554+0000] {logging_mixin.py:115} INFO - [2024-09-18T20:48:53.554+0000] {dag.py:2981} INFO - Setting next_dagrun for example_xcom_args to None, run_after=None
[2024-09-18T20:48:53.555+0000] {logging_mixin.py:115} INFO - [2024-09-18T20:48:53.555+0000] {dag.py:2981} INFO - Setting next_dagrun for example_xcom_args_with_operators to None, run_after=None
[2024-09-18T20:48:53.562+0000] {processor.py:161} INFO - Processing /home/airflow/.local/lib/python3.7/site-packages/airflow/example_dags/example_xcomargs.py took 0.060 seconds
[2024-09-18T20:49:23.713+0000] {processor.py:153} INFO - Started process (PID=3074) to work on /home/airflow/.local/lib/python3.7/site-packages/airflow/example_dags/example_xcomargs.py
[2024-09-18T20:49:23.716+0000] {processor.py:640} INFO - Processing file /home/airflow/.local/lib/python3.7/site-packages/airflow/example_dags/example_xcomargs.py for tasks to queue
[2024-09-18T20:49:23.716+0000] {logging_mixin.py:115} INFO - [2024-09-18T20:49:23.716+0000] {dagbag.py:508} INFO - Filling up the DagBag from /home/airflow/.local/lib/python3.7/site-packages/airflow/example_dags/example_xcomargs.py
[2024-09-18T20:49:23.724+0000] {processor.py:650} INFO - DAG(s) dict_keys(['example_xcom_args', 'example_xcom_args_with_operators']) retrieved from /home/airflow/.local/lib/python3.7/site-packages/airflow/example_dags/example_xcomargs.py
[2024-09-18T20:49:23.757+0000] {logging_mixin.py:115} INFO - [2024-09-18T20:49:23.757+0000] {dag.py:2429} INFO - Sync 2 DAGs
[2024-09-18T20:49:23.766+0000] {logging_mixin.py:115} INFO - [2024-09-18T20:49:23.766+0000] {dag.py:2981} INFO - Setting next_dagrun for example_xcom_args to None, run_after=None
[2024-09-18T20:49:23.767+0000] {logging_mixin.py:115} INFO - [2024-09-18T20:49:23.767+0000] {dag.py:2981} INFO - Setting next_dagrun for example_xcom_args_with_operators to None, run_after=None
[2024-09-18T20:49:23.774+0000] {processor.py:161} INFO - Processing /home/airflow/.local/lib/python3.7/site-packages/airflow/example_dags/example_xcomargs.py took 0.062 seconds
[2024-09-18T20:49:54.040+0000] {processor.py:153} INFO - Started process (PID=3271) to work on /home/airflow/.local/lib/python3.7/site-packages/airflow/example_dags/example_xcomargs.py
[2024-09-18T20:49:54.044+0000] {processor.py:640} INFO - Processing file /home/airflow/.local/lib/python3.7/site-packages/airflow/example_dags/example_xcomargs.py for tasks to queue
[2024-09-18T20:49:54.044+0000] {logging_mixin.py:115} INFO - [2024-09-18T20:49:54.044+0000] {dagbag.py:508} INFO - Filling up the DagBag from /home/airflow/.local/lib/python3.7/site-packages/airflow/example_dags/example_xcomargs.py
[2024-09-18T20:49:54.051+0000] {processor.py:650} INFO - DAG(s) dict_keys(['example_xcom_args', 'example_xcom_args_with_operators']) retrieved from /home/airflow/.local/lib/python3.7/site-packages/airflow/example_dags/example_xcomargs.py
[2024-09-18T20:49:54.082+0000] {logging_mixin.py:115} INFO - [2024-09-18T20:49:54.082+0000] {dag.py:2429} INFO - Sync 2 DAGs
[2024-09-18T20:49:54.090+0000] {logging_mixin.py:115} INFO - [2024-09-18T20:49:54.090+0000] {dag.py:2981} INFO - Setting next_dagrun for example_xcom_args to None, run_after=None
[2024-09-18T20:49:54.092+0000] {logging_mixin.py:115} INFO - [2024-09-18T20:49:54.092+0000] {dag.py:2981} INFO - Setting next_dagrun for example_xcom_args_with_operators to None, run_after=None
[2024-09-18T20:49:54.098+0000] {processor.py:161} INFO - Processing /home/airflow/.local/lib/python3.7/site-packages/airflow/example_dags/example_xcomargs.py took 0.060 seconds
[2024-09-18T20:50:24.308+0000] {processor.py:153} INFO - Started process (PID=3462) to work on /home/airflow/.local/lib/python3.7/site-packages/airflow/example_dags/example_xcomargs.py
[2024-09-18T20:50:24.308+0000] {processor.py:640} INFO - Processing file /home/airflow/.local/lib/python3.7/site-packages/airflow/example_dags/example_xcomargs.py for tasks to queue
[2024-09-18T20:50:24.309+0000] {logging_mixin.py:115} INFO - [2024-09-18T20:50:24.309+0000] {dagbag.py:508} INFO - Filling up the DagBag from /home/airflow/.local/lib/python3.7/site-packages/airflow/example_dags/example_xcomargs.py
[2024-09-18T20:50:24.317+0000] {processor.py:650} INFO - DAG(s) dict_keys(['example_xcom_args', 'example_xcom_args_with_operators']) retrieved from /home/airflow/.local/lib/python3.7/site-packages/airflow/example_dags/example_xcomargs.py
[2024-09-18T20:50:24.346+0000] {logging_mixin.py:115} INFO - [2024-09-18T20:50:24.346+0000] {dag.py:2429} INFO - Sync 2 DAGs
[2024-09-18T20:50:24.354+0000] {logging_mixin.py:115} INFO - [2024-09-18T20:50:24.354+0000] {dag.py:2981} INFO - Setting next_dagrun for example_xcom_args to None, run_after=None
[2024-09-18T20:50:24.354+0000] {logging_mixin.py:115} INFO - [2024-09-18T20:50:24.354+0000] {dag.py:2981} INFO - Setting next_dagrun for example_xcom_args_with_operators to None, run_after=None
[2024-09-18T20:50:24.360+0000] {processor.py:161} INFO - Processing /home/airflow/.local/lib/python3.7/site-packages/airflow/example_dags/example_xcomargs.py took 0.053 seconds
[2024-09-18T20:50:54.517+0000] {processor.py:153} INFO - Started process (PID=3657) to work on /home/airflow/.local/lib/python3.7/site-packages/airflow/example_dags/example_xcomargs.py
[2024-09-18T20:50:54.517+0000] {processor.py:640} INFO - Processing file /home/airflow/.local/lib/python3.7/site-packages/airflow/example_dags/example_xcomargs.py for tasks to queue
[2024-09-18T20:50:54.518+0000] {logging_mixin.py:115} INFO - [2024-09-18T20:50:54.518+0000] {dagbag.py:508} INFO - Filling up the DagBag from /home/airflow/.local/lib/python3.7/site-packages/airflow/example_dags/example_xcomargs.py
[2024-09-18T20:50:54.525+0000] {processor.py:650} INFO - DAG(s) dict_keys(['example_xcom_args', 'example_xcom_args_with_operators']) retrieved from /home/airflow/.local/lib/python3.7/site-packages/airflow/example_dags/example_xcomargs.py
[2024-09-18T20:50:54.558+0000] {logging_mixin.py:115} INFO - [2024-09-18T20:50:54.558+0000] {dag.py:2429} INFO - Sync 2 DAGs
[2024-09-18T20:50:54.567+0000] {logging_mixin.py:115} INFO - [2024-09-18T20:50:54.567+0000] {dag.py:2981} INFO - Setting next_dagrun for example_xcom_args to None, run_after=None
[2024-09-18T20:50:54.568+0000] {logging_mixin.py:115} INFO - [2024-09-18T20:50:54.568+0000] {dag.py:2981} INFO - Setting next_dagrun for example_xcom_args_with_operators to None, run_after=None
[2024-09-18T20:50:54.573+0000] {processor.py:161} INFO - Processing /home/airflow/.local/lib/python3.7/site-packages/airflow/example_dags/example_xcomargs.py took 0.058 seconds
[2024-09-18T20:51:24.687+0000] {processor.py:153} INFO - Started process (PID=3854) to work on /home/airflow/.local/lib/python3.7/site-packages/airflow/example_dags/example_xcomargs.py
[2024-09-18T20:51:24.688+0000] {processor.py:640} INFO - Processing file /home/airflow/.local/lib/python3.7/site-packages/airflow/example_dags/example_xcomargs.py for tasks to queue
[2024-09-18T20:51:24.689+0000] {logging_mixin.py:115} INFO - [2024-09-18T20:51:24.689+0000] {dagbag.py:508} INFO - Filling up the DagBag from /home/airflow/.local/lib/python3.7/site-packages/airflow/example_dags/example_xcomargs.py
[2024-09-18T20:51:24.698+0000] {processor.py:650} INFO - DAG(s) dict_keys(['example_xcom_args', 'example_xcom_args_with_operators']) retrieved from /home/airflow/.local/lib/python3.7/site-packages/airflow/example_dags/example_xcomargs.py
[2024-09-18T20:51:24.711+0000] {logging_mixin.py:115} INFO - [2024-09-18T20:51:24.711+0000] {dag.py:2429} INFO - Sync 2 DAGs
[2024-09-18T20:51:24.722+0000] {logging_mixin.py:115} INFO - [2024-09-18T20:51:24.722+0000] {dag.py:2981} INFO - Setting next_dagrun for example_xcom_args to None, run_after=None
[2024-09-18T20:51:24.722+0000] {logging_mixin.py:115} INFO - [2024-09-18T20:51:24.722+0000] {dag.py:2981} INFO - Setting next_dagrun for example_xcom_args_with_operators to None, run_after=None
[2024-09-18T20:51:24.728+0000] {processor.py:161} INFO - Processing /home/airflow/.local/lib/python3.7/site-packages/airflow/example_dags/example_xcomargs.py took 0.042 seconds
[2024-09-18T20:51:54.814+0000] {processor.py:153} INFO - Started process (PID=4051) to work on /home/airflow/.local/lib/python3.7/site-packages/airflow/example_dags/example_xcomargs.py
[2024-09-18T20:51:54.815+0000] {processor.py:640} INFO - Processing file /home/airflow/.local/lib/python3.7/site-packages/airflow/example_dags/example_xcomargs.py for tasks to queue
[2024-09-18T20:51:54.815+0000] {logging_mixin.py:115} INFO - [2024-09-18T20:51:54.815+0000] {dagbag.py:508} INFO - Filling up the DagBag from /home/airflow/.local/lib/python3.7/site-packages/airflow/example_dags/example_xcomargs.py
[2024-09-18T20:51:54.822+0000] {processor.py:650} INFO - DAG(s) dict_keys(['example_xcom_args', 'example_xcom_args_with_operators']) retrieved from /home/airflow/.local/lib/python3.7/site-packages/airflow/example_dags/example_xcomargs.py
[2024-09-18T20:51:54.855+0000] {logging_mixin.py:115} INFO - [2024-09-18T20:51:54.855+0000] {dag.py:2429} INFO - Sync 2 DAGs
[2024-09-18T20:51:54.863+0000] {logging_mixin.py:115} INFO - [2024-09-18T20:51:54.863+0000] {dag.py:2981} INFO - Setting next_dagrun for example_xcom_args to None, run_after=None
[2024-09-18T20:51:54.863+0000] {logging_mixin.py:115} INFO - [2024-09-18T20:51:54.863+0000] {dag.py:2981} INFO - Setting next_dagrun for example_xcom_args_with_operators to None, run_after=None
[2024-09-18T20:51:54.870+0000] {processor.py:161} INFO - Processing /home/airflow/.local/lib/python3.7/site-packages/airflow/example_dags/example_xcomargs.py took 0.057 seconds
[2024-09-18T20:52:24.919+0000] {processor.py:153} INFO - Started process (PID=4246) to work on /home/airflow/.local/lib/python3.7/site-packages/airflow/example_dags/example_xcomargs.py
[2024-09-18T20:52:24.920+0000] {processor.py:640} INFO - Processing file /home/airflow/.local/lib/python3.7/site-packages/airflow/example_dags/example_xcomargs.py for tasks to queue
[2024-09-18T20:52:24.920+0000] {logging_mixin.py:115} INFO - [2024-09-18T20:52:24.920+0000] {dagbag.py:508} INFO - Filling up the DagBag from /home/airflow/.local/lib/python3.7/site-packages/airflow/example_dags/example_xcomargs.py
[2024-09-18T20:52:24.927+0000] {processor.py:650} INFO - DAG(s) dict_keys(['example_xcom_args', 'example_xcom_args_with_operators']) retrieved from /home/airflow/.local/lib/python3.7/site-packages/airflow/example_dags/example_xcomargs.py
[2024-09-18T20:52:24.957+0000] {logging_mixin.py:115} INFO - [2024-09-18T20:52:24.957+0000] {dag.py:2429} INFO - Sync 2 DAGs
[2024-09-18T20:52:24.965+0000] {logging_mixin.py:115} INFO - [2024-09-18T20:52:24.965+0000] {dag.py:2981} INFO - Setting next_dagrun for example_xcom_args to None, run_after=None
[2024-09-18T20:52:24.965+0000] {logging_mixin.py:115} INFO - [2024-09-18T20:52:24.965+0000] {dag.py:2981} INFO - Setting next_dagrun for example_xcom_args_with_operators to None, run_after=None
[2024-09-18T20:52:24.971+0000] {processor.py:161} INFO - Processing /home/airflow/.local/lib/python3.7/site-packages/airflow/example_dags/example_xcomargs.py took 0.052 seconds
[2024-09-18T20:52:55.080+0000] {processor.py:153} INFO - Started process (PID=4443) to work on /home/airflow/.local/lib/python3.7/site-packages/airflow/example_dags/example_xcomargs.py
[2024-09-18T20:52:55.082+0000] {processor.py:640} INFO - Processing file /home/airflow/.local/lib/python3.7/site-packages/airflow/example_dags/example_xcomargs.py for tasks to queue
[2024-09-18T20:52:55.082+0000] {logging_mixin.py:115} INFO - [2024-09-18T20:52:55.082+0000] {dagbag.py:508} INFO - Filling up the DagBag from /home/airflow/.local/lib/python3.7/site-packages/airflow/example_dags/example_xcomargs.py
[2024-09-18T20:52:55.089+0000] {processor.py:650} INFO - DAG(s) dict_keys(['example_xcom_args', 'example_xcom_args_with_operators']) retrieved from /home/airflow/.local/lib/python3.7/site-packages/airflow/example_dags/example_xcomargs.py
[2024-09-18T20:52:55.120+0000] {logging_mixin.py:115} INFO - [2024-09-18T20:52:55.120+0000] {dag.py:2429} INFO - Sync 2 DAGs
[2024-09-18T20:52:55.127+0000] {logging_mixin.py:115} INFO - [2024-09-18T20:52:55.127+0000] {dag.py:2981} INFO - Setting next_dagrun for example_xcom_args to None, run_after=None
[2024-09-18T20:52:55.127+0000] {logging_mixin.py:115} INFO - [2024-09-18T20:52:55.127+0000] {dag.py:2981} INFO - Setting next_dagrun for example_xcom_args_with_operators to None, run_after=None
[2024-09-18T20:52:55.132+0000] {processor.py:161} INFO - Processing /home/airflow/.local/lib/python3.7/site-packages/airflow/example_dags/example_xcomargs.py took 0.054 seconds
[2024-09-18T20:53:25.181+0000] {processor.py:153} INFO - Started process (PID=4630) to work on /home/airflow/.local/lib/python3.7/site-packages/airflow/example_dags/example_xcomargs.py
[2024-09-18T20:53:25.183+0000] {processor.py:640} INFO - Processing file /home/airflow/.local/lib/python3.7/site-packages/airflow/example_dags/example_xcomargs.py for tasks to queue
[2024-09-18T20:53:25.183+0000] {logging_mixin.py:115} INFO - [2024-09-18T20:53:25.183+0000] {dagbag.py:508} INFO - Filling up the DagBag from /home/airflow/.local/lib/python3.7/site-packages/airflow/example_dags/example_xcomargs.py
[2024-09-18T20:53:25.191+0000] {processor.py:650} INFO - DAG(s) dict_keys(['example_xcom_args', 'example_xcom_args_with_operators']) retrieved from /home/airflow/.local/lib/python3.7/site-packages/airflow/example_dags/example_xcomargs.py
[2024-09-18T20:53:25.205+0000] {logging_mixin.py:115} INFO - [2024-09-18T20:53:25.205+0000] {dag.py:2429} INFO - Sync 2 DAGs
[2024-09-18T20:53:25.217+0000] {logging_mixin.py:115} INFO - [2024-09-18T20:53:25.217+0000] {dag.py:2981} INFO - Setting next_dagrun for example_xcom_args to None, run_after=None
[2024-09-18T20:53:25.217+0000] {logging_mixin.py:115} INFO - [2024-09-18T20:53:25.217+0000] {dag.py:2981} INFO - Setting next_dagrun for example_xcom_args_with_operators to None, run_after=None
[2024-09-18T20:53:25.221+0000] {processor.py:161} INFO - Processing /home/airflow/.local/lib/python3.7/site-packages/airflow/example_dags/example_xcomargs.py took 0.041 seconds
[2024-09-18T20:53:55.303+0000] {processor.py:153} INFO - Started process (PID=4827) to work on /home/airflow/.local/lib/python3.7/site-packages/airflow/example_dags/example_xcomargs.py
[2024-09-18T20:53:55.304+0000] {processor.py:640} INFO - Processing file /home/airflow/.local/lib/python3.7/site-packages/airflow/example_dags/example_xcomargs.py for tasks to queue
[2024-09-18T20:53:55.305+0000] {logging_mixin.py:115} INFO - [2024-09-18T20:53:55.305+0000] {dagbag.py:508} INFO - Filling up the DagBag from /home/airflow/.local/lib/python3.7/site-packages/airflow/example_dags/example_xcomargs.py
[2024-09-18T20:53:55.312+0000] {processor.py:650} INFO - DAG(s) dict_keys(['example_xcom_args', 'example_xcom_args_with_operators']) retrieved from /home/airflow/.local/lib/python3.7/site-packages/airflow/example_dags/example_xcomargs.py
[2024-09-18T20:53:55.340+0000] {logging_mixin.py:115} INFO - [2024-09-18T20:53:55.340+0000] {dag.py:2429} INFO - Sync 2 DAGs
[2024-09-18T20:53:55.349+0000] {logging_mixin.py:115} INFO - [2024-09-18T20:53:55.348+0000] {dag.py:2981} INFO - Setting next_dagrun for example_xcom_args to None, run_after=None
[2024-09-18T20:53:55.349+0000] {logging_mixin.py:115} INFO - [2024-09-18T20:53:55.349+0000] {dag.py:2981} INFO - Setting next_dagrun for example_xcom_args_with_operators to None, run_after=None
[2024-09-18T20:53:55.354+0000] {processor.py:161} INFO - Processing /home/airflow/.local/lib/python3.7/site-packages/airflow/example_dags/example_xcomargs.py took 0.052 seconds
[2024-09-18T20:54:25.425+0000] {processor.py:153} INFO - Started process (PID=5024) to work on /home/airflow/.local/lib/python3.7/site-packages/airflow/example_dags/example_xcomargs.py
[2024-09-18T20:54:25.426+0000] {processor.py:640} INFO - Processing file /home/airflow/.local/lib/python3.7/site-packages/airflow/example_dags/example_xcomargs.py for tasks to queue
[2024-09-18T20:54:25.426+0000] {logging_mixin.py:115} INFO - [2024-09-18T20:54:25.426+0000] {dagbag.py:508} INFO - Filling up the DagBag from /home/airflow/.local/lib/python3.7/site-packages/airflow/example_dags/example_xcomargs.py
[2024-09-18T20:54:25.434+0000] {processor.py:650} INFO - DAG(s) dict_keys(['example_xcom_args', 'example_xcom_args_with_operators']) retrieved from /home/airflow/.local/lib/python3.7/site-packages/airflow/example_dags/example_xcomargs.py
[2024-09-18T20:54:25.462+0000] {logging_mixin.py:115} INFO - [2024-09-18T20:54:25.462+0000] {dag.py:2429} INFO - Sync 2 DAGs
[2024-09-18T20:54:25.473+0000] {logging_mixin.py:115} INFO - [2024-09-18T20:54:25.473+0000] {dag.py:2981} INFO - Setting next_dagrun for example_xcom_args to None, run_after=None
[2024-09-18T20:54:25.474+0000] {logging_mixin.py:115} INFO - [2024-09-18T20:54:25.474+0000] {dag.py:2981} INFO - Setting next_dagrun for example_xcom_args_with_operators to None, run_after=None
[2024-09-18T20:54:25.481+0000] {processor.py:161} INFO - Processing /home/airflow/.local/lib/python3.7/site-packages/airflow/example_dags/example_xcomargs.py took 0.057 seconds
[2024-09-18T20:54:55.815+0000] {processor.py:153} INFO - Started process (PID=5223) to work on /home/airflow/.local/lib/python3.7/site-packages/airflow/example_dags/example_xcomargs.py
[2024-09-18T20:54:55.817+0000] {processor.py:640} INFO - Processing file /home/airflow/.local/lib/python3.7/site-packages/airflow/example_dags/example_xcomargs.py for tasks to queue
[2024-09-18T20:54:55.817+0000] {logging_mixin.py:115} INFO - [2024-09-18T20:54:55.817+0000] {dagbag.py:508} INFO - Filling up the DagBag from /home/airflow/.local/lib/python3.7/site-packages/airflow/example_dags/example_xcomargs.py
[2024-09-18T20:54:55.826+0000] {processor.py:650} INFO - DAG(s) dict_keys(['example_xcom_args', 'example_xcom_args_with_operators']) retrieved from /home/airflow/.local/lib/python3.7/site-packages/airflow/example_dags/example_xcomargs.py
[2024-09-18T20:54:55.859+0000] {logging_mixin.py:115} INFO - [2024-09-18T20:54:55.858+0000] {dag.py:2429} INFO - Sync 2 DAGs
[2024-09-18T20:54:55.870+0000] {logging_mixin.py:115} INFO - [2024-09-18T20:54:55.870+0000] {dag.py:2981} INFO - Setting next_dagrun for example_xcom_args to None, run_after=None
[2024-09-18T20:54:55.870+0000] {logging_mixin.py:115} INFO - [2024-09-18T20:54:55.870+0000] {dag.py:2981} INFO - Setting next_dagrun for example_xcom_args_with_operators to None, run_after=None
[2024-09-18T20:54:55.875+0000] {processor.py:161} INFO - Processing /home/airflow/.local/lib/python3.7/site-packages/airflow/example_dags/example_xcomargs.py took 0.063 seconds
[2024-09-18T20:55:25.914+0000] {processor.py:153} INFO - Started process (PID=5419) to work on /home/airflow/.local/lib/python3.7/site-packages/airflow/example_dags/example_xcomargs.py
[2024-09-18T20:55:25.915+0000] {processor.py:640} INFO - Processing file /home/airflow/.local/lib/python3.7/site-packages/airflow/example_dags/example_xcomargs.py for tasks to queue
[2024-09-18T20:55:25.915+0000] {logging_mixin.py:115} INFO - [2024-09-18T20:55:25.915+0000] {dagbag.py:508} INFO - Filling up the DagBag from /home/airflow/.local/lib/python3.7/site-packages/airflow/example_dags/example_xcomargs.py
[2024-09-18T20:55:25.923+0000] {processor.py:650} INFO - DAG(s) dict_keys(['example_xcom_args', 'example_xcom_args_with_operators']) retrieved from /home/airflow/.local/lib/python3.7/site-packages/airflow/example_dags/example_xcomargs.py
[2024-09-18T20:55:25.952+0000] {logging_mixin.py:115} INFO - [2024-09-18T20:55:25.951+0000] {dag.py:2429} INFO - Sync 2 DAGs
[2024-09-18T20:55:25.959+0000] {logging_mixin.py:115} INFO - [2024-09-18T20:55:25.959+0000] {dag.py:2981} INFO - Setting next_dagrun for example_xcom_args to None, run_after=None
[2024-09-18T20:55:25.960+0000] {logging_mixin.py:115} INFO - [2024-09-18T20:55:25.960+0000] {dag.py:2981} INFO - Setting next_dagrun for example_xcom_args_with_operators to None, run_after=None
[2024-09-18T20:55:25.964+0000] {processor.py:161} INFO - Processing /home/airflow/.local/lib/python3.7/site-packages/airflow/example_dags/example_xcomargs.py took 0.051 seconds
[2024-09-18T20:55:56.079+0000] {processor.py:153} INFO - Started process (PID=5619) to work on /home/airflow/.local/lib/python3.7/site-packages/airflow/example_dags/example_xcomargs.py
[2024-09-18T20:55:56.079+0000] {processor.py:640} INFO - Processing file /home/airflow/.local/lib/python3.7/site-packages/airflow/example_dags/example_xcomargs.py for tasks to queue
[2024-09-18T20:55:56.079+0000] {logging_mixin.py:115} INFO - [2024-09-18T20:55:56.079+0000] {dagbag.py:508} INFO - Filling up the DagBag from /home/airflow/.local/lib/python3.7/site-packages/airflow/example_dags/example_xcomargs.py
[2024-09-18T20:55:56.087+0000] {processor.py:650} INFO - DAG(s) dict_keys(['example_xcom_args', 'example_xcom_args_with_operators']) retrieved from /home/airflow/.local/lib/python3.7/site-packages/airflow/example_dags/example_xcomargs.py
[2024-09-18T20:55:56.118+0000] {logging_mixin.py:115} INFO - [2024-09-18T20:55:56.118+0000] {dag.py:2429} INFO - Sync 2 DAGs
[2024-09-18T20:55:56.126+0000] {logging_mixin.py:115} INFO - [2024-09-18T20:55:56.126+0000] {dag.py:2981} INFO - Setting next_dagrun for example_xcom_args to None, run_after=None
[2024-09-18T20:55:56.126+0000] {logging_mixin.py:115} INFO - [2024-09-18T20:55:56.126+0000] {dag.py:2981} INFO - Setting next_dagrun for example_xcom_args_with_operators to None, run_after=None
[2024-09-18T20:55:56.131+0000] {processor.py:161} INFO - Processing /home/airflow/.local/lib/python3.7/site-packages/airflow/example_dags/example_xcomargs.py took 0.054 seconds
[2024-09-18T20:56:26.201+0000] {processor.py:153} INFO - Started process (PID=5802) to work on /home/airflow/.local/lib/python3.7/site-packages/airflow/example_dags/example_xcomargs.py
[2024-09-18T20:56:26.201+0000] {processor.py:640} INFO - Processing file /home/airflow/.local/lib/python3.7/site-packages/airflow/example_dags/example_xcomargs.py for tasks to queue
[2024-09-18T20:56:26.202+0000] {logging_mixin.py:115} INFO - [2024-09-18T20:56:26.201+0000] {dagbag.py:508} INFO - Filling up the DagBag from /home/airflow/.local/lib/python3.7/site-packages/airflow/example_dags/example_xcomargs.py
[2024-09-18T20:56:26.211+0000] {processor.py:650} INFO - DAG(s) dict_keys(['example_xcom_args', 'example_xcom_args_with_operators']) retrieved from /home/airflow/.local/lib/python3.7/site-packages/airflow/example_dags/example_xcomargs.py
[2024-09-18T20:56:26.226+0000] {logging_mixin.py:115} INFO - [2024-09-18T20:56:26.226+0000] {dag.py:2429} INFO - Sync 2 DAGs
[2024-09-18T20:56:26.235+0000] {logging_mixin.py:115} INFO - [2024-09-18T20:56:26.234+0000] {dag.py:2981} INFO - Setting next_dagrun for example_xcom_args to None, run_after=None
[2024-09-18T20:56:26.235+0000] {logging_mixin.py:115} INFO - [2024-09-18T20:56:26.235+0000] {dag.py:2981} INFO - Setting next_dagrun for example_xcom_args_with_operators to None, run_after=None
[2024-09-18T20:56:26.240+0000] {processor.py:161} INFO - Processing /home/airflow/.local/lib/python3.7/site-packages/airflow/example_dags/example_xcomargs.py took 0.042 seconds
[2024-09-18T20:56:57.287+0000] {processor.py:153} INFO - Started process (PID=5999) to work on /home/airflow/.local/lib/python3.7/site-packages/airflow/example_dags/example_xcomargs.py
[2024-09-18T20:56:57.288+0000] {processor.py:640} INFO - Processing file /home/airflow/.local/lib/python3.7/site-packages/airflow/example_dags/example_xcomargs.py for tasks to queue
[2024-09-18T20:56:57.288+0000] {logging_mixin.py:115} INFO - [2024-09-18T20:56:57.288+0000] {dagbag.py:508} INFO - Filling up the DagBag from /home/airflow/.local/lib/python3.7/site-packages/airflow/example_dags/example_xcomargs.py
[2024-09-18T20:56:57.296+0000] {processor.py:650} INFO - DAG(s) dict_keys(['example_xcom_args', 'example_xcom_args_with_operators']) retrieved from /home/airflow/.local/lib/python3.7/site-packages/airflow/example_dags/example_xcomargs.py
[2024-09-18T20:56:57.309+0000] {logging_mixin.py:115} INFO - [2024-09-18T20:56:57.309+0000] {dag.py:2429} INFO - Sync 2 DAGs
[2024-09-18T20:56:57.318+0000] {logging_mixin.py:115} INFO - [2024-09-18T20:56:57.318+0000] {dag.py:2981} INFO - Setting next_dagrun for example_xcom_args to None, run_after=None
[2024-09-18T20:56:57.318+0000] {logging_mixin.py:115} INFO - [2024-09-18T20:56:57.318+0000] {dag.py:2981} INFO - Setting next_dagrun for example_xcom_args_with_operators to None, run_after=None
[2024-09-18T20:56:57.323+0000] {processor.py:161} INFO - Processing /home/airflow/.local/lib/python3.7/site-packages/airflow/example_dags/example_xcomargs.py took 0.037 seconds
[2024-09-18T20:57:27.429+0000] {processor.py:153} INFO - Started process (PID=6196) to work on /home/airflow/.local/lib/python3.7/site-packages/airflow/example_dags/example_xcomargs.py
[2024-09-18T20:57:27.429+0000] {processor.py:640} INFO - Processing file /home/airflow/.local/lib/python3.7/site-packages/airflow/example_dags/example_xcomargs.py for tasks to queue
[2024-09-18T20:57:27.429+0000] {logging_mixin.py:115} INFO - [2024-09-18T20:57:27.429+0000] {dagbag.py:508} INFO - Filling up the DagBag from /home/airflow/.local/lib/python3.7/site-packages/airflow/example_dags/example_xcomargs.py
[2024-09-18T20:57:27.437+0000] {processor.py:650} INFO - DAG(s) dict_keys(['example_xcom_args', 'example_xcom_args_with_operators']) retrieved from /home/airflow/.local/lib/python3.7/site-packages/airflow/example_dags/example_xcomargs.py
[2024-09-18T20:57:27.468+0000] {logging_mixin.py:115} INFO - [2024-09-18T20:57:27.468+0000] {dag.py:2429} INFO - Sync 2 DAGs
[2024-09-18T20:57:27.478+0000] {logging_mixin.py:115} INFO - [2024-09-18T20:57:27.478+0000] {dag.py:2981} INFO - Setting next_dagrun for example_xcom_args to None, run_after=None
[2024-09-18T20:57:27.479+0000] {logging_mixin.py:115} INFO - [2024-09-18T20:57:27.479+0000] {dag.py:2981} INFO - Setting next_dagrun for example_xcom_args_with_operators to None, run_after=None
[2024-09-18T20:57:27.485+0000] {processor.py:161} INFO - Processing /home/airflow/.local/lib/python3.7/site-packages/airflow/example_dags/example_xcomargs.py took 0.058 seconds
[2024-09-18T20:57:57.649+0000] {processor.py:153} INFO - Started process (PID=6393) to work on /home/airflow/.local/lib/python3.7/site-packages/airflow/example_dags/example_xcomargs.py
[2024-09-18T20:57:57.649+0000] {processor.py:640} INFO - Processing file /home/airflow/.local/lib/python3.7/site-packages/airflow/example_dags/example_xcomargs.py for tasks to queue
[2024-09-18T20:57:57.649+0000] {logging_mixin.py:115} INFO - [2024-09-18T20:57:57.649+0000] {dagbag.py:508} INFO - Filling up the DagBag from /home/airflow/.local/lib/python3.7/site-packages/airflow/example_dags/example_xcomargs.py
[2024-09-18T20:57:57.657+0000] {processor.py:650} INFO - DAG(s) dict_keys(['example_xcom_args', 'example_xcom_args_with_operators']) retrieved from /home/airflow/.local/lib/python3.7/site-packages/airflow/example_dags/example_xcomargs.py
[2024-09-18T20:57:57.671+0000] {logging_mixin.py:115} INFO - [2024-09-18T20:57:57.671+0000] {dag.py:2429} INFO - Sync 2 DAGs
[2024-09-18T20:57:57.680+0000] {logging_mixin.py:115} INFO - [2024-09-18T20:57:57.680+0000] {dag.py:2981} INFO - Setting next_dagrun for example_xcom_args to None, run_after=None
[2024-09-18T20:57:57.682+0000] {logging_mixin.py:115} INFO - [2024-09-18T20:57:57.682+0000] {dag.py:2981} INFO - Setting next_dagrun for example_xcom_args_with_operators to None, run_after=None
[2024-09-18T20:57:57.689+0000] {processor.py:161} INFO - Processing /home/airflow/.local/lib/python3.7/site-packages/airflow/example_dags/example_xcomargs.py took 0.042 seconds
[2024-09-18T20:58:27.786+0000] {processor.py:153} INFO - Started process (PID=6591) to work on /home/airflow/.local/lib/python3.7/site-packages/airflow/example_dags/example_xcomargs.py
[2024-09-18T20:58:27.786+0000] {processor.py:640} INFO - Processing file /home/airflow/.local/lib/python3.7/site-packages/airflow/example_dags/example_xcomargs.py for tasks to queue
[2024-09-18T20:58:27.786+0000] {logging_mixin.py:115} INFO - [2024-09-18T20:58:27.786+0000] {dagbag.py:508} INFO - Filling up the DagBag from /home/airflow/.local/lib/python3.7/site-packages/airflow/example_dags/example_xcomargs.py
[2024-09-18T20:58:27.794+0000] {processor.py:650} INFO - DAG(s) dict_keys(['example_xcom_args', 'example_xcom_args_with_operators']) retrieved from /home/airflow/.local/lib/python3.7/site-packages/airflow/example_dags/example_xcomargs.py
[2024-09-18T20:58:27.828+0000] {logging_mixin.py:115} INFO - [2024-09-18T20:58:27.828+0000] {dag.py:2429} INFO - Sync 2 DAGs
[2024-09-18T20:58:27.839+0000] {logging_mixin.py:115} INFO - [2024-09-18T20:58:27.839+0000] {dag.py:2981} INFO - Setting next_dagrun for example_xcom_args to None, run_after=None
[2024-09-18T20:58:27.839+0000] {logging_mixin.py:115} INFO - [2024-09-18T20:58:27.839+0000] {dag.py:2981} INFO - Setting next_dagrun for example_xcom_args_with_operators to None, run_after=None
[2024-09-18T20:58:27.844+0000] {processor.py:161} INFO - Processing /home/airflow/.local/lib/python3.7/site-packages/airflow/example_dags/example_xcomargs.py took 0.060 seconds
[2024-09-18T20:58:58.077+0000] {processor.py:153} INFO - Started process (PID=6788) to work on /home/airflow/.local/lib/python3.7/site-packages/airflow/example_dags/example_xcomargs.py
[2024-09-18T20:58:58.077+0000] {processor.py:640} INFO - Processing file /home/airflow/.local/lib/python3.7/site-packages/airflow/example_dags/example_xcomargs.py for tasks to queue
[2024-09-18T20:58:58.078+0000] {logging_mixin.py:115} INFO - [2024-09-18T20:58:58.078+0000] {dagbag.py:508} INFO - Filling up the DagBag from /home/airflow/.local/lib/python3.7/site-packages/airflow/example_dags/example_xcomargs.py
[2024-09-18T20:58:58.086+0000] {processor.py:650} INFO - DAG(s) dict_keys(['example_xcom_args', 'example_xcom_args_with_operators']) retrieved from /home/airflow/.local/lib/python3.7/site-packages/airflow/example_dags/example_xcomargs.py
[2024-09-18T20:58:58.118+0000] {logging_mixin.py:115} INFO - [2024-09-18T20:58:58.118+0000] {dag.py:2429} INFO - Sync 2 DAGs
[2024-09-18T20:58:58.126+0000] {logging_mixin.py:115} INFO - [2024-09-18T20:58:58.126+0000] {dag.py:2981} INFO - Setting next_dagrun for example_xcom_args to None, run_after=None
[2024-09-18T20:58:58.126+0000] {logging_mixin.py:115} INFO - [2024-09-18T20:58:58.126+0000] {dag.py:2981} INFO - Setting next_dagrun for example_xcom_args_with_operators to None, run_after=None
[2024-09-18T20:58:58.131+0000] {processor.py:161} INFO - Processing /home/airflow/.local/lib/python3.7/site-packages/airflow/example_dags/example_xcomargs.py took 0.056 seconds
[2024-09-18T20:59:28.348+0000] {processor.py:153} INFO - Started process (PID=6983) to work on /home/airflow/.local/lib/python3.7/site-packages/airflow/example_dags/example_xcomargs.py
[2024-09-18T20:59:28.349+0000] {processor.py:640} INFO - Processing file /home/airflow/.local/lib/python3.7/site-packages/airflow/example_dags/example_xcomargs.py for tasks to queue
[2024-09-18T20:59:28.349+0000] {logging_mixin.py:115} INFO - [2024-09-18T20:59:28.349+0000] {dagbag.py:508} INFO - Filling up the DagBag from /home/airflow/.local/lib/python3.7/site-packages/airflow/example_dags/example_xcomargs.py
[2024-09-18T20:59:28.359+0000] {processor.py:650} INFO - DAG(s) dict_keys(['example_xcom_args', 'example_xcom_args_with_operators']) retrieved from /home/airflow/.local/lib/python3.7/site-packages/airflow/example_dags/example_xcomargs.py
[2024-09-18T20:59:28.394+0000] {logging_mixin.py:115} INFO - [2024-09-18T20:59:28.394+0000] {dag.py:2429} INFO - Sync 2 DAGs
[2024-09-18T20:59:28.406+0000] {logging_mixin.py:115} INFO - [2024-09-18T20:59:28.406+0000] {dag.py:2981} INFO - Setting next_dagrun for example_xcom_args to None, run_after=None
[2024-09-18T20:59:28.406+0000] {logging_mixin.py:115} INFO - [2024-09-18T20:59:28.406+0000] {dag.py:2981} INFO - Setting next_dagrun for example_xcom_args_with_operators to None, run_after=None
[2024-09-18T20:59:28.413+0000] {processor.py:161} INFO - Processing /home/airflow/.local/lib/python3.7/site-packages/airflow/example_dags/example_xcomargs.py took 0.066 seconds
[2024-09-18T20:59:58.532+0000] {processor.py:153} INFO - Started process (PID=7173) to work on /home/airflow/.local/lib/python3.7/site-packages/airflow/example_dags/example_xcomargs.py
[2024-09-18T20:59:58.532+0000] {processor.py:640} INFO - Processing file /home/airflow/.local/lib/python3.7/site-packages/airflow/example_dags/example_xcomargs.py for tasks to queue
[2024-09-18T20:59:58.533+0000] {logging_mixin.py:115} INFO - [2024-09-18T20:59:58.533+0000] {dagbag.py:508} INFO - Filling up the DagBag from /home/airflow/.local/lib/python3.7/site-packages/airflow/example_dags/example_xcomargs.py
[2024-09-18T20:59:58.540+0000] {processor.py:650} INFO - DAG(s) dict_keys(['example_xcom_args', 'example_xcom_args_with_operators']) retrieved from /home/airflow/.local/lib/python3.7/site-packages/airflow/example_dags/example_xcomargs.py
[2024-09-18T20:59:58.567+0000] {logging_mixin.py:115} INFO - [2024-09-18T20:59:58.566+0000] {dag.py:2429} INFO - Sync 2 DAGs
[2024-09-18T20:59:58.574+0000] {logging_mixin.py:115} INFO - [2024-09-18T20:59:58.574+0000] {dag.py:2981} INFO - Setting next_dagrun for example_xcom_args to None, run_after=None
[2024-09-18T20:59:58.574+0000] {logging_mixin.py:115} INFO - [2024-09-18T20:59:58.574+0000] {dag.py:2981} INFO - Setting next_dagrun for example_xcom_args_with_operators to None, run_after=None
[2024-09-18T20:59:58.578+0000] {processor.py:161} INFO - Processing /home/airflow/.local/lib/python3.7/site-packages/airflow/example_dags/example_xcomargs.py took 0.048 seconds
[2024-09-18T21:00:28.779+0000] {processor.py:153} INFO - Started process (PID=7368) to work on /home/airflow/.local/lib/python3.7/site-packages/airflow/example_dags/example_xcomargs.py
[2024-09-18T21:00:28.779+0000] {processor.py:640} INFO - Processing file /home/airflow/.local/lib/python3.7/site-packages/airflow/example_dags/example_xcomargs.py for tasks to queue
[2024-09-18T21:00:28.779+0000] {logging_mixin.py:115} INFO - [2024-09-18T21:00:28.779+0000] {dagbag.py:508} INFO - Filling up the DagBag from /home/airflow/.local/lib/python3.7/site-packages/airflow/example_dags/example_xcomargs.py
[2024-09-18T21:00:28.787+0000] {processor.py:650} INFO - DAG(s) dict_keys(['example_xcom_args', 'example_xcom_args_with_operators']) retrieved from /home/airflow/.local/lib/python3.7/site-packages/airflow/example_dags/example_xcomargs.py
[2024-09-18T21:00:28.807+0000] {logging_mixin.py:115} INFO - [2024-09-18T21:00:28.807+0000] {dag.py:2429} INFO - Sync 2 DAGs
[2024-09-18T21:00:28.816+0000] {logging_mixin.py:115} INFO - [2024-09-18T21:00:28.816+0000] {dag.py:2981} INFO - Setting next_dagrun for example_xcom_args to None, run_after=None
[2024-09-18T21:00:28.816+0000] {logging_mixin.py:115} INFO - [2024-09-18T21:00:28.816+0000] {dag.py:2981} INFO - Setting next_dagrun for example_xcom_args_with_operators to None, run_after=None
[2024-09-18T21:00:28.824+0000] {processor.py:161} INFO - Processing /home/airflow/.local/lib/python3.7/site-packages/airflow/example_dags/example_xcomargs.py took 0.047 seconds
