[2024-09-18T20:42:19.588+0000] {processor.py:153} INFO - Started process (PID=213) to work on /home/airflow/.local/lib/python3.7/site-packages/airflow/example_dags/tutorial.py
[2024-09-18T20:42:19.588+0000] {processor.py:640} INFO - Processing file /home/airflow/.local/lib/python3.7/site-packages/airflow/example_dags/tutorial.py for tasks to queue
[2024-09-18T20:42:19.589+0000] {logging_mixin.py:115} INFO - [2024-09-18T20:42:19.588+0000] {dagbag.py:508} INFO - Filling up the DagBag from /home/airflow/.local/lib/python3.7/site-packages/airflow/example_dags/tutorial.py
[2024-09-18T20:42:19.592+0000] {processor.py:650} INFO - DAG(s) dict_keys(['tutorial']) retrieved from /home/airflow/.local/lib/python3.7/site-packages/airflow/example_dags/tutorial.py
[2024-09-18T20:42:19.637+0000] {logging_mixin.py:115} INFO - [2024-09-18T20:42:19.637+0000] {manager.py:508} INFO - Created Permission View: can edit on DAG:tutorial
[2024-09-18T20:42:19.643+0000] {logging_mixin.py:115} INFO - [2024-09-18T20:42:19.643+0000] {manager.py:508} INFO - Created Permission View: can read on DAG:tutorial
[2024-09-18T20:42:19.647+0000] {logging_mixin.py:115} INFO - [2024-09-18T20:42:19.647+0000] {manager.py:508} INFO - Created Permission View: can delete on DAG:tutorial
[2024-09-18T20:42:19.647+0000] {logging_mixin.py:115} INFO - [2024-09-18T20:42:19.647+0000] {dag.py:2429} INFO - Sync 1 DAGs
[2024-09-18T20:42:19.652+0000] {logging_mixin.py:115} INFO - [2024-09-18T20:42:19.652+0000] {dag.py:2448} INFO - Creating ORM DAG for tutorial
[2024-09-18T20:42:19.660+0000] {logging_mixin.py:115} INFO - [2024-09-18T20:42:19.660+0000] {dag.py:2981} INFO - Setting next_dagrun for tutorial to 2024-09-17T20:42:19.660547+00:00, run_after=2024-09-18T20:42:19.660547+00:00
[2024-09-18T20:42:19.668+0000] {processor.py:161} INFO - Processing /home/airflow/.local/lib/python3.7/site-packages/airflow/example_dags/tutorial.py took 0.082 seconds
[2024-09-18T20:42:50.370+0000] {processor.py:153} INFO - Started process (PID=409) to work on /home/airflow/.local/lib/python3.7/site-packages/airflow/example_dags/tutorial.py
[2024-09-18T20:42:50.371+0000] {processor.py:640} INFO - Processing file /home/airflow/.local/lib/python3.7/site-packages/airflow/example_dags/tutorial.py for tasks to queue
[2024-09-18T20:42:50.371+0000] {logging_mixin.py:115} INFO - [2024-09-18T20:42:50.371+0000] {dagbag.py:508} INFO - Filling up the DagBag from /home/airflow/.local/lib/python3.7/site-packages/airflow/example_dags/tutorial.py
[2024-09-18T20:42:50.375+0000] {processor.py:650} INFO - DAG(s) dict_keys(['tutorial']) retrieved from /home/airflow/.local/lib/python3.7/site-packages/airflow/example_dags/tutorial.py
[2024-09-18T20:42:50.386+0000] {logging_mixin.py:115} INFO - [2024-09-18T20:42:50.386+0000] {dag.py:2429} INFO - Sync 1 DAGs
[2024-09-18T20:42:50.396+0000] {logging_mixin.py:115} INFO - [2024-09-18T20:42:50.396+0000] {dag.py:2981} INFO - Setting next_dagrun for tutorial to 2024-09-17T20:42:50.396677+00:00, run_after=2024-09-18T20:42:50.396677+00:00
[2024-09-18T20:42:50.407+0000] {processor.py:161} INFO - Processing /home/airflow/.local/lib/python3.7/site-packages/airflow/example_dags/tutorial.py took 0.038 seconds
[2024-09-18T20:43:20.573+0000] {processor.py:153} INFO - Started process (PID=606) to work on /home/airflow/.local/lib/python3.7/site-packages/airflow/example_dags/tutorial.py
[2024-09-18T20:43:20.574+0000] {processor.py:640} INFO - Processing file /home/airflow/.local/lib/python3.7/site-packages/airflow/example_dags/tutorial.py for tasks to queue
[2024-09-18T20:43:20.574+0000] {logging_mixin.py:115} INFO - [2024-09-18T20:43:20.574+0000] {dagbag.py:508} INFO - Filling up the DagBag from /home/airflow/.local/lib/python3.7/site-packages/airflow/example_dags/tutorial.py
[2024-09-18T20:43:20.577+0000] {processor.py:650} INFO - DAG(s) dict_keys(['tutorial']) retrieved from /home/airflow/.local/lib/python3.7/site-packages/airflow/example_dags/tutorial.py
[2024-09-18T20:43:20.587+0000] {logging_mixin.py:115} INFO - [2024-09-18T20:43:20.587+0000] {dag.py:2429} INFO - Sync 1 DAGs
[2024-09-18T20:43:20.598+0000] {logging_mixin.py:115} INFO - [2024-09-18T20:43:20.598+0000] {dag.py:2981} INFO - Setting next_dagrun for tutorial to 2024-09-17T20:43:20.598556+00:00, run_after=2024-09-18T20:43:20.598556+00:00
[2024-09-18T20:43:20.603+0000] {processor.py:161} INFO - Processing /home/airflow/.local/lib/python3.7/site-packages/airflow/example_dags/tutorial.py took 0.031 seconds
[2024-09-18T20:43:50.776+0000] {processor.py:153} INFO - Started process (PID=803) to work on /home/airflow/.local/lib/python3.7/site-packages/airflow/example_dags/tutorial.py
[2024-09-18T20:43:50.777+0000] {processor.py:640} INFO - Processing file /home/airflow/.local/lib/python3.7/site-packages/airflow/example_dags/tutorial.py for tasks to queue
[2024-09-18T20:43:50.777+0000] {logging_mixin.py:115} INFO - [2024-09-18T20:43:50.777+0000] {dagbag.py:508} INFO - Filling up the DagBag from /home/airflow/.local/lib/python3.7/site-packages/airflow/example_dags/tutorial.py
[2024-09-18T20:43:50.781+0000] {processor.py:650} INFO - DAG(s) dict_keys(['tutorial']) retrieved from /home/airflow/.local/lib/python3.7/site-packages/airflow/example_dags/tutorial.py
[2024-09-18T20:43:50.800+0000] {logging_mixin.py:115} INFO - [2024-09-18T20:43:50.800+0000] {dag.py:2429} INFO - Sync 1 DAGs
[2024-09-18T20:43:50.815+0000] {logging_mixin.py:115} INFO - [2024-09-18T20:43:50.815+0000] {dag.py:2981} INFO - Setting next_dagrun for tutorial to 2024-09-17T20:43:50.815139+00:00, run_after=2024-09-18T20:43:50.815139+00:00
[2024-09-18T20:43:50.823+0000] {processor.py:161} INFO - Processing /home/airflow/.local/lib/python3.7/site-packages/airflow/example_dags/tutorial.py took 0.048 seconds
[2024-09-18T20:44:20.964+0000] {processor.py:153} INFO - Started process (PID=1009) to work on /home/airflow/.local/lib/python3.7/site-packages/airflow/example_dags/tutorial.py
[2024-09-18T20:44:20.966+0000] {processor.py:640} INFO - Processing file /home/airflow/.local/lib/python3.7/site-packages/airflow/example_dags/tutorial.py for tasks to queue
[2024-09-18T20:44:20.966+0000] {logging_mixin.py:115} INFO - [2024-09-18T20:44:20.966+0000] {dagbag.py:508} INFO - Filling up the DagBag from /home/airflow/.local/lib/python3.7/site-packages/airflow/example_dags/tutorial.py
[2024-09-18T20:44:20.969+0000] {processor.py:650} INFO - DAG(s) dict_keys(['tutorial']) retrieved from /home/airflow/.local/lib/python3.7/site-packages/airflow/example_dags/tutorial.py
[2024-09-18T20:44:20.980+0000] {logging_mixin.py:115} INFO - [2024-09-18T20:44:20.980+0000] {dag.py:2429} INFO - Sync 1 DAGs
[2024-09-18T20:44:20.994+0000] {logging_mixin.py:115} INFO - [2024-09-18T20:44:20.994+0000] {dag.py:2981} INFO - Setting next_dagrun for tutorial to 2024-09-17T20:44:20.994301+00:00, run_after=2024-09-18T20:44:20.994301+00:00
[2024-09-18T20:44:21.000+0000] {processor.py:161} INFO - Processing /home/airflow/.local/lib/python3.7/site-packages/airflow/example_dags/tutorial.py took 0.038 seconds
[2024-09-18T20:44:51.198+0000] {processor.py:153} INFO - Started process (PID=1206) to work on /home/airflow/.local/lib/python3.7/site-packages/airflow/example_dags/tutorial.py
[2024-09-18T20:44:51.198+0000] {processor.py:640} INFO - Processing file /home/airflow/.local/lib/python3.7/site-packages/airflow/example_dags/tutorial.py for tasks to queue
[2024-09-18T20:44:51.200+0000] {logging_mixin.py:115} INFO - [2024-09-18T20:44:51.200+0000] {dagbag.py:508} INFO - Filling up the DagBag from /home/airflow/.local/lib/python3.7/site-packages/airflow/example_dags/tutorial.py
[2024-09-18T20:44:51.202+0000] {processor.py:650} INFO - DAG(s) dict_keys(['tutorial']) retrieved from /home/airflow/.local/lib/python3.7/site-packages/airflow/example_dags/tutorial.py
[2024-09-18T20:44:51.213+0000] {logging_mixin.py:115} INFO - [2024-09-18T20:44:51.213+0000] {dag.py:2429} INFO - Sync 1 DAGs
[2024-09-18T20:44:51.224+0000] {logging_mixin.py:115} INFO - [2024-09-18T20:44:51.224+0000] {dag.py:2981} INFO - Setting next_dagrun for tutorial to 2024-09-17T20:44:51.223943+00:00, run_after=2024-09-18T20:44:51.223943+00:00
[2024-09-18T20:44:51.228+0000] {processor.py:161} INFO - Processing /home/airflow/.local/lib/python3.7/site-packages/airflow/example_dags/tutorial.py took 0.032 seconds
[2024-09-18T20:45:21.396+0000] {processor.py:153} INFO - Started process (PID=1403) to work on /home/airflow/.local/lib/python3.7/site-packages/airflow/example_dags/tutorial.py
[2024-09-18T20:45:21.398+0000] {processor.py:640} INFO - Processing file /home/airflow/.local/lib/python3.7/site-packages/airflow/example_dags/tutorial.py for tasks to queue
[2024-09-18T20:45:21.398+0000] {logging_mixin.py:115} INFO - [2024-09-18T20:45:21.398+0000] {dagbag.py:508} INFO - Filling up the DagBag from /home/airflow/.local/lib/python3.7/site-packages/airflow/example_dags/tutorial.py
[2024-09-18T20:45:21.401+0000] {processor.py:650} INFO - DAG(s) dict_keys(['tutorial']) retrieved from /home/airflow/.local/lib/python3.7/site-packages/airflow/example_dags/tutorial.py
[2024-09-18T20:45:21.412+0000] {logging_mixin.py:115} INFO - [2024-09-18T20:45:21.412+0000] {dag.py:2429} INFO - Sync 1 DAGs
[2024-09-18T20:45:21.425+0000] {logging_mixin.py:115} INFO - [2024-09-18T20:45:21.425+0000] {dag.py:2981} INFO - Setting next_dagrun for tutorial to 2024-09-17T20:45:21.425431+00:00, run_after=2024-09-18T20:45:21.425431+00:00
[2024-09-18T20:45:21.430+0000] {processor.py:161} INFO - Processing /home/airflow/.local/lib/python3.7/site-packages/airflow/example_dags/tutorial.py took 0.035 seconds
[2024-09-18T20:45:51.595+0000] {processor.py:153} INFO - Started process (PID=1599) to work on /home/airflow/.local/lib/python3.7/site-packages/airflow/example_dags/tutorial.py
[2024-09-18T20:45:51.595+0000] {processor.py:640} INFO - Processing file /home/airflow/.local/lib/python3.7/site-packages/airflow/example_dags/tutorial.py for tasks to queue
[2024-09-18T20:45:51.597+0000] {logging_mixin.py:115} INFO - [2024-09-18T20:45:51.597+0000] {dagbag.py:508} INFO - Filling up the DagBag from /home/airflow/.local/lib/python3.7/site-packages/airflow/example_dags/tutorial.py
[2024-09-18T20:45:51.599+0000] {processor.py:650} INFO - DAG(s) dict_keys(['tutorial']) retrieved from /home/airflow/.local/lib/python3.7/site-packages/airflow/example_dags/tutorial.py
[2024-09-18T20:45:51.611+0000] {logging_mixin.py:115} INFO - [2024-09-18T20:45:51.611+0000] {dag.py:2429} INFO - Sync 1 DAGs
[2024-09-18T20:45:51.624+0000] {logging_mixin.py:115} INFO - [2024-09-18T20:45:51.624+0000] {dag.py:2981} INFO - Setting next_dagrun for tutorial to 2024-09-17T20:45:51.623411+00:00, run_after=2024-09-18T20:45:51.623411+00:00
[2024-09-18T20:45:51.629+0000] {processor.py:161} INFO - Processing /home/airflow/.local/lib/python3.7/site-packages/airflow/example_dags/tutorial.py took 0.036 seconds
[2024-09-18T20:46:21.825+0000] {processor.py:153} INFO - Started process (PID=1796) to work on /home/airflow/.local/lib/python3.7/site-packages/airflow/example_dags/tutorial.py
[2024-09-18T20:46:21.825+0000] {processor.py:640} INFO - Processing file /home/airflow/.local/lib/python3.7/site-packages/airflow/example_dags/tutorial.py for tasks to queue
[2024-09-18T20:46:21.826+0000] {logging_mixin.py:115} INFO - [2024-09-18T20:46:21.826+0000] {dagbag.py:508} INFO - Filling up the DagBag from /home/airflow/.local/lib/python3.7/site-packages/airflow/example_dags/tutorial.py
[2024-09-18T20:46:21.828+0000] {processor.py:650} INFO - DAG(s) dict_keys(['tutorial']) retrieved from /home/airflow/.local/lib/python3.7/site-packages/airflow/example_dags/tutorial.py
[2024-09-18T20:46:21.843+0000] {logging_mixin.py:115} INFO - [2024-09-18T20:46:21.843+0000] {dag.py:2429} INFO - Sync 1 DAGs
[2024-09-18T20:46:21.856+0000] {logging_mixin.py:115} INFO - [2024-09-18T20:46:21.855+0000] {dag.py:2981} INFO - Setting next_dagrun for tutorial to 2024-09-17T20:46:21.855620+00:00, run_after=2024-09-18T20:46:21.855620+00:00
[2024-09-18T20:46:21.868+0000] {processor.py:161} INFO - Processing /home/airflow/.local/lib/python3.7/site-packages/airflow/example_dags/tutorial.py took 0.045 seconds
[2024-09-18T20:46:52.067+0000] {processor.py:153} INFO - Started process (PID=1991) to work on /home/airflow/.local/lib/python3.7/site-packages/airflow/example_dags/tutorial.py
[2024-09-18T20:46:52.068+0000] {processor.py:640} INFO - Processing file /home/airflow/.local/lib/python3.7/site-packages/airflow/example_dags/tutorial.py for tasks to queue
[2024-09-18T20:46:52.068+0000] {logging_mixin.py:115} INFO - [2024-09-18T20:46:52.068+0000] {dagbag.py:508} INFO - Filling up the DagBag from /home/airflow/.local/lib/python3.7/site-packages/airflow/example_dags/tutorial.py
[2024-09-18T20:46:52.071+0000] {processor.py:650} INFO - DAG(s) dict_keys(['tutorial']) retrieved from /home/airflow/.local/lib/python3.7/site-packages/airflow/example_dags/tutorial.py
[2024-09-18T20:46:52.083+0000] {logging_mixin.py:115} INFO - [2024-09-18T20:46:52.083+0000] {dag.py:2429} INFO - Sync 1 DAGs
[2024-09-18T20:46:52.096+0000] {logging_mixin.py:115} INFO - [2024-09-18T20:46:52.096+0000] {dag.py:2981} INFO - Setting next_dagrun for tutorial to 2024-09-17T20:46:52.096262+00:00, run_after=2024-09-18T20:46:52.096262+00:00
[2024-09-18T20:46:52.103+0000] {processor.py:161} INFO - Processing /home/airflow/.local/lib/python3.7/site-packages/airflow/example_dags/tutorial.py took 0.037 seconds
[2024-09-18T20:47:22.370+0000] {processor.py:153} INFO - Started process (PID=2181) to work on /home/airflow/.local/lib/python3.7/site-packages/airflow/example_dags/tutorial.py
[2024-09-18T20:47:22.371+0000] {processor.py:640} INFO - Processing file /home/airflow/.local/lib/python3.7/site-packages/airflow/example_dags/tutorial.py for tasks to queue
[2024-09-18T20:47:22.371+0000] {logging_mixin.py:115} INFO - [2024-09-18T20:47:22.371+0000] {dagbag.py:508} INFO - Filling up the DagBag from /home/airflow/.local/lib/python3.7/site-packages/airflow/example_dags/tutorial.py
[2024-09-18T20:47:22.373+0000] {processor.py:650} INFO - DAG(s) dict_keys(['tutorial']) retrieved from /home/airflow/.local/lib/python3.7/site-packages/airflow/example_dags/tutorial.py
[2024-09-18T20:47:22.384+0000] {logging_mixin.py:115} INFO - [2024-09-18T20:47:22.384+0000] {dag.py:2429} INFO - Sync 1 DAGs
[2024-09-18T20:47:22.394+0000] {logging_mixin.py:115} INFO - [2024-09-18T20:47:22.394+0000] {dag.py:2981} INFO - Setting next_dagrun for tutorial to 2024-09-17T20:47:22.394195+00:00, run_after=2024-09-18T20:47:22.394195+00:00
[2024-09-18T20:47:22.398+0000] {processor.py:161} INFO - Processing /home/airflow/.local/lib/python3.7/site-packages/airflow/example_dags/tutorial.py took 0.030 seconds
[2024-09-18T20:47:52.554+0000] {processor.py:153} INFO - Started process (PID=2378) to work on /home/airflow/.local/lib/python3.7/site-packages/airflow/example_dags/tutorial.py
[2024-09-18T20:47:52.555+0000] {processor.py:640} INFO - Processing file /home/airflow/.local/lib/python3.7/site-packages/airflow/example_dags/tutorial.py for tasks to queue
[2024-09-18T20:47:52.556+0000] {logging_mixin.py:115} INFO - [2024-09-18T20:47:52.556+0000] {dagbag.py:508} INFO - Filling up the DagBag from /home/airflow/.local/lib/python3.7/site-packages/airflow/example_dags/tutorial.py
[2024-09-18T20:47:52.558+0000] {processor.py:650} INFO - DAG(s) dict_keys(['tutorial']) retrieved from /home/airflow/.local/lib/python3.7/site-packages/airflow/example_dags/tutorial.py
[2024-09-18T20:47:52.569+0000] {logging_mixin.py:115} INFO - [2024-09-18T20:47:52.569+0000] {dag.py:2429} INFO - Sync 1 DAGs
[2024-09-18T20:47:52.580+0000] {logging_mixin.py:115} INFO - [2024-09-18T20:47:52.580+0000] {dag.py:2981} INFO - Setting next_dagrun for tutorial to 2024-09-17T20:47:52.580064+00:00, run_after=2024-09-18T20:47:52.580064+00:00
[2024-09-18T20:47:52.584+0000] {processor.py:161} INFO - Processing /home/airflow/.local/lib/python3.7/site-packages/airflow/example_dags/tutorial.py took 0.032 seconds
[2024-09-18T20:48:22.728+0000] {processor.py:153} INFO - Started process (PID=2575) to work on /home/airflow/.local/lib/python3.7/site-packages/airflow/example_dags/tutorial.py
[2024-09-18T20:48:22.730+0000] {processor.py:640} INFO - Processing file /home/airflow/.local/lib/python3.7/site-packages/airflow/example_dags/tutorial.py for tasks to queue
[2024-09-18T20:48:22.730+0000] {logging_mixin.py:115} INFO - [2024-09-18T20:48:22.730+0000] {dagbag.py:508} INFO - Filling up the DagBag from /home/airflow/.local/lib/python3.7/site-packages/airflow/example_dags/tutorial.py
[2024-09-18T20:48:22.734+0000] {processor.py:650} INFO - DAG(s) dict_keys(['tutorial']) retrieved from /home/airflow/.local/lib/python3.7/site-packages/airflow/example_dags/tutorial.py
[2024-09-18T20:48:22.747+0000] {logging_mixin.py:115} INFO - [2024-09-18T20:48:22.747+0000] {dag.py:2429} INFO - Sync 1 DAGs
[2024-09-18T20:48:22.758+0000] {logging_mixin.py:115} INFO - [2024-09-18T20:48:22.757+0000] {dag.py:2981} INFO - Setting next_dagrun for tutorial to 2024-09-17T20:48:22.757831+00:00, run_after=2024-09-18T20:48:22.757831+00:00
[2024-09-18T20:48:22.765+0000] {processor.py:161} INFO - Processing /home/airflow/.local/lib/python3.7/site-packages/airflow/example_dags/tutorial.py took 0.038 seconds
[2024-09-18T20:48:52.850+0000] {processor.py:153} INFO - Started process (PID=2772) to work on /home/airflow/.local/lib/python3.7/site-packages/airflow/example_dags/tutorial.py
[2024-09-18T20:48:52.850+0000] {processor.py:640} INFO - Processing file /home/airflow/.local/lib/python3.7/site-packages/airflow/example_dags/tutorial.py for tasks to queue
[2024-09-18T20:48:52.850+0000] {logging_mixin.py:115} INFO - [2024-09-18T20:48:52.850+0000] {dagbag.py:508} INFO - Filling up the DagBag from /home/airflow/.local/lib/python3.7/site-packages/airflow/example_dags/tutorial.py
[2024-09-18T20:48:52.853+0000] {processor.py:650} INFO - DAG(s) dict_keys(['tutorial']) retrieved from /home/airflow/.local/lib/python3.7/site-packages/airflow/example_dags/tutorial.py
[2024-09-18T20:48:52.863+0000] {logging_mixin.py:115} INFO - [2024-09-18T20:48:52.863+0000] {dag.py:2429} INFO - Sync 1 DAGs
[2024-09-18T20:48:52.873+0000] {logging_mixin.py:115} INFO - [2024-09-18T20:48:52.873+0000] {dag.py:2981} INFO - Setting next_dagrun for tutorial to 2024-09-17T20:48:52.873611+00:00, run_after=2024-09-18T20:48:52.873611+00:00
[2024-09-18T20:48:52.878+0000] {processor.py:161} INFO - Processing /home/airflow/.local/lib/python3.7/site-packages/airflow/example_dags/tutorial.py took 0.029 seconds
[2024-09-18T20:49:23.099+0000] {processor.py:153} INFO - Started process (PID=2969) to work on /home/airflow/.local/lib/python3.7/site-packages/airflow/example_dags/tutorial.py
[2024-09-18T20:49:23.099+0000] {processor.py:640} INFO - Processing file /home/airflow/.local/lib/python3.7/site-packages/airflow/example_dags/tutorial.py for tasks to queue
[2024-09-18T20:49:23.099+0000] {logging_mixin.py:115} INFO - [2024-09-18T20:49:23.099+0000] {dagbag.py:508} INFO - Filling up the DagBag from /home/airflow/.local/lib/python3.7/site-packages/airflow/example_dags/tutorial.py
[2024-09-18T20:49:23.101+0000] {processor.py:650} INFO - DAG(s) dict_keys(['tutorial']) retrieved from /home/airflow/.local/lib/python3.7/site-packages/airflow/example_dags/tutorial.py
[2024-09-18T20:49:23.112+0000] {logging_mixin.py:115} INFO - [2024-09-18T20:49:23.112+0000] {dag.py:2429} INFO - Sync 1 DAGs
[2024-09-18T20:49:23.122+0000] {logging_mixin.py:115} INFO - [2024-09-18T20:49:23.122+0000] {dag.py:2981} INFO - Setting next_dagrun for tutorial to 2024-09-17T20:49:23.121991+00:00, run_after=2024-09-18T20:49:23.121991+00:00
[2024-09-18T20:49:23.126+0000] {processor.py:161} INFO - Processing /home/airflow/.local/lib/python3.7/site-packages/airflow/example_dags/tutorial.py took 0.029 seconds
[2024-09-18T20:49:53.301+0000] {processor.py:153} INFO - Started process (PID=3165) to work on /home/airflow/.local/lib/python3.7/site-packages/airflow/example_dags/tutorial.py
[2024-09-18T20:49:53.302+0000] {processor.py:640} INFO - Processing file /home/airflow/.local/lib/python3.7/site-packages/airflow/example_dags/tutorial.py for tasks to queue
[2024-09-18T20:49:53.302+0000] {logging_mixin.py:115} INFO - [2024-09-18T20:49:53.302+0000] {dagbag.py:508} INFO - Filling up the DagBag from /home/airflow/.local/lib/python3.7/site-packages/airflow/example_dags/tutorial.py
[2024-09-18T20:49:53.307+0000] {processor.py:650} INFO - DAG(s) dict_keys(['tutorial']) retrieved from /home/airflow/.local/lib/python3.7/site-packages/airflow/example_dags/tutorial.py
[2024-09-18T20:49:53.322+0000] {logging_mixin.py:115} INFO - [2024-09-18T20:49:53.321+0000] {dag.py:2429} INFO - Sync 1 DAGs
[2024-09-18T20:49:53.337+0000] {logging_mixin.py:115} INFO - [2024-09-18T20:49:53.337+0000] {dag.py:2981} INFO - Setting next_dagrun for tutorial to 2024-09-17T20:49:53.337226+00:00, run_after=2024-09-18T20:49:53.337226+00:00
[2024-09-18T20:49:53.344+0000] {processor.py:161} INFO - Processing /home/airflow/.local/lib/python3.7/site-packages/airflow/example_dags/tutorial.py took 0.043 seconds
[2024-09-18T20:50:23.579+0000] {processor.py:153} INFO - Started process (PID=3355) to work on /home/airflow/.local/lib/python3.7/site-packages/airflow/example_dags/tutorial.py
[2024-09-18T20:50:23.580+0000] {processor.py:640} INFO - Processing file /home/airflow/.local/lib/python3.7/site-packages/airflow/example_dags/tutorial.py for tasks to queue
[2024-09-18T20:50:23.581+0000] {logging_mixin.py:115} INFO - [2024-09-18T20:50:23.581+0000] {dagbag.py:508} INFO - Filling up the DagBag from /home/airflow/.local/lib/python3.7/site-packages/airflow/example_dags/tutorial.py
[2024-09-18T20:50:23.585+0000] {processor.py:650} INFO - DAG(s) dict_keys(['tutorial']) retrieved from /home/airflow/.local/lib/python3.7/site-packages/airflow/example_dags/tutorial.py
[2024-09-18T20:50:23.598+0000] {logging_mixin.py:115} INFO - [2024-09-18T20:50:23.598+0000] {dag.py:2429} INFO - Sync 1 DAGs
[2024-09-18T20:50:23.613+0000] {logging_mixin.py:115} INFO - [2024-09-18T20:50:23.612+0000] {dag.py:2981} INFO - Setting next_dagrun for tutorial to 2024-09-17T20:50:23.612826+00:00, run_after=2024-09-18T20:50:23.612826+00:00
[2024-09-18T20:50:23.618+0000] {processor.py:161} INFO - Processing /home/airflow/.local/lib/python3.7/site-packages/airflow/example_dags/tutorial.py took 0.041 seconds
[2024-09-18T20:50:53.908+0000] {processor.py:153} INFO - Started process (PID=3554) to work on /home/airflow/.local/lib/python3.7/site-packages/airflow/example_dags/tutorial.py
[2024-09-18T20:50:53.909+0000] {processor.py:640} INFO - Processing file /home/airflow/.local/lib/python3.7/site-packages/airflow/example_dags/tutorial.py for tasks to queue
[2024-09-18T20:50:53.909+0000] {logging_mixin.py:115} INFO - [2024-09-18T20:50:53.909+0000] {dagbag.py:508} INFO - Filling up the DagBag from /home/airflow/.local/lib/python3.7/site-packages/airflow/example_dags/tutorial.py
[2024-09-18T20:50:53.911+0000] {processor.py:650} INFO - DAG(s) dict_keys(['tutorial']) retrieved from /home/airflow/.local/lib/python3.7/site-packages/airflow/example_dags/tutorial.py
[2024-09-18T20:50:53.925+0000] {logging_mixin.py:115} INFO - [2024-09-18T20:50:53.925+0000] {dag.py:2429} INFO - Sync 1 DAGs
[2024-09-18T20:50:53.939+0000] {logging_mixin.py:115} INFO - [2024-09-18T20:50:53.939+0000] {dag.py:2981} INFO - Setting next_dagrun for tutorial to 2024-09-17T20:50:53.939093+00:00, run_after=2024-09-18T20:50:53.939093+00:00
[2024-09-18T20:50:53.945+0000] {processor.py:161} INFO - Processing /home/airflow/.local/lib/python3.7/site-packages/airflow/example_dags/tutorial.py took 0.038 seconds
[2024-09-18T20:51:24.078+0000] {processor.py:153} INFO - Started process (PID=3749) to work on /home/airflow/.local/lib/python3.7/site-packages/airflow/example_dags/tutorial.py
[2024-09-18T20:51:24.079+0000] {processor.py:640} INFO - Processing file /home/airflow/.local/lib/python3.7/site-packages/airflow/example_dags/tutorial.py for tasks to queue
[2024-09-18T20:51:24.079+0000] {logging_mixin.py:115} INFO - [2024-09-18T20:51:24.079+0000] {dagbag.py:508} INFO - Filling up the DagBag from /home/airflow/.local/lib/python3.7/site-packages/airflow/example_dags/tutorial.py
[2024-09-18T20:51:24.082+0000] {processor.py:650} INFO - DAG(s) dict_keys(['tutorial']) retrieved from /home/airflow/.local/lib/python3.7/site-packages/airflow/example_dags/tutorial.py
[2024-09-18T20:51:24.092+0000] {logging_mixin.py:115} INFO - [2024-09-18T20:51:24.092+0000] {dag.py:2429} INFO - Sync 1 DAGs
[2024-09-18T20:51:24.103+0000] {logging_mixin.py:115} INFO - [2024-09-18T20:51:24.103+0000] {dag.py:2981} INFO - Setting next_dagrun for tutorial to 2024-09-17T20:51:24.103210+00:00, run_after=2024-09-18T20:51:24.103210+00:00
[2024-09-18T20:51:24.107+0000] {processor.py:161} INFO - Processing /home/airflow/.local/lib/python3.7/site-packages/airflow/example_dags/tutorial.py took 0.031 seconds
[2024-09-18T20:51:54.256+0000] {processor.py:153} INFO - Started process (PID=3948) to work on /home/airflow/.local/lib/python3.7/site-packages/airflow/example_dags/tutorial.py
[2024-09-18T20:51:54.256+0000] {processor.py:640} INFO - Processing file /home/airflow/.local/lib/python3.7/site-packages/airflow/example_dags/tutorial.py for tasks to queue
[2024-09-18T20:51:54.257+0000] {logging_mixin.py:115} INFO - [2024-09-18T20:51:54.257+0000] {dagbag.py:508} INFO - Filling up the DagBag from /home/airflow/.local/lib/python3.7/site-packages/airflow/example_dags/tutorial.py
[2024-09-18T20:51:54.259+0000] {processor.py:650} INFO - DAG(s) dict_keys(['tutorial']) retrieved from /home/airflow/.local/lib/python3.7/site-packages/airflow/example_dags/tutorial.py
[2024-09-18T20:51:54.271+0000] {logging_mixin.py:115} INFO - [2024-09-18T20:51:54.271+0000] {dag.py:2429} INFO - Sync 1 DAGs
[2024-09-18T20:51:54.281+0000] {logging_mixin.py:115} INFO - [2024-09-18T20:51:54.281+0000] {dag.py:2981} INFO - Setting next_dagrun for tutorial to 2024-09-17T20:51:54.281542+00:00, run_after=2024-09-18T20:51:54.281542+00:00
[2024-09-18T20:51:54.286+0000] {processor.py:161} INFO - Processing /home/airflow/.local/lib/python3.7/site-packages/airflow/example_dags/tutorial.py took 0.031 seconds
[2024-09-18T20:52:24.377+0000] {processor.py:153} INFO - Started process (PID=4141) to work on /home/airflow/.local/lib/python3.7/site-packages/airflow/example_dags/tutorial.py
[2024-09-18T20:52:24.378+0000] {processor.py:640} INFO - Processing file /home/airflow/.local/lib/python3.7/site-packages/airflow/example_dags/tutorial.py for tasks to queue
[2024-09-18T20:52:24.379+0000] {logging_mixin.py:115} INFO - [2024-09-18T20:52:24.379+0000] {dagbag.py:508} INFO - Filling up the DagBag from /home/airflow/.local/lib/python3.7/site-packages/airflow/example_dags/tutorial.py
[2024-09-18T20:52:24.381+0000] {processor.py:650} INFO - DAG(s) dict_keys(['tutorial']) retrieved from /home/airflow/.local/lib/python3.7/site-packages/airflow/example_dags/tutorial.py
[2024-09-18T20:52:24.393+0000] {logging_mixin.py:115} INFO - [2024-09-18T20:52:24.393+0000] {dag.py:2429} INFO - Sync 1 DAGs
[2024-09-18T20:52:24.403+0000] {logging_mixin.py:115} INFO - [2024-09-18T20:52:24.403+0000] {dag.py:2981} INFO - Setting next_dagrun for tutorial to 2024-09-17T20:52:24.403793+00:00, run_after=2024-09-18T20:52:24.403793+00:00
[2024-09-18T20:52:24.408+0000] {processor.py:161} INFO - Processing /home/airflow/.local/lib/python3.7/site-packages/airflow/example_dags/tutorial.py took 0.032 seconds
[2024-09-18T20:52:54.455+0000] {processor.py:153} INFO - Started process (PID=4338) to work on /home/airflow/.local/lib/python3.7/site-packages/airflow/example_dags/tutorial.py
[2024-09-18T20:52:54.456+0000] {processor.py:640} INFO - Processing file /home/airflow/.local/lib/python3.7/site-packages/airflow/example_dags/tutorial.py for tasks to queue
[2024-09-18T20:52:54.457+0000] {logging_mixin.py:115} INFO - [2024-09-18T20:52:54.457+0000] {dagbag.py:508} INFO - Filling up the DagBag from /home/airflow/.local/lib/python3.7/site-packages/airflow/example_dags/tutorial.py
[2024-09-18T20:52:54.459+0000] {processor.py:650} INFO - DAG(s) dict_keys(['tutorial']) retrieved from /home/airflow/.local/lib/python3.7/site-packages/airflow/example_dags/tutorial.py
[2024-09-18T20:52:54.471+0000] {logging_mixin.py:115} INFO - [2024-09-18T20:52:54.471+0000] {dag.py:2429} INFO - Sync 1 DAGs
[2024-09-18T20:52:54.483+0000] {logging_mixin.py:115} INFO - [2024-09-18T20:52:54.483+0000] {dag.py:2981} INFO - Setting next_dagrun for tutorial to 2024-09-17T20:52:54.482902+00:00, run_after=2024-09-18T20:52:54.482902+00:00
[2024-09-18T20:52:54.488+0000] {processor.py:161} INFO - Processing /home/airflow/.local/lib/python3.7/site-packages/airflow/example_dags/tutorial.py took 0.035 seconds
[2024-09-18T20:53:24.646+0000] {processor.py:153} INFO - Started process (PID=4528) to work on /home/airflow/.local/lib/python3.7/site-packages/airflow/example_dags/tutorial.py
[2024-09-18T20:53:24.646+0000] {processor.py:640} INFO - Processing file /home/airflow/.local/lib/python3.7/site-packages/airflow/example_dags/tutorial.py for tasks to queue
[2024-09-18T20:53:24.646+0000] {logging_mixin.py:115} INFO - [2024-09-18T20:53:24.646+0000] {dagbag.py:508} INFO - Filling up the DagBag from /home/airflow/.local/lib/python3.7/site-packages/airflow/example_dags/tutorial.py
[2024-09-18T20:53:24.649+0000] {processor.py:650} INFO - DAG(s) dict_keys(['tutorial']) retrieved from /home/airflow/.local/lib/python3.7/site-packages/airflow/example_dags/tutorial.py
[2024-09-18T20:53:24.659+0000] {logging_mixin.py:115} INFO - [2024-09-18T20:53:24.659+0000] {dag.py:2429} INFO - Sync 1 DAGs
[2024-09-18T20:53:24.669+0000] {logging_mixin.py:115} INFO - [2024-09-18T20:53:24.669+0000] {dag.py:2981} INFO - Setting next_dagrun for tutorial to 2024-09-17T20:53:24.669420+00:00, run_after=2024-09-18T20:53:24.669420+00:00
[2024-09-18T20:53:24.674+0000] {processor.py:161} INFO - Processing /home/airflow/.local/lib/python3.7/site-packages/airflow/example_dags/tutorial.py took 0.029 seconds
[2024-09-18T20:53:54.686+0000] {processor.py:153} INFO - Started process (PID=4723) to work on /home/airflow/.local/lib/python3.7/site-packages/airflow/example_dags/tutorial.py
[2024-09-18T20:53:54.687+0000] {processor.py:640} INFO - Processing file /home/airflow/.local/lib/python3.7/site-packages/airflow/example_dags/tutorial.py for tasks to queue
[2024-09-18T20:53:54.687+0000] {logging_mixin.py:115} INFO - [2024-09-18T20:53:54.687+0000] {dagbag.py:508} INFO - Filling up the DagBag from /home/airflow/.local/lib/python3.7/site-packages/airflow/example_dags/tutorial.py
[2024-09-18T20:53:54.689+0000] {processor.py:650} INFO - DAG(s) dict_keys(['tutorial']) retrieved from /home/airflow/.local/lib/python3.7/site-packages/airflow/example_dags/tutorial.py
[2024-09-18T20:53:54.700+0000] {logging_mixin.py:115} INFO - [2024-09-18T20:53:54.700+0000] {dag.py:2429} INFO - Sync 1 DAGs
[2024-09-18T20:53:54.717+0000] {logging_mixin.py:115} INFO - [2024-09-18T20:53:54.717+0000] {dag.py:2981} INFO - Setting next_dagrun for tutorial to 2024-09-17T20:53:54.717411+00:00, run_after=2024-09-18T20:53:54.717411+00:00
[2024-09-18T20:53:54.730+0000] {processor.py:161} INFO - Processing /home/airflow/.local/lib/python3.7/site-packages/airflow/example_dags/tutorial.py took 0.045 seconds
[2024-09-18T20:54:24.822+0000] {processor.py:153} INFO - Started process (PID=4920) to work on /home/airflow/.local/lib/python3.7/site-packages/airflow/example_dags/tutorial.py
[2024-09-18T20:54:24.822+0000] {processor.py:640} INFO - Processing file /home/airflow/.local/lib/python3.7/site-packages/airflow/example_dags/tutorial.py for tasks to queue
[2024-09-18T20:54:24.823+0000] {logging_mixin.py:115} INFO - [2024-09-18T20:54:24.823+0000] {dagbag.py:508} INFO - Filling up the DagBag from /home/airflow/.local/lib/python3.7/site-packages/airflow/example_dags/tutorial.py
[2024-09-18T20:54:24.825+0000] {processor.py:650} INFO - DAG(s) dict_keys(['tutorial']) retrieved from /home/airflow/.local/lib/python3.7/site-packages/airflow/example_dags/tutorial.py
[2024-09-18T20:54:24.836+0000] {logging_mixin.py:115} INFO - [2024-09-18T20:54:24.835+0000] {dag.py:2429} INFO - Sync 1 DAGs
[2024-09-18T20:54:24.846+0000] {logging_mixin.py:115} INFO - [2024-09-18T20:54:24.846+0000] {dag.py:2981} INFO - Setting next_dagrun for tutorial to 2024-09-17T20:54:24.846837+00:00, run_after=2024-09-18T20:54:24.846837+00:00
[2024-09-18T20:54:24.851+0000] {processor.py:161} INFO - Processing /home/airflow/.local/lib/python3.7/site-packages/airflow/example_dags/tutorial.py took 0.030 seconds
[2024-09-18T20:54:55.034+0000] {processor.py:153} INFO - Started process (PID=5111) to work on /home/airflow/.local/lib/python3.7/site-packages/airflow/example_dags/tutorial.py
[2024-09-18T20:54:55.034+0000] {processor.py:640} INFO - Processing file /home/airflow/.local/lib/python3.7/site-packages/airflow/example_dags/tutorial.py for tasks to queue
[2024-09-18T20:54:55.035+0000] {logging_mixin.py:115} INFO - [2024-09-18T20:54:55.035+0000] {dagbag.py:508} INFO - Filling up the DagBag from /home/airflow/.local/lib/python3.7/site-packages/airflow/example_dags/tutorial.py
[2024-09-18T20:54:55.039+0000] {processor.py:650} INFO - DAG(s) dict_keys(['tutorial']) retrieved from /home/airflow/.local/lib/python3.7/site-packages/airflow/example_dags/tutorial.py
[2024-09-18T20:54:55.056+0000] {logging_mixin.py:115} INFO - [2024-09-18T20:54:55.056+0000] {dag.py:2429} INFO - Sync 1 DAGs
[2024-09-18T20:54:55.070+0000] {logging_mixin.py:115} INFO - [2024-09-18T20:54:55.070+0000] {dag.py:2981} INFO - Setting next_dagrun for tutorial to 2024-09-17T20:54:55.069929+00:00, run_after=2024-09-18T20:54:55.069929+00:00
[2024-09-18T20:54:55.076+0000] {processor.py:161} INFO - Processing /home/airflow/.local/lib/python3.7/site-packages/airflow/example_dags/tutorial.py took 0.044 seconds
[2024-09-18T20:55:25.297+0000] {processor.py:153} INFO - Started process (PID=5306) to work on /home/airflow/.local/lib/python3.7/site-packages/airflow/example_dags/tutorial.py
[2024-09-18T20:55:25.300+0000] {processor.py:640} INFO - Processing file /home/airflow/.local/lib/python3.7/site-packages/airflow/example_dags/tutorial.py for tasks to queue
[2024-09-18T20:55:25.301+0000] {logging_mixin.py:115} INFO - [2024-09-18T20:55:25.301+0000] {dagbag.py:508} INFO - Filling up the DagBag from /home/airflow/.local/lib/python3.7/site-packages/airflow/example_dags/tutorial.py
[2024-09-18T20:55:25.303+0000] {processor.py:650} INFO - DAG(s) dict_keys(['tutorial']) retrieved from /home/airflow/.local/lib/python3.7/site-packages/airflow/example_dags/tutorial.py
[2024-09-18T20:55:25.313+0000] {logging_mixin.py:115} INFO - [2024-09-18T20:55:25.313+0000] {dag.py:2429} INFO - Sync 1 DAGs
[2024-09-18T20:55:25.324+0000] {logging_mixin.py:115} INFO - [2024-09-18T20:55:25.324+0000] {dag.py:2981} INFO - Setting next_dagrun for tutorial to 2024-09-17T20:55:25.324015+00:00, run_after=2024-09-18T20:55:25.324015+00:00
[2024-09-18T20:55:25.328+0000] {processor.py:161} INFO - Processing /home/airflow/.local/lib/python3.7/site-packages/airflow/example_dags/tutorial.py took 0.032 seconds
[2024-09-18T20:55:55.402+0000] {processor.py:153} INFO - Started process (PID=5504) to work on /home/airflow/.local/lib/python3.7/site-packages/airflow/example_dags/tutorial.py
[2024-09-18T20:55:55.404+0000] {processor.py:640} INFO - Processing file /home/airflow/.local/lib/python3.7/site-packages/airflow/example_dags/tutorial.py for tasks to queue
[2024-09-18T20:55:55.405+0000] {logging_mixin.py:115} INFO - [2024-09-18T20:55:55.405+0000] {dagbag.py:508} INFO - Filling up the DagBag from /home/airflow/.local/lib/python3.7/site-packages/airflow/example_dags/tutorial.py
[2024-09-18T20:55:55.409+0000] {processor.py:650} INFO - DAG(s) dict_keys(['tutorial']) retrieved from /home/airflow/.local/lib/python3.7/site-packages/airflow/example_dags/tutorial.py
[2024-09-18T20:55:55.421+0000] {logging_mixin.py:115} INFO - [2024-09-18T20:55:55.421+0000] {dag.py:2429} INFO - Sync 1 DAGs
[2024-09-18T20:55:55.432+0000] {logging_mixin.py:115} INFO - [2024-09-18T20:55:55.432+0000] {dag.py:2981} INFO - Setting next_dagrun for tutorial to 2024-09-17T20:55:55.432632+00:00, run_after=2024-09-18T20:55:55.432632+00:00
[2024-09-18T20:55:55.437+0000] {processor.py:161} INFO - Processing /home/airflow/.local/lib/python3.7/site-packages/airflow/example_dags/tutorial.py took 0.037 seconds
[2024-09-18T20:56:25.557+0000] {processor.py:153} INFO - Started process (PID=5692) to work on /home/airflow/.local/lib/python3.7/site-packages/airflow/example_dags/tutorial.py
[2024-09-18T20:56:25.560+0000] {processor.py:640} INFO - Processing file /home/airflow/.local/lib/python3.7/site-packages/airflow/example_dags/tutorial.py for tasks to queue
[2024-09-18T20:56:25.561+0000] {logging_mixin.py:115} INFO - [2024-09-18T20:56:25.561+0000] {dagbag.py:508} INFO - Filling up the DagBag from /home/airflow/.local/lib/python3.7/site-packages/airflow/example_dags/tutorial.py
[2024-09-18T20:56:25.564+0000] {processor.py:650} INFO - DAG(s) dict_keys(['tutorial']) retrieved from /home/airflow/.local/lib/python3.7/site-packages/airflow/example_dags/tutorial.py
[2024-09-18T20:56:25.575+0000] {logging_mixin.py:115} INFO - [2024-09-18T20:56:25.575+0000] {dag.py:2429} INFO - Sync 1 DAGs
[2024-09-18T20:56:25.586+0000] {logging_mixin.py:115} INFO - [2024-09-18T20:56:25.586+0000] {dag.py:2981} INFO - Setting next_dagrun for tutorial to 2024-09-17T20:56:25.586122+00:00, run_after=2024-09-18T20:56:25.586122+00:00
[2024-09-18T20:56:25.590+0000] {processor.py:161} INFO - Processing /home/airflow/.local/lib/python3.7/site-packages/airflow/example_dags/tutorial.py took 0.035 seconds
[2024-09-18T20:56:55.628+0000] {processor.py:153} INFO - Started process (PID=5889) to work on /home/airflow/.local/lib/python3.7/site-packages/airflow/example_dags/tutorial.py
[2024-09-18T20:56:55.630+0000] {processor.py:640} INFO - Processing file /home/airflow/.local/lib/python3.7/site-packages/airflow/example_dags/tutorial.py for tasks to queue
[2024-09-18T20:56:55.632+0000] {logging_mixin.py:115} INFO - [2024-09-18T20:56:55.632+0000] {dagbag.py:508} INFO - Filling up the DagBag from /home/airflow/.local/lib/python3.7/site-packages/airflow/example_dags/tutorial.py
[2024-09-18T20:56:55.634+0000] {processor.py:650} INFO - DAG(s) dict_keys(['tutorial']) retrieved from /home/airflow/.local/lib/python3.7/site-packages/airflow/example_dags/tutorial.py
[2024-09-18T20:56:55.644+0000] {logging_mixin.py:115} INFO - [2024-09-18T20:56:55.644+0000] {dag.py:2429} INFO - Sync 1 DAGs
[2024-09-18T20:56:55.653+0000] {logging_mixin.py:115} INFO - [2024-09-18T20:56:55.653+0000] {dag.py:2981} INFO - Setting next_dagrun for tutorial to 2024-09-17T20:56:55.653474+00:00, run_after=2024-09-18T20:56:55.653474+00:00
[2024-09-18T20:56:55.658+0000] {processor.py:161} INFO - Processing /home/airflow/.local/lib/python3.7/site-packages/airflow/example_dags/tutorial.py took 0.031 seconds
[2024-09-18T20:57:25.738+0000] {processor.py:153} INFO - Started process (PID=6086) to work on /home/airflow/.local/lib/python3.7/site-packages/airflow/example_dags/tutorial.py
[2024-09-18T20:57:25.739+0000] {processor.py:640} INFO - Processing file /home/airflow/.local/lib/python3.7/site-packages/airflow/example_dags/tutorial.py for tasks to queue
[2024-09-18T20:57:25.739+0000] {logging_mixin.py:115} INFO - [2024-09-18T20:57:25.739+0000] {dagbag.py:508} INFO - Filling up the DagBag from /home/airflow/.local/lib/python3.7/site-packages/airflow/example_dags/tutorial.py
[2024-09-18T20:57:25.741+0000] {processor.py:650} INFO - DAG(s) dict_keys(['tutorial']) retrieved from /home/airflow/.local/lib/python3.7/site-packages/airflow/example_dags/tutorial.py
[2024-09-18T20:57:25.751+0000] {logging_mixin.py:115} INFO - [2024-09-18T20:57:25.751+0000] {dag.py:2429} INFO - Sync 1 DAGs
[2024-09-18T20:57:25.762+0000] {logging_mixin.py:115} INFO - [2024-09-18T20:57:25.762+0000] {dag.py:2981} INFO - Setting next_dagrun for tutorial to 2024-09-17T20:57:25.762258+00:00, run_after=2024-09-18T20:57:25.762258+00:00
[2024-09-18T20:57:25.766+0000] {processor.py:161} INFO - Processing /home/airflow/.local/lib/python3.7/site-packages/airflow/example_dags/tutorial.py took 0.030 seconds
[2024-09-18T20:57:55.969+0000] {processor.py:153} INFO - Started process (PID=6285) to work on /home/airflow/.local/lib/python3.7/site-packages/airflow/example_dags/tutorial.py
[2024-09-18T20:57:55.969+0000] {processor.py:640} INFO - Processing file /home/airflow/.local/lib/python3.7/site-packages/airflow/example_dags/tutorial.py for tasks to queue
[2024-09-18T20:57:55.969+0000] {logging_mixin.py:115} INFO - [2024-09-18T20:57:55.969+0000] {dagbag.py:508} INFO - Filling up the DagBag from /home/airflow/.local/lib/python3.7/site-packages/airflow/example_dags/tutorial.py
[2024-09-18T20:57:55.972+0000] {processor.py:650} INFO - DAG(s) dict_keys(['tutorial']) retrieved from /home/airflow/.local/lib/python3.7/site-packages/airflow/example_dags/tutorial.py
[2024-09-18T20:57:55.983+0000] {logging_mixin.py:115} INFO - [2024-09-18T20:57:55.983+0000] {dag.py:2429} INFO - Sync 1 DAGs
[2024-09-18T20:57:55.993+0000] {logging_mixin.py:115} INFO - [2024-09-18T20:57:55.993+0000] {dag.py:2981} INFO - Setting next_dagrun for tutorial to 2024-09-17T20:57:55.993767+00:00, run_after=2024-09-18T20:57:55.993767+00:00
[2024-09-18T20:57:56.000+0000] {processor.py:161} INFO - Processing /home/airflow/.local/lib/python3.7/site-packages/airflow/example_dags/tutorial.py took 0.033 seconds
[2024-09-18T20:58:26.125+0000] {processor.py:153} INFO - Started process (PID=6481) to work on /home/airflow/.local/lib/python3.7/site-packages/airflow/example_dags/tutorial.py
[2024-09-18T20:58:26.126+0000] {processor.py:640} INFO - Processing file /home/airflow/.local/lib/python3.7/site-packages/airflow/example_dags/tutorial.py for tasks to queue
[2024-09-18T20:58:26.126+0000] {logging_mixin.py:115} INFO - [2024-09-18T20:58:26.126+0000] {dagbag.py:508} INFO - Filling up the DagBag from /home/airflow/.local/lib/python3.7/site-packages/airflow/example_dags/tutorial.py
[2024-09-18T20:58:26.128+0000] {processor.py:650} INFO - DAG(s) dict_keys(['tutorial']) retrieved from /home/airflow/.local/lib/python3.7/site-packages/airflow/example_dags/tutorial.py
[2024-09-18T20:58:26.138+0000] {logging_mixin.py:115} INFO - [2024-09-18T20:58:26.138+0000] {dag.py:2429} INFO - Sync 1 DAGs
[2024-09-18T20:58:26.148+0000] {logging_mixin.py:115} INFO - [2024-09-18T20:58:26.148+0000] {dag.py:2981} INFO - Setting next_dagrun for tutorial to 2024-09-17T20:58:26.147973+00:00, run_after=2024-09-18T20:58:26.147973+00:00
[2024-09-18T20:58:26.152+0000] {processor.py:161} INFO - Processing /home/airflow/.local/lib/python3.7/site-packages/airflow/example_dags/tutorial.py took 0.028 seconds
[2024-09-18T20:58:56.307+0000] {processor.py:153} INFO - Started process (PID=6674) to work on /home/airflow/.local/lib/python3.7/site-packages/airflow/example_dags/tutorial.py
[2024-09-18T20:58:56.308+0000] {processor.py:640} INFO - Processing file /home/airflow/.local/lib/python3.7/site-packages/airflow/example_dags/tutorial.py for tasks to queue
[2024-09-18T20:58:56.308+0000] {logging_mixin.py:115} INFO - [2024-09-18T20:58:56.308+0000] {dagbag.py:508} INFO - Filling up the DagBag from /home/airflow/.local/lib/python3.7/site-packages/airflow/example_dags/tutorial.py
[2024-09-18T20:58:56.311+0000] {processor.py:650} INFO - DAG(s) dict_keys(['tutorial']) retrieved from /home/airflow/.local/lib/python3.7/site-packages/airflow/example_dags/tutorial.py
[2024-09-18T20:58:56.324+0000] {logging_mixin.py:115} INFO - [2024-09-18T20:58:56.324+0000] {dag.py:2429} INFO - Sync 1 DAGs
[2024-09-18T20:58:56.334+0000] {logging_mixin.py:115} INFO - [2024-09-18T20:58:56.334+0000] {dag.py:2981} INFO - Setting next_dagrun for tutorial to 2024-09-17T20:58:56.334808+00:00, run_after=2024-09-18T20:58:56.334808+00:00
[2024-09-18T20:58:56.341+0000] {processor.py:161} INFO - Processing /home/airflow/.local/lib/python3.7/site-packages/airflow/example_dags/tutorial.py took 0.035 seconds
[2024-09-18T20:59:26.606+0000] {processor.py:153} INFO - Started process (PID=6866) to work on /home/airflow/.local/lib/python3.7/site-packages/airflow/example_dags/tutorial.py
[2024-09-18T20:59:26.606+0000] {processor.py:640} INFO - Processing file /home/airflow/.local/lib/python3.7/site-packages/airflow/example_dags/tutorial.py for tasks to queue
[2024-09-18T20:59:26.606+0000] {logging_mixin.py:115} INFO - [2024-09-18T20:59:26.606+0000] {dagbag.py:508} INFO - Filling up the DagBag from /home/airflow/.local/lib/python3.7/site-packages/airflow/example_dags/tutorial.py
[2024-09-18T20:59:26.609+0000] {processor.py:650} INFO - DAG(s) dict_keys(['tutorial']) retrieved from /home/airflow/.local/lib/python3.7/site-packages/airflow/example_dags/tutorial.py
[2024-09-18T20:59:26.623+0000] {logging_mixin.py:115} INFO - [2024-09-18T20:59:26.623+0000] {dag.py:2429} INFO - Sync 1 DAGs
[2024-09-18T20:59:26.634+0000] {logging_mixin.py:115} INFO - [2024-09-18T20:59:26.634+0000] {dag.py:2981} INFO - Setting next_dagrun for tutorial to 2024-09-17T20:59:26.634308+00:00, run_after=2024-09-18T20:59:26.634308+00:00
[2024-09-18T20:59:26.642+0000] {processor.py:161} INFO - Processing /home/airflow/.local/lib/python3.7/site-packages/airflow/example_dags/tutorial.py took 0.038 seconds
[2024-09-18T20:59:56.859+0000] {processor.py:153} INFO - Started process (PID=7065) to work on /home/airflow/.local/lib/python3.7/site-packages/airflow/example_dags/tutorial.py
[2024-09-18T20:59:56.861+0000] {processor.py:640} INFO - Processing file /home/airflow/.local/lib/python3.7/site-packages/airflow/example_dags/tutorial.py for tasks to queue
[2024-09-18T20:59:56.863+0000] {logging_mixin.py:115} INFO - [2024-09-18T20:59:56.863+0000] {dagbag.py:508} INFO - Filling up the DagBag from /home/airflow/.local/lib/python3.7/site-packages/airflow/example_dags/tutorial.py
[2024-09-18T20:59:56.866+0000] {processor.py:650} INFO - DAG(s) dict_keys(['tutorial']) retrieved from /home/airflow/.local/lib/python3.7/site-packages/airflow/example_dags/tutorial.py
[2024-09-18T20:59:56.878+0000] {logging_mixin.py:115} INFO - [2024-09-18T20:59:56.878+0000] {dag.py:2429} INFO - Sync 1 DAGs
[2024-09-18T20:59:56.889+0000] {logging_mixin.py:115} INFO - [2024-09-18T20:59:56.889+0000] {dag.py:2981} INFO - Setting next_dagrun for tutorial to 2024-09-17T20:59:56.889693+00:00, run_after=2024-09-18T20:59:56.889693+00:00
[2024-09-18T20:59:56.894+0000] {processor.py:161} INFO - Processing /home/airflow/.local/lib/python3.7/site-packages/airflow/example_dags/tutorial.py took 0.036 seconds
[2024-09-18T21:00:27.122+0000] {processor.py:153} INFO - Started process (PID=7263) to work on /home/airflow/.local/lib/python3.7/site-packages/airflow/example_dags/tutorial.py
[2024-09-18T21:00:27.123+0000] {processor.py:640} INFO - Processing file /home/airflow/.local/lib/python3.7/site-packages/airflow/example_dags/tutorial.py for tasks to queue
[2024-09-18T21:00:27.124+0000] {logging_mixin.py:115} INFO - [2024-09-18T21:00:27.124+0000] {dagbag.py:508} INFO - Filling up the DagBag from /home/airflow/.local/lib/python3.7/site-packages/airflow/example_dags/tutorial.py
[2024-09-18T21:00:27.126+0000] {processor.py:650} INFO - DAG(s) dict_keys(['tutorial']) retrieved from /home/airflow/.local/lib/python3.7/site-packages/airflow/example_dags/tutorial.py
[2024-09-18T21:00:27.139+0000] {logging_mixin.py:115} INFO - [2024-09-18T21:00:27.139+0000] {dag.py:2429} INFO - Sync 1 DAGs
[2024-09-18T21:00:27.152+0000] {logging_mixin.py:115} INFO - [2024-09-18T21:00:27.152+0000] {dag.py:2981} INFO - Setting next_dagrun for tutorial to 2024-09-17T21:00:27.152645+00:00, run_after=2024-09-18T21:00:27.152645+00:00
[2024-09-18T21:00:27.161+0000] {processor.py:161} INFO - Processing /home/airflow/.local/lib/python3.7/site-packages/airflow/example_dags/tutorial.py took 0.040 seconds
