[2024-09-18T20:42:19.444+0000] {processor.py:153} INFO - Started process (PID=203) to work on /home/airflow/.local/lib/python3.7/site-packages/airflow/example_dags/tutorial_etl_dag.py
[2024-09-18T20:42:19.444+0000] {processor.py:640} INFO - Processing file /home/airflow/.local/lib/python3.7/site-packages/airflow/example_dags/tutorial_etl_dag.py for tasks to queue
[2024-09-18T20:42:19.445+0000] {logging_mixin.py:115} INFO - [2024-09-18T20:42:19.445+0000] {dagbag.py:508} INFO - Filling up the DagBag from /home/airflow/.local/lib/python3.7/site-packages/airflow/example_dags/tutorial_etl_dag.py
[2024-09-18T20:42:19.448+0000] {processor.py:650} INFO - DAG(s) dict_keys(['tutorial_etl_dag']) retrieved from /home/airflow/.local/lib/python3.7/site-packages/airflow/example_dags/tutorial_etl_dag.py
[2024-09-18T20:42:19.482+0000] {logging_mixin.py:115} INFO - [2024-09-18T20:42:19.482+0000] {manager.py:508} INFO - Created Permission View: can edit on DAG:tutorial_etl_dag
[2024-09-18T20:42:19.485+0000] {logging_mixin.py:115} INFO - [2024-09-18T20:42:19.485+0000] {manager.py:508} INFO - Created Permission View: can read on DAG:tutorial_etl_dag
[2024-09-18T20:42:19.487+0000] {logging_mixin.py:115} INFO - [2024-09-18T20:42:19.487+0000] {manager.py:508} INFO - Created Permission View: can delete on DAG:tutorial_etl_dag
[2024-09-18T20:42:19.487+0000] {logging_mixin.py:115} INFO - [2024-09-18T20:42:19.487+0000] {dag.py:2429} INFO - Sync 1 DAGs
[2024-09-18T20:42:19.491+0000] {logging_mixin.py:115} INFO - [2024-09-18T20:42:19.491+0000] {dag.py:2448} INFO - Creating ORM DAG for tutorial_etl_dag
[2024-09-18T20:42:19.495+0000] {logging_mixin.py:115} INFO - [2024-09-18T20:42:19.495+0000] {dag.py:2981} INFO - Setting next_dagrun for tutorial_etl_dag to None, run_after=None
[2024-09-18T20:42:19.500+0000] {processor.py:161} INFO - Processing /home/airflow/.local/lib/python3.7/site-packages/airflow/example_dags/tutorial_etl_dag.py took 0.058 seconds
[2024-09-18T20:42:50.299+0000] {processor.py:153} INFO - Started process (PID=399) to work on /home/airflow/.local/lib/python3.7/site-packages/airflow/example_dags/tutorial_etl_dag.py
[2024-09-18T20:42:50.299+0000] {processor.py:640} INFO - Processing file /home/airflow/.local/lib/python3.7/site-packages/airflow/example_dags/tutorial_etl_dag.py for tasks to queue
[2024-09-18T20:42:50.299+0000] {logging_mixin.py:115} INFO - [2024-09-18T20:42:50.299+0000] {dagbag.py:508} INFO - Filling up the DagBag from /home/airflow/.local/lib/python3.7/site-packages/airflow/example_dags/tutorial_etl_dag.py
[2024-09-18T20:42:50.302+0000] {processor.py:650} INFO - DAG(s) dict_keys(['tutorial_etl_dag']) retrieved from /home/airflow/.local/lib/python3.7/site-packages/airflow/example_dags/tutorial_etl_dag.py
[2024-09-18T20:42:50.312+0000] {logging_mixin.py:115} INFO - [2024-09-18T20:42:50.312+0000] {dag.py:2429} INFO - Sync 1 DAGs
[2024-09-18T20:42:50.322+0000] {logging_mixin.py:115} INFO - [2024-09-18T20:42:50.322+0000] {dag.py:2981} INFO - Setting next_dagrun for tutorial_etl_dag to None, run_after=None
[2024-09-18T20:42:50.327+0000] {processor.py:161} INFO - Processing /home/airflow/.local/lib/python3.7/site-packages/airflow/example_dags/tutorial_etl_dag.py took 0.029 seconds
[2024-09-18T20:43:20.499+0000] {processor.py:153} INFO - Started process (PID=596) to work on /home/airflow/.local/lib/python3.7/site-packages/airflow/example_dags/tutorial_etl_dag.py
[2024-09-18T20:43:20.499+0000] {processor.py:640} INFO - Processing file /home/airflow/.local/lib/python3.7/site-packages/airflow/example_dags/tutorial_etl_dag.py for tasks to queue
[2024-09-18T20:43:20.500+0000] {logging_mixin.py:115} INFO - [2024-09-18T20:43:20.500+0000] {dagbag.py:508} INFO - Filling up the DagBag from /home/airflow/.local/lib/python3.7/site-packages/airflow/example_dags/tutorial_etl_dag.py
[2024-09-18T20:43:20.503+0000] {processor.py:650} INFO - DAG(s) dict_keys(['tutorial_etl_dag']) retrieved from /home/airflow/.local/lib/python3.7/site-packages/airflow/example_dags/tutorial_etl_dag.py
[2024-09-18T20:43:20.513+0000] {logging_mixin.py:115} INFO - [2024-09-18T20:43:20.513+0000] {dag.py:2429} INFO - Sync 1 DAGs
[2024-09-18T20:43:20.523+0000] {logging_mixin.py:115} INFO - [2024-09-18T20:43:20.523+0000] {dag.py:2981} INFO - Setting next_dagrun for tutorial_etl_dag to None, run_after=None
[2024-09-18T20:43:20.527+0000] {processor.py:161} INFO - Processing /home/airflow/.local/lib/python3.7/site-packages/airflow/example_dags/tutorial_etl_dag.py took 0.030 seconds
[2024-09-18T20:43:50.712+0000] {processor.py:153} INFO - Started process (PID=793) to work on /home/airflow/.local/lib/python3.7/site-packages/airflow/example_dags/tutorial_etl_dag.py
[2024-09-18T20:43:50.712+0000] {processor.py:640} INFO - Processing file /home/airflow/.local/lib/python3.7/site-packages/airflow/example_dags/tutorial_etl_dag.py for tasks to queue
[2024-09-18T20:43:50.713+0000] {logging_mixin.py:115} INFO - [2024-09-18T20:43:50.713+0000] {dagbag.py:508} INFO - Filling up the DagBag from /home/airflow/.local/lib/python3.7/site-packages/airflow/example_dags/tutorial_etl_dag.py
[2024-09-18T20:43:50.716+0000] {processor.py:650} INFO - DAG(s) dict_keys(['tutorial_etl_dag']) retrieved from /home/airflow/.local/lib/python3.7/site-packages/airflow/example_dags/tutorial_etl_dag.py
[2024-09-18T20:43:50.727+0000] {logging_mixin.py:115} INFO - [2024-09-18T20:43:50.727+0000] {dag.py:2429} INFO - Sync 1 DAGs
[2024-09-18T20:43:50.738+0000] {logging_mixin.py:115} INFO - [2024-09-18T20:43:50.737+0000] {dag.py:2981} INFO - Setting next_dagrun for tutorial_etl_dag to None, run_after=None
[2024-09-18T20:43:50.742+0000] {processor.py:161} INFO - Processing /home/airflow/.local/lib/python3.7/site-packages/airflow/example_dags/tutorial_etl_dag.py took 0.032 seconds
[2024-09-18T20:44:20.894+0000] {processor.py:153} INFO - Started process (PID=999) to work on /home/airflow/.local/lib/python3.7/site-packages/airflow/example_dags/tutorial_etl_dag.py
[2024-09-18T20:44:20.895+0000] {processor.py:640} INFO - Processing file /home/airflow/.local/lib/python3.7/site-packages/airflow/example_dags/tutorial_etl_dag.py for tasks to queue
[2024-09-18T20:44:20.895+0000] {logging_mixin.py:115} INFO - [2024-09-18T20:44:20.895+0000] {dagbag.py:508} INFO - Filling up the DagBag from /home/airflow/.local/lib/python3.7/site-packages/airflow/example_dags/tutorial_etl_dag.py
[2024-09-18T20:44:20.898+0000] {processor.py:650} INFO - DAG(s) dict_keys(['tutorial_etl_dag']) retrieved from /home/airflow/.local/lib/python3.7/site-packages/airflow/example_dags/tutorial_etl_dag.py
[2024-09-18T20:44:20.908+0000] {logging_mixin.py:115} INFO - [2024-09-18T20:44:20.907+0000] {dag.py:2429} INFO - Sync 1 DAGs
[2024-09-18T20:44:20.917+0000] {logging_mixin.py:115} INFO - [2024-09-18T20:44:20.917+0000] {dag.py:2981} INFO - Setting next_dagrun for tutorial_etl_dag to None, run_after=None
[2024-09-18T20:44:20.921+0000] {processor.py:161} INFO - Processing /home/airflow/.local/lib/python3.7/site-packages/airflow/example_dags/tutorial_etl_dag.py took 0.028 seconds
[2024-09-18T20:44:51.114+0000] {processor.py:153} INFO - Started process (PID=1193) to work on /home/airflow/.local/lib/python3.7/site-packages/airflow/example_dags/tutorial_etl_dag.py
[2024-09-18T20:44:51.114+0000] {processor.py:640} INFO - Processing file /home/airflow/.local/lib/python3.7/site-packages/airflow/example_dags/tutorial_etl_dag.py for tasks to queue
[2024-09-18T20:44:51.114+0000] {logging_mixin.py:115} INFO - [2024-09-18T20:44:51.114+0000] {dagbag.py:508} INFO - Filling up the DagBag from /home/airflow/.local/lib/python3.7/site-packages/airflow/example_dags/tutorial_etl_dag.py
[2024-09-18T20:44:51.117+0000] {processor.py:650} INFO - DAG(s) dict_keys(['tutorial_etl_dag']) retrieved from /home/airflow/.local/lib/python3.7/site-packages/airflow/example_dags/tutorial_etl_dag.py
[2024-09-18T20:44:51.127+0000] {logging_mixin.py:115} INFO - [2024-09-18T20:44:51.127+0000] {dag.py:2429} INFO - Sync 1 DAGs
[2024-09-18T20:44:51.137+0000] {logging_mixin.py:115} INFO - [2024-09-18T20:44:51.137+0000] {dag.py:2981} INFO - Setting next_dagrun for tutorial_etl_dag to None, run_after=None
[2024-09-18T20:44:51.141+0000] {processor.py:161} INFO - Processing /home/airflow/.local/lib/python3.7/site-packages/airflow/example_dags/tutorial_etl_dag.py took 0.029 seconds
[2024-09-18T20:45:21.324+0000] {processor.py:153} INFO - Started process (PID=1393) to work on /home/airflow/.local/lib/python3.7/site-packages/airflow/example_dags/tutorial_etl_dag.py
[2024-09-18T20:45:21.324+0000] {processor.py:640} INFO - Processing file /home/airflow/.local/lib/python3.7/site-packages/airflow/example_dags/tutorial_etl_dag.py for tasks to queue
[2024-09-18T20:45:21.324+0000] {logging_mixin.py:115} INFO - [2024-09-18T20:45:21.324+0000] {dagbag.py:508} INFO - Filling up the DagBag from /home/airflow/.local/lib/python3.7/site-packages/airflow/example_dags/tutorial_etl_dag.py
[2024-09-18T20:45:21.327+0000] {processor.py:650} INFO - DAG(s) dict_keys(['tutorial_etl_dag']) retrieved from /home/airflow/.local/lib/python3.7/site-packages/airflow/example_dags/tutorial_etl_dag.py
[2024-09-18T20:45:21.337+0000] {logging_mixin.py:115} INFO - [2024-09-18T20:45:21.337+0000] {dag.py:2429} INFO - Sync 1 DAGs
[2024-09-18T20:45:21.347+0000] {logging_mixin.py:115} INFO - [2024-09-18T20:45:21.347+0000] {dag.py:2981} INFO - Setting next_dagrun for tutorial_etl_dag to None, run_after=None
[2024-09-18T20:45:21.351+0000] {processor.py:161} INFO - Processing /home/airflow/.local/lib/python3.7/site-packages/airflow/example_dags/tutorial_etl_dag.py took 0.028 seconds
[2024-09-18T20:45:51.507+0000] {processor.py:153} INFO - Started process (PID=1589) to work on /home/airflow/.local/lib/python3.7/site-packages/airflow/example_dags/tutorial_etl_dag.py
[2024-09-18T20:45:51.508+0000] {processor.py:640} INFO - Processing file /home/airflow/.local/lib/python3.7/site-packages/airflow/example_dags/tutorial_etl_dag.py for tasks to queue
[2024-09-18T20:45:51.508+0000] {logging_mixin.py:115} INFO - [2024-09-18T20:45:51.508+0000] {dagbag.py:508} INFO - Filling up the DagBag from /home/airflow/.local/lib/python3.7/site-packages/airflow/example_dags/tutorial_etl_dag.py
[2024-09-18T20:45:51.511+0000] {processor.py:650} INFO - DAG(s) dict_keys(['tutorial_etl_dag']) retrieved from /home/airflow/.local/lib/python3.7/site-packages/airflow/example_dags/tutorial_etl_dag.py
[2024-09-18T20:45:51.522+0000] {logging_mixin.py:115} INFO - [2024-09-18T20:45:51.522+0000] {dag.py:2429} INFO - Sync 1 DAGs
[2024-09-18T20:45:51.536+0000] {logging_mixin.py:115} INFO - [2024-09-18T20:45:51.536+0000] {dag.py:2981} INFO - Setting next_dagrun for tutorial_etl_dag to None, run_after=None
[2024-09-18T20:45:51.545+0000] {processor.py:161} INFO - Processing /home/airflow/.local/lib/python3.7/site-packages/airflow/example_dags/tutorial_etl_dag.py took 0.039 seconds
[2024-09-18T20:46:21.741+0000] {processor.py:153} INFO - Started process (PID=1785) to work on /home/airflow/.local/lib/python3.7/site-packages/airflow/example_dags/tutorial_etl_dag.py
[2024-09-18T20:46:21.742+0000] {processor.py:640} INFO - Processing file /home/airflow/.local/lib/python3.7/site-packages/airflow/example_dags/tutorial_etl_dag.py for tasks to queue
[2024-09-18T20:46:21.744+0000] {logging_mixin.py:115} INFO - [2024-09-18T20:46:21.744+0000] {dagbag.py:508} INFO - Filling up the DagBag from /home/airflow/.local/lib/python3.7/site-packages/airflow/example_dags/tutorial_etl_dag.py
[2024-09-18T20:46:21.747+0000] {processor.py:650} INFO - DAG(s) dict_keys(['tutorial_etl_dag']) retrieved from /home/airflow/.local/lib/python3.7/site-packages/airflow/example_dags/tutorial_etl_dag.py
[2024-09-18T20:46:21.763+0000] {logging_mixin.py:115} INFO - [2024-09-18T20:46:21.763+0000] {dag.py:2429} INFO - Sync 1 DAGs
[2024-09-18T20:46:21.773+0000] {logging_mixin.py:115} INFO - [2024-09-18T20:46:21.773+0000] {dag.py:2981} INFO - Setting next_dagrun for tutorial_etl_dag to None, run_after=None
[2024-09-18T20:46:21.777+0000] {processor.py:161} INFO - Processing /home/airflow/.local/lib/python3.7/site-packages/airflow/example_dags/tutorial_etl_dag.py took 0.037 seconds
[2024-09-18T20:46:51.969+0000] {processor.py:153} INFO - Started process (PID=1973) to work on /home/airflow/.local/lib/python3.7/site-packages/airflow/example_dags/tutorial_etl_dag.py
[2024-09-18T20:46:51.972+0000] {processor.py:640} INFO - Processing file /home/airflow/.local/lib/python3.7/site-packages/airflow/example_dags/tutorial_etl_dag.py for tasks to queue
[2024-09-18T20:46:51.973+0000] {logging_mixin.py:115} INFO - [2024-09-18T20:46:51.973+0000] {dagbag.py:508} INFO - Filling up the DagBag from /home/airflow/.local/lib/python3.7/site-packages/airflow/example_dags/tutorial_etl_dag.py
[2024-09-18T20:46:51.976+0000] {processor.py:650} INFO - DAG(s) dict_keys(['tutorial_etl_dag']) retrieved from /home/airflow/.local/lib/python3.7/site-packages/airflow/example_dags/tutorial_etl_dag.py
[2024-09-18T20:46:51.992+0000] {logging_mixin.py:115} INFO - [2024-09-18T20:46:51.992+0000] {dag.py:2429} INFO - Sync 1 DAGs
[2024-09-18T20:46:52.001+0000] {logging_mixin.py:115} INFO - [2024-09-18T20:46:52.001+0000] {dag.py:2981} INFO - Setting next_dagrun for tutorial_etl_dag to None, run_after=None
[2024-09-18T20:46:52.007+0000] {processor.py:161} INFO - Processing /home/airflow/.local/lib/python3.7/site-packages/airflow/example_dags/tutorial_etl_dag.py took 0.040 seconds
[2024-09-18T20:47:22.299+0000] {processor.py:153} INFO - Started process (PID=2171) to work on /home/airflow/.local/lib/python3.7/site-packages/airflow/example_dags/tutorial_etl_dag.py
[2024-09-18T20:47:22.299+0000] {processor.py:640} INFO - Processing file /home/airflow/.local/lib/python3.7/site-packages/airflow/example_dags/tutorial_etl_dag.py for tasks to queue
[2024-09-18T20:47:22.299+0000] {logging_mixin.py:115} INFO - [2024-09-18T20:47:22.299+0000] {dagbag.py:508} INFO - Filling up the DagBag from /home/airflow/.local/lib/python3.7/site-packages/airflow/example_dags/tutorial_etl_dag.py
[2024-09-18T20:47:22.302+0000] {processor.py:650} INFO - DAG(s) dict_keys(['tutorial_etl_dag']) retrieved from /home/airflow/.local/lib/python3.7/site-packages/airflow/example_dags/tutorial_etl_dag.py
[2024-09-18T20:47:22.312+0000] {logging_mixin.py:115} INFO - [2024-09-18T20:47:22.312+0000] {dag.py:2429} INFO - Sync 1 DAGs
[2024-09-18T20:47:22.322+0000] {logging_mixin.py:115} INFO - [2024-09-18T20:47:22.321+0000] {dag.py:2981} INFO - Setting next_dagrun for tutorial_etl_dag to None, run_after=None
[2024-09-18T20:47:22.326+0000] {processor.py:161} INFO - Processing /home/airflow/.local/lib/python3.7/site-packages/airflow/example_dags/tutorial_etl_dag.py took 0.028 seconds
[2024-09-18T20:47:52.512+0000] {processor.py:153} INFO - Started process (PID=2370) to work on /home/airflow/.local/lib/python3.7/site-packages/airflow/example_dags/tutorial_etl_dag.py
[2024-09-18T20:47:52.513+0000] {processor.py:640} INFO - Processing file /home/airflow/.local/lib/python3.7/site-packages/airflow/example_dags/tutorial_etl_dag.py for tasks to queue
[2024-09-18T20:47:52.513+0000] {logging_mixin.py:115} INFO - [2024-09-18T20:47:52.513+0000] {dagbag.py:508} INFO - Filling up the DagBag from /home/airflow/.local/lib/python3.7/site-packages/airflow/example_dags/tutorial_etl_dag.py
[2024-09-18T20:47:52.516+0000] {processor.py:650} INFO - DAG(s) dict_keys(['tutorial_etl_dag']) retrieved from /home/airflow/.local/lib/python3.7/site-packages/airflow/example_dags/tutorial_etl_dag.py
[2024-09-18T20:47:52.530+0000] {logging_mixin.py:115} INFO - [2024-09-18T20:47:52.530+0000] {dag.py:2429} INFO - Sync 1 DAGs
[2024-09-18T20:47:52.540+0000] {logging_mixin.py:115} INFO - [2024-09-18T20:47:52.540+0000] {dag.py:2981} INFO - Setting next_dagrun for tutorial_etl_dag to None, run_after=None
[2024-09-18T20:47:52.545+0000] {processor.py:161} INFO - Processing /home/airflow/.local/lib/python3.7/site-packages/airflow/example_dags/tutorial_etl_dag.py took 0.034 seconds
[2024-09-18T20:48:22.652+0000] {processor.py:153} INFO - Started process (PID=2565) to work on /home/airflow/.local/lib/python3.7/site-packages/airflow/example_dags/tutorial_etl_dag.py
[2024-09-18T20:48:22.652+0000] {processor.py:640} INFO - Processing file /home/airflow/.local/lib/python3.7/site-packages/airflow/example_dags/tutorial_etl_dag.py for tasks to queue
[2024-09-18T20:48:22.653+0000] {logging_mixin.py:115} INFO - [2024-09-18T20:48:22.653+0000] {dagbag.py:508} INFO - Filling up the DagBag from /home/airflow/.local/lib/python3.7/site-packages/airflow/example_dags/tutorial_etl_dag.py
[2024-09-18T20:48:22.656+0000] {processor.py:650} INFO - DAG(s) dict_keys(['tutorial_etl_dag']) retrieved from /home/airflow/.local/lib/python3.7/site-packages/airflow/example_dags/tutorial_etl_dag.py
[2024-09-18T20:48:22.666+0000] {logging_mixin.py:115} INFO - [2024-09-18T20:48:22.666+0000] {dag.py:2429} INFO - Sync 1 DAGs
[2024-09-18T20:48:22.676+0000] {logging_mixin.py:115} INFO - [2024-09-18T20:48:22.676+0000] {dag.py:2981} INFO - Setting next_dagrun for tutorial_etl_dag to None, run_after=None
[2024-09-18T20:48:22.680+0000] {processor.py:161} INFO - Processing /home/airflow/.local/lib/python3.7/site-packages/airflow/example_dags/tutorial_etl_dag.py took 0.030 seconds
[2024-09-18T20:48:52.799+0000] {processor.py:153} INFO - Started process (PID=2759) to work on /home/airflow/.local/lib/python3.7/site-packages/airflow/example_dags/tutorial_etl_dag.py
[2024-09-18T20:48:52.799+0000] {processor.py:640} INFO - Processing file /home/airflow/.local/lib/python3.7/site-packages/airflow/example_dags/tutorial_etl_dag.py for tasks to queue
[2024-09-18T20:48:52.800+0000] {logging_mixin.py:115} INFO - [2024-09-18T20:48:52.800+0000] {dagbag.py:508} INFO - Filling up the DagBag from /home/airflow/.local/lib/python3.7/site-packages/airflow/example_dags/tutorial_etl_dag.py
[2024-09-18T20:48:52.803+0000] {processor.py:650} INFO - DAG(s) dict_keys(['tutorial_etl_dag']) retrieved from /home/airflow/.local/lib/python3.7/site-packages/airflow/example_dags/tutorial_etl_dag.py
[2024-09-18T20:48:52.816+0000] {logging_mixin.py:115} INFO - [2024-09-18T20:48:52.816+0000] {dag.py:2429} INFO - Sync 1 DAGs
[2024-09-18T20:48:52.826+0000] {logging_mixin.py:115} INFO - [2024-09-18T20:48:52.826+0000] {dag.py:2981} INFO - Setting next_dagrun for tutorial_etl_dag to None, run_after=None
[2024-09-18T20:48:52.832+0000] {processor.py:161} INFO - Processing /home/airflow/.local/lib/python3.7/site-packages/airflow/example_dags/tutorial_etl_dag.py took 0.035 seconds
[2024-09-18T20:49:23.009+0000] {processor.py:153} INFO - Started process (PID=2954) to work on /home/airflow/.local/lib/python3.7/site-packages/airflow/example_dags/tutorial_etl_dag.py
[2024-09-18T20:49:23.010+0000] {processor.py:640} INFO - Processing file /home/airflow/.local/lib/python3.7/site-packages/airflow/example_dags/tutorial_etl_dag.py for tasks to queue
[2024-09-18T20:49:23.010+0000] {logging_mixin.py:115} INFO - [2024-09-18T20:49:23.010+0000] {dagbag.py:508} INFO - Filling up the DagBag from /home/airflow/.local/lib/python3.7/site-packages/airflow/example_dags/tutorial_etl_dag.py
[2024-09-18T20:49:23.013+0000] {processor.py:650} INFO - DAG(s) dict_keys(['tutorial_etl_dag']) retrieved from /home/airflow/.local/lib/python3.7/site-packages/airflow/example_dags/tutorial_etl_dag.py
[2024-09-18T20:49:23.025+0000] {logging_mixin.py:115} INFO - [2024-09-18T20:49:23.025+0000] {dag.py:2429} INFO - Sync 1 DAGs
[2024-09-18T20:49:23.035+0000] {logging_mixin.py:115} INFO - [2024-09-18T20:49:23.035+0000] {dag.py:2981} INFO - Setting next_dagrun for tutorial_etl_dag to None, run_after=None
[2024-09-18T20:49:23.040+0000] {processor.py:161} INFO - Processing /home/airflow/.local/lib/python3.7/site-packages/airflow/example_dags/tutorial_etl_dag.py took 0.033 seconds
[2024-09-18T20:49:53.216+0000] {processor.py:153} INFO - Started process (PID=3151) to work on /home/airflow/.local/lib/python3.7/site-packages/airflow/example_dags/tutorial_etl_dag.py
[2024-09-18T20:49:53.217+0000] {processor.py:640} INFO - Processing file /home/airflow/.local/lib/python3.7/site-packages/airflow/example_dags/tutorial_etl_dag.py for tasks to queue
[2024-09-18T20:49:53.217+0000] {logging_mixin.py:115} INFO - [2024-09-18T20:49:53.217+0000] {dagbag.py:508} INFO - Filling up the DagBag from /home/airflow/.local/lib/python3.7/site-packages/airflow/example_dags/tutorial_etl_dag.py
[2024-09-18T20:49:53.220+0000] {processor.py:650} INFO - DAG(s) dict_keys(['tutorial_etl_dag']) retrieved from /home/airflow/.local/lib/python3.7/site-packages/airflow/example_dags/tutorial_etl_dag.py
[2024-09-18T20:49:53.233+0000] {logging_mixin.py:115} INFO - [2024-09-18T20:49:53.233+0000] {dag.py:2429} INFO - Sync 1 DAGs
[2024-09-18T20:49:53.244+0000] {logging_mixin.py:115} INFO - [2024-09-18T20:49:53.244+0000] {dag.py:2981} INFO - Setting next_dagrun for tutorial_etl_dag to None, run_after=None
[2024-09-18T20:49:53.249+0000] {processor.py:161} INFO - Processing /home/airflow/.local/lib/python3.7/site-packages/airflow/example_dags/tutorial_etl_dag.py took 0.034 seconds
[2024-09-18T20:50:23.534+0000] {processor.py:153} INFO - Started process (PID=3342) to work on /home/airflow/.local/lib/python3.7/site-packages/airflow/example_dags/tutorial_etl_dag.py
[2024-09-18T20:50:23.534+0000] {processor.py:640} INFO - Processing file /home/airflow/.local/lib/python3.7/site-packages/airflow/example_dags/tutorial_etl_dag.py for tasks to queue
[2024-09-18T20:50:23.534+0000] {logging_mixin.py:115} INFO - [2024-09-18T20:50:23.534+0000] {dagbag.py:508} INFO - Filling up the DagBag from /home/airflow/.local/lib/python3.7/site-packages/airflow/example_dags/tutorial_etl_dag.py
[2024-09-18T20:50:23.537+0000] {processor.py:650} INFO - DAG(s) dict_keys(['tutorial_etl_dag']) retrieved from /home/airflow/.local/lib/python3.7/site-packages/airflow/example_dags/tutorial_etl_dag.py
[2024-09-18T20:50:23.549+0000] {logging_mixin.py:115} INFO - [2024-09-18T20:50:23.549+0000] {dag.py:2429} INFO - Sync 1 DAGs
[2024-09-18T20:50:23.561+0000] {logging_mixin.py:115} INFO - [2024-09-18T20:50:23.560+0000] {dag.py:2981} INFO - Setting next_dagrun for tutorial_etl_dag to None, run_after=None
[2024-09-18T20:50:23.568+0000] {processor.py:161} INFO - Processing /home/airflow/.local/lib/python3.7/site-packages/airflow/example_dags/tutorial_etl_dag.py took 0.036 seconds
[2024-09-18T20:50:53.775+0000] {processor.py:153} INFO - Started process (PID=3539) to work on /home/airflow/.local/lib/python3.7/site-packages/airflow/example_dags/tutorial_etl_dag.py
[2024-09-18T20:50:53.775+0000] {processor.py:640} INFO - Processing file /home/airflow/.local/lib/python3.7/site-packages/airflow/example_dags/tutorial_etl_dag.py for tasks to queue
[2024-09-18T20:50:53.775+0000] {logging_mixin.py:115} INFO - [2024-09-18T20:50:53.775+0000] {dagbag.py:508} INFO - Filling up the DagBag from /home/airflow/.local/lib/python3.7/site-packages/airflow/example_dags/tutorial_etl_dag.py
[2024-09-18T20:50:53.778+0000] {processor.py:650} INFO - DAG(s) dict_keys(['tutorial_etl_dag']) retrieved from /home/airflow/.local/lib/python3.7/site-packages/airflow/example_dags/tutorial_etl_dag.py
[2024-09-18T20:50:53.793+0000] {logging_mixin.py:115} INFO - [2024-09-18T20:50:53.793+0000] {dag.py:2429} INFO - Sync 1 DAGs
[2024-09-18T20:50:53.806+0000] {logging_mixin.py:115} INFO - [2024-09-18T20:50:53.805+0000] {dag.py:2981} INFO - Setting next_dagrun for tutorial_etl_dag to None, run_after=None
[2024-09-18T20:50:53.812+0000] {processor.py:161} INFO - Processing /home/airflow/.local/lib/python3.7/site-packages/airflow/example_dags/tutorial_etl_dag.py took 0.038 seconds
[2024-09-18T20:51:23.987+0000] {processor.py:153} INFO - Started process (PID=3738) to work on /home/airflow/.local/lib/python3.7/site-packages/airflow/example_dags/tutorial_etl_dag.py
[2024-09-18T20:51:23.989+0000] {processor.py:640} INFO - Processing file /home/airflow/.local/lib/python3.7/site-packages/airflow/example_dags/tutorial_etl_dag.py for tasks to queue
[2024-09-18T20:51:23.990+0000] {logging_mixin.py:115} INFO - [2024-09-18T20:51:23.990+0000] {dagbag.py:508} INFO - Filling up the DagBag from /home/airflow/.local/lib/python3.7/site-packages/airflow/example_dags/tutorial_etl_dag.py
[2024-09-18T20:51:23.993+0000] {processor.py:650} INFO - DAG(s) dict_keys(['tutorial_etl_dag']) retrieved from /home/airflow/.local/lib/python3.7/site-packages/airflow/example_dags/tutorial_etl_dag.py
[2024-09-18T20:51:24.006+0000] {logging_mixin.py:115} INFO - [2024-09-18T20:51:24.006+0000] {dag.py:2429} INFO - Sync 1 DAGs
[2024-09-18T20:51:24.017+0000] {logging_mixin.py:115} INFO - [2024-09-18T20:51:24.017+0000] {dag.py:2981} INFO - Setting next_dagrun for tutorial_etl_dag to None, run_after=None
[2024-09-18T20:51:24.025+0000] {processor.py:161} INFO - Processing /home/airflow/.local/lib/python3.7/site-packages/airflow/example_dags/tutorial_etl_dag.py took 0.040 seconds
[2024-09-18T20:51:54.213+0000] {processor.py:153} INFO - Started process (PID=3938) to work on /home/airflow/.local/lib/python3.7/site-packages/airflow/example_dags/tutorial_etl_dag.py
[2024-09-18T20:51:54.213+0000] {processor.py:640} INFO - Processing file /home/airflow/.local/lib/python3.7/site-packages/airflow/example_dags/tutorial_etl_dag.py for tasks to queue
[2024-09-18T20:51:54.213+0000] {logging_mixin.py:115} INFO - [2024-09-18T20:51:54.213+0000] {dagbag.py:508} INFO - Filling up the DagBag from /home/airflow/.local/lib/python3.7/site-packages/airflow/example_dags/tutorial_etl_dag.py
[2024-09-18T20:51:54.216+0000] {processor.py:650} INFO - DAG(s) dict_keys(['tutorial_etl_dag']) retrieved from /home/airflow/.local/lib/python3.7/site-packages/airflow/example_dags/tutorial_etl_dag.py
[2024-09-18T20:51:54.227+0000] {logging_mixin.py:115} INFO - [2024-09-18T20:51:54.227+0000] {dag.py:2429} INFO - Sync 1 DAGs
[2024-09-18T20:51:54.242+0000] {logging_mixin.py:115} INFO - [2024-09-18T20:51:54.242+0000] {dag.py:2981} INFO - Setting next_dagrun for tutorial_etl_dag to None, run_after=None
[2024-09-18T20:51:54.247+0000] {processor.py:161} INFO - Processing /home/airflow/.local/lib/python3.7/site-packages/airflow/example_dags/tutorial_etl_dag.py took 0.036 seconds
[2024-09-18T20:52:24.296+0000] {processor.py:153} INFO - Started process (PID=4131) to work on /home/airflow/.local/lib/python3.7/site-packages/airflow/example_dags/tutorial_etl_dag.py
[2024-09-18T20:52:24.297+0000] {processor.py:640} INFO - Processing file /home/airflow/.local/lib/python3.7/site-packages/airflow/example_dags/tutorial_etl_dag.py for tasks to queue
[2024-09-18T20:52:24.297+0000] {logging_mixin.py:115} INFO - [2024-09-18T20:52:24.297+0000] {dagbag.py:508} INFO - Filling up the DagBag from /home/airflow/.local/lib/python3.7/site-packages/airflow/example_dags/tutorial_etl_dag.py
[2024-09-18T20:52:24.300+0000] {processor.py:650} INFO - DAG(s) dict_keys(['tutorial_etl_dag']) retrieved from /home/airflow/.local/lib/python3.7/site-packages/airflow/example_dags/tutorial_etl_dag.py
[2024-09-18T20:52:24.309+0000] {logging_mixin.py:115} INFO - [2024-09-18T20:52:24.309+0000] {dag.py:2429} INFO - Sync 1 DAGs
[2024-09-18T20:52:24.322+0000] {logging_mixin.py:115} INFO - [2024-09-18T20:52:24.322+0000] {dag.py:2981} INFO - Setting next_dagrun for tutorial_etl_dag to None, run_after=None
[2024-09-18T20:52:24.330+0000] {processor.py:161} INFO - Processing /home/airflow/.local/lib/python3.7/site-packages/airflow/example_dags/tutorial_etl_dag.py took 0.036 seconds
[2024-09-18T20:52:54.366+0000] {processor.py:153} INFO - Started process (PID=4323) to work on /home/airflow/.local/lib/python3.7/site-packages/airflow/example_dags/tutorial_etl_dag.py
[2024-09-18T20:52:54.366+0000] {processor.py:640} INFO - Processing file /home/airflow/.local/lib/python3.7/site-packages/airflow/example_dags/tutorial_etl_dag.py for tasks to queue
[2024-09-18T20:52:54.367+0000] {logging_mixin.py:115} INFO - [2024-09-18T20:52:54.367+0000] {dagbag.py:508} INFO - Filling up the DagBag from /home/airflow/.local/lib/python3.7/site-packages/airflow/example_dags/tutorial_etl_dag.py
[2024-09-18T20:52:54.370+0000] {processor.py:650} INFO - DAG(s) dict_keys(['tutorial_etl_dag']) retrieved from /home/airflow/.local/lib/python3.7/site-packages/airflow/example_dags/tutorial_etl_dag.py
[2024-09-18T20:52:54.380+0000] {logging_mixin.py:115} INFO - [2024-09-18T20:52:54.380+0000] {dag.py:2429} INFO - Sync 1 DAGs
[2024-09-18T20:52:54.390+0000] {logging_mixin.py:115} INFO - [2024-09-18T20:52:54.390+0000] {dag.py:2981} INFO - Setting next_dagrun for tutorial_etl_dag to None, run_after=None
[2024-09-18T20:52:54.395+0000] {processor.py:161} INFO - Processing /home/airflow/.local/lib/python3.7/site-packages/airflow/example_dags/tutorial_etl_dag.py took 0.030 seconds
[2024-09-18T20:53:24.573+0000] {processor.py:153} INFO - Started process (PID=4516) to work on /home/airflow/.local/lib/python3.7/site-packages/airflow/example_dags/tutorial_etl_dag.py
[2024-09-18T20:53:24.573+0000] {processor.py:640} INFO - Processing file /home/airflow/.local/lib/python3.7/site-packages/airflow/example_dags/tutorial_etl_dag.py for tasks to queue
[2024-09-18T20:53:24.573+0000] {logging_mixin.py:115} INFO - [2024-09-18T20:53:24.573+0000] {dagbag.py:508} INFO - Filling up the DagBag from /home/airflow/.local/lib/python3.7/site-packages/airflow/example_dags/tutorial_etl_dag.py
[2024-09-18T20:53:24.576+0000] {processor.py:650} INFO - DAG(s) dict_keys(['tutorial_etl_dag']) retrieved from /home/airflow/.local/lib/python3.7/site-packages/airflow/example_dags/tutorial_etl_dag.py
[2024-09-18T20:53:24.586+0000] {logging_mixin.py:115} INFO - [2024-09-18T20:53:24.586+0000] {dag.py:2429} INFO - Sync 1 DAGs
[2024-09-18T20:53:24.596+0000] {logging_mixin.py:115} INFO - [2024-09-18T20:53:24.595+0000] {dag.py:2981} INFO - Setting next_dagrun for tutorial_etl_dag to None, run_after=None
[2024-09-18T20:53:24.600+0000] {processor.py:161} INFO - Processing /home/airflow/.local/lib/python3.7/site-packages/airflow/example_dags/tutorial_etl_dag.py took 0.028 seconds
[2024-09-18T20:53:54.644+0000] {processor.py:153} INFO - Started process (PID=4710) to work on /home/airflow/.local/lib/python3.7/site-packages/airflow/example_dags/tutorial_etl_dag.py
[2024-09-18T20:53:54.644+0000] {processor.py:640} INFO - Processing file /home/airflow/.local/lib/python3.7/site-packages/airflow/example_dags/tutorial_etl_dag.py for tasks to queue
[2024-09-18T20:53:54.645+0000] {logging_mixin.py:115} INFO - [2024-09-18T20:53:54.645+0000] {dagbag.py:508} INFO - Filling up the DagBag from /home/airflow/.local/lib/python3.7/site-packages/airflow/example_dags/tutorial_etl_dag.py
[2024-09-18T20:53:54.647+0000] {processor.py:650} INFO - DAG(s) dict_keys(['tutorial_etl_dag']) retrieved from /home/airflow/.local/lib/python3.7/site-packages/airflow/example_dags/tutorial_etl_dag.py
[2024-09-18T20:53:54.658+0000] {logging_mixin.py:115} INFO - [2024-09-18T20:53:54.658+0000] {dag.py:2429} INFO - Sync 1 DAGs
[2024-09-18T20:53:54.668+0000] {logging_mixin.py:115} INFO - [2024-09-18T20:53:54.668+0000] {dag.py:2981} INFO - Setting next_dagrun for tutorial_etl_dag to None, run_after=None
[2024-09-18T20:53:54.673+0000] {processor.py:161} INFO - Processing /home/airflow/.local/lib/python3.7/site-packages/airflow/example_dags/tutorial_etl_dag.py took 0.030 seconds
[2024-09-18T20:54:24.781+0000] {processor.py:153} INFO - Started process (PID=4907) to work on /home/airflow/.local/lib/python3.7/site-packages/airflow/example_dags/tutorial_etl_dag.py
[2024-09-18T20:54:24.781+0000] {processor.py:640} INFO - Processing file /home/airflow/.local/lib/python3.7/site-packages/airflow/example_dags/tutorial_etl_dag.py for tasks to queue
[2024-09-18T20:54:24.781+0000] {logging_mixin.py:115} INFO - [2024-09-18T20:54:24.781+0000] {dagbag.py:508} INFO - Filling up the DagBag from /home/airflow/.local/lib/python3.7/site-packages/airflow/example_dags/tutorial_etl_dag.py
[2024-09-18T20:54:24.784+0000] {processor.py:650} INFO - DAG(s) dict_keys(['tutorial_etl_dag']) retrieved from /home/airflow/.local/lib/python3.7/site-packages/airflow/example_dags/tutorial_etl_dag.py
[2024-09-18T20:54:24.795+0000] {logging_mixin.py:115} INFO - [2024-09-18T20:54:24.795+0000] {dag.py:2429} INFO - Sync 1 DAGs
[2024-09-18T20:54:24.804+0000] {logging_mixin.py:115} INFO - [2024-09-18T20:54:24.804+0000] {dag.py:2981} INFO - Setting next_dagrun for tutorial_etl_dag to None, run_after=None
[2024-09-18T20:54:24.809+0000] {processor.py:161} INFO - Processing /home/airflow/.local/lib/python3.7/site-packages/airflow/example_dags/tutorial_etl_dag.py took 0.030 seconds
[2024-09-18T20:54:54.954+0000] {processor.py:153} INFO - Started process (PID=5103) to work on /home/airflow/.local/lib/python3.7/site-packages/airflow/example_dags/tutorial_etl_dag.py
[2024-09-18T20:54:54.954+0000] {processor.py:640} INFO - Processing file /home/airflow/.local/lib/python3.7/site-packages/airflow/example_dags/tutorial_etl_dag.py for tasks to queue
[2024-09-18T20:54:54.954+0000] {logging_mixin.py:115} INFO - [2024-09-18T20:54:54.954+0000] {dagbag.py:508} INFO - Filling up the DagBag from /home/airflow/.local/lib/python3.7/site-packages/airflow/example_dags/tutorial_etl_dag.py
[2024-09-18T20:54:54.957+0000] {processor.py:650} INFO - DAG(s) dict_keys(['tutorial_etl_dag']) retrieved from /home/airflow/.local/lib/python3.7/site-packages/airflow/example_dags/tutorial_etl_dag.py
[2024-09-18T20:54:54.997+0000] {logging_mixin.py:115} INFO - [2024-09-18T20:54:54.997+0000] {dag.py:2429} INFO - Sync 1 DAGs
[2024-09-18T20:54:55.011+0000] {logging_mixin.py:115} INFO - [2024-09-18T20:54:55.010+0000] {dag.py:2981} INFO - Setting next_dagrun for tutorial_etl_dag to None, run_after=None
[2024-09-18T20:54:55.016+0000] {processor.py:161} INFO - Processing /home/airflow/.local/lib/python3.7/site-packages/airflow/example_dags/tutorial_etl_dag.py took 0.064 seconds
[2024-09-18T20:55:25.262+0000] {processor.py:153} INFO - Started process (PID=5299) to work on /home/airflow/.local/lib/python3.7/site-packages/airflow/example_dags/tutorial_etl_dag.py
[2024-09-18T20:55:25.263+0000] {processor.py:640} INFO - Processing file /home/airflow/.local/lib/python3.7/site-packages/airflow/example_dags/tutorial_etl_dag.py for tasks to queue
[2024-09-18T20:55:25.263+0000] {logging_mixin.py:115} INFO - [2024-09-18T20:55:25.263+0000] {dagbag.py:508} INFO - Filling up the DagBag from /home/airflow/.local/lib/python3.7/site-packages/airflow/example_dags/tutorial_etl_dag.py
[2024-09-18T20:55:25.265+0000] {processor.py:650} INFO - DAG(s) dict_keys(['tutorial_etl_dag']) retrieved from /home/airflow/.local/lib/python3.7/site-packages/airflow/example_dags/tutorial_etl_dag.py
[2024-09-18T20:55:25.275+0000] {logging_mixin.py:115} INFO - [2024-09-18T20:55:25.275+0000] {dag.py:2429} INFO - Sync 1 DAGs
[2024-09-18T20:55:25.284+0000] {logging_mixin.py:115} INFO - [2024-09-18T20:55:25.284+0000] {dag.py:2981} INFO - Setting next_dagrun for tutorial_etl_dag to None, run_after=None
[2024-09-18T20:55:25.289+0000] {processor.py:161} INFO - Processing /home/airflow/.local/lib/python3.7/site-packages/airflow/example_dags/tutorial_etl_dag.py took 0.028 seconds
[2024-09-18T20:55:55.360+0000] {processor.py:153} INFO - Started process (PID=5496) to work on /home/airflow/.local/lib/python3.7/site-packages/airflow/example_dags/tutorial_etl_dag.py
[2024-09-18T20:55:55.360+0000] {processor.py:640} INFO - Processing file /home/airflow/.local/lib/python3.7/site-packages/airflow/example_dags/tutorial_etl_dag.py for tasks to queue
[2024-09-18T20:55:55.361+0000] {logging_mixin.py:115} INFO - [2024-09-18T20:55:55.361+0000] {dagbag.py:508} INFO - Filling up the DagBag from /home/airflow/.local/lib/python3.7/site-packages/airflow/example_dags/tutorial_etl_dag.py
[2024-09-18T20:55:55.363+0000] {processor.py:650} INFO - DAG(s) dict_keys(['tutorial_etl_dag']) retrieved from /home/airflow/.local/lib/python3.7/site-packages/airflow/example_dags/tutorial_etl_dag.py
[2024-09-18T20:55:55.376+0000] {logging_mixin.py:115} INFO - [2024-09-18T20:55:55.376+0000] {dag.py:2429} INFO - Sync 1 DAGs
[2024-09-18T20:55:55.386+0000] {logging_mixin.py:115} INFO - [2024-09-18T20:55:55.386+0000] {dag.py:2981} INFO - Setting next_dagrun for tutorial_etl_dag to None, run_after=None
[2024-09-18T20:55:55.391+0000] {processor.py:161} INFO - Processing /home/airflow/.local/lib/python3.7/site-packages/airflow/example_dags/tutorial_etl_dag.py took 0.033 seconds
[2024-09-18T20:56:25.514+0000] {processor.py:153} INFO - Started process (PID=5681) to work on /home/airflow/.local/lib/python3.7/site-packages/airflow/example_dags/tutorial_etl_dag.py
[2024-09-18T20:56:25.514+0000] {processor.py:640} INFO - Processing file /home/airflow/.local/lib/python3.7/site-packages/airflow/example_dags/tutorial_etl_dag.py for tasks to queue
[2024-09-18T20:56:25.514+0000] {logging_mixin.py:115} INFO - [2024-09-18T20:56:25.514+0000] {dagbag.py:508} INFO - Filling up the DagBag from /home/airflow/.local/lib/python3.7/site-packages/airflow/example_dags/tutorial_etl_dag.py
[2024-09-18T20:56:25.518+0000] {processor.py:650} INFO - DAG(s) dict_keys(['tutorial_etl_dag']) retrieved from /home/airflow/.local/lib/python3.7/site-packages/airflow/example_dags/tutorial_etl_dag.py
[2024-09-18T20:56:25.529+0000] {logging_mixin.py:115} INFO - [2024-09-18T20:56:25.529+0000] {dag.py:2429} INFO - Sync 1 DAGs
[2024-09-18T20:56:25.540+0000] {logging_mixin.py:115} INFO - [2024-09-18T20:56:25.540+0000] {dag.py:2981} INFO - Setting next_dagrun for tutorial_etl_dag to None, run_after=None
[2024-09-18T20:56:25.545+0000] {processor.py:161} INFO - Processing /home/airflow/.local/lib/python3.7/site-packages/airflow/example_dags/tutorial_etl_dag.py took 0.032 seconds
[2024-09-18T20:56:55.590+0000] {processor.py:153} INFO - Started process (PID=5878) to work on /home/airflow/.local/lib/python3.7/site-packages/airflow/example_dags/tutorial_etl_dag.py
[2024-09-18T20:56:55.592+0000] {processor.py:640} INFO - Processing file /home/airflow/.local/lib/python3.7/site-packages/airflow/example_dags/tutorial_etl_dag.py for tasks to queue
[2024-09-18T20:56:55.592+0000] {logging_mixin.py:115} INFO - [2024-09-18T20:56:55.592+0000] {dagbag.py:508} INFO - Filling up the DagBag from /home/airflow/.local/lib/python3.7/site-packages/airflow/example_dags/tutorial_etl_dag.py
[2024-09-18T20:56:55.595+0000] {processor.py:650} INFO - DAG(s) dict_keys(['tutorial_etl_dag']) retrieved from /home/airflow/.local/lib/python3.7/site-packages/airflow/example_dags/tutorial_etl_dag.py
[2024-09-18T20:56:55.605+0000] {logging_mixin.py:115} INFO - [2024-09-18T20:56:55.605+0000] {dag.py:2429} INFO - Sync 1 DAGs
[2024-09-18T20:56:55.615+0000] {logging_mixin.py:115} INFO - [2024-09-18T20:56:55.615+0000] {dag.py:2981} INFO - Setting next_dagrun for tutorial_etl_dag to None, run_after=None
[2024-09-18T20:56:55.620+0000] {processor.py:161} INFO - Processing /home/airflow/.local/lib/python3.7/site-packages/airflow/example_dags/tutorial_etl_dag.py took 0.032 seconds
[2024-09-18T20:57:25.698+0000] {processor.py:153} INFO - Started process (PID=6076) to work on /home/airflow/.local/lib/python3.7/site-packages/airflow/example_dags/tutorial_etl_dag.py
[2024-09-18T20:57:25.699+0000] {processor.py:640} INFO - Processing file /home/airflow/.local/lib/python3.7/site-packages/airflow/example_dags/tutorial_etl_dag.py for tasks to queue
[2024-09-18T20:57:25.700+0000] {logging_mixin.py:115} INFO - [2024-09-18T20:57:25.700+0000] {dagbag.py:508} INFO - Filling up the DagBag from /home/airflow/.local/lib/python3.7/site-packages/airflow/example_dags/tutorial_etl_dag.py
[2024-09-18T20:57:25.703+0000] {processor.py:650} INFO - DAG(s) dict_keys(['tutorial_etl_dag']) retrieved from /home/airflow/.local/lib/python3.7/site-packages/airflow/example_dags/tutorial_etl_dag.py
[2024-09-18T20:57:25.713+0000] {logging_mixin.py:115} INFO - [2024-09-18T20:57:25.712+0000] {dag.py:2429} INFO - Sync 1 DAGs
[2024-09-18T20:57:25.725+0000] {logging_mixin.py:115} INFO - [2024-09-18T20:57:25.725+0000] {dag.py:2981} INFO - Setting next_dagrun for tutorial_etl_dag to None, run_after=None
[2024-09-18T20:57:25.731+0000] {processor.py:161} INFO - Processing /home/airflow/.local/lib/python3.7/site-packages/airflow/example_dags/tutorial_etl_dag.py took 0.034 seconds
[2024-09-18T20:57:55.924+0000] {processor.py:153} INFO - Started process (PID=6275) to work on /home/airflow/.local/lib/python3.7/site-packages/airflow/example_dags/tutorial_etl_dag.py
[2024-09-18T20:57:55.925+0000] {processor.py:640} INFO - Processing file /home/airflow/.local/lib/python3.7/site-packages/airflow/example_dags/tutorial_etl_dag.py for tasks to queue
[2024-09-18T20:57:55.925+0000] {logging_mixin.py:115} INFO - [2024-09-18T20:57:55.925+0000] {dagbag.py:508} INFO - Filling up the DagBag from /home/airflow/.local/lib/python3.7/site-packages/airflow/example_dags/tutorial_etl_dag.py
[2024-09-18T20:57:55.928+0000] {processor.py:650} INFO - DAG(s) dict_keys(['tutorial_etl_dag']) retrieved from /home/airflow/.local/lib/python3.7/site-packages/airflow/example_dags/tutorial_etl_dag.py
[2024-09-18T20:57:55.944+0000] {logging_mixin.py:115} INFO - [2024-09-18T20:57:55.944+0000] {dag.py:2429} INFO - Sync 1 DAGs
[2024-09-18T20:57:55.956+0000] {logging_mixin.py:115} INFO - [2024-09-18T20:57:55.956+0000] {dag.py:2981} INFO - Setting next_dagrun for tutorial_etl_dag to None, run_after=None
[2024-09-18T20:57:55.962+0000] {processor.py:161} INFO - Processing /home/airflow/.local/lib/python3.7/site-packages/airflow/example_dags/tutorial_etl_dag.py took 0.039 seconds
[2024-09-18T20:58:26.081+0000] {processor.py:153} INFO - Started process (PID=6471) to work on /home/airflow/.local/lib/python3.7/site-packages/airflow/example_dags/tutorial_etl_dag.py
[2024-09-18T20:58:26.082+0000] {processor.py:640} INFO - Processing file /home/airflow/.local/lib/python3.7/site-packages/airflow/example_dags/tutorial_etl_dag.py for tasks to queue
[2024-09-18T20:58:26.082+0000] {logging_mixin.py:115} INFO - [2024-09-18T20:58:26.082+0000] {dagbag.py:508} INFO - Filling up the DagBag from /home/airflow/.local/lib/python3.7/site-packages/airflow/example_dags/tutorial_etl_dag.py
[2024-09-18T20:58:26.085+0000] {processor.py:650} INFO - DAG(s) dict_keys(['tutorial_etl_dag']) retrieved from /home/airflow/.local/lib/python3.7/site-packages/airflow/example_dags/tutorial_etl_dag.py
[2024-09-18T20:58:26.096+0000] {logging_mixin.py:115} INFO - [2024-09-18T20:58:26.096+0000] {dag.py:2429} INFO - Sync 1 DAGs
[2024-09-18T20:58:26.111+0000] {logging_mixin.py:115} INFO - [2024-09-18T20:58:26.111+0000] {dag.py:2981} INFO - Setting next_dagrun for tutorial_etl_dag to None, run_after=None
[2024-09-18T20:58:26.117+0000] {processor.py:161} INFO - Processing /home/airflow/.local/lib/python3.7/site-packages/airflow/example_dags/tutorial_etl_dag.py took 0.037 seconds
[2024-09-18T20:58:56.259+0000] {processor.py:153} INFO - Started process (PID=6666) to work on /home/airflow/.local/lib/python3.7/site-packages/airflow/example_dags/tutorial_etl_dag.py
[2024-09-18T20:58:56.259+0000] {processor.py:640} INFO - Processing file /home/airflow/.local/lib/python3.7/site-packages/airflow/example_dags/tutorial_etl_dag.py for tasks to queue
[2024-09-18T20:58:56.259+0000] {logging_mixin.py:115} INFO - [2024-09-18T20:58:56.259+0000] {dagbag.py:508} INFO - Filling up the DagBag from /home/airflow/.local/lib/python3.7/site-packages/airflow/example_dags/tutorial_etl_dag.py
[2024-09-18T20:58:56.262+0000] {processor.py:650} INFO - DAG(s) dict_keys(['tutorial_etl_dag']) retrieved from /home/airflow/.local/lib/python3.7/site-packages/airflow/example_dags/tutorial_etl_dag.py
[2024-09-18T20:58:56.277+0000] {logging_mixin.py:115} INFO - [2024-09-18T20:58:56.277+0000] {dag.py:2429} INFO - Sync 1 DAGs
[2024-09-18T20:58:56.288+0000] {logging_mixin.py:115} INFO - [2024-09-18T20:58:56.288+0000] {dag.py:2981} INFO - Setting next_dagrun for tutorial_etl_dag to None, run_after=None
[2024-09-18T20:58:56.292+0000] {processor.py:161} INFO - Processing /home/airflow/.local/lib/python3.7/site-packages/airflow/example_dags/tutorial_etl_dag.py took 0.035 seconds
[2024-09-18T20:59:26.562+0000] {processor.py:153} INFO - Started process (PID=6856) to work on /home/airflow/.local/lib/python3.7/site-packages/airflow/example_dags/tutorial_etl_dag.py
[2024-09-18T20:59:26.563+0000] {processor.py:640} INFO - Processing file /home/airflow/.local/lib/python3.7/site-packages/airflow/example_dags/tutorial_etl_dag.py for tasks to queue
[2024-09-18T20:59:26.563+0000] {logging_mixin.py:115} INFO - [2024-09-18T20:59:26.563+0000] {dagbag.py:508} INFO - Filling up the DagBag from /home/airflow/.local/lib/python3.7/site-packages/airflow/example_dags/tutorial_etl_dag.py
[2024-09-18T20:59:26.566+0000] {processor.py:650} INFO - DAG(s) dict_keys(['tutorial_etl_dag']) retrieved from /home/airflow/.local/lib/python3.7/site-packages/airflow/example_dags/tutorial_etl_dag.py
[2024-09-18T20:59:26.579+0000] {logging_mixin.py:115} INFO - [2024-09-18T20:59:26.579+0000] {dag.py:2429} INFO - Sync 1 DAGs
[2024-09-18T20:59:26.591+0000] {logging_mixin.py:115} INFO - [2024-09-18T20:59:26.591+0000] {dag.py:2981} INFO - Setting next_dagrun for tutorial_etl_dag to None, run_after=None
[2024-09-18T20:59:26.596+0000] {processor.py:161} INFO - Processing /home/airflow/.local/lib/python3.7/site-packages/airflow/example_dags/tutorial_etl_dag.py took 0.036 seconds
[2024-09-18T20:59:56.783+0000] {processor.py:153} INFO - Started process (PID=7051) to work on /home/airflow/.local/lib/python3.7/site-packages/airflow/example_dags/tutorial_etl_dag.py
[2024-09-18T20:59:56.784+0000] {processor.py:640} INFO - Processing file /home/airflow/.local/lib/python3.7/site-packages/airflow/example_dags/tutorial_etl_dag.py for tasks to queue
[2024-09-18T20:59:56.785+0000] {logging_mixin.py:115} INFO - [2024-09-18T20:59:56.785+0000] {dagbag.py:508} INFO - Filling up the DagBag from /home/airflow/.local/lib/python3.7/site-packages/airflow/example_dags/tutorial_etl_dag.py
[2024-09-18T20:59:56.788+0000] {processor.py:650} INFO - DAG(s) dict_keys(['tutorial_etl_dag']) retrieved from /home/airflow/.local/lib/python3.7/site-packages/airflow/example_dags/tutorial_etl_dag.py
[2024-09-18T20:59:56.799+0000] {logging_mixin.py:115} INFO - [2024-09-18T20:59:56.799+0000] {dag.py:2429} INFO - Sync 1 DAGs
[2024-09-18T20:59:56.808+0000] {logging_mixin.py:115} INFO - [2024-09-18T20:59:56.808+0000] {dag.py:2981} INFO - Setting next_dagrun for tutorial_etl_dag to None, run_after=None
[2024-09-18T20:59:56.813+0000] {processor.py:161} INFO - Processing /home/airflow/.local/lib/python3.7/site-packages/airflow/example_dags/tutorial_etl_dag.py took 0.032 seconds
[2024-09-18T21:00:27.032+0000] {processor.py:153} INFO - Started process (PID=7250) to work on /home/airflow/.local/lib/python3.7/site-packages/airflow/example_dags/tutorial_etl_dag.py
[2024-09-18T21:00:27.033+0000] {processor.py:640} INFO - Processing file /home/airflow/.local/lib/python3.7/site-packages/airflow/example_dags/tutorial_etl_dag.py for tasks to queue
[2024-09-18T21:00:27.033+0000] {logging_mixin.py:115} INFO - [2024-09-18T21:00:27.033+0000] {dagbag.py:508} INFO - Filling up the DagBag from /home/airflow/.local/lib/python3.7/site-packages/airflow/example_dags/tutorial_etl_dag.py
[2024-09-18T21:00:27.036+0000] {processor.py:650} INFO - DAG(s) dict_keys(['tutorial_etl_dag']) retrieved from /home/airflow/.local/lib/python3.7/site-packages/airflow/example_dags/tutorial_etl_dag.py
[2024-09-18T21:00:27.050+0000] {logging_mixin.py:115} INFO - [2024-09-18T21:00:27.050+0000] {dag.py:2429} INFO - Sync 1 DAGs
[2024-09-18T21:00:27.065+0000] {logging_mixin.py:115} INFO - [2024-09-18T21:00:27.065+0000] {dag.py:2981} INFO - Setting next_dagrun for tutorial_etl_dag to None, run_after=None
[2024-09-18T21:00:27.075+0000] {processor.py:161} INFO - Processing /home/airflow/.local/lib/python3.7/site-packages/airflow/example_dags/tutorial_etl_dag.py took 0.044 seconds
