[2024-09-18T20:42:20.563+0000] {processor.py:153} INFO - Started process (PID=308) to work on /home/airflow/.local/lib/python3.7/site-packages/airflow/example_dags/tutorial_taskflow_api_etl_virtualenv.py
[2024-09-18T20:42:20.565+0000] {processor.py:640} INFO - Processing file /home/airflow/.local/lib/python3.7/site-packages/airflow/example_dags/tutorial_taskflow_api_etl_virtualenv.py for tasks to queue
[2024-09-18T20:42:20.566+0000] {logging_mixin.py:115} INFO - [2024-09-18T20:42:20.566+0000] {dagbag.py:508} INFO - Filling up the DagBag from /home/airflow/.local/lib/python3.7/site-packages/airflow/example_dags/tutorial_taskflow_api_etl_virtualenv.py
[2024-09-18T20:42:20.575+0000] {processor.py:650} INFO - DAG(s) dict_keys(['tutorial_taskflow_api_etl_virtualenv']) retrieved from /home/airflow/.local/lib/python3.7/site-packages/airflow/example_dags/tutorial_taskflow_api_etl_virtualenv.py
[2024-09-18T20:42:20.624+0000] {logging_mixin.py:115} INFO - [2024-09-18T20:42:20.624+0000] {manager.py:508} INFO - Created Permission View: can edit on DAG:tutorial_taskflow_api_etl_virtualenv
[2024-09-18T20:42:20.629+0000] {logging_mixin.py:115} INFO - [2024-09-18T20:42:20.629+0000] {manager.py:508} INFO - Created Permission View: can read on DAG:tutorial_taskflow_api_etl_virtualenv
[2024-09-18T20:42:20.637+0000] {logging_mixin.py:115} INFO - [2024-09-18T20:42:20.637+0000] {manager.py:508} INFO - Created Permission View: can delete on DAG:tutorial_taskflow_api_etl_virtualenv
[2024-09-18T20:42:20.637+0000] {logging_mixin.py:115} INFO - [2024-09-18T20:42:20.637+0000] {dag.py:2429} INFO - Sync 1 DAGs
[2024-09-18T20:42:20.644+0000] {logging_mixin.py:115} INFO - [2024-09-18T20:42:20.644+0000] {dag.py:2448} INFO - Creating ORM DAG for tutorial_taskflow_api_etl_virtualenv
[2024-09-18T20:42:20.650+0000] {logging_mixin.py:115} INFO - [2024-09-18T20:42:20.650+0000] {dag.py:2981} INFO - Setting next_dagrun for tutorial_taskflow_api_etl_virtualenv to None, run_after=None
[2024-09-18T20:42:20.657+0000] {processor.py:161} INFO - Processing /home/airflow/.local/lib/python3.7/site-packages/airflow/example_dags/tutorial_taskflow_api_etl_virtualenv.py took 0.096 seconds
[2024-09-18T20:42:50.906+0000] {processor.py:153} INFO - Started process (PID=504) to work on /home/airflow/.local/lib/python3.7/site-packages/airflow/example_dags/tutorial_taskflow_api_etl_virtualenv.py
[2024-09-18T20:42:50.907+0000] {processor.py:640} INFO - Processing file /home/airflow/.local/lib/python3.7/site-packages/airflow/example_dags/tutorial_taskflow_api_etl_virtualenv.py for tasks to queue
[2024-09-18T20:42:50.907+0000] {logging_mixin.py:115} INFO - [2024-09-18T20:42:50.907+0000] {dagbag.py:508} INFO - Filling up the DagBag from /home/airflow/.local/lib/python3.7/site-packages/airflow/example_dags/tutorial_taskflow_api_etl_virtualenv.py
[2024-09-18T20:42:50.914+0000] {processor.py:650} INFO - DAG(s) dict_keys(['tutorial_taskflow_api_etl_virtualenv']) retrieved from /home/airflow/.local/lib/python3.7/site-packages/airflow/example_dags/tutorial_taskflow_api_etl_virtualenv.py
[2024-09-18T20:42:50.941+0000] {logging_mixin.py:115} INFO - [2024-09-18T20:42:50.941+0000] {dag.py:2429} INFO - Sync 1 DAGs
[2024-09-18T20:42:50.948+0000] {logging_mixin.py:115} INFO - [2024-09-18T20:42:50.948+0000] {dag.py:2981} INFO - Setting next_dagrun for tutorial_taskflow_api_etl_virtualenv to None, run_after=None
[2024-09-18T20:42:50.954+0000] {processor.py:161} INFO - Processing /home/airflow/.local/lib/python3.7/site-packages/airflow/example_dags/tutorial_taskflow_api_etl_virtualenv.py took 0.049 seconds
[2024-09-18T20:43:21.090+0000] {processor.py:153} INFO - Started process (PID=701) to work on /home/airflow/.local/lib/python3.7/site-packages/airflow/example_dags/tutorial_taskflow_api_etl_virtualenv.py
[2024-09-18T20:43:21.090+0000] {processor.py:640} INFO - Processing file /home/airflow/.local/lib/python3.7/site-packages/airflow/example_dags/tutorial_taskflow_api_etl_virtualenv.py for tasks to queue
[2024-09-18T20:43:21.090+0000] {logging_mixin.py:115} INFO - [2024-09-18T20:43:21.090+0000] {dagbag.py:508} INFO - Filling up the DagBag from /home/airflow/.local/lib/python3.7/site-packages/airflow/example_dags/tutorial_taskflow_api_etl_virtualenv.py
[2024-09-18T20:43:21.097+0000] {processor.py:650} INFO - DAG(s) dict_keys(['tutorial_taskflow_api_etl_virtualenv']) retrieved from /home/airflow/.local/lib/python3.7/site-packages/airflow/example_dags/tutorial_taskflow_api_etl_virtualenv.py
[2024-09-18T20:43:21.124+0000] {logging_mixin.py:115} INFO - [2024-09-18T20:43:21.124+0000] {dag.py:2429} INFO - Sync 1 DAGs
[2024-09-18T20:43:21.131+0000] {logging_mixin.py:115} INFO - [2024-09-18T20:43:21.131+0000] {dag.py:2981} INFO - Setting next_dagrun for tutorial_taskflow_api_etl_virtualenv to None, run_after=None
[2024-09-18T20:43:21.137+0000] {processor.py:161} INFO - Processing /home/airflow/.local/lib/python3.7/site-packages/airflow/example_dags/tutorial_taskflow_api_etl_virtualenv.py took 0.048 seconds
[2024-09-18T20:43:51.399+0000] {processor.py:153} INFO - Started process (PID=898) to work on /home/airflow/.local/lib/python3.7/site-packages/airflow/example_dags/tutorial_taskflow_api_etl_virtualenv.py
[2024-09-18T20:43:51.400+0000] {processor.py:640} INFO - Processing file /home/airflow/.local/lib/python3.7/site-packages/airflow/example_dags/tutorial_taskflow_api_etl_virtualenv.py for tasks to queue
[2024-09-18T20:43:51.400+0000] {logging_mixin.py:115} INFO - [2024-09-18T20:43:51.400+0000] {dagbag.py:508} INFO - Filling up the DagBag from /home/airflow/.local/lib/python3.7/site-packages/airflow/example_dags/tutorial_taskflow_api_etl_virtualenv.py
[2024-09-18T20:43:51.408+0000] {processor.py:650} INFO - DAG(s) dict_keys(['tutorial_taskflow_api_etl_virtualenv']) retrieved from /home/airflow/.local/lib/python3.7/site-packages/airflow/example_dags/tutorial_taskflow_api_etl_virtualenv.py
[2024-09-18T20:43:51.439+0000] {logging_mixin.py:115} INFO - [2024-09-18T20:43:51.438+0000] {dag.py:2429} INFO - Sync 1 DAGs
[2024-09-18T20:43:51.451+0000] {logging_mixin.py:115} INFO - [2024-09-18T20:43:51.451+0000] {dag.py:2981} INFO - Setting next_dagrun for tutorial_taskflow_api_etl_virtualenv to None, run_after=None
[2024-09-18T20:43:51.458+0000] {processor.py:161} INFO - Processing /home/airflow/.local/lib/python3.7/site-packages/airflow/example_dags/tutorial_taskflow_api_etl_virtualenv.py took 0.061 seconds
[2024-09-18T20:44:21.611+0000] {processor.py:153} INFO - Started process (PID=1106) to work on /home/airflow/.local/lib/python3.7/site-packages/airflow/example_dags/tutorial_taskflow_api_etl_virtualenv.py
[2024-09-18T20:44:21.612+0000] {processor.py:640} INFO - Processing file /home/airflow/.local/lib/python3.7/site-packages/airflow/example_dags/tutorial_taskflow_api_etl_virtualenv.py for tasks to queue
[2024-09-18T20:44:21.612+0000] {logging_mixin.py:115} INFO - [2024-09-18T20:44:21.612+0000] {dagbag.py:508} INFO - Filling up the DagBag from /home/airflow/.local/lib/python3.7/site-packages/airflow/example_dags/tutorial_taskflow_api_etl_virtualenv.py
[2024-09-18T20:44:21.619+0000] {processor.py:650} INFO - DAG(s) dict_keys(['tutorial_taskflow_api_etl_virtualenv']) retrieved from /home/airflow/.local/lib/python3.7/site-packages/airflow/example_dags/tutorial_taskflow_api_etl_virtualenv.py
[2024-09-18T20:44:21.650+0000] {logging_mixin.py:115} INFO - [2024-09-18T20:44:21.650+0000] {dag.py:2429} INFO - Sync 1 DAGs
[2024-09-18T20:44:21.658+0000] {logging_mixin.py:115} INFO - [2024-09-18T20:44:21.658+0000] {dag.py:2981} INFO - Setting next_dagrun for tutorial_taskflow_api_etl_virtualenv to None, run_after=None
[2024-09-18T20:44:21.663+0000] {processor.py:161} INFO - Processing /home/airflow/.local/lib/python3.7/site-packages/airflow/example_dags/tutorial_taskflow_api_etl_virtualenv.py took 0.053 seconds
[2024-09-18T20:44:51.764+0000] {processor.py:153} INFO - Started process (PID=1301) to work on /home/airflow/.local/lib/python3.7/site-packages/airflow/example_dags/tutorial_taskflow_api_etl_virtualenv.py
[2024-09-18T20:44:51.766+0000] {processor.py:640} INFO - Processing file /home/airflow/.local/lib/python3.7/site-packages/airflow/example_dags/tutorial_taskflow_api_etl_virtualenv.py for tasks to queue
[2024-09-18T20:44:51.766+0000] {logging_mixin.py:115} INFO - [2024-09-18T20:44:51.766+0000] {dagbag.py:508} INFO - Filling up the DagBag from /home/airflow/.local/lib/python3.7/site-packages/airflow/example_dags/tutorial_taskflow_api_etl_virtualenv.py
[2024-09-18T20:44:51.775+0000] {processor.py:650} INFO - DAG(s) dict_keys(['tutorial_taskflow_api_etl_virtualenv']) retrieved from /home/airflow/.local/lib/python3.7/site-packages/airflow/example_dags/tutorial_taskflow_api_etl_virtualenv.py
[2024-09-18T20:44:51.806+0000] {logging_mixin.py:115} INFO - [2024-09-18T20:44:51.806+0000] {dag.py:2429} INFO - Sync 1 DAGs
[2024-09-18T20:44:51.816+0000] {logging_mixin.py:115} INFO - [2024-09-18T20:44:51.816+0000] {dag.py:2981} INFO - Setting next_dagrun for tutorial_taskflow_api_etl_virtualenv to None, run_after=None
[2024-09-18T20:44:51.822+0000] {processor.py:161} INFO - Processing /home/airflow/.local/lib/python3.7/site-packages/airflow/example_dags/tutorial_taskflow_api_etl_virtualenv.py took 0.059 seconds
[2024-09-18T20:45:21.956+0000] {processor.py:153} INFO - Started process (PID=1498) to work on /home/airflow/.local/lib/python3.7/site-packages/airflow/example_dags/tutorial_taskflow_api_etl_virtualenv.py
[2024-09-18T20:45:21.957+0000] {processor.py:640} INFO - Processing file /home/airflow/.local/lib/python3.7/site-packages/airflow/example_dags/tutorial_taskflow_api_etl_virtualenv.py for tasks to queue
[2024-09-18T20:45:21.957+0000] {logging_mixin.py:115} INFO - [2024-09-18T20:45:21.957+0000] {dagbag.py:508} INFO - Filling up the DagBag from /home/airflow/.local/lib/python3.7/site-packages/airflow/example_dags/tutorial_taskflow_api_etl_virtualenv.py
[2024-09-18T20:45:21.964+0000] {processor.py:650} INFO - DAG(s) dict_keys(['tutorial_taskflow_api_etl_virtualenv']) retrieved from /home/airflow/.local/lib/python3.7/site-packages/airflow/example_dags/tutorial_taskflow_api_etl_virtualenv.py
[2024-09-18T20:45:21.991+0000] {logging_mixin.py:115} INFO - [2024-09-18T20:45:21.991+0000] {dag.py:2429} INFO - Sync 1 DAGs
[2024-09-18T20:45:21.998+0000] {logging_mixin.py:115} INFO - [2024-09-18T20:45:21.998+0000] {dag.py:2981} INFO - Setting next_dagrun for tutorial_taskflow_api_etl_virtualenv to None, run_after=None
[2024-09-18T20:45:22.003+0000] {processor.py:161} INFO - Processing /home/airflow/.local/lib/python3.7/site-packages/airflow/example_dags/tutorial_taskflow_api_etl_virtualenv.py took 0.049 seconds
[2024-09-18T20:45:52.147+0000] {processor.py:153} INFO - Started process (PID=1694) to work on /home/airflow/.local/lib/python3.7/site-packages/airflow/example_dags/tutorial_taskflow_api_etl_virtualenv.py
[2024-09-18T20:45:52.151+0000] {processor.py:640} INFO - Processing file /home/airflow/.local/lib/python3.7/site-packages/airflow/example_dags/tutorial_taskflow_api_etl_virtualenv.py for tasks to queue
[2024-09-18T20:45:52.152+0000] {logging_mixin.py:115} INFO - [2024-09-18T20:45:52.152+0000] {dagbag.py:508} INFO - Filling up the DagBag from /home/airflow/.local/lib/python3.7/site-packages/airflow/example_dags/tutorial_taskflow_api_etl_virtualenv.py
[2024-09-18T20:45:52.159+0000] {processor.py:650} INFO - DAG(s) dict_keys(['tutorial_taskflow_api_etl_virtualenv']) retrieved from /home/airflow/.local/lib/python3.7/site-packages/airflow/example_dags/tutorial_taskflow_api_etl_virtualenv.py
[2024-09-18T20:45:52.170+0000] {logging_mixin.py:115} INFO - [2024-09-18T20:45:52.170+0000] {dag.py:2429} INFO - Sync 1 DAGs
[2024-09-18T20:45:52.179+0000] {logging_mixin.py:115} INFO - [2024-09-18T20:45:52.179+0000] {dag.py:2981} INFO - Setting next_dagrun for tutorial_taskflow_api_etl_virtualenv to None, run_after=None
[2024-09-18T20:45:52.183+0000] {processor.py:161} INFO - Processing /home/airflow/.local/lib/python3.7/site-packages/airflow/example_dags/tutorial_taskflow_api_etl_virtualenv.py took 0.038 seconds
[2024-09-18T20:46:22.367+0000] {processor.py:153} INFO - Started process (PID=1891) to work on /home/airflow/.local/lib/python3.7/site-packages/airflow/example_dags/tutorial_taskflow_api_etl_virtualenv.py
[2024-09-18T20:46:22.369+0000] {processor.py:640} INFO - Processing file /home/airflow/.local/lib/python3.7/site-packages/airflow/example_dags/tutorial_taskflow_api_etl_virtualenv.py for tasks to queue
[2024-09-18T20:46:22.369+0000] {logging_mixin.py:115} INFO - [2024-09-18T20:46:22.369+0000] {dagbag.py:508} INFO - Filling up the DagBag from /home/airflow/.local/lib/python3.7/site-packages/airflow/example_dags/tutorial_taskflow_api_etl_virtualenv.py
[2024-09-18T20:46:22.377+0000] {processor.py:650} INFO - DAG(s) dict_keys(['tutorial_taskflow_api_etl_virtualenv']) retrieved from /home/airflow/.local/lib/python3.7/site-packages/airflow/example_dags/tutorial_taskflow_api_etl_virtualenv.py
[2024-09-18T20:46:22.408+0000] {logging_mixin.py:115} INFO - [2024-09-18T20:46:22.408+0000] {dag.py:2429} INFO - Sync 1 DAGs
[2024-09-18T20:46:22.419+0000] {logging_mixin.py:115} INFO - [2024-09-18T20:46:22.419+0000] {dag.py:2981} INFO - Setting next_dagrun for tutorial_taskflow_api_etl_virtualenv to None, run_after=None
[2024-09-18T20:46:22.428+0000] {processor.py:161} INFO - Processing /home/airflow/.local/lib/python3.7/site-packages/airflow/example_dags/tutorial_taskflow_api_etl_virtualenv.py took 0.063 seconds
[2024-09-18T20:46:52.679+0000] {processor.py:153} INFO - Started process (PID=2083) to work on /home/airflow/.local/lib/python3.7/site-packages/airflow/example_dags/tutorial_taskflow_api_etl_virtualenv.py
[2024-09-18T20:46:52.680+0000] {processor.py:640} INFO - Processing file /home/airflow/.local/lib/python3.7/site-packages/airflow/example_dags/tutorial_taskflow_api_etl_virtualenv.py for tasks to queue
[2024-09-18T20:46:52.681+0000] {logging_mixin.py:115} INFO - [2024-09-18T20:46:52.681+0000] {dagbag.py:508} INFO - Filling up the DagBag from /home/airflow/.local/lib/python3.7/site-packages/airflow/example_dags/tutorial_taskflow_api_etl_virtualenv.py
[2024-09-18T20:46:52.692+0000] {processor.py:650} INFO - DAG(s) dict_keys(['tutorial_taskflow_api_etl_virtualenv']) retrieved from /home/airflow/.local/lib/python3.7/site-packages/airflow/example_dags/tutorial_taskflow_api_etl_virtualenv.py
[2024-09-18T20:46:52.724+0000] {logging_mixin.py:115} INFO - [2024-09-18T20:46:52.724+0000] {dag.py:2429} INFO - Sync 1 DAGs
[2024-09-18T20:46:52.737+0000] {logging_mixin.py:115} INFO - [2024-09-18T20:46:52.737+0000] {dag.py:2981} INFO - Setting next_dagrun for tutorial_taskflow_api_etl_virtualenv to None, run_after=None
[2024-09-18T20:46:52.741+0000] {processor.py:161} INFO - Processing /home/airflow/.local/lib/python3.7/site-packages/airflow/example_dags/tutorial_taskflow_api_etl_virtualenv.py took 0.064 seconds
[2024-09-18T20:47:22.853+0000] {processor.py:153} INFO - Started process (PID=2276) to work on /home/airflow/.local/lib/python3.7/site-packages/airflow/example_dags/tutorial_taskflow_api_etl_virtualenv.py
[2024-09-18T20:47:22.855+0000] {processor.py:640} INFO - Processing file /home/airflow/.local/lib/python3.7/site-packages/airflow/example_dags/tutorial_taskflow_api_etl_virtualenv.py for tasks to queue
[2024-09-18T20:47:22.859+0000] {logging_mixin.py:115} INFO - [2024-09-18T20:47:22.859+0000] {dagbag.py:508} INFO - Filling up the DagBag from /home/airflow/.local/lib/python3.7/site-packages/airflow/example_dags/tutorial_taskflow_api_etl_virtualenv.py
[2024-09-18T20:47:22.865+0000] {processor.py:650} INFO - DAG(s) dict_keys(['tutorial_taskflow_api_etl_virtualenv']) retrieved from /home/airflow/.local/lib/python3.7/site-packages/airflow/example_dags/tutorial_taskflow_api_etl_virtualenv.py
[2024-09-18T20:47:22.892+0000] {logging_mixin.py:115} INFO - [2024-09-18T20:47:22.892+0000] {dag.py:2429} INFO - Sync 1 DAGs
[2024-09-18T20:47:22.899+0000] {logging_mixin.py:115} INFO - [2024-09-18T20:47:22.899+0000] {dag.py:2981} INFO - Setting next_dagrun for tutorial_taskflow_api_etl_virtualenv to None, run_after=None
[2024-09-18T20:47:22.904+0000] {processor.py:161} INFO - Processing /home/airflow/.local/lib/python3.7/site-packages/airflow/example_dags/tutorial_taskflow_api_etl_virtualenv.py took 0.052 seconds
[2024-09-18T20:47:53.132+0000] {processor.py:153} INFO - Started process (PID=2473) to work on /home/airflow/.local/lib/python3.7/site-packages/airflow/example_dags/tutorial_taskflow_api_etl_virtualenv.py
[2024-09-18T20:47:53.132+0000] {processor.py:640} INFO - Processing file /home/airflow/.local/lib/python3.7/site-packages/airflow/example_dags/tutorial_taskflow_api_etl_virtualenv.py for tasks to queue
[2024-09-18T20:47:53.132+0000] {logging_mixin.py:115} INFO - [2024-09-18T20:47:53.132+0000] {dagbag.py:508} INFO - Filling up the DagBag from /home/airflow/.local/lib/python3.7/site-packages/airflow/example_dags/tutorial_taskflow_api_etl_virtualenv.py
[2024-09-18T20:47:53.139+0000] {processor.py:650} INFO - DAG(s) dict_keys(['tutorial_taskflow_api_etl_virtualenv']) retrieved from /home/airflow/.local/lib/python3.7/site-packages/airflow/example_dags/tutorial_taskflow_api_etl_virtualenv.py
[2024-09-18T20:47:53.149+0000] {logging_mixin.py:115} INFO - [2024-09-18T20:47:53.149+0000] {dag.py:2429} INFO - Sync 1 DAGs
[2024-09-18T20:47:53.159+0000] {logging_mixin.py:115} INFO - [2024-09-18T20:47:53.159+0000] {dag.py:2981} INFO - Setting next_dagrun for tutorial_taskflow_api_etl_virtualenv to None, run_after=None
[2024-09-18T20:47:53.165+0000] {processor.py:161} INFO - Processing /home/airflow/.local/lib/python3.7/site-packages/airflow/example_dags/tutorial_taskflow_api_etl_virtualenv.py took 0.035 seconds
[2024-09-18T20:48:23.274+0000] {processor.py:153} INFO - Started process (PID=2670) to work on /home/airflow/.local/lib/python3.7/site-packages/airflow/example_dags/tutorial_taskflow_api_etl_virtualenv.py
[2024-09-18T20:48:23.274+0000] {processor.py:640} INFO - Processing file /home/airflow/.local/lib/python3.7/site-packages/airflow/example_dags/tutorial_taskflow_api_etl_virtualenv.py for tasks to queue
[2024-09-18T20:48:23.274+0000] {logging_mixin.py:115} INFO - [2024-09-18T20:48:23.274+0000] {dagbag.py:508} INFO - Filling up the DagBag from /home/airflow/.local/lib/python3.7/site-packages/airflow/example_dags/tutorial_taskflow_api_etl_virtualenv.py
[2024-09-18T20:48:23.281+0000] {processor.py:650} INFO - DAG(s) dict_keys(['tutorial_taskflow_api_etl_virtualenv']) retrieved from /home/airflow/.local/lib/python3.7/site-packages/airflow/example_dags/tutorial_taskflow_api_etl_virtualenv.py
[2024-09-18T20:48:23.313+0000] {logging_mixin.py:115} INFO - [2024-09-18T20:48:23.313+0000] {dag.py:2429} INFO - Sync 1 DAGs
[2024-09-18T20:48:23.321+0000] {logging_mixin.py:115} INFO - [2024-09-18T20:48:23.321+0000] {dag.py:2981} INFO - Setting next_dagrun for tutorial_taskflow_api_etl_virtualenv to None, run_after=None
[2024-09-18T20:48:23.330+0000] {processor.py:161} INFO - Processing /home/airflow/.local/lib/python3.7/site-packages/airflow/example_dags/tutorial_taskflow_api_etl_virtualenv.py took 0.058 seconds
[2024-09-18T20:48:53.454+0000] {processor.py:153} INFO - Started process (PID=2869) to work on /home/airflow/.local/lib/python3.7/site-packages/airflow/example_dags/tutorial_taskflow_api_etl_virtualenv.py
[2024-09-18T20:48:53.455+0000] {processor.py:640} INFO - Processing file /home/airflow/.local/lib/python3.7/site-packages/airflow/example_dags/tutorial_taskflow_api_etl_virtualenv.py for tasks to queue
[2024-09-18T20:48:53.455+0000] {logging_mixin.py:115} INFO - [2024-09-18T20:48:53.455+0000] {dagbag.py:508} INFO - Filling up the DagBag from /home/airflow/.local/lib/python3.7/site-packages/airflow/example_dags/tutorial_taskflow_api_etl_virtualenv.py
[2024-09-18T20:48:53.463+0000] {processor.py:650} INFO - DAG(s) dict_keys(['tutorial_taskflow_api_etl_virtualenv']) retrieved from /home/airflow/.local/lib/python3.7/site-packages/airflow/example_dags/tutorial_taskflow_api_etl_virtualenv.py
[2024-09-18T20:48:53.494+0000] {logging_mixin.py:115} INFO - [2024-09-18T20:48:53.494+0000] {dag.py:2429} INFO - Sync 1 DAGs
[2024-09-18T20:48:53.502+0000] {logging_mixin.py:115} INFO - [2024-09-18T20:48:53.502+0000] {dag.py:2981} INFO - Setting next_dagrun for tutorial_taskflow_api_etl_virtualenv to None, run_after=None
[2024-09-18T20:48:53.510+0000] {processor.py:161} INFO - Processing /home/airflow/.local/lib/python3.7/site-packages/airflow/example_dags/tutorial_taskflow_api_etl_virtualenv.py took 0.057 seconds
