[2024-09-18T20:42:20.346+0000] {processor.py:153} INFO - Started process (PID=288) to work on /home/airflow/.local/lib/python3.7/site-packages/airflow/example_dags/tutorial_taskflow_api_etl.py
[2024-09-18T20:42:20.346+0000] {processor.py:640} INFO - Processing file /home/airflow/.local/lib/python3.7/site-packages/airflow/example_dags/tutorial_taskflow_api_etl.py for tasks to queue
[2024-09-18T20:42:20.347+0000] {logging_mixin.py:115} INFO - [2024-09-18T20:42:20.347+0000] {dagbag.py:508} INFO - Filling up the DagBag from /home/airflow/.local/lib/python3.7/site-packages/airflow/example_dags/tutorial_taskflow_api_etl.py
[2024-09-18T20:42:20.354+0000] {processor.py:650} INFO - DAG(s) dict_keys(['tutorial_taskflow_api_etl']) retrieved from /home/airflow/.local/lib/python3.7/site-packages/airflow/example_dags/tutorial_taskflow_api_etl.py
[2024-09-18T20:42:20.400+0000] {logging_mixin.py:115} INFO - [2024-09-18T20:42:20.400+0000] {manager.py:508} INFO - Created Permission View: can edit on DAG:tutorial_taskflow_api_etl
[2024-09-18T20:42:20.408+0000] {logging_mixin.py:115} INFO - [2024-09-18T20:42:20.408+0000] {manager.py:508} INFO - Created Permission View: can read on DAG:tutorial_taskflow_api_etl
[2024-09-18T20:42:20.411+0000] {logging_mixin.py:115} INFO - [2024-09-18T20:42:20.411+0000] {manager.py:508} INFO - Created Permission View: can delete on DAG:tutorial_taskflow_api_etl
[2024-09-18T20:42:20.411+0000] {logging_mixin.py:115} INFO - [2024-09-18T20:42:20.411+0000] {dag.py:2429} INFO - Sync 1 DAGs
[2024-09-18T20:42:20.419+0000] {logging_mixin.py:115} INFO - [2024-09-18T20:42:20.419+0000] {dag.py:2448} INFO - Creating ORM DAG for tutorial_taskflow_api_etl
[2024-09-18T20:42:20.423+0000] {logging_mixin.py:115} INFO - [2024-09-18T20:42:20.423+0000] {dag.py:2981} INFO - Setting next_dagrun for tutorial_taskflow_api_etl to None, run_after=None
[2024-09-18T20:42:20.428+0000] {processor.py:161} INFO - Processing /home/airflow/.local/lib/python3.7/site-packages/airflow/example_dags/tutorial_taskflow_api_etl.py took 0.084 seconds
[2024-09-18T20:42:50.734+0000] {processor.py:153} INFO - Started process (PID=484) to work on /home/airflow/.local/lib/python3.7/site-packages/airflow/example_dags/tutorial_taskflow_api_etl.py
[2024-09-18T20:42:50.736+0000] {processor.py:640} INFO - Processing file /home/airflow/.local/lib/python3.7/site-packages/airflow/example_dags/tutorial_taskflow_api_etl.py for tasks to queue
[2024-09-18T20:42:50.738+0000] {logging_mixin.py:115} INFO - [2024-09-18T20:42:50.738+0000] {dagbag.py:508} INFO - Filling up the DagBag from /home/airflow/.local/lib/python3.7/site-packages/airflow/example_dags/tutorial_taskflow_api_etl.py
[2024-09-18T20:42:50.745+0000] {processor.py:650} INFO - DAG(s) dict_keys(['tutorial_taskflow_api_etl']) retrieved from /home/airflow/.local/lib/python3.7/site-packages/airflow/example_dags/tutorial_taskflow_api_etl.py
[2024-09-18T20:42:50.779+0000] {logging_mixin.py:115} INFO - [2024-09-18T20:42:50.778+0000] {dag.py:2429} INFO - Sync 1 DAGs
[2024-09-18T20:42:50.787+0000] {logging_mixin.py:115} INFO - [2024-09-18T20:42:50.787+0000] {dag.py:2981} INFO - Setting next_dagrun for tutorial_taskflow_api_etl to None, run_after=None
[2024-09-18T20:42:50.792+0000] {processor.py:161} INFO - Processing /home/airflow/.local/lib/python3.7/site-packages/airflow/example_dags/tutorial_taskflow_api_etl.py took 0.059 seconds
[2024-09-18T20:43:20.921+0000] {processor.py:153} INFO - Started process (PID=681) to work on /home/airflow/.local/lib/python3.7/site-packages/airflow/example_dags/tutorial_taskflow_api_etl.py
[2024-09-18T20:43:20.922+0000] {processor.py:640} INFO - Processing file /home/airflow/.local/lib/python3.7/site-packages/airflow/example_dags/tutorial_taskflow_api_etl.py for tasks to queue
[2024-09-18T20:43:20.923+0000] {logging_mixin.py:115} INFO - [2024-09-18T20:43:20.923+0000] {dagbag.py:508} INFO - Filling up the DagBag from /home/airflow/.local/lib/python3.7/site-packages/airflow/example_dags/tutorial_taskflow_api_etl.py
[2024-09-18T20:43:20.930+0000] {processor.py:650} INFO - DAG(s) dict_keys(['tutorial_taskflow_api_etl']) retrieved from /home/airflow/.local/lib/python3.7/site-packages/airflow/example_dags/tutorial_taskflow_api_etl.py
[2024-09-18T20:43:20.962+0000] {logging_mixin.py:115} INFO - [2024-09-18T20:43:20.962+0000] {dag.py:2429} INFO - Sync 1 DAGs
[2024-09-18T20:43:20.969+0000] {logging_mixin.py:115} INFO - [2024-09-18T20:43:20.969+0000] {dag.py:2981} INFO - Setting next_dagrun for tutorial_taskflow_api_etl to None, run_after=None
[2024-09-18T20:43:20.974+0000] {processor.py:161} INFO - Processing /home/airflow/.local/lib/python3.7/site-packages/airflow/example_dags/tutorial_taskflow_api_etl.py took 0.055 seconds
[2024-09-18T20:43:51.212+0000] {processor.py:153} INFO - Started process (PID=878) to work on /home/airflow/.local/lib/python3.7/site-packages/airflow/example_dags/tutorial_taskflow_api_etl.py
[2024-09-18T20:43:51.213+0000] {processor.py:640} INFO - Processing file /home/airflow/.local/lib/python3.7/site-packages/airflow/example_dags/tutorial_taskflow_api_etl.py for tasks to queue
[2024-09-18T20:43:51.213+0000] {logging_mixin.py:115} INFO - [2024-09-18T20:43:51.213+0000] {dagbag.py:508} INFO - Filling up the DagBag from /home/airflow/.local/lib/python3.7/site-packages/airflow/example_dags/tutorial_taskflow_api_etl.py
[2024-09-18T20:43:51.221+0000] {processor.py:650} INFO - DAG(s) dict_keys(['tutorial_taskflow_api_etl']) retrieved from /home/airflow/.local/lib/python3.7/site-packages/airflow/example_dags/tutorial_taskflow_api_etl.py
[2024-09-18T20:43:51.254+0000] {logging_mixin.py:115} INFO - [2024-09-18T20:43:51.253+0000] {dag.py:2429} INFO - Sync 1 DAGs
[2024-09-18T20:43:51.261+0000] {logging_mixin.py:115} INFO - [2024-09-18T20:43:51.261+0000] {dag.py:2981} INFO - Setting next_dagrun for tutorial_taskflow_api_etl to None, run_after=None
[2024-09-18T20:43:51.266+0000] {processor.py:161} INFO - Processing /home/airflow/.local/lib/python3.7/site-packages/airflow/example_dags/tutorial_taskflow_api_etl.py took 0.055 seconds
[2024-09-18T20:44:21.440+0000] {processor.py:153} INFO - Started process (PID=1084) to work on /home/airflow/.local/lib/python3.7/site-packages/airflow/example_dags/tutorial_taskflow_api_etl.py
[2024-09-18T20:44:21.441+0000] {processor.py:640} INFO - Processing file /home/airflow/.local/lib/python3.7/site-packages/airflow/example_dags/tutorial_taskflow_api_etl.py for tasks to queue
[2024-09-18T20:44:21.441+0000] {logging_mixin.py:115} INFO - [2024-09-18T20:44:21.441+0000] {dagbag.py:508} INFO - Filling up the DagBag from /home/airflow/.local/lib/python3.7/site-packages/airflow/example_dags/tutorial_taskflow_api_etl.py
[2024-09-18T20:44:21.449+0000] {processor.py:650} INFO - DAG(s) dict_keys(['tutorial_taskflow_api_etl']) retrieved from /home/airflow/.local/lib/python3.7/site-packages/airflow/example_dags/tutorial_taskflow_api_etl.py
[2024-09-18T20:44:21.481+0000] {logging_mixin.py:115} INFO - [2024-09-18T20:44:21.481+0000] {dag.py:2429} INFO - Sync 1 DAGs
[2024-09-18T20:44:21.488+0000] {logging_mixin.py:115} INFO - [2024-09-18T20:44:21.488+0000] {dag.py:2981} INFO - Setting next_dagrun for tutorial_taskflow_api_etl to None, run_after=None
[2024-09-18T20:44:21.494+0000] {processor.py:161} INFO - Processing /home/airflow/.local/lib/python3.7/site-packages/airflow/example_dags/tutorial_taskflow_api_etl.py took 0.056 seconds
[2024-09-18T20:44:51.584+0000] {processor.py:153} INFO - Started process (PID=1281) to work on /home/airflow/.local/lib/python3.7/site-packages/airflow/example_dags/tutorial_taskflow_api_etl.py
[2024-09-18T20:44:51.584+0000] {processor.py:640} INFO - Processing file /home/airflow/.local/lib/python3.7/site-packages/airflow/example_dags/tutorial_taskflow_api_etl.py for tasks to queue
[2024-09-18T20:44:51.584+0000] {logging_mixin.py:115} INFO - [2024-09-18T20:44:51.584+0000] {dagbag.py:508} INFO - Filling up the DagBag from /home/airflow/.local/lib/python3.7/site-packages/airflow/example_dags/tutorial_taskflow_api_etl.py
[2024-09-18T20:44:51.591+0000] {processor.py:650} INFO - DAG(s) dict_keys(['tutorial_taskflow_api_etl']) retrieved from /home/airflow/.local/lib/python3.7/site-packages/airflow/example_dags/tutorial_taskflow_api_etl.py
[2024-09-18T20:44:51.619+0000] {logging_mixin.py:115} INFO - [2024-09-18T20:44:51.619+0000] {dag.py:2429} INFO - Sync 1 DAGs
[2024-09-18T20:44:51.629+0000] {logging_mixin.py:115} INFO - [2024-09-18T20:44:51.629+0000] {dag.py:2981} INFO - Setting next_dagrun for tutorial_taskflow_api_etl to None, run_after=None
[2024-09-18T20:44:51.636+0000] {processor.py:161} INFO - Processing /home/airflow/.local/lib/python3.7/site-packages/airflow/example_dags/tutorial_taskflow_api_etl.py took 0.053 seconds
[2024-09-18T20:45:21.788+0000] {processor.py:153} INFO - Started process (PID=1478) to work on /home/airflow/.local/lib/python3.7/site-packages/airflow/example_dags/tutorial_taskflow_api_etl.py
[2024-09-18T20:45:21.790+0000] {processor.py:640} INFO - Processing file /home/airflow/.local/lib/python3.7/site-packages/airflow/example_dags/tutorial_taskflow_api_etl.py for tasks to queue
[2024-09-18T20:45:21.790+0000] {logging_mixin.py:115} INFO - [2024-09-18T20:45:21.790+0000] {dagbag.py:508} INFO - Filling up the DagBag from /home/airflow/.local/lib/python3.7/site-packages/airflow/example_dags/tutorial_taskflow_api_etl.py
[2024-09-18T20:45:21.798+0000] {processor.py:650} INFO - DAG(s) dict_keys(['tutorial_taskflow_api_etl']) retrieved from /home/airflow/.local/lib/python3.7/site-packages/airflow/example_dags/tutorial_taskflow_api_etl.py
[2024-09-18T20:45:21.833+0000] {logging_mixin.py:115} INFO - [2024-09-18T20:45:21.833+0000] {dag.py:2429} INFO - Sync 1 DAGs
[2024-09-18T20:45:21.840+0000] {logging_mixin.py:115} INFO - [2024-09-18T20:45:21.840+0000] {dag.py:2981} INFO - Setting next_dagrun for tutorial_taskflow_api_etl to None, run_after=None
[2024-09-18T20:45:21.845+0000] {processor.py:161} INFO - Processing /home/airflow/.local/lib/python3.7/site-packages/airflow/example_dags/tutorial_taskflow_api_etl.py took 0.059 seconds
[2024-09-18T20:45:51.998+0000] {processor.py:153} INFO - Started process (PID=1674) to work on /home/airflow/.local/lib/python3.7/site-packages/airflow/example_dags/tutorial_taskflow_api_etl.py
[2024-09-18T20:45:51.998+0000] {processor.py:640} INFO - Processing file /home/airflow/.local/lib/python3.7/site-packages/airflow/example_dags/tutorial_taskflow_api_etl.py for tasks to queue
[2024-09-18T20:45:51.999+0000] {logging_mixin.py:115} INFO - [2024-09-18T20:45:51.999+0000] {dagbag.py:508} INFO - Filling up the DagBag from /home/airflow/.local/lib/python3.7/site-packages/airflow/example_dags/tutorial_taskflow_api_etl.py
[2024-09-18T20:45:52.007+0000] {processor.py:650} INFO - DAG(s) dict_keys(['tutorial_taskflow_api_etl']) retrieved from /home/airflow/.local/lib/python3.7/site-packages/airflow/example_dags/tutorial_taskflow_api_etl.py
[2024-09-18T20:45:52.040+0000] {logging_mixin.py:115} INFO - [2024-09-18T20:45:52.040+0000] {dag.py:2429} INFO - Sync 1 DAGs
[2024-09-18T20:45:52.048+0000] {logging_mixin.py:115} INFO - [2024-09-18T20:45:52.048+0000] {dag.py:2981} INFO - Setting next_dagrun for tutorial_taskflow_api_etl to None, run_after=None
[2024-09-18T20:45:52.055+0000] {processor.py:161} INFO - Processing /home/airflow/.local/lib/python3.7/site-packages/airflow/example_dags/tutorial_taskflow_api_etl.py took 0.059 seconds
[2024-09-18T20:46:22.237+0000] {processor.py:153} INFO - Started process (PID=1871) to work on /home/airflow/.local/lib/python3.7/site-packages/airflow/example_dags/tutorial_taskflow_api_etl.py
[2024-09-18T20:46:22.237+0000] {processor.py:640} INFO - Processing file /home/airflow/.local/lib/python3.7/site-packages/airflow/example_dags/tutorial_taskflow_api_etl.py for tasks to queue
[2024-09-18T20:46:22.238+0000] {logging_mixin.py:115} INFO - [2024-09-18T20:46:22.238+0000] {dagbag.py:508} INFO - Filling up the DagBag from /home/airflow/.local/lib/python3.7/site-packages/airflow/example_dags/tutorial_taskflow_api_etl.py
[2024-09-18T20:46:22.246+0000] {processor.py:650} INFO - DAG(s) dict_keys(['tutorial_taskflow_api_etl']) retrieved from /home/airflow/.local/lib/python3.7/site-packages/airflow/example_dags/tutorial_taskflow_api_etl.py
[2024-09-18T20:46:22.274+0000] {logging_mixin.py:115} INFO - [2024-09-18T20:46:22.274+0000] {dag.py:2429} INFO - Sync 1 DAGs
[2024-09-18T20:46:22.285+0000] {logging_mixin.py:115} INFO - [2024-09-18T20:46:22.285+0000] {dag.py:2981} INFO - Setting next_dagrun for tutorial_taskflow_api_etl to None, run_after=None
[2024-09-18T20:46:22.290+0000] {processor.py:161} INFO - Processing /home/airflow/.local/lib/python3.7/site-packages/airflow/example_dags/tutorial_taskflow_api_etl.py took 0.055 seconds
[2024-09-18T20:46:52.512+0000] {processor.py:153} INFO - Started process (PID=2068) to work on /home/airflow/.local/lib/python3.7/site-packages/airflow/example_dags/tutorial_taskflow_api_etl.py
[2024-09-18T20:46:52.513+0000] {processor.py:640} INFO - Processing file /home/airflow/.local/lib/python3.7/site-packages/airflow/example_dags/tutorial_taskflow_api_etl.py for tasks to queue
[2024-09-18T20:46:52.513+0000] {logging_mixin.py:115} INFO - [2024-09-18T20:46:52.513+0000] {dagbag.py:508} INFO - Filling up the DagBag from /home/airflow/.local/lib/python3.7/site-packages/airflow/example_dags/tutorial_taskflow_api_etl.py
[2024-09-18T20:46:52.523+0000] {processor.py:650} INFO - DAG(s) dict_keys(['tutorial_taskflow_api_etl']) retrieved from /home/airflow/.local/lib/python3.7/site-packages/airflow/example_dags/tutorial_taskflow_api_etl.py
[2024-09-18T20:46:52.562+0000] {logging_mixin.py:115} INFO - [2024-09-18T20:46:52.562+0000] {dag.py:2429} INFO - Sync 1 DAGs
[2024-09-18T20:46:52.572+0000] {logging_mixin.py:115} INFO - [2024-09-18T20:46:52.572+0000] {dag.py:2981} INFO - Setting next_dagrun for tutorial_taskflow_api_etl to None, run_after=None
[2024-09-18T20:46:52.578+0000] {processor.py:161} INFO - Processing /home/airflow/.local/lib/python3.7/site-packages/airflow/example_dags/tutorial_taskflow_api_etl.py took 0.067 seconds
[2024-09-18T20:47:22.697+0000] {processor.py:153} INFO - Started process (PID=2256) to work on /home/airflow/.local/lib/python3.7/site-packages/airflow/example_dags/tutorial_taskflow_api_etl.py
[2024-09-18T20:47:22.698+0000] {processor.py:640} INFO - Processing file /home/airflow/.local/lib/python3.7/site-packages/airflow/example_dags/tutorial_taskflow_api_etl.py for tasks to queue
[2024-09-18T20:47:22.700+0000] {logging_mixin.py:115} INFO - [2024-09-18T20:47:22.700+0000] {dagbag.py:508} INFO - Filling up the DagBag from /home/airflow/.local/lib/python3.7/site-packages/airflow/example_dags/tutorial_taskflow_api_etl.py
[2024-09-18T20:47:22.707+0000] {processor.py:650} INFO - DAG(s) dict_keys(['tutorial_taskflow_api_etl']) retrieved from /home/airflow/.local/lib/python3.7/site-packages/airflow/example_dags/tutorial_taskflow_api_etl.py
[2024-09-18T20:47:22.741+0000] {logging_mixin.py:115} INFO - [2024-09-18T20:47:22.741+0000] {dag.py:2429} INFO - Sync 1 DAGs
[2024-09-18T20:47:22.749+0000] {logging_mixin.py:115} INFO - [2024-09-18T20:47:22.749+0000] {dag.py:2981} INFO - Setting next_dagrun for tutorial_taskflow_api_etl to None, run_after=None
[2024-09-18T20:47:22.754+0000] {processor.py:161} INFO - Processing /home/airflow/.local/lib/python3.7/site-packages/airflow/example_dags/tutorial_taskflow_api_etl.py took 0.058 seconds
[2024-09-18T20:47:52.958+0000] {processor.py:153} INFO - Started process (PID=2453) to work on /home/airflow/.local/lib/python3.7/site-packages/airflow/example_dags/tutorial_taskflow_api_etl.py
[2024-09-18T20:47:52.959+0000] {processor.py:640} INFO - Processing file /home/airflow/.local/lib/python3.7/site-packages/airflow/example_dags/tutorial_taskflow_api_etl.py for tasks to queue
[2024-09-18T20:47:52.959+0000] {logging_mixin.py:115} INFO - [2024-09-18T20:47:52.959+0000] {dagbag.py:508} INFO - Filling up the DagBag from /home/airflow/.local/lib/python3.7/site-packages/airflow/example_dags/tutorial_taskflow_api_etl.py
[2024-09-18T20:47:52.965+0000] {processor.py:650} INFO - DAG(s) dict_keys(['tutorial_taskflow_api_etl']) retrieved from /home/airflow/.local/lib/python3.7/site-packages/airflow/example_dags/tutorial_taskflow_api_etl.py
[2024-09-18T20:47:52.995+0000] {logging_mixin.py:115} INFO - [2024-09-18T20:47:52.995+0000] {dag.py:2429} INFO - Sync 1 DAGs
[2024-09-18T20:47:53.004+0000] {logging_mixin.py:115} INFO - [2024-09-18T20:47:53.003+0000] {dag.py:2981} INFO - Setting next_dagrun for tutorial_taskflow_api_etl to None, run_after=None
[2024-09-18T20:47:53.008+0000] {processor.py:161} INFO - Processing /home/airflow/.local/lib/python3.7/site-packages/airflow/example_dags/tutorial_taskflow_api_etl.py took 0.052 seconds
[2024-09-18T20:48:23.092+0000] {processor.py:153} INFO - Started process (PID=2650) to work on /home/airflow/.local/lib/python3.7/site-packages/airflow/example_dags/tutorial_taskflow_api_etl.py
[2024-09-18T20:48:23.095+0000] {processor.py:640} INFO - Processing file /home/airflow/.local/lib/python3.7/site-packages/airflow/example_dags/tutorial_taskflow_api_etl.py for tasks to queue
[2024-09-18T20:48:23.096+0000] {logging_mixin.py:115} INFO - [2024-09-18T20:48:23.096+0000] {dagbag.py:508} INFO - Filling up the DagBag from /home/airflow/.local/lib/python3.7/site-packages/airflow/example_dags/tutorial_taskflow_api_etl.py
[2024-09-18T20:48:23.102+0000] {processor.py:650} INFO - DAG(s) dict_keys(['tutorial_taskflow_api_etl']) retrieved from /home/airflow/.local/lib/python3.7/site-packages/airflow/example_dags/tutorial_taskflow_api_etl.py
[2024-09-18T20:48:23.132+0000] {logging_mixin.py:115} INFO - [2024-09-18T20:48:23.132+0000] {dag.py:2429} INFO - Sync 1 DAGs
[2024-09-18T20:48:23.141+0000] {logging_mixin.py:115} INFO - [2024-09-18T20:48:23.141+0000] {dag.py:2981} INFO - Setting next_dagrun for tutorial_taskflow_api_etl to None, run_after=None
[2024-09-18T20:48:23.150+0000] {processor.py:161} INFO - Processing /home/airflow/.local/lib/python3.7/site-packages/airflow/example_dags/tutorial_taskflow_api_etl.py took 0.060 seconds
[2024-09-18T20:48:53.271+0000] {processor.py:153} INFO - Started process (PID=2847) to work on /home/airflow/.local/lib/python3.7/site-packages/airflow/example_dags/tutorial_taskflow_api_etl.py
[2024-09-18T20:48:53.272+0000] {processor.py:640} INFO - Processing file /home/airflow/.local/lib/python3.7/site-packages/airflow/example_dags/tutorial_taskflow_api_etl.py for tasks to queue
[2024-09-18T20:48:53.272+0000] {logging_mixin.py:115} INFO - [2024-09-18T20:48:53.272+0000] {dagbag.py:508} INFO - Filling up the DagBag from /home/airflow/.local/lib/python3.7/site-packages/airflow/example_dags/tutorial_taskflow_api_etl.py
[2024-09-18T20:48:53.280+0000] {processor.py:650} INFO - DAG(s) dict_keys(['tutorial_taskflow_api_etl']) retrieved from /home/airflow/.local/lib/python3.7/site-packages/airflow/example_dags/tutorial_taskflow_api_etl.py
[2024-09-18T20:48:53.309+0000] {logging_mixin.py:115} INFO - [2024-09-18T20:48:53.309+0000] {dag.py:2429} INFO - Sync 1 DAGs
[2024-09-18T20:48:53.319+0000] {logging_mixin.py:115} INFO - [2024-09-18T20:48:53.319+0000] {dag.py:2981} INFO - Setting next_dagrun for tutorial_taskflow_api_etl to None, run_after=None
[2024-09-18T20:48:53.324+0000] {processor.py:161} INFO - Processing /home/airflow/.local/lib/python3.7/site-packages/airflow/example_dags/tutorial_taskflow_api_etl.py took 0.054 seconds
[2024-09-18T20:49:23.475+0000] {processor.py:153} INFO - Started process (PID=3044) to work on /home/airflow/.local/lib/python3.7/site-packages/airflow/example_dags/tutorial_taskflow_api_etl.py
[2024-09-18T20:49:23.477+0000] {processor.py:640} INFO - Processing file /home/airflow/.local/lib/python3.7/site-packages/airflow/example_dags/tutorial_taskflow_api_etl.py for tasks to queue
[2024-09-18T20:49:23.478+0000] {logging_mixin.py:115} INFO - [2024-09-18T20:49:23.478+0000] {dagbag.py:508} INFO - Filling up the DagBag from /home/airflow/.local/lib/python3.7/site-packages/airflow/example_dags/tutorial_taskflow_api_etl.py
[2024-09-18T20:49:23.485+0000] {processor.py:650} INFO - DAG(s) dict_keys(['tutorial_taskflow_api_etl']) retrieved from /home/airflow/.local/lib/python3.7/site-packages/airflow/example_dags/tutorial_taskflow_api_etl.py
[2024-09-18T20:49:23.494+0000] {logging_mixin.py:115} INFO - [2024-09-18T20:49:23.494+0000] {dag.py:2429} INFO - Sync 1 DAGs
[2024-09-18T20:49:23.504+0000] {logging_mixin.py:115} INFO - [2024-09-18T20:49:23.504+0000] {dag.py:2981} INFO - Setting next_dagrun for tutorial_taskflow_api_etl to None, run_after=None
[2024-09-18T20:49:23.509+0000] {processor.py:161} INFO - Processing /home/airflow/.local/lib/python3.7/site-packages/airflow/example_dags/tutorial_taskflow_api_etl.py took 0.035 seconds
[2024-09-18T20:49:53.808+0000] {processor.py:153} INFO - Started process (PID=3241) to work on /home/airflow/.local/lib/python3.7/site-packages/airflow/example_dags/tutorial_taskflow_api_etl.py
[2024-09-18T20:49:53.809+0000] {processor.py:640} INFO - Processing file /home/airflow/.local/lib/python3.7/site-packages/airflow/example_dags/tutorial_taskflow_api_etl.py for tasks to queue
[2024-09-18T20:49:53.810+0000] {logging_mixin.py:115} INFO - [2024-09-18T20:49:53.810+0000] {dagbag.py:508} INFO - Filling up the DagBag from /home/airflow/.local/lib/python3.7/site-packages/airflow/example_dags/tutorial_taskflow_api_etl.py
[2024-09-18T20:49:53.818+0000] {processor.py:650} INFO - DAG(s) dict_keys(['tutorial_taskflow_api_etl']) retrieved from /home/airflow/.local/lib/python3.7/site-packages/airflow/example_dags/tutorial_taskflow_api_etl.py
[2024-09-18T20:49:53.850+0000] {logging_mixin.py:115} INFO - [2024-09-18T20:49:53.850+0000] {dag.py:2429} INFO - Sync 1 DAGs
[2024-09-18T20:49:53.858+0000] {logging_mixin.py:115} INFO - [2024-09-18T20:49:53.858+0000] {dag.py:2981} INFO - Setting next_dagrun for tutorial_taskflow_api_etl to None, run_after=None
[2024-09-18T20:49:53.862+0000] {processor.py:161} INFO - Processing /home/airflow/.local/lib/python3.7/site-packages/airflow/example_dags/tutorial_taskflow_api_etl.py took 0.056 seconds
[2024-09-18T20:50:24.043+0000] {processor.py:153} INFO - Started process (PID=3432) to work on /home/airflow/.local/lib/python3.7/site-packages/airflow/example_dags/tutorial_taskflow_api_etl.py
[2024-09-18T20:50:24.043+0000] {processor.py:640} INFO - Processing file /home/airflow/.local/lib/python3.7/site-packages/airflow/example_dags/tutorial_taskflow_api_etl.py for tasks to queue
[2024-09-18T20:50:24.044+0000] {logging_mixin.py:115} INFO - [2024-09-18T20:50:24.043+0000] {dagbag.py:508} INFO - Filling up the DagBag from /home/airflow/.local/lib/python3.7/site-packages/airflow/example_dags/tutorial_taskflow_api_etl.py
[2024-09-18T20:50:24.051+0000] {processor.py:650} INFO - DAG(s) dict_keys(['tutorial_taskflow_api_etl']) retrieved from /home/airflow/.local/lib/python3.7/site-packages/airflow/example_dags/tutorial_taskflow_api_etl.py
[2024-09-18T20:50:24.081+0000] {logging_mixin.py:115} INFO - [2024-09-18T20:50:24.081+0000] {dag.py:2429} INFO - Sync 1 DAGs
[2024-09-18T20:50:24.093+0000] {logging_mixin.py:115} INFO - [2024-09-18T20:50:24.093+0000] {dag.py:2981} INFO - Setting next_dagrun for tutorial_taskflow_api_etl to None, run_after=None
[2024-09-18T20:50:24.098+0000] {processor.py:161} INFO - Processing /home/airflow/.local/lib/python3.7/site-packages/airflow/example_dags/tutorial_taskflow_api_etl.py took 0.056 seconds
[2024-09-18T20:50:54.289+0000] {processor.py:153} INFO - Started process (PID=3627) to work on /home/airflow/.local/lib/python3.7/site-packages/airflow/example_dags/tutorial_taskflow_api_etl.py
[2024-09-18T20:50:54.290+0000] {processor.py:640} INFO - Processing file /home/airflow/.local/lib/python3.7/site-packages/airflow/example_dags/tutorial_taskflow_api_etl.py for tasks to queue
[2024-09-18T20:50:54.291+0000] {logging_mixin.py:115} INFO - [2024-09-18T20:50:54.291+0000] {dagbag.py:508} INFO - Filling up the DagBag from /home/airflow/.local/lib/python3.7/site-packages/airflow/example_dags/tutorial_taskflow_api_etl.py
[2024-09-18T20:50:54.298+0000] {processor.py:650} INFO - DAG(s) dict_keys(['tutorial_taskflow_api_etl']) retrieved from /home/airflow/.local/lib/python3.7/site-packages/airflow/example_dags/tutorial_taskflow_api_etl.py
[2024-09-18T20:50:54.329+0000] {logging_mixin.py:115} INFO - [2024-09-18T20:50:54.329+0000] {dag.py:2429} INFO - Sync 1 DAGs
[2024-09-18T20:50:54.337+0000] {logging_mixin.py:115} INFO - [2024-09-18T20:50:54.337+0000] {dag.py:2981} INFO - Setting next_dagrun for tutorial_taskflow_api_etl to None, run_after=None
[2024-09-18T20:50:54.344+0000] {processor.py:161} INFO - Processing /home/airflow/.local/lib/python3.7/site-packages/airflow/example_dags/tutorial_taskflow_api_etl.py took 0.057 seconds
[2024-09-18T20:51:24.394+0000] {processor.py:153} INFO - Started process (PID=3824) to work on /home/airflow/.local/lib/python3.7/site-packages/airflow/example_dags/tutorial_taskflow_api_etl.py
[2024-09-18T20:51:24.394+0000] {processor.py:640} INFO - Processing file /home/airflow/.local/lib/python3.7/site-packages/airflow/example_dags/tutorial_taskflow_api_etl.py for tasks to queue
[2024-09-18T20:51:24.395+0000] {logging_mixin.py:115} INFO - [2024-09-18T20:51:24.395+0000] {dagbag.py:508} INFO - Filling up the DagBag from /home/airflow/.local/lib/python3.7/site-packages/airflow/example_dags/tutorial_taskflow_api_etl.py
[2024-09-18T20:51:24.403+0000] {processor.py:650} INFO - DAG(s) dict_keys(['tutorial_taskflow_api_etl']) retrieved from /home/airflow/.local/lib/python3.7/site-packages/airflow/example_dags/tutorial_taskflow_api_etl.py
[2024-09-18T20:51:24.417+0000] {logging_mixin.py:115} INFO - [2024-09-18T20:51:24.417+0000] {dag.py:2429} INFO - Sync 1 DAGs
[2024-09-18T20:51:24.427+0000] {logging_mixin.py:115} INFO - [2024-09-18T20:51:24.427+0000] {dag.py:2981} INFO - Setting next_dagrun for tutorial_taskflow_api_etl to None, run_after=None
[2024-09-18T20:51:24.433+0000] {processor.py:161} INFO - Processing /home/airflow/.local/lib/python3.7/site-packages/airflow/example_dags/tutorial_taskflow_api_etl.py took 0.040 seconds
[2024-09-18T20:51:54.594+0000] {processor.py:153} INFO - Started process (PID=4021) to work on /home/airflow/.local/lib/python3.7/site-packages/airflow/example_dags/tutorial_taskflow_api_etl.py
[2024-09-18T20:51:54.595+0000] {processor.py:640} INFO - Processing file /home/airflow/.local/lib/python3.7/site-packages/airflow/example_dags/tutorial_taskflow_api_etl.py for tasks to queue
[2024-09-18T20:51:54.595+0000] {logging_mixin.py:115} INFO - [2024-09-18T20:51:54.595+0000] {dagbag.py:508} INFO - Filling up the DagBag from /home/airflow/.local/lib/python3.7/site-packages/airflow/example_dags/tutorial_taskflow_api_etl.py
[2024-09-18T20:51:54.602+0000] {processor.py:650} INFO - DAG(s) dict_keys(['tutorial_taskflow_api_etl']) retrieved from /home/airflow/.local/lib/python3.7/site-packages/airflow/example_dags/tutorial_taskflow_api_etl.py
[2024-09-18T20:51:54.630+0000] {logging_mixin.py:115} INFO - [2024-09-18T20:51:54.629+0000] {dag.py:2429} INFO - Sync 1 DAGs
[2024-09-18T20:51:54.640+0000] {logging_mixin.py:115} INFO - [2024-09-18T20:51:54.640+0000] {dag.py:2981} INFO - Setting next_dagrun for tutorial_taskflow_api_etl to None, run_after=None
[2024-09-18T20:51:54.647+0000] {processor.py:161} INFO - Processing /home/airflow/.local/lib/python3.7/site-packages/airflow/example_dags/tutorial_taskflow_api_etl.py took 0.054 seconds
[2024-09-18T20:52:24.701+0000] {processor.py:153} INFO - Started process (PID=4216) to work on /home/airflow/.local/lib/python3.7/site-packages/airflow/example_dags/tutorial_taskflow_api_etl.py
[2024-09-18T20:52:24.704+0000] {processor.py:640} INFO - Processing file /home/airflow/.local/lib/python3.7/site-packages/airflow/example_dags/tutorial_taskflow_api_etl.py for tasks to queue
[2024-09-18T20:52:24.705+0000] {logging_mixin.py:115} INFO - [2024-09-18T20:52:24.704+0000] {dagbag.py:508} INFO - Filling up the DagBag from /home/airflow/.local/lib/python3.7/site-packages/airflow/example_dags/tutorial_taskflow_api_etl.py
[2024-09-18T20:52:24.711+0000] {processor.py:650} INFO - DAG(s) dict_keys(['tutorial_taskflow_api_etl']) retrieved from /home/airflow/.local/lib/python3.7/site-packages/airflow/example_dags/tutorial_taskflow_api_etl.py
[2024-09-18T20:52:24.739+0000] {logging_mixin.py:115} INFO - [2024-09-18T20:52:24.739+0000] {dag.py:2429} INFO - Sync 1 DAGs
[2024-09-18T20:52:24.748+0000] {logging_mixin.py:115} INFO - [2024-09-18T20:52:24.748+0000] {dag.py:2981} INFO - Setting next_dagrun for tutorial_taskflow_api_etl to None, run_after=None
[2024-09-18T20:52:24.754+0000] {processor.py:161} INFO - Processing /home/airflow/.local/lib/python3.7/site-packages/airflow/example_dags/tutorial_taskflow_api_etl.py took 0.054 seconds
[2024-09-18T20:52:54.881+0000] {processor.py:153} INFO - Started process (PID=4413) to work on /home/airflow/.local/lib/python3.7/site-packages/airflow/example_dags/tutorial_taskflow_api_etl.py
[2024-09-18T20:52:54.882+0000] {processor.py:640} INFO - Processing file /home/airflow/.local/lib/python3.7/site-packages/airflow/example_dags/tutorial_taskflow_api_etl.py for tasks to queue
[2024-09-18T20:52:54.883+0000] {logging_mixin.py:115} INFO - [2024-09-18T20:52:54.883+0000] {dagbag.py:508} INFO - Filling up the DagBag from /home/airflow/.local/lib/python3.7/site-packages/airflow/example_dags/tutorial_taskflow_api_etl.py
[2024-09-18T20:52:54.890+0000] {processor.py:650} INFO - DAG(s) dict_keys(['tutorial_taskflow_api_etl']) retrieved from /home/airflow/.local/lib/python3.7/site-packages/airflow/example_dags/tutorial_taskflow_api_etl.py
[2024-09-18T20:52:54.900+0000] {logging_mixin.py:115} INFO - [2024-09-18T20:52:54.900+0000] {dag.py:2429} INFO - Sync 1 DAGs
[2024-09-18T20:52:54.911+0000] {logging_mixin.py:115} INFO - [2024-09-18T20:52:54.911+0000] {dag.py:2981} INFO - Setting next_dagrun for tutorial_taskflow_api_etl to None, run_after=None
[2024-09-18T20:52:54.915+0000] {processor.py:161} INFO - Processing /home/airflow/.local/lib/python3.7/site-packages/airflow/example_dags/tutorial_taskflow_api_etl.py took 0.035 seconds
[2024-09-18T20:53:24.966+0000] {processor.py:153} INFO - Started process (PID=4601) to work on /home/airflow/.local/lib/python3.7/site-packages/airflow/example_dags/tutorial_taskflow_api_etl.py
[2024-09-18T20:53:24.966+0000] {processor.py:640} INFO - Processing file /home/airflow/.local/lib/python3.7/site-packages/airflow/example_dags/tutorial_taskflow_api_etl.py for tasks to queue
[2024-09-18T20:53:24.967+0000] {logging_mixin.py:115} INFO - [2024-09-18T20:53:24.967+0000] {dagbag.py:508} INFO - Filling up the DagBag from /home/airflow/.local/lib/python3.7/site-packages/airflow/example_dags/tutorial_taskflow_api_etl.py
[2024-09-18T20:53:24.973+0000] {processor.py:650} INFO - DAG(s) dict_keys(['tutorial_taskflow_api_etl']) retrieved from /home/airflow/.local/lib/python3.7/site-packages/airflow/example_dags/tutorial_taskflow_api_etl.py
[2024-09-18T20:53:25.002+0000] {logging_mixin.py:115} INFO - [2024-09-18T20:53:25.002+0000] {dag.py:2429} INFO - Sync 1 DAGs
[2024-09-18T20:53:25.011+0000] {logging_mixin.py:115} INFO - [2024-09-18T20:53:25.011+0000] {dag.py:2981} INFO - Setting next_dagrun for tutorial_taskflow_api_etl to None, run_after=None
[2024-09-18T20:53:25.016+0000] {processor.py:161} INFO - Processing /home/airflow/.local/lib/python3.7/site-packages/airflow/example_dags/tutorial_taskflow_api_etl.py took 0.051 seconds
[2024-09-18T20:53:55.092+0000] {processor.py:153} INFO - Started process (PID=4798) to work on /home/airflow/.local/lib/python3.7/site-packages/airflow/example_dags/tutorial_taskflow_api_etl.py
[2024-09-18T20:53:55.092+0000] {processor.py:640} INFO - Processing file /home/airflow/.local/lib/python3.7/site-packages/airflow/example_dags/tutorial_taskflow_api_etl.py for tasks to queue
[2024-09-18T20:53:55.092+0000] {logging_mixin.py:115} INFO - [2024-09-18T20:53:55.092+0000] {dagbag.py:508} INFO - Filling up the DagBag from /home/airflow/.local/lib/python3.7/site-packages/airflow/example_dags/tutorial_taskflow_api_etl.py
[2024-09-18T20:53:55.099+0000] {processor.py:650} INFO - DAG(s) dict_keys(['tutorial_taskflow_api_etl']) retrieved from /home/airflow/.local/lib/python3.7/site-packages/airflow/example_dags/tutorial_taskflow_api_etl.py
[2024-09-18T20:53:55.128+0000] {logging_mixin.py:115} INFO - [2024-09-18T20:53:55.128+0000] {dag.py:2429} INFO - Sync 1 DAGs
[2024-09-18T20:53:55.136+0000] {logging_mixin.py:115} INFO - [2024-09-18T20:53:55.136+0000] {dag.py:2981} INFO - Setting next_dagrun for tutorial_taskflow_api_etl to None, run_after=None
[2024-09-18T20:53:55.141+0000] {processor.py:161} INFO - Processing /home/airflow/.local/lib/python3.7/site-packages/airflow/example_dags/tutorial_taskflow_api_etl.py took 0.051 seconds
[2024-09-18T20:54:25.203+0000] {processor.py:153} INFO - Started process (PID=4995) to work on /home/airflow/.local/lib/python3.7/site-packages/airflow/example_dags/tutorial_taskflow_api_etl.py
[2024-09-18T20:54:25.206+0000] {processor.py:640} INFO - Processing file /home/airflow/.local/lib/python3.7/site-packages/airflow/example_dags/tutorial_taskflow_api_etl.py for tasks to queue
[2024-09-18T20:54:25.206+0000] {logging_mixin.py:115} INFO - [2024-09-18T20:54:25.206+0000] {dagbag.py:508} INFO - Filling up the DagBag from /home/airflow/.local/lib/python3.7/site-packages/airflow/example_dags/tutorial_taskflow_api_etl.py
[2024-09-18T20:54:25.213+0000] {processor.py:650} INFO - DAG(s) dict_keys(['tutorial_taskflow_api_etl']) retrieved from /home/airflow/.local/lib/python3.7/site-packages/airflow/example_dags/tutorial_taskflow_api_etl.py
[2024-09-18T20:54:25.240+0000] {logging_mixin.py:115} INFO - [2024-09-18T20:54:25.240+0000] {dag.py:2429} INFO - Sync 1 DAGs
[2024-09-18T20:54:25.249+0000] {logging_mixin.py:115} INFO - [2024-09-18T20:54:25.249+0000] {dag.py:2981} INFO - Setting next_dagrun for tutorial_taskflow_api_etl to None, run_after=None
[2024-09-18T20:54:25.256+0000] {processor.py:161} INFO - Processing /home/airflow/.local/lib/python3.7/site-packages/airflow/example_dags/tutorial_taskflow_api_etl.py took 0.054 seconds
[2024-09-18T20:54:55.566+0000] {processor.py:153} INFO - Started process (PID=5191) to work on /home/airflow/.local/lib/python3.7/site-packages/airflow/example_dags/tutorial_taskflow_api_etl.py
[2024-09-18T20:54:55.567+0000] {processor.py:640} INFO - Processing file /home/airflow/.local/lib/python3.7/site-packages/airflow/example_dags/tutorial_taskflow_api_etl.py for tasks to queue
[2024-09-18T20:54:55.567+0000] {logging_mixin.py:115} INFO - [2024-09-18T20:54:55.567+0000] {dagbag.py:508} INFO - Filling up the DagBag from /home/airflow/.local/lib/python3.7/site-packages/airflow/example_dags/tutorial_taskflow_api_etl.py
[2024-09-18T20:54:55.575+0000] {processor.py:650} INFO - DAG(s) dict_keys(['tutorial_taskflow_api_etl']) retrieved from /home/airflow/.local/lib/python3.7/site-packages/airflow/example_dags/tutorial_taskflow_api_etl.py
[2024-09-18T20:54:55.589+0000] {logging_mixin.py:115} INFO - [2024-09-18T20:54:55.589+0000] {dag.py:2429} INFO - Sync 1 DAGs
[2024-09-18T20:54:55.602+0000] {logging_mixin.py:115} INFO - [2024-09-18T20:54:55.602+0000] {dag.py:2981} INFO - Setting next_dagrun for tutorial_taskflow_api_etl to None, run_after=None
[2024-09-18T20:54:55.607+0000] {processor.py:161} INFO - Processing /home/airflow/.local/lib/python3.7/site-packages/airflow/example_dags/tutorial_taskflow_api_etl.py took 0.043 seconds
[2024-09-18T20:55:25.678+0000] {processor.py:153} INFO - Started process (PID=5387) to work on /home/airflow/.local/lib/python3.7/site-packages/airflow/example_dags/tutorial_taskflow_api_etl.py
[2024-09-18T20:55:25.678+0000] {processor.py:640} INFO - Processing file /home/airflow/.local/lib/python3.7/site-packages/airflow/example_dags/tutorial_taskflow_api_etl.py for tasks to queue
[2024-09-18T20:55:25.678+0000] {logging_mixin.py:115} INFO - [2024-09-18T20:55:25.678+0000] {dagbag.py:508} INFO - Filling up the DagBag from /home/airflow/.local/lib/python3.7/site-packages/airflow/example_dags/tutorial_taskflow_api_etl.py
[2024-09-18T20:55:25.685+0000] {processor.py:650} INFO - DAG(s) dict_keys(['tutorial_taskflow_api_etl']) retrieved from /home/airflow/.local/lib/python3.7/site-packages/airflow/example_dags/tutorial_taskflow_api_etl.py
[2024-09-18T20:55:25.695+0000] {logging_mixin.py:115} INFO - [2024-09-18T20:55:25.695+0000] {dag.py:2429} INFO - Sync 1 DAGs
[2024-09-18T20:55:25.704+0000] {logging_mixin.py:115} INFO - [2024-09-18T20:55:25.704+0000] {dag.py:2981} INFO - Setting next_dagrun for tutorial_taskflow_api_etl to None, run_after=None
[2024-09-18T20:55:25.709+0000] {processor.py:161} INFO - Processing /home/airflow/.local/lib/python3.7/site-packages/airflow/example_dags/tutorial_taskflow_api_etl.py took 0.033 seconds
[2024-09-18T20:55:55.849+0000] {processor.py:153} INFO - Started process (PID=5584) to work on /home/airflow/.local/lib/python3.7/site-packages/airflow/example_dags/tutorial_taskflow_api_etl.py
[2024-09-18T20:55:55.849+0000] {processor.py:640} INFO - Processing file /home/airflow/.local/lib/python3.7/site-packages/airflow/example_dags/tutorial_taskflow_api_etl.py for tasks to queue
[2024-09-18T20:55:55.849+0000] {logging_mixin.py:115} INFO - [2024-09-18T20:55:55.849+0000] {dagbag.py:508} INFO - Filling up the DagBag from /home/airflow/.local/lib/python3.7/site-packages/airflow/example_dags/tutorial_taskflow_api_etl.py
[2024-09-18T20:55:55.858+0000] {processor.py:650} INFO - DAG(s) dict_keys(['tutorial_taskflow_api_etl']) retrieved from /home/airflow/.local/lib/python3.7/site-packages/airflow/example_dags/tutorial_taskflow_api_etl.py
[2024-09-18T20:55:55.877+0000] {logging_mixin.py:115} INFO - [2024-09-18T20:55:55.877+0000] {dag.py:2429} INFO - Sync 1 DAGs
[2024-09-18T20:55:55.890+0000] {logging_mixin.py:115} INFO - [2024-09-18T20:55:55.890+0000] {dag.py:2981} INFO - Setting next_dagrun for tutorial_taskflow_api_etl to None, run_after=None
[2024-09-18T20:55:55.894+0000] {processor.py:161} INFO - Processing /home/airflow/.local/lib/python3.7/site-packages/airflow/example_dags/tutorial_taskflow_api_etl.py took 0.048 seconds
[2024-09-18T20:56:25.959+0000] {processor.py:153} INFO - Started process (PID=5772) to work on /home/airflow/.local/lib/python3.7/site-packages/airflow/example_dags/tutorial_taskflow_api_etl.py
[2024-09-18T20:56:25.959+0000] {processor.py:640} INFO - Processing file /home/airflow/.local/lib/python3.7/site-packages/airflow/example_dags/tutorial_taskflow_api_etl.py for tasks to queue
[2024-09-18T20:56:25.960+0000] {logging_mixin.py:115} INFO - [2024-09-18T20:56:25.960+0000] {dagbag.py:508} INFO - Filling up the DagBag from /home/airflow/.local/lib/python3.7/site-packages/airflow/example_dags/tutorial_taskflow_api_etl.py
[2024-09-18T20:56:25.967+0000] {processor.py:650} INFO - DAG(s) dict_keys(['tutorial_taskflow_api_etl']) retrieved from /home/airflow/.local/lib/python3.7/site-packages/airflow/example_dags/tutorial_taskflow_api_etl.py
[2024-09-18T20:56:25.996+0000] {logging_mixin.py:115} INFO - [2024-09-18T20:56:25.996+0000] {dag.py:2429} INFO - Sync 1 DAGs
[2024-09-18T20:56:26.008+0000] {logging_mixin.py:115} INFO - [2024-09-18T20:56:26.008+0000] {dag.py:2981} INFO - Setting next_dagrun for tutorial_taskflow_api_etl to None, run_after=None
[2024-09-18T20:56:26.014+0000] {processor.py:161} INFO - Processing /home/airflow/.local/lib/python3.7/site-packages/airflow/example_dags/tutorial_taskflow_api_etl.py took 0.057 seconds
[2024-09-18T20:56:56.065+0000] {processor.py:153} INFO - Started process (PID=5969) to work on /home/airflow/.local/lib/python3.7/site-packages/airflow/example_dags/tutorial_taskflow_api_etl.py
[2024-09-18T20:56:56.066+0000] {processor.py:640} INFO - Processing file /home/airflow/.local/lib/python3.7/site-packages/airflow/example_dags/tutorial_taskflow_api_etl.py for tasks to queue
[2024-09-18T20:56:56.066+0000] {logging_mixin.py:115} INFO - [2024-09-18T20:56:56.066+0000] {dagbag.py:508} INFO - Filling up the DagBag from /home/airflow/.local/lib/python3.7/site-packages/airflow/example_dags/tutorial_taskflow_api_etl.py
[2024-09-18T20:56:56.074+0000] {processor.py:650} INFO - DAG(s) dict_keys(['tutorial_taskflow_api_etl']) retrieved from /home/airflow/.local/lib/python3.7/site-packages/airflow/example_dags/tutorial_taskflow_api_etl.py
[2024-09-18T20:56:56.102+0000] {logging_mixin.py:115} INFO - [2024-09-18T20:56:56.102+0000] {dag.py:2429} INFO - Sync 1 DAGs
[2024-09-18T20:56:56.110+0000] {logging_mixin.py:115} INFO - [2024-09-18T20:56:56.110+0000] {dag.py:2981} INFO - Setting next_dagrun for tutorial_taskflow_api_etl to None, run_after=None
[2024-09-18T20:56:56.115+0000] {processor.py:161} INFO - Processing /home/airflow/.local/lib/python3.7/site-packages/airflow/example_dags/tutorial_taskflow_api_etl.py took 0.051 seconds
[2024-09-18T20:57:26.141+0000] {processor.py:153} INFO - Started process (PID=6166) to work on /home/airflow/.local/lib/python3.7/site-packages/airflow/example_dags/tutorial_taskflow_api_etl.py
[2024-09-18T20:57:26.142+0000] {processor.py:640} INFO - Processing file /home/airflow/.local/lib/python3.7/site-packages/airflow/example_dags/tutorial_taskflow_api_etl.py for tasks to queue
[2024-09-18T20:57:26.143+0000] {logging_mixin.py:115} INFO - [2024-09-18T20:57:26.142+0000] {dagbag.py:508} INFO - Filling up the DagBag from /home/airflow/.local/lib/python3.7/site-packages/airflow/example_dags/tutorial_taskflow_api_etl.py
[2024-09-18T20:57:26.150+0000] {processor.py:650} INFO - DAG(s) dict_keys(['tutorial_taskflow_api_etl']) retrieved from /home/airflow/.local/lib/python3.7/site-packages/airflow/example_dags/tutorial_taskflow_api_etl.py
[2024-09-18T20:57:26.182+0000] {logging_mixin.py:115} INFO - [2024-09-18T20:57:26.182+0000] {dag.py:2429} INFO - Sync 1 DAGs
[2024-09-18T20:57:26.189+0000] {logging_mixin.py:115} INFO - [2024-09-18T20:57:26.189+0000] {dag.py:2981} INFO - Setting next_dagrun for tutorial_taskflow_api_etl to None, run_after=None
[2024-09-18T20:57:26.195+0000] {processor.py:161} INFO - Processing /home/airflow/.local/lib/python3.7/site-packages/airflow/example_dags/tutorial_taskflow_api_etl.py took 0.055 seconds
[2024-09-18T20:57:56.346+0000] {processor.py:153} INFO - Started process (PID=6363) to work on /home/airflow/.local/lib/python3.7/site-packages/airflow/example_dags/tutorial_taskflow_api_etl.py
[2024-09-18T20:57:56.347+0000] {processor.py:640} INFO - Processing file /home/airflow/.local/lib/python3.7/site-packages/airflow/example_dags/tutorial_taskflow_api_etl.py for tasks to queue
[2024-09-18T20:57:56.348+0000] {logging_mixin.py:115} INFO - [2024-09-18T20:57:56.348+0000] {dagbag.py:508} INFO - Filling up the DagBag from /home/airflow/.local/lib/python3.7/site-packages/airflow/example_dags/tutorial_taskflow_api_etl.py
[2024-09-18T20:57:56.356+0000] {processor.py:650} INFO - DAG(s) dict_keys(['tutorial_taskflow_api_etl']) retrieved from /home/airflow/.local/lib/python3.7/site-packages/airflow/example_dags/tutorial_taskflow_api_etl.py
[2024-09-18T20:57:56.406+0000] {logging_mixin.py:115} INFO - [2024-09-18T20:57:56.406+0000] {dag.py:2429} INFO - Sync 1 DAGs
[2024-09-18T20:57:56.415+0000] {logging_mixin.py:115} INFO - [2024-09-18T20:57:56.415+0000] {dag.py:2981} INFO - Setting next_dagrun for tutorial_taskflow_api_etl to None, run_after=None
[2024-09-18T20:57:56.423+0000] {processor.py:161} INFO - Processing /home/airflow/.local/lib/python3.7/site-packages/airflow/example_dags/tutorial_taskflow_api_etl.py took 0.079 seconds
[2024-09-18T20:58:26.559+0000] {processor.py:153} INFO - Started process (PID=6559) to work on /home/airflow/.local/lib/python3.7/site-packages/airflow/example_dags/tutorial_taskflow_api_etl.py
[2024-09-18T20:58:26.559+0000] {processor.py:640} INFO - Processing file /home/airflow/.local/lib/python3.7/site-packages/airflow/example_dags/tutorial_taskflow_api_etl.py for tasks to queue
[2024-09-18T20:58:26.560+0000] {logging_mixin.py:115} INFO - [2024-09-18T20:58:26.560+0000] {dagbag.py:508} INFO - Filling up the DagBag from /home/airflow/.local/lib/python3.7/site-packages/airflow/example_dags/tutorial_taskflow_api_etl.py
[2024-09-18T20:58:26.566+0000] {processor.py:650} INFO - DAG(s) dict_keys(['tutorial_taskflow_api_etl']) retrieved from /home/airflow/.local/lib/python3.7/site-packages/airflow/example_dags/tutorial_taskflow_api_etl.py
[2024-09-18T20:58:26.579+0000] {logging_mixin.py:115} INFO - [2024-09-18T20:58:26.579+0000] {dag.py:2429} INFO - Sync 1 DAGs
[2024-09-18T20:58:26.589+0000] {logging_mixin.py:115} INFO - [2024-09-18T20:58:26.589+0000] {dag.py:2981} INFO - Setting next_dagrun for tutorial_taskflow_api_etl to None, run_after=None
[2024-09-18T20:58:26.593+0000] {processor.py:161} INFO - Processing /home/airflow/.local/lib/python3.7/site-packages/airflow/example_dags/tutorial_taskflow_api_etl.py took 0.036 seconds
[2024-09-18T20:58:56.782+0000] {processor.py:153} INFO - Started process (PID=6756) to work on /home/airflow/.local/lib/python3.7/site-packages/airflow/example_dags/tutorial_taskflow_api_etl.py
[2024-09-18T20:58:56.782+0000] {processor.py:640} INFO - Processing file /home/airflow/.local/lib/python3.7/site-packages/airflow/example_dags/tutorial_taskflow_api_etl.py for tasks to queue
[2024-09-18T20:58:56.783+0000] {logging_mixin.py:115} INFO - [2024-09-18T20:58:56.782+0000] {dagbag.py:508} INFO - Filling up the DagBag from /home/airflow/.local/lib/python3.7/site-packages/airflow/example_dags/tutorial_taskflow_api_etl.py
[2024-09-18T20:58:56.790+0000] {processor.py:650} INFO - DAG(s) dict_keys(['tutorial_taskflow_api_etl']) retrieved from /home/airflow/.local/lib/python3.7/site-packages/airflow/example_dags/tutorial_taskflow_api_etl.py
[2024-09-18T20:58:56.831+0000] {logging_mixin.py:115} INFO - [2024-09-18T20:58:56.831+0000] {dag.py:2429} INFO - Sync 1 DAGs
[2024-09-18T20:58:56.842+0000] {logging_mixin.py:115} INFO - [2024-09-18T20:58:56.842+0000] {dag.py:2981} INFO - Setting next_dagrun for tutorial_taskflow_api_etl to None, run_after=None
[2024-09-18T20:58:56.851+0000] {processor.py:161} INFO - Processing /home/airflow/.local/lib/python3.7/site-packages/airflow/example_dags/tutorial_taskflow_api_etl.py took 0.071 seconds
[2024-09-18T20:59:27.039+0000] {processor.py:153} INFO - Started process (PID=6944) to work on /home/airflow/.local/lib/python3.7/site-packages/airflow/example_dags/tutorial_taskflow_api_etl.py
[2024-09-18T20:59:27.040+0000] {processor.py:640} INFO - Processing file /home/airflow/.local/lib/python3.7/site-packages/airflow/example_dags/tutorial_taskflow_api_etl.py for tasks to queue
[2024-09-18T20:59:27.041+0000] {logging_mixin.py:115} INFO - [2024-09-18T20:59:27.041+0000] {dagbag.py:508} INFO - Filling up the DagBag from /home/airflow/.local/lib/python3.7/site-packages/airflow/example_dags/tutorial_taskflow_api_etl.py
[2024-09-18T20:59:27.048+0000] {processor.py:650} INFO - DAG(s) dict_keys(['tutorial_taskflow_api_etl']) retrieved from /home/airflow/.local/lib/python3.7/site-packages/airflow/example_dags/tutorial_taskflow_api_etl.py
[2024-09-18T20:59:27.077+0000] {logging_mixin.py:115} INFO - [2024-09-18T20:59:27.077+0000] {dag.py:2429} INFO - Sync 1 DAGs
[2024-09-18T20:59:27.086+0000] {logging_mixin.py:115} INFO - [2024-09-18T20:59:27.086+0000] {dag.py:2981} INFO - Setting next_dagrun for tutorial_taskflow_api_etl to None, run_after=None
[2024-09-18T20:59:27.092+0000] {processor.py:161} INFO - Processing /home/airflow/.local/lib/python3.7/site-packages/airflow/example_dags/tutorial_taskflow_api_etl.py took 0.054 seconds
[2024-09-18T20:59:57.264+0000] {processor.py:153} INFO - Started process (PID=7141) to work on /home/airflow/.local/lib/python3.7/site-packages/airflow/example_dags/tutorial_taskflow_api_etl.py
[2024-09-18T20:59:57.266+0000] {processor.py:640} INFO - Processing file /home/airflow/.local/lib/python3.7/site-packages/airflow/example_dags/tutorial_taskflow_api_etl.py for tasks to queue
[2024-09-18T20:59:57.266+0000] {logging_mixin.py:115} INFO - [2024-09-18T20:59:57.266+0000] {dagbag.py:508} INFO - Filling up the DagBag from /home/airflow/.local/lib/python3.7/site-packages/airflow/example_dags/tutorial_taskflow_api_etl.py
[2024-09-18T20:59:57.273+0000] {processor.py:650} INFO - DAG(s) dict_keys(['tutorial_taskflow_api_etl']) retrieved from /home/airflow/.local/lib/python3.7/site-packages/airflow/example_dags/tutorial_taskflow_api_etl.py
[2024-09-18T20:59:57.305+0000] {logging_mixin.py:115} INFO - [2024-09-18T20:59:57.304+0000] {dag.py:2429} INFO - Sync 1 DAGs
[2024-09-18T20:59:57.313+0000] {logging_mixin.py:115} INFO - [2024-09-18T20:59:57.313+0000] {dag.py:2981} INFO - Setting next_dagrun for tutorial_taskflow_api_etl to None, run_after=None
[2024-09-18T20:59:57.320+0000] {processor.py:161} INFO - Processing /home/airflow/.local/lib/python3.7/site-packages/airflow/example_dags/tutorial_taskflow_api_etl.py took 0.058 seconds
[2024-09-18T21:00:27.516+0000] {processor.py:153} INFO - Started process (PID=7338) to work on /home/airflow/.local/lib/python3.7/site-packages/airflow/example_dags/tutorial_taskflow_api_etl.py
[2024-09-18T21:00:27.518+0000] {processor.py:640} INFO - Processing file /home/airflow/.local/lib/python3.7/site-packages/airflow/example_dags/tutorial_taskflow_api_etl.py for tasks to queue
[2024-09-18T21:00:27.518+0000] {logging_mixin.py:115} INFO - [2024-09-18T21:00:27.518+0000] {dagbag.py:508} INFO - Filling up the DagBag from /home/airflow/.local/lib/python3.7/site-packages/airflow/example_dags/tutorial_taskflow_api_etl.py
[2024-09-18T21:00:27.525+0000] {processor.py:650} INFO - DAG(s) dict_keys(['tutorial_taskflow_api_etl']) retrieved from /home/airflow/.local/lib/python3.7/site-packages/airflow/example_dags/tutorial_taskflow_api_etl.py
[2024-09-18T21:00:27.541+0000] {logging_mixin.py:115} INFO - [2024-09-18T21:00:27.541+0000] {dag.py:2429} INFO - Sync 1 DAGs
[2024-09-18T21:00:27.553+0000] {logging_mixin.py:115} INFO - [2024-09-18T21:00:27.553+0000] {dag.py:2981} INFO - Setting next_dagrun for tutorial_taskflow_api_etl to None, run_after=None
[2024-09-18T21:00:27.563+0000] {processor.py:161} INFO - Processing /home/airflow/.local/lib/python3.7/site-packages/airflow/example_dags/tutorial_taskflow_api_etl.py took 0.048 seconds
