[2024-09-19T18:52:18.718+0000] {taskinstance.py:1171} INFO - Dependencies all met for <TaskInstance: dag_with_taskflow_api_v02.get_name scheduled__2024-09-18T00:00:00+00:00 [queued]>
[2024-09-19T18:52:18.722+0000] {taskinstance.py:1171} INFO - Dependencies all met for <TaskInstance: dag_with_taskflow_api_v02.get_name scheduled__2024-09-18T00:00:00+00:00 [queued]>
[2024-09-19T18:52:18.722+0000] {taskinstance.py:1368} INFO - 
--------------------------------------------------------------------------------
[2024-09-19T18:52:18.722+0000] {taskinstance.py:1369} INFO - Starting attempt 1 of 6
[2024-09-19T18:52:18.722+0000] {taskinstance.py:1370} INFO - 
--------------------------------------------------------------------------------
[2024-09-19T18:52:18.727+0000] {taskinstance.py:1389} INFO - Executing <Task(_PythonDecoratedOperator): get_name> on 2024-09-18 00:00:00+00:00
[2024-09-19T18:52:18.729+0000] {standard_task_runner.py:52} INFO - Started process 13281 to run task
[2024-09-19T18:52:18.731+0000] {standard_task_runner.py:79} INFO - Running: ['***', 'tasks', 'run', 'dag_with_taskflow_api_v02', 'get_name', 'scheduled__2024-09-18T00:00:00+00:00', '--job-id', '62', '--raw', '--subdir', 'DAGS_FOLDER/__pycache__/dag_with_taskflow_api.py', '--cfg-path', '/tmp/tmp58w4j8lb', '--error-file', '/tmp/tmp2zxilt0w']
[2024-09-19T18:52:18.732+0000] {standard_task_runner.py:80} INFO - Job 62: Subtask get_name
[2024-09-19T18:52:18.759+0000] {task_command.py:371} INFO - Running <TaskInstance: dag_with_taskflow_api_v02.get_name scheduled__2024-09-18T00:00:00+00:00 [running]> on host a83b02c526f7
[2024-09-19T18:52:18.865+0000] {taskinstance.py:1583} INFO - Exporting the following env vars:
AIRFLOW_CTX_DAG_OWNER=faruk3d
AIRFLOW_CTX_DAG_ID=dag_with_taskflow_api_v02
AIRFLOW_CTX_TASK_ID=get_name
AIRFLOW_CTX_EXECUTION_DATE=2024-09-18T00:00:00+00:00
AIRFLOW_CTX_TRY_NUMBER=1
AIRFLOW_CTX_DAG_RUN_ID=scheduled__2024-09-18T00:00:00+00:00
[2024-09-19T18:52:18.865+0000] {python.py:173} INFO - Done. Returned value was: {'first_name': 'Jerry', 'last_name': 'Simp'}
[2024-09-19T18:52:18.881+0000] {taskinstance.py:1412} INFO - Marking task as SUCCESS. dag_id=dag_with_taskflow_api_v02, task_id=get_name, execution_date=20240918T000000, start_date=20240919T185218, end_date=20240919T185218
[2024-09-19T18:52:18.911+0000] {local_task_job.py:156} INFO - Task exited with return code 0
[2024-09-19T18:52:18.924+0000] {local_task_job.py:279} INFO - 0 downstream tasks scheduled from follow-on schedule check
