[2024-09-19T17:31:23.580+0000] {taskinstance.py:1171} INFO - Dependencies all met for <TaskInstance: dag_with_python_operator_v06.get_age manual__2024-09-19T17:29:21.853486+00:00 [queued]>
[2024-09-19T17:31:23.584+0000] {taskinstance.py:1171} INFO - Dependencies all met for <TaskInstance: dag_with_python_operator_v06.get_age manual__2024-09-19T17:29:21.853486+00:00 [queued]>
[2024-09-19T17:31:23.584+0000] {taskinstance.py:1368} INFO - 
--------------------------------------------------------------------------------
[2024-09-19T17:31:23.584+0000] {taskinstance.py:1369} INFO - Starting attempt 2 of 6
[2024-09-19T17:31:23.584+0000] {taskinstance.py:1370} INFO - 
--------------------------------------------------------------------------------
[2024-09-19T17:31:23.589+0000] {taskinstance.py:1389} INFO - Executing <Task(PythonOperator): get_age> on 2024-09-19 17:29:21.853486+00:00
[2024-09-19T17:31:23.590+0000] {standard_task_runner.py:52} INFO - Started process 7559 to run task
[2024-09-19T17:31:23.592+0000] {standard_task_runner.py:79} INFO - Running: ['***', 'tasks', 'run', 'dag_with_python_operator_v06', 'get_age', 'manual__2024-09-19T17:29:21.853486+00:00', '--job-id', '40', '--raw', '--subdir', 'DAGS_FOLDER/create_dag_with_python_operator.py', '--cfg-path', '/tmp/tmp2hk9yq38', '--error-file', '/tmp/tmpynrocqrc']
[2024-09-19T17:31:23.592+0000] {standard_task_runner.py:80} INFO - Job 40: Subtask get_age
[2024-09-19T17:31:23.615+0000] {task_command.py:371} INFO - Running <TaskInstance: dag_with_python_operator_v06.get_age manual__2024-09-19T17:29:21.853486+00:00 [running]> on host a83b02c526f7
[2024-09-19T17:31:23.704+0000] {taskinstance.py:1583} INFO - Exporting the following env vars:
AIRFLOW_CTX_DAG_OWNER=faruk3d
AIRFLOW_CTX_DAG_ID=dag_with_python_operator_v06
AIRFLOW_CTX_TASK_ID=get_age
AIRFLOW_CTX_EXECUTION_DATE=2024-09-19T17:29:21.853486+00:00
AIRFLOW_CTX_TRY_NUMBER=2
AIRFLOW_CTX_DAG_RUN_ID=manual__2024-09-19T17:29:21.853486+00:00
[2024-09-19T17:31:23.709+0000] {python.py:173} INFO - Done. Returned value was: None
[2024-09-19T17:31:23.714+0000] {taskinstance.py:1412} INFO - Marking task as SUCCESS. dag_id=dag_with_python_operator_v06, task_id=get_age, execution_date=20240919T172921, start_date=20240919T173123, end_date=20240919T173123
[2024-09-19T17:31:23.737+0000] {local_task_job.py:156} INFO - Task exited with return code 0
[2024-09-19T17:31:23.749+0000] {local_task_job.py:279} INFO - 0 downstream tasks scheduled from follow-on schedule check
