[2024-09-19T17:34:12.160+0000] {taskinstance.py:1171} INFO - Dependencies all met for <TaskInstance: dag_with_python_operator_v07.get_age scheduled__2024-09-18T00:00:00+00:00 [queued]>
[2024-09-19T17:34:12.164+0000] {taskinstance.py:1171} INFO - Dependencies all met for <TaskInstance: dag_with_python_operator_v07.get_age scheduled__2024-09-18T00:00:00+00:00 [queued]>
[2024-09-19T17:34:12.164+0000] {taskinstance.py:1368} INFO - 
--------------------------------------------------------------------------------
[2024-09-19T17:34:12.164+0000] {taskinstance.py:1369} INFO - Starting attempt 1 of 6
[2024-09-19T17:34:12.165+0000] {taskinstance.py:1370} INFO - 
--------------------------------------------------------------------------------
[2024-09-19T17:34:12.170+0000] {taskinstance.py:1389} INFO - Executing <Task(PythonOperator): get_age> on 2024-09-18 00:00:00+00:00
[2024-09-19T17:34:12.172+0000] {standard_task_runner.py:52} INFO - Started process 7787 to run task
[2024-09-19T17:34:12.174+0000] {standard_task_runner.py:79} INFO - Running: ['***', 'tasks', 'run', 'dag_with_python_operator_v07', 'get_age', 'scheduled__2024-09-18T00:00:00+00:00', '--job-id', '49', '--raw', '--subdir', 'DAGS_FOLDER/create_dag_with_python_operator.py', '--cfg-path', '/tmp/tmp6_txyr7o', '--error-file', '/tmp/tmpnvr7e6fi']
[2024-09-19T17:34:12.175+0000] {standard_task_runner.py:80} INFO - Job 49: Subtask get_age
[2024-09-19T17:34:12.204+0000] {task_command.py:371} INFO - Running <TaskInstance: dag_with_python_operator_v07.get_age scheduled__2024-09-18T00:00:00+00:00 [running]> on host a83b02c526f7
[2024-09-19T17:34:12.239+0000] {taskinstance.py:1583} INFO - Exporting the following env vars:
AIRFLOW_CTX_DAG_OWNER=faruk3d
AIRFLOW_CTX_DAG_ID=dag_with_python_operator_v07
AIRFLOW_CTX_TASK_ID=get_age
AIRFLOW_CTX_EXECUTION_DATE=2024-09-18T00:00:00+00:00
AIRFLOW_CTX_TRY_NUMBER=1
AIRFLOW_CTX_DAG_RUN_ID=scheduled__2024-09-18T00:00:00+00:00
[2024-09-19T17:34:12.333+0000] {python.py:173} INFO - Done. Returned value was: None
[2024-09-19T17:34:12.340+0000] {taskinstance.py:1412} INFO - Marking task as SUCCESS. dag_id=dag_with_python_operator_v07, task_id=get_age, execution_date=20240918T000000, start_date=20240919T173412, end_date=20240919T173412
[2024-09-19T17:34:12.353+0000] {local_task_job.py:156} INFO - Task exited with return code 0
[2024-09-19T17:34:12.369+0000] {local_task_job.py:279} INFO - 1 downstream tasks scheduled from follow-on schedule check
[2024-09-19T18:41:22.804+0000] {taskinstance.py:1171} INFO - Dependencies all met for <TaskInstance: dag_with_python_operator_v07.get_age scheduled__2024-09-18T00:00:00+00:00 [queued]>
[2024-09-19T18:41:22.808+0000] {taskinstance.py:1171} INFO - Dependencies all met for <TaskInstance: dag_with_python_operator_v07.get_age scheduled__2024-09-18T00:00:00+00:00 [queued]>
[2024-09-19T18:41:22.808+0000] {taskinstance.py:1368} INFO - 
--------------------------------------------------------------------------------
[2024-09-19T18:41:22.808+0000] {taskinstance.py:1369} INFO - Starting attempt 1 of 6
[2024-09-19T18:41:22.808+0000] {taskinstance.py:1370} INFO - 
--------------------------------------------------------------------------------
[2024-09-19T18:41:22.813+0000] {taskinstance.py:1389} INFO - Executing <Task(PythonOperator): get_age> on 2024-09-18 00:00:00+00:00
[2024-09-19T18:41:22.815+0000] {standard_task_runner.py:52} INFO - Started process 12452 to run task
[2024-09-19T18:41:22.816+0000] {standard_task_runner.py:79} INFO - Running: ['***', 'tasks', 'run', 'dag_with_python_operator_v07', 'get_age', 'scheduled__2024-09-18T00:00:00+00:00', '--job-id', '55', '--raw', '--subdir', 'DAGS_FOLDER/create_dag_with_python_operator.py', '--cfg-path', '/tmp/tmpns0ulr7c', '--error-file', '/tmp/tmpw6lz1w6d']
[2024-09-19T18:41:22.817+0000] {standard_task_runner.py:80} INFO - Job 55: Subtask get_age
[2024-09-19T18:41:22.842+0000] {task_command.py:371} INFO - Running <TaskInstance: dag_with_python_operator_v07.get_age scheduled__2024-09-18T00:00:00+00:00 [running]> on host a83b02c526f7
[2024-09-19T18:41:22.872+0000] {taskinstance.py:1583} INFO - Exporting the following env vars:
AIRFLOW_CTX_DAG_OWNER=faruk3d
AIRFLOW_CTX_DAG_ID=dag_with_python_operator_v07
AIRFLOW_CTX_TASK_ID=get_age
AIRFLOW_CTX_EXECUTION_DATE=2024-09-18T00:00:00+00:00
AIRFLOW_CTX_TRY_NUMBER=1
AIRFLOW_CTX_DAG_RUN_ID=scheduled__2024-09-18T00:00:00+00:00
[2024-09-19T18:41:23.011+0000] {python.py:173} INFO - Done. Returned value was: None
[2024-09-19T18:41:23.017+0000] {taskinstance.py:1412} INFO - Marking task as SUCCESS. dag_id=dag_with_python_operator_v07, task_id=get_age, execution_date=20240918T000000, start_date=20240919T184122, end_date=20240919T184123
[2024-09-19T18:41:23.036+0000] {local_task_job.py:156} INFO - Task exited with return code 0
[2024-09-19T18:41:23.052+0000] {local_task_job.py:279} INFO - 1 downstream tasks scheduled from follow-on schedule check
