[2024-09-19T15:49:05.011+0000] {taskinstance.py:1171} INFO - Dependencies all met for <TaskInstance: first_dag_v6.third_task manual__2024-09-19T15:49:03.071782+00:00 [queued]>
[2024-09-19T15:49:05.016+0000] {taskinstance.py:1171} INFO - Dependencies all met for <TaskInstance: first_dag_v6.third_task manual__2024-09-19T15:49:03.071782+00:00 [queued]>
[2024-09-19T15:49:05.016+0000] {taskinstance.py:1368} INFO - 
--------------------------------------------------------------------------------
[2024-09-19T15:49:05.017+0000] {taskinstance.py:1369} INFO - Starting attempt 1 of 6
[2024-09-19T15:49:05.017+0000] {taskinstance.py:1370} INFO - 
--------------------------------------------------------------------------------
[2024-09-19T15:49:05.023+0000] {taskinstance.py:1389} INFO - Executing <Task(BashOperator): third_task> on 2024-09-19 15:49:03.071782+00:00
[2024-09-19T15:49:05.026+0000] {standard_task_runner.py:52} INFO - Started process 250 to run task
[2024-09-19T15:49:05.028+0000] {standard_task_runner.py:79} INFO - Running: ['***', 'tasks', 'run', 'first_dag_v6', 'third_task', 'manual__2024-09-19T15:49:03.071782+00:00', '--job-id', '11', '--raw', '--subdir', 'DAGS_FOLDER/first_dag.py', '--cfg-path', '/tmp/tmp6ub0no59', '--error-file', '/tmp/tmp8cpw0npr']
[2024-09-19T15:49:05.029+0000] {standard_task_runner.py:80} INFO - Job 11: Subtask third_task
[2024-09-19T15:49:05.069+0000] {task_command.py:371} INFO - Running <TaskInstance: first_dag_v6.third_task manual__2024-09-19T15:49:03.071782+00:00 [running]> on host a83b02c526f7
[2024-09-19T15:49:05.115+0000] {taskinstance.py:1583} INFO - Exporting the following env vars:
AIRFLOW_CTX_DAG_OWNER=faruk3d
AIRFLOW_CTX_DAG_ID=first_dag_v6
AIRFLOW_CTX_TASK_ID=third_task
AIRFLOW_CTX_EXECUTION_DATE=2024-09-19T15:49:03.071782+00:00
AIRFLOW_CTX_TRY_NUMBER=1
AIRFLOW_CTX_DAG_RUN_ID=manual__2024-09-19T15:49:03.071782+00:00
[2024-09-19T15:49:05.117+0000] {subprocess.py:62} INFO - Tmp dir root location: 
 /tmp
[2024-09-19T15:49:05.117+0000] {subprocess.py:74} INFO - Running command: ['/bin/bash', '-c', 'echo This task will be running after task1 at the same time as task2']
[2024-09-19T15:49:05.122+0000] {subprocess.py:85} INFO - Output:
[2024-09-19T15:49:05.123+0000] {subprocess.py:92} INFO - This task will be running after task1 at the same time as task2
[2024-09-19T15:49:05.123+0000] {subprocess.py:96} INFO - Command exited with return code 0
[2024-09-19T15:49:05.246+0000] {taskinstance.py:1412} INFO - Marking task as SUCCESS. dag_id=first_dag_v6, task_id=third_task, execution_date=20240919T154903, start_date=20240919T154905, end_date=20240919T154905
[2024-09-19T15:49:05.291+0000] {local_task_job.py:156} INFO - Task exited with return code 0
[2024-09-19T15:49:05.303+0000] {local_task_job.py:279} INFO - 0 downstream tasks scheduled from follow-on schedule check
