[2024-09-19T18:58:19.530+0000] {processor.py:153} INFO - Started process (PID=13643) to work on /opt/airflow/dags/dag_with_bash_operator.py
[2024-09-19T18:58:19.531+0000] {processor.py:640} INFO - Processing file /opt/airflow/dags/dag_with_bash_operator.py for tasks to queue
[2024-09-19T18:58:19.535+0000] {logging_mixin.py:115} INFO - [2024-09-19T18:58:19.535+0000] {dagbag.py:508} INFO - Filling up the DagBag from /opt/airflow/dags/dag_with_bash_operator.py
[2024-09-19T18:58:19.541+0000] {processor.py:650} INFO - DAG(s) dict_keys(['dag_with_bash_operator_v06']) retrieved from /opt/airflow/dags/dag_with_bash_operator.py
[2024-09-19T18:58:19.575+0000] {logging_mixin.py:115} INFO - [2024-09-19T18:58:19.575+0000] {manager.py:508} INFO - Created Permission View: can edit on DAG:dag_with_bash_operator_v06
[2024-09-19T18:58:19.652+0000] {logging_mixin.py:115} INFO - [2024-09-19T18:58:19.652+0000] {manager.py:508} INFO - Created Permission View: can delete on DAG:dag_with_bash_operator_v06
[2024-09-19T18:58:19.655+0000] {logging_mixin.py:115} INFO - [2024-09-19T18:58:19.655+0000] {manager.py:508} INFO - Created Permission View: can read on DAG:dag_with_bash_operator_v06
[2024-09-19T18:58:19.655+0000] {logging_mixin.py:115} INFO - [2024-09-19T18:58:19.655+0000] {dag.py:2429} INFO - Sync 1 DAGs
[2024-09-19T18:58:19.659+0000] {logging_mixin.py:115} INFO - [2024-09-19T18:58:19.659+0000] {dag.py:2448} INFO - Creating ORM DAG for dag_with_bash_operator_v06
[2024-09-19T18:58:19.667+0000] {logging_mixin.py:115} INFO - [2024-09-19T18:58:19.667+0000] {dag.py:2981} INFO - Setting next_dagrun for dag_with_bash_operator_v06 to 2024-09-18T00:00:00+00:00, run_after=2024-09-19T00:00:00+00:00
[2024-09-19T18:58:19.675+0000] {processor.py:161} INFO - Processing /opt/airflow/dags/dag_with_bash_operator.py took 0.146 seconds
[2024-09-19T18:58:50.031+0000] {processor.py:153} INFO - Started process (PID=13696) to work on /opt/airflow/dags/dag_with_bash_operator.py
[2024-09-19T18:58:50.032+0000] {processor.py:640} INFO - Processing file /opt/airflow/dags/dag_with_bash_operator.py for tasks to queue
[2024-09-19T18:58:50.033+0000] {logging_mixin.py:115} INFO - [2024-09-19T18:58:50.033+0000] {dagbag.py:508} INFO - Filling up the DagBag from /opt/airflow/dags/dag_with_bash_operator.py
[2024-09-19T18:58:50.046+0000] {processor.py:650} INFO - DAG(s) dict_keys(['dag_with_bash_operator_v06']) retrieved from /opt/airflow/dags/dag_with_bash_operator.py
[2024-09-19T18:58:50.063+0000] {logging_mixin.py:115} INFO - [2024-09-19T18:58:50.063+0000] {dag.py:2429} INFO - Sync 1 DAGs
[2024-09-19T18:58:50.076+0000] {logging_mixin.py:115} INFO - [2024-09-19T18:58:50.076+0000] {dag.py:2981} INFO - Setting next_dagrun for dag_with_bash_operator_v06 to 2024-09-18T00:00:00+00:00, run_after=2024-09-19T00:00:00+00:00
[2024-09-19T18:58:50.080+0000] {processor.py:161} INFO - Processing /opt/airflow/dags/dag_with_bash_operator.py took 0.052 seconds
[2024-09-19T18:59:20.303+0000] {processor.py:153} INFO - Started process (PID=13742) to work on /opt/airflow/dags/dag_with_bash_operator.py
[2024-09-19T18:59:20.304+0000] {processor.py:640} INFO - Processing file /opt/airflow/dags/dag_with_bash_operator.py for tasks to queue
[2024-09-19T18:59:20.304+0000] {logging_mixin.py:115} INFO - [2024-09-19T18:59:20.304+0000] {dagbag.py:508} INFO - Filling up the DagBag from /opt/airflow/dags/dag_with_bash_operator.py
[2024-09-19T18:59:20.315+0000] {processor.py:650} INFO - DAG(s) dict_keys(['dag_with_bash_operator_v06']) retrieved from /opt/airflow/dags/dag_with_bash_operator.py
[2024-09-19T18:59:20.329+0000] {logging_mixin.py:115} INFO - [2024-09-19T18:59:20.329+0000] {dag.py:2429} INFO - Sync 1 DAGs
[2024-09-19T18:59:20.346+0000] {logging_mixin.py:115} INFO - [2024-09-19T18:59:20.346+0000] {dag.py:2981} INFO - Setting next_dagrun for dag_with_bash_operator_v06 to 2024-09-18T00:00:00+00:00, run_after=2024-09-19T00:00:00+00:00
[2024-09-19T18:59:20.350+0000] {processor.py:161} INFO - Processing /opt/airflow/dags/dag_with_bash_operator.py took 0.051 seconds
[2024-09-19T18:59:50.629+0000] {processor.py:153} INFO - Started process (PID=13794) to work on /opt/airflow/dags/dag_with_bash_operator.py
[2024-09-19T18:59:50.630+0000] {processor.py:640} INFO - Processing file /opt/airflow/dags/dag_with_bash_operator.py for tasks to queue
[2024-09-19T18:59:50.631+0000] {logging_mixin.py:115} INFO - [2024-09-19T18:59:50.631+0000] {dagbag.py:508} INFO - Filling up the DagBag from /opt/airflow/dags/dag_with_bash_operator.py
[2024-09-19T18:59:50.645+0000] {processor.py:650} INFO - DAG(s) dict_keys(['dag_with_bash_operator_v06']) retrieved from /opt/airflow/dags/dag_with_bash_operator.py
[2024-09-19T18:59:50.662+0000] {logging_mixin.py:115} INFO - [2024-09-19T18:59:50.662+0000] {dag.py:2429} INFO - Sync 1 DAGs
[2024-09-19T18:59:50.676+0000] {logging_mixin.py:115} INFO - [2024-09-19T18:59:50.676+0000] {dag.py:2981} INFO - Setting next_dagrun for dag_with_bash_operator_v06 to 2024-09-18T00:00:00+00:00, run_after=2024-09-19T00:00:00+00:00
[2024-09-19T18:59:50.681+0000] {processor.py:161} INFO - Processing /opt/airflow/dags/dag_with_bash_operator.py took 0.056 seconds
[2024-09-19T19:00:20.898+0000] {processor.py:153} INFO - Started process (PID=13840) to work on /opt/airflow/dags/dag_with_bash_operator.py
[2024-09-19T19:00:20.899+0000] {processor.py:640} INFO - Processing file /opt/airflow/dags/dag_with_bash_operator.py for tasks to queue
[2024-09-19T19:00:20.900+0000] {logging_mixin.py:115} INFO - [2024-09-19T19:00:20.900+0000] {dagbag.py:508} INFO - Filling up the DagBag from /opt/airflow/dags/dag_with_bash_operator.py
[2024-09-19T19:00:20.907+0000] {processor.py:650} INFO - DAG(s) dict_keys(['dag_with_bash_operator_v06']) retrieved from /opt/airflow/dags/dag_with_bash_operator.py
[2024-09-19T19:00:20.921+0000] {logging_mixin.py:115} INFO - [2024-09-19T19:00:20.921+0000] {dag.py:2429} INFO - Sync 1 DAGs
[2024-09-19T19:00:20.933+0000] {logging_mixin.py:115} INFO - [2024-09-19T19:00:20.933+0000] {dag.py:2981} INFO - Setting next_dagrun for dag_with_bash_operator_v06 to 2024-09-18T00:00:00+00:00, run_after=2024-09-19T00:00:00+00:00
[2024-09-19T19:00:20.942+0000] {processor.py:161} INFO - Processing /opt/airflow/dags/dag_with_bash_operator.py took 0.046 seconds
[2024-09-19T19:00:51.224+0000] {processor.py:153} INFO - Started process (PID=13878) to work on /opt/airflow/dags/dag_with_bash_operator.py
[2024-09-19T19:00:51.225+0000] {processor.py:640} INFO - Processing file /opt/airflow/dags/dag_with_bash_operator.py for tasks to queue
[2024-09-19T19:00:51.225+0000] {logging_mixin.py:115} INFO - [2024-09-19T19:00:51.225+0000] {dagbag.py:508} INFO - Filling up the DagBag from /opt/airflow/dags/dag_with_bash_operator.py
[2024-09-19T19:00:51.235+0000] {processor.py:650} INFO - DAG(s) dict_keys(['dag_with_bash_operator_v06']) retrieved from /opt/airflow/dags/dag_with_bash_operator.py
[2024-09-19T19:00:51.254+0000] {logging_mixin.py:115} INFO - [2024-09-19T19:00:51.254+0000] {dag.py:2429} INFO - Sync 1 DAGs
[2024-09-19T19:00:51.266+0000] {logging_mixin.py:115} INFO - [2024-09-19T19:00:51.266+0000] {dag.py:2981} INFO - Setting next_dagrun for dag_with_bash_operator_v06 to 2024-09-18T00:00:00+00:00, run_after=2024-09-19T00:00:00+00:00
[2024-09-19T19:00:51.270+0000] {processor.py:161} INFO - Processing /opt/airflow/dags/dag_with_bash_operator.py took 0.050 seconds
[2024-09-19T19:01:21.558+0000] {processor.py:153} INFO - Started process (PID=13925) to work on /opt/airflow/dags/dag_with_bash_operator.py
[2024-09-19T19:01:21.558+0000] {processor.py:640} INFO - Processing file /opt/airflow/dags/dag_with_bash_operator.py for tasks to queue
[2024-09-19T19:01:21.559+0000] {logging_mixin.py:115} INFO - [2024-09-19T19:01:21.559+0000] {dagbag.py:508} INFO - Filling up the DagBag from /opt/airflow/dags/dag_with_bash_operator.py
[2024-09-19T19:01:21.568+0000] {processor.py:650} INFO - DAG(s) dict_keys(['dag_with_bash_operator_v06']) retrieved from /opt/airflow/dags/dag_with_bash_operator.py
[2024-09-19T19:01:21.584+0000] {logging_mixin.py:115} INFO - [2024-09-19T19:01:21.584+0000] {dag.py:2429} INFO - Sync 1 DAGs
[2024-09-19T19:01:21.595+0000] {logging_mixin.py:115} INFO - [2024-09-19T19:01:21.595+0000] {dag.py:2981} INFO - Setting next_dagrun for dag_with_bash_operator_v06 to 2024-09-18T00:00:00+00:00, run_after=2024-09-19T00:00:00+00:00
[2024-09-19T19:01:21.601+0000] {processor.py:161} INFO - Processing /opt/airflow/dags/dag_with_bash_operator.py took 0.045 seconds
[2024-09-19T19:01:51.893+0000] {processor.py:153} INFO - Started process (PID=13972) to work on /opt/airflow/dags/dag_with_bash_operator.py
[2024-09-19T19:01:51.893+0000] {processor.py:640} INFO - Processing file /opt/airflow/dags/dag_with_bash_operator.py for tasks to queue
[2024-09-19T19:01:51.894+0000] {logging_mixin.py:115} INFO - [2024-09-19T19:01:51.893+0000] {dagbag.py:508} INFO - Filling up the DagBag from /opt/airflow/dags/dag_with_bash_operator.py
[2024-09-19T19:01:51.902+0000] {processor.py:650} INFO - DAG(s) dict_keys(['dag_with_bash_operator_v06']) retrieved from /opt/airflow/dags/dag_with_bash_operator.py
[2024-09-19T19:01:51.915+0000] {logging_mixin.py:115} INFO - [2024-09-19T19:01:51.915+0000] {dag.py:2429} INFO - Sync 1 DAGs
[2024-09-19T19:01:51.925+0000] {logging_mixin.py:115} INFO - [2024-09-19T19:01:51.925+0000] {dag.py:2981} INFO - Setting next_dagrun for dag_with_bash_operator_v06 to 2024-09-18T00:00:00+00:00, run_after=2024-09-19T00:00:00+00:00
[2024-09-19T19:01:51.929+0000] {processor.py:161} INFO - Processing /opt/airflow/dags/dag_with_bash_operator.py took 0.039 seconds
[2024-09-19T19:02:22.206+0000] {processor.py:153} INFO - Started process (PID=14019) to work on /opt/airflow/dags/dag_with_bash_operator.py
[2024-09-19T19:02:22.210+0000] {processor.py:640} INFO - Processing file /opt/airflow/dags/dag_with_bash_operator.py for tasks to queue
[2024-09-19T19:02:22.210+0000] {logging_mixin.py:115} INFO - [2024-09-19T19:02:22.210+0000] {dagbag.py:508} INFO - Filling up the DagBag from /opt/airflow/dags/dag_with_bash_operator.py
[2024-09-19T19:02:22.221+0000] {processor.py:650} INFO - DAG(s) dict_keys(['dag_with_bash_operator_v06']) retrieved from /opt/airflow/dags/dag_with_bash_operator.py
[2024-09-19T19:02:22.239+0000] {logging_mixin.py:115} INFO - [2024-09-19T19:02:22.239+0000] {dag.py:2429} INFO - Sync 1 DAGs
[2024-09-19T19:02:22.251+0000] {logging_mixin.py:115} INFO - [2024-09-19T19:02:22.251+0000] {dag.py:2981} INFO - Setting next_dagrun for dag_with_bash_operator_v06 to 2024-09-18T00:00:00+00:00, run_after=2024-09-19T00:00:00+00:00
[2024-09-19T19:02:22.256+0000] {processor.py:161} INFO - Processing /opt/airflow/dags/dag_with_bash_operator.py took 0.055 seconds
[2024-09-19T19:02:52.569+0000] {processor.py:153} INFO - Started process (PID=14074) to work on /opt/airflow/dags/dag_with_bash_operator.py
[2024-09-19T19:02:52.570+0000] {processor.py:640} INFO - Processing file /opt/airflow/dags/dag_with_bash_operator.py for tasks to queue
[2024-09-19T19:02:52.571+0000] {logging_mixin.py:115} INFO - [2024-09-19T19:02:52.571+0000] {dagbag.py:508} INFO - Filling up the DagBag from /opt/airflow/dags/dag_with_bash_operator.py
[2024-09-19T19:02:52.583+0000] {processor.py:650} INFO - DAG(s) dict_keys(['dag_with_bash_operator_v06']) retrieved from /opt/airflow/dags/dag_with_bash_operator.py
[2024-09-19T19:02:52.601+0000] {logging_mixin.py:115} INFO - [2024-09-19T19:02:52.601+0000] {dag.py:2429} INFO - Sync 1 DAGs
[2024-09-19T19:02:52.614+0000] {logging_mixin.py:115} INFO - [2024-09-19T19:02:52.614+0000] {dag.py:2981} INFO - Setting next_dagrun for dag_with_bash_operator_v06 to 2024-09-18T00:00:00+00:00, run_after=2024-09-19T00:00:00+00:00
[2024-09-19T19:02:52.623+0000] {processor.py:161} INFO - Processing /opt/airflow/dags/dag_with_bash_operator.py took 0.058 seconds
[2024-09-19T19:03:22.901+0000] {processor.py:153} INFO - Started process (PID=14121) to work on /opt/airflow/dags/dag_with_bash_operator.py
[2024-09-19T19:03:22.902+0000] {processor.py:640} INFO - Processing file /opt/airflow/dags/dag_with_bash_operator.py for tasks to queue
[2024-09-19T19:03:22.902+0000] {logging_mixin.py:115} INFO - [2024-09-19T19:03:22.902+0000] {dagbag.py:508} INFO - Filling up the DagBag from /opt/airflow/dags/dag_with_bash_operator.py
[2024-09-19T19:03:22.913+0000] {processor.py:650} INFO - DAG(s) dict_keys(['dag_with_bash_operator_v06']) retrieved from /opt/airflow/dags/dag_with_bash_operator.py
[2024-09-19T19:03:22.928+0000] {logging_mixin.py:115} INFO - [2024-09-19T19:03:22.928+0000] {dag.py:2429} INFO - Sync 1 DAGs
[2024-09-19T19:03:22.943+0000] {logging_mixin.py:115} INFO - [2024-09-19T19:03:22.943+0000] {dag.py:2981} INFO - Setting next_dagrun for dag_with_bash_operator_v06 to 2024-09-18T00:00:00+00:00, run_after=2024-09-19T00:00:00+00:00
[2024-09-19T19:03:22.951+0000] {processor.py:161} INFO - Processing /opt/airflow/dags/dag_with_bash_operator.py took 0.054 seconds
[2024-09-19T19:03:53.225+0000] {processor.py:153} INFO - Started process (PID=14168) to work on /opt/airflow/dags/dag_with_bash_operator.py
[2024-09-19T19:03:53.225+0000] {processor.py:640} INFO - Processing file /opt/airflow/dags/dag_with_bash_operator.py for tasks to queue
[2024-09-19T19:03:53.225+0000] {logging_mixin.py:115} INFO - [2024-09-19T19:03:53.225+0000] {dagbag.py:508} INFO - Filling up the DagBag from /opt/airflow/dags/dag_with_bash_operator.py
[2024-09-19T19:03:53.230+0000] {processor.py:650} INFO - DAG(s) dict_keys(['dag_with_bash_operator_v06']) retrieved from /opt/airflow/dags/dag_with_bash_operator.py
[2024-09-19T19:03:53.245+0000] {logging_mixin.py:115} INFO - [2024-09-19T19:03:53.245+0000] {dag.py:2429} INFO - Sync 1 DAGs
[2024-09-19T19:03:53.255+0000] {logging_mixin.py:115} INFO - [2024-09-19T19:03:53.255+0000] {dag.py:2981} INFO - Setting next_dagrun for dag_with_bash_operator_v06 to 2024-09-18T00:00:00+00:00, run_after=2024-09-19T00:00:00+00:00
[2024-09-19T19:03:53.259+0000] {processor.py:161} INFO - Processing /opt/airflow/dags/dag_with_bash_operator.py took 0.036 seconds
[2024-09-19T19:04:23.550+0000] {processor.py:153} INFO - Started process (PID=14213) to work on /opt/airflow/dags/dag_with_bash_operator.py
[2024-09-19T19:04:23.551+0000] {processor.py:640} INFO - Processing file /opt/airflow/dags/dag_with_bash_operator.py for tasks to queue
[2024-09-19T19:04:23.552+0000] {logging_mixin.py:115} INFO - [2024-09-19T19:04:23.552+0000] {dagbag.py:508} INFO - Filling up the DagBag from /opt/airflow/dags/dag_with_bash_operator.py
[2024-09-19T19:04:23.561+0000] {processor.py:650} INFO - DAG(s) dict_keys(['dag_with_bash_operator_v06']) retrieved from /opt/airflow/dags/dag_with_bash_operator.py
[2024-09-19T19:04:23.580+0000] {logging_mixin.py:115} INFO - [2024-09-19T19:04:23.580+0000] {dag.py:2429} INFO - Sync 1 DAGs
[2024-09-19T19:04:23.591+0000] {logging_mixin.py:115} INFO - [2024-09-19T19:04:23.591+0000] {dag.py:2981} INFO - Setting next_dagrun for dag_with_bash_operator_v06 to 2024-09-18T00:00:00+00:00, run_after=2024-09-19T00:00:00+00:00
[2024-09-19T19:04:23.596+0000] {processor.py:161} INFO - Processing /opt/airflow/dags/dag_with_bash_operator.py took 0.050 seconds
[2024-09-19T19:04:53.889+0000] {processor.py:153} INFO - Started process (PID=14262) to work on /opt/airflow/dags/dag_with_bash_operator.py
[2024-09-19T19:04:53.890+0000] {processor.py:640} INFO - Processing file /opt/airflow/dags/dag_with_bash_operator.py for tasks to queue
[2024-09-19T19:04:53.891+0000] {logging_mixin.py:115} INFO - [2024-09-19T19:04:53.891+0000] {dagbag.py:508} INFO - Filling up the DagBag from /opt/airflow/dags/dag_with_bash_operator.py
[2024-09-19T19:04:53.904+0000] {processor.py:650} INFO - DAG(s) dict_keys(['dag_with_bash_operator_v06']) retrieved from /opt/airflow/dags/dag_with_bash_operator.py
[2024-09-19T19:04:53.920+0000] {logging_mixin.py:115} INFO - [2024-09-19T19:04:53.919+0000] {dag.py:2429} INFO - Sync 1 DAGs
[2024-09-19T19:04:53.934+0000] {logging_mixin.py:115} INFO - [2024-09-19T19:04:53.934+0000] {dag.py:2981} INFO - Setting next_dagrun for dag_with_bash_operator_v06 to 2024-09-18T00:00:00+00:00, run_after=2024-09-19T00:00:00+00:00
[2024-09-19T19:04:53.938+0000] {processor.py:161} INFO - Processing /opt/airflow/dags/dag_with_bash_operator.py took 0.053 seconds
[2024-09-19T19:05:24.220+0000] {processor.py:153} INFO - Started process (PID=14455) to work on /opt/airflow/dags/dag_with_bash_operator.py
[2024-09-19T19:05:24.221+0000] {processor.py:640} INFO - Processing file /opt/airflow/dags/dag_with_bash_operator.py for tasks to queue
[2024-09-19T19:05:24.221+0000] {logging_mixin.py:115} INFO - [2024-09-19T19:05:24.221+0000] {dagbag.py:508} INFO - Filling up the DagBag from /opt/airflow/dags/dag_with_bash_operator.py
[2024-09-19T19:05:24.228+0000] {processor.py:650} INFO - DAG(s) dict_keys(['dag_with_bash_operator_v06']) retrieved from /opt/airflow/dags/dag_with_bash_operator.py
[2024-09-19T19:05:24.243+0000] {logging_mixin.py:115} INFO - [2024-09-19T19:05:24.243+0000] {dag.py:2429} INFO - Sync 1 DAGs
[2024-09-19T19:05:24.254+0000] {logging_mixin.py:115} INFO - [2024-09-19T19:05:24.254+0000] {dag.py:2981} INFO - Setting next_dagrun for dag_with_bash_operator_v06 to 2024-09-18T00:00:00+00:00, run_after=2024-09-19T00:00:00+00:00
[2024-09-19T19:05:24.264+0000] {processor.py:161} INFO - Processing /opt/airflow/dags/dag_with_bash_operator.py took 0.047 seconds
[2024-09-19T19:05:54.559+0000] {processor.py:153} INFO - Started process (PID=14591) to work on /opt/airflow/dags/dag_with_bash_operator.py
[2024-09-19T19:05:54.560+0000] {processor.py:640} INFO - Processing file /opt/airflow/dags/dag_with_bash_operator.py for tasks to queue
[2024-09-19T19:05:54.561+0000] {logging_mixin.py:115} INFO - [2024-09-19T19:05:54.561+0000] {dagbag.py:508} INFO - Filling up the DagBag from /opt/airflow/dags/dag_with_bash_operator.py
[2024-09-19T19:05:54.571+0000] {processor.py:650} INFO - DAG(s) dict_keys(['dag_with_bash_operator_v06']) retrieved from /opt/airflow/dags/dag_with_bash_operator.py
[2024-09-19T19:05:54.588+0000] {logging_mixin.py:115} INFO - [2024-09-19T19:05:54.588+0000] {dag.py:2429} INFO - Sync 1 DAGs
[2024-09-19T19:05:54.600+0000] {logging_mixin.py:115} INFO - [2024-09-19T19:05:54.600+0000] {dag.py:2981} INFO - Setting next_dagrun for dag_with_bash_operator_v06 to 2024-09-18T00:00:00+00:00, run_after=2024-09-19T00:00:00+00:00
[2024-09-19T19:05:54.610+0000] {processor.py:161} INFO - Processing /opt/airflow/dags/dag_with_bash_operator.py took 0.055 seconds
[2024-09-19T19:06:24.887+0000] {processor.py:153} INFO - Started process (PID=14638) to work on /opt/airflow/dags/dag_with_bash_operator.py
[2024-09-19T19:06:24.888+0000] {processor.py:640} INFO - Processing file /opt/airflow/dags/dag_with_bash_operator.py for tasks to queue
[2024-09-19T19:06:24.888+0000] {logging_mixin.py:115} INFO - [2024-09-19T19:06:24.888+0000] {dagbag.py:508} INFO - Filling up the DagBag from /opt/airflow/dags/dag_with_bash_operator.py
[2024-09-19T19:06:24.903+0000] {processor.py:650} INFO - DAG(s) dict_keys(['dag_with_bash_operator_v06']) retrieved from /opt/airflow/dags/dag_with_bash_operator.py
[2024-09-19T19:06:24.918+0000] {logging_mixin.py:115} INFO - [2024-09-19T19:06:24.917+0000] {dag.py:2429} INFO - Sync 1 DAGs
[2024-09-19T19:06:24.929+0000] {logging_mixin.py:115} INFO - [2024-09-19T19:06:24.929+0000] {dag.py:2981} INFO - Setting next_dagrun for dag_with_bash_operator_v06 to 2024-09-18T00:00:00+00:00, run_after=2024-09-19T00:00:00+00:00
[2024-09-19T19:06:24.934+0000] {processor.py:161} INFO - Processing /opt/airflow/dags/dag_with_bash_operator.py took 0.051 seconds
[2024-09-19T19:06:55.241+0000] {processor.py:153} INFO - Started process (PID=14685) to work on /opt/airflow/dags/dag_with_bash_operator.py
[2024-09-19T19:06:55.242+0000] {processor.py:640} INFO - Processing file /opt/airflow/dags/dag_with_bash_operator.py for tasks to queue
[2024-09-19T19:06:55.243+0000] {logging_mixin.py:115} INFO - [2024-09-19T19:06:55.243+0000] {dagbag.py:508} INFO - Filling up the DagBag from /opt/airflow/dags/dag_with_bash_operator.py
[2024-09-19T19:06:55.253+0000] {processor.py:650} INFO - DAG(s) dict_keys(['dag_with_bash_operator_v06']) retrieved from /opt/airflow/dags/dag_with_bash_operator.py
[2024-09-19T19:06:55.272+0000] {logging_mixin.py:115} INFO - [2024-09-19T19:06:55.272+0000] {dag.py:2429} INFO - Sync 1 DAGs
[2024-09-19T19:06:55.283+0000] {logging_mixin.py:115} INFO - [2024-09-19T19:06:55.283+0000] {dag.py:2981} INFO - Setting next_dagrun for dag_with_bash_operator_v06 to 2024-09-18T00:00:00+00:00, run_after=2024-09-19T00:00:00+00:00
[2024-09-19T19:06:55.288+0000] {processor.py:161} INFO - Processing /opt/airflow/dags/dag_with_bash_operator.py took 0.051 seconds
