[2024-09-19T18:58:19.528+0000] {processor.py:153} INFO - Started process (PID=13641) to work on /opt/airflow/dags/dag_with_catchup_and_backfill.py
[2024-09-19T18:58:19.528+0000] {processor.py:640} INFO - Processing file /opt/airflow/dags/dag_with_catchup_and_backfill.py for tasks to queue
[2024-09-19T18:58:19.529+0000] {logging_mixin.py:115} INFO - [2024-09-19T18:58:19.529+0000] {dagbag.py:508} INFO - Filling up the DagBag from /opt/airflow/dags/dag_with_catchup_and_backfill.py
[2024-09-19T18:58:19.535+0000] {processor.py:650} INFO - DAG(s) dict_keys(['dag_with_catchup_and_backfill_v01']) retrieved from /opt/airflow/dags/dag_with_catchup_and_backfill.py
[2024-09-19T18:58:19.572+0000] {logging_mixin.py:115} INFO - [2024-09-19T18:58:19.572+0000] {manager.py:508} INFO - Created Permission View: can edit on DAG:dag_with_catchup_and_backfill_v01
[2024-09-19T18:58:19.651+0000] {logging_mixin.py:115} INFO - [2024-09-19T18:58:19.651+0000] {manager.py:508} INFO - Created Permission View: can delete on DAG:dag_with_catchup_and_backfill_v01
[2024-09-19T18:58:19.654+0000] {logging_mixin.py:115} INFO - [2024-09-19T18:58:19.654+0000] {manager.py:508} INFO - Created Permission View: can read on DAG:dag_with_catchup_and_backfill_v01
[2024-09-19T18:58:19.655+0000] {logging_mixin.py:115} INFO - [2024-09-19T18:58:19.655+0000] {dag.py:2429} INFO - Sync 1 DAGs
[2024-09-19T18:58:19.659+0000] {logging_mixin.py:115} INFO - [2024-09-19T18:58:19.659+0000] {dag.py:2448} INFO - Creating ORM DAG for dag_with_catchup_and_backfill_v01
[2024-09-19T18:58:19.664+0000] {logging_mixin.py:115} INFO - [2024-09-19T18:58:19.664+0000] {dag.py:2981} INFO - Setting next_dagrun for dag_with_catchup_and_backfill_v01 to 2024-09-18T00:00:00+00:00, run_after=2024-09-19T00:00:00+00:00
[2024-09-19T18:58:19.671+0000] {processor.py:161} INFO - Processing /opt/airflow/dags/dag_with_catchup_and_backfill.py took 0.146 seconds
[2024-09-19T18:58:24.856+0000] {processor.py:153} INFO - Started process (PID=13670) to work on /opt/airflow/dags/dag_with_catchup_and_backfill.py
[2024-09-19T18:58:24.857+0000] {processor.py:640} INFO - Processing file /opt/airflow/dags/dag_with_catchup_and_backfill.py for tasks to queue
[2024-09-19T18:58:24.857+0000] {logging_mixin.py:115} INFO - [2024-09-19T18:58:24.857+0000] {dagbag.py:508} INFO - Filling up the DagBag from /opt/airflow/dags/dag_with_catchup_and_backfill.py
[2024-09-19T18:58:24.865+0000] {processor.py:650} INFO - DAG(s) dict_keys(['dag_with_catchup_and_backfill_v01']) retrieved from /opt/airflow/dags/dag_with_catchup_and_backfill.py
[2024-09-19T18:58:24.874+0000] {logging_mixin.py:115} INFO - [2024-09-19T18:58:24.874+0000] {dag.py:2429} INFO - Sync 1 DAGs
[2024-09-19T18:58:24.885+0000] {logging_mixin.py:115} INFO - [2024-09-19T18:58:24.885+0000] {dag.py:2981} INFO - Setting next_dagrun for dag_with_catchup_and_backfill_v01 to 2024-09-18T00:00:00+00:00, run_after=2024-09-19T00:00:00+00:00
[2024-09-19T18:58:24.890+0000] {processor.py:161} INFO - Processing /opt/airflow/dags/dag_with_catchup_and_backfill.py took 0.036 seconds
[2024-09-19T18:58:55.156+0000] {processor.py:153} INFO - Started process (PID=13720) to work on /opt/airflow/dags/dag_with_catchup_and_backfill.py
[2024-09-19T18:58:55.156+0000] {processor.py:640} INFO - Processing file /opt/airflow/dags/dag_with_catchup_and_backfill.py for tasks to queue
[2024-09-19T18:58:55.157+0000] {logging_mixin.py:115} INFO - [2024-09-19T18:58:55.157+0000] {dagbag.py:508} INFO - Filling up the DagBag from /opt/airflow/dags/dag_with_catchup_and_backfill.py
[2024-09-19T18:58:55.163+0000] {processor.py:650} INFO - DAG(s) dict_keys(['dag_with_catchup_and_backfill_v01']) retrieved from /opt/airflow/dags/dag_with_catchup_and_backfill.py
[2024-09-19T18:58:55.177+0000] {logging_mixin.py:115} INFO - [2024-09-19T18:58:55.177+0000] {dag.py:2429} INFO - Sync 1 DAGs
[2024-09-19T18:58:55.188+0000] {logging_mixin.py:115} INFO - [2024-09-19T18:58:55.188+0000] {dag.py:2981} INFO - Setting next_dagrun for dag_with_catchup_and_backfill_v01 to 2024-09-19T00:00:00+00:00, run_after=2024-09-20T00:00:00+00:00
[2024-09-19T18:58:55.192+0000] {processor.py:161} INFO - Processing /opt/airflow/dags/dag_with_catchup_and_backfill.py took 0.039 seconds
[2024-09-19T18:59:25.412+0000] {processor.py:153} INFO - Started process (PID=13757) to work on /opt/airflow/dags/dag_with_catchup_and_backfill.py
[2024-09-19T18:59:25.413+0000] {processor.py:640} INFO - Processing file /opt/airflow/dags/dag_with_catchup_and_backfill.py for tasks to queue
[2024-09-19T18:59:25.414+0000] {logging_mixin.py:115} INFO - [2024-09-19T18:59:25.414+0000] {dagbag.py:508} INFO - Filling up the DagBag from /opt/airflow/dags/dag_with_catchup_and_backfill.py
[2024-09-19T18:59:25.423+0000] {processor.py:650} INFO - DAG(s) dict_keys(['dag_with_catchup_and_backfill_v01']) retrieved from /opt/airflow/dags/dag_with_catchup_and_backfill.py
[2024-09-19T18:59:25.441+0000] {logging_mixin.py:115} INFO - [2024-09-19T18:59:25.441+0000] {dag.py:2429} INFO - Sync 1 DAGs
[2024-09-19T18:59:25.453+0000] {logging_mixin.py:115} INFO - [2024-09-19T18:59:25.453+0000] {dag.py:2981} INFO - Setting next_dagrun for dag_with_catchup_and_backfill_v01 to 2024-09-19T00:00:00+00:00, run_after=2024-09-20T00:00:00+00:00
[2024-09-19T18:59:25.458+0000] {processor.py:161} INFO - Processing /opt/airflow/dags/dag_with_catchup_and_backfill.py took 0.049 seconds
[2024-09-19T18:59:29.458+0000] {processor.py:153} INFO - Started process (PID=13771) to work on /opt/airflow/dags/dag_with_catchup_and_backfill.py
[2024-09-19T18:59:29.459+0000] {processor.py:640} INFO - Processing file /opt/airflow/dags/dag_with_catchup_and_backfill.py for tasks to queue
[2024-09-19T18:59:29.459+0000] {logging_mixin.py:115} INFO - [2024-09-19T18:59:29.459+0000] {dagbag.py:508} INFO - Filling up the DagBag from /opt/airflow/dags/dag_with_catchup_and_backfill.py
[2024-09-19T18:59:29.467+0000] {processor.py:650} INFO - DAG(s) dict_keys(['dag_with_catchup_and_backfill_v01']) retrieved from /opt/airflow/dags/dag_with_catchup_and_backfill.py
[2024-09-19T18:59:29.500+0000] {logging_mixin.py:115} INFO - [2024-09-19T18:59:29.500+0000] {dag.py:2429} INFO - Sync 1 DAGs
[2024-09-19T18:59:29.574+0000] {logging_mixin.py:115} INFO - [2024-09-19T18:59:29.574+0000] {dag.py:2981} INFO - Setting next_dagrun for dag_with_catchup_and_backfill_v01 to 2024-09-19T00:00:00+00:00, run_after=2024-09-20T00:00:00+00:00
[2024-09-19T18:59:29.579+0000] {processor.py:161} INFO - Processing /opt/airflow/dags/dag_with_catchup_and_backfill.py took 0.125 seconds
[2024-09-19T18:59:59.764+0000] {processor.py:153} INFO - Started process (PID=13818) to work on /opt/airflow/dags/dag_with_catchup_and_backfill.py
[2024-09-19T18:59:59.765+0000] {processor.py:640} INFO - Processing file /opt/airflow/dags/dag_with_catchup_and_backfill.py for tasks to queue
[2024-09-19T18:59:59.765+0000] {logging_mixin.py:115} INFO - [2024-09-19T18:59:59.765+0000] {dagbag.py:508} INFO - Filling up the DagBag from /opt/airflow/dags/dag_with_catchup_and_backfill.py
[2024-09-19T18:59:59.772+0000] {processor.py:650} INFO - DAG(s) dict_keys(['dag_with_catchup_and_backfill_v01']) retrieved from /opt/airflow/dags/dag_with_catchup_and_backfill.py
[2024-09-19T18:59:59.785+0000] {logging_mixin.py:115} INFO - [2024-09-19T18:59:59.784+0000] {dag.py:2429} INFO - Sync 1 DAGs
[2024-09-19T18:59:59.795+0000] {logging_mixin.py:115} INFO - [2024-09-19T18:59:59.795+0000] {dag.py:2981} INFO - Setting next_dagrun for dag_with_catchup_and_backfill_v01 to 2024-09-19T00:00:00+00:00, run_after=2024-09-20T00:00:00+00:00
[2024-09-19T18:59:59.799+0000] {processor.py:161} INFO - Processing /opt/airflow/dags/dag_with_catchup_and_backfill.py took 0.038 seconds
[2024-09-19T19:00:30.052+0000] {processor.py:153} INFO - Started process (PID=13855) to work on /opt/airflow/dags/dag_with_catchup_and_backfill.py
[2024-09-19T19:00:30.052+0000] {processor.py:640} INFO - Processing file /opt/airflow/dags/dag_with_catchup_and_backfill.py for tasks to queue
[2024-09-19T19:00:30.053+0000] {logging_mixin.py:115} INFO - [2024-09-19T19:00:30.053+0000] {dagbag.py:508} INFO - Filling up the DagBag from /opt/airflow/dags/dag_with_catchup_and_backfill.py
[2024-09-19T19:00:30.057+0000] {processor.py:650} INFO - DAG(s) dict_keys(['dag_with_catchup_and_backfill_v01']) retrieved from /opt/airflow/dags/dag_with_catchup_and_backfill.py
[2024-09-19T19:00:30.069+0000] {logging_mixin.py:115} INFO - [2024-09-19T19:00:30.069+0000] {dag.py:2429} INFO - Sync 1 DAGs
[2024-09-19T19:00:30.079+0000] {logging_mixin.py:115} INFO - [2024-09-19T19:00:30.079+0000] {dag.py:2981} INFO - Setting next_dagrun for dag_with_catchup_and_backfill_v01 to 2024-09-19T00:00:00+00:00, run_after=2024-09-20T00:00:00+00:00
[2024-09-19T19:00:30.083+0000] {processor.py:161} INFO - Processing /opt/airflow/dags/dag_with_catchup_and_backfill.py took 0.032 seconds
[2024-09-19T19:01:00.396+0000] {processor.py:153} INFO - Started process (PID=13902) to work on /opt/airflow/dags/dag_with_catchup_and_backfill.py
[2024-09-19T19:01:00.397+0000] {processor.py:640} INFO - Processing file /opt/airflow/dags/dag_with_catchup_and_backfill.py for tasks to queue
[2024-09-19T19:01:00.398+0000] {logging_mixin.py:115} INFO - [2024-09-19T19:01:00.398+0000] {dagbag.py:508} INFO - Filling up the DagBag from /opt/airflow/dags/dag_with_catchup_and_backfill.py
[2024-09-19T19:01:00.407+0000] {processor.py:650} INFO - DAG(s) dict_keys(['dag_with_catchup_and_backfill_v01']) retrieved from /opt/airflow/dags/dag_with_catchup_and_backfill.py
[2024-09-19T19:01:00.426+0000] {logging_mixin.py:115} INFO - [2024-09-19T19:01:00.426+0000] {dag.py:2429} INFO - Sync 1 DAGs
[2024-09-19T19:01:00.439+0000] {logging_mixin.py:115} INFO - [2024-09-19T19:01:00.439+0000] {dag.py:2981} INFO - Setting next_dagrun for dag_with_catchup_and_backfill_v01 to 2024-09-19T00:00:00+00:00, run_after=2024-09-20T00:00:00+00:00
[2024-09-19T19:01:00.443+0000] {processor.py:161} INFO - Processing /opt/airflow/dags/dag_with_catchup_and_backfill.py took 0.051 seconds
[2024-09-19T19:01:30.719+0000] {processor.py:153} INFO - Started process (PID=13949) to work on /opt/airflow/dags/dag_with_catchup_and_backfill.py
[2024-09-19T19:01:30.720+0000] {processor.py:640} INFO - Processing file /opt/airflow/dags/dag_with_catchup_and_backfill.py for tasks to queue
[2024-09-19T19:01:30.720+0000] {logging_mixin.py:115} INFO - [2024-09-19T19:01:30.720+0000] {dagbag.py:508} INFO - Filling up the DagBag from /opt/airflow/dags/dag_with_catchup_and_backfill.py
[2024-09-19T19:01:30.729+0000] {processor.py:650} INFO - DAG(s) dict_keys(['dag_with_catchup_and_backfill_v01']) retrieved from /opt/airflow/dags/dag_with_catchup_and_backfill.py
[2024-09-19T19:01:30.748+0000] {logging_mixin.py:115} INFO - [2024-09-19T19:01:30.748+0000] {dag.py:2429} INFO - Sync 1 DAGs
[2024-09-19T19:01:30.760+0000] {logging_mixin.py:115} INFO - [2024-09-19T19:01:30.760+0000] {dag.py:2981} INFO - Setting next_dagrun for dag_with_catchup_and_backfill_v01 to 2024-09-19T00:00:00+00:00, run_after=2024-09-20T00:00:00+00:00
[2024-09-19T19:01:30.764+0000] {processor.py:161} INFO - Processing /opt/airflow/dags/dag_with_catchup_and_backfill.py took 0.050 seconds
[2024-09-19T19:02:01.063+0000] {processor.py:153} INFO - Started process (PID=13996) to work on /opt/airflow/dags/dag_with_catchup_and_backfill.py
[2024-09-19T19:02:01.065+0000] {processor.py:640} INFO - Processing file /opt/airflow/dags/dag_with_catchup_and_backfill.py for tasks to queue
[2024-09-19T19:02:01.065+0000] {logging_mixin.py:115} INFO - [2024-09-19T19:02:01.065+0000] {dagbag.py:508} INFO - Filling up the DagBag from /opt/airflow/dags/dag_with_catchup_and_backfill.py
[2024-09-19T19:02:01.074+0000] {processor.py:650} INFO - DAG(s) dict_keys(['dag_with_catchup_and_backfill_v01']) retrieved from /opt/airflow/dags/dag_with_catchup_and_backfill.py
[2024-09-19T19:02:01.093+0000] {logging_mixin.py:115} INFO - [2024-09-19T19:02:01.093+0000] {dag.py:2429} INFO - Sync 1 DAGs
[2024-09-19T19:02:01.105+0000] {logging_mixin.py:115} INFO - [2024-09-19T19:02:01.105+0000] {dag.py:2981} INFO - Setting next_dagrun for dag_with_catchup_and_backfill_v01 to 2024-09-19T00:00:00+00:00, run_after=2024-09-20T00:00:00+00:00
[2024-09-19T19:02:01.110+0000] {processor.py:161} INFO - Processing /opt/airflow/dags/dag_with_catchup_and_backfill.py took 0.051 seconds
[2024-09-19T19:02:31.379+0000] {processor.py:153} INFO - Started process (PID=14043) to work on /opt/airflow/dags/dag_with_catchup_and_backfill.py
[2024-09-19T19:02:31.380+0000] {processor.py:640} INFO - Processing file /opt/airflow/dags/dag_with_catchup_and_backfill.py for tasks to queue
[2024-09-19T19:02:31.381+0000] {logging_mixin.py:115} INFO - [2024-09-19T19:02:31.381+0000] {dagbag.py:508} INFO - Filling up the DagBag from /opt/airflow/dags/dag_with_catchup_and_backfill.py
[2024-09-19T19:02:31.389+0000] {processor.py:650} INFO - DAG(s) dict_keys(['dag_with_catchup_and_backfill_v01']) retrieved from /opt/airflow/dags/dag_with_catchup_and_backfill.py
[2024-09-19T19:02:31.408+0000] {logging_mixin.py:115} INFO - [2024-09-19T19:02:31.408+0000] {dag.py:2429} INFO - Sync 1 DAGs
[2024-09-19T19:02:31.420+0000] {logging_mixin.py:115} INFO - [2024-09-19T19:02:31.420+0000] {dag.py:2981} INFO - Setting next_dagrun for dag_with_catchup_and_backfill_v01 to 2024-09-19T00:00:00+00:00, run_after=2024-09-20T00:00:00+00:00
[2024-09-19T19:02:31.425+0000] {processor.py:161} INFO - Processing /opt/airflow/dags/dag_with_catchup_and_backfill.py took 0.050 seconds
[2024-09-19T19:02:39.479+0000] {processor.py:153} INFO - Started process (PID=14057) to work on /opt/airflow/dags/dag_with_catchup_and_backfill.py
[2024-09-19T19:02:39.480+0000] {processor.py:640} INFO - Processing file /opt/airflow/dags/dag_with_catchup_and_backfill.py for tasks to queue
[2024-09-19T19:02:39.480+0000] {logging_mixin.py:115} INFO - [2024-09-19T19:02:39.480+0000] {dagbag.py:508} INFO - Filling up the DagBag from /opt/airflow/dags/dag_with_catchup_and_backfill.py
[2024-09-19T19:02:39.489+0000] {processor.py:650} INFO - DAG(s) dict_keys(['dag_with_catchup_and_backfill_v02']) retrieved from /opt/airflow/dags/dag_with_catchup_and_backfill.py
[2024-09-19T19:02:39.540+0000] {logging_mixin.py:115} INFO - [2024-09-19T19:02:39.540+0000] {manager.py:508} INFO - Created Permission View: can edit on DAG:dag_with_catchup_and_backfill_v02
[2024-09-19T19:02:39.607+0000] {logging_mixin.py:115} INFO - [2024-09-19T19:02:39.607+0000] {manager.py:508} INFO - Created Permission View: can delete on DAG:dag_with_catchup_and_backfill_v02
[2024-09-19T19:02:39.610+0000] {logging_mixin.py:115} INFO - [2024-09-19T19:02:39.610+0000] {manager.py:508} INFO - Created Permission View: can read on DAG:dag_with_catchup_and_backfill_v02
[2024-09-19T19:02:39.610+0000] {logging_mixin.py:115} INFO - [2024-09-19T19:02:39.610+0000] {dag.py:2429} INFO - Sync 1 DAGs
[2024-09-19T19:02:39.613+0000] {logging_mixin.py:115} INFO - [2024-09-19T19:02:39.613+0000] {dag.py:2448} INFO - Creating ORM DAG for dag_with_catchup_and_backfill_v02
[2024-09-19T19:02:39.618+0000] {logging_mixin.py:115} INFO - [2024-09-19T19:02:39.618+0000] {dag.py:2981} INFO - Setting next_dagrun for dag_with_catchup_and_backfill_v02 to 2024-09-18T00:00:00+00:00, run_after=2024-09-19T00:00:00+00:00
[2024-09-19T19:02:39.622+0000] {processor.py:161} INFO - Processing /opt/airflow/dags/dag_with_catchup_and_backfill.py took 0.146 seconds
[2024-09-19T19:03:09.802+0000] {processor.py:153} INFO - Started process (PID=14098) to work on /opt/airflow/dags/dag_with_catchup_and_backfill.py
[2024-09-19T19:03:09.803+0000] {processor.py:640} INFO - Processing file /opt/airflow/dags/dag_with_catchup_and_backfill.py for tasks to queue
[2024-09-19T19:03:09.804+0000] {logging_mixin.py:115} INFO - [2024-09-19T19:03:09.804+0000] {dagbag.py:508} INFO - Filling up the DagBag from /opt/airflow/dags/dag_with_catchup_and_backfill.py
[2024-09-19T19:03:09.812+0000] {processor.py:650} INFO - DAG(s) dict_keys(['dag_with_catchup_and_backfill_v02']) retrieved from /opt/airflow/dags/dag_with_catchup_and_backfill.py
[2024-09-19T19:03:09.831+0000] {logging_mixin.py:115} INFO - [2024-09-19T19:03:09.831+0000] {dag.py:2429} INFO - Sync 1 DAGs
[2024-09-19T19:03:09.843+0000] {logging_mixin.py:115} INFO - [2024-09-19T19:03:09.843+0000] {dag.py:2981} INFO - Setting next_dagrun for dag_with_catchup_and_backfill_v02 to 2024-09-19T00:00:00+00:00, run_after=2024-09-20T00:00:00+00:00
[2024-09-19T19:03:09.848+0000] {processor.py:161} INFO - Processing /opt/airflow/dags/dag_with_catchup_and_backfill.py took 0.049 seconds
[2024-09-19T19:03:40.137+0000] {processor.py:153} INFO - Started process (PID=14145) to work on /opt/airflow/dags/dag_with_catchup_and_backfill.py
[2024-09-19T19:03:40.138+0000] {processor.py:640} INFO - Processing file /opt/airflow/dags/dag_with_catchup_and_backfill.py for tasks to queue
[2024-09-19T19:03:40.138+0000] {logging_mixin.py:115} INFO - [2024-09-19T19:03:40.138+0000] {dagbag.py:508} INFO - Filling up the DagBag from /opt/airflow/dags/dag_with_catchup_and_backfill.py
[2024-09-19T19:03:40.146+0000] {processor.py:650} INFO - DAG(s) dict_keys(['dag_with_catchup_and_backfill_v02']) retrieved from /opt/airflow/dags/dag_with_catchup_and_backfill.py
[2024-09-19T19:03:40.163+0000] {logging_mixin.py:115} INFO - [2024-09-19T19:03:40.163+0000] {dag.py:2429} INFO - Sync 1 DAGs
[2024-09-19T19:03:40.174+0000] {logging_mixin.py:115} INFO - [2024-09-19T19:03:40.174+0000] {dag.py:2981} INFO - Setting next_dagrun for dag_with_catchup_and_backfill_v02 to 2024-09-19T00:00:00+00:00, run_after=2024-09-20T00:00:00+00:00
[2024-09-19T19:03:40.179+0000] {processor.py:161} INFO - Processing /opt/airflow/dags/dag_with_catchup_and_backfill.py took 0.045 seconds
[2024-09-19T19:04:10.461+0000] {processor.py:153} INFO - Started process (PID=14199) to work on /opt/airflow/dags/dag_with_catchup_and_backfill.py
[2024-09-19T19:04:10.461+0000] {processor.py:640} INFO - Processing file /opt/airflow/dags/dag_with_catchup_and_backfill.py for tasks to queue
[2024-09-19T19:04:10.462+0000] {logging_mixin.py:115} INFO - [2024-09-19T19:04:10.462+0000] {dagbag.py:508} INFO - Filling up the DagBag from /opt/airflow/dags/dag_with_catchup_and_backfill.py
[2024-09-19T19:04:10.469+0000] {processor.py:650} INFO - DAG(s) dict_keys(['dag_with_catchup_and_backfill_v02']) retrieved from /opt/airflow/dags/dag_with_catchup_and_backfill.py
[2024-09-19T19:04:10.486+0000] {logging_mixin.py:115} INFO - [2024-09-19T19:04:10.486+0000] {dag.py:2429} INFO - Sync 1 DAGs
[2024-09-19T19:04:10.497+0000] {logging_mixin.py:115} INFO - [2024-09-19T19:04:10.497+0000] {dag.py:2981} INFO - Setting next_dagrun for dag_with_catchup_and_backfill_v02 to 2024-09-19T00:00:00+00:00, run_after=2024-09-20T00:00:00+00:00
[2024-09-19T19:04:10.502+0000] {processor.py:161} INFO - Processing /opt/airflow/dags/dag_with_catchup_and_backfill.py took 0.045 seconds
[2024-09-19T19:04:40.787+0000] {processor.py:153} INFO - Started process (PID=14246) to work on /opt/airflow/dags/dag_with_catchup_and_backfill.py
[2024-09-19T19:04:40.787+0000] {processor.py:640} INFO - Processing file /opt/airflow/dags/dag_with_catchup_and_backfill.py for tasks to queue
[2024-09-19T19:04:40.788+0000] {logging_mixin.py:115} INFO - [2024-09-19T19:04:40.788+0000] {dagbag.py:508} INFO - Filling up the DagBag from /opt/airflow/dags/dag_with_catchup_and_backfill.py
[2024-09-19T19:04:40.796+0000] {processor.py:650} INFO - DAG(s) dict_keys(['dag_with_catchup_and_backfill_v02']) retrieved from /opt/airflow/dags/dag_with_catchup_and_backfill.py
[2024-09-19T19:04:40.816+0000] {logging_mixin.py:115} INFO - [2024-09-19T19:04:40.816+0000] {dag.py:2429} INFO - Sync 1 DAGs
[2024-09-19T19:04:40.829+0000] {logging_mixin.py:115} INFO - [2024-09-19T19:04:40.828+0000] {dag.py:2981} INFO - Setting next_dagrun for dag_with_catchup_and_backfill_v02 to 2024-09-19T00:00:00+00:00, run_after=2024-09-20T00:00:00+00:00
[2024-09-19T19:04:40.833+0000] {processor.py:161} INFO - Processing /opt/airflow/dags/dag_with_catchup_and_backfill.py took 0.050 seconds
[2024-09-19T19:05:11.134+0000] {processor.py:153} INFO - Started process (PID=14295) to work on /opt/airflow/dags/dag_with_catchup_and_backfill.py
[2024-09-19T19:05:11.135+0000] {processor.py:640} INFO - Processing file /opt/airflow/dags/dag_with_catchup_and_backfill.py for tasks to queue
[2024-09-19T19:05:11.136+0000] {logging_mixin.py:115} INFO - [2024-09-19T19:05:11.136+0000] {dagbag.py:508} INFO - Filling up the DagBag from /opt/airflow/dags/dag_with_catchup_and_backfill.py
[2024-09-19T19:05:11.144+0000] {processor.py:650} INFO - DAG(s) dict_keys(['dag_with_catchup_and_backfill_v02']) retrieved from /opt/airflow/dags/dag_with_catchup_and_backfill.py
[2024-09-19T19:05:11.164+0000] {logging_mixin.py:115} INFO - [2024-09-19T19:05:11.164+0000] {dag.py:2429} INFO - Sync 1 DAGs
[2024-09-19T19:05:11.176+0000] {logging_mixin.py:115} INFO - [2024-09-19T19:05:11.176+0000] {dag.py:2981} INFO - Setting next_dagrun for dag_with_catchup_and_backfill_v02 to 2024-09-19T00:00:00+00:00, run_after=2024-09-20T00:00:00+00:00
[2024-09-19T19:05:11.181+0000] {processor.py:161} INFO - Processing /opt/airflow/dags/dag_with_catchup_and_backfill.py took 0.051 seconds
[2024-09-19T19:05:41.468+0000] {processor.py:153} INFO - Started process (PID=14577) to work on /opt/airflow/dags/dag_with_catchup_and_backfill.py
[2024-09-19T19:05:41.469+0000] {processor.py:640} INFO - Processing file /opt/airflow/dags/dag_with_catchup_and_backfill.py for tasks to queue
[2024-09-19T19:05:41.470+0000] {logging_mixin.py:115} INFO - [2024-09-19T19:05:41.470+0000] {dagbag.py:508} INFO - Filling up the DagBag from /opt/airflow/dags/dag_with_catchup_and_backfill.py
[2024-09-19T19:05:41.479+0000] {processor.py:650} INFO - DAG(s) dict_keys(['dag_with_catchup_and_backfill_v02']) retrieved from /opt/airflow/dags/dag_with_catchup_and_backfill.py
[2024-09-19T19:05:41.498+0000] {logging_mixin.py:115} INFO - [2024-09-19T19:05:41.498+0000] {dag.py:2429} INFO - Sync 1 DAGs
[2024-09-19T19:05:41.510+0000] {logging_mixin.py:115} INFO - [2024-09-19T19:05:41.510+0000] {dag.py:2981} INFO - Setting next_dagrun for dag_with_catchup_and_backfill_v02 to 2024-09-19T00:00:00+00:00, run_after=2024-09-20T00:00:00+00:00
[2024-09-19T19:05:41.514+0000] {processor.py:161} INFO - Processing /opt/airflow/dags/dag_with_catchup_and_backfill.py took 0.050 seconds
[2024-09-19T19:06:09.762+0000] {processor.py:153} INFO - Started process (PID=14615) to work on /opt/airflow/dags/dag_with_catchup_and_backfill.py
[2024-09-19T19:06:09.763+0000] {processor.py:640} INFO - Processing file /opt/airflow/dags/dag_with_catchup_and_backfill.py for tasks to queue
[2024-09-19T19:06:09.764+0000] {logging_mixin.py:115} INFO - [2024-09-19T19:06:09.764+0000] {dagbag.py:508} INFO - Filling up the DagBag from /opt/airflow/dags/dag_with_catchup_and_backfill.py
[2024-09-19T19:06:09.774+0000] {processor.py:650} INFO - DAG(s) dict_keys(['dag_with_catchup_and_backfill_v02']) retrieved from /opt/airflow/dags/dag_with_catchup_and_backfill.py
[2024-09-19T19:06:09.791+0000] {logging_mixin.py:115} INFO - [2024-09-19T19:06:09.791+0000] {dag.py:2429} INFO - Sync 1 DAGs
[2024-09-19T19:06:09.802+0000] {logging_mixin.py:115} INFO - [2024-09-19T19:06:09.802+0000] {dag.py:2981} INFO - Setting next_dagrun for dag_with_catchup_and_backfill_v02 to 2024-09-19T00:00:00+00:00, run_after=2024-09-20T00:00:00+00:00
[2024-09-19T19:06:09.807+0000] {processor.py:161} INFO - Processing /opt/airflow/dags/dag_with_catchup_and_backfill.py took 0.048 seconds
[2024-09-19T19:06:40.105+0000] {processor.py:153} INFO - Started process (PID=14662) to work on /opt/airflow/dags/dag_with_catchup_and_backfill.py
[2024-09-19T19:06:40.106+0000] {processor.py:640} INFO - Processing file /opt/airflow/dags/dag_with_catchup_and_backfill.py for tasks to queue
[2024-09-19T19:06:40.106+0000] {logging_mixin.py:115} INFO - [2024-09-19T19:06:40.106+0000] {dagbag.py:508} INFO - Filling up the DagBag from /opt/airflow/dags/dag_with_catchup_and_backfill.py
[2024-09-19T19:06:40.114+0000] {processor.py:650} INFO - DAG(s) dict_keys(['dag_with_catchup_and_backfill_v02']) retrieved from /opt/airflow/dags/dag_with_catchup_and_backfill.py
[2024-09-19T19:06:40.131+0000] {logging_mixin.py:115} INFO - [2024-09-19T19:06:40.131+0000] {dag.py:2429} INFO - Sync 1 DAGs
[2024-09-19T19:06:40.142+0000] {logging_mixin.py:115} INFO - [2024-09-19T19:06:40.142+0000] {dag.py:2981} INFO - Setting next_dagrun for dag_with_catchup_and_backfill_v02 to 2024-09-19T00:00:00+00:00, run_after=2024-09-20T00:00:00+00:00
[2024-09-19T19:06:40.146+0000] {processor.py:161} INFO - Processing /opt/airflow/dags/dag_with_catchup_and_backfill.py took 0.045 seconds
[2024-09-19T19:07:10.429+0000] {processor.py:153} INFO - Started process (PID=14709) to work on /opt/airflow/dags/dag_with_catchup_and_backfill.py
[2024-09-19T19:07:10.430+0000] {processor.py:640} INFO - Processing file /opt/airflow/dags/dag_with_catchup_and_backfill.py for tasks to queue
[2024-09-19T19:07:10.430+0000] {logging_mixin.py:115} INFO - [2024-09-19T19:07:10.430+0000] {dagbag.py:508} INFO - Filling up the DagBag from /opt/airflow/dags/dag_with_catchup_and_backfill.py
[2024-09-19T19:07:10.436+0000] {processor.py:650} INFO - DAG(s) dict_keys(['dag_with_catchup_and_backfill_v02']) retrieved from /opt/airflow/dags/dag_with_catchup_and_backfill.py
[2024-09-19T19:07:10.451+0000] {logging_mixin.py:115} INFO - [2024-09-19T19:07:10.450+0000] {dag.py:2429} INFO - Sync 1 DAGs
[2024-09-19T19:07:10.464+0000] {logging_mixin.py:115} INFO - [2024-09-19T19:07:10.464+0000] {dag.py:2981} INFO - Setting next_dagrun for dag_with_catchup_and_backfill_v02 to 2024-09-19T00:00:00+00:00, run_after=2024-09-20T00:00:00+00:00
[2024-09-19T19:07:10.469+0000] {processor.py:161} INFO - Processing /opt/airflow/dags/dag_with_catchup_and_backfill.py took 0.042 seconds
