[2024-09-19T18:58:19.690+0000] {processor.py:153} INFO - Started process (PID=13654) to work on /opt/airflow/dags/dag_with_python_operator.py
[2024-09-19T18:58:19.691+0000] {processor.py:640} INFO - Processing file /opt/airflow/dags/dag_with_python_operator.py for tasks to queue
[2024-09-19T18:58:19.692+0000] {logging_mixin.py:115} INFO - [2024-09-19T18:58:19.692+0000] {dagbag.py:508} INFO - Filling up the DagBag from /opt/airflow/dags/dag_with_python_operator.py
[2024-09-19T18:58:19.698+0000] {processor.py:650} INFO - DAG(s) dict_keys(['dag_with_python_operator_v07']) retrieved from /opt/airflow/dags/dag_with_python_operator.py
[2024-09-19T18:58:19.723+0000] {logging_mixin.py:115} INFO - [2024-09-19T18:58:19.723+0000] {dag.py:2429} INFO - Sync 1 DAGs
[2024-09-19T18:58:19.808+0000] {logging_mixin.py:115} INFO - [2024-09-19T18:58:19.808+0000] {dag.py:2981} INFO - Setting next_dagrun for dag_with_python_operator_v07 to 2024-09-19T00:00:00+00:00, run_after=2024-09-20T00:00:00+00:00
[2024-09-19T18:58:19.817+0000] {processor.py:161} INFO - Processing /opt/airflow/dags/dag_with_python_operator.py took 0.128 seconds
[2024-09-19T18:58:50.092+0000] {processor.py:153} INFO - Started process (PID=13704) to work on /opt/airflow/dags/dag_with_python_operator.py
[2024-09-19T18:58:50.094+0000] {processor.py:640} INFO - Processing file /opt/airflow/dags/dag_with_python_operator.py for tasks to queue
[2024-09-19T18:58:50.094+0000] {logging_mixin.py:115} INFO - [2024-09-19T18:58:50.094+0000] {dagbag.py:508} INFO - Filling up the DagBag from /opt/airflow/dags/dag_with_python_operator.py
[2024-09-19T18:58:50.100+0000] {processor.py:650} INFO - DAG(s) dict_keys(['dag_with_python_operator_v07']) retrieved from /opt/airflow/dags/dag_with_python_operator.py
[2024-09-19T18:58:50.110+0000] {logging_mixin.py:115} INFO - [2024-09-19T18:58:50.110+0000] {dag.py:2429} INFO - Sync 1 DAGs
[2024-09-19T18:58:50.120+0000] {logging_mixin.py:115} INFO - [2024-09-19T18:58:50.120+0000] {dag.py:2981} INFO - Setting next_dagrun for dag_with_python_operator_v07 to 2024-09-19T00:00:00+00:00, run_after=2024-09-20T00:00:00+00:00
[2024-09-19T18:58:50.124+0000] {processor.py:161} INFO - Processing /opt/airflow/dags/dag_with_python_operator.py took 0.034 seconds
[2024-09-19T18:59:20.360+0000] {processor.py:153} INFO - Started process (PID=13752) to work on /opt/airflow/dags/dag_with_python_operator.py
[2024-09-19T18:59:20.360+0000] {processor.py:640} INFO - Processing file /opt/airflow/dags/dag_with_python_operator.py for tasks to queue
[2024-09-19T18:59:20.360+0000] {logging_mixin.py:115} INFO - [2024-09-19T18:59:20.360+0000] {dagbag.py:508} INFO - Filling up the DagBag from /opt/airflow/dags/dag_with_python_operator.py
[2024-09-19T18:59:20.364+0000] {processor.py:650} INFO - DAG(s) dict_keys(['dag_with_python_operator_v07']) retrieved from /opt/airflow/dags/dag_with_python_operator.py
[2024-09-19T18:59:20.374+0000] {logging_mixin.py:115} INFO - [2024-09-19T18:59:20.374+0000] {dag.py:2429} INFO - Sync 1 DAGs
[2024-09-19T18:59:20.383+0000] {logging_mixin.py:115} INFO - [2024-09-19T18:59:20.383+0000] {dag.py:2981} INFO - Setting next_dagrun for dag_with_python_operator_v07 to 2024-09-19T00:00:00+00:00, run_after=2024-09-20T00:00:00+00:00
[2024-09-19T18:59:20.386+0000] {processor.py:161} INFO - Processing /opt/airflow/dags/dag_with_python_operator.py took 0.028 seconds
[2024-09-19T18:59:50.693+0000] {processor.py:153} INFO - Started process (PID=13802) to work on /opt/airflow/dags/dag_with_python_operator.py
[2024-09-19T18:59:50.696+0000] {processor.py:640} INFO - Processing file /opt/airflow/dags/dag_with_python_operator.py for tasks to queue
[2024-09-19T18:59:50.697+0000] {logging_mixin.py:115} INFO - [2024-09-19T18:59:50.697+0000] {dagbag.py:508} INFO - Filling up the DagBag from /opt/airflow/dags/dag_with_python_operator.py
[2024-09-19T18:59:50.709+0000] {processor.py:650} INFO - DAG(s) dict_keys(['dag_with_python_operator_v07']) retrieved from /opt/airflow/dags/dag_with_python_operator.py
[2024-09-19T18:59:50.735+0000] {logging_mixin.py:115} INFO - [2024-09-19T18:59:50.735+0000] {dag.py:2429} INFO - Sync 1 DAGs
[2024-09-19T18:59:50.753+0000] {logging_mixin.py:115} INFO - [2024-09-19T18:59:50.753+0000] {dag.py:2981} INFO - Setting next_dagrun for dag_with_python_operator_v07 to 2024-09-19T00:00:00+00:00, run_after=2024-09-20T00:00:00+00:00
[2024-09-19T18:59:50.757+0000] {processor.py:161} INFO - Processing /opt/airflow/dags/dag_with_python_operator.py took 0.067 seconds
[2024-09-19T19:00:20.956+0000] {processor.py:153} INFO - Started process (PID=13848) to work on /opt/airflow/dags/dag_with_python_operator.py
[2024-09-19T19:00:20.956+0000] {processor.py:640} INFO - Processing file /opt/airflow/dags/dag_with_python_operator.py for tasks to queue
[2024-09-19T19:00:20.957+0000] {logging_mixin.py:115} INFO - [2024-09-19T19:00:20.957+0000] {dagbag.py:508} INFO - Filling up the DagBag from /opt/airflow/dags/dag_with_python_operator.py
[2024-09-19T19:00:20.965+0000] {processor.py:650} INFO - DAG(s) dict_keys(['dag_with_python_operator_v07']) retrieved from /opt/airflow/dags/dag_with_python_operator.py
[2024-09-19T19:00:20.976+0000] {logging_mixin.py:115} INFO - [2024-09-19T19:00:20.976+0000] {dag.py:2429} INFO - Sync 1 DAGs
[2024-09-19T19:00:20.986+0000] {logging_mixin.py:115} INFO - [2024-09-19T19:00:20.986+0000] {dag.py:2981} INFO - Setting next_dagrun for dag_with_python_operator_v07 to 2024-09-19T00:00:00+00:00, run_after=2024-09-20T00:00:00+00:00
[2024-09-19T19:00:20.990+0000] {processor.py:161} INFO - Processing /opt/airflow/dags/dag_with_python_operator.py took 0.036 seconds
[2024-09-19T19:00:51.279+0000] {processor.py:153} INFO - Started process (PID=13886) to work on /opt/airflow/dags/dag_with_python_operator.py
[2024-09-19T19:00:51.282+0000] {processor.py:640} INFO - Processing file /opt/airflow/dags/dag_with_python_operator.py for tasks to queue
[2024-09-19T19:00:51.284+0000] {logging_mixin.py:115} INFO - [2024-09-19T19:00:51.284+0000] {dagbag.py:508} INFO - Filling up the DagBag from /opt/airflow/dags/dag_with_python_operator.py
[2024-09-19T19:00:51.291+0000] {processor.py:650} INFO - DAG(s) dict_keys(['dag_with_python_operator_v07']) retrieved from /opt/airflow/dags/dag_with_python_operator.py
[2024-09-19T19:00:51.307+0000] {logging_mixin.py:115} INFO - [2024-09-19T19:00:51.307+0000] {dag.py:2429} INFO - Sync 1 DAGs
[2024-09-19T19:00:51.321+0000] {logging_mixin.py:115} INFO - [2024-09-19T19:00:51.321+0000] {dag.py:2981} INFO - Setting next_dagrun for dag_with_python_operator_v07 to 2024-09-19T00:00:00+00:00, run_after=2024-09-20T00:00:00+00:00
[2024-09-19T19:00:51.326+0000] {processor.py:161} INFO - Processing /opt/airflow/dags/dag_with_python_operator.py took 0.048 seconds
[2024-09-19T19:01:21.612+0000] {processor.py:153} INFO - Started process (PID=13933) to work on /opt/airflow/dags/dag_with_python_operator.py
[2024-09-19T19:01:21.613+0000] {processor.py:640} INFO - Processing file /opt/airflow/dags/dag_with_python_operator.py for tasks to queue
[2024-09-19T19:01:21.614+0000] {logging_mixin.py:115} INFO - [2024-09-19T19:01:21.614+0000] {dagbag.py:508} INFO - Filling up the DagBag from /opt/airflow/dags/dag_with_python_operator.py
[2024-09-19T19:01:21.621+0000] {processor.py:650} INFO - DAG(s) dict_keys(['dag_with_python_operator_v07']) retrieved from /opt/airflow/dags/dag_with_python_operator.py
[2024-09-19T19:01:21.632+0000] {logging_mixin.py:115} INFO - [2024-09-19T19:01:21.632+0000] {dag.py:2429} INFO - Sync 1 DAGs
[2024-09-19T19:01:21.642+0000] {logging_mixin.py:115} INFO - [2024-09-19T19:01:21.642+0000] {dag.py:2981} INFO - Setting next_dagrun for dag_with_python_operator_v07 to 2024-09-19T00:00:00+00:00, run_after=2024-09-20T00:00:00+00:00
[2024-09-19T19:01:21.646+0000] {processor.py:161} INFO - Processing /opt/airflow/dags/dag_with_python_operator.py took 0.036 seconds
[2024-09-19T19:01:51.939+0000] {processor.py:153} INFO - Started process (PID=13980) to work on /opt/airflow/dags/dag_with_python_operator.py
[2024-09-19T19:01:51.941+0000] {processor.py:640} INFO - Processing file /opt/airflow/dags/dag_with_python_operator.py for tasks to queue
[2024-09-19T19:01:51.943+0000] {logging_mixin.py:115} INFO - [2024-09-19T19:01:51.943+0000] {dagbag.py:508} INFO - Filling up the DagBag from /opt/airflow/dags/dag_with_python_operator.py
[2024-09-19T19:01:51.949+0000] {processor.py:650} INFO - DAG(s) dict_keys(['dag_with_python_operator_v07']) retrieved from /opt/airflow/dags/dag_with_python_operator.py
[2024-09-19T19:01:51.961+0000] {logging_mixin.py:115} INFO - [2024-09-19T19:01:51.961+0000] {dag.py:2429} INFO - Sync 1 DAGs
[2024-09-19T19:01:51.972+0000] {logging_mixin.py:115} INFO - [2024-09-19T19:01:51.972+0000] {dag.py:2981} INFO - Setting next_dagrun for dag_with_python_operator_v07 to 2024-09-19T00:00:00+00:00, run_after=2024-09-20T00:00:00+00:00
[2024-09-19T19:01:51.977+0000] {processor.py:161} INFO - Processing /opt/airflow/dags/dag_with_python_operator.py took 0.039 seconds
[2024-09-19T19:02:22.265+0000] {processor.py:153} INFO - Started process (PID=14027) to work on /opt/airflow/dags/dag_with_python_operator.py
[2024-09-19T19:02:22.266+0000] {processor.py:640} INFO - Processing file /opt/airflow/dags/dag_with_python_operator.py for tasks to queue
[2024-09-19T19:02:22.266+0000] {logging_mixin.py:115} INFO - [2024-09-19T19:02:22.266+0000] {dagbag.py:508} INFO - Filling up the DagBag from /opt/airflow/dags/dag_with_python_operator.py
[2024-09-19T19:02:22.271+0000] {processor.py:650} INFO - DAG(s) dict_keys(['dag_with_python_operator_v07']) retrieved from /opt/airflow/dags/dag_with_python_operator.py
[2024-09-19T19:02:22.286+0000] {logging_mixin.py:115} INFO - [2024-09-19T19:02:22.286+0000] {dag.py:2429} INFO - Sync 1 DAGs
[2024-09-19T19:02:22.297+0000] {logging_mixin.py:115} INFO - [2024-09-19T19:02:22.296+0000] {dag.py:2981} INFO - Setting next_dagrun for dag_with_python_operator_v07 to 2024-09-19T00:00:00+00:00, run_after=2024-09-20T00:00:00+00:00
[2024-09-19T19:02:22.301+0000] {processor.py:161} INFO - Processing /opt/airflow/dags/dag_with_python_operator.py took 0.037 seconds
[2024-09-19T19:02:52.633+0000] {processor.py:153} INFO - Started process (PID=14082) to work on /opt/airflow/dags/dag_with_python_operator.py
[2024-09-19T19:02:52.635+0000] {processor.py:640} INFO - Processing file /opt/airflow/dags/dag_with_python_operator.py for tasks to queue
[2024-09-19T19:02:52.636+0000] {logging_mixin.py:115} INFO - [2024-09-19T19:02:52.636+0000] {dagbag.py:508} INFO - Filling up the DagBag from /opt/airflow/dags/dag_with_python_operator.py
[2024-09-19T19:02:52.642+0000] {processor.py:650} INFO - DAG(s) dict_keys(['dag_with_python_operator_v07']) retrieved from /opt/airflow/dags/dag_with_python_operator.py
[2024-09-19T19:02:52.653+0000] {logging_mixin.py:115} INFO - [2024-09-19T19:02:52.653+0000] {dag.py:2429} INFO - Sync 1 DAGs
[2024-09-19T19:02:52.663+0000] {logging_mixin.py:115} INFO - [2024-09-19T19:02:52.662+0000] {dag.py:2981} INFO - Setting next_dagrun for dag_with_python_operator_v07 to 2024-09-19T00:00:00+00:00, run_after=2024-09-20T00:00:00+00:00
[2024-09-19T19:02:52.667+0000] {processor.py:161} INFO - Processing /opt/airflow/dags/dag_with_python_operator.py took 0.035 seconds
[2024-09-19T19:03:22.960+0000] {processor.py:153} INFO - Started process (PID=14129) to work on /opt/airflow/dags/dag_with_python_operator.py
[2024-09-19T19:03:22.964+0000] {processor.py:640} INFO - Processing file /opt/airflow/dags/dag_with_python_operator.py for tasks to queue
[2024-09-19T19:03:22.966+0000] {logging_mixin.py:115} INFO - [2024-09-19T19:03:22.966+0000] {dagbag.py:508} INFO - Filling up the DagBag from /opt/airflow/dags/dag_with_python_operator.py
[2024-09-19T19:03:22.971+0000] {processor.py:650} INFO - DAG(s) dict_keys(['dag_with_python_operator_v07']) retrieved from /opt/airflow/dags/dag_with_python_operator.py
[2024-09-19T19:03:22.982+0000] {logging_mixin.py:115} INFO - [2024-09-19T19:03:22.982+0000] {dag.py:2429} INFO - Sync 1 DAGs
[2024-09-19T19:03:22.992+0000] {logging_mixin.py:115} INFO - [2024-09-19T19:03:22.992+0000] {dag.py:2981} INFO - Setting next_dagrun for dag_with_python_operator_v07 to 2024-09-19T00:00:00+00:00, run_after=2024-09-20T00:00:00+00:00
[2024-09-19T19:03:22.996+0000] {processor.py:161} INFO - Processing /opt/airflow/dags/dag_with_python_operator.py took 0.038 seconds
[2024-09-19T19:03:53.270+0000] {processor.py:153} INFO - Started process (PID=14176) to work on /opt/airflow/dags/dag_with_python_operator.py
[2024-09-19T19:03:53.271+0000] {processor.py:640} INFO - Processing file /opt/airflow/dags/dag_with_python_operator.py for tasks to queue
[2024-09-19T19:03:53.271+0000] {logging_mixin.py:115} INFO - [2024-09-19T19:03:53.271+0000] {dagbag.py:508} INFO - Filling up the DagBag from /opt/airflow/dags/dag_with_python_operator.py
[2024-09-19T19:03:53.277+0000] {processor.py:650} INFO - DAG(s) dict_keys(['dag_with_python_operator_v07']) retrieved from /opt/airflow/dags/dag_with_python_operator.py
[2024-09-19T19:03:53.289+0000] {logging_mixin.py:115} INFO - [2024-09-19T19:03:53.289+0000] {dag.py:2429} INFO - Sync 1 DAGs
[2024-09-19T19:03:53.300+0000] {logging_mixin.py:115} INFO - [2024-09-19T19:03:53.300+0000] {dag.py:2981} INFO - Setting next_dagrun for dag_with_python_operator_v07 to 2024-09-19T00:00:00+00:00, run_after=2024-09-20T00:00:00+00:00
[2024-09-19T19:03:53.305+0000] {processor.py:161} INFO - Processing /opt/airflow/dags/dag_with_python_operator.py took 0.036 seconds
[2024-09-19T19:04:23.607+0000] {processor.py:153} INFO - Started process (PID=14221) to work on /opt/airflow/dags/dag_with_python_operator.py
[2024-09-19T19:04:23.608+0000] {processor.py:640} INFO - Processing file /opt/airflow/dags/dag_with_python_operator.py for tasks to queue
[2024-09-19T19:04:23.609+0000] {logging_mixin.py:115} INFO - [2024-09-19T19:04:23.609+0000] {dagbag.py:508} INFO - Filling up the DagBag from /opt/airflow/dags/dag_with_python_operator.py
[2024-09-19T19:04:23.615+0000] {processor.py:650} INFO - DAG(s) dict_keys(['dag_with_python_operator_v07']) retrieved from /opt/airflow/dags/dag_with_python_operator.py
[2024-09-19T19:04:23.627+0000] {logging_mixin.py:115} INFO - [2024-09-19T19:04:23.626+0000] {dag.py:2429} INFO - Sync 1 DAGs
[2024-09-19T19:04:23.638+0000] {logging_mixin.py:115} INFO - [2024-09-19T19:04:23.638+0000] {dag.py:2981} INFO - Setting next_dagrun for dag_with_python_operator_v07 to 2024-09-19T00:00:00+00:00, run_after=2024-09-20T00:00:00+00:00
[2024-09-19T19:04:23.646+0000] {processor.py:161} INFO - Processing /opt/airflow/dags/dag_with_python_operator.py took 0.041 seconds
[2024-09-19T19:04:53.947+0000] {processor.py:153} INFO - Started process (PID=14270) to work on /opt/airflow/dags/dag_with_python_operator.py
[2024-09-19T19:04:53.948+0000] {processor.py:640} INFO - Processing file /opt/airflow/dags/dag_with_python_operator.py for tasks to queue
[2024-09-19T19:04:53.948+0000] {logging_mixin.py:115} INFO - [2024-09-19T19:04:53.948+0000] {dagbag.py:508} INFO - Filling up the DagBag from /opt/airflow/dags/dag_with_python_operator.py
[2024-09-19T19:04:53.957+0000] {processor.py:650} INFO - DAG(s) dict_keys(['dag_with_python_operator_v07']) retrieved from /opt/airflow/dags/dag_with_python_operator.py
[2024-09-19T19:04:53.968+0000] {logging_mixin.py:115} INFO - [2024-09-19T19:04:53.968+0000] {dag.py:2429} INFO - Sync 1 DAGs
[2024-09-19T19:04:53.978+0000] {logging_mixin.py:115} INFO - [2024-09-19T19:04:53.978+0000] {dag.py:2981} INFO - Setting next_dagrun for dag_with_python_operator_v07 to 2024-09-19T00:00:00+00:00, run_after=2024-09-20T00:00:00+00:00
[2024-09-19T19:04:53.982+0000] {processor.py:161} INFO - Processing /opt/airflow/dags/dag_with_python_operator.py took 0.037 seconds
[2024-09-19T19:05:24.277+0000] {processor.py:153} INFO - Started process (PID=14463) to work on /opt/airflow/dags/dag_with_python_operator.py
[2024-09-19T19:05:24.277+0000] {processor.py:640} INFO - Processing file /opt/airflow/dags/dag_with_python_operator.py for tasks to queue
[2024-09-19T19:05:24.279+0000] {logging_mixin.py:115} INFO - [2024-09-19T19:05:24.279+0000] {dagbag.py:508} INFO - Filling up the DagBag from /opt/airflow/dags/dag_with_python_operator.py
[2024-09-19T19:05:24.291+0000] {processor.py:650} INFO - DAG(s) dict_keys(['dag_with_python_operator_v07']) retrieved from /opt/airflow/dags/dag_with_python_operator.py
[2024-09-19T19:05:24.307+0000] {logging_mixin.py:115} INFO - [2024-09-19T19:05:24.307+0000] {dag.py:2429} INFO - Sync 1 DAGs
[2024-09-19T19:05:24.326+0000] {logging_mixin.py:115} INFO - [2024-09-19T19:05:24.326+0000] {dag.py:2981} INFO - Setting next_dagrun for dag_with_python_operator_v07 to 2024-09-19T00:00:00+00:00, run_after=2024-09-20T00:00:00+00:00
[2024-09-19T19:05:24.332+0000] {processor.py:161} INFO - Processing /opt/airflow/dags/dag_with_python_operator.py took 0.057 seconds
[2024-09-19T19:05:54.623+0000] {processor.py:153} INFO - Started process (PID=14599) to work on /opt/airflow/dags/dag_with_python_operator.py
[2024-09-19T19:05:54.624+0000] {processor.py:640} INFO - Processing file /opt/airflow/dags/dag_with_python_operator.py for tasks to queue
[2024-09-19T19:05:54.625+0000] {logging_mixin.py:115} INFO - [2024-09-19T19:05:54.625+0000] {dagbag.py:508} INFO - Filling up the DagBag from /opt/airflow/dags/dag_with_python_operator.py
[2024-09-19T19:05:54.630+0000] {processor.py:650} INFO - DAG(s) dict_keys(['dag_with_python_operator_v07']) retrieved from /opt/airflow/dags/dag_with_python_operator.py
[2024-09-19T19:05:54.642+0000] {logging_mixin.py:115} INFO - [2024-09-19T19:05:54.642+0000] {dag.py:2429} INFO - Sync 1 DAGs
[2024-09-19T19:05:54.652+0000] {logging_mixin.py:115} INFO - [2024-09-19T19:05:54.652+0000] {dag.py:2981} INFO - Setting next_dagrun for dag_with_python_operator_v07 to 2024-09-19T00:00:00+00:00, run_after=2024-09-20T00:00:00+00:00
[2024-09-19T19:05:54.656+0000] {processor.py:161} INFO - Processing /opt/airflow/dags/dag_with_python_operator.py took 0.034 seconds
[2024-09-19T19:06:24.943+0000] {processor.py:153} INFO - Started process (PID=14646) to work on /opt/airflow/dags/dag_with_python_operator.py
[2024-09-19T19:06:24.946+0000] {processor.py:640} INFO - Processing file /opt/airflow/dags/dag_with_python_operator.py for tasks to queue
[2024-09-19T19:06:24.947+0000] {logging_mixin.py:115} INFO - [2024-09-19T19:06:24.947+0000] {dagbag.py:508} INFO - Filling up the DagBag from /opt/airflow/dags/dag_with_python_operator.py
[2024-09-19T19:06:24.955+0000] {processor.py:650} INFO - DAG(s) dict_keys(['dag_with_python_operator_v07']) retrieved from /opt/airflow/dags/dag_with_python_operator.py
[2024-09-19T19:06:24.967+0000] {logging_mixin.py:115} INFO - [2024-09-19T19:06:24.967+0000] {dag.py:2429} INFO - Sync 1 DAGs
[2024-09-19T19:06:24.977+0000] {logging_mixin.py:115} INFO - [2024-09-19T19:06:24.977+0000] {dag.py:2981} INFO - Setting next_dagrun for dag_with_python_operator_v07 to 2024-09-19T00:00:00+00:00, run_after=2024-09-20T00:00:00+00:00
[2024-09-19T19:06:24.982+0000] {processor.py:161} INFO - Processing /opt/airflow/dags/dag_with_python_operator.py took 0.041 seconds
[2024-09-19T19:06:55.299+0000] {processor.py:153} INFO - Started process (PID=14693) to work on /opt/airflow/dags/dag_with_python_operator.py
[2024-09-19T19:06:55.300+0000] {processor.py:640} INFO - Processing file /opt/airflow/dags/dag_with_python_operator.py for tasks to queue
[2024-09-19T19:06:55.301+0000] {logging_mixin.py:115} INFO - [2024-09-19T19:06:55.301+0000] {dagbag.py:508} INFO - Filling up the DagBag from /opt/airflow/dags/dag_with_python_operator.py
[2024-09-19T19:06:55.306+0000] {processor.py:650} INFO - DAG(s) dict_keys(['dag_with_python_operator_v07']) retrieved from /opt/airflow/dags/dag_with_python_operator.py
[2024-09-19T19:06:55.318+0000] {logging_mixin.py:115} INFO - [2024-09-19T19:06:55.318+0000] {dag.py:2429} INFO - Sync 1 DAGs
[2024-09-19T19:06:55.327+0000] {logging_mixin.py:115} INFO - [2024-09-19T19:06:55.327+0000] {dag.py:2981} INFO - Setting next_dagrun for dag_with_python_operator_v07 to 2024-09-19T00:00:00+00:00, run_after=2024-09-20T00:00:00+00:00
[2024-09-19T19:06:55.331+0000] {processor.py:161} INFO - Processing /opt/airflow/dags/dag_with_python_operator.py took 0.034 seconds
