[2024-09-19T18:58:19.682+0000] {processor.py:153} INFO - Started process (PID=13651) to work on /opt/airflow/dags/dag_with_taskflow_api.py
[2024-09-19T18:58:19.682+0000] {processor.py:640} INFO - Processing file /opt/airflow/dags/dag_with_taskflow_api.py for tasks to queue
[2024-09-19T18:58:19.682+0000] {logging_mixin.py:115} INFO - [2024-09-19T18:58:19.682+0000] {dagbag.py:508} INFO - Filling up the DagBag from /opt/airflow/dags/dag_with_taskflow_api.py
[2024-09-19T18:58:19.692+0000] {processor.py:650} INFO - DAG(s) dict_keys(['dag_with_taskflow_api_v02']) retrieved from /opt/airflow/dags/dag_with_taskflow_api.py
[2024-09-19T18:58:19.721+0000] {logging_mixin.py:115} INFO - [2024-09-19T18:58:19.721+0000] {dag.py:2429} INFO - Sync 1 DAGs
[2024-09-19T18:58:19.809+0000] {logging_mixin.py:115} INFO - [2024-09-19T18:58:19.809+0000] {dag.py:2981} INFO - Setting next_dagrun for dag_with_taskflow_api_v02 to 2024-09-19T00:00:00+00:00, run_after=2024-09-20T00:00:00+00:00
[2024-09-19T18:58:19.816+0000] {processor.py:161} INFO - Processing /opt/airflow/dags/dag_with_taskflow_api.py took 0.136 seconds
[2024-09-19T18:58:50.034+0000] {processor.py:153} INFO - Started process (PID=13698) to work on /opt/airflow/dags/dag_with_taskflow_api.py
[2024-09-19T18:58:50.035+0000] {processor.py:640} INFO - Processing file /opt/airflow/dags/dag_with_taskflow_api.py for tasks to queue
[2024-09-19T18:58:50.036+0000] {logging_mixin.py:115} INFO - [2024-09-19T18:58:50.036+0000] {dagbag.py:508} INFO - Filling up the DagBag from /opt/airflow/dags/dag_with_taskflow_api.py
[2024-09-19T18:58:50.054+0000] {processor.py:650} INFO - DAG(s) dict_keys(['dag_with_taskflow_api_v02']) retrieved from /opt/airflow/dags/dag_with_taskflow_api.py
[2024-09-19T18:58:50.086+0000] {logging_mixin.py:115} INFO - [2024-09-19T18:58:50.086+0000] {dag.py:2429} INFO - Sync 1 DAGs
[2024-09-19T18:58:50.165+0000] {logging_mixin.py:115} INFO - [2024-09-19T18:58:50.165+0000] {dag.py:2981} INFO - Setting next_dagrun for dag_with_taskflow_api_v02 to 2024-09-19T00:00:00+00:00, run_after=2024-09-20T00:00:00+00:00
[2024-09-19T18:58:50.170+0000] {processor.py:161} INFO - Processing /opt/airflow/dags/dag_with_taskflow_api.py took 0.139 seconds
[2024-09-19T18:59:20.304+0000] {processor.py:153} INFO - Started process (PID=13744) to work on /opt/airflow/dags/dag_with_taskflow_api.py
[2024-09-19T18:59:20.305+0000] {processor.py:640} INFO - Processing file /opt/airflow/dags/dag_with_taskflow_api.py for tasks to queue
[2024-09-19T18:59:20.306+0000] {logging_mixin.py:115} INFO - [2024-09-19T18:59:20.306+0000] {dagbag.py:508} INFO - Filling up the DagBag from /opt/airflow/dags/dag_with_taskflow_api.py
[2024-09-19T18:59:20.322+0000] {processor.py:650} INFO - DAG(s) dict_keys(['dag_with_taskflow_api_v02']) retrieved from /opt/airflow/dags/dag_with_taskflow_api.py
[2024-09-19T18:59:20.335+0000] {logging_mixin.py:115} INFO - [2024-09-19T18:59:20.335+0000] {dag.py:2429} INFO - Sync 1 DAGs
[2024-09-19T18:59:20.348+0000] {logging_mixin.py:115} INFO - [2024-09-19T18:59:20.348+0000] {dag.py:2981} INFO - Setting next_dagrun for dag_with_taskflow_api_v02 to 2024-09-19T00:00:00+00:00, run_after=2024-09-20T00:00:00+00:00
[2024-09-19T18:59:20.353+0000] {processor.py:161} INFO - Processing /opt/airflow/dags/dag_with_taskflow_api.py took 0.051 seconds
[2024-09-19T18:59:50.632+0000] {processor.py:153} INFO - Started process (PID=13797) to work on /opt/airflow/dags/dag_with_taskflow_api.py
[2024-09-19T18:59:50.633+0000] {processor.py:640} INFO - Processing file /opt/airflow/dags/dag_with_taskflow_api.py for tasks to queue
[2024-09-19T18:59:50.637+0000] {logging_mixin.py:115} INFO - [2024-09-19T18:59:50.637+0000] {dagbag.py:508} INFO - Filling up the DagBag from /opt/airflow/dags/dag_with_taskflow_api.py
[2024-09-19T18:59:50.652+0000] {processor.py:650} INFO - DAG(s) dict_keys(['dag_with_taskflow_api_v02']) retrieved from /opt/airflow/dags/dag_with_taskflow_api.py
[2024-09-19T18:59:50.669+0000] {logging_mixin.py:115} INFO - [2024-09-19T18:59:50.669+0000] {dag.py:2429} INFO - Sync 1 DAGs
[2024-09-19T18:59:50.685+0000] {logging_mixin.py:115} INFO - [2024-09-19T18:59:50.685+0000] {dag.py:2981} INFO - Setting next_dagrun for dag_with_taskflow_api_v02 to 2024-09-19T00:00:00+00:00, run_after=2024-09-20T00:00:00+00:00
[2024-09-19T18:59:50.690+0000] {processor.py:161} INFO - Processing /opt/airflow/dags/dag_with_taskflow_api.py took 0.061 seconds
[2024-09-19T19:00:20.902+0000] {processor.py:153} INFO - Started process (PID=13842) to work on /opt/airflow/dags/dag_with_taskflow_api.py
[2024-09-19T19:00:20.905+0000] {processor.py:640} INFO - Processing file /opt/airflow/dags/dag_with_taskflow_api.py for tasks to queue
[2024-09-19T19:00:20.905+0000] {logging_mixin.py:115} INFO - [2024-09-19T19:00:20.905+0000] {dagbag.py:508} INFO - Filling up the DagBag from /opt/airflow/dags/dag_with_taskflow_api.py
[2024-09-19T19:00:20.919+0000] {processor.py:650} INFO - DAG(s) dict_keys(['dag_with_taskflow_api_v02']) retrieved from /opt/airflow/dags/dag_with_taskflow_api.py
[2024-09-19T19:00:20.950+0000] {logging_mixin.py:115} INFO - [2024-09-19T19:00:20.950+0000] {dag.py:2429} INFO - Sync 1 DAGs
[2024-09-19T19:00:21.027+0000] {logging_mixin.py:115} INFO - [2024-09-19T19:00:21.027+0000] {dag.py:2981} INFO - Setting next_dagrun for dag_with_taskflow_api_v02 to 2024-09-19T00:00:00+00:00, run_after=2024-09-20T00:00:00+00:00
[2024-09-19T19:00:21.031+0000] {processor.py:161} INFO - Processing /opt/airflow/dags/dag_with_taskflow_api.py took 0.131 seconds
[2024-09-19T19:00:51.226+0000] {processor.py:153} INFO - Started process (PID=13881) to work on /opt/airflow/dags/dag_with_taskflow_api.py
[2024-09-19T19:00:51.227+0000] {processor.py:640} INFO - Processing file /opt/airflow/dags/dag_with_taskflow_api.py for tasks to queue
[2024-09-19T19:00:51.227+0000] {logging_mixin.py:115} INFO - [2024-09-19T19:00:51.227+0000] {dagbag.py:508} INFO - Filling up the DagBag from /opt/airflow/dags/dag_with_taskflow_api.py
[2024-09-19T19:00:51.244+0000] {processor.py:650} INFO - DAG(s) dict_keys(['dag_with_taskflow_api_v02']) retrieved from /opt/airflow/dags/dag_with_taskflow_api.py
[2024-09-19T19:00:51.279+0000] {logging_mixin.py:115} INFO - [2024-09-19T19:00:51.279+0000] {dag.py:2429} INFO - Sync 1 DAGs
[2024-09-19T19:00:51.372+0000] {logging_mixin.py:115} INFO - [2024-09-19T19:00:51.372+0000] {dag.py:2981} INFO - Setting next_dagrun for dag_with_taskflow_api_v02 to 2024-09-19T00:00:00+00:00, run_after=2024-09-20T00:00:00+00:00
[2024-09-19T19:00:51.376+0000] {processor.py:161} INFO - Processing /opt/airflow/dags/dag_with_taskflow_api.py took 0.154 seconds
[2024-09-19T19:01:21.559+0000] {processor.py:153} INFO - Started process (PID=13927) to work on /opt/airflow/dags/dag_with_taskflow_api.py
[2024-09-19T19:01:21.560+0000] {processor.py:640} INFO - Processing file /opt/airflow/dags/dag_with_taskflow_api.py for tasks to queue
[2024-09-19T19:01:21.560+0000] {logging_mixin.py:115} INFO - [2024-09-19T19:01:21.560+0000] {dagbag.py:508} INFO - Filling up the DagBag from /opt/airflow/dags/dag_with_taskflow_api.py
[2024-09-19T19:01:21.574+0000] {processor.py:650} INFO - DAG(s) dict_keys(['dag_with_taskflow_api_v02']) retrieved from /opt/airflow/dags/dag_with_taskflow_api.py
[2024-09-19T19:01:21.606+0000] {logging_mixin.py:115} INFO - [2024-09-19T19:01:21.606+0000] {dag.py:2429} INFO - Sync 1 DAGs
[2024-09-19T19:01:21.683+0000] {logging_mixin.py:115} INFO - [2024-09-19T19:01:21.683+0000] {dag.py:2981} INFO - Setting next_dagrun for dag_with_taskflow_api_v02 to 2024-09-19T00:00:00+00:00, run_after=2024-09-20T00:00:00+00:00
[2024-09-19T19:01:21.688+0000] {processor.py:161} INFO - Processing /opt/airflow/dags/dag_with_taskflow_api.py took 0.131 seconds
[2024-09-19T19:01:51.894+0000] {processor.py:153} INFO - Started process (PID=13975) to work on /opt/airflow/dags/dag_with_taskflow_api.py
[2024-09-19T19:01:51.895+0000] {processor.py:640} INFO - Processing file /opt/airflow/dags/dag_with_taskflow_api.py for tasks to queue
[2024-09-19T19:01:51.898+0000] {logging_mixin.py:115} INFO - [2024-09-19T19:01:51.898+0000] {dagbag.py:508} INFO - Filling up the DagBag from /opt/airflow/dags/dag_with_taskflow_api.py
[2024-09-19T19:01:51.909+0000] {processor.py:650} INFO - DAG(s) dict_keys(['dag_with_taskflow_api_v02']) retrieved from /opt/airflow/dags/dag_with_taskflow_api.py
[2024-09-19T19:01:51.937+0000] {logging_mixin.py:115} INFO - [2024-09-19T19:01:51.937+0000] {dag.py:2429} INFO - Sync 1 DAGs
[2024-09-19T19:01:52.015+0000] {logging_mixin.py:115} INFO - [2024-09-19T19:01:52.015+0000] {dag.py:2981} INFO - Setting next_dagrun for dag_with_taskflow_api_v02 to 2024-09-19T00:00:00+00:00, run_after=2024-09-20T00:00:00+00:00
[2024-09-19T19:01:52.019+0000] {processor.py:161} INFO - Processing /opt/airflow/dags/dag_with_taskflow_api.py took 0.127 seconds
[2024-09-19T19:02:22.209+0000] {processor.py:153} INFO - Started process (PID=14022) to work on /opt/airflow/dags/dag_with_taskflow_api.py
[2024-09-19T19:02:22.210+0000] {processor.py:640} INFO - Processing file /opt/airflow/dags/dag_with_taskflow_api.py for tasks to queue
[2024-09-19T19:02:22.211+0000] {logging_mixin.py:115} INFO - [2024-09-19T19:02:22.211+0000] {dagbag.py:508} INFO - Filling up the DagBag from /opt/airflow/dags/dag_with_taskflow_api.py
[2024-09-19T19:02:22.233+0000] {processor.py:650} INFO - DAG(s) dict_keys(['dag_with_taskflow_api_v02']) retrieved from /opt/airflow/dags/dag_with_taskflow_api.py
[2024-09-19T19:02:22.268+0000] {logging_mixin.py:115} INFO - [2024-09-19T19:02:22.268+0000] {dag.py:2429} INFO - Sync 1 DAGs
[2024-09-19T19:02:22.354+0000] {logging_mixin.py:115} INFO - [2024-09-19T19:02:22.354+0000] {dag.py:2981} INFO - Setting next_dagrun for dag_with_taskflow_api_v02 to 2024-09-19T00:00:00+00:00, run_after=2024-09-20T00:00:00+00:00
[2024-09-19T19:02:22.358+0000] {processor.py:161} INFO - Processing /opt/airflow/dags/dag_with_taskflow_api.py took 0.153 seconds
[2024-09-19T19:02:52.572+0000] {processor.py:153} INFO - Started process (PID=14077) to work on /opt/airflow/dags/dag_with_taskflow_api.py
[2024-09-19T19:02:52.573+0000] {processor.py:640} INFO - Processing file /opt/airflow/dags/dag_with_taskflow_api.py for tasks to queue
[2024-09-19T19:02:52.574+0000] {logging_mixin.py:115} INFO - [2024-09-19T19:02:52.574+0000] {dagbag.py:508} INFO - Filling up the DagBag from /opt/airflow/dags/dag_with_taskflow_api.py
[2024-09-19T19:02:52.591+0000] {processor.py:650} INFO - DAG(s) dict_keys(['dag_with_taskflow_api_v02']) retrieved from /opt/airflow/dags/dag_with_taskflow_api.py
[2024-09-19T19:02:52.624+0000] {logging_mixin.py:115} INFO - [2024-09-19T19:02:52.624+0000] {dag.py:2429} INFO - Sync 1 DAGs
[2024-09-19T19:02:52.702+0000] {logging_mixin.py:115} INFO - [2024-09-19T19:02:52.702+0000] {dag.py:2981} INFO - Setting next_dagrun for dag_with_taskflow_api_v02 to 2024-09-19T00:00:00+00:00, run_after=2024-09-20T00:00:00+00:00
[2024-09-19T19:02:52.707+0000] {processor.py:161} INFO - Processing /opt/airflow/dags/dag_with_taskflow_api.py took 0.138 seconds
[2024-09-19T19:03:22.902+0000] {processor.py:153} INFO - Started process (PID=14123) to work on /opt/airflow/dags/dag_with_taskflow_api.py
[2024-09-19T19:03:22.903+0000] {processor.py:640} INFO - Processing file /opt/airflow/dags/dag_with_taskflow_api.py for tasks to queue
[2024-09-19T19:03:22.904+0000] {logging_mixin.py:115} INFO - [2024-09-19T19:03:22.903+0000] {dagbag.py:508} INFO - Filling up the DagBag from /opt/airflow/dags/dag_with_taskflow_api.py
[2024-09-19T19:03:22.924+0000] {processor.py:650} INFO - DAG(s) dict_keys(['dag_with_taskflow_api_v02']) retrieved from /opt/airflow/dags/dag_with_taskflow_api.py
[2024-09-19T19:03:22.959+0000] {logging_mixin.py:115} INFO - [2024-09-19T19:03:22.959+0000] {dag.py:2429} INFO - Sync 1 DAGs
[2024-09-19T19:03:23.036+0000] {logging_mixin.py:115} INFO - [2024-09-19T19:03:23.035+0000] {dag.py:2981} INFO - Setting next_dagrun for dag_with_taskflow_api_v02 to 2024-09-19T00:00:00+00:00, run_after=2024-09-20T00:00:00+00:00
[2024-09-19T19:03:23.040+0000] {processor.py:161} INFO - Processing /opt/airflow/dags/dag_with_taskflow_api.py took 0.140 seconds
[2024-09-19T19:03:53.225+0000] {processor.py:153} INFO - Started process (PID=14170) to work on /opt/airflow/dags/dag_with_taskflow_api.py
[2024-09-19T19:03:53.225+0000] {processor.py:640} INFO - Processing file /opt/airflow/dags/dag_with_taskflow_api.py for tasks to queue
[2024-09-19T19:03:53.226+0000] {logging_mixin.py:115} INFO - [2024-09-19T19:03:53.226+0000] {dagbag.py:508} INFO - Filling up the DagBag from /opt/airflow/dags/dag_with_taskflow_api.py
[2024-09-19T19:03:53.234+0000] {processor.py:650} INFO - DAG(s) dict_keys(['dag_with_taskflow_api_v02']) retrieved from /opt/airflow/dags/dag_with_taskflow_api.py
[2024-09-19T19:03:53.262+0000] {logging_mixin.py:115} INFO - [2024-09-19T19:03:53.262+0000] {dag.py:2429} INFO - Sync 1 DAGs
[2024-09-19T19:03:53.347+0000] {logging_mixin.py:115} INFO - [2024-09-19T19:03:53.347+0000] {dag.py:2981} INFO - Setting next_dagrun for dag_with_taskflow_api_v02 to 2024-09-19T00:00:00+00:00, run_after=2024-09-20T00:00:00+00:00
[2024-09-19T19:03:53.351+0000] {processor.py:161} INFO - Processing /opt/airflow/dags/dag_with_taskflow_api.py took 0.128 seconds
[2024-09-19T19:04:23.552+0000] {processor.py:153} INFO - Started process (PID=14216) to work on /opt/airflow/dags/dag_with_taskflow_api.py
[2024-09-19T19:04:23.553+0000] {processor.py:640} INFO - Processing file /opt/airflow/dags/dag_with_taskflow_api.py for tasks to queue
[2024-09-19T19:04:23.554+0000] {logging_mixin.py:115} INFO - [2024-09-19T19:04:23.554+0000] {dagbag.py:508} INFO - Filling up the DagBag from /opt/airflow/dags/dag_with_taskflow_api.py
[2024-09-19T19:04:23.569+0000] {processor.py:650} INFO - DAG(s) dict_keys(['dag_with_taskflow_api_v02']) retrieved from /opt/airflow/dags/dag_with_taskflow_api.py
[2024-09-19T19:04:23.602+0000] {logging_mixin.py:115} INFO - [2024-09-19T19:04:23.601+0000] {dag.py:2429} INFO - Sync 1 DAGs
[2024-09-19T19:04:23.681+0000] {logging_mixin.py:115} INFO - [2024-09-19T19:04:23.681+0000] {dag.py:2981} INFO - Setting next_dagrun for dag_with_taskflow_api_v02 to 2024-09-19T00:00:00+00:00, run_after=2024-09-20T00:00:00+00:00
[2024-09-19T19:04:23.685+0000] {processor.py:161} INFO - Processing /opt/airflow/dags/dag_with_taskflow_api.py took 0.136 seconds
[2024-09-19T19:04:53.892+0000] {processor.py:153} INFO - Started process (PID=14265) to work on /opt/airflow/dags/dag_with_taskflow_api.py
[2024-09-19T19:04:53.893+0000] {processor.py:640} INFO - Processing file /opt/airflow/dags/dag_with_taskflow_api.py for tasks to queue
[2024-09-19T19:04:53.897+0000] {logging_mixin.py:115} INFO - [2024-09-19T19:04:53.897+0000] {dagbag.py:508} INFO - Filling up the DagBag from /opt/airflow/dags/dag_with_taskflow_api.py
[2024-09-19T19:04:53.911+0000] {processor.py:650} INFO - DAG(s) dict_keys(['dag_with_taskflow_api_v02']) retrieved from /opt/airflow/dags/dag_with_taskflow_api.py
[2024-09-19T19:04:53.942+0000] {logging_mixin.py:115} INFO - [2024-09-19T19:04:53.942+0000] {dag.py:2429} INFO - Sync 1 DAGs
[2024-09-19T19:04:54.020+0000] {logging_mixin.py:115} INFO - [2024-09-19T19:04:54.020+0000] {dag.py:2981} INFO - Setting next_dagrun for dag_with_taskflow_api_v02 to 2024-09-19T00:00:00+00:00, run_after=2024-09-20T00:00:00+00:00
[2024-09-19T19:04:54.024+0000] {processor.py:161} INFO - Processing /opt/airflow/dags/dag_with_taskflow_api.py took 0.135 seconds
[2024-09-19T19:05:24.221+0000] {processor.py:153} INFO - Started process (PID=14457) to work on /opt/airflow/dags/dag_with_taskflow_api.py
[2024-09-19T19:05:24.221+0000] {processor.py:640} INFO - Processing file /opt/airflow/dags/dag_with_taskflow_api.py for tasks to queue
[2024-09-19T19:05:24.222+0000] {logging_mixin.py:115} INFO - [2024-09-19T19:05:24.222+0000] {dagbag.py:508} INFO - Filling up the DagBag from /opt/airflow/dags/dag_with_taskflow_api.py
[2024-09-19T19:05:24.241+0000] {processor.py:650} INFO - DAG(s) dict_keys(['dag_with_taskflow_api_v02']) retrieved from /opt/airflow/dags/dag_with_taskflow_api.py
[2024-09-19T19:05:24.270+0000] {logging_mixin.py:115} INFO - [2024-09-19T19:05:24.270+0000] {dag.py:2429} INFO - Sync 1 DAGs
[2024-09-19T19:05:24.367+0000] {logging_mixin.py:115} INFO - [2024-09-19T19:05:24.367+0000] {dag.py:2981} INFO - Setting next_dagrun for dag_with_taskflow_api_v02 to 2024-09-19T00:00:00+00:00, run_after=2024-09-20T00:00:00+00:00
[2024-09-19T19:05:24.371+0000] {processor.py:161} INFO - Processing /opt/airflow/dags/dag_with_taskflow_api.py took 0.154 seconds
[2024-09-19T19:05:54.563+0000] {processor.py:153} INFO - Started process (PID=14594) to work on /opt/airflow/dags/dag_with_taskflow_api.py
[2024-09-19T19:05:54.563+0000] {processor.py:640} INFO - Processing file /opt/airflow/dags/dag_with_taskflow_api.py for tasks to queue
[2024-09-19T19:05:54.570+0000] {logging_mixin.py:115} INFO - [2024-09-19T19:05:54.570+0000] {dagbag.py:508} INFO - Filling up the DagBag from /opt/airflow/dags/dag_with_taskflow_api.py
[2024-09-19T19:05:54.585+0000] {processor.py:650} INFO - DAG(s) dict_keys(['dag_with_taskflow_api_v02']) retrieved from /opt/airflow/dags/dag_with_taskflow_api.py
[2024-09-19T19:05:54.617+0000] {logging_mixin.py:115} INFO - [2024-09-19T19:05:54.617+0000] {dag.py:2429} INFO - Sync 1 DAGs
[2024-09-19T19:05:54.695+0000] {logging_mixin.py:115} INFO - [2024-09-19T19:05:54.695+0000] {dag.py:2981} INFO - Setting next_dagrun for dag_with_taskflow_api_v02 to 2024-09-19T00:00:00+00:00, run_after=2024-09-20T00:00:00+00:00
[2024-09-19T19:05:54.699+0000] {processor.py:161} INFO - Processing /opt/airflow/dags/dag_with_taskflow_api.py took 0.140 seconds
[2024-09-19T19:06:24.889+0000] {processor.py:153} INFO - Started process (PID=14641) to work on /opt/airflow/dags/dag_with_taskflow_api.py
[2024-09-19T19:06:24.890+0000] {processor.py:640} INFO - Processing file /opt/airflow/dags/dag_with_taskflow_api.py for tasks to queue
[2024-09-19T19:06:24.893+0000] {logging_mixin.py:115} INFO - [2024-09-19T19:06:24.893+0000] {dagbag.py:508} INFO - Filling up the DagBag from /opt/airflow/dags/dag_with_taskflow_api.py
[2024-09-19T19:06:24.910+0000] {processor.py:650} INFO - DAG(s) dict_keys(['dag_with_taskflow_api_v02']) retrieved from /opt/airflow/dags/dag_with_taskflow_api.py
[2024-09-19T19:06:24.943+0000] {logging_mixin.py:115} INFO - [2024-09-19T19:06:24.943+0000] {dag.py:2429} INFO - Sync 1 DAGs
[2024-09-19T19:06:25.024+0000] {logging_mixin.py:115} INFO - [2024-09-19T19:06:25.024+0000] {dag.py:2981} INFO - Setting next_dagrun for dag_with_taskflow_api_v02 to 2024-09-19T00:00:00+00:00, run_after=2024-09-20T00:00:00+00:00
[2024-09-19T19:06:25.028+0000] {processor.py:161} INFO - Processing /opt/airflow/dags/dag_with_taskflow_api.py took 0.142 seconds
