[2024-09-19T17:34:12.146+0000] {taskinstance.py:1171} INFO - Dependencies all met for <TaskInstance: dag_with_python_operator_v07.get_name scheduled__2024-09-18T00:00:00+00:00 [queued]>
[2024-09-19T17:34:12.150+0000] {taskinstance.py:1171} INFO - Dependencies all met for <TaskInstance: dag_with_python_operator_v07.get_name scheduled__2024-09-18T00:00:00+00:00 [queued]>
[2024-09-19T17:34:12.150+0000] {taskinstance.py:1368} INFO - 
--------------------------------------------------------------------------------
[2024-09-19T17:34:12.150+0000] {taskinstance.py:1369} INFO - Starting attempt 1 of 6
[2024-09-19T17:34:12.150+0000] {taskinstance.py:1370} INFO - 
--------------------------------------------------------------------------------
[2024-09-19T17:34:12.156+0000] {taskinstance.py:1389} INFO - Executing <Task(PythonOperator): get_name> on 2024-09-18 00:00:00+00:00
[2024-09-19T17:34:12.158+0000] {standard_task_runner.py:52} INFO - Started process 7786 to run task
[2024-09-19T17:34:12.160+0000] {standard_task_runner.py:79} INFO - Running: ['***', 'tasks', 'run', 'dag_with_python_operator_v07', 'get_name', 'scheduled__2024-09-18T00:00:00+00:00', '--job-id', '48', '--raw', '--subdir', 'DAGS_FOLDER/create_dag_with_python_operator.py', '--cfg-path', '/tmp/tmp9jskditi', '--error-file', '/tmp/tmpbpkkja87']
[2024-09-19T17:34:12.160+0000] {standard_task_runner.py:80} INFO - Job 48: Subtask get_name
[2024-09-19T17:34:12.190+0000] {task_command.py:371} INFO - Running <TaskInstance: dag_with_python_operator_v07.get_name scheduled__2024-09-18T00:00:00+00:00 [running]> on host a83b02c526f7
[2024-09-19T17:34:12.311+0000] {taskinstance.py:1583} INFO - Exporting the following env vars:
AIRFLOW_CTX_DAG_OWNER=faruk3d
AIRFLOW_CTX_DAG_ID=dag_with_python_operator_v07
AIRFLOW_CTX_TASK_ID=get_name
AIRFLOW_CTX_EXECUTION_DATE=2024-09-18T00:00:00+00:00
AIRFLOW_CTX_TRY_NUMBER=1
AIRFLOW_CTX_DAG_RUN_ID=scheduled__2024-09-18T00:00:00+00:00
[2024-09-19T17:34:12.326+0000] {python.py:173} INFO - Done. Returned value was: None
[2024-09-19T17:34:12.334+0000] {taskinstance.py:1412} INFO - Marking task as SUCCESS. dag_id=dag_with_python_operator_v07, task_id=get_name, execution_date=20240918T000000, start_date=20240919T173412, end_date=20240919T173412
[2024-09-19T17:34:12.380+0000] {local_task_job.py:156} INFO - Task exited with return code 0
[2024-09-19T17:34:12.394+0000] {local_task_job.py:279} INFO - 0 downstream tasks scheduled from follow-on schedule check
[2024-09-19T18:41:22.817+0000] {taskinstance.py:1171} INFO - Dependencies all met for <TaskInstance: dag_with_python_operator_v07.get_name scheduled__2024-09-18T00:00:00+00:00 [queued]>
[2024-09-19T18:41:22.821+0000] {taskinstance.py:1171} INFO - Dependencies all met for <TaskInstance: dag_with_python_operator_v07.get_name scheduled__2024-09-18T00:00:00+00:00 [queued]>
[2024-09-19T18:41:22.821+0000] {taskinstance.py:1368} INFO - 
--------------------------------------------------------------------------------
[2024-09-19T18:41:22.821+0000] {taskinstance.py:1369} INFO - Starting attempt 1 of 6
[2024-09-19T18:41:22.821+0000] {taskinstance.py:1370} INFO - 
--------------------------------------------------------------------------------
[2024-09-19T18:41:22.826+0000] {taskinstance.py:1389} INFO - Executing <Task(PythonOperator): get_name> on 2024-09-18 00:00:00+00:00
[2024-09-19T18:41:22.828+0000] {standard_task_runner.py:52} INFO - Started process 12453 to run task
[2024-09-19T18:41:22.830+0000] {standard_task_runner.py:79} INFO - Running: ['***', 'tasks', 'run', 'dag_with_python_operator_v07', 'get_name', 'scheduled__2024-09-18T00:00:00+00:00', '--job-id', '56', '--raw', '--subdir', 'DAGS_FOLDER/create_dag_with_python_operator.py', '--cfg-path', '/tmp/tmpta2jnb5x', '--error-file', '/tmp/tmpzobkp7hw']
[2024-09-19T18:41:22.830+0000] {standard_task_runner.py:80} INFO - Job 56: Subtask get_name
[2024-09-19T18:41:22.857+0000] {task_command.py:371} INFO - Running <TaskInstance: dag_with_python_operator_v07.get_name scheduled__2024-09-18T00:00:00+00:00 [running]> on host a83b02c526f7
[2024-09-19T18:41:22.888+0000] {taskinstance.py:1583} INFO - Exporting the following env vars:
AIRFLOW_CTX_DAG_OWNER=faruk3d
AIRFLOW_CTX_DAG_ID=dag_with_python_operator_v07
AIRFLOW_CTX_TASK_ID=get_name
AIRFLOW_CTX_EXECUTION_DATE=2024-09-18T00:00:00+00:00
AIRFLOW_CTX_TRY_NUMBER=1
AIRFLOW_CTX_DAG_RUN_ID=scheduled__2024-09-18T00:00:00+00:00
[2024-09-19T18:41:23.016+0000] {python.py:173} INFO - Done. Returned value was: None
[2024-09-19T18:41:23.021+0000] {taskinstance.py:1412} INFO - Marking task as SUCCESS. dag_id=dag_with_python_operator_v07, task_id=get_name, execution_date=20240918T000000, start_date=20240919T184122, end_date=20240919T184123
[2024-09-19T18:41:23.055+0000] {local_task_job.py:156} INFO - Task exited with return code 0
[2024-09-19T18:41:23.071+0000] {local_task_job.py:279} INFO - 0 downstream tasks scheduled from follow-on schedule check
