[2024-09-19T18:48:25.414+0000] {taskinstance.py:1171} INFO - Dependencies all met for <TaskInstance: dag_with_taskflow_api_v01.get_name scheduled__2024-09-18T00:00:00+00:00 [queued]>
[2024-09-19T18:48:25.419+0000] {taskinstance.py:1171} INFO - Dependencies all met for <TaskInstance: dag_with_taskflow_api_v01.get_name scheduled__2024-09-18T00:00:00+00:00 [queued]>
[2024-09-19T18:48:25.419+0000] {taskinstance.py:1368} INFO - 
--------------------------------------------------------------------------------
[2024-09-19T18:48:25.419+0000] {taskinstance.py:1369} INFO - Starting attempt 1 of 6
[2024-09-19T18:48:25.419+0000] {taskinstance.py:1370} INFO - 
--------------------------------------------------------------------------------
[2024-09-19T18:48:25.424+0000] {taskinstance.py:1389} INFO - Executing <Task(_PythonDecoratedOperator): get_name> on 2024-09-18 00:00:00+00:00
[2024-09-19T18:48:25.426+0000] {standard_task_runner.py:52} INFO - Started process 12952 to run task
[2024-09-19T18:48:25.427+0000] {standard_task_runner.py:79} INFO - Running: ['***', 'tasks', 'run', 'dag_with_taskflow_api_v01', 'get_name', 'scheduled__2024-09-18T00:00:00+00:00', '--job-id', '58', '--raw', '--subdir', 'DAGS_FOLDER/__pycache__/dag_with_taskflow_api.py', '--cfg-path', '/tmp/tmp2pnrt9p2', '--error-file', '/tmp/tmp4x05sj9p']
[2024-09-19T18:48:25.428+0000] {standard_task_runner.py:80} INFO - Job 58: Subtask get_name
[2024-09-19T18:48:25.452+0000] {task_command.py:371} INFO - Running <TaskInstance: dag_with_taskflow_api_v01.get_name scheduled__2024-09-18T00:00:00+00:00 [running]> on host a83b02c526f7
[2024-09-19T18:48:25.562+0000] {taskinstance.py:1583} INFO - Exporting the following env vars:
AIRFLOW_CTX_DAG_OWNER=faruk3d
AIRFLOW_CTX_DAG_ID=dag_with_taskflow_api_v01
AIRFLOW_CTX_TASK_ID=get_name
AIRFLOW_CTX_EXECUTION_DATE=2024-09-18T00:00:00+00:00
AIRFLOW_CTX_TRY_NUMBER=1
AIRFLOW_CTX_DAG_RUN_ID=scheduled__2024-09-18T00:00:00+00:00
[2024-09-19T18:48:25.562+0000] {python.py:173} INFO - Done. Returned value was: Jerry
[2024-09-19T18:48:25.572+0000] {taskinstance.py:1412} INFO - Marking task as SUCCESS. dag_id=dag_with_taskflow_api_v01, task_id=get_name, execution_date=20240918T000000, start_date=20240919T184825, end_date=20240919T184825
[2024-09-19T18:48:25.612+0000] {local_task_job.py:156} INFO - Task exited with return code 0
[2024-09-19T18:48:25.626+0000] {local_task_job.py:279} INFO - 1 downstream tasks scheduled from follow-on schedule check
