[2024-09-18T20:44:00.404+0000] {taskinstance.py:1171} INFO - Dependencies all met for <TaskInstance: example_bash_operator.also_run_this scheduled__2024-09-17T00:00:00+00:00 [queued]>
[2024-09-18T20:44:00.410+0000] {taskinstance.py:1171} INFO - Dependencies all met for <TaskInstance: example_bash_operator.also_run_this scheduled__2024-09-17T00:00:00+00:00 [queued]>
[2024-09-18T20:44:00.411+0000] {taskinstance.py:1368} INFO - 
--------------------------------------------------------------------------------
[2024-09-18T20:44:00.411+0000] {taskinstance.py:1369} INFO - Starting attempt 1 of 1
[2024-09-18T20:44:00.411+0000] {taskinstance.py:1370} INFO - 
--------------------------------------------------------------------------------
[2024-09-18T20:44:00.422+0000] {taskinstance.py:1389} INFO - Executing <Task(BashOperator): also_run_this> on 2024-09-17 00:00:00+00:00
[2024-09-18T20:44:00.425+0000] {standard_task_runner.py:52} INFO - Started process 939 to run task
[2024-09-18T20:44:00.427+0000] {standard_task_runner.py:79} INFO - Running: ['***', 'tasks', 'run', 'example_bash_operator', 'also_run_this', 'scheduled__2024-09-17T00:00:00+00:00', '--job-id', '7', '--raw', '--subdir', '/home/***/.local/lib/python3.7/site-packages/***/example_dags/example_bash_operator.py', '--cfg-path', '/tmp/tmpk6d9m_c6', '--error-file', '/tmp/tmpu05uu5c4']
[2024-09-18T20:44:00.429+0000] {standard_task_runner.py:80} INFO - Job 7: Subtask also_run_this
[2024-09-18T20:44:00.473+0000] {task_command.py:371} INFO - Running <TaskInstance: example_bash_operator.also_run_this scheduled__2024-09-17T00:00:00+00:00 [running]> on host 8bad928267b6
[2024-09-18T20:44:00.507+0000] {taskinstance.py:1583} INFO - Exporting the following env vars:
AIRFLOW_CTX_DAG_OWNER=***
AIRFLOW_CTX_DAG_ID=example_bash_operator
AIRFLOW_CTX_TASK_ID=also_run_this
AIRFLOW_CTX_EXECUTION_DATE=2024-09-17T00:00:00+00:00
AIRFLOW_CTX_TRY_NUMBER=1
AIRFLOW_CTX_DAG_RUN_ID=scheduled__2024-09-17T00:00:00+00:00
[2024-09-18T20:44:00.508+0000] {subprocess.py:62} INFO - Tmp dir root location: 
 /tmp
[2024-09-18T20:44:00.511+0000] {subprocess.py:74} INFO - Running command: ['/bin/bash', '-c', 'echo "run_id=scheduled__2024-09-17T00:00:00+00:00 | dag_run=<DagRun example_bash_operator @ 2024-09-17 00:00:00+00:00: scheduled__2024-09-17T00:00:00+00:00, state:running, queued_at: 2024-09-18 20:43:59.871298+00:00. externally triggered: False>"']
[2024-09-18T20:44:00.515+0000] {subprocess.py:85} INFO - Output:
[2024-09-18T20:44:00.516+0000] {subprocess.py:92} INFO - run_id=scheduled__2024-09-17T00:00:00+00:00 | dag_run=<DagRun example_bash_operator @ 2024-09-17 00:00:00+00:00: scheduled__2024-09-17T00:00:00+00:00, state:running, queued_at: 2024-09-18 20:43:59.871298+00:00. externally triggered: False>
[2024-09-18T20:44:00.516+0000] {subprocess.py:96} INFO - Command exited with return code 0
[2024-09-18T20:44:00.529+0000] {taskinstance.py:1412} INFO - Marking task as SUCCESS. dag_id=example_bash_operator, task_id=also_run_this, execution_date=20240917T000000, start_date=20240918T204400, end_date=20240918T204400
[2024-09-18T20:44:00.566+0000] {local_task_job.py:156} INFO - Task exited with return code 0
[2024-09-18T20:44:00.580+0000] {local_task_job.py:279} INFO - 0 downstream tasks scheduled from follow-on schedule check
