[2024-09-18T20:44:00.379+0000] {taskinstance.py:1171} INFO - Dependencies all met for <TaskInstance: example_bash_operator.runme_2 scheduled__2024-09-17T00:00:00+00:00 [queued]>
[2024-09-18T20:44:00.388+0000] {taskinstance.py:1171} INFO - Dependencies all met for <TaskInstance: example_bash_operator.runme_2 scheduled__2024-09-17T00:00:00+00:00 [queued]>
[2024-09-18T20:44:00.390+0000] {taskinstance.py:1368} INFO - 
--------------------------------------------------------------------------------
[2024-09-18T20:44:00.390+0000] {taskinstance.py:1369} INFO - Starting attempt 1 of 1
[2024-09-18T20:44:00.390+0000] {taskinstance.py:1370} INFO - 
--------------------------------------------------------------------------------
[2024-09-18T20:44:00.399+0000] {taskinstance.py:1389} INFO - Executing <Task(BashOperator): runme_2> on 2024-09-17 00:00:00+00:00
[2024-09-18T20:44:00.402+0000] {standard_task_runner.py:52} INFO - Started process 938 to run task
[2024-09-18T20:44:00.404+0000] {standard_task_runner.py:79} INFO - Running: ['***', 'tasks', 'run', 'example_bash_operator', 'runme_2', 'scheduled__2024-09-17T00:00:00+00:00', '--job-id', '6', '--raw', '--subdir', '/home/***/.local/lib/python3.7/site-packages/***/example_dags/example_bash_operator.py', '--cfg-path', '/tmp/tmpmox2gtri', '--error-file', '/tmp/tmpmiyc8epm']
[2024-09-18T20:44:00.405+0000] {standard_task_runner.py:80} INFO - Job 6: Subtask runme_2
[2024-09-18T20:44:00.460+0000] {task_command.py:371} INFO - Running <TaskInstance: example_bash_operator.runme_2 scheduled__2024-09-17T00:00:00+00:00 [running]> on host 8bad928267b6
[2024-09-18T20:44:00.496+0000] {taskinstance.py:1583} INFO - Exporting the following env vars:
AIRFLOW_CTX_DAG_OWNER=***
AIRFLOW_CTX_DAG_ID=example_bash_operator
AIRFLOW_CTX_TASK_ID=runme_2
AIRFLOW_CTX_EXECUTION_DATE=2024-09-17T00:00:00+00:00
AIRFLOW_CTX_TRY_NUMBER=1
AIRFLOW_CTX_DAG_RUN_ID=scheduled__2024-09-17T00:00:00+00:00
[2024-09-18T20:44:00.496+0000] {subprocess.py:62} INFO - Tmp dir root location: 
 /tmp
[2024-09-18T20:44:00.497+0000] {subprocess.py:74} INFO - Running command: ['/bin/bash', '-c', 'echo "example_bash_operator__runme_2__20240917" && sleep 1']
[2024-09-18T20:44:00.501+0000] {subprocess.py:85} INFO - Output:
[2024-09-18T20:44:00.501+0000] {subprocess.py:92} INFO - example_bash_operator__runme_2__20240917
[2024-09-18T20:44:01.503+0000] {subprocess.py:96} INFO - Command exited with return code 0
[2024-09-18T20:44:01.527+0000] {taskinstance.py:1412} INFO - Marking task as SUCCESS. dag_id=example_bash_operator, task_id=runme_2, execution_date=20240917T000000, start_date=20240918T204400, end_date=20240918T204401
[2024-09-18T20:44:01.538+0000] {local_task_job.py:156} INFO - Task exited with return code 0
[2024-09-18T20:44:01.560+0000] {local_task_job.py:279} INFO - 1 downstream tasks scheduled from follow-on schedule check
