[2024-09-18T20:44:00.342+0000] {taskinstance.py:1171} INFO - Dependencies all met for <TaskInstance: example_bash_operator.this_will_skip scheduled__2024-09-17T00:00:00+00:00 [queued]>
[2024-09-18T20:44:00.346+0000] {taskinstance.py:1171} INFO - Dependencies all met for <TaskInstance: example_bash_operator.this_will_skip scheduled__2024-09-17T00:00:00+00:00 [queued]>
[2024-09-18T20:44:00.346+0000] {taskinstance.py:1368} INFO - 
--------------------------------------------------------------------------------
[2024-09-18T20:44:00.347+0000] {taskinstance.py:1369} INFO - Starting attempt 1 of 1
[2024-09-18T20:44:00.347+0000] {taskinstance.py:1370} INFO - 
--------------------------------------------------------------------------------
[2024-09-18T20:44:00.352+0000] {taskinstance.py:1389} INFO - Executing <Task(BashOperator): this_will_skip> on 2024-09-17 00:00:00+00:00
[2024-09-18T20:44:00.354+0000] {standard_task_runner.py:52} INFO - Started process 936 to run task
[2024-09-18T20:44:00.356+0000] {standard_task_runner.py:79} INFO - Running: ['***', 'tasks', 'run', 'example_bash_operator', 'this_will_skip', 'scheduled__2024-09-17T00:00:00+00:00', '--job-id', '4', '--raw', '--subdir', '/home/***/.local/lib/python3.7/site-packages/***/example_dags/example_bash_operator.py', '--cfg-path', '/tmp/tmpcs8beu39', '--error-file', '/tmp/tmpw_2tx58_']
[2024-09-18T20:44:00.357+0000] {standard_task_runner.py:80} INFO - Job 4: Subtask this_will_skip
[2024-09-18T20:44:00.404+0000] {task_command.py:371} INFO - Running <TaskInstance: example_bash_operator.this_will_skip scheduled__2024-09-17T00:00:00+00:00 [running]> on host 8bad928267b6
[2024-09-18T20:44:00.457+0000] {taskinstance.py:1583} INFO - Exporting the following env vars:
AIRFLOW_CTX_DAG_OWNER=***
AIRFLOW_CTX_DAG_ID=example_bash_operator
AIRFLOW_CTX_TASK_ID=this_will_skip
AIRFLOW_CTX_EXECUTION_DATE=2024-09-17T00:00:00+00:00
AIRFLOW_CTX_TRY_NUMBER=1
AIRFLOW_CTX_DAG_RUN_ID=scheduled__2024-09-17T00:00:00+00:00
[2024-09-18T20:44:00.458+0000] {subprocess.py:62} INFO - Tmp dir root location: 
 /tmp
[2024-09-18T20:44:00.459+0000] {subprocess.py:74} INFO - Running command: ['/bin/bash', '-c', 'echo "hello world"; exit 99;']
[2024-09-18T20:44:00.464+0000] {subprocess.py:85} INFO - Output:
[2024-09-18T20:44:00.465+0000] {subprocess.py:92} INFO - hello world
[2024-09-18T20:44:00.465+0000] {subprocess.py:96} INFO - Command exited with return code 99
[2024-09-18T20:44:00.466+0000] {taskinstance.py:1490} INFO - Bash command returned exit code 99. Skipping.
[2024-09-18T20:44:00.473+0000] {taskinstance.py:1412} INFO - Marking task as SKIPPED. dag_id=example_bash_operator, task_id=this_will_skip, execution_date=20240917T000000, start_date=20240918T204400, end_date=20240918T204400
[2024-09-18T20:44:00.494+0000] {local_task_job.py:156} INFO - Task exited with return code 0
[2024-09-18T20:44:00.513+0000] {local_task_job.py:279} INFO - 0 downstream tasks scheduled from follow-on schedule check
