[2024-09-19T15:49:03.910+0000] {taskinstance.py:1171} INFO - Dependencies all met for <TaskInstance: first_dag_v6.first_task manual__2024-09-19T15:49:03.071782+00:00 [queued]>
[2024-09-19T15:49:03.913+0000] {taskinstance.py:1171} INFO - Dependencies all met for <TaskInstance: first_dag_v6.first_task manual__2024-09-19T15:49:03.071782+00:00 [queued]>
[2024-09-19T15:49:03.913+0000] {taskinstance.py:1368} INFO - 
--------------------------------------------------------------------------------
[2024-09-19T15:49:03.913+0000] {taskinstance.py:1369} INFO - Starting attempt 1 of 6
[2024-09-19T15:49:03.914+0000] {taskinstance.py:1370} INFO - 
--------------------------------------------------------------------------------
[2024-09-19T15:49:03.918+0000] {taskinstance.py:1389} INFO - Executing <Task(BashOperator): first_task> on 2024-09-19 15:49:03.071782+00:00
[2024-09-19T15:49:03.920+0000] {standard_task_runner.py:52} INFO - Started process 236 to run task
[2024-09-19T15:49:03.921+0000] {standard_task_runner.py:79} INFO - Running: ['***', 'tasks', 'run', 'first_dag_v6', 'first_task', 'manual__2024-09-19T15:49:03.071782+00:00', '--job-id', '9', '--raw', '--subdir', 'DAGS_FOLDER/first_dag.py', '--cfg-path', '/tmp/tmpj0ipk7hy', '--error-file', '/tmp/tmpxhhgqnc7']
[2024-09-19T15:49:03.922+0000] {standard_task_runner.py:80} INFO - Job 9: Subtask first_task
[2024-09-19T15:49:03.944+0000] {task_command.py:371} INFO - Running <TaskInstance: first_dag_v6.first_task manual__2024-09-19T15:49:03.071782+00:00 [running]> on host a83b02c526f7
[2024-09-19T15:49:03.974+0000] {taskinstance.py:1583} INFO - Exporting the following env vars:
AIRFLOW_CTX_DAG_OWNER=faruk3d
AIRFLOW_CTX_DAG_ID=first_dag_v6
AIRFLOW_CTX_TASK_ID=first_task
AIRFLOW_CTX_EXECUTION_DATE=2024-09-19T15:49:03.071782+00:00
AIRFLOW_CTX_TRY_NUMBER=1
AIRFLOW_CTX_DAG_RUN_ID=manual__2024-09-19T15:49:03.071782+00:00
[2024-09-19T15:49:03.975+0000] {subprocess.py:62} INFO - Tmp dir root location: 
 /tmp
[2024-09-19T15:49:03.975+0000] {subprocess.py:74} INFO - Running command: ['/bin/bash', '-c', 'echo hello world']
[2024-09-19T15:49:03.978+0000] {subprocess.py:85} INFO - Output:
[2024-09-19T15:49:03.978+0000] {subprocess.py:92} INFO - hello world
[2024-09-19T15:49:03.979+0000] {subprocess.py:96} INFO - Command exited with return code 0
[2024-09-19T15:49:04.063+0000] {taskinstance.py:1412} INFO - Marking task as SUCCESS. dag_id=first_dag_v6, task_id=first_task, execution_date=20240919T154903, start_date=20240919T154903, end_date=20240919T154904
[2024-09-19T15:49:04.109+0000] {local_task_job.py:156} INFO - Task exited with return code 0
[2024-09-19T15:49:04.124+0000] {local_task_job.py:279} INFO - 2 downstream tasks scheduled from follow-on schedule check
