[2024-09-19T17:18:34.011+0000] {taskinstance.py:1171} INFO - Dependencies all met for <TaskInstance: dag_with_python_operator_v04.greet manual__2024-09-19T17:17:50.805239+00:00 [queued]>
[2024-09-19T17:18:34.015+0000] {taskinstance.py:1171} INFO - Dependencies all met for <TaskInstance: dag_with_python_operator_v04.greet manual__2024-09-19T17:17:50.805239+00:00 [queued]>
[2024-09-19T17:18:34.015+0000] {taskinstance.py:1368} INFO - 
--------------------------------------------------------------------------------
[2024-09-19T17:18:34.015+0000] {taskinstance.py:1369} INFO - Starting attempt 2 of 7
[2024-09-19T17:18:34.015+0000] {taskinstance.py:1370} INFO - 
--------------------------------------------------------------------------------
[2024-09-19T17:18:34.020+0000] {taskinstance.py:1389} INFO - Executing <Task(PythonOperator): greet> on 2024-09-19 17:17:50.805239+00:00
[2024-09-19T17:18:34.022+0000] {standard_task_runner.py:52} INFO - Started process 6598 to run task
[2024-09-19T17:18:34.023+0000] {standard_task_runner.py:79} INFO - Running: ['***', 'tasks', 'run', 'dag_with_python_operator_v04', 'greet', 'manual__2024-09-19T17:17:50.805239+00:00', '--job-id', '24', '--raw', '--subdir', 'DAGS_FOLDER/create_dag_with_python_operator.py', '--cfg-path', '/tmp/tmpux28anef', '--error-file', '/tmp/tmpxsjnljwy']
[2024-09-19T17:18:34.024+0000] {standard_task_runner.py:80} INFO - Job 24: Subtask greet
[2024-09-19T17:18:34.047+0000] {task_command.py:371} INFO - Running <TaskInstance: dag_with_python_operator_v04.greet manual__2024-09-19T17:17:50.805239+00:00 [running]> on host a83b02c526f7
[2024-09-19T17:18:34.076+0000] {taskinstance.py:1583} INFO - Exporting the following env vars:
AIRFLOW_CTX_DAG_OWNER=faruk3d
AIRFLOW_CTX_DAG_ID=dag_with_python_operator_v04
AIRFLOW_CTX_TASK_ID=greet
AIRFLOW_CTX_EXECUTION_DATE=2024-09-19T17:17:50.805239+00:00
AIRFLOW_CTX_TRY_NUMBER=2
AIRFLOW_CTX_DAG_RUN_ID=manual__2024-09-19T17:17:50.805239+00:00
[2024-09-19T17:18:34.143+0000] {logging_mixin.py:115} INFO - Hello World! My name is Jerry, and I am 20 years old.
[2024-09-19T17:18:34.143+0000] {python.py:173} INFO - Done. Returned value was: None
[2024-09-19T17:18:34.148+0000] {taskinstance.py:1412} INFO - Marking task as SUCCESS. dag_id=dag_with_python_operator_v04, task_id=greet, execution_date=20240919T171750, start_date=20240919T171834, end_date=20240919T171834
[2024-09-19T17:18:34.160+0000] {local_task_job.py:156} INFO - Task exited with return code 0
[2024-09-19T17:18:34.172+0000] {local_task_job.py:279} INFO - 0 downstream tasks scheduled from follow-on schedule check
