[2024-09-19T17:17:52.510+0000] {taskinstance.py:1171} INFO - Dependencies all met for <TaskInstance: dag_with_python_operator_v04.greet manual__2024-09-19T17:17:50.805239+00:00 [queued]>
[2024-09-19T17:17:52.514+0000] {taskinstance.py:1171} INFO - Dependencies all met for <TaskInstance: dag_with_python_operator_v04.greet manual__2024-09-19T17:17:50.805239+00:00 [queued]>
[2024-09-19T17:17:52.514+0000] {taskinstance.py:1368} INFO - 
--------------------------------------------------------------------------------
[2024-09-19T17:17:52.514+0000] {taskinstance.py:1369} INFO - Starting attempt 1 of 6
[2024-09-19T17:17:52.515+0000] {taskinstance.py:1370} INFO - 
--------------------------------------------------------------------------------
[2024-09-19T17:17:52.520+0000] {taskinstance.py:1389} INFO - Executing <Task(PythonOperator): greet> on 2024-09-19 17:17:50.805239+00:00
[2024-09-19T17:17:52.522+0000] {standard_task_runner.py:52} INFO - Started process 6559 to run task
[2024-09-19T17:17:52.523+0000] {standard_task_runner.py:79} INFO - Running: ['***', 'tasks', 'run', 'dag_with_python_operator_v04', 'greet', 'manual__2024-09-19T17:17:50.805239+00:00', '--job-id', '23', '--raw', '--subdir', 'DAGS_FOLDER/create_dag_with_python_operator.py', '--cfg-path', '/tmp/tmp17z6si6h', '--error-file', '/tmp/tmps25q78_l']
[2024-09-19T17:17:52.524+0000] {standard_task_runner.py:80} INFO - Job 23: Subtask greet
[2024-09-19T17:17:52.553+0000] {task_command.py:371} INFO - Running <TaskInstance: dag_with_python_operator_v04.greet manual__2024-09-19T17:17:50.805239+00:00 [running]> on host a83b02c526f7
[2024-09-19T17:17:52.586+0000] {taskinstance.py:1583} INFO - Exporting the following env vars:
AIRFLOW_CTX_DAG_OWNER=faruk3d
AIRFLOW_CTX_DAG_ID=dag_with_python_operator_v04
AIRFLOW_CTX_TASK_ID=greet
AIRFLOW_CTX_EXECUTION_DATE=2024-09-19T17:17:50.805239+00:00
AIRFLOW_CTX_TRY_NUMBER=1
AIRFLOW_CTX_DAG_RUN_ID=manual__2024-09-19T17:17:50.805239+00:00
[2024-09-19T17:17:52.683+0000] {logging_mixin.py:115} INFO - Hello World! My name is Jerry, and I am 20 years old.
[2024-09-19T17:17:52.684+0000] {python.py:173} INFO - Done. Returned value was: None
[2024-09-19T17:17:52.690+0000] {taskinstance.py:1412} INFO - Marking task as SUCCESS. dag_id=dag_with_python_operator_v04, task_id=greet, execution_date=20240919T171750, start_date=20240919T171752, end_date=20240919T171752
[2024-09-19T17:17:52.707+0000] {local_task_job.py:156} INFO - Task exited with return code 0
[2024-09-19T17:17:52.720+0000] {local_task_job.py:279} INFO - 0 downstream tasks scheduled from follow-on schedule check
