[2024-09-19T17:33:18.397+0000] {taskinstance.py:1171} INFO - Dependencies all met for <TaskInstance: dag_with_python_operator_v06.get_name manual__2024-09-19T17:33:18.130860+00:00 [queued]>
[2024-09-19T17:33:18.402+0000] {taskinstance.py:1171} INFO - Dependencies all met for <TaskInstance: dag_with_python_operator_v06.get_name manual__2024-09-19T17:33:18.130860+00:00 [queued]>
[2024-09-19T17:33:18.403+0000] {taskinstance.py:1368} INFO - 
--------------------------------------------------------------------------------
[2024-09-19T17:33:18.403+0000] {taskinstance.py:1369} INFO - Starting attempt 1 of 6
[2024-09-19T17:33:18.403+0000] {taskinstance.py:1370} INFO - 
--------------------------------------------------------------------------------
[2024-09-19T17:33:18.410+0000] {taskinstance.py:1389} INFO - Executing <Task(PythonOperator): get_name> on 2024-09-19 17:33:18.130860+00:00
[2024-09-19T17:33:18.411+0000] {standard_task_runner.py:52} INFO - Started process 7706 to run task
[2024-09-19T17:33:18.413+0000] {standard_task_runner.py:79} INFO - Running: ['***', 'tasks', 'run', 'dag_with_python_operator_v06', 'get_name', 'manual__2024-09-19T17:33:18.130860+00:00', '--job-id', '46', '--raw', '--subdir', 'DAGS_FOLDER/create_dag_with_python_operator.py', '--cfg-path', '/tmp/tmpb82zvu7l', '--error-file', '/tmp/tmp6js9bz3h']
[2024-09-19T17:33:18.417+0000] {standard_task_runner.py:80} INFO - Job 46: Subtask get_name
[2024-09-19T17:33:18.446+0000] {task_command.py:371} INFO - Running <TaskInstance: dag_with_python_operator_v06.get_name manual__2024-09-19T17:33:18.130860+00:00 [running]> on host a83b02c526f7
[2024-09-19T17:33:18.561+0000] {taskinstance.py:1583} INFO - Exporting the following env vars:
AIRFLOW_CTX_DAG_OWNER=faruk3d
AIRFLOW_CTX_DAG_ID=dag_with_python_operator_v06
AIRFLOW_CTX_TASK_ID=get_name
AIRFLOW_CTX_EXECUTION_DATE=2024-09-19T17:33:18.130860+00:00
AIRFLOW_CTX_TRY_NUMBER=1
AIRFLOW_CTX_DAG_RUN_ID=manual__2024-09-19T17:33:18.130860+00:00
[2024-09-19T17:33:18.571+0000] {python.py:173} INFO - Done. Returned value was: None
[2024-09-19T17:33:18.576+0000] {taskinstance.py:1412} INFO - Marking task as SUCCESS. dag_id=dag_with_python_operator_v06, task_id=get_name, execution_date=20240919T173318, start_date=20240919T173318, end_date=20240919T173318
[2024-09-19T17:33:18.595+0000] {local_task_job.py:156} INFO - Task exited with return code 0
[2024-09-19T17:33:18.609+0000] {local_task_job.py:279} INFO - 0 downstream tasks scheduled from follow-on schedule check
