[2024-09-19T18:48:18.377+0000] {processor.py:153} INFO - Started process (PID=12945) to work on /opt/airflow/dags/__pycache__/dag_with_taskflow_api.py
[2024-09-19T18:48:18.378+0000] {processor.py:640} INFO - Processing file /opt/airflow/dags/__pycache__/dag_with_taskflow_api.py for tasks to queue
[2024-09-19T18:48:18.378+0000] {logging_mixin.py:115} INFO - [2024-09-19T18:48:18.378+0000] {dagbag.py:508} INFO - Filling up the DagBag from /opt/airflow/dags/__pycache__/dag_with_taskflow_api.py
[2024-09-19T18:48:18.399+0000] {processor.py:650} INFO - DAG(s) dict_keys(['dag_with_taskflow_api_v01']) retrieved from /opt/airflow/dags/__pycache__/dag_with_taskflow_api.py
[2024-09-19T18:48:18.500+0000] {logging_mixin.py:115} INFO - [2024-09-19T18:48:18.500+0000] {manager.py:508} INFO - Created Permission View: can edit on DAG:dag_with_taskflow_api_v01
[2024-09-19T18:48:18.503+0000] {logging_mixin.py:115} INFO - [2024-09-19T18:48:18.503+0000] {manager.py:508} INFO - Created Permission View: can delete on DAG:dag_with_taskflow_api_v01
[2024-09-19T18:48:18.505+0000] {logging_mixin.py:115} INFO - [2024-09-19T18:48:18.505+0000] {manager.py:508} INFO - Created Permission View: can read on DAG:dag_with_taskflow_api_v01
[2024-09-19T18:48:18.505+0000] {logging_mixin.py:115} INFO - [2024-09-19T18:48:18.505+0000] {dag.py:2429} INFO - Sync 1 DAGs
[2024-09-19T18:48:18.508+0000] {logging_mixin.py:115} INFO - [2024-09-19T18:48:18.508+0000] {dag.py:2448} INFO - Creating ORM DAG for dag_with_taskflow_api_v01
[2024-09-19T18:48:18.513+0000] {logging_mixin.py:115} INFO - [2024-09-19T18:48:18.513+0000] {dag.py:2981} INFO - Setting next_dagrun for dag_with_taskflow_api_v01 to 2024-09-18T00:00:00+00:00, run_after=2024-09-19T00:00:00+00:00
[2024-09-19T18:48:18.517+0000] {processor.py:161} INFO - Processing /opt/airflow/dags/__pycache__/dag_with_taskflow_api.py took 0.142 seconds
[2024-09-19T18:48:48.584+0000] {processor.py:153} INFO - Started process (PID=12993) to work on /opt/airflow/dags/__pycache__/dag_with_taskflow_api.py
[2024-09-19T18:48:48.585+0000] {processor.py:640} INFO - Processing file /opt/airflow/dags/__pycache__/dag_with_taskflow_api.py for tasks to queue
[2024-09-19T18:48:48.586+0000] {logging_mixin.py:115} INFO - [2024-09-19T18:48:48.585+0000] {dagbag.py:508} INFO - Filling up the DagBag from /opt/airflow/dags/__pycache__/dag_with_taskflow_api.py
[2024-09-19T18:48:48.601+0000] {processor.py:650} INFO - DAG(s) dict_keys(['dag_with_taskflow_api_v01']) retrieved from /opt/airflow/dags/__pycache__/dag_with_taskflow_api.py
[2024-09-19T18:48:48.633+0000] {logging_mixin.py:115} INFO - [2024-09-19T18:48:48.633+0000] {dag.py:2429} INFO - Sync 1 DAGs
[2024-09-19T18:48:48.706+0000] {logging_mixin.py:115} INFO - [2024-09-19T18:48:48.706+0000] {dag.py:2981} INFO - Setting next_dagrun for dag_with_taskflow_api_v01 to 2024-09-19T00:00:00+00:00, run_after=2024-09-20T00:00:00+00:00
[2024-09-19T18:48:48.711+0000] {processor.py:161} INFO - Processing /opt/airflow/dags/__pycache__/dag_with_taskflow_api.py took 0.130 seconds
[2024-09-19T18:49:18.836+0000] {processor.py:153} INFO - Started process (PID=13026) to work on /opt/airflow/dags/__pycache__/dag_with_taskflow_api.py
[2024-09-19T18:49:18.837+0000] {processor.py:640} INFO - Processing file /opt/airflow/dags/__pycache__/dag_with_taskflow_api.py for tasks to queue
[2024-09-19T18:49:18.838+0000] {logging_mixin.py:115} INFO - [2024-09-19T18:49:18.837+0000] {dagbag.py:508} INFO - Filling up the DagBag from /opt/airflow/dags/__pycache__/dag_with_taskflow_api.py
[2024-09-19T18:49:18.853+0000] {processor.py:650} INFO - DAG(s) dict_keys(['dag_with_taskflow_api_v01']) retrieved from /opt/airflow/dags/__pycache__/dag_with_taskflow_api.py
[2024-09-19T18:49:18.883+0000] {logging_mixin.py:115} INFO - [2024-09-19T18:49:18.883+0000] {dag.py:2429} INFO - Sync 1 DAGs
[2024-09-19T18:49:18.956+0000] {logging_mixin.py:115} INFO - [2024-09-19T18:49:18.956+0000] {dag.py:2981} INFO - Setting next_dagrun for dag_with_taskflow_api_v01 to 2024-09-19T00:00:00+00:00, run_after=2024-09-20T00:00:00+00:00
[2024-09-19T18:49:18.962+0000] {processor.py:161} INFO - Processing /opt/airflow/dags/__pycache__/dag_with_taskflow_api.py took 0.130 seconds
[2024-09-19T18:49:49.132+0000] {processor.py:153} INFO - Started process (PID=13068) to work on /opt/airflow/dags/__pycache__/dag_with_taskflow_api.py
[2024-09-19T18:49:49.132+0000] {processor.py:640} INFO - Processing file /opt/airflow/dags/__pycache__/dag_with_taskflow_api.py for tasks to queue
[2024-09-19T18:49:49.133+0000] {logging_mixin.py:115} INFO - [2024-09-19T18:49:49.133+0000] {dagbag.py:508} INFO - Filling up the DagBag from /opt/airflow/dags/__pycache__/dag_with_taskflow_api.py
[2024-09-19T18:49:49.150+0000] {processor.py:650} INFO - DAG(s) dict_keys(['dag_with_taskflow_api_v01']) retrieved from /opt/airflow/dags/__pycache__/dag_with_taskflow_api.py
[2024-09-19T18:49:49.164+0000] {logging_mixin.py:115} INFO - [2024-09-19T18:49:49.164+0000] {dag.py:2429} INFO - Sync 1 DAGs
[2024-09-19T18:49:49.177+0000] {logging_mixin.py:115} INFO - [2024-09-19T18:49:49.177+0000] {dag.py:2981} INFO - Setting next_dagrun for dag_with_taskflow_api_v01 to 2024-09-19T00:00:00+00:00, run_after=2024-09-20T00:00:00+00:00
[2024-09-19T18:49:49.182+0000] {processor.py:161} INFO - Processing /opt/airflow/dags/__pycache__/dag_with_taskflow_api.py took 0.053 seconds
[2024-09-19T18:50:19.359+0000] {processor.py:153} INFO - Started process (PID=13110) to work on /opt/airflow/dags/__pycache__/dag_with_taskflow_api.py
[2024-09-19T18:50:19.359+0000] {processor.py:640} INFO - Processing file /opt/airflow/dags/__pycache__/dag_with_taskflow_api.py for tasks to queue
[2024-09-19T18:50:19.360+0000] {logging_mixin.py:115} INFO - [2024-09-19T18:50:19.360+0000] {dagbag.py:508} INFO - Filling up the DagBag from /opt/airflow/dags/__pycache__/dag_with_taskflow_api.py
[2024-09-19T18:50:19.376+0000] {processor.py:650} INFO - DAG(s) dict_keys(['dag_with_taskflow_api_v01']) retrieved from /opt/airflow/dags/__pycache__/dag_with_taskflow_api.py
[2024-09-19T18:50:19.412+0000] {logging_mixin.py:115} INFO - [2024-09-19T18:50:19.412+0000] {dag.py:2429} INFO - Sync 1 DAGs
[2024-09-19T18:50:19.486+0000] {logging_mixin.py:115} INFO - [2024-09-19T18:50:19.485+0000] {dag.py:2981} INFO - Setting next_dagrun for dag_with_taskflow_api_v01 to 2024-09-19T00:00:00+00:00, run_after=2024-09-20T00:00:00+00:00
[2024-09-19T18:50:19.490+0000] {processor.py:161} INFO - Processing /opt/airflow/dags/__pycache__/dag_with_taskflow_api.py took 0.135 seconds
[2024-09-19T18:50:49.547+0000] {processor.py:153} INFO - Started process (PID=13152) to work on /opt/airflow/dags/__pycache__/dag_with_taskflow_api.py
[2024-09-19T18:50:49.548+0000] {processor.py:640} INFO - Processing file /opt/airflow/dags/__pycache__/dag_with_taskflow_api.py for tasks to queue
[2024-09-19T18:50:49.548+0000] {logging_mixin.py:115} INFO - [2024-09-19T18:50:49.548+0000] {dagbag.py:508} INFO - Filling up the DagBag from /opt/airflow/dags/__pycache__/dag_with_taskflow_api.py
[2024-09-19T18:50:49.559+0000] {processor.py:650} INFO - DAG(s) dict_keys(['dag_with_taskflow_api_v01']) retrieved from /opt/airflow/dags/__pycache__/dag_with_taskflow_api.py
[2024-09-19T18:50:49.597+0000] {logging_mixin.py:115} INFO - [2024-09-19T18:50:49.596+0000] {dag.py:2429} INFO - Sync 1 DAGs
[2024-09-19T18:50:49.679+0000] {logging_mixin.py:115} INFO - [2024-09-19T18:50:49.679+0000] {dag.py:2981} INFO - Setting next_dagrun for dag_with_taskflow_api_v01 to 2024-09-19T00:00:00+00:00, run_after=2024-09-20T00:00:00+00:00
[2024-09-19T18:50:49.684+0000] {processor.py:161} INFO - Processing /opt/airflow/dags/__pycache__/dag_with_taskflow_api.py took 0.139 seconds
[2024-09-19T18:51:02.637+0000] {processor.py:153} INFO - Started process (PID=13166) to work on /opt/airflow/dags/__pycache__/dag_with_taskflow_api.py
[2024-09-19T18:51:02.639+0000] {processor.py:640} INFO - Processing file /opt/airflow/dags/__pycache__/dag_with_taskflow_api.py for tasks to queue
[2024-09-19T18:51:02.639+0000] {logging_mixin.py:115} INFO - [2024-09-19T18:51:02.639+0000] {dagbag.py:508} INFO - Filling up the DagBag from /opt/airflow/dags/__pycache__/dag_with_taskflow_api.py
[2024-09-19T18:51:02.660+0000] {logging_mixin.py:115} INFO - [2024-09-19T18:51:02.657+0000] {dagbag.py:321} ERROR - Failed to import: /opt/airflow/dags/__pycache__/dag_with_taskflow_api.py
Traceback (most recent call last):
  File "/home/airflow/.local/lib/python3.7/site-packages/airflow/models/dagbag.py", line 318, in parse
    loader.exec_module(new_module)
  File "<frozen importlib._bootstrap_external>", line 728, in exec_module
  File "<frozen importlib._bootstrap>", line 219, in _call_with_frames_removed
  File "/opt/airflow/dags/__pycache__/dag_with_taskflow_api.py", line 38, in <module>
    greet_dag = hello_world_etl()
  File "/home/airflow/.local/lib/python3.7/site-packages/airflow/models/dag.py", line 3029, in factory
    f(**f_kwargs)
  File "/opt/airflow/dags/__pycache__/dag_with_taskflow_api.py", line 36, in hello_world_etl
    greet(name = name, age = age)
  File "/home/airflow/.local/lib/python3.7/site-packages/airflow/decorators/base.py", line 264, in __call__
    **self.kwargs,
  File "/home/airflow/.local/lib/python3.7/site-packages/airflow/models/baseoperator.py", line 390, in apply_defaults
    result = func(self, **kwargs, default_args=default_args)
  File "/home/airflow/.local/lib/python3.7/site-packages/airflow/decorators/python.py", line 55, in __init__
    **kwargs,
  File "/home/airflow/.local/lib/python3.7/site-packages/airflow/models/baseoperator.py", line 390, in apply_defaults
    result = func(self, **kwargs, default_args=default_args)
  File "/home/airflow/.local/lib/python3.7/site-packages/airflow/decorators/base.py", line 172, in __init__
    inspect.signature(python_callable).bind(*op_args, **op_kwargs)
  File "/usr/local/lib/python3.7/inspect.py", line 3015, in bind
    return args[0]._bind(args[1:], kwargs)
  File "/usr/local/lib/python3.7/inspect.py", line 2930, in _bind
    raise TypeError(msg) from None
TypeError: missing a required argument: 'first_name'
[2024-09-19T18:51:02.660+0000] {processor.py:652} WARNING - No viable dags retrieved from /opt/airflow/dags/__pycache__/dag_with_taskflow_api.py
[2024-09-19T18:51:02.670+0000] {processor.py:161} INFO - Processing /opt/airflow/dags/__pycache__/dag_with_taskflow_api.py took 0.037 seconds
[2024-09-19T18:51:32.862+0000] {processor.py:153} INFO - Started process (PID=13208) to work on /opt/airflow/dags/__pycache__/dag_with_taskflow_api.py
[2024-09-19T18:51:32.863+0000] {processor.py:640} INFO - Processing file /opt/airflow/dags/__pycache__/dag_with_taskflow_api.py for tasks to queue
[2024-09-19T18:51:32.863+0000] {logging_mixin.py:115} INFO - [2024-09-19T18:51:32.863+0000] {dagbag.py:508} INFO - Filling up the DagBag from /opt/airflow/dags/__pycache__/dag_with_taskflow_api.py
[2024-09-19T18:51:32.880+0000] {logging_mixin.py:115} INFO - [2024-09-19T18:51:32.878+0000] {dagbag.py:321} ERROR - Failed to import: /opt/airflow/dags/__pycache__/dag_with_taskflow_api.py
Traceback (most recent call last):
  File "/home/airflow/.local/lib/python3.7/site-packages/airflow/models/dagbag.py", line 318, in parse
    loader.exec_module(new_module)
  File "<frozen importlib._bootstrap_external>", line 728, in exec_module
  File "<frozen importlib._bootstrap>", line 219, in _call_with_frames_removed
  File "/opt/airflow/dags/__pycache__/dag_with_taskflow_api.py", line 38, in <module>
    greet_dag = hello_world_etl()
  File "/home/airflow/.local/lib/python3.7/site-packages/airflow/models/dag.py", line 3029, in factory
    f(**f_kwargs)
  File "/opt/airflow/dags/__pycache__/dag_with_taskflow_api.py", line 36, in hello_world_etl
    greet(name = name, age = age)
  File "/home/airflow/.local/lib/python3.7/site-packages/airflow/decorators/base.py", line 264, in __call__
    **self.kwargs,
  File "/home/airflow/.local/lib/python3.7/site-packages/airflow/models/baseoperator.py", line 390, in apply_defaults
    result = func(self, **kwargs, default_args=default_args)
  File "/home/airflow/.local/lib/python3.7/site-packages/airflow/decorators/python.py", line 55, in __init__
    **kwargs,
  File "/home/airflow/.local/lib/python3.7/site-packages/airflow/models/baseoperator.py", line 390, in apply_defaults
    result = func(self, **kwargs, default_args=default_args)
  File "/home/airflow/.local/lib/python3.7/site-packages/airflow/decorators/base.py", line 172, in __init__
    inspect.signature(python_callable).bind(*op_args, **op_kwargs)
  File "/usr/local/lib/python3.7/inspect.py", line 3015, in bind
    return args[0]._bind(args[1:], kwargs)
  File "/usr/local/lib/python3.7/inspect.py", line 2930, in _bind
    raise TypeError(msg) from None
TypeError: missing a required argument: 'first_name'
[2024-09-19T18:51:32.880+0000] {processor.py:652} WARNING - No viable dags retrieved from /opt/airflow/dags/__pycache__/dag_with_taskflow_api.py
[2024-09-19T18:51:32.894+0000] {processor.py:161} INFO - Processing /opt/airflow/dags/__pycache__/dag_with_taskflow_api.py took 0.035 seconds
[2024-09-19T18:51:59.141+0000] {processor.py:153} INFO - Started process (PID=13250) to work on /opt/airflow/dags/__pycache__/dag_with_taskflow_api.py
[2024-09-19T18:51:59.141+0000] {processor.py:640} INFO - Processing file /opt/airflow/dags/__pycache__/dag_with_taskflow_api.py for tasks to queue
[2024-09-19T18:51:59.142+0000] {logging_mixin.py:115} INFO - [2024-09-19T18:51:59.142+0000] {dagbag.py:508} INFO - Filling up the DagBag from /opt/airflow/dags/__pycache__/dag_with_taskflow_api.py
[2024-09-19T18:51:59.151+0000] {processor.py:650} INFO - DAG(s) dict_keys(['dag_with_taskflow_api_v01']) retrieved from /opt/airflow/dags/__pycache__/dag_with_taskflow_api.py
[2024-09-19T18:51:59.179+0000] {logging_mixin.py:115} INFO - [2024-09-19T18:51:59.179+0000] {dag.py:2429} INFO - Sync 1 DAGs
[2024-09-19T18:51:59.273+0000] {logging_mixin.py:115} INFO - [2024-09-19T18:51:59.273+0000] {dag.py:2981} INFO - Setting next_dagrun for dag_with_taskflow_api_v01 to 2024-09-19T00:00:00+00:00, run_after=2024-09-20T00:00:00+00:00
[2024-09-19T18:51:59.281+0000] {processor.py:161} INFO - Processing /opt/airflow/dags/__pycache__/dag_with_taskflow_api.py took 0.141 seconds
[2024-09-19T18:52:12.216+0000] {processor.py:153} INFO - Started process (PID=13263) to work on /opt/airflow/dags/__pycache__/dag_with_taskflow_api.py
[2024-09-19T18:52:12.216+0000] {processor.py:640} INFO - Processing file /opt/airflow/dags/__pycache__/dag_with_taskflow_api.py for tasks to queue
[2024-09-19T18:52:12.217+0000] {logging_mixin.py:115} INFO - [2024-09-19T18:52:12.217+0000] {dagbag.py:508} INFO - Filling up the DagBag from /opt/airflow/dags/__pycache__/dag_with_taskflow_api.py
[2024-09-19T18:52:12.237+0000] {processor.py:650} INFO - DAG(s) dict_keys(['dag_with_taskflow_api_v02']) retrieved from /opt/airflow/dags/__pycache__/dag_with_taskflow_api.py
[2024-09-19T18:52:12.341+0000] {logging_mixin.py:115} INFO - [2024-09-19T18:52:12.341+0000] {manager.py:508} INFO - Created Permission View: can edit on DAG:dag_with_taskflow_api_v02
[2024-09-19T18:52:12.344+0000] {logging_mixin.py:115} INFO - [2024-09-19T18:52:12.344+0000] {manager.py:508} INFO - Created Permission View: can delete on DAG:dag_with_taskflow_api_v02
[2024-09-19T18:52:12.346+0000] {logging_mixin.py:115} INFO - [2024-09-19T18:52:12.346+0000] {manager.py:508} INFO - Created Permission View: can read on DAG:dag_with_taskflow_api_v02
[2024-09-19T18:52:12.346+0000] {logging_mixin.py:115} INFO - [2024-09-19T18:52:12.346+0000] {dag.py:2429} INFO - Sync 1 DAGs
[2024-09-19T18:52:12.349+0000] {logging_mixin.py:115} INFO - [2024-09-19T18:52:12.349+0000] {dag.py:2448} INFO - Creating ORM DAG for dag_with_taskflow_api_v02
[2024-09-19T18:52:12.354+0000] {logging_mixin.py:115} INFO - [2024-09-19T18:52:12.354+0000] {dag.py:2981} INFO - Setting next_dagrun for dag_with_taskflow_api_v02 to 2024-09-18T00:00:00+00:00, run_after=2024-09-19T00:00:00+00:00
[2024-09-19T18:52:12.358+0000] {processor.py:161} INFO - Processing /opt/airflow/dags/__pycache__/dag_with_taskflow_api.py took 0.145 seconds
[2024-09-19T18:52:42.587+0000] {processor.py:153} INFO - Started process (PID=13311) to work on /opt/airflow/dags/__pycache__/dag_with_taskflow_api.py
[2024-09-19T18:52:42.588+0000] {processor.py:640} INFO - Processing file /opt/airflow/dags/__pycache__/dag_with_taskflow_api.py for tasks to queue
[2024-09-19T18:52:42.588+0000] {logging_mixin.py:115} INFO - [2024-09-19T18:52:42.588+0000] {dagbag.py:508} INFO - Filling up the DagBag from /opt/airflow/dags/__pycache__/dag_with_taskflow_api.py
[2024-09-19T18:52:42.604+0000] {processor.py:650} INFO - DAG(s) dict_keys(['dag_with_taskflow_api_v02']) retrieved from /opt/airflow/dags/__pycache__/dag_with_taskflow_api.py
[2024-09-19T18:52:42.622+0000] {logging_mixin.py:115} INFO - [2024-09-19T18:52:42.622+0000] {dag.py:2429} INFO - Sync 1 DAGs
[2024-09-19T18:52:42.632+0000] {logging_mixin.py:115} INFO - [2024-09-19T18:52:42.632+0000] {dag.py:2981} INFO - Setting next_dagrun for dag_with_taskflow_api_v02 to 2024-09-19T00:00:00+00:00, run_after=2024-09-20T00:00:00+00:00
[2024-09-19T18:52:42.637+0000] {processor.py:161} INFO - Processing /opt/airflow/dags/__pycache__/dag_with_taskflow_api.py took 0.053 seconds
[2024-09-19T18:53:12.872+0000] {processor.py:153} INFO - Started process (PID=13344) to work on /opt/airflow/dags/__pycache__/dag_with_taskflow_api.py
[2024-09-19T18:53:12.873+0000] {processor.py:640} INFO - Processing file /opt/airflow/dags/__pycache__/dag_with_taskflow_api.py for tasks to queue
[2024-09-19T18:53:12.873+0000] {logging_mixin.py:115} INFO - [2024-09-19T18:53:12.873+0000] {dagbag.py:508} INFO - Filling up the DagBag from /opt/airflow/dags/__pycache__/dag_with_taskflow_api.py
[2024-09-19T18:53:12.889+0000] {processor.py:650} INFO - DAG(s) dict_keys(['dag_with_taskflow_api_v02']) retrieved from /opt/airflow/dags/__pycache__/dag_with_taskflow_api.py
[2024-09-19T18:53:12.905+0000] {logging_mixin.py:115} INFO - [2024-09-19T18:53:12.905+0000] {dag.py:2429} INFO - Sync 1 DAGs
[2024-09-19T18:53:12.915+0000] {logging_mixin.py:115} INFO - [2024-09-19T18:53:12.915+0000] {dag.py:2981} INFO - Setting next_dagrun for dag_with_taskflow_api_v02 to 2024-09-19T00:00:00+00:00, run_after=2024-09-20T00:00:00+00:00
[2024-09-19T18:53:12.920+0000] {processor.py:161} INFO - Processing /opt/airflow/dags/__pycache__/dag_with_taskflow_api.py took 0.052 seconds
[2024-09-19T18:53:43.116+0000] {processor.py:153} INFO - Started process (PID=13386) to work on /opt/airflow/dags/__pycache__/dag_with_taskflow_api.py
[2024-09-19T18:53:43.117+0000] {processor.py:640} INFO - Processing file /opt/airflow/dags/__pycache__/dag_with_taskflow_api.py for tasks to queue
[2024-09-19T18:53:43.117+0000] {logging_mixin.py:115} INFO - [2024-09-19T18:53:43.117+0000] {dagbag.py:508} INFO - Filling up the DagBag from /opt/airflow/dags/__pycache__/dag_with_taskflow_api.py
[2024-09-19T18:53:43.129+0000] {processor.py:650} INFO - DAG(s) dict_keys(['dag_with_taskflow_api_v02']) retrieved from /opt/airflow/dags/__pycache__/dag_with_taskflow_api.py
[2024-09-19T18:53:43.162+0000] {logging_mixin.py:115} INFO - [2024-09-19T18:53:43.162+0000] {dag.py:2429} INFO - Sync 1 DAGs
[2024-09-19T18:53:43.240+0000] {logging_mixin.py:115} INFO - [2024-09-19T18:53:43.240+0000] {dag.py:2981} INFO - Setting next_dagrun for dag_with_taskflow_api_v02 to 2024-09-19T00:00:00+00:00, run_after=2024-09-20T00:00:00+00:00
[2024-09-19T18:53:43.245+0000] {processor.py:161} INFO - Processing /opt/airflow/dags/__pycache__/dag_with_taskflow_api.py took 0.131 seconds
