[2024-09-19T17:15:39.121+0000] {taskinstance.py:1171} INFO - Dependencies all met for <TaskInstance: dag_with_python_operator_v04.get_name scheduled__2024-09-18T00:00:00+00:00 [queued]>
[2024-09-19T17:15:39.124+0000] {taskinstance.py:1171} INFO - Dependencies all met for <TaskInstance: dag_with_python_operator_v04.get_name scheduled__2024-09-18T00:00:00+00:00 [queued]>
[2024-09-19T17:15:39.124+0000] {taskinstance.py:1368} INFO - 
--------------------------------------------------------------------------------
[2024-09-19T17:15:39.124+0000] {taskinstance.py:1369} INFO - Starting attempt 1 of 6
[2024-09-19T17:15:39.125+0000] {taskinstance.py:1370} INFO - 
--------------------------------------------------------------------------------
[2024-09-19T17:15:39.130+0000] {taskinstance.py:1389} INFO - Executing <Task(PythonOperator): get_name> on 2024-09-18 00:00:00+00:00
[2024-09-19T17:15:39.131+0000] {standard_task_runner.py:52} INFO - Started process 6381 to run task
[2024-09-19T17:15:39.133+0000] {standard_task_runner.py:79} INFO - Running: ['***', 'tasks', 'run', 'dag_with_python_operator_v04', 'get_name', 'scheduled__2024-09-18T00:00:00+00:00', '--job-id', '17', '--raw', '--subdir', 'DAGS_FOLDER/create_dag_with_python_operator.py', '--cfg-path', '/tmp/tmphbno7r6j', '--error-file', '/tmp/tmpt_iewxm7']
[2024-09-19T17:15:39.133+0000] {standard_task_runner.py:80} INFO - Job 17: Subtask get_name
[2024-09-19T17:15:39.156+0000] {task_command.py:371} INFO - Running <TaskInstance: dag_with_python_operator_v04.get_name scheduled__2024-09-18T00:00:00+00:00 [running]> on host a83b02c526f7
[2024-09-19T17:15:39.184+0000] {taskinstance.py:1583} INFO - Exporting the following env vars:
AIRFLOW_CTX_DAG_OWNER=faruk3d
AIRFLOW_CTX_DAG_ID=dag_with_python_operator_v04
AIRFLOW_CTX_TASK_ID=get_name
AIRFLOW_CTX_EXECUTION_DATE=2024-09-18T00:00:00+00:00
AIRFLOW_CTX_TRY_NUMBER=1
AIRFLOW_CTX_DAG_RUN_ID=scheduled__2024-09-18T00:00:00+00:00
[2024-09-19T17:15:39.184+0000] {python.py:173} INFO - Done. Returned value was: Jerry
[2024-09-19T17:15:39.285+0000] {taskinstance.py:1412} INFO - Marking task as SUCCESS. dag_id=dag_with_python_operator_v04, task_id=get_name, execution_date=20240918T000000, start_date=20240919T171539, end_date=20240919T171539
[2024-09-19T17:15:39.317+0000] {local_task_job.py:156} INFO - Task exited with return code 0
[2024-09-19T17:15:39.332+0000] {local_task_job.py:279} INFO - 1 downstream tasks scheduled from follow-on schedule check
