[2024-09-19T17:18:46.044+0000] {taskinstance.py:1171} INFO - Dependencies all met for <TaskInstance: dag_with_python_operator_v04.greet manual__2024-09-19T17:18:44.656312+00:00 [queued]>
[2024-09-19T17:18:46.048+0000] {taskinstance.py:1171} INFO - Dependencies all met for <TaskInstance: dag_with_python_operator_v04.greet manual__2024-09-19T17:18:44.656312+00:00 [queued]>
[2024-09-19T17:18:46.050+0000] {taskinstance.py:1368} INFO - 
--------------------------------------------------------------------------------
[2024-09-19T17:18:46.050+0000] {taskinstance.py:1369} INFO - Starting attempt 1 of 6
[2024-09-19T17:18:46.051+0000] {taskinstance.py:1370} INFO - 
--------------------------------------------------------------------------------
[2024-09-19T17:18:46.057+0000] {taskinstance.py:1389} INFO - Executing <Task(PythonOperator): greet> on 2024-09-19 17:18:44.656312+00:00
[2024-09-19T17:18:46.058+0000] {standard_task_runner.py:52} INFO - Started process 6636 to run task
[2024-09-19T17:18:46.060+0000] {standard_task_runner.py:79} INFO - Running: ['***', 'tasks', 'run', 'dag_with_python_operator_v04', 'greet', 'manual__2024-09-19T17:18:44.656312+00:00', '--job-id', '29', '--raw', '--subdir', 'DAGS_FOLDER/create_dag_with_python_operator.py', '--cfg-path', '/tmp/tmp43ysztlx', '--error-file', '/tmp/tmp7ju4prvm']
[2024-09-19T17:18:46.061+0000] {standard_task_runner.py:80} INFO - Job 29: Subtask greet
[2024-09-19T17:18:46.085+0000] {task_command.py:371} INFO - Running <TaskInstance: dag_with_python_operator_v04.greet manual__2024-09-19T17:18:44.656312+00:00 [running]> on host a83b02c526f7
[2024-09-19T17:18:46.115+0000] {taskinstance.py:1583} INFO - Exporting the following env vars:
AIRFLOW_CTX_DAG_OWNER=faruk3d
AIRFLOW_CTX_DAG_ID=dag_with_python_operator_v04
AIRFLOW_CTX_TASK_ID=greet
AIRFLOW_CTX_EXECUTION_DATE=2024-09-19T17:18:44.656312+00:00
AIRFLOW_CTX_TRY_NUMBER=1
AIRFLOW_CTX_DAG_RUN_ID=manual__2024-09-19T17:18:44.656312+00:00
[2024-09-19T17:18:46.193+0000] {logging_mixin.py:115} INFO - Hello World! My name is Jerry, and I am 20 years old.
[2024-09-19T17:18:46.194+0000] {python.py:173} INFO - Done. Returned value was: None
[2024-09-19T17:18:46.199+0000] {taskinstance.py:1412} INFO - Marking task as SUCCESS. dag_id=dag_with_python_operator_v04, task_id=greet, execution_date=20240919T171844, start_date=20240919T171846, end_date=20240919T171846
[2024-09-19T17:18:46.244+0000] {local_task_job.py:156} INFO - Task exited with return code 0
[2024-09-19T17:18:46.257+0000] {local_task_job.py:279} INFO - 0 downstream tasks scheduled from follow-on schedule check
