[2024-09-19T17:25:09.614+0000] {taskinstance.py:1171} INFO - Dependencies all met for <TaskInstance: dag_with_python_operator_v05.greet scheduled__2024-09-18T00:00:00+00:00 [queued]>
[2024-09-19T17:25:09.618+0000] {taskinstance.py:1171} INFO - Dependencies all met for <TaskInstance: dag_with_python_operator_v05.greet scheduled__2024-09-18T00:00:00+00:00 [queued]>
[2024-09-19T17:25:09.618+0000] {taskinstance.py:1368} INFO - 
--------------------------------------------------------------------------------
[2024-09-19T17:25:09.618+0000] {taskinstance.py:1369} INFO - Starting attempt 1 of 6
[2024-09-19T17:25:09.618+0000] {taskinstance.py:1370} INFO - 
--------------------------------------------------------------------------------
[2024-09-19T17:25:09.623+0000] {taskinstance.py:1389} INFO - Executing <Task(PythonOperator): greet> on 2024-09-18 00:00:00+00:00
[2024-09-19T17:25:09.625+0000] {standard_task_runner.py:52} INFO - Started process 7101 to run task
[2024-09-19T17:25:09.626+0000] {standard_task_runner.py:79} INFO - Running: ['***', 'tasks', 'run', 'dag_with_python_operator_v05', 'greet', 'scheduled__2024-09-18T00:00:00+00:00', '--job-id', '31', '--raw', '--subdir', 'DAGS_FOLDER/create_dag_with_python_operator.py', '--cfg-path', '/tmp/tmps47igyoe', '--error-file', '/tmp/tmphbd33na3']
[2024-09-19T17:25:09.627+0000] {standard_task_runner.py:80} INFO - Job 31: Subtask greet
[2024-09-19T17:25:09.650+0000] {task_command.py:371} INFO - Running <TaskInstance: dag_with_python_operator_v05.greet scheduled__2024-09-18T00:00:00+00:00 [running]> on host a83b02c526f7
[2024-09-19T17:25:09.677+0000] {taskinstance.py:1583} INFO - Exporting the following env vars:
AIRFLOW_CTX_DAG_OWNER=faruk3d
AIRFLOW_CTX_DAG_ID=dag_with_python_operator_v05
AIRFLOW_CTX_TASK_ID=greet
AIRFLOW_CTX_EXECUTION_DATE=2024-09-18T00:00:00+00:00
AIRFLOW_CTX_TRY_NUMBER=1
AIRFLOW_CTX_DAG_RUN_ID=scheduled__2024-09-18T00:00:00+00:00
[2024-09-19T17:25:09.748+0000] {logging_mixin.py:115} INFO - Hello World! My name is Jerry Simp, and I am 20 years old.
[2024-09-19T17:25:09.748+0000] {python.py:173} INFO - Done. Returned value was: None
[2024-09-19T17:25:09.753+0000] {taskinstance.py:1412} INFO - Marking task as SUCCESS. dag_id=dag_with_python_operator_v05, task_id=greet, execution_date=20240918T000000, start_date=20240919T172509, end_date=20240919T172509
[2024-09-19T17:25:09.767+0000] {local_task_job.py:156} INFO - Task exited with return code 0
[2024-09-19T17:25:09.779+0000] {local_task_job.py:279} INFO - 0 downstream tasks scheduled from follow-on schedule check
